[2024-06-16T13:40:49.380+0000] {local_task_job_runner.py:120} INFO - ::group::Pre task execution logs
[2024-06-16T13:40:49.407+0000] {taskinstance.py:2076} INFO - Dependencies all met for dep_context=non-requeueable deps ti=<TaskInstance: latest_only_with_trigger.latest_only manual__2024-06-16T13:40:46.155134+00:00 [queued]>
[2024-06-16T13:40:49.415+0000] {taskinstance.py:2076} INFO - Dependencies all met for dep_context=requeueable deps ti=<TaskInstance: latest_only_with_trigger.latest_only manual__2024-06-16T13:40:46.155134+00:00 [queued]>
[2024-06-16T13:40:49.417+0000] {taskinstance.py:2306} INFO - Starting attempt 1 of 1
[2024-06-16T13:40:49.432+0000] {taskinstance.py:2330} INFO - Executing <Task(LatestOnlyOperator): latest_only> on 2024-06-16 13:40:46.155134+00:00
[2024-06-16T13:40:49.439+0000] {warnings.py:110} WARNING - /home/***/.local/lib/python3.12/site-packages/***/task/task_runner/standard_task_runner.py:61: DeprecationWarning: This process (pid=125) is multi-threaded, use of fork() may lead to deadlocks in the child.
  pid = os.fork()

[2024-06-16T13:40:49.441+0000] {standard_task_runner.py:63} INFO - Started process 130 to run task
[2024-06-16T13:40:49.441+0000] {standard_task_runner.py:90} INFO - Running: ['***', 'tasks', 'run', 'latest_only_with_trigger', 'latest_only', 'manual__2024-06-16T13:40:46.155134+00:00', '--job-id', '31', '--raw', '--subdir', '/home/***/.local/lib/python3.12/site-packages/***/example_dags/example_latest_only_with_trigger.py', '--cfg-path', '/tmp/tmpz8exoh3t']
[2024-06-16T13:40:49.443+0000] {standard_task_runner.py:91} INFO - Job 31: Subtask latest_only
[2024-06-16T13:40:49.498+0000] {task_command.py:426} INFO - Running <TaskInstance: latest_only_with_trigger.latest_only manual__2024-06-16T13:40:46.155134+00:00 [running]> on host 8e3f232f4119
[2024-06-16T13:40:49.575+0000] {taskinstance.py:2648} INFO - Exporting env vars: AIRFLOW_CTX_DAG_OWNER='***' AIRFLOW_CTX_DAG_ID='latest_only_with_trigger' AIRFLOW_CTX_TASK_ID='latest_only' AIRFLOW_CTX_EXECUTION_DATE='2024-06-16T13:40:46.155134+00:00' AIRFLOW_CTX_TRY_NUMBER='1' AIRFLOW_CTX_DAG_RUN_ID='manual__2024-06-16T13:40:46.155134+00:00'
[2024-06-16T13:40:49.577+0000] {taskinstance.py:430} INFO - ::endgroup::
[2024-06-16T13:40:49.578+0000] {latest_only.py:51} INFO - Externally triggered DAG_Run: allowing execution to proceed.
[2024-06-16T13:40:49.579+0000] {branch.py:36} INFO - Branch into ['task1']
[2024-06-16T13:40:49.581+0000] {skipmixin.py:178} INFO - Following branch ['task1']
[2024-06-16T13:40:49.590+0000] {skipmixin.py:246} INFO - Skipping tasks []
[2024-06-16T13:40:49.602+0000] {taskinstance.py:441} INFO - ::group::Post task execution logs
[2024-06-16T13:40:49.621+0000] {taskinstance.py:1206} INFO - Marking task as SUCCESS. dag_id=latest_only_with_trigger, task_id=latest_only, run_id=manual__2024-06-16T13:40:46.155134+00:00, execution_date=20240616T134046, start_date=20240616T134049, end_date=20240616T134049
[2024-06-16T13:40:49.656+0000] {local_task_job_runner.py:240} INFO - Task exited with return code 0
[2024-06-16T13:40:49.685+0000] {taskinstance.py:3498} INFO - 0 downstream tasks scheduled from follow-on schedule check
[2024-06-16T13:40:49.688+0000] {local_task_job_runner.py:222} INFO - ::endgroup::
