[2024-06-03T12:03:24.738+0000] {processor.py:161} INFO - Started process (PID=78) to work on /home/airflow/.local/lib/python3.12/site-packages/airflow/example_dags/example_branch_python_dop_operator_3.py
[2024-06-03T12:03:24.739+0000] {processor.py:830} INFO - Processing file /home/airflow/.local/lib/python3.12/site-packages/airflow/example_dags/example_branch_python_dop_operator_3.py for tasks to queue
[2024-06-03T12:03:24.742+0000] {logging_mixin.py:188} INFO - [2024-06-03T12:03:24.741+0000] {dagbag.py:545} INFO - Filling up the DagBag from /home/airflow/.local/lib/python3.12/site-packages/airflow/example_dags/example_branch_python_dop_operator_3.py
[2024-06-03T12:03:24.751+0000] {processor.py:840} INFO - DAG(s) 'example_branch_dop_operator_v3' retrieved from /home/airflow/.local/lib/python3.12/site-packages/airflow/example_dags/example_branch_python_dop_operator_3.py
[2024-06-03T12:03:24.775+0000] {logging_mixin.py:188} INFO - [2024-06-03T12:03:24.775+0000] {dag.py:3096} INFO - Sync 1 DAGs
[2024-06-03T12:03:24.796+0000] {logging_mixin.py:188} INFO - [2024-06-03T12:03:24.796+0000] {dag.py:3954} INFO - Setting next_dagrun for example_branch_dop_operator_v3 to 2024-06-03 12:02:00+00:00, run_after=2024-06-03 12:03:00+00:00
[2024-06-03T12:03:24.813+0000] {processor.py:183} INFO - Processing /home/airflow/.local/lib/python3.12/site-packages/airflow/example_dags/example_branch_python_dop_operator_3.py took 0.080 seconds
[2024-06-03T12:03:55.557+0000] {processor.py:161} INFO - Started process (PID=136) to work on /home/airflow/.local/lib/python3.12/site-packages/airflow/example_dags/example_branch_python_dop_operator_3.py
[2024-06-03T12:03:55.559+0000] {processor.py:830} INFO - Processing file /home/airflow/.local/lib/python3.12/site-packages/airflow/example_dags/example_branch_python_dop_operator_3.py for tasks to queue
[2024-06-03T12:03:55.561+0000] {logging_mixin.py:188} INFO - [2024-06-03T12:03:55.561+0000] {dagbag.py:545} INFO - Filling up the DagBag from /home/airflow/.local/lib/python3.12/site-packages/airflow/example_dags/example_branch_python_dop_operator_3.py
[2024-06-03T12:03:55.572+0000] {processor.py:840} INFO - DAG(s) 'example_branch_dop_operator_v3' retrieved from /home/airflow/.local/lib/python3.12/site-packages/airflow/example_dags/example_branch_python_dop_operator_3.py
[2024-06-03T12:03:55.604+0000] {logging_mixin.py:188} INFO - [2024-06-03T12:03:55.603+0000] {dag.py:3096} INFO - Sync 1 DAGs
[2024-06-03T12:03:55.639+0000] {logging_mixin.py:188} INFO - [2024-06-03T12:03:55.638+0000] {dag.py:3954} INFO - Setting next_dagrun for example_branch_dop_operator_v3 to 2024-06-03 12:02:00+00:00, run_after=2024-06-03 12:03:00+00:00
[2024-06-03T12:03:55.668+0000] {processor.py:183} INFO - Processing /home/airflow/.local/lib/python3.12/site-packages/airflow/example_dags/example_branch_python_dop_operator_3.py took 0.118 seconds
[2024-06-03T12:04:25.718+0000] {processor.py:161} INFO - Started process (PID=194) to work on /home/airflow/.local/lib/python3.12/site-packages/airflow/example_dags/example_branch_python_dop_operator_3.py
[2024-06-03T12:04:25.720+0000] {processor.py:830} INFO - Processing file /home/airflow/.local/lib/python3.12/site-packages/airflow/example_dags/example_branch_python_dop_operator_3.py for tasks to queue
[2024-06-03T12:04:25.722+0000] {logging_mixin.py:188} INFO - [2024-06-03T12:04:25.721+0000] {dagbag.py:545} INFO - Filling up the DagBag from /home/airflow/.local/lib/python3.12/site-packages/airflow/example_dags/example_branch_python_dop_operator_3.py
[2024-06-03T12:04:25.731+0000] {processor.py:840} INFO - DAG(s) 'example_branch_dop_operator_v3' retrieved from /home/airflow/.local/lib/python3.12/site-packages/airflow/example_dags/example_branch_python_dop_operator_3.py
[2024-06-03T12:04:25.750+0000] {logging_mixin.py:188} INFO - [2024-06-03T12:04:25.749+0000] {dag.py:3096} INFO - Sync 1 DAGs
[2024-06-03T12:04:25.773+0000] {logging_mixin.py:188} INFO - [2024-06-03T12:04:25.773+0000] {dag.py:3954} INFO - Setting next_dagrun for example_branch_dop_operator_v3 to 2024-06-03 12:03:00+00:00, run_after=2024-06-03 12:04:00+00:00
[2024-06-03T12:04:25.796+0000] {processor.py:183} INFO - Processing /home/airflow/.local/lib/python3.12/site-packages/airflow/example_dags/example_branch_python_dop_operator_3.py took 0.084 seconds
[2024-06-03T12:04:56.154+0000] {processor.py:161} INFO - Started process (PID=252) to work on /home/airflow/.local/lib/python3.12/site-packages/airflow/example_dags/example_branch_python_dop_operator_3.py
[2024-06-03T12:04:56.155+0000] {processor.py:830} INFO - Processing file /home/airflow/.local/lib/python3.12/site-packages/airflow/example_dags/example_branch_python_dop_operator_3.py for tasks to queue
[2024-06-03T12:04:56.157+0000] {logging_mixin.py:188} INFO - [2024-06-03T12:04:56.157+0000] {dagbag.py:545} INFO - Filling up the DagBag from /home/airflow/.local/lib/python3.12/site-packages/airflow/example_dags/example_branch_python_dop_operator_3.py
[2024-06-03T12:04:56.165+0000] {processor.py:840} INFO - DAG(s) 'example_branch_dop_operator_v3' retrieved from /home/airflow/.local/lib/python3.12/site-packages/airflow/example_dags/example_branch_python_dop_operator_3.py
[2024-06-03T12:04:56.183+0000] {logging_mixin.py:188} INFO - [2024-06-03T12:04:56.182+0000] {dag.py:3096} INFO - Sync 1 DAGs
[2024-06-03T12:04:56.205+0000] {logging_mixin.py:188} INFO - [2024-06-03T12:04:56.204+0000] {dag.py:3954} INFO - Setting next_dagrun for example_branch_dop_operator_v3 to 2024-06-03 12:03:00+00:00, run_after=2024-06-03 12:04:00+00:00
[2024-06-03T12:04:56.222+0000] {processor.py:183} INFO - Processing /home/airflow/.local/lib/python3.12/site-packages/airflow/example_dags/example_branch_python_dop_operator_3.py took 0.074 seconds
[2024-06-03T12:05:26.597+0000] {processor.py:161} INFO - Started process (PID=310) to work on /home/airflow/.local/lib/python3.12/site-packages/airflow/example_dags/example_branch_python_dop_operator_3.py
[2024-06-03T12:05:26.598+0000] {processor.py:830} INFO - Processing file /home/airflow/.local/lib/python3.12/site-packages/airflow/example_dags/example_branch_python_dop_operator_3.py for tasks to queue
[2024-06-03T12:05:26.600+0000] {logging_mixin.py:188} INFO - [2024-06-03T12:05:26.600+0000] {dagbag.py:545} INFO - Filling up the DagBag from /home/airflow/.local/lib/python3.12/site-packages/airflow/example_dags/example_branch_python_dop_operator_3.py
[2024-06-03T12:05:26.609+0000] {processor.py:840} INFO - DAG(s) 'example_branch_dop_operator_v3' retrieved from /home/airflow/.local/lib/python3.12/site-packages/airflow/example_dags/example_branch_python_dop_operator_3.py
[2024-06-03T12:05:26.627+0000] {logging_mixin.py:188} INFO - [2024-06-03T12:05:26.626+0000] {dag.py:3096} INFO - Sync 1 DAGs
[2024-06-03T12:05:26.649+0000] {logging_mixin.py:188} INFO - [2024-06-03T12:05:26.649+0000] {dag.py:3954} INFO - Setting next_dagrun for example_branch_dop_operator_v3 to 2024-06-03 12:04:00+00:00, run_after=2024-06-03 12:05:00+00:00
[2024-06-03T12:05:26.668+0000] {processor.py:183} INFO - Processing /home/airflow/.local/lib/python3.12/site-packages/airflow/example_dags/example_branch_python_dop_operator_3.py took 0.077 seconds
[2024-06-03T12:05:56.806+0000] {processor.py:161} INFO - Started process (PID=368) to work on /home/airflow/.local/lib/python3.12/site-packages/airflow/example_dags/example_branch_python_dop_operator_3.py
[2024-06-03T12:05:56.807+0000] {processor.py:830} INFO - Processing file /home/airflow/.local/lib/python3.12/site-packages/airflow/example_dags/example_branch_python_dop_operator_3.py for tasks to queue
[2024-06-03T12:05:56.810+0000] {logging_mixin.py:188} INFO - [2024-06-03T12:05:56.810+0000] {dagbag.py:545} INFO - Filling up the DagBag from /home/airflow/.local/lib/python3.12/site-packages/airflow/example_dags/example_branch_python_dop_operator_3.py
[2024-06-03T12:05:56.821+0000] {processor.py:840} INFO - DAG(s) 'example_branch_dop_operator_v3' retrieved from /home/airflow/.local/lib/python3.12/site-packages/airflow/example_dags/example_branch_python_dop_operator_3.py
[2024-06-03T12:05:56.843+0000] {logging_mixin.py:188} INFO - [2024-06-03T12:05:56.843+0000] {dag.py:3096} INFO - Sync 1 DAGs
[2024-06-03T12:05:56.870+0000] {logging_mixin.py:188} INFO - [2024-06-03T12:05:56.870+0000] {dag.py:3954} INFO - Setting next_dagrun for example_branch_dop_operator_v3 to 2024-06-03 12:04:00+00:00, run_after=2024-06-03 12:05:00+00:00
[2024-06-03T12:05:56.893+0000] {processor.py:183} INFO - Processing /home/airflow/.local/lib/python3.12/site-packages/airflow/example_dags/example_branch_python_dop_operator_3.py took 0.094 seconds
[2024-06-03T12:06:27.551+0000] {processor.py:161} INFO - Started process (PID=426) to work on /home/airflow/.local/lib/python3.12/site-packages/airflow/example_dags/example_branch_python_dop_operator_3.py
[2024-06-03T12:06:27.552+0000] {processor.py:830} INFO - Processing file /home/airflow/.local/lib/python3.12/site-packages/airflow/example_dags/example_branch_python_dop_operator_3.py for tasks to queue
[2024-06-03T12:06:27.554+0000] {logging_mixin.py:188} INFO - [2024-06-03T12:06:27.554+0000] {dagbag.py:545} INFO - Filling up the DagBag from /home/airflow/.local/lib/python3.12/site-packages/airflow/example_dags/example_branch_python_dop_operator_3.py
[2024-06-03T12:06:27.563+0000] {processor.py:840} INFO - DAG(s) 'example_branch_dop_operator_v3' retrieved from /home/airflow/.local/lib/python3.12/site-packages/airflow/example_dags/example_branch_python_dop_operator_3.py
[2024-06-03T12:06:27.581+0000] {logging_mixin.py:188} INFO - [2024-06-03T12:06:27.581+0000] {dag.py:3096} INFO - Sync 1 DAGs
[2024-06-03T12:06:27.603+0000] {logging_mixin.py:188} INFO - [2024-06-03T12:06:27.603+0000] {dag.py:3954} INFO - Setting next_dagrun for example_branch_dop_operator_v3 to 2024-06-03 12:05:00+00:00, run_after=2024-06-03 12:06:00+00:00
[2024-06-03T12:06:27.621+0000] {processor.py:183} INFO - Processing /home/airflow/.local/lib/python3.12/site-packages/airflow/example_dags/example_branch_python_dop_operator_3.py took 0.075 seconds
[2024-06-03T12:06:58.107+0000] {processor.py:161} INFO - Started process (PID=484) to work on /home/airflow/.local/lib/python3.12/site-packages/airflow/example_dags/example_branch_python_dop_operator_3.py
[2024-06-03T12:06:58.109+0000] {processor.py:830} INFO - Processing file /home/airflow/.local/lib/python3.12/site-packages/airflow/example_dags/example_branch_python_dop_operator_3.py for tasks to queue
[2024-06-03T12:06:58.112+0000] {logging_mixin.py:188} INFO - [2024-06-03T12:06:58.112+0000] {dagbag.py:545} INFO - Filling up the DagBag from /home/airflow/.local/lib/python3.12/site-packages/airflow/example_dags/example_branch_python_dop_operator_3.py
[2024-06-03T12:06:58.125+0000] {processor.py:840} INFO - DAG(s) 'example_branch_dop_operator_v3' retrieved from /home/airflow/.local/lib/python3.12/site-packages/airflow/example_dags/example_branch_python_dop_operator_3.py
[2024-06-03T12:06:58.154+0000] {logging_mixin.py:188} INFO - [2024-06-03T12:06:58.154+0000] {dag.py:3096} INFO - Sync 1 DAGs
[2024-06-03T12:06:58.196+0000] {logging_mixin.py:188} INFO - [2024-06-03T12:06:58.196+0000] {dag.py:3954} INFO - Setting next_dagrun for example_branch_dop_operator_v3 to 2024-06-03 12:05:00+00:00, run_after=2024-06-03 12:06:00+00:00
[2024-06-03T12:06:58.227+0000] {processor.py:183} INFO - Processing /home/airflow/.local/lib/python3.12/site-packages/airflow/example_dags/example_branch_python_dop_operator_3.py took 0.134 seconds
[2024-06-03T12:07:28.538+0000] {processor.py:161} INFO - Started process (PID=542) to work on /home/airflow/.local/lib/python3.12/site-packages/airflow/example_dags/example_branch_python_dop_operator_3.py
[2024-06-03T12:07:28.539+0000] {processor.py:830} INFO - Processing file /home/airflow/.local/lib/python3.12/site-packages/airflow/example_dags/example_branch_python_dop_operator_3.py for tasks to queue
[2024-06-03T12:07:28.541+0000] {logging_mixin.py:188} INFO - [2024-06-03T12:07:28.541+0000] {dagbag.py:545} INFO - Filling up the DagBag from /home/airflow/.local/lib/python3.12/site-packages/airflow/example_dags/example_branch_python_dop_operator_3.py
[2024-06-03T12:07:28.550+0000] {processor.py:840} INFO - DAG(s) 'example_branch_dop_operator_v3' retrieved from /home/airflow/.local/lib/python3.12/site-packages/airflow/example_dags/example_branch_python_dop_operator_3.py
[2024-06-03T12:07:28.569+0000] {logging_mixin.py:188} INFO - [2024-06-03T12:07:28.569+0000] {dag.py:3096} INFO - Sync 1 DAGs
[2024-06-03T12:07:28.592+0000] {logging_mixin.py:188} INFO - [2024-06-03T12:07:28.592+0000] {dag.py:3954} INFO - Setting next_dagrun for example_branch_dop_operator_v3 to 2024-06-03 12:06:00+00:00, run_after=2024-06-03 12:07:00+00:00
[2024-06-03T12:07:28.611+0000] {processor.py:183} INFO - Processing /home/airflow/.local/lib/python3.12/site-packages/airflow/example_dags/example_branch_python_dop_operator_3.py took 0.079 seconds
[2024-06-03T12:07:59.181+0000] {processor.py:161} INFO - Started process (PID=600) to work on /home/airflow/.local/lib/python3.12/site-packages/airflow/example_dags/example_branch_python_dop_operator_3.py
[2024-06-03T12:07:59.183+0000] {processor.py:830} INFO - Processing file /home/airflow/.local/lib/python3.12/site-packages/airflow/example_dags/example_branch_python_dop_operator_3.py for tasks to queue
[2024-06-03T12:07:59.185+0000] {logging_mixin.py:188} INFO - [2024-06-03T12:07:59.184+0000] {dagbag.py:545} INFO - Filling up the DagBag from /home/airflow/.local/lib/python3.12/site-packages/airflow/example_dags/example_branch_python_dop_operator_3.py
[2024-06-03T12:07:59.193+0000] {processor.py:840} INFO - DAG(s) 'example_branch_dop_operator_v3' retrieved from /home/airflow/.local/lib/python3.12/site-packages/airflow/example_dags/example_branch_python_dop_operator_3.py
[2024-06-03T12:07:59.211+0000] {logging_mixin.py:188} INFO - [2024-06-03T12:07:59.210+0000] {dag.py:3096} INFO - Sync 1 DAGs
[2024-06-03T12:07:59.234+0000] {logging_mixin.py:188} INFO - [2024-06-03T12:07:59.233+0000] {dag.py:3954} INFO - Setting next_dagrun for example_branch_dop_operator_v3 to 2024-06-03 12:06:00+00:00, run_after=2024-06-03 12:07:00+00:00
[2024-06-03T12:07:59.251+0000] {processor.py:183} INFO - Processing /home/airflow/.local/lib/python3.12/site-packages/airflow/example_dags/example_branch_python_dop_operator_3.py took 0.075 seconds
[2024-06-03T12:08:30.183+0000] {processor.py:161} INFO - Started process (PID=658) to work on /home/airflow/.local/lib/python3.12/site-packages/airflow/example_dags/example_branch_python_dop_operator_3.py
[2024-06-03T12:08:30.185+0000] {processor.py:830} INFO - Processing file /home/airflow/.local/lib/python3.12/site-packages/airflow/example_dags/example_branch_python_dop_operator_3.py for tasks to queue
[2024-06-03T12:08:30.188+0000] {logging_mixin.py:188} INFO - [2024-06-03T12:08:30.188+0000] {dagbag.py:545} INFO - Filling up the DagBag from /home/airflow/.local/lib/python3.12/site-packages/airflow/example_dags/example_branch_python_dop_operator_3.py
[2024-06-03T12:08:30.203+0000] {processor.py:840} INFO - DAG(s) 'example_branch_dop_operator_v3' retrieved from /home/airflow/.local/lib/python3.12/site-packages/airflow/example_dags/example_branch_python_dop_operator_3.py
[2024-06-03T12:08:30.232+0000] {logging_mixin.py:188} INFO - [2024-06-03T12:08:30.232+0000] {dag.py:3096} INFO - Sync 1 DAGs
[2024-06-03T12:08:30.265+0000] {logging_mixin.py:188} INFO - [2024-06-03T12:08:30.265+0000] {dag.py:3954} INFO - Setting next_dagrun for example_branch_dop_operator_v3 to 2024-06-03 12:07:00+00:00, run_after=2024-06-03 12:08:00+00:00
[2024-06-03T12:08:30.294+0000] {processor.py:183} INFO - Processing /home/airflow/.local/lib/python3.12/site-packages/airflow/example_dags/example_branch_python_dop_operator_3.py took 0.119 seconds
[2024-06-03T12:09:00.930+0000] {processor.py:161} INFO - Started process (PID=716) to work on /home/airflow/.local/lib/python3.12/site-packages/airflow/example_dags/example_branch_python_dop_operator_3.py
[2024-06-03T12:09:00.931+0000] {processor.py:830} INFO - Processing file /home/airflow/.local/lib/python3.12/site-packages/airflow/example_dags/example_branch_python_dop_operator_3.py for tasks to queue
[2024-06-03T12:09:00.933+0000] {logging_mixin.py:188} INFO - [2024-06-03T12:09:00.933+0000] {dagbag.py:545} INFO - Filling up the DagBag from /home/airflow/.local/lib/python3.12/site-packages/airflow/example_dags/example_branch_python_dop_operator_3.py
[2024-06-03T12:09:00.943+0000] {processor.py:840} INFO - DAG(s) 'example_branch_dop_operator_v3' retrieved from /home/airflow/.local/lib/python3.12/site-packages/airflow/example_dags/example_branch_python_dop_operator_3.py
[2024-06-03T12:09:00.964+0000] {logging_mixin.py:188} INFO - [2024-06-03T12:09:00.964+0000] {dag.py:3096} INFO - Sync 1 DAGs
[2024-06-03T12:09:00.992+0000] {logging_mixin.py:188} INFO - [2024-06-03T12:09:00.991+0000] {dag.py:3954} INFO - Setting next_dagrun for example_branch_dop_operator_v3 to 2024-06-03 12:08:00+00:00, run_after=2024-06-03 12:09:00+00:00
[2024-06-03T12:09:01.014+0000] {processor.py:183} INFO - Processing /home/airflow/.local/lib/python3.12/site-packages/airflow/example_dags/example_branch_python_dop_operator_3.py took 0.091 seconds
[2024-06-03T12:09:31.172+0000] {processor.py:161} INFO - Started process (PID=774) to work on /home/airflow/.local/lib/python3.12/site-packages/airflow/example_dags/example_branch_python_dop_operator_3.py
[2024-06-03T12:09:31.173+0000] {processor.py:830} INFO - Processing file /home/airflow/.local/lib/python3.12/site-packages/airflow/example_dags/example_branch_python_dop_operator_3.py for tasks to queue
[2024-06-03T12:09:31.175+0000] {logging_mixin.py:188} INFO - [2024-06-03T12:09:31.175+0000] {dagbag.py:545} INFO - Filling up the DagBag from /home/airflow/.local/lib/python3.12/site-packages/airflow/example_dags/example_branch_python_dop_operator_3.py
[2024-06-03T12:09:31.183+0000] {processor.py:840} INFO - DAG(s) 'example_branch_dop_operator_v3' retrieved from /home/airflow/.local/lib/python3.12/site-packages/airflow/example_dags/example_branch_python_dop_operator_3.py
[2024-06-03T12:09:31.201+0000] {logging_mixin.py:188} INFO - [2024-06-03T12:09:31.201+0000] {dag.py:3096} INFO - Sync 1 DAGs
[2024-06-03T12:09:31.222+0000] {logging_mixin.py:188} INFO - [2024-06-03T12:09:31.222+0000] {dag.py:3954} INFO - Setting next_dagrun for example_branch_dop_operator_v3 to 2024-06-03 12:08:00+00:00, run_after=2024-06-03 12:09:00+00:00
[2024-06-03T12:09:31.240+0000] {processor.py:183} INFO - Processing /home/airflow/.local/lib/python3.12/site-packages/airflow/example_dags/example_branch_python_dop_operator_3.py took 0.073 seconds
[2024-06-03T12:10:01.390+0000] {processor.py:161} INFO - Started process (PID=833) to work on /home/airflow/.local/lib/python3.12/site-packages/airflow/example_dags/example_branch_python_dop_operator_3.py
[2024-06-03T12:10:01.392+0000] {processor.py:830} INFO - Processing file /home/airflow/.local/lib/python3.12/site-packages/airflow/example_dags/example_branch_python_dop_operator_3.py for tasks to queue
[2024-06-03T12:10:01.394+0000] {logging_mixin.py:188} INFO - [2024-06-03T12:10:01.394+0000] {dagbag.py:545} INFO - Filling up the DagBag from /home/airflow/.local/lib/python3.12/site-packages/airflow/example_dags/example_branch_python_dop_operator_3.py
[2024-06-03T12:10:01.402+0000] {processor.py:840} INFO - DAG(s) 'example_branch_dop_operator_v3' retrieved from /home/airflow/.local/lib/python3.12/site-packages/airflow/example_dags/example_branch_python_dop_operator_3.py
[2024-06-03T12:10:01.421+0000] {logging_mixin.py:188} INFO - [2024-06-03T12:10:01.420+0000] {dag.py:3096} INFO - Sync 1 DAGs
[2024-06-03T12:10:01.444+0000] {logging_mixin.py:188} INFO - [2024-06-03T12:10:01.443+0000] {dag.py:3954} INFO - Setting next_dagrun for example_branch_dop_operator_v3 to 2024-06-03 12:09:00+00:00, run_after=2024-06-03 12:10:00+00:00
[2024-06-03T12:10:01.463+0000] {processor.py:183} INFO - Processing /home/airflow/.local/lib/python3.12/site-packages/airflow/example_dags/example_branch_python_dop_operator_3.py took 0.078 seconds
[2024-06-03T12:10:31.563+0000] {processor.py:161} INFO - Started process (PID=891) to work on /home/airflow/.local/lib/python3.12/site-packages/airflow/example_dags/example_branch_python_dop_operator_3.py
[2024-06-03T12:10:31.564+0000] {processor.py:830} INFO - Processing file /home/airflow/.local/lib/python3.12/site-packages/airflow/example_dags/example_branch_python_dop_operator_3.py for tasks to queue
[2024-06-03T12:10:31.567+0000] {logging_mixin.py:188} INFO - [2024-06-03T12:10:31.566+0000] {dagbag.py:545} INFO - Filling up the DagBag from /home/airflow/.local/lib/python3.12/site-packages/airflow/example_dags/example_branch_python_dop_operator_3.py
[2024-06-03T12:10:31.575+0000] {processor.py:840} INFO - DAG(s) 'example_branch_dop_operator_v3' retrieved from /home/airflow/.local/lib/python3.12/site-packages/airflow/example_dags/example_branch_python_dop_operator_3.py
[2024-06-03T12:10:31.596+0000] {logging_mixin.py:188} INFO - [2024-06-03T12:10:31.596+0000] {dag.py:3096} INFO - Sync 1 DAGs
[2024-06-03T12:10:31.619+0000] {logging_mixin.py:188} INFO - [2024-06-03T12:10:31.619+0000] {dag.py:3954} INFO - Setting next_dagrun for example_branch_dop_operator_v3 to 2024-06-03 12:09:00+00:00, run_after=2024-06-03 12:10:00+00:00
[2024-06-03T12:10:31.639+0000] {processor.py:183} INFO - Processing /home/airflow/.local/lib/python3.12/site-packages/airflow/example_dags/example_branch_python_dop_operator_3.py took 0.081 seconds
[2024-06-03T12:11:01.755+0000] {processor.py:161} INFO - Started process (PID=949) to work on /home/airflow/.local/lib/python3.12/site-packages/airflow/example_dags/example_branch_python_dop_operator_3.py
[2024-06-03T12:11:01.757+0000] {processor.py:830} INFO - Processing file /home/airflow/.local/lib/python3.12/site-packages/airflow/example_dags/example_branch_python_dop_operator_3.py for tasks to queue
[2024-06-03T12:11:01.760+0000] {logging_mixin.py:188} INFO - [2024-06-03T12:11:01.760+0000] {dagbag.py:545} INFO - Filling up the DagBag from /home/airflow/.local/lib/python3.12/site-packages/airflow/example_dags/example_branch_python_dop_operator_3.py
[2024-06-03T12:11:01.771+0000] {processor.py:840} INFO - DAG(s) 'example_branch_dop_operator_v3' retrieved from /home/airflow/.local/lib/python3.12/site-packages/airflow/example_dags/example_branch_python_dop_operator_3.py
[2024-06-03T12:11:01.797+0000] {logging_mixin.py:188} INFO - [2024-06-03T12:11:01.797+0000] {dag.py:3096} INFO - Sync 1 DAGs
[2024-06-03T12:11:01.825+0000] {logging_mixin.py:188} INFO - [2024-06-03T12:11:01.825+0000] {dag.py:3954} INFO - Setting next_dagrun for example_branch_dop_operator_v3 to 2024-06-03 12:10:00+00:00, run_after=2024-06-03 12:11:00+00:00
[2024-06-03T12:11:01.851+0000] {processor.py:183} INFO - Processing /home/airflow/.local/lib/python3.12/site-packages/airflow/example_dags/example_branch_python_dop_operator_3.py took 0.104 seconds
[2024-06-03T12:11:32.196+0000] {processor.py:161} INFO - Started process (PID=1007) to work on /home/airflow/.local/lib/python3.12/site-packages/airflow/example_dags/example_branch_python_dop_operator_3.py
[2024-06-03T12:11:32.198+0000] {processor.py:830} INFO - Processing file /home/airflow/.local/lib/python3.12/site-packages/airflow/example_dags/example_branch_python_dop_operator_3.py for tasks to queue
[2024-06-03T12:11:32.200+0000] {logging_mixin.py:188} INFO - [2024-06-03T12:11:32.200+0000] {dagbag.py:545} INFO - Filling up the DagBag from /home/airflow/.local/lib/python3.12/site-packages/airflow/example_dags/example_branch_python_dop_operator_3.py
[2024-06-03T12:11:32.207+0000] {processor.py:840} INFO - DAG(s) 'example_branch_dop_operator_v3' retrieved from /home/airflow/.local/lib/python3.12/site-packages/airflow/example_dags/example_branch_python_dop_operator_3.py
[2024-06-03T12:11:32.224+0000] {logging_mixin.py:188} INFO - [2024-06-03T12:11:32.224+0000] {dag.py:3096} INFO - Sync 1 DAGs
[2024-06-03T12:11:32.245+0000] {logging_mixin.py:188} INFO - [2024-06-03T12:11:32.245+0000] {dag.py:3954} INFO - Setting next_dagrun for example_branch_dop_operator_v3 to 2024-06-03 12:10:00+00:00, run_after=2024-06-03 12:11:00+00:00
[2024-06-03T12:11:32.264+0000] {processor.py:183} INFO - Processing /home/airflow/.local/lib/python3.12/site-packages/airflow/example_dags/example_branch_python_dop_operator_3.py took 0.073 seconds
[2024-06-03T12:12:02.321+0000] {processor.py:161} INFO - Started process (PID=1065) to work on /home/airflow/.local/lib/python3.12/site-packages/airflow/example_dags/example_branch_python_dop_operator_3.py
[2024-06-03T12:12:02.323+0000] {processor.py:830} INFO - Processing file /home/airflow/.local/lib/python3.12/site-packages/airflow/example_dags/example_branch_python_dop_operator_3.py for tasks to queue
[2024-06-03T12:12:02.325+0000] {logging_mixin.py:188} INFO - [2024-06-03T12:12:02.325+0000] {dagbag.py:545} INFO - Filling up the DagBag from /home/airflow/.local/lib/python3.12/site-packages/airflow/example_dags/example_branch_python_dop_operator_3.py
[2024-06-03T12:12:02.333+0000] {processor.py:840} INFO - DAG(s) 'example_branch_dop_operator_v3' retrieved from /home/airflow/.local/lib/python3.12/site-packages/airflow/example_dags/example_branch_python_dop_operator_3.py
[2024-06-03T12:12:02.351+0000] {logging_mixin.py:188} INFO - [2024-06-03T12:12:02.351+0000] {dag.py:3096} INFO - Sync 1 DAGs
[2024-06-03T12:12:02.373+0000] {logging_mixin.py:188} INFO - [2024-06-03T12:12:02.372+0000] {dag.py:3954} INFO - Setting next_dagrun for example_branch_dop_operator_v3 to 2024-06-03 12:11:00+00:00, run_after=2024-06-03 12:12:00+00:00
[2024-06-03T12:12:02.393+0000] {processor.py:183} INFO - Processing /home/airflow/.local/lib/python3.12/site-packages/airflow/example_dags/example_branch_python_dop_operator_3.py took 0.076 seconds
[2024-06-03T12:12:32.831+0000] {processor.py:161} INFO - Started process (PID=1122) to work on /home/airflow/.local/lib/python3.12/site-packages/airflow/example_dags/example_branch_python_dop_operator_3.py
[2024-06-03T12:12:32.833+0000] {processor.py:830} INFO - Processing file /home/airflow/.local/lib/python3.12/site-packages/airflow/example_dags/example_branch_python_dop_operator_3.py for tasks to queue
[2024-06-03T12:12:32.835+0000] {logging_mixin.py:188} INFO - [2024-06-03T12:12:32.835+0000] {dagbag.py:545} INFO - Filling up the DagBag from /home/airflow/.local/lib/python3.12/site-packages/airflow/example_dags/example_branch_python_dop_operator_3.py
[2024-06-03T12:12:32.844+0000] {processor.py:840} INFO - DAG(s) 'example_branch_dop_operator_v3' retrieved from /home/airflow/.local/lib/python3.12/site-packages/airflow/example_dags/example_branch_python_dop_operator_3.py
[2024-06-03T12:12:32.863+0000] {logging_mixin.py:188} INFO - [2024-06-03T12:12:32.863+0000] {dag.py:3096} INFO - Sync 1 DAGs
[2024-06-03T12:12:32.887+0000] {logging_mixin.py:188} INFO - [2024-06-03T12:12:32.886+0000] {dag.py:3954} INFO - Setting next_dagrun for example_branch_dop_operator_v3 to 2024-06-03 12:11:00+00:00, run_after=2024-06-03 12:12:00+00:00
[2024-06-03T12:12:32.906+0000] {processor.py:183} INFO - Processing /home/airflow/.local/lib/python3.12/site-packages/airflow/example_dags/example_branch_python_dop_operator_3.py took 0.081 seconds
[2024-06-03T12:13:03.003+0000] {processor.py:161} INFO - Started process (PID=1180) to work on /home/airflow/.local/lib/python3.12/site-packages/airflow/example_dags/example_branch_python_dop_operator_3.py
[2024-06-03T12:13:03.004+0000] {processor.py:830} INFO - Processing file /home/airflow/.local/lib/python3.12/site-packages/airflow/example_dags/example_branch_python_dop_operator_3.py for tasks to queue
[2024-06-03T12:13:03.006+0000] {logging_mixin.py:188} INFO - [2024-06-03T12:13:03.006+0000] {dagbag.py:545} INFO - Filling up the DagBag from /home/airflow/.local/lib/python3.12/site-packages/airflow/example_dags/example_branch_python_dop_operator_3.py
[2024-06-03T12:13:03.016+0000] {processor.py:840} INFO - DAG(s) 'example_branch_dop_operator_v3' retrieved from /home/airflow/.local/lib/python3.12/site-packages/airflow/example_dags/example_branch_python_dop_operator_3.py
[2024-06-03T12:13:03.038+0000] {logging_mixin.py:188} INFO - [2024-06-03T12:13:03.037+0000] {dag.py:3096} INFO - Sync 1 DAGs
[2024-06-03T12:13:03.066+0000] {logging_mixin.py:188} INFO - [2024-06-03T12:13:03.066+0000] {dag.py:3954} INFO - Setting next_dagrun for example_branch_dop_operator_v3 to 2024-06-03 12:12:00+00:00, run_after=2024-06-03 12:13:00+00:00
[2024-06-03T12:13:03.093+0000] {processor.py:183} INFO - Processing /home/airflow/.local/lib/python3.12/site-packages/airflow/example_dags/example_branch_python_dop_operator_3.py took 0.098 seconds
[2024-06-03T12:13:33.364+0000] {processor.py:161} INFO - Started process (PID=1238) to work on /home/airflow/.local/lib/python3.12/site-packages/airflow/example_dags/example_branch_python_dop_operator_3.py
[2024-06-03T12:13:33.366+0000] {processor.py:830} INFO - Processing file /home/airflow/.local/lib/python3.12/site-packages/airflow/example_dags/example_branch_python_dop_operator_3.py for tasks to queue
[2024-06-03T12:13:33.369+0000] {logging_mixin.py:188} INFO - [2024-06-03T12:13:33.368+0000] {dagbag.py:545} INFO - Filling up the DagBag from /home/airflow/.local/lib/python3.12/site-packages/airflow/example_dags/example_branch_python_dop_operator_3.py
[2024-06-03T12:13:33.380+0000] {processor.py:840} INFO - DAG(s) 'example_branch_dop_operator_v3' retrieved from /home/airflow/.local/lib/python3.12/site-packages/airflow/example_dags/example_branch_python_dop_operator_3.py
[2024-06-03T12:13:33.406+0000] {logging_mixin.py:188} INFO - [2024-06-03T12:13:33.406+0000] {dag.py:3096} INFO - Sync 1 DAGs
[2024-06-03T12:13:33.442+0000] {logging_mixin.py:188} INFO - [2024-06-03T12:13:33.442+0000] {dag.py:3954} INFO - Setting next_dagrun for example_branch_dop_operator_v3 to 2024-06-03 12:12:00+00:00, run_after=2024-06-03 12:13:00+00:00
[2024-06-03T12:13:33.470+0000] {processor.py:183} INFO - Processing /home/airflow/.local/lib/python3.12/site-packages/airflow/example_dags/example_branch_python_dop_operator_3.py took 0.113 seconds
[2024-06-03T12:14:03.640+0000] {processor.py:161} INFO - Started process (PID=1296) to work on /home/airflow/.local/lib/python3.12/site-packages/airflow/example_dags/example_branch_python_dop_operator_3.py
[2024-06-03T12:14:03.641+0000] {processor.py:830} INFO - Processing file /home/airflow/.local/lib/python3.12/site-packages/airflow/example_dags/example_branch_python_dop_operator_3.py for tasks to queue
[2024-06-03T12:14:03.643+0000] {logging_mixin.py:188} INFO - [2024-06-03T12:14:03.643+0000] {dagbag.py:545} INFO - Filling up the DagBag from /home/airflow/.local/lib/python3.12/site-packages/airflow/example_dags/example_branch_python_dop_operator_3.py
[2024-06-03T12:14:03.654+0000] {processor.py:840} INFO - DAG(s) 'example_branch_dop_operator_v3' retrieved from /home/airflow/.local/lib/python3.12/site-packages/airflow/example_dags/example_branch_python_dop_operator_3.py
[2024-06-03T12:14:03.677+0000] {logging_mixin.py:188} INFO - [2024-06-03T12:14:03.677+0000] {dag.py:3096} INFO - Sync 1 DAGs
[2024-06-03T12:14:03.702+0000] {logging_mixin.py:188} INFO - [2024-06-03T12:14:03.702+0000] {dag.py:3954} INFO - Setting next_dagrun for example_branch_dop_operator_v3 to 2024-06-03 12:13:00+00:00, run_after=2024-06-03 12:14:00+00:00
[2024-06-03T12:14:03.724+0000] {processor.py:183} INFO - Processing /home/airflow/.local/lib/python3.12/site-packages/airflow/example_dags/example_branch_python_dop_operator_3.py took 0.091 seconds
[2024-06-03T12:14:34.133+0000] {processor.py:161} INFO - Started process (PID=1354) to work on /home/airflow/.local/lib/python3.12/site-packages/airflow/example_dags/example_branch_python_dop_operator_3.py
[2024-06-03T12:14:34.134+0000] {processor.py:830} INFO - Processing file /home/airflow/.local/lib/python3.12/site-packages/airflow/example_dags/example_branch_python_dop_operator_3.py for tasks to queue
[2024-06-03T12:14:34.136+0000] {logging_mixin.py:188} INFO - [2024-06-03T12:14:34.136+0000] {dagbag.py:545} INFO - Filling up the DagBag from /home/airflow/.local/lib/python3.12/site-packages/airflow/example_dags/example_branch_python_dop_operator_3.py
[2024-06-03T12:14:34.144+0000] {processor.py:840} INFO - DAG(s) 'example_branch_dop_operator_v3' retrieved from /home/airflow/.local/lib/python3.12/site-packages/airflow/example_dags/example_branch_python_dop_operator_3.py
[2024-06-03T12:14:34.240+0000] {logging_mixin.py:188} INFO - [2024-06-03T12:14:34.239+0000] {dag.py:3096} INFO - Sync 1 DAGs
[2024-06-03T12:14:34.263+0000] {logging_mixin.py:188} INFO - [2024-06-03T12:14:34.263+0000] {dag.py:3954} INFO - Setting next_dagrun for example_branch_dop_operator_v3 to 2024-06-03 12:13:00+00:00, run_after=2024-06-03 12:14:00+00:00
[2024-06-03T12:14:34.282+0000] {processor.py:183} INFO - Processing /home/airflow/.local/lib/python3.12/site-packages/airflow/example_dags/example_branch_python_dop_operator_3.py took 0.155 seconds
[2024-06-03T12:15:05.076+0000] {processor.py:161} INFO - Started process (PID=1412) to work on /home/airflow/.local/lib/python3.12/site-packages/airflow/example_dags/example_branch_python_dop_operator_3.py
[2024-06-03T12:15:05.077+0000] {processor.py:830} INFO - Processing file /home/airflow/.local/lib/python3.12/site-packages/airflow/example_dags/example_branch_python_dop_operator_3.py for tasks to queue
[2024-06-03T12:15:05.080+0000] {logging_mixin.py:188} INFO - [2024-06-03T12:15:05.079+0000] {dagbag.py:545} INFO - Filling up the DagBag from /home/airflow/.local/lib/python3.12/site-packages/airflow/example_dags/example_branch_python_dop_operator_3.py
[2024-06-03T12:15:05.089+0000] {processor.py:840} INFO - DAG(s) 'example_branch_dop_operator_v3' retrieved from /home/airflow/.local/lib/python3.12/site-packages/airflow/example_dags/example_branch_python_dop_operator_3.py
[2024-06-03T12:15:05.109+0000] {logging_mixin.py:188} INFO - [2024-06-03T12:15:05.109+0000] {dag.py:3096} INFO - Sync 1 DAGs
[2024-06-03T12:15:05.135+0000] {logging_mixin.py:188} INFO - [2024-06-03T12:15:05.134+0000] {dag.py:3954} INFO - Setting next_dagrun for example_branch_dop_operator_v3 to 2024-06-03 12:14:00+00:00, run_after=2024-06-03 12:15:00+00:00
[2024-06-03T12:15:05.157+0000] {processor.py:183} INFO - Processing /home/airflow/.local/lib/python3.12/site-packages/airflow/example_dags/example_branch_python_dop_operator_3.py took 0.088 seconds
[2024-06-03T12:15:35.486+0000] {processor.py:161} INFO - Started process (PID=1470) to work on /home/airflow/.local/lib/python3.12/site-packages/airflow/example_dags/example_branch_python_dop_operator_3.py
[2024-06-03T12:15:35.488+0000] {processor.py:830} INFO - Processing file /home/airflow/.local/lib/python3.12/site-packages/airflow/example_dags/example_branch_python_dop_operator_3.py for tasks to queue
[2024-06-03T12:15:35.490+0000] {logging_mixin.py:188} INFO - [2024-06-03T12:15:35.489+0000] {dagbag.py:545} INFO - Filling up the DagBag from /home/airflow/.local/lib/python3.12/site-packages/airflow/example_dags/example_branch_python_dop_operator_3.py
[2024-06-03T12:15:35.498+0000] {processor.py:840} INFO - DAG(s) 'example_branch_dop_operator_v3' retrieved from /home/airflow/.local/lib/python3.12/site-packages/airflow/example_dags/example_branch_python_dop_operator_3.py
[2024-06-03T12:15:35.516+0000] {logging_mixin.py:188} INFO - [2024-06-03T12:15:35.516+0000] {dag.py:3096} INFO - Sync 1 DAGs
[2024-06-03T12:15:35.538+0000] {logging_mixin.py:188} INFO - [2024-06-03T12:15:35.538+0000] {dag.py:3954} INFO - Setting next_dagrun for example_branch_dop_operator_v3 to 2024-06-03 12:14:00+00:00, run_after=2024-06-03 12:15:00+00:00
[2024-06-03T12:15:35.558+0000] {processor.py:183} INFO - Processing /home/airflow/.local/lib/python3.12/site-packages/airflow/example_dags/example_branch_python_dop_operator_3.py took 0.077 seconds
[2024-06-03T12:16:05.894+0000] {processor.py:161} INFO - Started process (PID=1528) to work on /home/airflow/.local/lib/python3.12/site-packages/airflow/example_dags/example_branch_python_dop_operator_3.py
[2024-06-03T12:16:05.895+0000] {processor.py:830} INFO - Processing file /home/airflow/.local/lib/python3.12/site-packages/airflow/example_dags/example_branch_python_dop_operator_3.py for tasks to queue
[2024-06-03T12:16:05.898+0000] {logging_mixin.py:188} INFO - [2024-06-03T12:16:05.897+0000] {dagbag.py:545} INFO - Filling up the DagBag from /home/airflow/.local/lib/python3.12/site-packages/airflow/example_dags/example_branch_python_dop_operator_3.py
[2024-06-03T12:16:05.906+0000] {processor.py:840} INFO - DAG(s) 'example_branch_dop_operator_v3' retrieved from /home/airflow/.local/lib/python3.12/site-packages/airflow/example_dags/example_branch_python_dop_operator_3.py
[2024-06-03T12:16:05.926+0000] {logging_mixin.py:188} INFO - [2024-06-03T12:16:05.926+0000] {dag.py:3096} INFO - Sync 1 DAGs
[2024-06-03T12:16:05.949+0000] {logging_mixin.py:188} INFO - [2024-06-03T12:16:05.948+0000] {dag.py:3954} INFO - Setting next_dagrun for example_branch_dop_operator_v3 to 2024-06-03 12:15:00+00:00, run_after=2024-06-03 12:16:00+00:00
[2024-06-03T12:16:05.967+0000] {processor.py:183} INFO - Processing /home/airflow/.local/lib/python3.12/site-packages/airflow/example_dags/example_branch_python_dop_operator_3.py took 0.079 seconds
[2024-06-03T12:16:36.774+0000] {processor.py:161} INFO - Started process (PID=1586) to work on /home/airflow/.local/lib/python3.12/site-packages/airflow/example_dags/example_branch_python_dop_operator_3.py
[2024-06-03T12:16:36.776+0000] {processor.py:830} INFO - Processing file /home/airflow/.local/lib/python3.12/site-packages/airflow/example_dags/example_branch_python_dop_operator_3.py for tasks to queue
[2024-06-03T12:16:36.778+0000] {logging_mixin.py:188} INFO - [2024-06-03T12:16:36.778+0000] {dagbag.py:545} INFO - Filling up the DagBag from /home/airflow/.local/lib/python3.12/site-packages/airflow/example_dags/example_branch_python_dop_operator_3.py
[2024-06-03T12:16:36.787+0000] {processor.py:840} INFO - DAG(s) 'example_branch_dop_operator_v3' retrieved from /home/airflow/.local/lib/python3.12/site-packages/airflow/example_dags/example_branch_python_dop_operator_3.py
[2024-06-03T12:16:36.811+0000] {logging_mixin.py:188} INFO - [2024-06-03T12:16:36.811+0000] {dag.py:3096} INFO - Sync 1 DAGs
[2024-06-03T12:16:36.842+0000] {logging_mixin.py:188} INFO - [2024-06-03T12:16:36.842+0000] {dag.py:3954} INFO - Setting next_dagrun for example_branch_dop_operator_v3 to 2024-06-03 12:15:00+00:00, run_after=2024-06-03 12:16:00+00:00
[2024-06-03T12:16:36.864+0000] {processor.py:183} INFO - Processing /home/airflow/.local/lib/python3.12/site-packages/airflow/example_dags/example_branch_python_dop_operator_3.py took 0.096 seconds
[2024-06-03T12:17:07.672+0000] {processor.py:161} INFO - Started process (PID=1644) to work on /home/airflow/.local/lib/python3.12/site-packages/airflow/example_dags/example_branch_python_dop_operator_3.py
[2024-06-03T12:17:07.673+0000] {processor.py:830} INFO - Processing file /home/airflow/.local/lib/python3.12/site-packages/airflow/example_dags/example_branch_python_dop_operator_3.py for tasks to queue
[2024-06-03T12:17:07.676+0000] {logging_mixin.py:188} INFO - [2024-06-03T12:17:07.675+0000] {dagbag.py:545} INFO - Filling up the DagBag from /home/airflow/.local/lib/python3.12/site-packages/airflow/example_dags/example_branch_python_dop_operator_3.py
[2024-06-03T12:17:07.685+0000] {processor.py:840} INFO - DAG(s) 'example_branch_dop_operator_v3' retrieved from /home/airflow/.local/lib/python3.12/site-packages/airflow/example_dags/example_branch_python_dop_operator_3.py
[2024-06-03T12:17:07.705+0000] {logging_mixin.py:188} INFO - [2024-06-03T12:17:07.704+0000] {dag.py:3096} INFO - Sync 1 DAGs
[2024-06-03T12:17:07.729+0000] {logging_mixin.py:188} INFO - [2024-06-03T12:17:07.729+0000] {dag.py:3954} INFO - Setting next_dagrun for example_branch_dop_operator_v3 to 2024-06-03 12:16:00+00:00, run_after=2024-06-03 12:17:00+00:00
[2024-06-03T12:17:07.750+0000] {processor.py:183} INFO - Processing /home/airflow/.local/lib/python3.12/site-packages/airflow/example_dags/example_branch_python_dop_operator_3.py took 0.084 seconds
[2024-06-03T12:17:38.574+0000] {processor.py:161} INFO - Started process (PID=1702) to work on /home/airflow/.local/lib/python3.12/site-packages/airflow/example_dags/example_branch_python_dop_operator_3.py
[2024-06-03T12:17:38.576+0000] {processor.py:830} INFO - Processing file /home/airflow/.local/lib/python3.12/site-packages/airflow/example_dags/example_branch_python_dop_operator_3.py for tasks to queue
[2024-06-03T12:17:38.578+0000] {logging_mixin.py:188} INFO - [2024-06-03T12:17:38.577+0000] {dagbag.py:545} INFO - Filling up the DagBag from /home/airflow/.local/lib/python3.12/site-packages/airflow/example_dags/example_branch_python_dop_operator_3.py
[2024-06-03T12:17:38.586+0000] {processor.py:840} INFO - DAG(s) 'example_branch_dop_operator_v3' retrieved from /home/airflow/.local/lib/python3.12/site-packages/airflow/example_dags/example_branch_python_dop_operator_3.py
[2024-06-03T12:17:38.603+0000] {logging_mixin.py:188} INFO - [2024-06-03T12:17:38.603+0000] {dag.py:3096} INFO - Sync 1 DAGs
[2024-06-03T12:17:38.626+0000] {logging_mixin.py:188} INFO - [2024-06-03T12:17:38.626+0000] {dag.py:3954} INFO - Setting next_dagrun for example_branch_dop_operator_v3 to 2024-06-03 12:16:00+00:00, run_after=2024-06-03 12:17:00+00:00
[2024-06-03T12:17:38.644+0000] {processor.py:183} INFO - Processing /home/airflow/.local/lib/python3.12/site-packages/airflow/example_dags/example_branch_python_dop_operator_3.py took 0.075 seconds
[2024-06-03T12:18:09.112+0000] {processor.py:161} INFO - Started process (PID=1760) to work on /home/airflow/.local/lib/python3.12/site-packages/airflow/example_dags/example_branch_python_dop_operator_3.py
[2024-06-03T12:18:09.114+0000] {processor.py:830} INFO - Processing file /home/airflow/.local/lib/python3.12/site-packages/airflow/example_dags/example_branch_python_dop_operator_3.py for tasks to queue
[2024-06-03T12:18:09.116+0000] {logging_mixin.py:188} INFO - [2024-06-03T12:18:09.116+0000] {dagbag.py:545} INFO - Filling up the DagBag from /home/airflow/.local/lib/python3.12/site-packages/airflow/example_dags/example_branch_python_dop_operator_3.py
[2024-06-03T12:18:09.125+0000] {processor.py:840} INFO - DAG(s) 'example_branch_dop_operator_v3' retrieved from /home/airflow/.local/lib/python3.12/site-packages/airflow/example_dags/example_branch_python_dop_operator_3.py
[2024-06-03T12:18:09.269+0000] {logging_mixin.py:188} INFO - [2024-06-03T12:18:09.269+0000] {dag.py:3096} INFO - Sync 1 DAGs
[2024-06-03T12:18:09.292+0000] {logging_mixin.py:188} INFO - [2024-06-03T12:18:09.292+0000] {dag.py:3954} INFO - Setting next_dagrun for example_branch_dop_operator_v3 to 2024-06-03 12:17:00+00:00, run_after=2024-06-03 12:18:00+00:00
[2024-06-03T12:18:09.316+0000] {processor.py:183} INFO - Processing /home/airflow/.local/lib/python3.12/site-packages/airflow/example_dags/example_branch_python_dop_operator_3.py took 0.209 seconds
[2024-06-03T12:18:39.836+0000] {processor.py:161} INFO - Started process (PID=1818) to work on /home/airflow/.local/lib/python3.12/site-packages/airflow/example_dags/example_branch_python_dop_operator_3.py
[2024-06-03T12:18:39.837+0000] {processor.py:830} INFO - Processing file /home/airflow/.local/lib/python3.12/site-packages/airflow/example_dags/example_branch_python_dop_operator_3.py for tasks to queue
[2024-06-03T12:18:39.839+0000] {logging_mixin.py:188} INFO - [2024-06-03T12:18:39.839+0000] {dagbag.py:545} INFO - Filling up the DagBag from /home/airflow/.local/lib/python3.12/site-packages/airflow/example_dags/example_branch_python_dop_operator_3.py
[2024-06-03T12:18:39.847+0000] {processor.py:840} INFO - DAG(s) 'example_branch_dop_operator_v3' retrieved from /home/airflow/.local/lib/python3.12/site-packages/airflow/example_dags/example_branch_python_dop_operator_3.py
[2024-06-03T12:18:39.865+0000] {logging_mixin.py:188} INFO - [2024-06-03T12:18:39.864+0000] {dag.py:3096} INFO - Sync 1 DAGs
[2024-06-03T12:18:39.887+0000] {logging_mixin.py:188} INFO - [2024-06-03T12:18:39.887+0000] {dag.py:3954} INFO - Setting next_dagrun for example_branch_dop_operator_v3 to 2024-06-03 12:17:00+00:00, run_after=2024-06-03 12:18:00+00:00
[2024-06-03T12:18:39.906+0000] {processor.py:183} INFO - Processing /home/airflow/.local/lib/python3.12/site-packages/airflow/example_dags/example_branch_python_dop_operator_3.py took 0.076 seconds
[2024-06-03T12:19:10.071+0000] {processor.py:161} INFO - Started process (PID=1876) to work on /home/airflow/.local/lib/python3.12/site-packages/airflow/example_dags/example_branch_python_dop_operator_3.py
[2024-06-03T12:19:10.073+0000] {processor.py:830} INFO - Processing file /home/airflow/.local/lib/python3.12/site-packages/airflow/example_dags/example_branch_python_dop_operator_3.py for tasks to queue
[2024-06-03T12:19:10.075+0000] {logging_mixin.py:188} INFO - [2024-06-03T12:19:10.074+0000] {dagbag.py:545} INFO - Filling up the DagBag from /home/airflow/.local/lib/python3.12/site-packages/airflow/example_dags/example_branch_python_dop_operator_3.py
[2024-06-03T12:19:10.083+0000] {processor.py:840} INFO - DAG(s) 'example_branch_dop_operator_v3' retrieved from /home/airflow/.local/lib/python3.12/site-packages/airflow/example_dags/example_branch_python_dop_operator_3.py
[2024-06-03T12:19:10.101+0000] {logging_mixin.py:188} INFO - [2024-06-03T12:19:10.101+0000] {dag.py:3096} INFO - Sync 1 DAGs
[2024-06-03T12:19:10.124+0000] {logging_mixin.py:188} INFO - [2024-06-03T12:19:10.124+0000] {dag.py:3954} INFO - Setting next_dagrun for example_branch_dop_operator_v3 to 2024-06-03 12:18:00+00:00, run_after=2024-06-03 12:19:00+00:00
[2024-06-03T12:19:10.141+0000] {processor.py:183} INFO - Processing /home/airflow/.local/lib/python3.12/site-packages/airflow/example_dags/example_branch_python_dop_operator_3.py took 0.076 seconds
[2024-06-03T12:19:40.348+0000] {processor.py:161} INFO - Started process (PID=1934) to work on /home/airflow/.local/lib/python3.12/site-packages/airflow/example_dags/example_branch_python_dop_operator_3.py
[2024-06-03T12:19:40.349+0000] {processor.py:830} INFO - Processing file /home/airflow/.local/lib/python3.12/site-packages/airflow/example_dags/example_branch_python_dop_operator_3.py for tasks to queue
[2024-06-03T12:19:40.351+0000] {logging_mixin.py:188} INFO - [2024-06-03T12:19:40.350+0000] {dagbag.py:545} INFO - Filling up the DagBag from /home/airflow/.local/lib/python3.12/site-packages/airflow/example_dags/example_branch_python_dop_operator_3.py
[2024-06-03T12:19:40.360+0000] {processor.py:840} INFO - DAG(s) 'example_branch_dop_operator_v3' retrieved from /home/airflow/.local/lib/python3.12/site-packages/airflow/example_dags/example_branch_python_dop_operator_3.py
[2024-06-03T12:19:40.380+0000] {logging_mixin.py:188} INFO - [2024-06-03T12:19:40.380+0000] {dag.py:3096} INFO - Sync 1 DAGs
[2024-06-03T12:19:40.403+0000] {logging_mixin.py:188} INFO - [2024-06-03T12:19:40.403+0000] {dag.py:3954} INFO - Setting next_dagrun for example_branch_dop_operator_v3 to 2024-06-03 12:18:00+00:00, run_after=2024-06-03 12:19:00+00:00
[2024-06-03T12:19:40.421+0000] {processor.py:183} INFO - Processing /home/airflow/.local/lib/python3.12/site-packages/airflow/example_dags/example_branch_python_dop_operator_3.py took 0.079 seconds
[2024-06-03T12:20:11.242+0000] {processor.py:161} INFO - Started process (PID=1992) to work on /home/airflow/.local/lib/python3.12/site-packages/airflow/example_dags/example_branch_python_dop_operator_3.py
[2024-06-03T12:20:11.244+0000] {processor.py:830} INFO - Processing file /home/airflow/.local/lib/python3.12/site-packages/airflow/example_dags/example_branch_python_dop_operator_3.py for tasks to queue
[2024-06-03T12:20:11.246+0000] {logging_mixin.py:188} INFO - [2024-06-03T12:20:11.246+0000] {dagbag.py:545} INFO - Filling up the DagBag from /home/airflow/.local/lib/python3.12/site-packages/airflow/example_dags/example_branch_python_dop_operator_3.py
[2024-06-03T12:20:11.255+0000] {processor.py:840} INFO - DAG(s) 'example_branch_dop_operator_v3' retrieved from /home/airflow/.local/lib/python3.12/site-packages/airflow/example_dags/example_branch_python_dop_operator_3.py
[2024-06-03T12:20:11.273+0000] {logging_mixin.py:188} INFO - [2024-06-03T12:20:11.273+0000] {dag.py:3096} INFO - Sync 1 DAGs
[2024-06-03T12:20:11.296+0000] {logging_mixin.py:188} INFO - [2024-06-03T12:20:11.295+0000] {dag.py:3954} INFO - Setting next_dagrun for example_branch_dop_operator_v3 to 2024-06-03 12:19:00+00:00, run_after=2024-06-03 12:20:00+00:00
[2024-06-03T12:20:11.312+0000] {processor.py:183} INFO - Processing /home/airflow/.local/lib/python3.12/site-packages/airflow/example_dags/example_branch_python_dop_operator_3.py took 0.077 seconds
[2024-06-03T12:20:41.616+0000] {processor.py:161} INFO - Started process (PID=2050) to work on /home/airflow/.local/lib/python3.12/site-packages/airflow/example_dags/example_branch_python_dop_operator_3.py
[2024-06-03T12:20:41.618+0000] {processor.py:830} INFO - Processing file /home/airflow/.local/lib/python3.12/site-packages/airflow/example_dags/example_branch_python_dop_operator_3.py for tasks to queue
[2024-06-03T12:20:41.620+0000] {logging_mixin.py:188} INFO - [2024-06-03T12:20:41.620+0000] {dagbag.py:545} INFO - Filling up the DagBag from /home/airflow/.local/lib/python3.12/site-packages/airflow/example_dags/example_branch_python_dop_operator_3.py
[2024-06-03T12:20:41.630+0000] {processor.py:840} INFO - DAG(s) 'example_branch_dop_operator_v3' retrieved from /home/airflow/.local/lib/python3.12/site-packages/airflow/example_dags/example_branch_python_dop_operator_3.py
[2024-06-03T12:20:41.648+0000] {logging_mixin.py:188} INFO - [2024-06-03T12:20:41.647+0000] {dag.py:3096} INFO - Sync 1 DAGs
[2024-06-03T12:20:41.671+0000] {logging_mixin.py:188} INFO - [2024-06-03T12:20:41.671+0000] {dag.py:3954} INFO - Setting next_dagrun for example_branch_dop_operator_v3 to 2024-06-03 12:19:00+00:00, run_after=2024-06-03 12:20:00+00:00
[2024-06-03T12:20:41.689+0000] {processor.py:183} INFO - Processing /home/airflow/.local/lib/python3.12/site-packages/airflow/example_dags/example_branch_python_dop_operator_3.py took 0.078 seconds
[2024-06-03T12:21:11.954+0000] {processor.py:161} INFO - Started process (PID=2108) to work on /home/airflow/.local/lib/python3.12/site-packages/airflow/example_dags/example_branch_python_dop_operator_3.py
[2024-06-03T12:21:11.956+0000] {processor.py:830} INFO - Processing file /home/airflow/.local/lib/python3.12/site-packages/airflow/example_dags/example_branch_python_dop_operator_3.py for tasks to queue
[2024-06-03T12:21:11.959+0000] {logging_mixin.py:188} INFO - [2024-06-03T12:21:11.959+0000] {dagbag.py:545} INFO - Filling up the DagBag from /home/airflow/.local/lib/python3.12/site-packages/airflow/example_dags/example_branch_python_dop_operator_3.py
[2024-06-03T12:21:11.968+0000] {processor.py:840} INFO - DAG(s) 'example_branch_dop_operator_v3' retrieved from /home/airflow/.local/lib/python3.12/site-packages/airflow/example_dags/example_branch_python_dop_operator_3.py
[2024-06-03T12:21:11.989+0000] {logging_mixin.py:188} INFO - [2024-06-03T12:21:11.989+0000] {dag.py:3096} INFO - Sync 1 DAGs
[2024-06-03T12:21:12.012+0000] {logging_mixin.py:188} INFO - [2024-06-03T12:21:12.012+0000] {dag.py:3954} INFO - Setting next_dagrun for example_branch_dop_operator_v3 to 2024-06-03 12:20:00+00:00, run_after=2024-06-03 12:21:00+00:00
[2024-06-03T12:21:12.031+0000] {processor.py:183} INFO - Processing /home/airflow/.local/lib/python3.12/site-packages/airflow/example_dags/example_branch_python_dop_operator_3.py took 0.082 seconds
[2024-06-03T12:21:42.085+0000] {processor.py:161} INFO - Started process (PID=2166) to work on /home/airflow/.local/lib/python3.12/site-packages/airflow/example_dags/example_branch_python_dop_operator_3.py
[2024-06-03T12:21:42.087+0000] {processor.py:830} INFO - Processing file /home/airflow/.local/lib/python3.12/site-packages/airflow/example_dags/example_branch_python_dop_operator_3.py for tasks to queue
[2024-06-03T12:21:42.089+0000] {logging_mixin.py:188} INFO - [2024-06-03T12:21:42.089+0000] {dagbag.py:545} INFO - Filling up the DagBag from /home/airflow/.local/lib/python3.12/site-packages/airflow/example_dags/example_branch_python_dop_operator_3.py
[2024-06-03T12:21:42.098+0000] {processor.py:840} INFO - DAG(s) 'example_branch_dop_operator_v3' retrieved from /home/airflow/.local/lib/python3.12/site-packages/airflow/example_dags/example_branch_python_dop_operator_3.py
[2024-06-03T12:21:42.117+0000] {logging_mixin.py:188} INFO - [2024-06-03T12:21:42.117+0000] {dag.py:3096} INFO - Sync 1 DAGs
[2024-06-03T12:21:42.140+0000] {logging_mixin.py:188} INFO - [2024-06-03T12:21:42.140+0000] {dag.py:3954} INFO - Setting next_dagrun for example_branch_dop_operator_v3 to 2024-06-03 12:20:00+00:00, run_after=2024-06-03 12:21:00+00:00
[2024-06-03T12:21:42.160+0000] {processor.py:183} INFO - Processing /home/airflow/.local/lib/python3.12/site-packages/airflow/example_dags/example_branch_python_dop_operator_3.py took 0.080 seconds
[2024-06-03T12:22:12.943+0000] {processor.py:161} INFO - Started process (PID=2224) to work on /home/airflow/.local/lib/python3.12/site-packages/airflow/example_dags/example_branch_python_dop_operator_3.py
[2024-06-03T12:22:12.944+0000] {processor.py:830} INFO - Processing file /home/airflow/.local/lib/python3.12/site-packages/airflow/example_dags/example_branch_python_dop_operator_3.py for tasks to queue
[2024-06-03T12:22:12.947+0000] {logging_mixin.py:188} INFO - [2024-06-03T12:22:12.946+0000] {dagbag.py:545} INFO - Filling up the DagBag from /home/airflow/.local/lib/python3.12/site-packages/airflow/example_dags/example_branch_python_dop_operator_3.py
[2024-06-03T12:22:12.956+0000] {processor.py:840} INFO - DAG(s) 'example_branch_dop_operator_v3' retrieved from /home/airflow/.local/lib/python3.12/site-packages/airflow/example_dags/example_branch_python_dop_operator_3.py
[2024-06-03T12:22:12.975+0000] {logging_mixin.py:188} INFO - [2024-06-03T12:22:12.975+0000] {dag.py:3096} INFO - Sync 1 DAGs
[2024-06-03T12:22:12.998+0000] {logging_mixin.py:188} INFO - [2024-06-03T12:22:12.998+0000] {dag.py:3954} INFO - Setting next_dagrun for example_branch_dop_operator_v3 to 2024-06-03 12:21:00+00:00, run_after=2024-06-03 12:22:00+00:00
[2024-06-03T12:22:13.015+0000] {processor.py:183} INFO - Processing /home/airflow/.local/lib/python3.12/site-packages/airflow/example_dags/example_branch_python_dop_operator_3.py took 0.078 seconds
[2024-06-03T12:22:43.337+0000] {processor.py:161} INFO - Started process (PID=2282) to work on /home/airflow/.local/lib/python3.12/site-packages/airflow/example_dags/example_branch_python_dop_operator_3.py
[2024-06-03T12:22:43.339+0000] {processor.py:830} INFO - Processing file /home/airflow/.local/lib/python3.12/site-packages/airflow/example_dags/example_branch_python_dop_operator_3.py for tasks to queue
[2024-06-03T12:22:43.341+0000] {logging_mixin.py:188} INFO - [2024-06-03T12:22:43.340+0000] {dagbag.py:545} INFO - Filling up the DagBag from /home/airflow/.local/lib/python3.12/site-packages/airflow/example_dags/example_branch_python_dop_operator_3.py
[2024-06-03T12:22:43.349+0000] {processor.py:840} INFO - DAG(s) 'example_branch_dop_operator_v3' retrieved from /home/airflow/.local/lib/python3.12/site-packages/airflow/example_dags/example_branch_python_dop_operator_3.py
[2024-06-03T12:22:43.370+0000] {logging_mixin.py:188} INFO - [2024-06-03T12:22:43.369+0000] {dag.py:3096} INFO - Sync 1 DAGs
[2024-06-03T12:22:43.395+0000] {logging_mixin.py:188} INFO - [2024-06-03T12:22:43.395+0000] {dag.py:3954} INFO - Setting next_dagrun for example_branch_dop_operator_v3 to 2024-06-03 12:21:00+00:00, run_after=2024-06-03 12:22:00+00:00
[2024-06-03T12:22:43.415+0000] {processor.py:183} INFO - Processing /home/airflow/.local/lib/python3.12/site-packages/airflow/example_dags/example_branch_python_dop_operator_3.py took 0.084 seconds
[2024-06-03T12:23:13.734+0000] {processor.py:161} INFO - Started process (PID=2346) to work on /home/airflow/.local/lib/python3.12/site-packages/airflow/example_dags/example_branch_python_dop_operator_3.py
[2024-06-03T12:23:13.736+0000] {processor.py:830} INFO - Processing file /home/airflow/.local/lib/python3.12/site-packages/airflow/example_dags/example_branch_python_dop_operator_3.py for tasks to queue
[2024-06-03T12:23:13.738+0000] {logging_mixin.py:188} INFO - [2024-06-03T12:23:13.738+0000] {dagbag.py:545} INFO - Filling up the DagBag from /home/airflow/.local/lib/python3.12/site-packages/airflow/example_dags/example_branch_python_dop_operator_3.py
[2024-06-03T12:23:13.748+0000] {processor.py:840} INFO - DAG(s) 'example_branch_dop_operator_v3' retrieved from /home/airflow/.local/lib/python3.12/site-packages/airflow/example_dags/example_branch_python_dop_operator_3.py
[2024-06-03T12:23:13.769+0000] {logging_mixin.py:188} INFO - [2024-06-03T12:23:13.769+0000] {dag.py:3096} INFO - Sync 1 DAGs
[2024-06-03T12:23:13.797+0000] {logging_mixin.py:188} INFO - [2024-06-03T12:23:13.796+0000] {dag.py:3954} INFO - Setting next_dagrun for example_branch_dop_operator_v3 to 2024-06-03 12:22:00+00:00, run_after=2024-06-03 12:23:00+00:00
[2024-06-03T12:23:13.820+0000] {processor.py:183} INFO - Processing /home/airflow/.local/lib/python3.12/site-packages/airflow/example_dags/example_branch_python_dop_operator_3.py took 0.092 seconds
[2024-06-03T12:23:43.868+0000] {processor.py:161} INFO - Started process (PID=2405) to work on /home/airflow/.local/lib/python3.12/site-packages/airflow/example_dags/example_branch_python_dop_operator_3.py
[2024-06-03T12:23:43.870+0000] {processor.py:830} INFO - Processing file /home/airflow/.local/lib/python3.12/site-packages/airflow/example_dags/example_branch_python_dop_operator_3.py for tasks to queue
[2024-06-03T12:23:43.872+0000] {logging_mixin.py:188} INFO - [2024-06-03T12:23:43.872+0000] {dagbag.py:545} INFO - Filling up the DagBag from /home/airflow/.local/lib/python3.12/site-packages/airflow/example_dags/example_branch_python_dop_operator_3.py
[2024-06-03T12:23:43.881+0000] {processor.py:840} INFO - DAG(s) 'example_branch_dop_operator_v3' retrieved from /home/airflow/.local/lib/python3.12/site-packages/airflow/example_dags/example_branch_python_dop_operator_3.py
[2024-06-03T12:23:43.900+0000] {logging_mixin.py:188} INFO - [2024-06-03T12:23:43.900+0000] {dag.py:3096} INFO - Sync 1 DAGs
[2024-06-03T12:23:43.923+0000] {logging_mixin.py:188} INFO - [2024-06-03T12:23:43.923+0000] {dag.py:3954} INFO - Setting next_dagrun for example_branch_dop_operator_v3 to 2024-06-03 12:22:00+00:00, run_after=2024-06-03 12:23:00+00:00
[2024-06-03T12:23:43.943+0000] {processor.py:183} INFO - Processing /home/airflow/.local/lib/python3.12/site-packages/airflow/example_dags/example_branch_python_dop_operator_3.py took 0.081 seconds
[2024-06-03T12:24:14.216+0000] {processor.py:161} INFO - Started process (PID=2463) to work on /home/airflow/.local/lib/python3.12/site-packages/airflow/example_dags/example_branch_python_dop_operator_3.py
[2024-06-03T12:24:14.218+0000] {processor.py:830} INFO - Processing file /home/airflow/.local/lib/python3.12/site-packages/airflow/example_dags/example_branch_python_dop_operator_3.py for tasks to queue
[2024-06-03T12:24:14.220+0000] {logging_mixin.py:188} INFO - [2024-06-03T12:24:14.220+0000] {dagbag.py:545} INFO - Filling up the DagBag from /home/airflow/.local/lib/python3.12/site-packages/airflow/example_dags/example_branch_python_dop_operator_3.py
[2024-06-03T12:24:14.229+0000] {processor.py:840} INFO - DAG(s) 'example_branch_dop_operator_v3' retrieved from /home/airflow/.local/lib/python3.12/site-packages/airflow/example_dags/example_branch_python_dop_operator_3.py
[2024-06-03T12:24:14.250+0000] {logging_mixin.py:188} INFO - [2024-06-03T12:24:14.250+0000] {dag.py:3096} INFO - Sync 1 DAGs
[2024-06-03T12:24:14.276+0000] {logging_mixin.py:188} INFO - [2024-06-03T12:24:14.276+0000] {dag.py:3954} INFO - Setting next_dagrun for example_branch_dop_operator_v3 to 2024-06-03 12:23:00+00:00, run_after=2024-06-03 12:24:00+00:00
[2024-06-03T12:24:14.298+0000] {processor.py:183} INFO - Processing /home/airflow/.local/lib/python3.12/site-packages/airflow/example_dags/example_branch_python_dop_operator_3.py took 0.088 seconds
[2024-06-03T12:24:44.429+0000] {processor.py:161} INFO - Started process (PID=2521) to work on /home/airflow/.local/lib/python3.12/site-packages/airflow/example_dags/example_branch_python_dop_operator_3.py
[2024-06-03T12:24:44.430+0000] {processor.py:830} INFO - Processing file /home/airflow/.local/lib/python3.12/site-packages/airflow/example_dags/example_branch_python_dop_operator_3.py for tasks to queue
[2024-06-03T12:24:44.432+0000] {logging_mixin.py:188} INFO - [2024-06-03T12:24:44.432+0000] {dagbag.py:545} INFO - Filling up the DagBag from /home/airflow/.local/lib/python3.12/site-packages/airflow/example_dags/example_branch_python_dop_operator_3.py
[2024-06-03T12:24:44.441+0000] {processor.py:840} INFO - DAG(s) 'example_branch_dop_operator_v3' retrieved from /home/airflow/.local/lib/python3.12/site-packages/airflow/example_dags/example_branch_python_dop_operator_3.py
[2024-06-03T12:24:44.459+0000] {logging_mixin.py:188} INFO - [2024-06-03T12:24:44.459+0000] {dag.py:3096} INFO - Sync 1 DAGs
[2024-06-03T12:24:44.482+0000] {logging_mixin.py:188} INFO - [2024-06-03T12:24:44.481+0000] {dag.py:3954} INFO - Setting next_dagrun for example_branch_dop_operator_v3 to 2024-06-03 12:23:00+00:00, run_after=2024-06-03 12:24:00+00:00
[2024-06-03T12:24:44.498+0000] {processor.py:183} INFO - Processing /home/airflow/.local/lib/python3.12/site-packages/airflow/example_dags/example_branch_python_dop_operator_3.py took 0.075 seconds
[2024-06-03T12:25:15.036+0000] {processor.py:161} INFO - Started process (PID=2579) to work on /home/airflow/.local/lib/python3.12/site-packages/airflow/example_dags/example_branch_python_dop_operator_3.py
[2024-06-03T12:25:15.037+0000] {processor.py:830} INFO - Processing file /home/airflow/.local/lib/python3.12/site-packages/airflow/example_dags/example_branch_python_dop_operator_3.py for tasks to queue
[2024-06-03T12:25:15.040+0000] {logging_mixin.py:188} INFO - [2024-06-03T12:25:15.040+0000] {dagbag.py:545} INFO - Filling up the DagBag from /home/airflow/.local/lib/python3.12/site-packages/airflow/example_dags/example_branch_python_dop_operator_3.py
[2024-06-03T12:25:15.049+0000] {processor.py:840} INFO - DAG(s) 'example_branch_dop_operator_v3' retrieved from /home/airflow/.local/lib/python3.12/site-packages/airflow/example_dags/example_branch_python_dop_operator_3.py
[2024-06-03T12:25:15.068+0000] {logging_mixin.py:188} INFO - [2024-06-03T12:25:15.068+0000] {dag.py:3096} INFO - Sync 1 DAGs
[2024-06-03T12:25:15.092+0000] {logging_mixin.py:188} INFO - [2024-06-03T12:25:15.092+0000] {dag.py:3954} INFO - Setting next_dagrun for example_branch_dop_operator_v3 to 2024-06-03 12:24:00+00:00, run_after=2024-06-03 12:25:00+00:00
[2024-06-03T12:25:15.111+0000] {processor.py:183} INFO - Processing /home/airflow/.local/lib/python3.12/site-packages/airflow/example_dags/example_branch_python_dop_operator_3.py took 0.081 seconds
[2024-06-03T12:25:45.435+0000] {processor.py:161} INFO - Started process (PID=2636) to work on /home/airflow/.local/lib/python3.12/site-packages/airflow/example_dags/example_branch_python_dop_operator_3.py
[2024-06-03T12:25:45.436+0000] {processor.py:830} INFO - Processing file /home/airflow/.local/lib/python3.12/site-packages/airflow/example_dags/example_branch_python_dop_operator_3.py for tasks to queue
[2024-06-03T12:25:45.439+0000] {logging_mixin.py:188} INFO - [2024-06-03T12:25:45.439+0000] {dagbag.py:545} INFO - Filling up the DagBag from /home/airflow/.local/lib/python3.12/site-packages/airflow/example_dags/example_branch_python_dop_operator_3.py
[2024-06-03T12:25:45.448+0000] {processor.py:840} INFO - DAG(s) 'example_branch_dop_operator_v3' retrieved from /home/airflow/.local/lib/python3.12/site-packages/airflow/example_dags/example_branch_python_dop_operator_3.py
[2024-06-03T12:25:45.467+0000] {logging_mixin.py:188} INFO - [2024-06-03T12:25:45.467+0000] {dag.py:3096} INFO - Sync 1 DAGs
[2024-06-03T12:25:45.491+0000] {logging_mixin.py:188} INFO - [2024-06-03T12:25:45.491+0000] {dag.py:3954} INFO - Setting next_dagrun for example_branch_dop_operator_v3 to 2024-06-03 12:24:00+00:00, run_after=2024-06-03 12:25:00+00:00
[2024-06-03T12:25:45.511+0000] {processor.py:183} INFO - Processing /home/airflow/.local/lib/python3.12/site-packages/airflow/example_dags/example_branch_python_dop_operator_3.py took 0.082 seconds
[2024-06-03T12:26:15.753+0000] {processor.py:161} INFO - Started process (PID=2694) to work on /home/airflow/.local/lib/python3.12/site-packages/airflow/example_dags/example_branch_python_dop_operator_3.py
[2024-06-03T12:26:15.755+0000] {processor.py:830} INFO - Processing file /home/airflow/.local/lib/python3.12/site-packages/airflow/example_dags/example_branch_python_dop_operator_3.py for tasks to queue
[2024-06-03T12:26:15.758+0000] {logging_mixin.py:188} INFO - [2024-06-03T12:26:15.757+0000] {dagbag.py:545} INFO - Filling up the DagBag from /home/airflow/.local/lib/python3.12/site-packages/airflow/example_dags/example_branch_python_dop_operator_3.py
[2024-06-03T12:26:15.767+0000] {processor.py:840} INFO - DAG(s) 'example_branch_dop_operator_v3' retrieved from /home/airflow/.local/lib/python3.12/site-packages/airflow/example_dags/example_branch_python_dop_operator_3.py
[2024-06-03T12:26:15.784+0000] {logging_mixin.py:188} INFO - [2024-06-03T12:26:15.784+0000] {dag.py:3096} INFO - Sync 1 DAGs
[2024-06-03T12:26:15.805+0000] {logging_mixin.py:188} INFO - [2024-06-03T12:26:15.805+0000] {dag.py:3954} INFO - Setting next_dagrun for example_branch_dop_operator_v3 to 2024-06-03 12:25:00+00:00, run_after=2024-06-03 12:26:00+00:00
[2024-06-03T12:26:15.824+0000] {processor.py:183} INFO - Processing /home/airflow/.local/lib/python3.12/site-packages/airflow/example_dags/example_branch_python_dop_operator_3.py took 0.076 seconds
[2024-06-03T12:26:45.993+0000] {processor.py:161} INFO - Started process (PID=2752) to work on /home/airflow/.local/lib/python3.12/site-packages/airflow/example_dags/example_branch_python_dop_operator_3.py
[2024-06-03T12:26:45.996+0000] {processor.py:830} INFO - Processing file /home/airflow/.local/lib/python3.12/site-packages/airflow/example_dags/example_branch_python_dop_operator_3.py for tasks to queue
[2024-06-03T12:26:45.998+0000] {logging_mixin.py:188} INFO - [2024-06-03T12:26:45.998+0000] {dagbag.py:545} INFO - Filling up the DagBag from /home/airflow/.local/lib/python3.12/site-packages/airflow/example_dags/example_branch_python_dop_operator_3.py
[2024-06-03T12:26:46.006+0000] {processor.py:840} INFO - DAG(s) 'example_branch_dop_operator_v3' retrieved from /home/airflow/.local/lib/python3.12/site-packages/airflow/example_dags/example_branch_python_dop_operator_3.py
[2024-06-03T12:26:46.027+0000] {logging_mixin.py:188} INFO - [2024-06-03T12:26:46.027+0000] {dag.py:3096} INFO - Sync 1 DAGs
[2024-06-03T12:26:46.051+0000] {logging_mixin.py:188} INFO - [2024-06-03T12:26:46.050+0000] {dag.py:3954} INFO - Setting next_dagrun for example_branch_dop_operator_v3 to 2024-06-03 12:25:00+00:00, run_after=2024-06-03 12:26:00+00:00
[2024-06-03T12:26:46.068+0000] {processor.py:183} INFO - Processing /home/airflow/.local/lib/python3.12/site-packages/airflow/example_dags/example_branch_python_dop_operator_3.py took 0.079 seconds
[2024-06-03T12:27:16.272+0000] {processor.py:161} INFO - Started process (PID=2810) to work on /home/airflow/.local/lib/python3.12/site-packages/airflow/example_dags/example_branch_python_dop_operator_3.py
[2024-06-03T12:27:16.273+0000] {processor.py:830} INFO - Processing file /home/airflow/.local/lib/python3.12/site-packages/airflow/example_dags/example_branch_python_dop_operator_3.py for tasks to queue
[2024-06-03T12:27:16.275+0000] {logging_mixin.py:188} INFO - [2024-06-03T12:27:16.275+0000] {dagbag.py:545} INFO - Filling up the DagBag from /home/airflow/.local/lib/python3.12/site-packages/airflow/example_dags/example_branch_python_dop_operator_3.py
[2024-06-03T12:27:16.283+0000] {processor.py:840} INFO - DAG(s) 'example_branch_dop_operator_v3' retrieved from /home/airflow/.local/lib/python3.12/site-packages/airflow/example_dags/example_branch_python_dop_operator_3.py
[2024-06-03T12:27:16.300+0000] {logging_mixin.py:188} INFO - [2024-06-03T12:27:16.300+0000] {dag.py:3096} INFO - Sync 1 DAGs
[2024-06-03T12:27:16.323+0000] {logging_mixin.py:188} INFO - [2024-06-03T12:27:16.323+0000] {dag.py:3954} INFO - Setting next_dagrun for example_branch_dop_operator_v3 to 2024-06-03 12:26:00+00:00, run_after=2024-06-03 12:27:00+00:00
[2024-06-03T12:27:16.342+0000] {processor.py:183} INFO - Processing /home/airflow/.local/lib/python3.12/site-packages/airflow/example_dags/example_branch_python_dop_operator_3.py took 0.076 seconds
[2024-06-03T12:27:46.605+0000] {processor.py:161} INFO - Started process (PID=2868) to work on /home/airflow/.local/lib/python3.12/site-packages/airflow/example_dags/example_branch_python_dop_operator_3.py
[2024-06-03T12:27:46.607+0000] {processor.py:830} INFO - Processing file /home/airflow/.local/lib/python3.12/site-packages/airflow/example_dags/example_branch_python_dop_operator_3.py for tasks to queue
[2024-06-03T12:27:46.610+0000] {logging_mixin.py:188} INFO - [2024-06-03T12:27:46.609+0000] {dagbag.py:545} INFO - Filling up the DagBag from /home/airflow/.local/lib/python3.12/site-packages/airflow/example_dags/example_branch_python_dop_operator_3.py
[2024-06-03T12:27:46.619+0000] {processor.py:840} INFO - DAG(s) 'example_branch_dop_operator_v3' retrieved from /home/airflow/.local/lib/python3.12/site-packages/airflow/example_dags/example_branch_python_dop_operator_3.py
[2024-06-03T12:27:46.638+0000] {logging_mixin.py:188} INFO - [2024-06-03T12:27:46.638+0000] {dag.py:3096} INFO - Sync 1 DAGs
[2024-06-03T12:27:46.661+0000] {logging_mixin.py:188} INFO - [2024-06-03T12:27:46.661+0000] {dag.py:3954} INFO - Setting next_dagrun for example_branch_dop_operator_v3 to 2024-06-03 12:26:00+00:00, run_after=2024-06-03 12:27:00+00:00
[2024-06-03T12:27:46.681+0000] {processor.py:183} INFO - Processing /home/airflow/.local/lib/python3.12/site-packages/airflow/example_dags/example_branch_python_dop_operator_3.py took 0.082 seconds
