[2024-06-03T12:03:23.885+0000] {processor.py:161} INFO - Started process (PID=71) to work on /home/airflow/.local/lib/python3.12/site-packages/airflow/example_dags/example_sla_dag.py
[2024-06-03T12:03:23.887+0000] {processor.py:830} INFO - Processing file /home/airflow/.local/lib/python3.12/site-packages/airflow/example_dags/example_sla_dag.py for tasks to queue
[2024-06-03T12:03:23.889+0000] {logging_mixin.py:188} INFO - [2024-06-03T12:03:23.889+0000] {dagbag.py:545} INFO - Filling up the DagBag from /home/airflow/.local/lib/python3.12/site-packages/airflow/example_dags/example_sla_dag.py
[2024-06-03T12:03:23.902+0000] {processor.py:840} INFO - DAG(s) 'example_sla_dag' retrieved from /home/airflow/.local/lib/python3.12/site-packages/airflow/example_dags/example_sla_dag.py
[2024-06-03T12:03:23.933+0000] {logging_mixin.py:188} INFO - [2024-06-03T12:03:23.933+0000] {dag.py:3096} INFO - Sync 1 DAGs
[2024-06-03T12:03:23.952+0000] {logging_mixin.py:188} INFO - [2024-06-03T12:03:23.952+0000] {dag.py:3954} INFO - Setting next_dagrun for example_sla_dag to 2024-06-03 12:00:00+00:00, run_after=2024-06-03 12:02:00+00:00
[2024-06-03T12:03:23.969+0000] {processor.py:183} INFO - Processing /home/airflow/.local/lib/python3.12/site-packages/airflow/example_dags/example_sla_dag.py took 0.090 seconds
[2024-06-03T12:03:54.053+0000] {processor.py:161} INFO - Started process (PID=129) to work on /home/airflow/.local/lib/python3.12/site-packages/airflow/example_dags/example_sla_dag.py
[2024-06-03T12:03:54.055+0000] {processor.py:830} INFO - Processing file /home/airflow/.local/lib/python3.12/site-packages/airflow/example_dags/example_sla_dag.py for tasks to queue
[2024-06-03T12:03:54.058+0000] {logging_mixin.py:188} INFO - [2024-06-03T12:03:54.058+0000] {dagbag.py:545} INFO - Filling up the DagBag from /home/airflow/.local/lib/python3.12/site-packages/airflow/example_dags/example_sla_dag.py
[2024-06-03T12:03:54.067+0000] {processor.py:840} INFO - DAG(s) 'example_sla_dag' retrieved from /home/airflow/.local/lib/python3.12/site-packages/airflow/example_dags/example_sla_dag.py
[2024-06-03T12:03:54.087+0000] {logging_mixin.py:188} INFO - [2024-06-03T12:03:54.087+0000] {dag.py:3096} INFO - Sync 1 DAGs
[2024-06-03T12:03:54.109+0000] {logging_mixin.py:188} INFO - [2024-06-03T12:03:54.109+0000] {dag.py:3954} INFO - Setting next_dagrun for example_sla_dag to 2024-06-03 12:00:00+00:00, run_after=2024-06-03 12:02:00+00:00
[2024-06-03T12:03:54.129+0000] {processor.py:183} INFO - Processing /home/airflow/.local/lib/python3.12/site-packages/airflow/example_dags/example_sla_dag.py took 0.083 seconds
[2024-06-03T12:04:24.292+0000] {processor.py:161} INFO - Started process (PID=187) to work on /home/airflow/.local/lib/python3.12/site-packages/airflow/example_dags/example_sla_dag.py
[2024-06-03T12:04:24.297+0000] {processor.py:830} INFO - Processing file /home/airflow/.local/lib/python3.12/site-packages/airflow/example_dags/example_sla_dag.py for tasks to queue
[2024-06-03T12:04:24.299+0000] {logging_mixin.py:188} INFO - [2024-06-03T12:04:24.299+0000] {dagbag.py:545} INFO - Filling up the DagBag from /home/airflow/.local/lib/python3.12/site-packages/airflow/example_dags/example_sla_dag.py
[2024-06-03T12:04:24.310+0000] {processor.py:840} INFO - DAG(s) 'example_sla_dag' retrieved from /home/airflow/.local/lib/python3.12/site-packages/airflow/example_dags/example_sla_dag.py
[2024-06-03T12:04:24.329+0000] {logging_mixin.py:188} INFO - [2024-06-03T12:04:24.329+0000] {dag.py:3096} INFO - Sync 1 DAGs
[2024-06-03T12:04:24.352+0000] {logging_mixin.py:188} INFO - [2024-06-03T12:04:24.351+0000] {dag.py:3954} INFO - Setting next_dagrun for example_sla_dag to 2024-06-03 12:02:00+00:00, run_after=2024-06-03 12:04:00+00:00
[2024-06-03T12:04:24.375+0000] {processor.py:183} INFO - Processing /home/airflow/.local/lib/python3.12/site-packages/airflow/example_dags/example_sla_dag.py took 0.089 seconds
[2024-06-03T12:04:54.836+0000] {processor.py:161} INFO - Started process (PID=245) to work on /home/airflow/.local/lib/python3.12/site-packages/airflow/example_dags/example_sla_dag.py
[2024-06-03T12:04:54.838+0000] {processor.py:830} INFO - Processing file /home/airflow/.local/lib/python3.12/site-packages/airflow/example_dags/example_sla_dag.py for tasks to queue
[2024-06-03T12:04:54.840+0000] {logging_mixin.py:188} INFO - [2024-06-03T12:04:54.840+0000] {dagbag.py:545} INFO - Filling up the DagBag from /home/airflow/.local/lib/python3.12/site-packages/airflow/example_dags/example_sla_dag.py
[2024-06-03T12:04:54.848+0000] {processor.py:840} INFO - DAG(s) 'example_sla_dag' retrieved from /home/airflow/.local/lib/python3.12/site-packages/airflow/example_dags/example_sla_dag.py
[2024-06-03T12:04:54.865+0000] {logging_mixin.py:188} INFO - [2024-06-03T12:04:54.865+0000] {dag.py:3096} INFO - Sync 1 DAGs
[2024-06-03T12:04:54.885+0000] {logging_mixin.py:188} INFO - [2024-06-03T12:04:54.885+0000] {dag.py:3954} INFO - Setting next_dagrun for example_sla_dag to 2024-06-03 12:02:00+00:00, run_after=2024-06-03 12:04:00+00:00
[2024-06-03T12:04:54.901+0000] {processor.py:183} INFO - Processing /home/airflow/.local/lib/python3.12/site-packages/airflow/example_dags/example_sla_dag.py took 0.070 seconds
[2024-06-03T12:05:25.298+0000] {processor.py:161} INFO - Started process (PID=303) to work on /home/airflow/.local/lib/python3.12/site-packages/airflow/example_dags/example_sla_dag.py
[2024-06-03T12:05:25.300+0000] {processor.py:830} INFO - Processing file /home/airflow/.local/lib/python3.12/site-packages/airflow/example_dags/example_sla_dag.py for tasks to queue
[2024-06-03T12:05:25.302+0000] {logging_mixin.py:188} INFO - [2024-06-03T12:05:25.302+0000] {dagbag.py:545} INFO - Filling up the DagBag from /home/airflow/.local/lib/python3.12/site-packages/airflow/example_dags/example_sla_dag.py
[2024-06-03T12:05:25.310+0000] {processor.py:840} INFO - DAG(s) 'example_sla_dag' retrieved from /home/airflow/.local/lib/python3.12/site-packages/airflow/example_dags/example_sla_dag.py
[2024-06-03T12:05:25.330+0000] {logging_mixin.py:188} INFO - [2024-06-03T12:05:25.330+0000] {dag.py:3096} INFO - Sync 1 DAGs
[2024-06-03T12:05:25.353+0000] {logging_mixin.py:188} INFO - [2024-06-03T12:05:25.352+0000] {dag.py:3954} INFO - Setting next_dagrun for example_sla_dag to 2024-06-03 12:02:00+00:00, run_after=2024-06-03 12:04:00+00:00
[2024-06-03T12:05:25.371+0000] {processor.py:183} INFO - Processing /home/airflow/.local/lib/python3.12/site-packages/airflow/example_dags/example_sla_dag.py took 0.079 seconds
[2024-06-03T12:05:55.434+0000] {processor.py:161} INFO - Started process (PID=361) to work on /home/airflow/.local/lib/python3.12/site-packages/airflow/example_dags/example_sla_dag.py
[2024-06-03T12:05:55.435+0000] {processor.py:830} INFO - Processing file /home/airflow/.local/lib/python3.12/site-packages/airflow/example_dags/example_sla_dag.py for tasks to queue
[2024-06-03T12:05:55.437+0000] {logging_mixin.py:188} INFO - [2024-06-03T12:05:55.437+0000] {dagbag.py:545} INFO - Filling up the DagBag from /home/airflow/.local/lib/python3.12/site-packages/airflow/example_dags/example_sla_dag.py
[2024-06-03T12:05:55.445+0000] {processor.py:840} INFO - DAG(s) 'example_sla_dag' retrieved from /home/airflow/.local/lib/python3.12/site-packages/airflow/example_dags/example_sla_dag.py
[2024-06-03T12:05:55.463+0000] {logging_mixin.py:188} INFO - [2024-06-03T12:05:55.462+0000] {dag.py:3096} INFO - Sync 1 DAGs
[2024-06-03T12:05:55.485+0000] {logging_mixin.py:188} INFO - [2024-06-03T12:05:55.485+0000] {dag.py:3954} INFO - Setting next_dagrun for example_sla_dag to 2024-06-03 12:02:00+00:00, run_after=2024-06-03 12:04:00+00:00
[2024-06-03T12:05:55.502+0000] {processor.py:183} INFO - Processing /home/airflow/.local/lib/python3.12/site-packages/airflow/example_dags/example_sla_dag.py took 0.074 seconds
[2024-06-03T12:06:26.080+0000] {processor.py:161} INFO - Started process (PID=419) to work on /home/airflow/.local/lib/python3.12/site-packages/airflow/example_dags/example_sla_dag.py
[2024-06-03T12:06:26.081+0000] {processor.py:830} INFO - Processing file /home/airflow/.local/lib/python3.12/site-packages/airflow/example_dags/example_sla_dag.py for tasks to queue
[2024-06-03T12:06:26.084+0000] {logging_mixin.py:188} INFO - [2024-06-03T12:06:26.083+0000] {dagbag.py:545} INFO - Filling up the DagBag from /home/airflow/.local/lib/python3.12/site-packages/airflow/example_dags/example_sla_dag.py
[2024-06-03T12:06:26.092+0000] {processor.py:840} INFO - DAG(s) 'example_sla_dag' retrieved from /home/airflow/.local/lib/python3.12/site-packages/airflow/example_dags/example_sla_dag.py
[2024-06-03T12:06:26.110+0000] {logging_mixin.py:188} INFO - [2024-06-03T12:06:26.109+0000] {dag.py:3096} INFO - Sync 1 DAGs
[2024-06-03T12:06:26.130+0000] {logging_mixin.py:188} INFO - [2024-06-03T12:06:26.130+0000] {dag.py:3954} INFO - Setting next_dagrun for example_sla_dag to 2024-06-03 12:04:00+00:00, run_after=2024-06-03 12:06:00+00:00
[2024-06-03T12:06:26.148+0000] {processor.py:183} INFO - Processing /home/airflow/.local/lib/python3.12/site-packages/airflow/example_dags/example_sla_dag.py took 0.073 seconds
[2024-06-03T12:06:56.658+0000] {processor.py:161} INFO - Started process (PID=477) to work on /home/airflow/.local/lib/python3.12/site-packages/airflow/example_dags/example_sla_dag.py
[2024-06-03T12:06:56.659+0000] {processor.py:830} INFO - Processing file /home/airflow/.local/lib/python3.12/site-packages/airflow/example_dags/example_sla_dag.py for tasks to queue
[2024-06-03T12:06:56.662+0000] {logging_mixin.py:188} INFO - [2024-06-03T12:06:56.661+0000] {dagbag.py:545} INFO - Filling up the DagBag from /home/airflow/.local/lib/python3.12/site-packages/airflow/example_dags/example_sla_dag.py
[2024-06-03T12:06:56.673+0000] {processor.py:840} INFO - DAG(s) 'example_sla_dag' retrieved from /home/airflow/.local/lib/python3.12/site-packages/airflow/example_dags/example_sla_dag.py
[2024-06-03T12:06:56.700+0000] {logging_mixin.py:188} INFO - [2024-06-03T12:06:56.700+0000] {dag.py:3096} INFO - Sync 1 DAGs
[2024-06-03T12:06:56.734+0000] {logging_mixin.py:188} INFO - [2024-06-03T12:06:56.734+0000] {dag.py:3954} INFO - Setting next_dagrun for example_sla_dag to 2024-06-03 12:04:00+00:00, run_after=2024-06-03 12:06:00+00:00
[2024-06-03T12:06:56.766+0000] {processor.py:183} INFO - Processing /home/airflow/.local/lib/python3.12/site-packages/airflow/example_dags/example_sla_dag.py took 0.114 seconds
[2024-06-03T12:07:26.998+0000] {processor.py:161} INFO - Started process (PID=535) to work on /home/airflow/.local/lib/python3.12/site-packages/airflow/example_dags/example_sla_dag.py
[2024-06-03T12:07:27.000+0000] {processor.py:830} INFO - Processing file /home/airflow/.local/lib/python3.12/site-packages/airflow/example_dags/example_sla_dag.py for tasks to queue
[2024-06-03T12:07:27.002+0000] {logging_mixin.py:188} INFO - [2024-06-03T12:07:27.001+0000] {dagbag.py:545} INFO - Filling up the DagBag from /home/airflow/.local/lib/python3.12/site-packages/airflow/example_dags/example_sla_dag.py
[2024-06-03T12:07:27.011+0000] {processor.py:840} INFO - DAG(s) 'example_sla_dag' retrieved from /home/airflow/.local/lib/python3.12/site-packages/airflow/example_dags/example_sla_dag.py
[2024-06-03T12:07:27.033+0000] {logging_mixin.py:188} INFO - [2024-06-03T12:07:27.033+0000] {dag.py:3096} INFO - Sync 1 DAGs
[2024-06-03T12:07:27.060+0000] {logging_mixin.py:188} INFO - [2024-06-03T12:07:27.059+0000] {dag.py:3954} INFO - Setting next_dagrun for example_sla_dag to 2024-06-03 12:04:00+00:00, run_after=2024-06-03 12:06:00+00:00
[2024-06-03T12:07:27.078+0000] {processor.py:183} INFO - Processing /home/airflow/.local/lib/python3.12/site-packages/airflow/example_dags/example_sla_dag.py took 0.085 seconds
[2024-06-03T12:07:57.841+0000] {processor.py:161} INFO - Started process (PID=593) to work on /home/airflow/.local/lib/python3.12/site-packages/airflow/example_dags/example_sla_dag.py
[2024-06-03T12:07:57.842+0000] {processor.py:830} INFO - Processing file /home/airflow/.local/lib/python3.12/site-packages/airflow/example_dags/example_sla_dag.py for tasks to queue
[2024-06-03T12:07:57.845+0000] {logging_mixin.py:188} INFO - [2024-06-03T12:07:57.844+0000] {dagbag.py:545} INFO - Filling up the DagBag from /home/airflow/.local/lib/python3.12/site-packages/airflow/example_dags/example_sla_dag.py
[2024-06-03T12:07:57.854+0000] {processor.py:840} INFO - DAG(s) 'example_sla_dag' retrieved from /home/airflow/.local/lib/python3.12/site-packages/airflow/example_dags/example_sla_dag.py
[2024-06-03T12:07:57.874+0000] {logging_mixin.py:188} INFO - [2024-06-03T12:07:57.873+0000] {dag.py:3096} INFO - Sync 1 DAGs
[2024-06-03T12:07:57.898+0000] {logging_mixin.py:188} INFO - [2024-06-03T12:07:57.898+0000] {dag.py:3954} INFO - Setting next_dagrun for example_sla_dag to 2024-06-03 12:04:00+00:00, run_after=2024-06-03 12:06:00+00:00
[2024-06-03T12:07:57.916+0000] {processor.py:183} INFO - Processing /home/airflow/.local/lib/python3.12/site-packages/airflow/example_dags/example_sla_dag.py took 0.081 seconds
[2024-06-03T12:08:28.686+0000] {processor.py:161} INFO - Started process (PID=651) to work on /home/airflow/.local/lib/python3.12/site-packages/airflow/example_dags/example_sla_dag.py
[2024-06-03T12:08:28.689+0000] {processor.py:830} INFO - Processing file /home/airflow/.local/lib/python3.12/site-packages/airflow/example_dags/example_sla_dag.py for tasks to queue
[2024-06-03T12:08:28.692+0000] {logging_mixin.py:188} INFO - [2024-06-03T12:08:28.691+0000] {dagbag.py:545} INFO - Filling up the DagBag from /home/airflow/.local/lib/python3.12/site-packages/airflow/example_dags/example_sla_dag.py
[2024-06-03T12:08:28.703+0000] {processor.py:840} INFO - DAG(s) 'example_sla_dag' retrieved from /home/airflow/.local/lib/python3.12/site-packages/airflow/example_dags/example_sla_dag.py
[2024-06-03T12:08:28.726+0000] {logging_mixin.py:188} INFO - [2024-06-03T12:08:28.726+0000] {dag.py:3096} INFO - Sync 1 DAGs
[2024-06-03T12:08:28.757+0000] {logging_mixin.py:188} INFO - [2024-06-03T12:08:28.757+0000] {dag.py:3954} INFO - Setting next_dagrun for example_sla_dag to 2024-06-03 12:06:00+00:00, run_after=2024-06-03 12:08:00+00:00
[2024-06-03T12:08:28.782+0000] {processor.py:183} INFO - Processing /home/airflow/.local/lib/python3.12/site-packages/airflow/example_dags/example_sla_dag.py took 0.104 seconds
[2024-06-03T12:08:59.488+0000] {processor.py:161} INFO - Started process (PID=709) to work on /home/airflow/.local/lib/python3.12/site-packages/airflow/example_dags/example_sla_dag.py
[2024-06-03T12:08:59.490+0000] {processor.py:830} INFO - Processing file /home/airflow/.local/lib/python3.12/site-packages/airflow/example_dags/example_sla_dag.py for tasks to queue
[2024-06-03T12:08:59.493+0000] {logging_mixin.py:188} INFO - [2024-06-03T12:08:59.492+0000] {dagbag.py:545} INFO - Filling up the DagBag from /home/airflow/.local/lib/python3.12/site-packages/airflow/example_dags/example_sla_dag.py
[2024-06-03T12:08:59.503+0000] {processor.py:840} INFO - DAG(s) 'example_sla_dag' retrieved from /home/airflow/.local/lib/python3.12/site-packages/airflow/example_dags/example_sla_dag.py
[2024-06-03T12:08:59.528+0000] {logging_mixin.py:188} INFO - [2024-06-03T12:08:59.527+0000] {dag.py:3096} INFO - Sync 1 DAGs
[2024-06-03T12:08:59.560+0000] {logging_mixin.py:188} INFO - [2024-06-03T12:08:59.559+0000] {dag.py:3954} INFO - Setting next_dagrun for example_sla_dag to 2024-06-03 12:06:00+00:00, run_after=2024-06-03 12:08:00+00:00
[2024-06-03T12:08:59.582+0000] {processor.py:183} INFO - Processing /home/airflow/.local/lib/python3.12/site-packages/airflow/example_dags/example_sla_dag.py took 0.103 seconds
[2024-06-03T12:09:29.712+0000] {processor.py:161} INFO - Started process (PID=767) to work on /home/airflow/.local/lib/python3.12/site-packages/airflow/example_dags/example_sla_dag.py
[2024-06-03T12:09:29.714+0000] {processor.py:830} INFO - Processing file /home/airflow/.local/lib/python3.12/site-packages/airflow/example_dags/example_sla_dag.py for tasks to queue
[2024-06-03T12:09:29.717+0000] {logging_mixin.py:188} INFO - [2024-06-03T12:09:29.716+0000] {dagbag.py:545} INFO - Filling up the DagBag from /home/airflow/.local/lib/python3.12/site-packages/airflow/example_dags/example_sla_dag.py
[2024-06-03T12:09:29.725+0000] {processor.py:840} INFO - DAG(s) 'example_sla_dag' retrieved from /home/airflow/.local/lib/python3.12/site-packages/airflow/example_dags/example_sla_dag.py
[2024-06-03T12:09:29.742+0000] {logging_mixin.py:188} INFO - [2024-06-03T12:09:29.742+0000] {dag.py:3096} INFO - Sync 1 DAGs
[2024-06-03T12:09:29.763+0000] {logging_mixin.py:188} INFO - [2024-06-03T12:09:29.763+0000] {dag.py:3954} INFO - Setting next_dagrun for example_sla_dag to 2024-06-03 12:06:00+00:00, run_after=2024-06-03 12:08:00+00:00
[2024-06-03T12:09:29.781+0000] {processor.py:183} INFO - Processing /home/airflow/.local/lib/python3.12/site-packages/airflow/example_dags/example_sla_dag.py took 0.074 seconds
[2024-06-03T12:09:59.889+0000] {processor.py:161} INFO - Started process (PID=826) to work on /home/airflow/.local/lib/python3.12/site-packages/airflow/example_dags/example_sla_dag.py
[2024-06-03T12:09:59.890+0000] {processor.py:830} INFO - Processing file /home/airflow/.local/lib/python3.12/site-packages/airflow/example_dags/example_sla_dag.py for tasks to queue
[2024-06-03T12:09:59.892+0000] {logging_mixin.py:188} INFO - [2024-06-03T12:09:59.892+0000] {dagbag.py:545} INFO - Filling up the DagBag from /home/airflow/.local/lib/python3.12/site-packages/airflow/example_dags/example_sla_dag.py
[2024-06-03T12:09:59.901+0000] {processor.py:840} INFO - DAG(s) 'example_sla_dag' retrieved from /home/airflow/.local/lib/python3.12/site-packages/airflow/example_dags/example_sla_dag.py
[2024-06-03T12:09:59.923+0000] {logging_mixin.py:188} INFO - [2024-06-03T12:09:59.923+0000] {dag.py:3096} INFO - Sync 1 DAGs
[2024-06-03T12:09:59.963+0000] {logging_mixin.py:188} INFO - [2024-06-03T12:09:59.962+0000] {dag.py:3954} INFO - Setting next_dagrun for example_sla_dag to 2024-06-03 12:06:00+00:00, run_after=2024-06-03 12:08:00+00:00
[2024-06-03T12:09:59.989+0000] {processor.py:183} INFO - Processing /home/airflow/.local/lib/python3.12/site-packages/airflow/example_dags/example_sla_dag.py took 0.106 seconds
[2024-06-03T12:10:31.101+0000] {processor.py:161} INFO - Started process (PID=884) to work on /home/airflow/.local/lib/python3.12/site-packages/airflow/example_dags/example_sla_dag.py
[2024-06-03T12:10:31.102+0000] {processor.py:830} INFO - Processing file /home/airflow/.local/lib/python3.12/site-packages/airflow/example_dags/example_sla_dag.py for tasks to queue
[2024-06-03T12:10:31.104+0000] {logging_mixin.py:188} INFO - [2024-06-03T12:10:31.104+0000] {dagbag.py:545} INFO - Filling up the DagBag from /home/airflow/.local/lib/python3.12/site-packages/airflow/example_dags/example_sla_dag.py
[2024-06-03T12:10:31.111+0000] {processor.py:840} INFO - DAG(s) 'example_sla_dag' retrieved from /home/airflow/.local/lib/python3.12/site-packages/airflow/example_dags/example_sla_dag.py
[2024-06-03T12:10:31.128+0000] {logging_mixin.py:188} INFO - [2024-06-03T12:10:31.128+0000] {dag.py:3096} INFO - Sync 1 DAGs
[2024-06-03T12:10:31.149+0000] {logging_mixin.py:188} INFO - [2024-06-03T12:10:31.149+0000] {dag.py:3954} INFO - Setting next_dagrun for example_sla_dag to 2024-06-03 12:08:00+00:00, run_after=2024-06-03 12:10:00+00:00
[2024-06-03T12:10:31.167+0000] {processor.py:183} INFO - Processing /home/airflow/.local/lib/python3.12/site-packages/airflow/example_dags/example_sla_dag.py took 0.071 seconds
[2024-06-03T12:11:01.330+0000] {processor.py:161} INFO - Started process (PID=942) to work on /home/airflow/.local/lib/python3.12/site-packages/airflow/example_dags/example_sla_dag.py
[2024-06-03T12:11:01.332+0000] {processor.py:830} INFO - Processing file /home/airflow/.local/lib/python3.12/site-packages/airflow/example_dags/example_sla_dag.py for tasks to queue
[2024-06-03T12:11:01.334+0000] {logging_mixin.py:188} INFO - [2024-06-03T12:11:01.334+0000] {dagbag.py:545} INFO - Filling up the DagBag from /home/airflow/.local/lib/python3.12/site-packages/airflow/example_dags/example_sla_dag.py
[2024-06-03T12:11:01.344+0000] {processor.py:840} INFO - DAG(s) 'example_sla_dag' retrieved from /home/airflow/.local/lib/python3.12/site-packages/airflow/example_dags/example_sla_dag.py
[2024-06-03T12:11:01.365+0000] {logging_mixin.py:188} INFO - [2024-06-03T12:11:01.365+0000] {dag.py:3096} INFO - Sync 1 DAGs
[2024-06-03T12:11:01.391+0000] {logging_mixin.py:188} INFO - [2024-06-03T12:11:01.391+0000] {dag.py:3954} INFO - Setting next_dagrun for example_sla_dag to 2024-06-03 12:08:00+00:00, run_after=2024-06-03 12:10:00+00:00
[2024-06-03T12:11:01.411+0000] {processor.py:183} INFO - Processing /home/airflow/.local/lib/python3.12/site-packages/airflow/example_dags/example_sla_dag.py took 0.087 seconds
[2024-06-03T12:11:31.587+0000] {processor.py:161} INFO - Started process (PID=1000) to work on /home/airflow/.local/lib/python3.12/site-packages/airflow/example_dags/example_sla_dag.py
[2024-06-03T12:11:31.588+0000] {processor.py:830} INFO - Processing file /home/airflow/.local/lib/python3.12/site-packages/airflow/example_dags/example_sla_dag.py for tasks to queue
[2024-06-03T12:11:31.590+0000] {logging_mixin.py:188} INFO - [2024-06-03T12:11:31.590+0000] {dagbag.py:545} INFO - Filling up the DagBag from /home/airflow/.local/lib/python3.12/site-packages/airflow/example_dags/example_sla_dag.py
[2024-06-03T12:11:31.597+0000] {processor.py:840} INFO - DAG(s) 'example_sla_dag' retrieved from /home/airflow/.local/lib/python3.12/site-packages/airflow/example_dags/example_sla_dag.py
[2024-06-03T12:11:31.615+0000] {logging_mixin.py:188} INFO - [2024-06-03T12:11:31.615+0000] {dag.py:3096} INFO - Sync 1 DAGs
[2024-06-03T12:11:31.637+0000] {logging_mixin.py:188} INFO - [2024-06-03T12:11:31.637+0000] {dag.py:3954} INFO - Setting next_dagrun for example_sla_dag to 2024-06-03 12:08:00+00:00, run_after=2024-06-03 12:10:00+00:00
[2024-06-03T12:11:31.656+0000] {processor.py:183} INFO - Processing /home/airflow/.local/lib/python3.12/site-packages/airflow/example_dags/example_sla_dag.py took 0.076 seconds
[2024-06-03T12:12:01.812+0000] {processor.py:161} INFO - Started process (PID=1058) to work on /home/airflow/.local/lib/python3.12/site-packages/airflow/example_dags/example_sla_dag.py
[2024-06-03T12:12:01.813+0000] {processor.py:830} INFO - Processing file /home/airflow/.local/lib/python3.12/site-packages/airflow/example_dags/example_sla_dag.py for tasks to queue
[2024-06-03T12:12:01.816+0000] {logging_mixin.py:188} INFO - [2024-06-03T12:12:01.815+0000] {dagbag.py:545} INFO - Filling up the DagBag from /home/airflow/.local/lib/python3.12/site-packages/airflow/example_dags/example_sla_dag.py
[2024-06-03T12:12:01.826+0000] {processor.py:840} INFO - DAG(s) 'example_sla_dag' retrieved from /home/airflow/.local/lib/python3.12/site-packages/airflow/example_dags/example_sla_dag.py
[2024-06-03T12:12:01.849+0000] {logging_mixin.py:188} INFO - [2024-06-03T12:12:01.849+0000] {dag.py:3096} INFO - Sync 1 DAGs
[2024-06-03T12:12:01.876+0000] {logging_mixin.py:188} INFO - [2024-06-03T12:12:01.876+0000] {dag.py:3954} INFO - Setting next_dagrun for example_sla_dag to 2024-06-03 12:10:00+00:00, run_after=2024-06-03 12:12:00+00:00
[2024-06-03T12:12:01.896+0000] {processor.py:183} INFO - Processing /home/airflow/.local/lib/python3.12/site-packages/airflow/example_dags/example_sla_dag.py took 0.091 seconds
[2024-06-03T12:12:32.376+0000] {processor.py:161} INFO - Started process (PID=1115) to work on /home/airflow/.local/lib/python3.12/site-packages/airflow/example_dags/example_sla_dag.py
[2024-06-03T12:12:32.378+0000] {processor.py:830} INFO - Processing file /home/airflow/.local/lib/python3.12/site-packages/airflow/example_dags/example_sla_dag.py for tasks to queue
[2024-06-03T12:12:32.380+0000] {logging_mixin.py:188} INFO - [2024-06-03T12:12:32.380+0000] {dagbag.py:545} INFO - Filling up the DagBag from /home/airflow/.local/lib/python3.12/site-packages/airflow/example_dags/example_sla_dag.py
[2024-06-03T12:12:32.387+0000] {processor.py:840} INFO - DAG(s) 'example_sla_dag' retrieved from /home/airflow/.local/lib/python3.12/site-packages/airflow/example_dags/example_sla_dag.py
[2024-06-03T12:12:32.406+0000] {logging_mixin.py:188} INFO - [2024-06-03T12:12:32.406+0000] {dag.py:3096} INFO - Sync 1 DAGs
[2024-06-03T12:12:32.427+0000] {logging_mixin.py:188} INFO - [2024-06-03T12:12:32.427+0000] {dag.py:3954} INFO - Setting next_dagrun for example_sla_dag to 2024-06-03 12:10:00+00:00, run_after=2024-06-03 12:12:00+00:00
[2024-06-03T12:12:32.445+0000] {processor.py:183} INFO - Processing /home/airflow/.local/lib/python3.12/site-packages/airflow/example_dags/example_sla_dag.py took 0.074 seconds
[2024-06-03T12:13:02.533+0000] {processor.py:161} INFO - Started process (PID=1173) to work on /home/airflow/.local/lib/python3.12/site-packages/airflow/example_dags/example_sla_dag.py
[2024-06-03T12:13:02.534+0000] {processor.py:830} INFO - Processing file /home/airflow/.local/lib/python3.12/site-packages/airflow/example_dags/example_sla_dag.py for tasks to queue
[2024-06-03T12:13:02.537+0000] {logging_mixin.py:188} INFO - [2024-06-03T12:13:02.536+0000] {dagbag.py:545} INFO - Filling up the DagBag from /home/airflow/.local/lib/python3.12/site-packages/airflow/example_dags/example_sla_dag.py
[2024-06-03T12:13:02.544+0000] {processor.py:840} INFO - DAG(s) 'example_sla_dag' retrieved from /home/airflow/.local/lib/python3.12/site-packages/airflow/example_dags/example_sla_dag.py
[2024-06-03T12:13:02.562+0000] {logging_mixin.py:188} INFO - [2024-06-03T12:13:02.562+0000] {dag.py:3096} INFO - Sync 1 DAGs
[2024-06-03T12:13:02.583+0000] {logging_mixin.py:188} INFO - [2024-06-03T12:13:02.582+0000] {dag.py:3954} INFO - Setting next_dagrun for example_sla_dag to 2024-06-03 12:10:00+00:00, run_after=2024-06-03 12:12:00+00:00
[2024-06-03T12:13:02.600+0000] {processor.py:183} INFO - Processing /home/airflow/.local/lib/python3.12/site-packages/airflow/example_dags/example_sla_dag.py took 0.073 seconds
[2024-06-03T12:13:32.914+0000] {processor.py:161} INFO - Started process (PID=1231) to work on /home/airflow/.local/lib/python3.12/site-packages/airflow/example_dags/example_sla_dag.py
[2024-06-03T12:13:32.916+0000] {processor.py:830} INFO - Processing file /home/airflow/.local/lib/python3.12/site-packages/airflow/example_dags/example_sla_dag.py for tasks to queue
[2024-06-03T12:13:32.918+0000] {logging_mixin.py:188} INFO - [2024-06-03T12:13:32.918+0000] {dagbag.py:545} INFO - Filling up the DagBag from /home/airflow/.local/lib/python3.12/site-packages/airflow/example_dags/example_sla_dag.py
[2024-06-03T12:13:32.928+0000] {processor.py:840} INFO - DAG(s) 'example_sla_dag' retrieved from /home/airflow/.local/lib/python3.12/site-packages/airflow/example_dags/example_sla_dag.py
[2024-06-03T12:13:32.953+0000] {logging_mixin.py:188} INFO - [2024-06-03T12:13:32.953+0000] {dag.py:3096} INFO - Sync 1 DAGs
[2024-06-03T12:13:32.979+0000] {logging_mixin.py:188} INFO - [2024-06-03T12:13:32.979+0000] {dag.py:3954} INFO - Setting next_dagrun for example_sla_dag to 2024-06-03 12:10:00+00:00, run_after=2024-06-03 12:12:00+00:00
[2024-06-03T12:13:32.999+0000] {processor.py:183} INFO - Processing /home/airflow/.local/lib/python3.12/site-packages/airflow/example_dags/example_sla_dag.py took 0.091 seconds
[2024-06-03T12:14:03.259+0000] {processor.py:161} INFO - Started process (PID=1289) to work on /home/airflow/.local/lib/python3.12/site-packages/airflow/example_dags/example_sla_dag.py
[2024-06-03T12:14:03.261+0000] {processor.py:830} INFO - Processing file /home/airflow/.local/lib/python3.12/site-packages/airflow/example_dags/example_sla_dag.py for tasks to queue
[2024-06-03T12:14:03.263+0000] {logging_mixin.py:188} INFO - [2024-06-03T12:14:03.262+0000] {dagbag.py:545} INFO - Filling up the DagBag from /home/airflow/.local/lib/python3.12/site-packages/airflow/example_dags/example_sla_dag.py
[2024-06-03T12:14:03.274+0000] {processor.py:840} INFO - DAG(s) 'example_sla_dag' retrieved from /home/airflow/.local/lib/python3.12/site-packages/airflow/example_dags/example_sla_dag.py
[2024-06-03T12:14:03.294+0000] {logging_mixin.py:188} INFO - [2024-06-03T12:14:03.294+0000] {dag.py:3096} INFO - Sync 1 DAGs
[2024-06-03T12:14:03.321+0000] {logging_mixin.py:188} INFO - [2024-06-03T12:14:03.321+0000] {dag.py:3954} INFO - Setting next_dagrun for example_sla_dag to 2024-06-03 12:12:00+00:00, run_after=2024-06-03 12:14:00+00:00
[2024-06-03T12:14:03.343+0000] {processor.py:183} INFO - Processing /home/airflow/.local/lib/python3.12/site-packages/airflow/example_dags/example_sla_dag.py took 0.089 seconds
[2024-06-03T12:14:33.675+0000] {processor.py:161} INFO - Started process (PID=1347) to work on /home/airflow/.local/lib/python3.12/site-packages/airflow/example_dags/example_sla_dag.py
[2024-06-03T12:14:33.676+0000] {processor.py:830} INFO - Processing file /home/airflow/.local/lib/python3.12/site-packages/airflow/example_dags/example_sla_dag.py for tasks to queue
[2024-06-03T12:14:33.678+0000] {logging_mixin.py:188} INFO - [2024-06-03T12:14:33.678+0000] {dagbag.py:545} INFO - Filling up the DagBag from /home/airflow/.local/lib/python3.12/site-packages/airflow/example_dags/example_sla_dag.py
[2024-06-03T12:14:33.686+0000] {processor.py:840} INFO - DAG(s) 'example_sla_dag' retrieved from /home/airflow/.local/lib/python3.12/site-packages/airflow/example_dags/example_sla_dag.py
[2024-06-03T12:14:33.705+0000] {logging_mixin.py:188} INFO - [2024-06-03T12:14:33.705+0000] {dag.py:3096} INFO - Sync 1 DAGs
[2024-06-03T12:14:33.727+0000] {logging_mixin.py:188} INFO - [2024-06-03T12:14:33.727+0000] {dag.py:3954} INFO - Setting next_dagrun for example_sla_dag to 2024-06-03 12:12:00+00:00, run_after=2024-06-03 12:14:00+00:00
[2024-06-03T12:14:33.746+0000] {processor.py:183} INFO - Processing /home/airflow/.local/lib/python3.12/site-packages/airflow/example_dags/example_sla_dag.py took 0.077 seconds
[2024-06-03T12:15:04.560+0000] {processor.py:161} INFO - Started process (PID=1405) to work on /home/airflow/.local/lib/python3.12/site-packages/airflow/example_dags/example_sla_dag.py
[2024-06-03T12:15:04.561+0000] {processor.py:830} INFO - Processing file /home/airflow/.local/lib/python3.12/site-packages/airflow/example_dags/example_sla_dag.py for tasks to queue
[2024-06-03T12:15:04.563+0000] {logging_mixin.py:188} INFO - [2024-06-03T12:15:04.562+0000] {dagbag.py:545} INFO - Filling up the DagBag from /home/airflow/.local/lib/python3.12/site-packages/airflow/example_dags/example_sla_dag.py
[2024-06-03T12:15:04.571+0000] {processor.py:840} INFO - DAG(s) 'example_sla_dag' retrieved from /home/airflow/.local/lib/python3.12/site-packages/airflow/example_dags/example_sla_dag.py
[2024-06-03T12:15:04.591+0000] {logging_mixin.py:188} INFO - [2024-06-03T12:15:04.591+0000] {dag.py:3096} INFO - Sync 1 DAGs
[2024-06-03T12:15:04.616+0000] {logging_mixin.py:188} INFO - [2024-06-03T12:15:04.616+0000] {dag.py:3954} INFO - Setting next_dagrun for example_sla_dag to 2024-06-03 12:12:00+00:00, run_after=2024-06-03 12:14:00+00:00
[2024-06-03T12:15:04.637+0000] {processor.py:183} INFO - Processing /home/airflow/.local/lib/python3.12/site-packages/airflow/example_dags/example_sla_dag.py took 0.083 seconds
[2024-06-03T12:15:34.990+0000] {processor.py:161} INFO - Started process (PID=1463) to work on /home/airflow/.local/lib/python3.12/site-packages/airflow/example_dags/example_sla_dag.py
[2024-06-03T12:15:34.991+0000] {processor.py:830} INFO - Processing file /home/airflow/.local/lib/python3.12/site-packages/airflow/example_dags/example_sla_dag.py for tasks to queue
[2024-06-03T12:15:34.993+0000] {logging_mixin.py:188} INFO - [2024-06-03T12:15:34.993+0000] {dagbag.py:545} INFO - Filling up the DagBag from /home/airflow/.local/lib/python3.12/site-packages/airflow/example_dags/example_sla_dag.py
[2024-06-03T12:15:35.003+0000] {processor.py:840} INFO - DAG(s) 'example_sla_dag' retrieved from /home/airflow/.local/lib/python3.12/site-packages/airflow/example_dags/example_sla_dag.py
[2024-06-03T12:15:35.025+0000] {logging_mixin.py:188} INFO - [2024-06-03T12:15:35.024+0000] {dag.py:3096} INFO - Sync 1 DAGs
[2024-06-03T12:15:35.053+0000] {logging_mixin.py:188} INFO - [2024-06-03T12:15:35.052+0000] {dag.py:3954} INFO - Setting next_dagrun for example_sla_dag to 2024-06-03 12:12:00+00:00, run_after=2024-06-03 12:14:00+00:00
[2024-06-03T12:15:35.075+0000] {processor.py:183} INFO - Processing /home/airflow/.local/lib/python3.12/site-packages/airflow/example_dags/example_sla_dag.py took 0.091 seconds
[2024-06-03T12:16:05.419+0000] {processor.py:161} INFO - Started process (PID=1521) to work on /home/airflow/.local/lib/python3.12/site-packages/airflow/example_dags/example_sla_dag.py
[2024-06-03T12:16:05.421+0000] {processor.py:830} INFO - Processing file /home/airflow/.local/lib/python3.12/site-packages/airflow/example_dags/example_sla_dag.py for tasks to queue
[2024-06-03T12:16:05.424+0000] {logging_mixin.py:188} INFO - [2024-06-03T12:16:05.424+0000] {dagbag.py:545} INFO - Filling up the DagBag from /home/airflow/.local/lib/python3.12/site-packages/airflow/example_dags/example_sla_dag.py
[2024-06-03T12:16:05.431+0000] {processor.py:840} INFO - DAG(s) 'example_sla_dag' retrieved from /home/airflow/.local/lib/python3.12/site-packages/airflow/example_dags/example_sla_dag.py
[2024-06-03T12:16:05.449+0000] {logging_mixin.py:188} INFO - [2024-06-03T12:16:05.448+0000] {dag.py:3096} INFO - Sync 1 DAGs
[2024-06-03T12:16:05.469+0000] {logging_mixin.py:188} INFO - [2024-06-03T12:16:05.469+0000] {dag.py:3954} INFO - Setting next_dagrun for example_sla_dag to 2024-06-03 12:14:00+00:00, run_after=2024-06-03 12:16:00+00:00
[2024-06-03T12:16:05.488+0000] {processor.py:183} INFO - Processing /home/airflow/.local/lib/python3.12/site-packages/airflow/example_dags/example_sla_dag.py took 0.074 seconds
[2024-06-03T12:16:36.164+0000] {processor.py:161} INFO - Started process (PID=1579) to work on /home/airflow/.local/lib/python3.12/site-packages/airflow/example_dags/example_sla_dag.py
[2024-06-03T12:16:36.165+0000] {processor.py:830} INFO - Processing file /home/airflow/.local/lib/python3.12/site-packages/airflow/example_dags/example_sla_dag.py for tasks to queue
[2024-06-03T12:16:36.168+0000] {logging_mixin.py:188} INFO - [2024-06-03T12:16:36.167+0000] {dagbag.py:545} INFO - Filling up the DagBag from /home/airflow/.local/lib/python3.12/site-packages/airflow/example_dags/example_sla_dag.py
[2024-06-03T12:16:36.175+0000] {processor.py:840} INFO - DAG(s) 'example_sla_dag' retrieved from /home/airflow/.local/lib/python3.12/site-packages/airflow/example_dags/example_sla_dag.py
[2024-06-03T12:16:36.192+0000] {logging_mixin.py:188} INFO - [2024-06-03T12:16:36.192+0000] {dag.py:3096} INFO - Sync 1 DAGs
[2024-06-03T12:16:36.213+0000] {logging_mixin.py:188} INFO - [2024-06-03T12:16:36.212+0000] {dag.py:3954} INFO - Setting next_dagrun for example_sla_dag to 2024-06-03 12:14:00+00:00, run_after=2024-06-03 12:16:00+00:00
[2024-06-03T12:16:36.230+0000] {processor.py:183} INFO - Processing /home/airflow/.local/lib/python3.12/site-packages/airflow/example_dags/example_sla_dag.py took 0.071 seconds
[2024-06-03T12:17:07.189+0000] {processor.py:161} INFO - Started process (PID=1637) to work on /home/airflow/.local/lib/python3.12/site-packages/airflow/example_dags/example_sla_dag.py
[2024-06-03T12:17:07.191+0000] {processor.py:830} INFO - Processing file /home/airflow/.local/lib/python3.12/site-packages/airflow/example_dags/example_sla_dag.py for tasks to queue
[2024-06-03T12:17:07.193+0000] {logging_mixin.py:188} INFO - [2024-06-03T12:17:07.193+0000] {dagbag.py:545} INFO - Filling up the DagBag from /home/airflow/.local/lib/python3.12/site-packages/airflow/example_dags/example_sla_dag.py
[2024-06-03T12:17:07.202+0000] {processor.py:840} INFO - DAG(s) 'example_sla_dag' retrieved from /home/airflow/.local/lib/python3.12/site-packages/airflow/example_dags/example_sla_dag.py
[2024-06-03T12:17:07.220+0000] {logging_mixin.py:188} INFO - [2024-06-03T12:17:07.220+0000] {dag.py:3096} INFO - Sync 1 DAGs
[2024-06-03T12:17:07.244+0000] {logging_mixin.py:188} INFO - [2024-06-03T12:17:07.244+0000] {dag.py:3954} INFO - Setting next_dagrun for example_sla_dag to 2024-06-03 12:14:00+00:00, run_after=2024-06-03 12:16:00+00:00
[2024-06-03T12:17:07.263+0000] {processor.py:183} INFO - Processing /home/airflow/.local/lib/python3.12/site-packages/airflow/example_dags/example_sla_dag.py took 0.080 seconds
[2024-06-03T12:17:37.923+0000] {processor.py:161} INFO - Started process (PID=1695) to work on /home/airflow/.local/lib/python3.12/site-packages/airflow/example_dags/example_sla_dag.py
[2024-06-03T12:17:37.925+0000] {processor.py:830} INFO - Processing file /home/airflow/.local/lib/python3.12/site-packages/airflow/example_dags/example_sla_dag.py for tasks to queue
[2024-06-03T12:17:37.927+0000] {logging_mixin.py:188} INFO - [2024-06-03T12:17:37.927+0000] {dagbag.py:545} INFO - Filling up the DagBag from /home/airflow/.local/lib/python3.12/site-packages/airflow/example_dags/example_sla_dag.py
[2024-06-03T12:17:37.935+0000] {processor.py:840} INFO - DAG(s) 'example_sla_dag' retrieved from /home/airflow/.local/lib/python3.12/site-packages/airflow/example_dags/example_sla_dag.py
[2024-06-03T12:17:38.068+0000] {logging_mixin.py:188} INFO - [2024-06-03T12:17:38.067+0000] {dag.py:3096} INFO - Sync 1 DAGs
[2024-06-03T12:17:38.087+0000] {logging_mixin.py:188} INFO - [2024-06-03T12:17:38.087+0000] {dag.py:3954} INFO - Setting next_dagrun for example_sla_dag to 2024-06-03 12:14:00+00:00, run_after=2024-06-03 12:16:00+00:00
[2024-06-03T12:17:38.105+0000] {processor.py:183} INFO - Processing /home/airflow/.local/lib/python3.12/site-packages/airflow/example_dags/example_sla_dag.py took 0.187 seconds
[2024-06-03T12:18:08.284+0000] {processor.py:161} INFO - Started process (PID=1753) to work on /home/airflow/.local/lib/python3.12/site-packages/airflow/example_dags/example_sla_dag.py
[2024-06-03T12:18:08.285+0000] {processor.py:830} INFO - Processing file /home/airflow/.local/lib/python3.12/site-packages/airflow/example_dags/example_sla_dag.py for tasks to queue
[2024-06-03T12:18:08.287+0000] {logging_mixin.py:188} INFO - [2024-06-03T12:18:08.287+0000] {dagbag.py:545} INFO - Filling up the DagBag from /home/airflow/.local/lib/python3.12/site-packages/airflow/example_dags/example_sla_dag.py
[2024-06-03T12:18:08.295+0000] {processor.py:840} INFO - DAG(s) 'example_sla_dag' retrieved from /home/airflow/.local/lib/python3.12/site-packages/airflow/example_dags/example_sla_dag.py
[2024-06-03T12:18:08.422+0000] {logging_mixin.py:188} INFO - [2024-06-03T12:18:08.422+0000] {dag.py:3096} INFO - Sync 1 DAGs
[2024-06-03T12:18:08.440+0000] {logging_mixin.py:188} INFO - [2024-06-03T12:18:08.440+0000] {dag.py:3954} INFO - Setting next_dagrun for example_sla_dag to 2024-06-03 12:16:00+00:00, run_after=2024-06-03 12:18:00+00:00
[2024-06-03T12:18:08.457+0000] {processor.py:183} INFO - Processing /home/airflow/.local/lib/python3.12/site-packages/airflow/example_dags/example_sla_dag.py took 0.179 seconds
[2024-06-03T12:18:39.381+0000] {processor.py:161} INFO - Started process (PID=1811) to work on /home/airflow/.local/lib/python3.12/site-packages/airflow/example_dags/example_sla_dag.py
[2024-06-03T12:18:39.383+0000] {processor.py:830} INFO - Processing file /home/airflow/.local/lib/python3.12/site-packages/airflow/example_dags/example_sla_dag.py for tasks to queue
[2024-06-03T12:18:39.385+0000] {logging_mixin.py:188} INFO - [2024-06-03T12:18:39.385+0000] {dagbag.py:545} INFO - Filling up the DagBag from /home/airflow/.local/lib/python3.12/site-packages/airflow/example_dags/example_sla_dag.py
[2024-06-03T12:18:39.393+0000] {processor.py:840} INFO - DAG(s) 'example_sla_dag' retrieved from /home/airflow/.local/lib/python3.12/site-packages/airflow/example_dags/example_sla_dag.py
[2024-06-03T12:18:39.412+0000] {logging_mixin.py:188} INFO - [2024-06-03T12:18:39.412+0000] {dag.py:3096} INFO - Sync 1 DAGs
[2024-06-03T12:18:39.433+0000] {logging_mixin.py:188} INFO - [2024-06-03T12:18:39.432+0000] {dag.py:3954} INFO - Setting next_dagrun for example_sla_dag to 2024-06-03 12:16:00+00:00, run_after=2024-06-03 12:18:00+00:00
[2024-06-03T12:18:39.452+0000] {processor.py:183} INFO - Processing /home/airflow/.local/lib/python3.12/site-packages/airflow/example_dags/example_sla_dag.py took 0.076 seconds
[2024-06-03T12:19:09.617+0000] {processor.py:161} INFO - Started process (PID=1868) to work on /home/airflow/.local/lib/python3.12/site-packages/airflow/example_dags/example_sla_dag.py
[2024-06-03T12:19:09.619+0000] {processor.py:830} INFO - Processing file /home/airflow/.local/lib/python3.12/site-packages/airflow/example_dags/example_sla_dag.py for tasks to queue
[2024-06-03T12:19:09.621+0000] {logging_mixin.py:188} INFO - [2024-06-03T12:19:09.621+0000] {dagbag.py:545} INFO - Filling up the DagBag from /home/airflow/.local/lib/python3.12/site-packages/airflow/example_dags/example_sla_dag.py
[2024-06-03T12:19:09.628+0000] {processor.py:840} INFO - DAG(s) 'example_sla_dag' retrieved from /home/airflow/.local/lib/python3.12/site-packages/airflow/example_dags/example_sla_dag.py
[2024-06-03T12:19:09.646+0000] {logging_mixin.py:188} INFO - [2024-06-03T12:19:09.646+0000] {dag.py:3096} INFO - Sync 1 DAGs
[2024-06-03T12:19:09.666+0000] {logging_mixin.py:188} INFO - [2024-06-03T12:19:09.666+0000] {dag.py:3954} INFO - Setting next_dagrun for example_sla_dag to 2024-06-03 12:16:00+00:00, run_after=2024-06-03 12:18:00+00:00
[2024-06-03T12:19:09.682+0000] {processor.py:183} INFO - Processing /home/airflow/.local/lib/python3.12/site-packages/airflow/example_dags/example_sla_dag.py took 0.071 seconds
[2024-06-03T12:19:39.796+0000] {processor.py:161} INFO - Started process (PID=1926) to work on /home/airflow/.local/lib/python3.12/site-packages/airflow/example_dags/example_sla_dag.py
[2024-06-03T12:19:39.797+0000] {processor.py:830} INFO - Processing file /home/airflow/.local/lib/python3.12/site-packages/airflow/example_dags/example_sla_dag.py for tasks to queue
[2024-06-03T12:19:39.799+0000] {logging_mixin.py:188} INFO - [2024-06-03T12:19:39.798+0000] {dagbag.py:545} INFO - Filling up the DagBag from /home/airflow/.local/lib/python3.12/site-packages/airflow/example_dags/example_sla_dag.py
[2024-06-03T12:19:39.806+0000] {processor.py:840} INFO - DAG(s) 'example_sla_dag' retrieved from /home/airflow/.local/lib/python3.12/site-packages/airflow/example_dags/example_sla_dag.py
[2024-06-03T12:19:39.826+0000] {logging_mixin.py:188} INFO - [2024-06-03T12:19:39.825+0000] {dag.py:3096} INFO - Sync 1 DAGs
[2024-06-03T12:19:39.847+0000] {logging_mixin.py:188} INFO - [2024-06-03T12:19:39.846+0000] {dag.py:3954} INFO - Setting next_dagrun for example_sla_dag to 2024-06-03 12:16:00+00:00, run_after=2024-06-03 12:18:00+00:00
[2024-06-03T12:19:39.863+0000] {processor.py:183} INFO - Processing /home/airflow/.local/lib/python3.12/site-packages/airflow/example_dags/example_sla_dag.py took 0.074 seconds
[2024-06-03T12:20:10.682+0000] {processor.py:161} INFO - Started process (PID=1985) to work on /home/airflow/.local/lib/python3.12/site-packages/airflow/example_dags/example_sla_dag.py
[2024-06-03T12:20:10.683+0000] {processor.py:830} INFO - Processing file /home/airflow/.local/lib/python3.12/site-packages/airflow/example_dags/example_sla_dag.py for tasks to queue
[2024-06-03T12:20:10.685+0000] {logging_mixin.py:188} INFO - [2024-06-03T12:20:10.685+0000] {dagbag.py:545} INFO - Filling up the DagBag from /home/airflow/.local/lib/python3.12/site-packages/airflow/example_dags/example_sla_dag.py
[2024-06-03T12:20:10.693+0000] {processor.py:840} INFO - DAG(s) 'example_sla_dag' retrieved from /home/airflow/.local/lib/python3.12/site-packages/airflow/example_dags/example_sla_dag.py
[2024-06-03T12:20:10.709+0000] {logging_mixin.py:188} INFO - [2024-06-03T12:20:10.709+0000] {dag.py:3096} INFO - Sync 1 DAGs
[2024-06-03T12:20:10.730+0000] {logging_mixin.py:188} INFO - [2024-06-03T12:20:10.730+0000] {dag.py:3954} INFO - Setting next_dagrun for example_sla_dag to 2024-06-03 12:18:00+00:00, run_after=2024-06-03 12:20:00+00:00
[2024-06-03T12:20:10.748+0000] {processor.py:183} INFO - Processing /home/airflow/.local/lib/python3.12/site-packages/airflow/example_dags/example_sla_dag.py took 0.071 seconds
[2024-06-03T12:20:41.059+0000] {processor.py:161} INFO - Started process (PID=2043) to work on /home/airflow/.local/lib/python3.12/site-packages/airflow/example_dags/example_sla_dag.py
[2024-06-03T12:20:41.060+0000] {processor.py:830} INFO - Processing file /home/airflow/.local/lib/python3.12/site-packages/airflow/example_dags/example_sla_dag.py for tasks to queue
[2024-06-03T12:20:41.062+0000] {logging_mixin.py:188} INFO - [2024-06-03T12:20:41.062+0000] {dagbag.py:545} INFO - Filling up the DagBag from /home/airflow/.local/lib/python3.12/site-packages/airflow/example_dags/example_sla_dag.py
[2024-06-03T12:20:41.069+0000] {processor.py:840} INFO - DAG(s) 'example_sla_dag' retrieved from /home/airflow/.local/lib/python3.12/site-packages/airflow/example_dags/example_sla_dag.py
[2024-06-03T12:20:41.087+0000] {logging_mixin.py:188} INFO - [2024-06-03T12:20:41.087+0000] {dag.py:3096} INFO - Sync 1 DAGs
[2024-06-03T12:20:41.107+0000] {logging_mixin.py:188} INFO - [2024-06-03T12:20:41.107+0000] {dag.py:3954} INFO - Setting next_dagrun for example_sla_dag to 2024-06-03 12:18:00+00:00, run_after=2024-06-03 12:20:00+00:00
[2024-06-03T12:20:41.125+0000] {processor.py:183} INFO - Processing /home/airflow/.local/lib/python3.12/site-packages/airflow/example_dags/example_sla_dag.py took 0.071 seconds
[2024-06-03T12:21:11.375+0000] {processor.py:161} INFO - Started process (PID=2101) to work on /home/airflow/.local/lib/python3.12/site-packages/airflow/example_dags/example_sla_dag.py
[2024-06-03T12:21:11.377+0000] {processor.py:830} INFO - Processing file /home/airflow/.local/lib/python3.12/site-packages/airflow/example_dags/example_sla_dag.py for tasks to queue
[2024-06-03T12:21:11.379+0000] {logging_mixin.py:188} INFO - [2024-06-03T12:21:11.379+0000] {dagbag.py:545} INFO - Filling up the DagBag from /home/airflow/.local/lib/python3.12/site-packages/airflow/example_dags/example_sla_dag.py
[2024-06-03T12:21:11.387+0000] {processor.py:840} INFO - DAG(s) 'example_sla_dag' retrieved from /home/airflow/.local/lib/python3.12/site-packages/airflow/example_dags/example_sla_dag.py
[2024-06-03T12:21:11.403+0000] {logging_mixin.py:188} INFO - [2024-06-03T12:21:11.403+0000] {dag.py:3096} INFO - Sync 1 DAGs
[2024-06-03T12:21:11.423+0000] {logging_mixin.py:188} INFO - [2024-06-03T12:21:11.423+0000] {dag.py:3954} INFO - Setting next_dagrun for example_sla_dag to 2024-06-03 12:18:00+00:00, run_after=2024-06-03 12:20:00+00:00
[2024-06-03T12:21:11.442+0000] {processor.py:183} INFO - Processing /home/airflow/.local/lib/python3.12/site-packages/airflow/example_dags/example_sla_dag.py took 0.072 seconds
[2024-06-03T12:21:41.620+0000] {processor.py:161} INFO - Started process (PID=2159) to work on /home/airflow/.local/lib/python3.12/site-packages/airflow/example_dags/example_sla_dag.py
[2024-06-03T12:21:41.622+0000] {processor.py:830} INFO - Processing file /home/airflow/.local/lib/python3.12/site-packages/airflow/example_dags/example_sla_dag.py for tasks to queue
[2024-06-03T12:21:41.624+0000] {logging_mixin.py:188} INFO - [2024-06-03T12:21:41.624+0000] {dagbag.py:545} INFO - Filling up the DagBag from /home/airflow/.local/lib/python3.12/site-packages/airflow/example_dags/example_sla_dag.py
[2024-06-03T12:21:41.632+0000] {processor.py:840} INFO - DAG(s) 'example_sla_dag' retrieved from /home/airflow/.local/lib/python3.12/site-packages/airflow/example_dags/example_sla_dag.py
[2024-06-03T12:21:41.653+0000] {logging_mixin.py:188} INFO - [2024-06-03T12:21:41.652+0000] {dag.py:3096} INFO - Sync 1 DAGs
[2024-06-03T12:21:41.676+0000] {logging_mixin.py:188} INFO - [2024-06-03T12:21:41.675+0000] {dag.py:3954} INFO - Setting next_dagrun for example_sla_dag to 2024-06-03 12:18:00+00:00, run_after=2024-06-03 12:20:00+00:00
[2024-06-03T12:21:41.693+0000] {processor.py:183} INFO - Processing /home/airflow/.local/lib/python3.12/site-packages/airflow/example_dags/example_sla_dag.py took 0.079 seconds
[2024-06-03T12:22:12.348+0000] {processor.py:161} INFO - Started process (PID=2217) to work on /home/airflow/.local/lib/python3.12/site-packages/airflow/example_dags/example_sla_dag.py
[2024-06-03T12:22:12.350+0000] {processor.py:830} INFO - Processing file /home/airflow/.local/lib/python3.12/site-packages/airflow/example_dags/example_sla_dag.py for tasks to queue
[2024-06-03T12:22:12.352+0000] {logging_mixin.py:188} INFO - [2024-06-03T12:22:12.352+0000] {dagbag.py:545} INFO - Filling up the DagBag from /home/airflow/.local/lib/python3.12/site-packages/airflow/example_dags/example_sla_dag.py
[2024-06-03T12:22:12.360+0000] {processor.py:840} INFO - DAG(s) 'example_sla_dag' retrieved from /home/airflow/.local/lib/python3.12/site-packages/airflow/example_dags/example_sla_dag.py
[2024-06-03T12:22:12.378+0000] {logging_mixin.py:188} INFO - [2024-06-03T12:22:12.378+0000] {dag.py:3096} INFO - Sync 1 DAGs
[2024-06-03T12:22:12.399+0000] {logging_mixin.py:188} INFO - [2024-06-03T12:22:12.399+0000] {dag.py:3954} INFO - Setting next_dagrun for example_sla_dag to 2024-06-03 12:20:00+00:00, run_after=2024-06-03 12:22:00+00:00
[2024-06-03T12:22:12.418+0000] {processor.py:183} INFO - Processing /home/airflow/.local/lib/python3.12/site-packages/airflow/example_dags/example_sla_dag.py took 0.075 seconds
[2024-06-03T12:22:42.495+0000] {processor.py:161} INFO - Started process (PID=2274) to work on /home/airflow/.local/lib/python3.12/site-packages/airflow/example_dags/example_sla_dag.py
[2024-06-03T12:22:42.497+0000] {processor.py:830} INFO - Processing file /home/airflow/.local/lib/python3.12/site-packages/airflow/example_dags/example_sla_dag.py for tasks to queue
[2024-06-03T12:22:42.499+0000] {logging_mixin.py:188} INFO - [2024-06-03T12:22:42.498+0000] {dagbag.py:545} INFO - Filling up the DagBag from /home/airflow/.local/lib/python3.12/site-packages/airflow/example_dags/example_sla_dag.py
[2024-06-03T12:22:42.506+0000] {processor.py:840} INFO - DAG(s) 'example_sla_dag' retrieved from /home/airflow/.local/lib/python3.12/site-packages/airflow/example_dags/example_sla_dag.py
[2024-06-03T12:22:42.524+0000] {logging_mixin.py:188} INFO - [2024-06-03T12:22:42.524+0000] {dag.py:3096} INFO - Sync 1 DAGs
[2024-06-03T12:22:42.545+0000] {logging_mixin.py:188} INFO - [2024-06-03T12:22:42.544+0000] {dag.py:3954} INFO - Setting next_dagrun for example_sla_dag to 2024-06-03 12:20:00+00:00, run_after=2024-06-03 12:22:00+00:00
[2024-06-03T12:22:42.563+0000] {processor.py:183} INFO - Processing /home/airflow/.local/lib/python3.12/site-packages/airflow/example_dags/example_sla_dag.py took 0.073 seconds
[2024-06-03T12:23:13.039+0000] {processor.py:161} INFO - Started process (PID=2333) to work on /home/airflow/.local/lib/python3.12/site-packages/airflow/example_dags/example_sla_dag.py
[2024-06-03T12:23:13.040+0000] {processor.py:830} INFO - Processing file /home/airflow/.local/lib/python3.12/site-packages/airflow/example_dags/example_sla_dag.py for tasks to queue
[2024-06-03T12:23:13.042+0000] {logging_mixin.py:188} INFO - [2024-06-03T12:23:13.042+0000] {dagbag.py:545} INFO - Filling up the DagBag from /home/airflow/.local/lib/python3.12/site-packages/airflow/example_dags/example_sla_dag.py
[2024-06-03T12:23:13.050+0000] {processor.py:840} INFO - DAG(s) 'example_sla_dag' retrieved from /home/airflow/.local/lib/python3.12/site-packages/airflow/example_dags/example_sla_dag.py
[2024-06-03T12:23:13.069+0000] {logging_mixin.py:188} INFO - [2024-06-03T12:23:13.069+0000] {dag.py:3096} INFO - Sync 1 DAGs
[2024-06-03T12:23:13.091+0000] {logging_mixin.py:188} INFO - [2024-06-03T12:23:13.091+0000] {dag.py:3954} INFO - Setting next_dagrun for example_sla_dag to 2024-06-03 12:20:00+00:00, run_after=2024-06-03 12:22:00+00:00
[2024-06-03T12:23:13.110+0000] {processor.py:183} INFO - Processing /home/airflow/.local/lib/python3.12/site-packages/airflow/example_dags/example_sla_dag.py took 0.076 seconds
[2024-06-03T12:23:43.313+0000] {processor.py:161} INFO - Started process (PID=2390) to work on /home/airflow/.local/lib/python3.12/site-packages/airflow/example_dags/example_sla_dag.py
[2024-06-03T12:23:43.314+0000] {processor.py:830} INFO - Processing file /home/airflow/.local/lib/python3.12/site-packages/airflow/example_dags/example_sla_dag.py for tasks to queue
[2024-06-03T12:23:43.316+0000] {logging_mixin.py:188} INFO - [2024-06-03T12:23:43.316+0000] {dagbag.py:545} INFO - Filling up the DagBag from /home/airflow/.local/lib/python3.12/site-packages/airflow/example_dags/example_sla_dag.py
[2024-06-03T12:23:43.324+0000] {processor.py:840} INFO - DAG(s) 'example_sla_dag' retrieved from /home/airflow/.local/lib/python3.12/site-packages/airflow/example_dags/example_sla_dag.py
[2024-06-03T12:23:43.353+0000] {logging_mixin.py:188} INFO - [2024-06-03T12:23:43.353+0000] {dag.py:3096} INFO - Sync 1 DAGs
[2024-06-03T12:23:43.393+0000] {logging_mixin.py:188} INFO - [2024-06-03T12:23:43.393+0000] {dag.py:3954} INFO - Setting next_dagrun for example_sla_dag to 2024-06-03 12:20:00+00:00, run_after=2024-06-03 12:22:00+00:00
[2024-06-03T12:23:43.423+0000] {processor.py:183} INFO - Processing /home/airflow/.local/lib/python3.12/site-packages/airflow/example_dags/example_sla_dag.py took 0.118 seconds
[2024-06-03T12:24:13.525+0000] {processor.py:161} INFO - Started process (PID=2449) to work on /home/airflow/.local/lib/python3.12/site-packages/airflow/example_dags/example_sla_dag.py
[2024-06-03T12:24:13.526+0000] {processor.py:830} INFO - Processing file /home/airflow/.local/lib/python3.12/site-packages/airflow/example_dags/example_sla_dag.py for tasks to queue
[2024-06-03T12:24:13.529+0000] {logging_mixin.py:188} INFO - [2024-06-03T12:24:13.528+0000] {dagbag.py:545} INFO - Filling up the DagBag from /home/airflow/.local/lib/python3.12/site-packages/airflow/example_dags/example_sla_dag.py
[2024-06-03T12:24:13.536+0000] {processor.py:840} INFO - DAG(s) 'example_sla_dag' retrieved from /home/airflow/.local/lib/python3.12/site-packages/airflow/example_dags/example_sla_dag.py
[2024-06-03T12:24:13.555+0000] {logging_mixin.py:188} INFO - [2024-06-03T12:24:13.554+0000] {dag.py:3096} INFO - Sync 1 DAGs
[2024-06-03T12:24:13.575+0000] {logging_mixin.py:188} INFO - [2024-06-03T12:24:13.575+0000] {dag.py:3954} INFO - Setting next_dagrun for example_sla_dag to 2024-06-03 12:22:00+00:00, run_after=2024-06-03 12:24:00+00:00
[2024-06-03T12:24:13.593+0000] {processor.py:183} INFO - Processing /home/airflow/.local/lib/python3.12/site-packages/airflow/example_dags/example_sla_dag.py took 0.074 seconds
[2024-06-03T12:24:43.832+0000] {processor.py:161} INFO - Started process (PID=2507) to work on /home/airflow/.local/lib/python3.12/site-packages/airflow/example_dags/example_sla_dag.py
[2024-06-03T12:24:43.833+0000] {processor.py:830} INFO - Processing file /home/airflow/.local/lib/python3.12/site-packages/airflow/example_dags/example_sla_dag.py for tasks to queue
[2024-06-03T12:24:43.835+0000] {logging_mixin.py:188} INFO - [2024-06-03T12:24:43.835+0000] {dagbag.py:545} INFO - Filling up the DagBag from /home/airflow/.local/lib/python3.12/site-packages/airflow/example_dags/example_sla_dag.py
[2024-06-03T12:24:43.843+0000] {processor.py:840} INFO - DAG(s) 'example_sla_dag' retrieved from /home/airflow/.local/lib/python3.12/site-packages/airflow/example_dags/example_sla_dag.py
[2024-06-03T12:24:43.909+0000] {logging_mixin.py:188} INFO - [2024-06-03T12:24:43.908+0000] {dag.py:3096} INFO - Sync 1 DAGs
[2024-06-03T12:24:43.931+0000] {logging_mixin.py:188} INFO - [2024-06-03T12:24:43.931+0000] {dag.py:3954} INFO - Setting next_dagrun for example_sla_dag to 2024-06-03 12:22:00+00:00, run_after=2024-06-03 12:24:00+00:00
[2024-06-03T12:24:43.948+0000] {processor.py:183} INFO - Processing /home/airflow/.local/lib/python3.12/site-packages/airflow/example_dags/example_sla_dag.py took 0.122 seconds
[2024-06-03T12:25:14.297+0000] {processor.py:161} INFO - Started process (PID=2571) to work on /home/airflow/.local/lib/python3.12/site-packages/airflow/example_dags/example_sla_dag.py
[2024-06-03T12:25:14.299+0000] {processor.py:830} INFO - Processing file /home/airflow/.local/lib/python3.12/site-packages/airflow/example_dags/example_sla_dag.py for tasks to queue
[2024-06-03T12:25:14.302+0000] {logging_mixin.py:188} INFO - [2024-06-03T12:25:14.302+0000] {dagbag.py:545} INFO - Filling up the DagBag from /home/airflow/.local/lib/python3.12/site-packages/airflow/example_dags/example_sla_dag.py
[2024-06-03T12:25:14.310+0000] {processor.py:840} INFO - DAG(s) 'example_sla_dag' retrieved from /home/airflow/.local/lib/python3.12/site-packages/airflow/example_dags/example_sla_dag.py
[2024-06-03T12:25:14.333+0000] {logging_mixin.py:188} INFO - [2024-06-03T12:25:14.332+0000] {dag.py:3096} INFO - Sync 1 DAGs
[2024-06-03T12:25:14.358+0000] {logging_mixin.py:188} INFO - [2024-06-03T12:25:14.357+0000] {dag.py:3954} INFO - Setting next_dagrun for example_sla_dag to 2024-06-03 12:22:00+00:00, run_after=2024-06-03 12:24:00+00:00
[2024-06-03T12:25:14.378+0000] {processor.py:183} INFO - Processing /home/airflow/.local/lib/python3.12/site-packages/airflow/example_dags/example_sla_dag.py took 0.086 seconds
[2024-06-03T12:25:44.777+0000] {processor.py:161} INFO - Started process (PID=2628) to work on /home/airflow/.local/lib/python3.12/site-packages/airflow/example_dags/example_sla_dag.py
[2024-06-03T12:25:44.779+0000] {processor.py:830} INFO - Processing file /home/airflow/.local/lib/python3.12/site-packages/airflow/example_dags/example_sla_dag.py for tasks to queue
[2024-06-03T12:25:44.781+0000] {logging_mixin.py:188} INFO - [2024-06-03T12:25:44.781+0000] {dagbag.py:545} INFO - Filling up the DagBag from /home/airflow/.local/lib/python3.12/site-packages/airflow/example_dags/example_sla_dag.py
[2024-06-03T12:25:44.791+0000] {processor.py:840} INFO - DAG(s) 'example_sla_dag' retrieved from /home/airflow/.local/lib/python3.12/site-packages/airflow/example_dags/example_sla_dag.py
[2024-06-03T12:25:44.812+0000] {logging_mixin.py:188} INFO - [2024-06-03T12:25:44.812+0000] {dag.py:3096} INFO - Sync 1 DAGs
[2024-06-03T12:25:44.837+0000] {logging_mixin.py:188} INFO - [2024-06-03T12:25:44.837+0000] {dag.py:3954} INFO - Setting next_dagrun for example_sla_dag to 2024-06-03 12:22:00+00:00, run_after=2024-06-03 12:24:00+00:00
[2024-06-03T12:25:44.858+0000] {processor.py:183} INFO - Processing /home/airflow/.local/lib/python3.12/site-packages/airflow/example_dags/example_sla_dag.py took 0.088 seconds
[2024-06-03T12:26:15.080+0000] {processor.py:161} INFO - Started process (PID=2686) to work on /home/airflow/.local/lib/python3.12/site-packages/airflow/example_dags/example_sla_dag.py
[2024-06-03T12:26:15.082+0000] {processor.py:830} INFO - Processing file /home/airflow/.local/lib/python3.12/site-packages/airflow/example_dags/example_sla_dag.py for tasks to queue
[2024-06-03T12:26:15.085+0000] {logging_mixin.py:188} INFO - [2024-06-03T12:26:15.084+0000] {dagbag.py:545} INFO - Filling up the DagBag from /home/airflow/.local/lib/python3.12/site-packages/airflow/example_dags/example_sla_dag.py
[2024-06-03T12:26:15.092+0000] {processor.py:840} INFO - DAG(s) 'example_sla_dag' retrieved from /home/airflow/.local/lib/python3.12/site-packages/airflow/example_dags/example_sla_dag.py
[2024-06-03T12:26:15.112+0000] {logging_mixin.py:188} INFO - [2024-06-03T12:26:15.111+0000] {dag.py:3096} INFO - Sync 1 DAGs
[2024-06-03T12:26:15.134+0000] {logging_mixin.py:188} INFO - [2024-06-03T12:26:15.133+0000] {dag.py:3954} INFO - Setting next_dagrun for example_sla_dag to 2024-06-03 12:24:00+00:00, run_after=2024-06-03 12:26:00+00:00
[2024-06-03T12:26:15.154+0000] {processor.py:183} INFO - Processing /home/airflow/.local/lib/python3.12/site-packages/airflow/example_dags/example_sla_dag.py took 0.082 seconds
[2024-06-03T12:26:45.427+0000] {processor.py:161} INFO - Started process (PID=2744) to work on /home/airflow/.local/lib/python3.12/site-packages/airflow/example_dags/example_sla_dag.py
[2024-06-03T12:26:45.429+0000] {processor.py:830} INFO - Processing file /home/airflow/.local/lib/python3.12/site-packages/airflow/example_dags/example_sla_dag.py for tasks to queue
[2024-06-03T12:26:45.431+0000] {logging_mixin.py:188} INFO - [2024-06-03T12:26:45.430+0000] {dagbag.py:545} INFO - Filling up the DagBag from /home/airflow/.local/lib/python3.12/site-packages/airflow/example_dags/example_sla_dag.py
[2024-06-03T12:26:45.438+0000] {processor.py:840} INFO - DAG(s) 'example_sla_dag' retrieved from /home/airflow/.local/lib/python3.12/site-packages/airflow/example_dags/example_sla_dag.py
[2024-06-03T12:26:45.457+0000] {logging_mixin.py:188} INFO - [2024-06-03T12:26:45.457+0000] {dag.py:3096} INFO - Sync 1 DAGs
[2024-06-03T12:26:45.477+0000] {logging_mixin.py:188} INFO - [2024-06-03T12:26:45.477+0000] {dag.py:3954} INFO - Setting next_dagrun for example_sla_dag to 2024-06-03 12:24:00+00:00, run_after=2024-06-03 12:26:00+00:00
[2024-06-03T12:26:45.495+0000] {processor.py:183} INFO - Processing /home/airflow/.local/lib/python3.12/site-packages/airflow/example_dags/example_sla_dag.py took 0.074 seconds
[2024-06-03T12:27:15.819+0000] {processor.py:161} INFO - Started process (PID=2802) to work on /home/airflow/.local/lib/python3.12/site-packages/airflow/example_dags/example_sla_dag.py
[2024-06-03T12:27:15.820+0000] {processor.py:830} INFO - Processing file /home/airflow/.local/lib/python3.12/site-packages/airflow/example_dags/example_sla_dag.py for tasks to queue
[2024-06-03T12:27:15.822+0000] {logging_mixin.py:188} INFO - [2024-06-03T12:27:15.822+0000] {dagbag.py:545} INFO - Filling up the DagBag from /home/airflow/.local/lib/python3.12/site-packages/airflow/example_dags/example_sla_dag.py
[2024-06-03T12:27:15.830+0000] {processor.py:840} INFO - DAG(s) 'example_sla_dag' retrieved from /home/airflow/.local/lib/python3.12/site-packages/airflow/example_dags/example_sla_dag.py
[2024-06-03T12:27:15.848+0000] {logging_mixin.py:188} INFO - [2024-06-03T12:27:15.848+0000] {dag.py:3096} INFO - Sync 1 DAGs
[2024-06-03T12:27:15.869+0000] {logging_mixin.py:188} INFO - [2024-06-03T12:27:15.869+0000] {dag.py:3954} INFO - Setting next_dagrun for example_sla_dag to 2024-06-03 12:24:00+00:00, run_after=2024-06-03 12:26:00+00:00
[2024-06-03T12:27:15.888+0000] {processor.py:183} INFO - Processing /home/airflow/.local/lib/python3.12/site-packages/airflow/example_dags/example_sla_dag.py took 0.075 seconds
[2024-06-03T12:27:46.007+0000] {processor.py:161} INFO - Started process (PID=2860) to work on /home/airflow/.local/lib/python3.12/site-packages/airflow/example_dags/example_sla_dag.py
[2024-06-03T12:27:46.009+0000] {processor.py:830} INFO - Processing file /home/airflow/.local/lib/python3.12/site-packages/airflow/example_dags/example_sla_dag.py for tasks to queue
[2024-06-03T12:27:46.011+0000] {logging_mixin.py:188} INFO - [2024-06-03T12:27:46.011+0000] {dagbag.py:545} INFO - Filling up the DagBag from /home/airflow/.local/lib/python3.12/site-packages/airflow/example_dags/example_sla_dag.py
[2024-06-03T12:27:46.019+0000] {processor.py:840} INFO - DAG(s) 'example_sla_dag' retrieved from /home/airflow/.local/lib/python3.12/site-packages/airflow/example_dags/example_sla_dag.py
[2024-06-03T12:27:46.038+0000] {logging_mixin.py:188} INFO - [2024-06-03T12:27:46.038+0000] {dag.py:3096} INFO - Sync 1 DAGs
[2024-06-03T12:27:46.056+0000] {logging_mixin.py:188} INFO - [2024-06-03T12:27:46.056+0000] {dag.py:3954} INFO - Setting next_dagrun for example_sla_dag to 2024-06-03 12:24:00+00:00, run_after=2024-06-03 12:26:00+00:00
[2024-06-03T12:27:46.073+0000] {processor.py:183} INFO - Processing /home/airflow/.local/lib/python3.12/site-packages/airflow/example_dags/example_sla_dag.py took 0.072 seconds
