[2024-06-03T12:03:25.010+0000] {processor.py:161} INFO - Started process (PID=82) to work on /home/airflow/.local/lib/python3.12/site-packages/airflow/example_dags/example_latest_only_with_trigger.py
[2024-06-03T12:03:25.013+0000] {processor.py:830} INFO - Processing file /home/airflow/.local/lib/python3.12/site-packages/airflow/example_dags/example_latest_only_with_trigger.py for tasks to queue
[2024-06-03T12:03:25.015+0000] {logging_mixin.py:188} INFO - [2024-06-03T12:03:25.015+0000] {dagbag.py:545} INFO - Filling up the DagBag from /home/airflow/.local/lib/python3.12/site-packages/airflow/example_dags/example_latest_only_with_trigger.py
[2024-06-03T12:03:25.023+0000] {processor.py:840} INFO - DAG(s) 'latest_only_with_trigger' retrieved from /home/airflow/.local/lib/python3.12/site-packages/airflow/example_dags/example_latest_only_with_trigger.py
[2024-06-03T12:03:25.043+0000] {logging_mixin.py:188} INFO - [2024-06-03T12:03:25.043+0000] {dag.py:3096} INFO - Sync 1 DAGs
[2024-06-03T12:03:25.059+0000] {logging_mixin.py:188} INFO - [2024-06-03T12:03:25.059+0000] {dag.py:3954} INFO - Setting next_dagrun for latest_only_with_trigger to 2024-06-03 08:00:00+00:00, run_after=2024-06-03 12:00:00+00:00
[2024-06-03T12:03:25.076+0000] {processor.py:183} INFO - Processing /home/airflow/.local/lib/python3.12/site-packages/airflow/example_dags/example_latest_only_with_trigger.py took 0.071 seconds
[2024-06-03T12:03:55.815+0000] {processor.py:161} INFO - Started process (PID=140) to work on /home/airflow/.local/lib/python3.12/site-packages/airflow/example_dags/example_latest_only_with_trigger.py
[2024-06-03T12:03:55.817+0000] {processor.py:830} INFO - Processing file /home/airflow/.local/lib/python3.12/site-packages/airflow/example_dags/example_latest_only_with_trigger.py for tasks to queue
[2024-06-03T12:03:55.820+0000] {logging_mixin.py:188} INFO - [2024-06-03T12:03:55.819+0000] {dagbag.py:545} INFO - Filling up the DagBag from /home/airflow/.local/lib/python3.12/site-packages/airflow/example_dags/example_latest_only_with_trigger.py
[2024-06-03T12:03:55.825+0000] {processor.py:840} INFO - DAG(s) 'latest_only_with_trigger' retrieved from /home/airflow/.local/lib/python3.12/site-packages/airflow/example_dags/example_latest_only_with_trigger.py
[2024-06-03T12:03:55.846+0000] {logging_mixin.py:188} INFO - [2024-06-03T12:03:55.846+0000] {dag.py:3096} INFO - Sync 1 DAGs
[2024-06-03T12:03:55.870+0000] {logging_mixin.py:188} INFO - [2024-06-03T12:03:55.870+0000] {dag.py:3954} INFO - Setting next_dagrun for latest_only_with_trigger to 2024-06-03 08:00:00+00:00, run_after=2024-06-03 12:00:00+00:00
[2024-06-03T12:03:55.892+0000] {processor.py:183} INFO - Processing /home/airflow/.local/lib/python3.12/site-packages/airflow/example_dags/example_latest_only_with_trigger.py took 0.082 seconds
[2024-06-03T12:04:26.082+0000] {processor.py:161} INFO - Started process (PID=198) to work on /home/airflow/.local/lib/python3.12/site-packages/airflow/example_dags/example_latest_only_with_trigger.py
[2024-06-03T12:04:26.084+0000] {processor.py:830} INFO - Processing file /home/airflow/.local/lib/python3.12/site-packages/airflow/example_dags/example_latest_only_with_trigger.py for tasks to queue
[2024-06-03T12:04:26.087+0000] {logging_mixin.py:188} INFO - [2024-06-03T12:04:26.086+0000] {dagbag.py:545} INFO - Filling up the DagBag from /home/airflow/.local/lib/python3.12/site-packages/airflow/example_dags/example_latest_only_with_trigger.py
[2024-06-03T12:04:26.091+0000] {processor.py:840} INFO - DAG(s) 'latest_only_with_trigger' retrieved from /home/airflow/.local/lib/python3.12/site-packages/airflow/example_dags/example_latest_only_with_trigger.py
[2024-06-03T12:04:26.112+0000] {logging_mixin.py:188} INFO - [2024-06-03T12:04:26.111+0000] {dag.py:3096} INFO - Sync 1 DAGs
[2024-06-03T12:04:26.131+0000] {logging_mixin.py:188} INFO - [2024-06-03T12:04:26.131+0000] {dag.py:3954} INFO - Setting next_dagrun for latest_only_with_trigger to 2024-06-03 08:00:00+00:00, run_after=2024-06-03 12:00:00+00:00
[2024-06-03T12:04:26.166+0000] {processor.py:183} INFO - Processing /home/airflow/.local/lib/python3.12/site-packages/airflow/example_dags/example_latest_only_with_trigger.py took 0.088 seconds
[2024-06-03T12:04:56.356+0000] {processor.py:161} INFO - Started process (PID=256) to work on /home/airflow/.local/lib/python3.12/site-packages/airflow/example_dags/example_latest_only_with_trigger.py
[2024-06-03T12:04:56.358+0000] {processor.py:830} INFO - Processing file /home/airflow/.local/lib/python3.12/site-packages/airflow/example_dags/example_latest_only_with_trigger.py for tasks to queue
[2024-06-03T12:04:56.360+0000] {logging_mixin.py:188} INFO - [2024-06-03T12:04:56.359+0000] {dagbag.py:545} INFO - Filling up the DagBag from /home/airflow/.local/lib/python3.12/site-packages/airflow/example_dags/example_latest_only_with_trigger.py
[2024-06-03T12:04:56.367+0000] {processor.py:840} INFO - DAG(s) 'latest_only_with_trigger' retrieved from /home/airflow/.local/lib/python3.12/site-packages/airflow/example_dags/example_latest_only_with_trigger.py
[2024-06-03T12:04:56.388+0000] {logging_mixin.py:188} INFO - [2024-06-03T12:04:56.387+0000] {dag.py:3096} INFO - Sync 1 DAGs
[2024-06-03T12:04:56.409+0000] {logging_mixin.py:188} INFO - [2024-06-03T12:04:56.409+0000] {dag.py:3954} INFO - Setting next_dagrun for latest_only_with_trigger to 2024-06-03 08:00:00+00:00, run_after=2024-06-03 12:00:00+00:00
[2024-06-03T12:04:56.428+0000] {processor.py:183} INFO - Processing /home/airflow/.local/lib/python3.12/site-packages/airflow/example_dags/example_latest_only_with_trigger.py took 0.078 seconds
[2024-06-03T12:05:26.807+0000] {processor.py:161} INFO - Started process (PID=314) to work on /home/airflow/.local/lib/python3.12/site-packages/airflow/example_dags/example_latest_only_with_trigger.py
[2024-06-03T12:05:26.809+0000] {processor.py:830} INFO - Processing file /home/airflow/.local/lib/python3.12/site-packages/airflow/example_dags/example_latest_only_with_trigger.py for tasks to queue
[2024-06-03T12:05:26.811+0000] {logging_mixin.py:188} INFO - [2024-06-03T12:05:26.811+0000] {dagbag.py:545} INFO - Filling up the DagBag from /home/airflow/.local/lib/python3.12/site-packages/airflow/example_dags/example_latest_only_with_trigger.py
[2024-06-03T12:05:26.817+0000] {processor.py:840} INFO - DAG(s) 'latest_only_with_trigger' retrieved from /home/airflow/.local/lib/python3.12/site-packages/airflow/example_dags/example_latest_only_with_trigger.py
[2024-06-03T12:05:26.840+0000] {logging_mixin.py:188} INFO - [2024-06-03T12:05:26.840+0000] {dag.py:3096} INFO - Sync 1 DAGs
[2024-06-03T12:05:26.862+0000] {logging_mixin.py:188} INFO - [2024-06-03T12:05:26.862+0000] {dag.py:3954} INFO - Setting next_dagrun for latest_only_with_trigger to 2024-06-03 08:00:00+00:00, run_after=2024-06-03 12:00:00+00:00
[2024-06-03T12:05:26.884+0000] {processor.py:183} INFO - Processing /home/airflow/.local/lib/python3.12/site-packages/airflow/example_dags/example_latest_only_with_trigger.py took 0.083 seconds
[2024-06-03T12:05:57.032+0000] {processor.py:161} INFO - Started process (PID=372) to work on /home/airflow/.local/lib/python3.12/site-packages/airflow/example_dags/example_latest_only_with_trigger.py
[2024-06-03T12:05:57.034+0000] {processor.py:830} INFO - Processing file /home/airflow/.local/lib/python3.12/site-packages/airflow/example_dags/example_latest_only_with_trigger.py for tasks to queue
[2024-06-03T12:05:57.037+0000] {logging_mixin.py:188} INFO - [2024-06-03T12:05:57.037+0000] {dagbag.py:545} INFO - Filling up the DagBag from /home/airflow/.local/lib/python3.12/site-packages/airflow/example_dags/example_latest_only_with_trigger.py
[2024-06-03T12:05:57.044+0000] {processor.py:840} INFO - DAG(s) 'latest_only_with_trigger' retrieved from /home/airflow/.local/lib/python3.12/site-packages/airflow/example_dags/example_latest_only_with_trigger.py
[2024-06-03T12:05:57.070+0000] {logging_mixin.py:188} INFO - [2024-06-03T12:05:57.070+0000] {dag.py:3096} INFO - Sync 1 DAGs
[2024-06-03T12:05:57.097+0000] {logging_mixin.py:188} INFO - [2024-06-03T12:05:57.097+0000] {dag.py:3954} INFO - Setting next_dagrun for latest_only_with_trigger to 2024-06-03 08:00:00+00:00, run_after=2024-06-03 12:00:00+00:00
[2024-06-03T12:05:57.120+0000] {processor.py:183} INFO - Processing /home/airflow/.local/lib/python3.12/site-packages/airflow/example_dags/example_latest_only_with_trigger.py took 0.096 seconds
[2024-06-03T12:06:27.903+0000] {processor.py:161} INFO - Started process (PID=430) to work on /home/airflow/.local/lib/python3.12/site-packages/airflow/example_dags/example_latest_only_with_trigger.py
[2024-06-03T12:06:27.904+0000] {processor.py:830} INFO - Processing file /home/airflow/.local/lib/python3.12/site-packages/airflow/example_dags/example_latest_only_with_trigger.py for tasks to queue
[2024-06-03T12:06:27.906+0000] {logging_mixin.py:188} INFO - [2024-06-03T12:06:27.906+0000] {dagbag.py:545} INFO - Filling up the DagBag from /home/airflow/.local/lib/python3.12/site-packages/airflow/example_dags/example_latest_only_with_trigger.py
[2024-06-03T12:06:27.912+0000] {processor.py:840} INFO - DAG(s) 'latest_only_with_trigger' retrieved from /home/airflow/.local/lib/python3.12/site-packages/airflow/example_dags/example_latest_only_with_trigger.py
[2024-06-03T12:06:27.934+0000] {logging_mixin.py:188} INFO - [2024-06-03T12:06:27.934+0000] {dag.py:3096} INFO - Sync 1 DAGs
[2024-06-03T12:06:27.956+0000] {logging_mixin.py:188} INFO - [2024-06-03T12:06:27.956+0000] {dag.py:3954} INFO - Setting next_dagrun for latest_only_with_trigger to 2024-06-03 08:00:00+00:00, run_after=2024-06-03 12:00:00+00:00
[2024-06-03T12:06:27.975+0000] {processor.py:183} INFO - Processing /home/airflow/.local/lib/python3.12/site-packages/airflow/example_dags/example_latest_only_with_trigger.py took 0.079 seconds
[2024-06-03T12:06:58.384+0000] {processor.py:161} INFO - Started process (PID=488) to work on /home/airflow/.local/lib/python3.12/site-packages/airflow/example_dags/example_latest_only_with_trigger.py
[2024-06-03T12:06:58.385+0000] {processor.py:830} INFO - Processing file /home/airflow/.local/lib/python3.12/site-packages/airflow/example_dags/example_latest_only_with_trigger.py for tasks to queue
[2024-06-03T12:06:58.388+0000] {logging_mixin.py:188} INFO - [2024-06-03T12:06:58.387+0000] {dagbag.py:545} INFO - Filling up the DagBag from /home/airflow/.local/lib/python3.12/site-packages/airflow/example_dags/example_latest_only_with_trigger.py
[2024-06-03T12:06:58.394+0000] {processor.py:840} INFO - DAG(s) 'latest_only_with_trigger' retrieved from /home/airflow/.local/lib/python3.12/site-packages/airflow/example_dags/example_latest_only_with_trigger.py
[2024-06-03T12:06:58.418+0000] {logging_mixin.py:188} INFO - [2024-06-03T12:06:58.418+0000] {dag.py:3096} INFO - Sync 1 DAGs
[2024-06-03T12:06:58.443+0000] {logging_mixin.py:188} INFO - [2024-06-03T12:06:58.442+0000] {dag.py:3954} INFO - Setting next_dagrun for latest_only_with_trigger to 2024-06-03 08:00:00+00:00, run_after=2024-06-03 12:00:00+00:00
[2024-06-03T12:06:58.464+0000] {processor.py:183} INFO - Processing /home/airflow/.local/lib/python3.12/site-packages/airflow/example_dags/example_latest_only_with_trigger.py took 0.087 seconds
[2024-06-03T12:07:28.892+0000] {processor.py:161} INFO - Started process (PID=546) to work on /home/airflow/.local/lib/python3.12/site-packages/airflow/example_dags/example_latest_only_with_trigger.py
[2024-06-03T12:07:28.894+0000] {processor.py:830} INFO - Processing file /home/airflow/.local/lib/python3.12/site-packages/airflow/example_dags/example_latest_only_with_trigger.py for tasks to queue
[2024-06-03T12:07:28.896+0000] {logging_mixin.py:188} INFO - [2024-06-03T12:07:28.896+0000] {dagbag.py:545} INFO - Filling up the DagBag from /home/airflow/.local/lib/python3.12/site-packages/airflow/example_dags/example_latest_only_with_trigger.py
[2024-06-03T12:07:28.902+0000] {processor.py:840} INFO - DAG(s) 'latest_only_with_trigger' retrieved from /home/airflow/.local/lib/python3.12/site-packages/airflow/example_dags/example_latest_only_with_trigger.py
[2024-06-03T12:07:28.922+0000] {logging_mixin.py:188} INFO - [2024-06-03T12:07:28.922+0000] {dag.py:3096} INFO - Sync 1 DAGs
[2024-06-03T12:07:28.948+0000] {logging_mixin.py:188} INFO - [2024-06-03T12:07:28.948+0000] {dag.py:3954} INFO - Setting next_dagrun for latest_only_with_trigger to 2024-06-03 08:00:00+00:00, run_after=2024-06-03 12:00:00+00:00
[2024-06-03T12:07:28.971+0000] {processor.py:183} INFO - Processing /home/airflow/.local/lib/python3.12/site-packages/airflow/example_dags/example_latest_only_with_trigger.py took 0.084 seconds
[2024-06-03T12:07:59.381+0000] {processor.py:161} INFO - Started process (PID=604) to work on /home/airflow/.local/lib/python3.12/site-packages/airflow/example_dags/example_latest_only_with_trigger.py
[2024-06-03T12:07:59.383+0000] {processor.py:830} INFO - Processing file /home/airflow/.local/lib/python3.12/site-packages/airflow/example_dags/example_latest_only_with_trigger.py for tasks to queue
[2024-06-03T12:07:59.385+0000] {logging_mixin.py:188} INFO - [2024-06-03T12:07:59.385+0000] {dagbag.py:545} INFO - Filling up the DagBag from /home/airflow/.local/lib/python3.12/site-packages/airflow/example_dags/example_latest_only_with_trigger.py
[2024-06-03T12:07:59.392+0000] {processor.py:840} INFO - DAG(s) 'latest_only_with_trigger' retrieved from /home/airflow/.local/lib/python3.12/site-packages/airflow/example_dags/example_latest_only_with_trigger.py
[2024-06-03T12:07:59.412+0000] {logging_mixin.py:188} INFO - [2024-06-03T12:07:59.412+0000] {dag.py:3096} INFO - Sync 1 DAGs
[2024-06-03T12:07:59.434+0000] {logging_mixin.py:188} INFO - [2024-06-03T12:07:59.434+0000] {dag.py:3954} INFO - Setting next_dagrun for latest_only_with_trigger to 2024-06-03 08:00:00+00:00, run_after=2024-06-03 12:00:00+00:00
[2024-06-03T12:07:59.452+0000] {processor.py:183} INFO - Processing /home/airflow/.local/lib/python3.12/site-packages/airflow/example_dags/example_latest_only_with_trigger.py took 0.077 seconds
[2024-06-03T12:08:30.467+0000] {processor.py:161} INFO - Started process (PID=662) to work on /home/airflow/.local/lib/python3.12/site-packages/airflow/example_dags/example_latest_only_with_trigger.py
[2024-06-03T12:08:30.469+0000] {processor.py:830} INFO - Processing file /home/airflow/.local/lib/python3.12/site-packages/airflow/example_dags/example_latest_only_with_trigger.py for tasks to queue
[2024-06-03T12:08:30.474+0000] {logging_mixin.py:188} INFO - [2024-06-03T12:08:30.473+0000] {dagbag.py:545} INFO - Filling up the DagBag from /home/airflow/.local/lib/python3.12/site-packages/airflow/example_dags/example_latest_only_with_trigger.py
[2024-06-03T12:08:30.483+0000] {processor.py:840} INFO - DAG(s) 'latest_only_with_trigger' retrieved from /home/airflow/.local/lib/python3.12/site-packages/airflow/example_dags/example_latest_only_with_trigger.py
[2024-06-03T12:08:30.511+0000] {logging_mixin.py:188} INFO - [2024-06-03T12:08:30.511+0000] {dag.py:3096} INFO - Sync 1 DAGs
[2024-06-03T12:08:30.540+0000] {logging_mixin.py:188} INFO - [2024-06-03T12:08:30.539+0000] {dag.py:3954} INFO - Setting next_dagrun for latest_only_with_trigger to 2024-06-03 08:00:00+00:00, run_after=2024-06-03 12:00:00+00:00
[2024-06-03T12:08:30.566+0000] {processor.py:183} INFO - Processing /home/airflow/.local/lib/python3.12/site-packages/airflow/example_dags/example_latest_only_with_trigger.py took 0.109 seconds
[2024-06-03T12:09:01.159+0000] {processor.py:161} INFO - Started process (PID=720) to work on /home/airflow/.local/lib/python3.12/site-packages/airflow/example_dags/example_latest_only_with_trigger.py
[2024-06-03T12:09:01.160+0000] {processor.py:830} INFO - Processing file /home/airflow/.local/lib/python3.12/site-packages/airflow/example_dags/example_latest_only_with_trigger.py for tasks to queue
[2024-06-03T12:09:01.163+0000] {logging_mixin.py:188} INFO - [2024-06-03T12:09:01.162+0000] {dagbag.py:545} INFO - Filling up the DagBag from /home/airflow/.local/lib/python3.12/site-packages/airflow/example_dags/example_latest_only_with_trigger.py
[2024-06-03T12:09:01.169+0000] {processor.py:840} INFO - DAG(s) 'latest_only_with_trigger' retrieved from /home/airflow/.local/lib/python3.12/site-packages/airflow/example_dags/example_latest_only_with_trigger.py
[2024-06-03T12:09:01.194+0000] {logging_mixin.py:188} INFO - [2024-06-03T12:09:01.194+0000] {dag.py:3096} INFO - Sync 1 DAGs
[2024-06-03T12:09:01.220+0000] {logging_mixin.py:188} INFO - [2024-06-03T12:09:01.220+0000] {dag.py:3954} INFO - Setting next_dagrun for latest_only_with_trigger to 2024-06-03 08:00:00+00:00, run_after=2024-06-03 12:00:00+00:00
[2024-06-03T12:09:01.244+0000] {processor.py:183} INFO - Processing /home/airflow/.local/lib/python3.12/site-packages/airflow/example_dags/example_latest_only_with_trigger.py took 0.091 seconds
[2024-06-03T12:09:31.490+0000] {processor.py:161} INFO - Started process (PID=778) to work on /home/airflow/.local/lib/python3.12/site-packages/airflow/example_dags/example_latest_only_with_trigger.py
[2024-06-03T12:09:31.492+0000] {processor.py:830} INFO - Processing file /home/airflow/.local/lib/python3.12/site-packages/airflow/example_dags/example_latest_only_with_trigger.py for tasks to queue
[2024-06-03T12:09:31.494+0000] {logging_mixin.py:188} INFO - [2024-06-03T12:09:31.493+0000] {dagbag.py:545} INFO - Filling up the DagBag from /home/airflow/.local/lib/python3.12/site-packages/airflow/example_dags/example_latest_only_with_trigger.py
[2024-06-03T12:09:31.500+0000] {processor.py:840} INFO - DAG(s) 'latest_only_with_trigger' retrieved from /home/airflow/.local/lib/python3.12/site-packages/airflow/example_dags/example_latest_only_with_trigger.py
[2024-06-03T12:09:31.517+0000] {logging_mixin.py:188} INFO - [2024-06-03T12:09:31.517+0000] {dag.py:3096} INFO - Sync 1 DAGs
[2024-06-03T12:09:31.536+0000] {logging_mixin.py:188} INFO - [2024-06-03T12:09:31.536+0000] {dag.py:3954} INFO - Setting next_dagrun for latest_only_with_trigger to 2024-06-03 08:00:00+00:00, run_after=2024-06-03 12:00:00+00:00
[2024-06-03T12:09:31.553+0000] {processor.py:183} INFO - Processing /home/airflow/.local/lib/python3.12/site-packages/airflow/example_dags/example_latest_only_with_trigger.py took 0.068 seconds
[2024-06-03T12:10:01.741+0000] {processor.py:161} INFO - Started process (PID=837) to work on /home/airflow/.local/lib/python3.12/site-packages/airflow/example_dags/example_latest_only_with_trigger.py
[2024-06-03T12:10:01.742+0000] {processor.py:830} INFO - Processing file /home/airflow/.local/lib/python3.12/site-packages/airflow/example_dags/example_latest_only_with_trigger.py for tasks to queue
[2024-06-03T12:10:01.745+0000] {logging_mixin.py:188} INFO - [2024-06-03T12:10:01.744+0000] {dagbag.py:545} INFO - Filling up the DagBag from /home/airflow/.local/lib/python3.12/site-packages/airflow/example_dags/example_latest_only_with_trigger.py
[2024-06-03T12:10:01.751+0000] {processor.py:840} INFO - DAG(s) 'latest_only_with_trigger' retrieved from /home/airflow/.local/lib/python3.12/site-packages/airflow/example_dags/example_latest_only_with_trigger.py
[2024-06-03T12:10:01.774+0000] {logging_mixin.py:188} INFO - [2024-06-03T12:10:01.774+0000] {dag.py:3096} INFO - Sync 1 DAGs
[2024-06-03T12:10:01.799+0000] {logging_mixin.py:188} INFO - [2024-06-03T12:10:01.799+0000] {dag.py:3954} INFO - Setting next_dagrun for latest_only_with_trigger to 2024-06-03 08:00:00+00:00, run_after=2024-06-03 12:00:00+00:00
[2024-06-03T12:10:01.824+0000] {processor.py:183} INFO - Processing /home/airflow/.local/lib/python3.12/site-packages/airflow/example_dags/example_latest_only_with_trigger.py took 0.089 seconds
[2024-06-03T12:10:31.927+0000] {processor.py:161} INFO - Started process (PID=895) to work on /home/airflow/.local/lib/python3.12/site-packages/airflow/example_dags/example_latest_only_with_trigger.py
[2024-06-03T12:10:31.928+0000] {processor.py:830} INFO - Processing file /home/airflow/.local/lib/python3.12/site-packages/airflow/example_dags/example_latest_only_with_trigger.py for tasks to queue
[2024-06-03T12:10:31.931+0000] {logging_mixin.py:188} INFO - [2024-06-03T12:10:31.930+0000] {dagbag.py:545} INFO - Filling up the DagBag from /home/airflow/.local/lib/python3.12/site-packages/airflow/example_dags/example_latest_only_with_trigger.py
[2024-06-03T12:10:31.937+0000] {processor.py:840} INFO - DAG(s) 'latest_only_with_trigger' retrieved from /home/airflow/.local/lib/python3.12/site-packages/airflow/example_dags/example_latest_only_with_trigger.py
[2024-06-03T12:10:31.958+0000] {logging_mixin.py:188} INFO - [2024-06-03T12:10:31.958+0000] {dag.py:3096} INFO - Sync 1 DAGs
[2024-06-03T12:10:31.982+0000] {logging_mixin.py:188} INFO - [2024-06-03T12:10:31.982+0000] {dag.py:3954} INFO - Setting next_dagrun for latest_only_with_trigger to 2024-06-03 08:00:00+00:00, run_after=2024-06-03 12:00:00+00:00
[2024-06-03T12:10:32.002+0000] {processor.py:183} INFO - Processing /home/airflow/.local/lib/python3.12/site-packages/airflow/example_dags/example_latest_only_with_trigger.py took 0.081 seconds
[2024-06-03T12:11:02.108+0000] {processor.py:161} INFO - Started process (PID=953) to work on /home/airflow/.local/lib/python3.12/site-packages/airflow/example_dags/example_latest_only_with_trigger.py
[2024-06-03T12:11:02.109+0000] {processor.py:830} INFO - Processing file /home/airflow/.local/lib/python3.12/site-packages/airflow/example_dags/example_latest_only_with_trigger.py for tasks to queue
[2024-06-03T12:11:02.112+0000] {logging_mixin.py:188} INFO - [2024-06-03T12:11:02.111+0000] {dagbag.py:545} INFO - Filling up the DagBag from /home/airflow/.local/lib/python3.12/site-packages/airflow/example_dags/example_latest_only_with_trigger.py
[2024-06-03T12:11:02.117+0000] {processor.py:840} INFO - DAG(s) 'latest_only_with_trigger' retrieved from /home/airflow/.local/lib/python3.12/site-packages/airflow/example_dags/example_latest_only_with_trigger.py
[2024-06-03T12:11:02.137+0000] {logging_mixin.py:188} INFO - [2024-06-03T12:11:02.137+0000] {dag.py:3096} INFO - Sync 1 DAGs
[2024-06-03T12:11:02.159+0000] {logging_mixin.py:188} INFO - [2024-06-03T12:11:02.158+0000] {dag.py:3954} INFO - Setting next_dagrun for latest_only_with_trigger to 2024-06-03 08:00:00+00:00, run_after=2024-06-03 12:00:00+00:00
[2024-06-03T12:11:02.177+0000] {processor.py:183} INFO - Processing /home/airflow/.local/lib/python3.12/site-packages/airflow/example_dags/example_latest_only_with_trigger.py took 0.075 seconds
[2024-06-03T12:11:32.415+0000] {processor.py:161} INFO - Started process (PID=1011) to work on /home/airflow/.local/lib/python3.12/site-packages/airflow/example_dags/example_latest_only_with_trigger.py
[2024-06-03T12:11:32.417+0000] {processor.py:830} INFO - Processing file /home/airflow/.local/lib/python3.12/site-packages/airflow/example_dags/example_latest_only_with_trigger.py for tasks to queue
[2024-06-03T12:11:32.419+0000] {logging_mixin.py:188} INFO - [2024-06-03T12:11:32.418+0000] {dagbag.py:545} INFO - Filling up the DagBag from /home/airflow/.local/lib/python3.12/site-packages/airflow/example_dags/example_latest_only_with_trigger.py
[2024-06-03T12:11:32.424+0000] {processor.py:840} INFO - DAG(s) 'latest_only_with_trigger' retrieved from /home/airflow/.local/lib/python3.12/site-packages/airflow/example_dags/example_latest_only_with_trigger.py
[2024-06-03T12:11:32.442+0000] {logging_mixin.py:188} INFO - [2024-06-03T12:11:32.441+0000] {dag.py:3096} INFO - Sync 1 DAGs
[2024-06-03T12:11:32.460+0000] {logging_mixin.py:188} INFO - [2024-06-03T12:11:32.460+0000] {dag.py:3954} INFO - Setting next_dagrun for latest_only_with_trigger to 2024-06-03 08:00:00+00:00, run_after=2024-06-03 12:00:00+00:00
[2024-06-03T12:11:32.479+0000] {processor.py:183} INFO - Processing /home/airflow/.local/lib/python3.12/site-packages/airflow/example_dags/example_latest_only_with_trigger.py took 0.069 seconds
[2024-06-03T12:12:02.656+0000] {processor.py:161} INFO - Started process (PID=1069) to work on /home/airflow/.local/lib/python3.12/site-packages/airflow/example_dags/example_latest_only_with_trigger.py
[2024-06-03T12:12:02.657+0000] {processor.py:830} INFO - Processing file /home/airflow/.local/lib/python3.12/site-packages/airflow/example_dags/example_latest_only_with_trigger.py for tasks to queue
[2024-06-03T12:12:02.659+0000] {logging_mixin.py:188} INFO - [2024-06-03T12:12:02.659+0000] {dagbag.py:545} INFO - Filling up the DagBag from /home/airflow/.local/lib/python3.12/site-packages/airflow/example_dags/example_latest_only_with_trigger.py
[2024-06-03T12:12:02.665+0000] {processor.py:840} INFO - DAG(s) 'latest_only_with_trigger' retrieved from /home/airflow/.local/lib/python3.12/site-packages/airflow/example_dags/example_latest_only_with_trigger.py
[2024-06-03T12:12:02.682+0000] {logging_mixin.py:188} INFO - [2024-06-03T12:12:02.682+0000] {dag.py:3096} INFO - Sync 1 DAGs
[2024-06-03T12:12:02.703+0000] {logging_mixin.py:188} INFO - [2024-06-03T12:12:02.702+0000] {dag.py:3954} INFO - Setting next_dagrun for latest_only_with_trigger to 2024-06-03 08:00:00+00:00, run_after=2024-06-03 12:00:00+00:00
[2024-06-03T12:12:02.723+0000] {processor.py:183} INFO - Processing /home/airflow/.local/lib/python3.12/site-packages/airflow/example_dags/example_latest_only_with_trigger.py took 0.072 seconds
[2024-06-03T12:12:33.175+0000] {processor.py:161} INFO - Started process (PID=1126) to work on /home/airflow/.local/lib/python3.12/site-packages/airflow/example_dags/example_latest_only_with_trigger.py
[2024-06-03T12:12:33.177+0000] {processor.py:830} INFO - Processing file /home/airflow/.local/lib/python3.12/site-packages/airflow/example_dags/example_latest_only_with_trigger.py for tasks to queue
[2024-06-03T12:12:33.178+0000] {logging_mixin.py:188} INFO - [2024-06-03T12:12:33.178+0000] {dagbag.py:545} INFO - Filling up the DagBag from /home/airflow/.local/lib/python3.12/site-packages/airflow/example_dags/example_latest_only_with_trigger.py
[2024-06-03T12:12:33.184+0000] {processor.py:840} INFO - DAG(s) 'latest_only_with_trigger' retrieved from /home/airflow/.local/lib/python3.12/site-packages/airflow/example_dags/example_latest_only_with_trigger.py
[2024-06-03T12:12:33.202+0000] {logging_mixin.py:188} INFO - [2024-06-03T12:12:33.202+0000] {dag.py:3096} INFO - Sync 1 DAGs
[2024-06-03T12:12:33.221+0000] {logging_mixin.py:188} INFO - [2024-06-03T12:12:33.221+0000] {dag.py:3954} INFO - Setting next_dagrun for latest_only_with_trigger to 2024-06-03 08:00:00+00:00, run_after=2024-06-03 12:00:00+00:00
[2024-06-03T12:12:33.239+0000] {processor.py:183} INFO - Processing /home/airflow/.local/lib/python3.12/site-packages/airflow/example_dags/example_latest_only_with_trigger.py took 0.070 seconds
[2024-06-03T12:13:03.376+0000] {processor.py:161} INFO - Started process (PID=1184) to work on /home/airflow/.local/lib/python3.12/site-packages/airflow/example_dags/example_latest_only_with_trigger.py
[2024-06-03T12:13:03.378+0000] {processor.py:830} INFO - Processing file /home/airflow/.local/lib/python3.12/site-packages/airflow/example_dags/example_latest_only_with_trigger.py for tasks to queue
[2024-06-03T12:13:03.380+0000] {logging_mixin.py:188} INFO - [2024-06-03T12:13:03.379+0000] {dagbag.py:545} INFO - Filling up the DagBag from /home/airflow/.local/lib/python3.12/site-packages/airflow/example_dags/example_latest_only_with_trigger.py
[2024-06-03T12:13:03.385+0000] {processor.py:840} INFO - DAG(s) 'latest_only_with_trigger' retrieved from /home/airflow/.local/lib/python3.12/site-packages/airflow/example_dags/example_latest_only_with_trigger.py
[2024-06-03T12:13:03.405+0000] {logging_mixin.py:188} INFO - [2024-06-03T12:13:03.404+0000] {dag.py:3096} INFO - Sync 1 DAGs
[2024-06-03T12:13:03.426+0000] {logging_mixin.py:188} INFO - [2024-06-03T12:13:03.425+0000] {dag.py:3954} INFO - Setting next_dagrun for latest_only_with_trigger to 2024-06-03 08:00:00+00:00, run_after=2024-06-03 12:00:00+00:00
[2024-06-03T12:13:03.447+0000] {processor.py:183} INFO - Processing /home/airflow/.local/lib/python3.12/site-packages/airflow/example_dags/example_latest_only_with_trigger.py took 0.076 seconds
[2024-06-03T12:13:33.636+0000] {processor.py:161} INFO - Started process (PID=1242) to work on /home/airflow/.local/lib/python3.12/site-packages/airflow/example_dags/example_latest_only_with_trigger.py
[2024-06-03T12:13:33.638+0000] {processor.py:830} INFO - Processing file /home/airflow/.local/lib/python3.12/site-packages/airflow/example_dags/example_latest_only_with_trigger.py for tasks to queue
[2024-06-03T12:13:33.641+0000] {logging_mixin.py:188} INFO - [2024-06-03T12:13:33.641+0000] {dagbag.py:545} INFO - Filling up the DagBag from /home/airflow/.local/lib/python3.12/site-packages/airflow/example_dags/example_latest_only_with_trigger.py
[2024-06-03T12:13:33.652+0000] {processor.py:840} INFO - DAG(s) 'latest_only_with_trigger' retrieved from /home/airflow/.local/lib/python3.12/site-packages/airflow/example_dags/example_latest_only_with_trigger.py
[2024-06-03T12:13:33.680+0000] {logging_mixin.py:188} INFO - [2024-06-03T12:13:33.679+0000] {dag.py:3096} INFO - Sync 1 DAGs
[2024-06-03T12:13:33.709+0000] {logging_mixin.py:188} INFO - [2024-06-03T12:13:33.708+0000] {dag.py:3954} INFO - Setting next_dagrun for latest_only_with_trigger to 2024-06-03 08:00:00+00:00, run_after=2024-06-03 12:00:00+00:00
[2024-06-03T12:13:33.735+0000] {processor.py:183} INFO - Processing /home/airflow/.local/lib/python3.12/site-packages/airflow/example_dags/example_latest_only_with_trigger.py took 0.106 seconds
[2024-06-03T12:14:03.871+0000] {processor.py:161} INFO - Started process (PID=1300) to work on /home/airflow/.local/lib/python3.12/site-packages/airflow/example_dags/example_latest_only_with_trigger.py
[2024-06-03T12:14:03.872+0000] {processor.py:830} INFO - Processing file /home/airflow/.local/lib/python3.12/site-packages/airflow/example_dags/example_latest_only_with_trigger.py for tasks to queue
[2024-06-03T12:14:03.874+0000] {logging_mixin.py:188} INFO - [2024-06-03T12:14:03.874+0000] {dagbag.py:545} INFO - Filling up the DagBag from /home/airflow/.local/lib/python3.12/site-packages/airflow/example_dags/example_latest_only_with_trigger.py
[2024-06-03T12:14:03.880+0000] {processor.py:840} INFO - DAG(s) 'latest_only_with_trigger' retrieved from /home/airflow/.local/lib/python3.12/site-packages/airflow/example_dags/example_latest_only_with_trigger.py
[2024-06-03T12:14:03.905+0000] {logging_mixin.py:188} INFO - [2024-06-03T12:14:03.905+0000] {dag.py:3096} INFO - Sync 1 DAGs
[2024-06-03T12:14:03.931+0000] {logging_mixin.py:188} INFO - [2024-06-03T12:14:03.931+0000] {dag.py:3954} INFO - Setting next_dagrun for latest_only_with_trigger to 2024-06-03 08:00:00+00:00, run_after=2024-06-03 12:00:00+00:00
[2024-06-03T12:14:03.962+0000] {processor.py:183} INFO - Processing /home/airflow/.local/lib/python3.12/site-packages/airflow/example_dags/example_latest_only_with_trigger.py took 0.097 seconds
[2024-06-03T12:14:34.405+0000] {processor.py:161} INFO - Started process (PID=1358) to work on /home/airflow/.local/lib/python3.12/site-packages/airflow/example_dags/example_latest_only_with_trigger.py
[2024-06-03T12:14:34.407+0000] {processor.py:830} INFO - Processing file /home/airflow/.local/lib/python3.12/site-packages/airflow/example_dags/example_latest_only_with_trigger.py for tasks to queue
[2024-06-03T12:14:34.409+0000] {logging_mixin.py:188} INFO - [2024-06-03T12:14:34.409+0000] {dagbag.py:545} INFO - Filling up the DagBag from /home/airflow/.local/lib/python3.12/site-packages/airflow/example_dags/example_latest_only_with_trigger.py
[2024-06-03T12:14:34.415+0000] {processor.py:840} INFO - DAG(s) 'latest_only_with_trigger' retrieved from /home/airflow/.local/lib/python3.12/site-packages/airflow/example_dags/example_latest_only_with_trigger.py
[2024-06-03T12:14:34.435+0000] {logging_mixin.py:188} INFO - [2024-06-03T12:14:34.435+0000] {dag.py:3096} INFO - Sync 1 DAGs
[2024-06-03T12:14:34.457+0000] {logging_mixin.py:188} INFO - [2024-06-03T12:14:34.457+0000] {dag.py:3954} INFO - Setting next_dagrun for latest_only_with_trigger to 2024-06-03 08:00:00+00:00, run_after=2024-06-03 12:00:00+00:00
[2024-06-03T12:14:34.476+0000] {processor.py:183} INFO - Processing /home/airflow/.local/lib/python3.12/site-packages/airflow/example_dags/example_latest_only_with_trigger.py took 0.077 seconds
[2024-06-03T12:15:05.301+0000] {processor.py:161} INFO - Started process (PID=1416) to work on /home/airflow/.local/lib/python3.12/site-packages/airflow/example_dags/example_latest_only_with_trigger.py
[2024-06-03T12:15:05.302+0000] {processor.py:830} INFO - Processing file /home/airflow/.local/lib/python3.12/site-packages/airflow/example_dags/example_latest_only_with_trigger.py for tasks to queue
[2024-06-03T12:15:05.305+0000] {logging_mixin.py:188} INFO - [2024-06-03T12:15:05.304+0000] {dagbag.py:545} INFO - Filling up the DagBag from /home/airflow/.local/lib/python3.12/site-packages/airflow/example_dags/example_latest_only_with_trigger.py
[2024-06-03T12:15:05.311+0000] {processor.py:840} INFO - DAG(s) 'latest_only_with_trigger' retrieved from /home/airflow/.local/lib/python3.12/site-packages/airflow/example_dags/example_latest_only_with_trigger.py
[2024-06-03T12:15:05.333+0000] {logging_mixin.py:188} INFO - [2024-06-03T12:15:05.333+0000] {dag.py:3096} INFO - Sync 1 DAGs
[2024-06-03T12:15:05.356+0000] {logging_mixin.py:188} INFO - [2024-06-03T12:15:05.355+0000] {dag.py:3954} INFO - Setting next_dagrun for latest_only_with_trigger to 2024-06-03 08:00:00+00:00, run_after=2024-06-03 12:00:00+00:00
[2024-06-03T12:15:05.377+0000] {processor.py:183} INFO - Processing /home/airflow/.local/lib/python3.12/site-packages/airflow/example_dags/example_latest_only_with_trigger.py took 0.083 seconds
[2024-06-03T12:15:35.689+0000] {processor.py:161} INFO - Started process (PID=1474) to work on /home/airflow/.local/lib/python3.12/site-packages/airflow/example_dags/example_latest_only_with_trigger.py
[2024-06-03T12:15:35.690+0000] {processor.py:830} INFO - Processing file /home/airflow/.local/lib/python3.12/site-packages/airflow/example_dags/example_latest_only_with_trigger.py for tasks to queue
[2024-06-03T12:15:35.693+0000] {logging_mixin.py:188} INFO - [2024-06-03T12:15:35.692+0000] {dagbag.py:545} INFO - Filling up the DagBag from /home/airflow/.local/lib/python3.12/site-packages/airflow/example_dags/example_latest_only_with_trigger.py
[2024-06-03T12:15:35.698+0000] {processor.py:840} INFO - DAG(s) 'latest_only_with_trigger' retrieved from /home/airflow/.local/lib/python3.12/site-packages/airflow/example_dags/example_latest_only_with_trigger.py
[2024-06-03T12:15:35.717+0000] {logging_mixin.py:188} INFO - [2024-06-03T12:15:35.717+0000] {dag.py:3096} INFO - Sync 1 DAGs
[2024-06-03T12:15:35.737+0000] {logging_mixin.py:188} INFO - [2024-06-03T12:15:35.736+0000] {dag.py:3954} INFO - Setting next_dagrun for latest_only_with_trigger to 2024-06-03 08:00:00+00:00, run_after=2024-06-03 12:00:00+00:00
[2024-06-03T12:15:35.755+0000] {processor.py:183} INFO - Processing /home/airflow/.local/lib/python3.12/site-packages/airflow/example_dags/example_latest_only_with_trigger.py took 0.072 seconds
[2024-06-03T12:16:06.102+0000] {processor.py:161} INFO - Started process (PID=1532) to work on /home/airflow/.local/lib/python3.12/site-packages/airflow/example_dags/example_latest_only_with_trigger.py
[2024-06-03T12:16:06.104+0000] {processor.py:830} INFO - Processing file /home/airflow/.local/lib/python3.12/site-packages/airflow/example_dags/example_latest_only_with_trigger.py for tasks to queue
[2024-06-03T12:16:06.106+0000] {logging_mixin.py:188} INFO - [2024-06-03T12:16:06.105+0000] {dagbag.py:545} INFO - Filling up the DagBag from /home/airflow/.local/lib/python3.12/site-packages/airflow/example_dags/example_latest_only_with_trigger.py
[2024-06-03T12:16:06.112+0000] {processor.py:840} INFO - DAG(s) 'latest_only_with_trigger' retrieved from /home/airflow/.local/lib/python3.12/site-packages/airflow/example_dags/example_latest_only_with_trigger.py
[2024-06-03T12:16:06.131+0000] {logging_mixin.py:188} INFO - [2024-06-03T12:16:06.131+0000] {dag.py:3096} INFO - Sync 1 DAGs
[2024-06-03T12:16:06.152+0000] {logging_mixin.py:188} INFO - [2024-06-03T12:16:06.151+0000] {dag.py:3954} INFO - Setting next_dagrun for latest_only_with_trigger to 2024-06-03 08:00:00+00:00, run_after=2024-06-03 12:00:00+00:00
[2024-06-03T12:16:06.170+0000] {processor.py:183} INFO - Processing /home/airflow/.local/lib/python3.12/site-packages/airflow/example_dags/example_latest_only_with_trigger.py took 0.074 seconds
[2024-06-03T12:16:37.135+0000] {processor.py:161} INFO - Started process (PID=1590) to work on /home/airflow/.local/lib/python3.12/site-packages/airflow/example_dags/example_latest_only_with_trigger.py
[2024-06-03T12:16:37.136+0000] {processor.py:830} INFO - Processing file /home/airflow/.local/lib/python3.12/site-packages/airflow/example_dags/example_latest_only_with_trigger.py for tasks to queue
[2024-06-03T12:16:37.139+0000] {logging_mixin.py:188} INFO - [2024-06-03T12:16:37.139+0000] {dagbag.py:545} INFO - Filling up the DagBag from /home/airflow/.local/lib/python3.12/site-packages/airflow/example_dags/example_latest_only_with_trigger.py
[2024-06-03T12:16:37.144+0000] {processor.py:840} INFO - DAG(s) 'latest_only_with_trigger' retrieved from /home/airflow/.local/lib/python3.12/site-packages/airflow/example_dags/example_latest_only_with_trigger.py
[2024-06-03T12:16:37.162+0000] {logging_mixin.py:188} INFO - [2024-06-03T12:16:37.161+0000] {dag.py:3096} INFO - Sync 1 DAGs
[2024-06-03T12:16:37.181+0000] {logging_mixin.py:188} INFO - [2024-06-03T12:16:37.180+0000] {dag.py:3954} INFO - Setting next_dagrun for latest_only_with_trigger to 2024-06-03 08:00:00+00:00, run_after=2024-06-03 12:00:00+00:00
[2024-06-03T12:16:37.197+0000] {processor.py:183} INFO - Processing /home/airflow/.local/lib/python3.12/site-packages/airflow/example_dags/example_latest_only_with_trigger.py took 0.067 seconds
[2024-06-03T12:17:07.894+0000] {processor.py:161} INFO - Started process (PID=1648) to work on /home/airflow/.local/lib/python3.12/site-packages/airflow/example_dags/example_latest_only_with_trigger.py
[2024-06-03T12:17:07.896+0000] {processor.py:830} INFO - Processing file /home/airflow/.local/lib/python3.12/site-packages/airflow/example_dags/example_latest_only_with_trigger.py for tasks to queue
[2024-06-03T12:17:07.899+0000] {logging_mixin.py:188} INFO - [2024-06-03T12:17:07.898+0000] {dagbag.py:545} INFO - Filling up the DagBag from /home/airflow/.local/lib/python3.12/site-packages/airflow/example_dags/example_latest_only_with_trigger.py
[2024-06-03T12:17:07.905+0000] {processor.py:840} INFO - DAG(s) 'latest_only_with_trigger' retrieved from /home/airflow/.local/lib/python3.12/site-packages/airflow/example_dags/example_latest_only_with_trigger.py
[2024-06-03T12:17:07.927+0000] {logging_mixin.py:188} INFO - [2024-06-03T12:17:07.926+0000] {dag.py:3096} INFO - Sync 1 DAGs
[2024-06-03T12:17:07.953+0000] {logging_mixin.py:188} INFO - [2024-06-03T12:17:07.952+0000] {dag.py:3954} INFO - Setting next_dagrun for latest_only_with_trigger to 2024-06-03 08:00:00+00:00, run_after=2024-06-03 12:00:00+00:00
[2024-06-03T12:17:07.982+0000] {processor.py:183} INFO - Processing /home/airflow/.local/lib/python3.12/site-packages/airflow/example_dags/example_latest_only_with_trigger.py took 0.093 seconds
[2024-06-03T12:17:38.789+0000] {processor.py:161} INFO - Started process (PID=1706) to work on /home/airflow/.local/lib/python3.12/site-packages/airflow/example_dags/example_latest_only_with_trigger.py
[2024-06-03T12:17:38.791+0000] {processor.py:830} INFO - Processing file /home/airflow/.local/lib/python3.12/site-packages/airflow/example_dags/example_latest_only_with_trigger.py for tasks to queue
[2024-06-03T12:17:38.793+0000] {logging_mixin.py:188} INFO - [2024-06-03T12:17:38.793+0000] {dagbag.py:545} INFO - Filling up the DagBag from /home/airflow/.local/lib/python3.12/site-packages/airflow/example_dags/example_latest_only_with_trigger.py
[2024-06-03T12:17:38.799+0000] {processor.py:840} INFO - DAG(s) 'latest_only_with_trigger' retrieved from /home/airflow/.local/lib/python3.12/site-packages/airflow/example_dags/example_latest_only_with_trigger.py
[2024-06-03T12:17:38.821+0000] {logging_mixin.py:188} INFO - [2024-06-03T12:17:38.821+0000] {dag.py:3096} INFO - Sync 1 DAGs
[2024-06-03T12:17:38.842+0000] {logging_mixin.py:188} INFO - [2024-06-03T12:17:38.842+0000] {dag.py:3954} INFO - Setting next_dagrun for latest_only_with_trigger to 2024-06-03 08:00:00+00:00, run_after=2024-06-03 12:00:00+00:00
[2024-06-03T12:17:38.862+0000] {processor.py:183} INFO - Processing /home/airflow/.local/lib/python3.12/site-packages/airflow/example_dags/example_latest_only_with_trigger.py took 0.078 seconds
[2024-06-03T12:18:09.590+0000] {processor.py:161} INFO - Started process (PID=1764) to work on /home/airflow/.local/lib/python3.12/site-packages/airflow/example_dags/example_latest_only_with_trigger.py
[2024-06-03T12:18:09.592+0000] {processor.py:830} INFO - Processing file /home/airflow/.local/lib/python3.12/site-packages/airflow/example_dags/example_latest_only_with_trigger.py for tasks to queue
[2024-06-03T12:18:09.594+0000] {logging_mixin.py:188} INFO - [2024-06-03T12:18:09.594+0000] {dagbag.py:545} INFO - Filling up the DagBag from /home/airflow/.local/lib/python3.12/site-packages/airflow/example_dags/example_latest_only_with_trigger.py
[2024-06-03T12:18:09.600+0000] {processor.py:840} INFO - DAG(s) 'latest_only_with_trigger' retrieved from /home/airflow/.local/lib/python3.12/site-packages/airflow/example_dags/example_latest_only_with_trigger.py
[2024-06-03T12:18:09.751+0000] {logging_mixin.py:188} INFO - [2024-06-03T12:18:09.751+0000] {dag.py:3096} INFO - Sync 1 DAGs
[2024-06-03T12:18:09.772+0000] {logging_mixin.py:188} INFO - [2024-06-03T12:18:09.772+0000] {dag.py:3954} INFO - Setting next_dagrun for latest_only_with_trigger to 2024-06-03 08:00:00+00:00, run_after=2024-06-03 12:00:00+00:00
[2024-06-03T12:18:09.794+0000] {processor.py:183} INFO - Processing /home/airflow/.local/lib/python3.12/site-packages/airflow/example_dags/example_latest_only_with_trigger.py took 0.212 seconds
[2024-06-03T12:18:40.195+0000] {processor.py:161} INFO - Started process (PID=1822) to work on /home/airflow/.local/lib/python3.12/site-packages/airflow/example_dags/example_latest_only_with_trigger.py
[2024-06-03T12:18:40.196+0000] {processor.py:830} INFO - Processing file /home/airflow/.local/lib/python3.12/site-packages/airflow/example_dags/example_latest_only_with_trigger.py for tasks to queue
[2024-06-03T12:18:40.198+0000] {logging_mixin.py:188} INFO - [2024-06-03T12:18:40.198+0000] {dagbag.py:545} INFO - Filling up the DagBag from /home/airflow/.local/lib/python3.12/site-packages/airflow/example_dags/example_latest_only_with_trigger.py
[2024-06-03T12:18:40.204+0000] {processor.py:840} INFO - DAG(s) 'latest_only_with_trigger' retrieved from /home/airflow/.local/lib/python3.12/site-packages/airflow/example_dags/example_latest_only_with_trigger.py
[2024-06-03T12:18:40.224+0000] {logging_mixin.py:188} INFO - [2024-06-03T12:18:40.224+0000] {dag.py:3096} INFO - Sync 1 DAGs
[2024-06-03T12:18:40.244+0000] {logging_mixin.py:188} INFO - [2024-06-03T12:18:40.244+0000] {dag.py:3954} INFO - Setting next_dagrun for latest_only_with_trigger to 2024-06-03 08:00:00+00:00, run_after=2024-06-03 12:00:00+00:00
[2024-06-03T12:18:40.261+0000] {processor.py:183} INFO - Processing /home/airflow/.local/lib/python3.12/site-packages/airflow/example_dags/example_latest_only_with_trigger.py took 0.072 seconds
[2024-06-03T12:19:10.380+0000] {processor.py:161} INFO - Started process (PID=1880) to work on /home/airflow/.local/lib/python3.12/site-packages/airflow/example_dags/example_latest_only_with_trigger.py
[2024-06-03T12:19:10.383+0000] {processor.py:830} INFO - Processing file /home/airflow/.local/lib/python3.12/site-packages/airflow/example_dags/example_latest_only_with_trigger.py for tasks to queue
[2024-06-03T12:19:10.385+0000] {logging_mixin.py:188} INFO - [2024-06-03T12:19:10.385+0000] {dagbag.py:545} INFO - Filling up the DagBag from /home/airflow/.local/lib/python3.12/site-packages/airflow/example_dags/example_latest_only_with_trigger.py
[2024-06-03T12:19:10.391+0000] {processor.py:840} INFO - DAG(s) 'latest_only_with_trigger' retrieved from /home/airflow/.local/lib/python3.12/site-packages/airflow/example_dags/example_latest_only_with_trigger.py
[2024-06-03T12:19:10.409+0000] {logging_mixin.py:188} INFO - [2024-06-03T12:19:10.409+0000] {dag.py:3096} INFO - Sync 1 DAGs
[2024-06-03T12:19:10.430+0000] {logging_mixin.py:188} INFO - [2024-06-03T12:19:10.430+0000] {dag.py:3954} INFO - Setting next_dagrun for latest_only_with_trigger to 2024-06-03 08:00:00+00:00, run_after=2024-06-03 12:00:00+00:00
[2024-06-03T12:19:10.447+0000] {processor.py:183} INFO - Processing /home/airflow/.local/lib/python3.12/site-packages/airflow/example_dags/example_latest_only_with_trigger.py took 0.073 seconds
[2024-06-03T12:19:40.551+0000] {processor.py:161} INFO - Started process (PID=1938) to work on /home/airflow/.local/lib/python3.12/site-packages/airflow/example_dags/example_latest_only_with_trigger.py
[2024-06-03T12:19:40.552+0000] {processor.py:830} INFO - Processing file /home/airflow/.local/lib/python3.12/site-packages/airflow/example_dags/example_latest_only_with_trigger.py for tasks to queue
[2024-06-03T12:19:40.554+0000] {logging_mixin.py:188} INFO - [2024-06-03T12:19:40.554+0000] {dagbag.py:545} INFO - Filling up the DagBag from /home/airflow/.local/lib/python3.12/site-packages/airflow/example_dags/example_latest_only_with_trigger.py
[2024-06-03T12:19:40.560+0000] {processor.py:840} INFO - DAG(s) 'latest_only_with_trigger' retrieved from /home/airflow/.local/lib/python3.12/site-packages/airflow/example_dags/example_latest_only_with_trigger.py
[2024-06-03T12:19:40.580+0000] {logging_mixin.py:188} INFO - [2024-06-03T12:19:40.579+0000] {dag.py:3096} INFO - Sync 1 DAGs
[2024-06-03T12:19:40.600+0000] {logging_mixin.py:188} INFO - [2024-06-03T12:19:40.600+0000] {dag.py:3954} INFO - Setting next_dagrun for latest_only_with_trigger to 2024-06-03 08:00:00+00:00, run_after=2024-06-03 12:00:00+00:00
[2024-06-03T12:19:40.618+0000] {processor.py:183} INFO - Processing /home/airflow/.local/lib/python3.12/site-packages/airflow/example_dags/example_latest_only_with_trigger.py took 0.073 seconds
[2024-06-03T12:20:11.584+0000] {processor.py:161} INFO - Started process (PID=1996) to work on /home/airflow/.local/lib/python3.12/site-packages/airflow/example_dags/example_latest_only_with_trigger.py
[2024-06-03T12:20:11.587+0000] {processor.py:830} INFO - Processing file /home/airflow/.local/lib/python3.12/site-packages/airflow/example_dags/example_latest_only_with_trigger.py for tasks to queue
[2024-06-03T12:20:11.589+0000] {logging_mixin.py:188} INFO - [2024-06-03T12:20:11.589+0000] {dagbag.py:545} INFO - Filling up the DagBag from /home/airflow/.local/lib/python3.12/site-packages/airflow/example_dags/example_latest_only_with_trigger.py
[2024-06-03T12:20:11.595+0000] {processor.py:840} INFO - DAG(s) 'latest_only_with_trigger' retrieved from /home/airflow/.local/lib/python3.12/site-packages/airflow/example_dags/example_latest_only_with_trigger.py
[2024-06-03T12:20:11.613+0000] {logging_mixin.py:188} INFO - [2024-06-03T12:20:11.613+0000] {dag.py:3096} INFO - Sync 1 DAGs
[2024-06-03T12:20:11.632+0000] {logging_mixin.py:188} INFO - [2024-06-03T12:20:11.632+0000] {dag.py:3954} INFO - Setting next_dagrun for latest_only_with_trigger to 2024-06-03 08:00:00+00:00, run_after=2024-06-03 12:00:00+00:00
[2024-06-03T12:20:11.650+0000] {processor.py:183} INFO - Processing /home/airflow/.local/lib/python3.12/site-packages/airflow/example_dags/example_latest_only_with_trigger.py took 0.072 seconds
[2024-06-03T12:20:41.964+0000] {processor.py:161} INFO - Started process (PID=2054) to work on /home/airflow/.local/lib/python3.12/site-packages/airflow/example_dags/example_latest_only_with_trigger.py
[2024-06-03T12:20:41.966+0000] {processor.py:830} INFO - Processing file /home/airflow/.local/lib/python3.12/site-packages/airflow/example_dags/example_latest_only_with_trigger.py for tasks to queue
[2024-06-03T12:20:41.968+0000] {logging_mixin.py:188} INFO - [2024-06-03T12:20:41.968+0000] {dagbag.py:545} INFO - Filling up the DagBag from /home/airflow/.local/lib/python3.12/site-packages/airflow/example_dags/example_latest_only_with_trigger.py
[2024-06-03T12:20:41.974+0000] {processor.py:840} INFO - DAG(s) 'latest_only_with_trigger' retrieved from /home/airflow/.local/lib/python3.12/site-packages/airflow/example_dags/example_latest_only_with_trigger.py
[2024-06-03T12:20:41.991+0000] {logging_mixin.py:188} INFO - [2024-06-03T12:20:41.991+0000] {dag.py:3096} INFO - Sync 1 DAGs
[2024-06-03T12:20:42.010+0000] {logging_mixin.py:188} INFO - [2024-06-03T12:20:42.010+0000] {dag.py:3954} INFO - Setting next_dagrun for latest_only_with_trigger to 2024-06-03 08:00:00+00:00, run_after=2024-06-03 12:00:00+00:00
[2024-06-03T12:20:42.029+0000] {processor.py:183} INFO - Processing /home/airflow/.local/lib/python3.12/site-packages/airflow/example_dags/example_latest_only_with_trigger.py took 0.070 seconds
[2024-06-03T12:21:12.300+0000] {processor.py:161} INFO - Started process (PID=2112) to work on /home/airflow/.local/lib/python3.12/site-packages/airflow/example_dags/example_latest_only_with_trigger.py
[2024-06-03T12:21:12.301+0000] {processor.py:830} INFO - Processing file /home/airflow/.local/lib/python3.12/site-packages/airflow/example_dags/example_latest_only_with_trigger.py for tasks to queue
[2024-06-03T12:21:12.303+0000] {logging_mixin.py:188} INFO - [2024-06-03T12:21:12.303+0000] {dagbag.py:545} INFO - Filling up the DagBag from /home/airflow/.local/lib/python3.12/site-packages/airflow/example_dags/example_latest_only_with_trigger.py
[2024-06-03T12:21:12.308+0000] {processor.py:840} INFO - DAG(s) 'latest_only_with_trigger' retrieved from /home/airflow/.local/lib/python3.12/site-packages/airflow/example_dags/example_latest_only_with_trigger.py
[2024-06-03T12:21:12.327+0000] {logging_mixin.py:188} INFO - [2024-06-03T12:21:12.327+0000] {dag.py:3096} INFO - Sync 1 DAGs
[2024-06-03T12:21:12.347+0000] {logging_mixin.py:188} INFO - [2024-06-03T12:21:12.347+0000] {dag.py:3954} INFO - Setting next_dagrun for latest_only_with_trigger to 2024-06-03 08:00:00+00:00, run_after=2024-06-03 12:00:00+00:00
[2024-06-03T12:21:12.365+0000] {processor.py:183} INFO - Processing /home/airflow/.local/lib/python3.12/site-packages/airflow/example_dags/example_latest_only_with_trigger.py took 0.070 seconds
[2024-06-03T12:21:43.314+0000] {processor.py:161} INFO - Started process (PID=2176) to work on /home/airflow/.local/lib/python3.12/site-packages/airflow/example_dags/example_latest_only_with_trigger.py
[2024-06-03T12:21:43.315+0000] {processor.py:830} INFO - Processing file /home/airflow/.local/lib/python3.12/site-packages/airflow/example_dags/example_latest_only_with_trigger.py for tasks to queue
[2024-06-03T12:21:43.317+0000] {logging_mixin.py:188} INFO - [2024-06-03T12:21:43.317+0000] {dagbag.py:545} INFO - Filling up the DagBag from /home/airflow/.local/lib/python3.12/site-packages/airflow/example_dags/example_latest_only_with_trigger.py
[2024-06-03T12:21:43.323+0000] {processor.py:840} INFO - DAG(s) 'latest_only_with_trigger' retrieved from /home/airflow/.local/lib/python3.12/site-packages/airflow/example_dags/example_latest_only_with_trigger.py
[2024-06-03T12:21:43.340+0000] {logging_mixin.py:188} INFO - [2024-06-03T12:21:43.340+0000] {dag.py:3096} INFO - Sync 1 DAGs
[2024-06-03T12:21:43.358+0000] {logging_mixin.py:188} INFO - [2024-06-03T12:21:43.358+0000] {dag.py:3954} INFO - Setting next_dagrun for latest_only_with_trigger to 2024-06-03 08:00:00+00:00, run_after=2024-06-03 12:00:00+00:00
[2024-06-03T12:21:43.376+0000] {processor.py:183} INFO - Processing /home/airflow/.local/lib/python3.12/site-packages/airflow/example_dags/example_latest_only_with_trigger.py took 0.067 seconds
[2024-06-03T12:22:14.176+0000] {processor.py:161} INFO - Started process (PID=2234) to work on /home/airflow/.local/lib/python3.12/site-packages/airflow/example_dags/example_latest_only_with_trigger.py
[2024-06-03T12:22:14.178+0000] {processor.py:830} INFO - Processing file /home/airflow/.local/lib/python3.12/site-packages/airflow/example_dags/example_latest_only_with_trigger.py for tasks to queue
[2024-06-03T12:22:14.179+0000] {logging_mixin.py:188} INFO - [2024-06-03T12:22:14.179+0000] {dagbag.py:545} INFO - Filling up the DagBag from /home/airflow/.local/lib/python3.12/site-packages/airflow/example_dags/example_latest_only_with_trigger.py
[2024-06-03T12:22:14.185+0000] {processor.py:840} INFO - DAG(s) 'latest_only_with_trigger' retrieved from /home/airflow/.local/lib/python3.12/site-packages/airflow/example_dags/example_latest_only_with_trigger.py
[2024-06-03T12:22:14.203+0000] {logging_mixin.py:188} INFO - [2024-06-03T12:22:14.203+0000] {dag.py:3096} INFO - Sync 1 DAGs
[2024-06-03T12:22:14.222+0000] {logging_mixin.py:188} INFO - [2024-06-03T12:22:14.221+0000] {dag.py:3954} INFO - Setting next_dagrun for latest_only_with_trigger to 2024-06-03 08:00:00+00:00, run_after=2024-06-03 12:00:00+00:00
[2024-06-03T12:22:14.239+0000] {processor.py:183} INFO - Processing /home/airflow/.local/lib/python3.12/site-packages/airflow/example_dags/example_latest_only_with_trigger.py took 0.068 seconds
[2024-06-03T12:22:44.580+0000] {processor.py:161} INFO - Started process (PID=2292) to work on /home/airflow/.local/lib/python3.12/site-packages/airflow/example_dags/example_latest_only_with_trigger.py
[2024-06-03T12:22:44.581+0000] {processor.py:830} INFO - Processing file /home/airflow/.local/lib/python3.12/site-packages/airflow/example_dags/example_latest_only_with_trigger.py for tasks to queue
[2024-06-03T12:22:44.583+0000] {logging_mixin.py:188} INFO - [2024-06-03T12:22:44.583+0000] {dagbag.py:545} INFO - Filling up the DagBag from /home/airflow/.local/lib/python3.12/site-packages/airflow/example_dags/example_latest_only_with_trigger.py
[2024-06-03T12:22:44.588+0000] {processor.py:840} INFO - DAG(s) 'latest_only_with_trigger' retrieved from /home/airflow/.local/lib/python3.12/site-packages/airflow/example_dags/example_latest_only_with_trigger.py
[2024-06-03T12:22:44.609+0000] {logging_mixin.py:188} INFO - [2024-06-03T12:22:44.608+0000] {dag.py:3096} INFO - Sync 1 DAGs
[2024-06-03T12:22:44.633+0000] {logging_mixin.py:188} INFO - [2024-06-03T12:22:44.633+0000] {dag.py:3954} INFO - Setting next_dagrun for latest_only_with_trigger to 2024-06-03 08:00:00+00:00, run_after=2024-06-03 12:00:00+00:00
[2024-06-03T12:22:44.650+0000] {processor.py:183} INFO - Processing /home/airflow/.local/lib/python3.12/site-packages/airflow/example_dags/example_latest_only_with_trigger.py took 0.075 seconds
[2024-06-03T12:23:14.985+0000] {processor.py:161} INFO - Started process (PID=2350) to work on /home/airflow/.local/lib/python3.12/site-packages/airflow/example_dags/example_latest_only_with_trigger.py
[2024-06-03T12:23:14.986+0000] {processor.py:830} INFO - Processing file /home/airflow/.local/lib/python3.12/site-packages/airflow/example_dags/example_latest_only_with_trigger.py for tasks to queue
[2024-06-03T12:23:14.989+0000] {logging_mixin.py:188} INFO - [2024-06-03T12:23:14.988+0000] {dagbag.py:545} INFO - Filling up the DagBag from /home/airflow/.local/lib/python3.12/site-packages/airflow/example_dags/example_latest_only_with_trigger.py
[2024-06-03T12:23:14.996+0000] {processor.py:840} INFO - DAG(s) 'latest_only_with_trigger' retrieved from /home/airflow/.local/lib/python3.12/site-packages/airflow/example_dags/example_latest_only_with_trigger.py
[2024-06-03T12:23:15.016+0000] {logging_mixin.py:188} INFO - [2024-06-03T12:23:15.016+0000] {dag.py:3096} INFO - Sync 1 DAGs
[2024-06-03T12:23:15.037+0000] {logging_mixin.py:188} INFO - [2024-06-03T12:23:15.036+0000] {dag.py:3954} INFO - Setting next_dagrun for latest_only_with_trigger to 2024-06-03 08:00:00+00:00, run_after=2024-06-03 12:00:00+00:00
[2024-06-03T12:23:15.057+0000] {processor.py:183} INFO - Processing /home/airflow/.local/lib/python3.12/site-packages/airflow/example_dags/example_latest_only_with_trigger.py took 0.078 seconds
[2024-06-03T12:23:45.112+0000] {processor.py:161} INFO - Started process (PID=2409) to work on /home/airflow/.local/lib/python3.12/site-packages/airflow/example_dags/example_latest_only_with_trigger.py
[2024-06-03T12:23:45.114+0000] {processor.py:830} INFO - Processing file /home/airflow/.local/lib/python3.12/site-packages/airflow/example_dags/example_latest_only_with_trigger.py for tasks to queue
[2024-06-03T12:23:45.116+0000] {logging_mixin.py:188} INFO - [2024-06-03T12:23:45.116+0000] {dagbag.py:545} INFO - Filling up the DagBag from /home/airflow/.local/lib/python3.12/site-packages/airflow/example_dags/example_latest_only_with_trigger.py
[2024-06-03T12:23:45.123+0000] {processor.py:840} INFO - DAG(s) 'latest_only_with_trigger' retrieved from /home/airflow/.local/lib/python3.12/site-packages/airflow/example_dags/example_latest_only_with_trigger.py
[2024-06-03T12:23:45.141+0000] {logging_mixin.py:188} INFO - [2024-06-03T12:23:45.141+0000] {dag.py:3096} INFO - Sync 1 DAGs
[2024-06-03T12:23:45.161+0000] {logging_mixin.py:188} INFO - [2024-06-03T12:23:45.161+0000] {dag.py:3954} INFO - Setting next_dagrun for latest_only_with_trigger to 2024-06-03 08:00:00+00:00, run_after=2024-06-03 12:00:00+00:00
[2024-06-03T12:23:45.180+0000] {processor.py:183} INFO - Processing /home/airflow/.local/lib/python3.12/site-packages/airflow/example_dags/example_latest_only_with_trigger.py took 0.075 seconds
[2024-06-03T12:24:15.441+0000] {processor.py:161} INFO - Started process (PID=2467) to work on /home/airflow/.local/lib/python3.12/site-packages/airflow/example_dags/example_latest_only_with_trigger.py
[2024-06-03T12:24:15.443+0000] {processor.py:830} INFO - Processing file /home/airflow/.local/lib/python3.12/site-packages/airflow/example_dags/example_latest_only_with_trigger.py for tasks to queue
[2024-06-03T12:24:15.445+0000] {logging_mixin.py:188} INFO - [2024-06-03T12:24:15.445+0000] {dagbag.py:545} INFO - Filling up the DagBag from /home/airflow/.local/lib/python3.12/site-packages/airflow/example_dags/example_latest_only_with_trigger.py
[2024-06-03T12:24:15.450+0000] {processor.py:840} INFO - DAG(s) 'latest_only_with_trigger' retrieved from /home/airflow/.local/lib/python3.12/site-packages/airflow/example_dags/example_latest_only_with_trigger.py
[2024-06-03T12:24:15.472+0000] {logging_mixin.py:188} INFO - [2024-06-03T12:24:15.472+0000] {dag.py:3096} INFO - Sync 1 DAGs
[2024-06-03T12:24:15.498+0000] {logging_mixin.py:188} INFO - [2024-06-03T12:24:15.498+0000] {dag.py:3954} INFO - Setting next_dagrun for latest_only_with_trigger to 2024-06-03 08:00:00+00:00, run_after=2024-06-03 12:00:00+00:00
[2024-06-03T12:24:15.519+0000] {processor.py:183} INFO - Processing /home/airflow/.local/lib/python3.12/site-packages/airflow/example_dags/example_latest_only_with_trigger.py took 0.082 seconds
[2024-06-03T12:24:45.641+0000] {processor.py:161} INFO - Started process (PID=2525) to work on /home/airflow/.local/lib/python3.12/site-packages/airflow/example_dags/example_latest_only_with_trigger.py
[2024-06-03T12:24:45.642+0000] {processor.py:830} INFO - Processing file /home/airflow/.local/lib/python3.12/site-packages/airflow/example_dags/example_latest_only_with_trigger.py for tasks to queue
[2024-06-03T12:24:45.645+0000] {logging_mixin.py:188} INFO - [2024-06-03T12:24:45.644+0000] {dagbag.py:545} INFO - Filling up the DagBag from /home/airflow/.local/lib/python3.12/site-packages/airflow/example_dags/example_latest_only_with_trigger.py
[2024-06-03T12:24:45.651+0000] {processor.py:840} INFO - DAG(s) 'latest_only_with_trigger' retrieved from /home/airflow/.local/lib/python3.12/site-packages/airflow/example_dags/example_latest_only_with_trigger.py
[2024-06-03T12:24:45.669+0000] {logging_mixin.py:188} INFO - [2024-06-03T12:24:45.669+0000] {dag.py:3096} INFO - Sync 1 DAGs
[2024-06-03T12:24:45.687+0000] {logging_mixin.py:188} INFO - [2024-06-03T12:24:45.687+0000] {dag.py:3954} INFO - Setting next_dagrun for latest_only_with_trigger to 2024-06-03 08:00:00+00:00, run_after=2024-06-03 12:00:00+00:00
[2024-06-03T12:24:45.704+0000] {processor.py:183} INFO - Processing /home/airflow/.local/lib/python3.12/site-packages/airflow/example_dags/example_latest_only_with_trigger.py took 0.069 seconds
[2024-06-03T12:25:16.296+0000] {processor.py:161} INFO - Started process (PID=2583) to work on /home/airflow/.local/lib/python3.12/site-packages/airflow/example_dags/example_latest_only_with_trigger.py
[2024-06-03T12:25:16.298+0000] {processor.py:830} INFO - Processing file /home/airflow/.local/lib/python3.12/site-packages/airflow/example_dags/example_latest_only_with_trigger.py for tasks to queue
[2024-06-03T12:25:16.300+0000] {logging_mixin.py:188} INFO - [2024-06-03T12:25:16.300+0000] {dagbag.py:545} INFO - Filling up the DagBag from /home/airflow/.local/lib/python3.12/site-packages/airflow/example_dags/example_latest_only_with_trigger.py
[2024-06-03T12:25:16.305+0000] {processor.py:840} INFO - DAG(s) 'latest_only_with_trigger' retrieved from /home/airflow/.local/lib/python3.12/site-packages/airflow/example_dags/example_latest_only_with_trigger.py
[2024-06-03T12:25:16.325+0000] {logging_mixin.py:188} INFO - [2024-06-03T12:25:16.325+0000] {dag.py:3096} INFO - Sync 1 DAGs
[2024-06-03T12:25:16.344+0000] {logging_mixin.py:188} INFO - [2024-06-03T12:25:16.344+0000] {dag.py:3954} INFO - Setting next_dagrun for latest_only_with_trigger to 2024-06-03 08:00:00+00:00, run_after=2024-06-03 12:00:00+00:00
[2024-06-03T12:25:16.363+0000] {processor.py:183} INFO - Processing /home/airflow/.local/lib/python3.12/site-packages/airflow/example_dags/example_latest_only_with_trigger.py took 0.073 seconds
[2024-06-03T12:25:46.727+0000] {processor.py:161} INFO - Started process (PID=2640) to work on /home/airflow/.local/lib/python3.12/site-packages/airflow/example_dags/example_latest_only_with_trigger.py
[2024-06-03T12:25:46.728+0000] {processor.py:830} INFO - Processing file /home/airflow/.local/lib/python3.12/site-packages/airflow/example_dags/example_latest_only_with_trigger.py for tasks to queue
[2024-06-03T12:25:46.731+0000] {logging_mixin.py:188} INFO - [2024-06-03T12:25:46.731+0000] {dagbag.py:545} INFO - Filling up the DagBag from /home/airflow/.local/lib/python3.12/site-packages/airflow/example_dags/example_latest_only_with_trigger.py
[2024-06-03T12:25:46.739+0000] {processor.py:840} INFO - DAG(s) 'latest_only_with_trigger' retrieved from /home/airflow/.local/lib/python3.12/site-packages/airflow/example_dags/example_latest_only_with_trigger.py
[2024-06-03T12:25:46.768+0000] {logging_mixin.py:188} INFO - [2024-06-03T12:25:46.768+0000] {dag.py:3096} INFO - Sync 1 DAGs
[2024-06-03T12:25:46.793+0000] {logging_mixin.py:188} INFO - [2024-06-03T12:25:46.792+0000] {dag.py:3954} INFO - Setting next_dagrun for latest_only_with_trigger to 2024-06-03 08:00:00+00:00, run_after=2024-06-03 12:00:00+00:00
[2024-06-03T12:25:46.820+0000] {processor.py:183} INFO - Processing /home/airflow/.local/lib/python3.12/site-packages/airflow/example_dags/example_latest_only_with_trigger.py took 0.100 seconds
[2024-06-03T12:26:17.043+0000] {processor.py:161} INFO - Started process (PID=2698) to work on /home/airflow/.local/lib/python3.12/site-packages/airflow/example_dags/example_latest_only_with_trigger.py
[2024-06-03T12:26:17.045+0000] {processor.py:830} INFO - Processing file /home/airflow/.local/lib/python3.12/site-packages/airflow/example_dags/example_latest_only_with_trigger.py for tasks to queue
[2024-06-03T12:26:17.046+0000] {logging_mixin.py:188} INFO - [2024-06-03T12:26:17.046+0000] {dagbag.py:545} INFO - Filling up the DagBag from /home/airflow/.local/lib/python3.12/site-packages/airflow/example_dags/example_latest_only_with_trigger.py
[2024-06-03T12:26:17.052+0000] {processor.py:840} INFO - DAG(s) 'latest_only_with_trigger' retrieved from /home/airflow/.local/lib/python3.12/site-packages/airflow/example_dags/example_latest_only_with_trigger.py
[2024-06-03T12:26:17.070+0000] {logging_mixin.py:188} INFO - [2024-06-03T12:26:17.070+0000] {dag.py:3096} INFO - Sync 1 DAGs
[2024-06-03T12:26:17.090+0000] {logging_mixin.py:188} INFO - [2024-06-03T12:26:17.090+0000] {dag.py:3954} INFO - Setting next_dagrun for latest_only_with_trigger to 2024-06-03 08:00:00+00:00, run_after=2024-06-03 12:00:00+00:00
[2024-06-03T12:26:17.107+0000] {processor.py:183} INFO - Processing /home/airflow/.local/lib/python3.12/site-packages/airflow/example_dags/example_latest_only_with_trigger.py took 0.070 seconds
[2024-06-03T12:26:47.364+0000] {processor.py:161} INFO - Started process (PID=2756) to work on /home/airflow/.local/lib/python3.12/site-packages/airflow/example_dags/example_latest_only_with_trigger.py
[2024-06-03T12:26:47.365+0000] {processor.py:830} INFO - Processing file /home/airflow/.local/lib/python3.12/site-packages/airflow/example_dags/example_latest_only_with_trigger.py for tasks to queue
[2024-06-03T12:26:47.367+0000] {logging_mixin.py:188} INFO - [2024-06-03T12:26:47.367+0000] {dagbag.py:545} INFO - Filling up the DagBag from /home/airflow/.local/lib/python3.12/site-packages/airflow/example_dags/example_latest_only_with_trigger.py
[2024-06-03T12:26:47.373+0000] {processor.py:840} INFO - DAG(s) 'latest_only_with_trigger' retrieved from /home/airflow/.local/lib/python3.12/site-packages/airflow/example_dags/example_latest_only_with_trigger.py
[2024-06-03T12:26:47.391+0000] {logging_mixin.py:188} INFO - [2024-06-03T12:26:47.391+0000] {dag.py:3096} INFO - Sync 1 DAGs
[2024-06-03T12:26:47.410+0000] {logging_mixin.py:188} INFO - [2024-06-03T12:26:47.410+0000] {dag.py:3954} INFO - Setting next_dagrun for latest_only_with_trigger to 2024-06-03 08:00:00+00:00, run_after=2024-06-03 12:00:00+00:00
[2024-06-03T12:26:47.431+0000] {processor.py:183} INFO - Processing /home/airflow/.local/lib/python3.12/site-packages/airflow/example_dags/example_latest_only_with_trigger.py took 0.072 seconds
[2024-06-03T12:27:17.502+0000] {processor.py:161} INFO - Started process (PID=2814) to work on /home/airflow/.local/lib/python3.12/site-packages/airflow/example_dags/example_latest_only_with_trigger.py
[2024-06-03T12:27:17.504+0000] {processor.py:830} INFO - Processing file /home/airflow/.local/lib/python3.12/site-packages/airflow/example_dags/example_latest_only_with_trigger.py for tasks to queue
[2024-06-03T12:27:17.507+0000] {logging_mixin.py:188} INFO - [2024-06-03T12:27:17.507+0000] {dagbag.py:545} INFO - Filling up the DagBag from /home/airflow/.local/lib/python3.12/site-packages/airflow/example_dags/example_latest_only_with_trigger.py
[2024-06-03T12:27:17.513+0000] {processor.py:840} INFO - DAG(s) 'latest_only_with_trigger' retrieved from /home/airflow/.local/lib/python3.12/site-packages/airflow/example_dags/example_latest_only_with_trigger.py
[2024-06-03T12:27:17.532+0000] {logging_mixin.py:188} INFO - [2024-06-03T12:27:17.532+0000] {dag.py:3096} INFO - Sync 1 DAGs
[2024-06-03T12:27:17.549+0000] {logging_mixin.py:188} INFO - [2024-06-03T12:27:17.549+0000] {dag.py:3954} INFO - Setting next_dagrun for latest_only_with_trigger to 2024-06-03 08:00:00+00:00, run_after=2024-06-03 12:00:00+00:00
[2024-06-03T12:27:17.567+0000] {processor.py:183} INFO - Processing /home/airflow/.local/lib/python3.12/site-packages/airflow/example_dags/example_latest_only_with_trigger.py took 0.070 seconds
