[2024-06-03T12:03:25.459+0000] {processor.py:161} INFO - Started process (PID=87) to work on /home/airflow/.local/lib/python3.12/site-packages/airflow/example_dags/example_xcomargs.py
[2024-06-03T12:03:25.461+0000] {processor.py:830} INFO - Processing file /home/airflow/.local/lib/python3.12/site-packages/airflow/example_dags/example_xcomargs.py for tasks to queue
[2024-06-03T12:03:25.463+0000] {logging_mixin.py:188} INFO - [2024-06-03T12:03:25.462+0000] {dagbag.py:545} INFO - Filling up the DagBag from /home/airflow/.local/lib/python3.12/site-packages/airflow/example_dags/example_xcomargs.py
[2024-06-03T12:03:25.470+0000] {processor.py:840} INFO - DAG(s) 'example_xcom_args', 'example_xcom_args_with_operators' retrieved from /home/airflow/.local/lib/python3.12/site-packages/airflow/example_dags/example_xcomargs.py
[2024-06-03T12:03:25.491+0000] {logging_mixin.py:188} INFO - [2024-06-03T12:03:25.491+0000] {dag.py:3096} INFO - Sync 2 DAGs
[2024-06-03T12:03:25.503+0000] {logging_mixin.py:188} INFO - [2024-06-03T12:03:25.502+0000] {dag.py:3954} INFO - Setting next_dagrun for example_xcom_args to None, run_after=None
[2024-06-03T12:03:25.507+0000] {logging_mixin.py:188} INFO - [2024-06-03T12:03:25.507+0000] {dag.py:3954} INFO - Setting next_dagrun for example_xcom_args_with_operators to None, run_after=None
[2024-06-03T12:03:25.522+0000] {processor.py:183} INFO - Processing /home/airflow/.local/lib/python3.12/site-packages/airflow/example_dags/example_xcomargs.py took 0.068 seconds
[2024-06-03T12:03:56.124+0000] {processor.py:161} INFO - Started process (PID=145) to work on /home/airflow/.local/lib/python3.12/site-packages/airflow/example_dags/example_xcomargs.py
[2024-06-03T12:03:56.127+0000] {processor.py:830} INFO - Processing file /home/airflow/.local/lib/python3.12/site-packages/airflow/example_dags/example_xcomargs.py for tasks to queue
[2024-06-03T12:03:56.130+0000] {logging_mixin.py:188} INFO - [2024-06-03T12:03:56.130+0000] {dagbag.py:545} INFO - Filling up the DagBag from /home/airflow/.local/lib/python3.12/site-packages/airflow/example_dags/example_xcomargs.py
[2024-06-03T12:03:56.137+0000] {processor.py:840} INFO - DAG(s) 'example_xcom_args', 'example_xcom_args_with_operators' retrieved from /home/airflow/.local/lib/python3.12/site-packages/airflow/example_dags/example_xcomargs.py
[2024-06-03T12:03:56.161+0000] {logging_mixin.py:188} INFO - [2024-06-03T12:03:56.161+0000] {dag.py:3096} INFO - Sync 2 DAGs
[2024-06-03T12:03:56.173+0000] {logging_mixin.py:188} INFO - [2024-06-03T12:03:56.173+0000] {dag.py:3954} INFO - Setting next_dagrun for example_xcom_args to None, run_after=None
[2024-06-03T12:03:56.177+0000] {logging_mixin.py:188} INFO - [2024-06-03T12:03:56.177+0000] {dag.py:3954} INFO - Setting next_dagrun for example_xcom_args_with_operators to None, run_after=None
[2024-06-03T12:03:56.197+0000] {processor.py:183} INFO - Processing /home/airflow/.local/lib/python3.12/site-packages/airflow/example_dags/example_xcomargs.py took 0.078 seconds
[2024-06-03T12:04:26.541+0000] {processor.py:161} INFO - Started process (PID=203) to work on /home/airflow/.local/lib/python3.12/site-packages/airflow/example_dags/example_xcomargs.py
[2024-06-03T12:04:26.546+0000] {processor.py:830} INFO - Processing file /home/airflow/.local/lib/python3.12/site-packages/airflow/example_dags/example_xcomargs.py for tasks to queue
[2024-06-03T12:04:26.548+0000] {logging_mixin.py:188} INFO - [2024-06-03T12:04:26.548+0000] {dagbag.py:545} INFO - Filling up the DagBag from /home/airflow/.local/lib/python3.12/site-packages/airflow/example_dags/example_xcomargs.py
[2024-06-03T12:04:26.557+0000] {processor.py:840} INFO - DAG(s) 'example_xcom_args', 'example_xcom_args_with_operators' retrieved from /home/airflow/.local/lib/python3.12/site-packages/airflow/example_dags/example_xcomargs.py
[2024-06-03T12:04:26.578+0000] {logging_mixin.py:188} INFO - [2024-06-03T12:04:26.578+0000] {dag.py:3096} INFO - Sync 2 DAGs
[2024-06-03T12:04:26.590+0000] {logging_mixin.py:188} INFO - [2024-06-03T12:04:26.590+0000] {dag.py:3954} INFO - Setting next_dagrun for example_xcom_args to None, run_after=None
[2024-06-03T12:04:26.595+0000] {logging_mixin.py:188} INFO - [2024-06-03T12:04:26.594+0000] {dag.py:3954} INFO - Setting next_dagrun for example_xcom_args_with_operators to None, run_after=None
[2024-06-03T12:04:26.622+0000] {processor.py:183} INFO - Processing /home/airflow/.local/lib/python3.12/site-packages/airflow/example_dags/example_xcomargs.py took 0.086 seconds
[2024-06-03T12:04:56.677+0000] {processor.py:161} INFO - Started process (PID=261) to work on /home/airflow/.local/lib/python3.12/site-packages/airflow/example_dags/example_xcomargs.py
[2024-06-03T12:04:56.678+0000] {processor.py:830} INFO - Processing file /home/airflow/.local/lib/python3.12/site-packages/airflow/example_dags/example_xcomargs.py for tasks to queue
[2024-06-03T12:04:56.681+0000] {logging_mixin.py:188} INFO - [2024-06-03T12:04:56.680+0000] {dagbag.py:545} INFO - Filling up the DagBag from /home/airflow/.local/lib/python3.12/site-packages/airflow/example_dags/example_xcomargs.py
[2024-06-03T12:04:56.689+0000] {processor.py:840} INFO - DAG(s) 'example_xcom_args_with_operators', 'example_xcom_args' retrieved from /home/airflow/.local/lib/python3.12/site-packages/airflow/example_dags/example_xcomargs.py
[2024-06-03T12:04:56.714+0000] {logging_mixin.py:188} INFO - [2024-06-03T12:04:56.714+0000] {dag.py:3096} INFO - Sync 2 DAGs
[2024-06-03T12:04:56.728+0000] {logging_mixin.py:188} INFO - [2024-06-03T12:04:56.728+0000] {dag.py:3954} INFO - Setting next_dagrun for example_xcom_args to None, run_after=None
[2024-06-03T12:04:56.732+0000] {logging_mixin.py:188} INFO - [2024-06-03T12:04:56.732+0000] {dag.py:3954} INFO - Setting next_dagrun for example_xcom_args_with_operators to None, run_after=None
[2024-06-03T12:04:56.753+0000] {processor.py:183} INFO - Processing /home/airflow/.local/lib/python3.12/site-packages/airflow/example_dags/example_xcomargs.py took 0.082 seconds
[2024-06-03T12:05:27.058+0000] {processor.py:161} INFO - Started process (PID=319) to work on /home/airflow/.local/lib/python3.12/site-packages/airflow/example_dags/example_xcomargs.py
[2024-06-03T12:05:27.059+0000] {processor.py:830} INFO - Processing file /home/airflow/.local/lib/python3.12/site-packages/airflow/example_dags/example_xcomargs.py for tasks to queue
[2024-06-03T12:05:27.061+0000] {logging_mixin.py:188} INFO - [2024-06-03T12:05:27.061+0000] {dagbag.py:545} INFO - Filling up the DagBag from /home/airflow/.local/lib/python3.12/site-packages/airflow/example_dags/example_xcomargs.py
[2024-06-03T12:05:27.069+0000] {processor.py:840} INFO - DAG(s) 'example_xcom_args_with_operators', 'example_xcom_args' retrieved from /home/airflow/.local/lib/python3.12/site-packages/airflow/example_dags/example_xcomargs.py
[2024-06-03T12:05:27.095+0000] {logging_mixin.py:188} INFO - [2024-06-03T12:05:27.095+0000] {dag.py:3096} INFO - Sync 2 DAGs
[2024-06-03T12:05:27.109+0000] {logging_mixin.py:188} INFO - [2024-06-03T12:05:27.108+0000] {dag.py:3954} INFO - Setting next_dagrun for example_xcom_args to None, run_after=None
[2024-06-03T12:05:27.113+0000] {logging_mixin.py:188} INFO - [2024-06-03T12:05:27.113+0000] {dag.py:3954} INFO - Setting next_dagrun for example_xcom_args_with_operators to None, run_after=None
[2024-06-03T12:05:27.132+0000] {processor.py:183} INFO - Processing /home/airflow/.local/lib/python3.12/site-packages/airflow/example_dags/example_xcomargs.py took 0.081 seconds
[2024-06-03T12:05:57.347+0000] {processor.py:161} INFO - Started process (PID=377) to work on /home/airflow/.local/lib/python3.12/site-packages/airflow/example_dags/example_xcomargs.py
[2024-06-03T12:05:57.348+0000] {processor.py:830} INFO - Processing file /home/airflow/.local/lib/python3.12/site-packages/airflow/example_dags/example_xcomargs.py for tasks to queue
[2024-06-03T12:05:57.350+0000] {logging_mixin.py:188} INFO - [2024-06-03T12:05:57.350+0000] {dagbag.py:545} INFO - Filling up the DagBag from /home/airflow/.local/lib/python3.12/site-packages/airflow/example_dags/example_xcomargs.py
[2024-06-03T12:05:57.359+0000] {processor.py:840} INFO - DAG(s) 'example_xcom_args', 'example_xcom_args_with_operators' retrieved from /home/airflow/.local/lib/python3.12/site-packages/airflow/example_dags/example_xcomargs.py
[2024-06-03T12:05:57.384+0000] {logging_mixin.py:188} INFO - [2024-06-03T12:05:57.384+0000] {dag.py:3096} INFO - Sync 2 DAGs
[2024-06-03T12:05:57.404+0000] {logging_mixin.py:188} INFO - [2024-06-03T12:05:57.403+0000] {dag.py:3954} INFO - Setting next_dagrun for example_xcom_args to None, run_after=None
[2024-06-03T12:05:57.414+0000] {logging_mixin.py:188} INFO - [2024-06-03T12:05:57.413+0000] {dag.py:3954} INFO - Setting next_dagrun for example_xcom_args_with_operators to None, run_after=None
[2024-06-03T12:05:57.436+0000] {processor.py:183} INFO - Processing /home/airflow/.local/lib/python3.12/site-packages/airflow/example_dags/example_xcomargs.py took 0.096 seconds
[2024-06-03T12:06:28.141+0000] {processor.py:161} INFO - Started process (PID=435) to work on /home/airflow/.local/lib/python3.12/site-packages/airflow/example_dags/example_xcomargs.py
[2024-06-03T12:06:28.143+0000] {processor.py:830} INFO - Processing file /home/airflow/.local/lib/python3.12/site-packages/airflow/example_dags/example_xcomargs.py for tasks to queue
[2024-06-03T12:06:28.146+0000] {logging_mixin.py:188} INFO - [2024-06-03T12:06:28.145+0000] {dagbag.py:545} INFO - Filling up the DagBag from /home/airflow/.local/lib/python3.12/site-packages/airflow/example_dags/example_xcomargs.py
[2024-06-03T12:06:28.154+0000] {processor.py:840} INFO - DAG(s) 'example_xcom_args_with_operators', 'example_xcom_args' retrieved from /home/airflow/.local/lib/python3.12/site-packages/airflow/example_dags/example_xcomargs.py
[2024-06-03T12:06:28.176+0000] {logging_mixin.py:188} INFO - [2024-06-03T12:06:28.176+0000] {dag.py:3096} INFO - Sync 2 DAGs
[2024-06-03T12:06:28.189+0000] {logging_mixin.py:188} INFO - [2024-06-03T12:06:28.189+0000] {dag.py:3954} INFO - Setting next_dagrun for example_xcom_args to None, run_after=None
[2024-06-03T12:06:28.194+0000] {logging_mixin.py:188} INFO - [2024-06-03T12:06:28.194+0000] {dag.py:3954} INFO - Setting next_dagrun for example_xcom_args_with_operators to None, run_after=None
[2024-06-03T12:06:28.211+0000] {processor.py:183} INFO - Processing /home/airflow/.local/lib/python3.12/site-packages/airflow/example_dags/example_xcomargs.py took 0.075 seconds
[2024-06-03T12:06:58.690+0000] {processor.py:161} INFO - Started process (PID=493) to work on /home/airflow/.local/lib/python3.12/site-packages/airflow/example_dags/example_xcomargs.py
[2024-06-03T12:06:58.692+0000] {processor.py:830} INFO - Processing file /home/airflow/.local/lib/python3.12/site-packages/airflow/example_dags/example_xcomargs.py for tasks to queue
[2024-06-03T12:06:58.695+0000] {logging_mixin.py:188} INFO - [2024-06-03T12:06:58.695+0000] {dagbag.py:545} INFO - Filling up the DagBag from /home/airflow/.local/lib/python3.12/site-packages/airflow/example_dags/example_xcomargs.py
[2024-06-03T12:06:58.705+0000] {processor.py:840} INFO - DAG(s) 'example_xcom_args_with_operators', 'example_xcom_args' retrieved from /home/airflow/.local/lib/python3.12/site-packages/airflow/example_dags/example_xcomargs.py
[2024-06-03T12:06:58.736+0000] {logging_mixin.py:188} INFO - [2024-06-03T12:06:58.736+0000] {dag.py:3096} INFO - Sync 2 DAGs
[2024-06-03T12:06:58.754+0000] {logging_mixin.py:188} INFO - [2024-06-03T12:06:58.753+0000] {dag.py:3954} INFO - Setting next_dagrun for example_xcom_args to None, run_after=None
[2024-06-03T12:06:58.759+0000] {logging_mixin.py:188} INFO - [2024-06-03T12:06:58.759+0000] {dag.py:3954} INFO - Setting next_dagrun for example_xcom_args_with_operators to None, run_after=None
[2024-06-03T12:06:58.783+0000] {processor.py:183} INFO - Processing /home/airflow/.local/lib/python3.12/site-packages/airflow/example_dags/example_xcomargs.py took 0.102 seconds
[2024-06-03T12:07:29.249+0000] {processor.py:161} INFO - Started process (PID=551) to work on /home/airflow/.local/lib/python3.12/site-packages/airflow/example_dags/example_xcomargs.py
[2024-06-03T12:07:29.250+0000] {processor.py:830} INFO - Processing file /home/airflow/.local/lib/python3.12/site-packages/airflow/example_dags/example_xcomargs.py for tasks to queue
[2024-06-03T12:07:29.253+0000] {logging_mixin.py:188} INFO - [2024-06-03T12:07:29.252+0000] {dagbag.py:545} INFO - Filling up the DagBag from /home/airflow/.local/lib/python3.12/site-packages/airflow/example_dags/example_xcomargs.py
[2024-06-03T12:07:29.262+0000] {processor.py:840} INFO - DAG(s) 'example_xcom_args_with_operators', 'example_xcom_args' retrieved from /home/airflow/.local/lib/python3.12/site-packages/airflow/example_dags/example_xcomargs.py
[2024-06-03T12:07:29.289+0000] {logging_mixin.py:188} INFO - [2024-06-03T12:07:29.289+0000] {dag.py:3096} INFO - Sync 2 DAGs
[2024-06-03T12:07:29.306+0000] {logging_mixin.py:188} INFO - [2024-06-03T12:07:29.305+0000] {dag.py:3954} INFO - Setting next_dagrun for example_xcom_args to None, run_after=None
[2024-06-03T12:07:29.312+0000] {logging_mixin.py:188} INFO - [2024-06-03T12:07:29.311+0000] {dag.py:3954} INFO - Setting next_dagrun for example_xcom_args_with_operators to None, run_after=None
[2024-06-03T12:07:29.333+0000] {processor.py:183} INFO - Processing /home/airflow/.local/lib/python3.12/site-packages/airflow/example_dags/example_xcomargs.py took 0.090 seconds
[2024-06-03T12:07:59.643+0000] {processor.py:161} INFO - Started process (PID=609) to work on /home/airflow/.local/lib/python3.12/site-packages/airflow/example_dags/example_xcomargs.py
[2024-06-03T12:07:59.644+0000] {processor.py:830} INFO - Processing file /home/airflow/.local/lib/python3.12/site-packages/airflow/example_dags/example_xcomargs.py for tasks to queue
[2024-06-03T12:07:59.647+0000] {logging_mixin.py:188} INFO - [2024-06-03T12:07:59.647+0000] {dagbag.py:545} INFO - Filling up the DagBag from /home/airflow/.local/lib/python3.12/site-packages/airflow/example_dags/example_xcomargs.py
[2024-06-03T12:07:59.655+0000] {processor.py:840} INFO - DAG(s) 'example_xcom_args_with_operators', 'example_xcom_args' retrieved from /home/airflow/.local/lib/python3.12/site-packages/airflow/example_dags/example_xcomargs.py
[2024-06-03T12:07:59.680+0000] {logging_mixin.py:188} INFO - [2024-06-03T12:07:59.679+0000] {dag.py:3096} INFO - Sync 2 DAGs
[2024-06-03T12:07:59.695+0000] {logging_mixin.py:188} INFO - [2024-06-03T12:07:59.695+0000] {dag.py:3954} INFO - Setting next_dagrun for example_xcom_args to None, run_after=None
[2024-06-03T12:07:59.699+0000] {logging_mixin.py:188} INFO - [2024-06-03T12:07:59.699+0000] {dag.py:3954} INFO - Setting next_dagrun for example_xcom_args_with_operators to None, run_after=None
[2024-06-03T12:07:59.715+0000] {processor.py:183} INFO - Processing /home/airflow/.local/lib/python3.12/site-packages/airflow/example_dags/example_xcomargs.py took 0.077 seconds
[2024-06-03T12:08:30.820+0000] {processor.py:161} INFO - Started process (PID=667) to work on /home/airflow/.local/lib/python3.12/site-packages/airflow/example_dags/example_xcomargs.py
[2024-06-03T12:08:30.822+0000] {processor.py:830} INFO - Processing file /home/airflow/.local/lib/python3.12/site-packages/airflow/example_dags/example_xcomargs.py for tasks to queue
[2024-06-03T12:08:30.825+0000] {logging_mixin.py:188} INFO - [2024-06-03T12:08:30.825+0000] {dagbag.py:545} INFO - Filling up the DagBag from /home/airflow/.local/lib/python3.12/site-packages/airflow/example_dags/example_xcomargs.py
[2024-06-03T12:08:30.836+0000] {processor.py:840} INFO - DAG(s) 'example_xcom_args', 'example_xcom_args_with_operators' retrieved from /home/airflow/.local/lib/python3.12/site-packages/airflow/example_dags/example_xcomargs.py
[2024-06-03T12:08:30.944+0000] {logging_mixin.py:188} INFO - [2024-06-03T12:08:30.943+0000] {dag.py:3096} INFO - Sync 2 DAGs
[2024-06-03T12:08:30.961+0000] {logging_mixin.py:188} INFO - [2024-06-03T12:08:30.961+0000] {dag.py:3954} INFO - Setting next_dagrun for example_xcom_args to None, run_after=None
[2024-06-03T12:08:30.966+0000] {logging_mixin.py:188} INFO - [2024-06-03T12:08:30.966+0000] {dag.py:3954} INFO - Setting next_dagrun for example_xcom_args_with_operators to None, run_after=None
[2024-06-03T12:08:30.994+0000] {processor.py:183} INFO - Processing /home/airflow/.local/lib/python3.12/site-packages/airflow/example_dags/example_xcomargs.py took 0.185 seconds
[2024-06-03T12:09:01.505+0000] {processor.py:161} INFO - Started process (PID=725) to work on /home/airflow/.local/lib/python3.12/site-packages/airflow/example_dags/example_xcomargs.py
[2024-06-03T12:09:01.506+0000] {processor.py:830} INFO - Processing file /home/airflow/.local/lib/python3.12/site-packages/airflow/example_dags/example_xcomargs.py for tasks to queue
[2024-06-03T12:09:01.508+0000] {logging_mixin.py:188} INFO - [2024-06-03T12:09:01.508+0000] {dagbag.py:545} INFO - Filling up the DagBag from /home/airflow/.local/lib/python3.12/site-packages/airflow/example_dags/example_xcomargs.py
[2024-06-03T12:09:01.517+0000] {processor.py:840} INFO - DAG(s) 'example_xcom_args_with_operators', 'example_xcom_args' retrieved from /home/airflow/.local/lib/python3.12/site-packages/airflow/example_dags/example_xcomargs.py
[2024-06-03T12:09:01.544+0000] {logging_mixin.py:188} INFO - [2024-06-03T12:09:01.544+0000] {dag.py:3096} INFO - Sync 2 DAGs
[2024-06-03T12:09:01.560+0000] {logging_mixin.py:188} INFO - [2024-06-03T12:09:01.560+0000] {dag.py:3954} INFO - Setting next_dagrun for example_xcom_args to None, run_after=None
[2024-06-03T12:09:01.565+0000] {logging_mixin.py:188} INFO - [2024-06-03T12:09:01.565+0000] {dag.py:3954} INFO - Setting next_dagrun for example_xcom_args_with_operators to None, run_after=None
[2024-06-03T12:09:01.584+0000] {processor.py:183} INFO - Processing /home/airflow/.local/lib/python3.12/site-packages/airflow/example_dags/example_xcomargs.py took 0.086 seconds
[2024-06-03T12:09:31.808+0000] {processor.py:161} INFO - Started process (PID=783) to work on /home/airflow/.local/lib/python3.12/site-packages/airflow/example_dags/example_xcomargs.py
[2024-06-03T12:09:31.809+0000] {processor.py:830} INFO - Processing file /home/airflow/.local/lib/python3.12/site-packages/airflow/example_dags/example_xcomargs.py for tasks to queue
[2024-06-03T12:09:31.811+0000] {logging_mixin.py:188} INFO - [2024-06-03T12:09:31.811+0000] {dagbag.py:545} INFO - Filling up the DagBag from /home/airflow/.local/lib/python3.12/site-packages/airflow/example_dags/example_xcomargs.py
[2024-06-03T12:09:31.821+0000] {processor.py:840} INFO - DAG(s) 'example_xcom_args', 'example_xcom_args_with_operators' retrieved from /home/airflow/.local/lib/python3.12/site-packages/airflow/example_dags/example_xcomargs.py
[2024-06-03T12:09:31.853+0000] {logging_mixin.py:188} INFO - [2024-06-03T12:09:31.853+0000] {dag.py:3096} INFO - Sync 2 DAGs
[2024-06-03T12:09:31.869+0000] {logging_mixin.py:188} INFO - [2024-06-03T12:09:31.869+0000] {dag.py:3954} INFO - Setting next_dagrun for example_xcom_args to None, run_after=None
[2024-06-03T12:09:31.874+0000] {logging_mixin.py:188} INFO - [2024-06-03T12:09:31.874+0000] {dag.py:3954} INFO - Setting next_dagrun for example_xcom_args_with_operators to None, run_after=None
[2024-06-03T12:09:31.901+0000] {processor.py:183} INFO - Processing /home/airflow/.local/lib/python3.12/site-packages/airflow/example_dags/example_xcomargs.py took 0.100 seconds
[2024-06-03T12:10:02.012+0000] {processor.py:161} INFO - Started process (PID=842) to work on /home/airflow/.local/lib/python3.12/site-packages/airflow/example_dags/example_xcomargs.py
[2024-06-03T12:10:02.013+0000] {processor.py:830} INFO - Processing file /home/airflow/.local/lib/python3.12/site-packages/airflow/example_dags/example_xcomargs.py for tasks to queue
[2024-06-03T12:10:02.016+0000] {logging_mixin.py:188} INFO - [2024-06-03T12:10:02.015+0000] {dagbag.py:545} INFO - Filling up the DagBag from /home/airflow/.local/lib/python3.12/site-packages/airflow/example_dags/example_xcomargs.py
[2024-06-03T12:10:02.025+0000] {processor.py:840} INFO - DAG(s) 'example_xcom_args', 'example_xcom_args_with_operators' retrieved from /home/airflow/.local/lib/python3.12/site-packages/airflow/example_dags/example_xcomargs.py
[2024-06-03T12:10:02.053+0000] {logging_mixin.py:188} INFO - [2024-06-03T12:10:02.053+0000] {dag.py:3096} INFO - Sync 2 DAGs
[2024-06-03T12:10:02.072+0000] {logging_mixin.py:188} INFO - [2024-06-03T12:10:02.072+0000] {dag.py:3954} INFO - Setting next_dagrun for example_xcom_args to None, run_after=None
[2024-06-03T12:10:02.077+0000] {logging_mixin.py:188} INFO - [2024-06-03T12:10:02.077+0000] {dag.py:3954} INFO - Setting next_dagrun for example_xcom_args_with_operators to None, run_after=None
[2024-06-03T12:10:02.098+0000] {processor.py:183} INFO - Processing /home/airflow/.local/lib/python3.12/site-packages/airflow/example_dags/example_xcomargs.py took 0.093 seconds
[2024-06-03T12:10:32.277+0000] {processor.py:161} INFO - Started process (PID=900) to work on /home/airflow/.local/lib/python3.12/site-packages/airflow/example_dags/example_xcomargs.py
[2024-06-03T12:10:32.278+0000] {processor.py:830} INFO - Processing file /home/airflow/.local/lib/python3.12/site-packages/airflow/example_dags/example_xcomargs.py for tasks to queue
[2024-06-03T12:10:32.280+0000] {logging_mixin.py:188} INFO - [2024-06-03T12:10:32.280+0000] {dagbag.py:545} INFO - Filling up the DagBag from /home/airflow/.local/lib/python3.12/site-packages/airflow/example_dags/example_xcomargs.py
[2024-06-03T12:10:32.288+0000] {processor.py:840} INFO - DAG(s) 'example_xcom_args', 'example_xcom_args_with_operators' retrieved from /home/airflow/.local/lib/python3.12/site-packages/airflow/example_dags/example_xcomargs.py
[2024-06-03T12:10:32.309+0000] {logging_mixin.py:188} INFO - [2024-06-03T12:10:32.309+0000] {dag.py:3096} INFO - Sync 2 DAGs
[2024-06-03T12:10:32.321+0000] {logging_mixin.py:188} INFO - [2024-06-03T12:10:32.321+0000] {dag.py:3954} INFO - Setting next_dagrun for example_xcom_args to None, run_after=None
[2024-06-03T12:10:32.325+0000] {logging_mixin.py:188} INFO - [2024-06-03T12:10:32.325+0000] {dag.py:3954} INFO - Setting next_dagrun for example_xcom_args_with_operators to None, run_after=None
[2024-06-03T12:10:32.343+0000] {processor.py:183} INFO - Processing /home/airflow/.local/lib/python3.12/site-packages/airflow/example_dags/example_xcomargs.py took 0.072 seconds
[2024-06-03T12:11:02.459+0000] {processor.py:161} INFO - Started process (PID=958) to work on /home/airflow/.local/lib/python3.12/site-packages/airflow/example_dags/example_xcomargs.py
[2024-06-03T12:11:02.460+0000] {processor.py:830} INFO - Processing file /home/airflow/.local/lib/python3.12/site-packages/airflow/example_dags/example_xcomargs.py for tasks to queue
[2024-06-03T12:11:02.462+0000] {logging_mixin.py:188} INFO - [2024-06-03T12:11:02.462+0000] {dagbag.py:545} INFO - Filling up the DagBag from /home/airflow/.local/lib/python3.12/site-packages/airflow/example_dags/example_xcomargs.py
[2024-06-03T12:11:02.469+0000] {processor.py:840} INFO - DAG(s) 'example_xcom_args_with_operators', 'example_xcom_args' retrieved from /home/airflow/.local/lib/python3.12/site-packages/airflow/example_dags/example_xcomargs.py
[2024-06-03T12:11:02.490+0000] {logging_mixin.py:188} INFO - [2024-06-03T12:11:02.489+0000] {dag.py:3096} INFO - Sync 2 DAGs
[2024-06-03T12:11:02.502+0000] {logging_mixin.py:188} INFO - [2024-06-03T12:11:02.501+0000] {dag.py:3954} INFO - Setting next_dagrun for example_xcom_args to None, run_after=None
[2024-06-03T12:11:02.506+0000] {logging_mixin.py:188} INFO - [2024-06-03T12:11:02.506+0000] {dag.py:3954} INFO - Setting next_dagrun for example_xcom_args_with_operators to None, run_after=None
[2024-06-03T12:11:02.523+0000] {processor.py:183} INFO - Processing /home/airflow/.local/lib/python3.12/site-packages/airflow/example_dags/example_xcomargs.py took 0.069 seconds
[2024-06-03T12:11:32.833+0000] {processor.py:161} INFO - Started process (PID=1016) to work on /home/airflow/.local/lib/python3.12/site-packages/airflow/example_dags/example_xcomargs.py
[2024-06-03T12:11:32.835+0000] {processor.py:830} INFO - Processing file /home/airflow/.local/lib/python3.12/site-packages/airflow/example_dags/example_xcomargs.py for tasks to queue
[2024-06-03T12:11:32.837+0000] {logging_mixin.py:188} INFO - [2024-06-03T12:11:32.836+0000] {dagbag.py:545} INFO - Filling up the DagBag from /home/airflow/.local/lib/python3.12/site-packages/airflow/example_dags/example_xcomargs.py
[2024-06-03T12:11:32.846+0000] {processor.py:840} INFO - DAG(s) 'example_xcom_args_with_operators', 'example_xcom_args' retrieved from /home/airflow/.local/lib/python3.12/site-packages/airflow/example_dags/example_xcomargs.py
[2024-06-03T12:11:32.867+0000] {logging_mixin.py:188} INFO - [2024-06-03T12:11:32.867+0000] {dag.py:3096} INFO - Sync 2 DAGs
[2024-06-03T12:11:32.881+0000] {logging_mixin.py:188} INFO - [2024-06-03T12:11:32.880+0000] {dag.py:3954} INFO - Setting next_dagrun for example_xcom_args to None, run_after=None
[2024-06-03T12:11:32.885+0000] {logging_mixin.py:188} INFO - [2024-06-03T12:11:32.885+0000] {dag.py:3954} INFO - Setting next_dagrun for example_xcom_args_with_operators to None, run_after=None
[2024-06-03T12:11:32.908+0000] {processor.py:183} INFO - Processing /home/airflow/.local/lib/python3.12/site-packages/airflow/example_dags/example_xcomargs.py took 0.079 seconds
[2024-06-03T12:12:03.135+0000] {processor.py:161} INFO - Started process (PID=1074) to work on /home/airflow/.local/lib/python3.12/site-packages/airflow/example_dags/example_xcomargs.py
[2024-06-03T12:12:03.137+0000] {processor.py:830} INFO - Processing file /home/airflow/.local/lib/python3.12/site-packages/airflow/example_dags/example_xcomargs.py for tasks to queue
[2024-06-03T12:12:03.139+0000] {logging_mixin.py:188} INFO - [2024-06-03T12:12:03.139+0000] {dagbag.py:545} INFO - Filling up the DagBag from /home/airflow/.local/lib/python3.12/site-packages/airflow/example_dags/example_xcomargs.py
[2024-06-03T12:12:03.147+0000] {processor.py:840} INFO - DAG(s) 'example_xcom_args_with_operators', 'example_xcom_args' retrieved from /home/airflow/.local/lib/python3.12/site-packages/airflow/example_dags/example_xcomargs.py
[2024-06-03T12:12:03.172+0000] {logging_mixin.py:188} INFO - [2024-06-03T12:12:03.172+0000] {dag.py:3096} INFO - Sync 2 DAGs
[2024-06-03T12:12:03.186+0000] {logging_mixin.py:188} INFO - [2024-06-03T12:12:03.186+0000] {dag.py:3954} INFO - Setting next_dagrun for example_xcom_args to None, run_after=None
[2024-06-03T12:12:03.190+0000] {logging_mixin.py:188} INFO - [2024-06-03T12:12:03.190+0000] {dag.py:3954} INFO - Setting next_dagrun for example_xcom_args_with_operators to None, run_after=None
[2024-06-03T12:12:03.210+0000] {processor.py:183} INFO - Processing /home/airflow/.local/lib/python3.12/site-packages/airflow/example_dags/example_xcomargs.py took 0.080 seconds
[2024-06-03T12:12:33.489+0000] {processor.py:161} INFO - Started process (PID=1131) to work on /home/airflow/.local/lib/python3.12/site-packages/airflow/example_dags/example_xcomargs.py
[2024-06-03T12:12:33.491+0000] {processor.py:830} INFO - Processing file /home/airflow/.local/lib/python3.12/site-packages/airflow/example_dags/example_xcomargs.py for tasks to queue
[2024-06-03T12:12:33.493+0000] {logging_mixin.py:188} INFO - [2024-06-03T12:12:33.493+0000] {dagbag.py:545} INFO - Filling up the DagBag from /home/airflow/.local/lib/python3.12/site-packages/airflow/example_dags/example_xcomargs.py
[2024-06-03T12:12:33.500+0000] {processor.py:840} INFO - DAG(s) 'example_xcom_args', 'example_xcom_args_with_operators' retrieved from /home/airflow/.local/lib/python3.12/site-packages/airflow/example_dags/example_xcomargs.py
[2024-06-03T12:12:33.521+0000] {logging_mixin.py:188} INFO - [2024-06-03T12:12:33.521+0000] {dag.py:3096} INFO - Sync 2 DAGs
[2024-06-03T12:12:33.533+0000] {logging_mixin.py:188} INFO - [2024-06-03T12:12:33.532+0000] {dag.py:3954} INFO - Setting next_dagrun for example_xcom_args to None, run_after=None
[2024-06-03T12:12:33.536+0000] {logging_mixin.py:188} INFO - [2024-06-03T12:12:33.536+0000] {dag.py:3954} INFO - Setting next_dagrun for example_xcom_args_with_operators to None, run_after=None
[2024-06-03T12:12:33.553+0000] {processor.py:183} INFO - Processing /home/airflow/.local/lib/python3.12/site-packages/airflow/example_dags/example_xcomargs.py took 0.069 seconds
[2024-06-03T12:13:03.690+0000] {processor.py:161} INFO - Started process (PID=1189) to work on /home/airflow/.local/lib/python3.12/site-packages/airflow/example_dags/example_xcomargs.py
[2024-06-03T12:13:03.692+0000] {processor.py:830} INFO - Processing file /home/airflow/.local/lib/python3.12/site-packages/airflow/example_dags/example_xcomargs.py for tasks to queue
[2024-06-03T12:13:03.694+0000] {logging_mixin.py:188} INFO - [2024-06-03T12:13:03.694+0000] {dagbag.py:545} INFO - Filling up the DagBag from /home/airflow/.local/lib/python3.12/site-packages/airflow/example_dags/example_xcomargs.py
[2024-06-03T12:13:03.702+0000] {processor.py:840} INFO - DAG(s) 'example_xcom_args', 'example_xcom_args_with_operators' retrieved from /home/airflow/.local/lib/python3.12/site-packages/airflow/example_dags/example_xcomargs.py
[2024-06-03T12:13:03.722+0000] {logging_mixin.py:188} INFO - [2024-06-03T12:13:03.722+0000] {dag.py:3096} INFO - Sync 2 DAGs
[2024-06-03T12:13:03.735+0000] {logging_mixin.py:188} INFO - [2024-06-03T12:13:03.735+0000] {dag.py:3954} INFO - Setting next_dagrun for example_xcom_args to None, run_after=None
[2024-06-03T12:13:03.739+0000] {logging_mixin.py:188} INFO - [2024-06-03T12:13:03.739+0000] {dag.py:3954} INFO - Setting next_dagrun for example_xcom_args_with_operators to None, run_after=None
[2024-06-03T12:13:03.757+0000] {processor.py:183} INFO - Processing /home/airflow/.local/lib/python3.12/site-packages/airflow/example_dags/example_xcomargs.py took 0.072 seconds
[2024-06-03T12:13:34.014+0000] {processor.py:161} INFO - Started process (PID=1247) to work on /home/airflow/.local/lib/python3.12/site-packages/airflow/example_dags/example_xcomargs.py
[2024-06-03T12:13:34.016+0000] {processor.py:830} INFO - Processing file /home/airflow/.local/lib/python3.12/site-packages/airflow/example_dags/example_xcomargs.py for tasks to queue
[2024-06-03T12:13:34.019+0000] {logging_mixin.py:188} INFO - [2024-06-03T12:13:34.018+0000] {dagbag.py:545} INFO - Filling up the DagBag from /home/airflow/.local/lib/python3.12/site-packages/airflow/example_dags/example_xcomargs.py
[2024-06-03T12:13:34.028+0000] {processor.py:840} INFO - DAG(s) 'example_xcom_args', 'example_xcom_args_with_operators' retrieved from /home/airflow/.local/lib/python3.12/site-packages/airflow/example_dags/example_xcomargs.py
[2024-06-03T12:13:34.055+0000] {logging_mixin.py:188} INFO - [2024-06-03T12:13:34.055+0000] {dag.py:3096} INFO - Sync 2 DAGs
[2024-06-03T12:13:34.070+0000] {logging_mixin.py:188} INFO - [2024-06-03T12:13:34.070+0000] {dag.py:3954} INFO - Setting next_dagrun for example_xcom_args to None, run_after=None
[2024-06-03T12:13:34.075+0000] {logging_mixin.py:188} INFO - [2024-06-03T12:13:34.075+0000] {dag.py:3954} INFO - Setting next_dagrun for example_xcom_args_with_operators to None, run_after=None
[2024-06-03T12:13:34.096+0000] {processor.py:183} INFO - Processing /home/airflow/.local/lib/python3.12/site-packages/airflow/example_dags/example_xcomargs.py took 0.090 seconds
[2024-06-03T12:14:04.334+0000] {processor.py:161} INFO - Started process (PID=1306) to work on /home/airflow/.local/lib/python3.12/site-packages/airflow/example_dags/example_xcomargs.py
[2024-06-03T12:14:04.335+0000] {processor.py:830} INFO - Processing file /home/airflow/.local/lib/python3.12/site-packages/airflow/example_dags/example_xcomargs.py for tasks to queue
[2024-06-03T12:14:04.337+0000] {logging_mixin.py:188} INFO - [2024-06-03T12:14:04.337+0000] {dagbag.py:545} INFO - Filling up the DagBag from /home/airflow/.local/lib/python3.12/site-packages/airflow/example_dags/example_xcomargs.py
[2024-06-03T12:14:04.345+0000] {processor.py:840} INFO - DAG(s) 'example_xcom_args_with_operators', 'example_xcom_args' retrieved from /home/airflow/.local/lib/python3.12/site-packages/airflow/example_dags/example_xcomargs.py
[2024-06-03T12:14:04.368+0000] {logging_mixin.py:188} INFO - [2024-06-03T12:14:04.368+0000] {dag.py:3096} INFO - Sync 2 DAGs
[2024-06-03T12:14:04.383+0000] {logging_mixin.py:188} INFO - [2024-06-03T12:14:04.383+0000] {dag.py:3954} INFO - Setting next_dagrun for example_xcom_args to None, run_after=None
[2024-06-03T12:14:04.388+0000] {logging_mixin.py:188} INFO - [2024-06-03T12:14:04.387+0000] {dag.py:3954} INFO - Setting next_dagrun for example_xcom_args_with_operators to None, run_after=None
[2024-06-03T12:14:04.405+0000] {processor.py:183} INFO - Processing /home/airflow/.local/lib/python3.12/site-packages/airflow/example_dags/example_xcomargs.py took 0.077 seconds
[2024-06-03T12:14:34.706+0000] {processor.py:161} INFO - Started process (PID=1363) to work on /home/airflow/.local/lib/python3.12/site-packages/airflow/example_dags/example_xcomargs.py
[2024-06-03T12:14:34.707+0000] {processor.py:830} INFO - Processing file /home/airflow/.local/lib/python3.12/site-packages/airflow/example_dags/example_xcomargs.py for tasks to queue
[2024-06-03T12:14:34.711+0000] {logging_mixin.py:188} INFO - [2024-06-03T12:14:34.710+0000] {dagbag.py:545} INFO - Filling up the DagBag from /home/airflow/.local/lib/python3.12/site-packages/airflow/example_dags/example_xcomargs.py
[2024-06-03T12:14:34.721+0000] {processor.py:840} INFO - DAG(s) 'example_xcom_args_with_operators', 'example_xcom_args' retrieved from /home/airflow/.local/lib/python3.12/site-packages/airflow/example_dags/example_xcomargs.py
[2024-06-03T12:14:34.745+0000] {logging_mixin.py:188} INFO - [2024-06-03T12:14:34.745+0000] {dag.py:3096} INFO - Sync 2 DAGs
[2024-06-03T12:14:34.759+0000] {logging_mixin.py:188} INFO - [2024-06-03T12:14:34.759+0000] {dag.py:3954} INFO - Setting next_dagrun for example_xcom_args to None, run_after=None
[2024-06-03T12:14:34.763+0000] {logging_mixin.py:188} INFO - [2024-06-03T12:14:34.763+0000] {dag.py:3954} INFO - Setting next_dagrun for example_xcom_args_with_operators to None, run_after=None
[2024-06-03T12:14:34.783+0000] {processor.py:183} INFO - Processing /home/airflow/.local/lib/python3.12/site-packages/airflow/example_dags/example_xcomargs.py took 0.082 seconds
[2024-06-03T12:15:05.648+0000] {processor.py:161} INFO - Started process (PID=1421) to work on /home/airflow/.local/lib/python3.12/site-packages/airflow/example_dags/example_xcomargs.py
[2024-06-03T12:15:05.649+0000] {processor.py:830} INFO - Processing file /home/airflow/.local/lib/python3.12/site-packages/airflow/example_dags/example_xcomargs.py for tasks to queue
[2024-06-03T12:15:05.651+0000] {logging_mixin.py:188} INFO - [2024-06-03T12:15:05.651+0000] {dagbag.py:545} INFO - Filling up the DagBag from /home/airflow/.local/lib/python3.12/site-packages/airflow/example_dags/example_xcomargs.py
[2024-06-03T12:15:05.661+0000] {processor.py:840} INFO - DAG(s) 'example_xcom_args_with_operators', 'example_xcom_args' retrieved from /home/airflow/.local/lib/python3.12/site-packages/airflow/example_dags/example_xcomargs.py
[2024-06-03T12:15:05.686+0000] {logging_mixin.py:188} INFO - [2024-06-03T12:15:05.686+0000] {dag.py:3096} INFO - Sync 2 DAGs
[2024-06-03T12:15:05.701+0000] {logging_mixin.py:188} INFO - [2024-06-03T12:15:05.701+0000] {dag.py:3954} INFO - Setting next_dagrun for example_xcom_args to None, run_after=None
[2024-06-03T12:15:05.705+0000] {logging_mixin.py:188} INFO - [2024-06-03T12:15:05.705+0000] {dag.py:3954} INFO - Setting next_dagrun for example_xcom_args_with_operators to None, run_after=None
[2024-06-03T12:15:05.725+0000] {processor.py:183} INFO - Processing /home/airflow/.local/lib/python3.12/site-packages/airflow/example_dags/example_xcomargs.py took 0.083 seconds
[2024-06-03T12:15:35.983+0000] {processor.py:161} INFO - Started process (PID=1479) to work on /home/airflow/.local/lib/python3.12/site-packages/airflow/example_dags/example_xcomargs.py
[2024-06-03T12:15:35.985+0000] {processor.py:830} INFO - Processing file /home/airflow/.local/lib/python3.12/site-packages/airflow/example_dags/example_xcomargs.py for tasks to queue
[2024-06-03T12:15:35.987+0000] {logging_mixin.py:188} INFO - [2024-06-03T12:15:35.987+0000] {dagbag.py:545} INFO - Filling up the DagBag from /home/airflow/.local/lib/python3.12/site-packages/airflow/example_dags/example_xcomargs.py
[2024-06-03T12:15:35.995+0000] {processor.py:840} INFO - DAG(s) 'example_xcom_args_with_operators', 'example_xcom_args' retrieved from /home/airflow/.local/lib/python3.12/site-packages/airflow/example_dags/example_xcomargs.py
[2024-06-03T12:15:36.017+0000] {logging_mixin.py:188} INFO - [2024-06-03T12:15:36.017+0000] {dag.py:3096} INFO - Sync 2 DAGs
[2024-06-03T12:15:36.029+0000] {logging_mixin.py:188} INFO - [2024-06-03T12:15:36.029+0000] {dag.py:3954} INFO - Setting next_dagrun for example_xcom_args to None, run_after=None
[2024-06-03T12:15:36.033+0000] {logging_mixin.py:188} INFO - [2024-06-03T12:15:36.033+0000] {dag.py:3954} INFO - Setting next_dagrun for example_xcom_args_with_operators to None, run_after=None
[2024-06-03T12:15:36.051+0000] {processor.py:183} INFO - Processing /home/airflow/.local/lib/python3.12/site-packages/airflow/example_dags/example_xcomargs.py took 0.073 seconds
[2024-06-03T12:16:06.409+0000] {processor.py:161} INFO - Started process (PID=1537) to work on /home/airflow/.local/lib/python3.12/site-packages/airflow/example_dags/example_xcomargs.py
[2024-06-03T12:16:06.410+0000] {processor.py:830} INFO - Processing file /home/airflow/.local/lib/python3.12/site-packages/airflow/example_dags/example_xcomargs.py for tasks to queue
[2024-06-03T12:16:06.412+0000] {logging_mixin.py:188} INFO - [2024-06-03T12:16:06.412+0000] {dagbag.py:545} INFO - Filling up the DagBag from /home/airflow/.local/lib/python3.12/site-packages/airflow/example_dags/example_xcomargs.py
[2024-06-03T12:16:06.420+0000] {processor.py:840} INFO - DAG(s) 'example_xcom_args', 'example_xcom_args_with_operators' retrieved from /home/airflow/.local/lib/python3.12/site-packages/airflow/example_dags/example_xcomargs.py
[2024-06-03T12:16:06.442+0000] {logging_mixin.py:188} INFO - [2024-06-03T12:16:06.441+0000] {dag.py:3096} INFO - Sync 2 DAGs
[2024-06-03T12:16:06.454+0000] {logging_mixin.py:188} INFO - [2024-06-03T12:16:06.453+0000] {dag.py:3954} INFO - Setting next_dagrun for example_xcom_args to None, run_after=None
[2024-06-03T12:16:06.458+0000] {logging_mixin.py:188} INFO - [2024-06-03T12:16:06.458+0000] {dag.py:3954} INFO - Setting next_dagrun for example_xcom_args_with_operators to None, run_after=None
[2024-06-03T12:16:06.474+0000] {processor.py:183} INFO - Processing /home/airflow/.local/lib/python3.12/site-packages/airflow/example_dags/example_xcomargs.py took 0.071 seconds
[2024-06-03T12:16:37.446+0000] {processor.py:161} INFO - Started process (PID=1595) to work on /home/airflow/.local/lib/python3.12/site-packages/airflow/example_dags/example_xcomargs.py
[2024-06-03T12:16:37.447+0000] {processor.py:830} INFO - Processing file /home/airflow/.local/lib/python3.12/site-packages/airflow/example_dags/example_xcomargs.py for tasks to queue
[2024-06-03T12:16:37.449+0000] {logging_mixin.py:188} INFO - [2024-06-03T12:16:37.448+0000] {dagbag.py:545} INFO - Filling up the DagBag from /home/airflow/.local/lib/python3.12/site-packages/airflow/example_dags/example_xcomargs.py
[2024-06-03T12:16:37.456+0000] {processor.py:840} INFO - DAG(s) 'example_xcom_args_with_operators', 'example_xcom_args' retrieved from /home/airflow/.local/lib/python3.12/site-packages/airflow/example_dags/example_xcomargs.py
[2024-06-03T12:16:37.478+0000] {logging_mixin.py:188} INFO - [2024-06-03T12:16:37.478+0000] {dag.py:3096} INFO - Sync 2 DAGs
[2024-06-03T12:16:37.490+0000] {logging_mixin.py:188} INFO - [2024-06-03T12:16:37.490+0000] {dag.py:3954} INFO - Setting next_dagrun for example_xcom_args to None, run_after=None
[2024-06-03T12:16:37.494+0000] {logging_mixin.py:188} INFO - [2024-06-03T12:16:37.494+0000] {dag.py:3954} INFO - Setting next_dagrun for example_xcom_args_with_operators to None, run_after=None
[2024-06-03T12:16:37.509+0000] {processor.py:183} INFO - Processing /home/airflow/.local/lib/python3.12/site-packages/airflow/example_dags/example_xcomargs.py took 0.069 seconds
[2024-06-03T12:17:08.327+0000] {processor.py:161} INFO - Started process (PID=1653) to work on /home/airflow/.local/lib/python3.12/site-packages/airflow/example_dags/example_xcomargs.py
[2024-06-03T12:17:08.328+0000] {processor.py:830} INFO - Processing file /home/airflow/.local/lib/python3.12/site-packages/airflow/example_dags/example_xcomargs.py for tasks to queue
[2024-06-03T12:17:08.330+0000] {logging_mixin.py:188} INFO - [2024-06-03T12:17:08.330+0000] {dagbag.py:545} INFO - Filling up the DagBag from /home/airflow/.local/lib/python3.12/site-packages/airflow/example_dags/example_xcomargs.py
[2024-06-03T12:17:08.339+0000] {processor.py:840} INFO - DAG(s) 'example_xcom_args_with_operators', 'example_xcom_args' retrieved from /home/airflow/.local/lib/python3.12/site-packages/airflow/example_dags/example_xcomargs.py
[2024-06-03T12:17:08.363+0000] {logging_mixin.py:188} INFO - [2024-06-03T12:17:08.363+0000] {dag.py:3096} INFO - Sync 2 DAGs
[2024-06-03T12:17:08.377+0000] {logging_mixin.py:188} INFO - [2024-06-03T12:17:08.377+0000] {dag.py:3954} INFO - Setting next_dagrun for example_xcom_args to None, run_after=None
[2024-06-03T12:17:08.382+0000] {logging_mixin.py:188} INFO - [2024-06-03T12:17:08.382+0000] {dag.py:3954} INFO - Setting next_dagrun for example_xcom_args_with_operators to None, run_after=None
[2024-06-03T12:17:08.402+0000] {processor.py:183} INFO - Processing /home/airflow/.local/lib/python3.12/site-packages/airflow/example_dags/example_xcomargs.py took 0.081 seconds
[2024-06-03T12:17:39.112+0000] {processor.py:161} INFO - Started process (PID=1711) to work on /home/airflow/.local/lib/python3.12/site-packages/airflow/example_dags/example_xcomargs.py
[2024-06-03T12:17:39.113+0000] {processor.py:830} INFO - Processing file /home/airflow/.local/lib/python3.12/site-packages/airflow/example_dags/example_xcomargs.py for tasks to queue
[2024-06-03T12:17:39.115+0000] {logging_mixin.py:188} INFO - [2024-06-03T12:17:39.115+0000] {dagbag.py:545} INFO - Filling up the DagBag from /home/airflow/.local/lib/python3.12/site-packages/airflow/example_dags/example_xcomargs.py
[2024-06-03T12:17:39.124+0000] {processor.py:840} INFO - DAG(s) 'example_xcom_args_with_operators', 'example_xcom_args' retrieved from /home/airflow/.local/lib/python3.12/site-packages/airflow/example_dags/example_xcomargs.py
[2024-06-03T12:17:39.147+0000] {logging_mixin.py:188} INFO - [2024-06-03T12:17:39.146+0000] {dag.py:3096} INFO - Sync 2 DAGs
[2024-06-03T12:17:39.161+0000] {logging_mixin.py:188} INFO - [2024-06-03T12:17:39.160+0000] {dag.py:3954} INFO - Setting next_dagrun for example_xcom_args to None, run_after=None
[2024-06-03T12:17:39.165+0000] {logging_mixin.py:188} INFO - [2024-06-03T12:17:39.165+0000] {dag.py:3954} INFO - Setting next_dagrun for example_xcom_args_with_operators to None, run_after=None
[2024-06-03T12:17:39.183+0000] {processor.py:183} INFO - Processing /home/airflow/.local/lib/python3.12/site-packages/airflow/example_dags/example_xcomargs.py took 0.077 seconds
[2024-06-03T12:18:10.215+0000] {processor.py:161} INFO - Started process (PID=1769) to work on /home/airflow/.local/lib/python3.12/site-packages/airflow/example_dags/example_xcomargs.py
[2024-06-03T12:18:10.216+0000] {processor.py:830} INFO - Processing file /home/airflow/.local/lib/python3.12/site-packages/airflow/example_dags/example_xcomargs.py for tasks to queue
[2024-06-03T12:18:10.218+0000] {logging_mixin.py:188} INFO - [2024-06-03T12:18:10.217+0000] {dagbag.py:545} INFO - Filling up the DagBag from /home/airflow/.local/lib/python3.12/site-packages/airflow/example_dags/example_xcomargs.py
[2024-06-03T12:18:10.347+0000] {processor.py:840} INFO - DAG(s) 'example_xcom_args', 'example_xcom_args_with_operators' retrieved from /home/airflow/.local/lib/python3.12/site-packages/airflow/example_dags/example_xcomargs.py
[2024-06-03T12:18:10.366+0000] {logging_mixin.py:188} INFO - [2024-06-03T12:18:10.365+0000] {dag.py:3096} INFO - Sync 2 DAGs
[2024-06-03T12:18:10.376+0000] {logging_mixin.py:188} INFO - [2024-06-03T12:18:10.375+0000] {dag.py:3954} INFO - Setting next_dagrun for example_xcom_args to None, run_after=None
[2024-06-03T12:18:10.380+0000] {logging_mixin.py:188} INFO - [2024-06-03T12:18:10.380+0000] {dag.py:3954} INFO - Setting next_dagrun for example_xcom_args_with_operators to None, run_after=None
[2024-06-03T12:18:10.397+0000] {processor.py:183} INFO - Processing /home/airflow/.local/lib/python3.12/site-packages/airflow/example_dags/example_xcomargs.py took 0.188 seconds
[2024-06-03T12:18:40.529+0000] {processor.py:161} INFO - Started process (PID=1827) to work on /home/airflow/.local/lib/python3.12/site-packages/airflow/example_dags/example_xcomargs.py
[2024-06-03T12:18:40.531+0000] {processor.py:830} INFO - Processing file /home/airflow/.local/lib/python3.12/site-packages/airflow/example_dags/example_xcomargs.py for tasks to queue
[2024-06-03T12:18:40.534+0000] {logging_mixin.py:188} INFO - [2024-06-03T12:18:40.533+0000] {dagbag.py:545} INFO - Filling up the DagBag from /home/airflow/.local/lib/python3.12/site-packages/airflow/example_dags/example_xcomargs.py
[2024-06-03T12:18:40.542+0000] {processor.py:840} INFO - DAG(s) 'example_xcom_args_with_operators', 'example_xcom_args' retrieved from /home/airflow/.local/lib/python3.12/site-packages/airflow/example_dags/example_xcomargs.py
[2024-06-03T12:18:40.564+0000] {logging_mixin.py:188} INFO - [2024-06-03T12:18:40.564+0000] {dag.py:3096} INFO - Sync 2 DAGs
[2024-06-03T12:18:40.578+0000] {logging_mixin.py:188} INFO - [2024-06-03T12:18:40.577+0000] {dag.py:3954} INFO - Setting next_dagrun for example_xcom_args to None, run_after=None
[2024-06-03T12:18:40.582+0000] {logging_mixin.py:188} INFO - [2024-06-03T12:18:40.582+0000] {dag.py:3954} INFO - Setting next_dagrun for example_xcom_args_with_operators to None, run_after=None
[2024-06-03T12:18:40.601+0000] {processor.py:183} INFO - Processing /home/airflow/.local/lib/python3.12/site-packages/airflow/example_dags/example_xcomargs.py took 0.078 seconds
[2024-06-03T12:19:10.707+0000] {processor.py:161} INFO - Started process (PID=1885) to work on /home/airflow/.local/lib/python3.12/site-packages/airflow/example_dags/example_xcomargs.py
[2024-06-03T12:19:10.708+0000] {processor.py:830} INFO - Processing file /home/airflow/.local/lib/python3.12/site-packages/airflow/example_dags/example_xcomargs.py for tasks to queue
[2024-06-03T12:19:10.710+0000] {logging_mixin.py:188} INFO - [2024-06-03T12:19:10.710+0000] {dagbag.py:545} INFO - Filling up the DagBag from /home/airflow/.local/lib/python3.12/site-packages/airflow/example_dags/example_xcomargs.py
[2024-06-03T12:19:10.718+0000] {processor.py:840} INFO - DAG(s) 'example_xcom_args_with_operators', 'example_xcom_args' retrieved from /home/airflow/.local/lib/python3.12/site-packages/airflow/example_dags/example_xcomargs.py
[2024-06-03T12:19:10.739+0000] {logging_mixin.py:188} INFO - [2024-06-03T12:19:10.738+0000] {dag.py:3096} INFO - Sync 2 DAGs
[2024-06-03T12:19:10.750+0000] {logging_mixin.py:188} INFO - [2024-06-03T12:19:10.750+0000] {dag.py:3954} INFO - Setting next_dagrun for example_xcom_args to None, run_after=None
[2024-06-03T12:19:10.754+0000] {logging_mixin.py:188} INFO - [2024-06-03T12:19:10.754+0000] {dag.py:3954} INFO - Setting next_dagrun for example_xcom_args_with_operators to None, run_after=None
[2024-06-03T12:19:10.770+0000] {processor.py:183} INFO - Processing /home/airflow/.local/lib/python3.12/site-packages/airflow/example_dags/example_xcomargs.py took 0.068 seconds
[2024-06-03T12:19:40.880+0000] {processor.py:161} INFO - Started process (PID=1943) to work on /home/airflow/.local/lib/python3.12/site-packages/airflow/example_dags/example_xcomargs.py
[2024-06-03T12:19:40.881+0000] {processor.py:830} INFO - Processing file /home/airflow/.local/lib/python3.12/site-packages/airflow/example_dags/example_xcomargs.py for tasks to queue
[2024-06-03T12:19:40.883+0000] {logging_mixin.py:188} INFO - [2024-06-03T12:19:40.883+0000] {dagbag.py:545} INFO - Filling up the DagBag from /home/airflow/.local/lib/python3.12/site-packages/airflow/example_dags/example_xcomargs.py
[2024-06-03T12:19:40.891+0000] {processor.py:840} INFO - DAG(s) 'example_xcom_args_with_operators', 'example_xcom_args' retrieved from /home/airflow/.local/lib/python3.12/site-packages/airflow/example_dags/example_xcomargs.py
[2024-06-03T12:19:40.914+0000] {logging_mixin.py:188} INFO - [2024-06-03T12:19:40.914+0000] {dag.py:3096} INFO - Sync 2 DAGs
[2024-06-03T12:19:40.927+0000] {logging_mixin.py:188} INFO - [2024-06-03T12:19:40.927+0000] {dag.py:3954} INFO - Setting next_dagrun for example_xcom_args to None, run_after=None
[2024-06-03T12:19:40.931+0000] {logging_mixin.py:188} INFO - [2024-06-03T12:19:40.931+0000] {dag.py:3954} INFO - Setting next_dagrun for example_xcom_args_with_operators to None, run_after=None
[2024-06-03T12:19:40.948+0000] {processor.py:183} INFO - Processing /home/airflow/.local/lib/python3.12/site-packages/airflow/example_dags/example_xcomargs.py took 0.075 seconds
[2024-06-03T12:20:11.916+0000] {processor.py:161} INFO - Started process (PID=2001) to work on /home/airflow/.local/lib/python3.12/site-packages/airflow/example_dags/example_xcomargs.py
[2024-06-03T12:20:11.917+0000] {processor.py:830} INFO - Processing file /home/airflow/.local/lib/python3.12/site-packages/airflow/example_dags/example_xcomargs.py for tasks to queue
[2024-06-03T12:20:11.920+0000] {logging_mixin.py:188} INFO - [2024-06-03T12:20:11.919+0000] {dagbag.py:545} INFO - Filling up the DagBag from /home/airflow/.local/lib/python3.12/site-packages/airflow/example_dags/example_xcomargs.py
[2024-06-03T12:20:11.930+0000] {processor.py:840} INFO - DAG(s) 'example_xcom_args', 'example_xcom_args_with_operators' retrieved from /home/airflow/.local/lib/python3.12/site-packages/airflow/example_dags/example_xcomargs.py
[2024-06-03T12:20:11.954+0000] {logging_mixin.py:188} INFO - [2024-06-03T12:20:11.954+0000] {dag.py:3096} INFO - Sync 2 DAGs
[2024-06-03T12:20:11.966+0000] {logging_mixin.py:188} INFO - [2024-06-03T12:20:11.966+0000] {dag.py:3954} INFO - Setting next_dagrun for example_xcom_args to None, run_after=None
[2024-06-03T12:20:11.971+0000] {logging_mixin.py:188} INFO - [2024-06-03T12:20:11.970+0000] {dag.py:3954} INFO - Setting next_dagrun for example_xcom_args_with_operators to None, run_after=None
[2024-06-03T12:20:11.987+0000] {processor.py:183} INFO - Processing /home/airflow/.local/lib/python3.12/site-packages/airflow/example_dags/example_xcomargs.py took 0.078 seconds
[2024-06-03T12:20:42.274+0000] {processor.py:161} INFO - Started process (PID=2059) to work on /home/airflow/.local/lib/python3.12/site-packages/airflow/example_dags/example_xcomargs.py
[2024-06-03T12:20:42.276+0000] {processor.py:830} INFO - Processing file /home/airflow/.local/lib/python3.12/site-packages/airflow/example_dags/example_xcomargs.py for tasks to queue
[2024-06-03T12:20:42.278+0000] {logging_mixin.py:188} INFO - [2024-06-03T12:20:42.278+0000] {dagbag.py:545} INFO - Filling up the DagBag from /home/airflow/.local/lib/python3.12/site-packages/airflow/example_dags/example_xcomargs.py
[2024-06-03T12:20:42.286+0000] {processor.py:840} INFO - DAG(s) 'example_xcom_args', 'example_xcom_args_with_operators' retrieved from /home/airflow/.local/lib/python3.12/site-packages/airflow/example_dags/example_xcomargs.py
[2024-06-03T12:20:42.307+0000] {logging_mixin.py:188} INFO - [2024-06-03T12:20:42.307+0000] {dag.py:3096} INFO - Sync 2 DAGs
[2024-06-03T12:20:42.319+0000] {logging_mixin.py:188} INFO - [2024-06-03T12:20:42.318+0000] {dag.py:3954} INFO - Setting next_dagrun for example_xcom_args to None, run_after=None
[2024-06-03T12:20:42.323+0000] {logging_mixin.py:188} INFO - [2024-06-03T12:20:42.323+0000] {dag.py:3954} INFO - Setting next_dagrun for example_xcom_args_with_operators to None, run_after=None
[2024-06-03T12:20:42.340+0000] {processor.py:183} INFO - Processing /home/airflow/.local/lib/python3.12/site-packages/airflow/example_dags/example_xcomargs.py took 0.072 seconds
[2024-06-03T12:21:12.654+0000] {processor.py:161} INFO - Started process (PID=2117) to work on /home/airflow/.local/lib/python3.12/site-packages/airflow/example_dags/example_xcomargs.py
[2024-06-03T12:21:12.656+0000] {processor.py:830} INFO - Processing file /home/airflow/.local/lib/python3.12/site-packages/airflow/example_dags/example_xcomargs.py for tasks to queue
[2024-06-03T12:21:12.659+0000] {logging_mixin.py:188} INFO - [2024-06-03T12:21:12.659+0000] {dagbag.py:545} INFO - Filling up the DagBag from /home/airflow/.local/lib/python3.12/site-packages/airflow/example_dags/example_xcomargs.py
[2024-06-03T12:21:12.667+0000] {processor.py:840} INFO - DAG(s) 'example_xcom_args_with_operators', 'example_xcom_args' retrieved from /home/airflow/.local/lib/python3.12/site-packages/airflow/example_dags/example_xcomargs.py
[2024-06-03T12:21:12.686+0000] {logging_mixin.py:188} INFO - [2024-06-03T12:21:12.686+0000] {dag.py:3096} INFO - Sync 2 DAGs
[2024-06-03T12:21:12.698+0000] {logging_mixin.py:188} INFO - [2024-06-03T12:21:12.698+0000] {dag.py:3954} INFO - Setting next_dagrun for example_xcom_args to None, run_after=None
[2024-06-03T12:21:12.702+0000] {logging_mixin.py:188} INFO - [2024-06-03T12:21:12.702+0000] {dag.py:3954} INFO - Setting next_dagrun for example_xcom_args_with_operators to None, run_after=None
[2024-06-03T12:21:12.718+0000] {processor.py:183} INFO - Processing /home/airflow/.local/lib/python3.12/site-packages/airflow/example_dags/example_xcomargs.py took 0.070 seconds
[2024-06-03T12:21:43.533+0000] {processor.py:161} INFO - Started process (PID=2181) to work on /home/airflow/.local/lib/python3.12/site-packages/airflow/example_dags/example_xcomargs.py
[2024-06-03T12:21:43.534+0000] {processor.py:830} INFO - Processing file /home/airflow/.local/lib/python3.12/site-packages/airflow/example_dags/example_xcomargs.py for tasks to queue
[2024-06-03T12:21:43.536+0000] {logging_mixin.py:188} INFO - [2024-06-03T12:21:43.536+0000] {dagbag.py:545} INFO - Filling up the DagBag from /home/airflow/.local/lib/python3.12/site-packages/airflow/example_dags/example_xcomargs.py
[2024-06-03T12:21:43.543+0000] {processor.py:840} INFO - DAG(s) 'example_xcom_args_with_operators', 'example_xcom_args' retrieved from /home/airflow/.local/lib/python3.12/site-packages/airflow/example_dags/example_xcomargs.py
[2024-06-03T12:21:43.564+0000] {logging_mixin.py:188} INFO - [2024-06-03T12:21:43.564+0000] {dag.py:3096} INFO - Sync 2 DAGs
[2024-06-03T12:21:43.576+0000] {logging_mixin.py:188} INFO - [2024-06-03T12:21:43.576+0000] {dag.py:3954} INFO - Setting next_dagrun for example_xcom_args to None, run_after=None
[2024-06-03T12:21:43.580+0000] {logging_mixin.py:188} INFO - [2024-06-03T12:21:43.580+0000] {dag.py:3954} INFO - Setting next_dagrun for example_xcom_args_with_operators to None, run_after=None
[2024-06-03T12:21:43.597+0000] {processor.py:183} INFO - Processing /home/airflow/.local/lib/python3.12/site-packages/airflow/example_dags/example_xcomargs.py took 0.069 seconds
[2024-06-03T12:22:14.398+0000] {processor.py:161} INFO - Started process (PID=2239) to work on /home/airflow/.local/lib/python3.12/site-packages/airflow/example_dags/example_xcomargs.py
[2024-06-03T12:22:14.399+0000] {processor.py:830} INFO - Processing file /home/airflow/.local/lib/python3.12/site-packages/airflow/example_dags/example_xcomargs.py for tasks to queue
[2024-06-03T12:22:14.401+0000] {logging_mixin.py:188} INFO - [2024-06-03T12:22:14.401+0000] {dagbag.py:545} INFO - Filling up the DagBag from /home/airflow/.local/lib/python3.12/site-packages/airflow/example_dags/example_xcomargs.py
[2024-06-03T12:22:14.409+0000] {processor.py:840} INFO - DAG(s) 'example_xcom_args', 'example_xcom_args_with_operators' retrieved from /home/airflow/.local/lib/python3.12/site-packages/airflow/example_dags/example_xcomargs.py
[2024-06-03T12:22:14.430+0000] {logging_mixin.py:188} INFO - [2024-06-03T12:22:14.429+0000] {dag.py:3096} INFO - Sync 2 DAGs
[2024-06-03T12:22:14.442+0000] {logging_mixin.py:188} INFO - [2024-06-03T12:22:14.442+0000] {dag.py:3954} INFO - Setting next_dagrun for example_xcom_args to None, run_after=None
[2024-06-03T12:22:14.446+0000] {logging_mixin.py:188} INFO - [2024-06-03T12:22:14.446+0000] {dag.py:3954} INFO - Setting next_dagrun for example_xcom_args_with_operators to None, run_after=None
[2024-06-03T12:22:14.462+0000] {processor.py:183} INFO - Processing /home/airflow/.local/lib/python3.12/site-packages/airflow/example_dags/example_xcomargs.py took 0.069 seconds
[2024-06-03T12:22:44.880+0000] {processor.py:161} INFO - Started process (PID=2297) to work on /home/airflow/.local/lib/python3.12/site-packages/airflow/example_dags/example_xcomargs.py
[2024-06-03T12:22:44.882+0000] {processor.py:830} INFO - Processing file /home/airflow/.local/lib/python3.12/site-packages/airflow/example_dags/example_xcomargs.py for tasks to queue
[2024-06-03T12:22:44.884+0000] {logging_mixin.py:188} INFO - [2024-06-03T12:22:44.883+0000] {dagbag.py:545} INFO - Filling up the DagBag from /home/airflow/.local/lib/python3.12/site-packages/airflow/example_dags/example_xcomargs.py
[2024-06-03T12:22:44.891+0000] {processor.py:840} INFO - DAG(s) 'example_xcom_args', 'example_xcom_args_with_operators' retrieved from /home/airflow/.local/lib/python3.12/site-packages/airflow/example_dags/example_xcomargs.py
[2024-06-03T12:22:44.912+0000] {logging_mixin.py:188} INFO - [2024-06-03T12:22:44.911+0000] {dag.py:3096} INFO - Sync 2 DAGs
[2024-06-03T12:22:44.923+0000] {logging_mixin.py:188} INFO - [2024-06-03T12:22:44.923+0000] {dag.py:3954} INFO - Setting next_dagrun for example_xcom_args to None, run_after=None
[2024-06-03T12:22:44.927+0000] {logging_mixin.py:188} INFO - [2024-06-03T12:22:44.927+0000] {dag.py:3954} INFO - Setting next_dagrun for example_xcom_args_with_operators to None, run_after=None
[2024-06-03T12:22:44.944+0000] {processor.py:183} INFO - Processing /home/airflow/.local/lib/python3.12/site-packages/airflow/example_dags/example_xcomargs.py took 0.070 seconds
[2024-06-03T12:23:15.260+0000] {processor.py:161} INFO - Started process (PID=2355) to work on /home/airflow/.local/lib/python3.12/site-packages/airflow/example_dags/example_xcomargs.py
[2024-06-03T12:23:15.261+0000] {processor.py:830} INFO - Processing file /home/airflow/.local/lib/python3.12/site-packages/airflow/example_dags/example_xcomargs.py for tasks to queue
[2024-06-03T12:23:15.263+0000] {logging_mixin.py:188} INFO - [2024-06-03T12:23:15.263+0000] {dagbag.py:545} INFO - Filling up the DagBag from /home/airflow/.local/lib/python3.12/site-packages/airflow/example_dags/example_xcomargs.py
[2024-06-03T12:23:15.272+0000] {processor.py:840} INFO - DAG(s) 'example_xcom_args_with_operators', 'example_xcom_args' retrieved from /home/airflow/.local/lib/python3.12/site-packages/airflow/example_dags/example_xcomargs.py
[2024-06-03T12:23:15.298+0000] {logging_mixin.py:188} INFO - [2024-06-03T12:23:15.298+0000] {dag.py:3096} INFO - Sync 2 DAGs
[2024-06-03T12:23:15.313+0000] {logging_mixin.py:188} INFO - [2024-06-03T12:23:15.313+0000] {dag.py:3954} INFO - Setting next_dagrun for example_xcom_args to None, run_after=None
[2024-06-03T12:23:15.319+0000] {logging_mixin.py:188} INFO - [2024-06-03T12:23:15.318+0000] {dag.py:3954} INFO - Setting next_dagrun for example_xcom_args_with_operators to None, run_after=None
[2024-06-03T12:23:15.339+0000] {processor.py:183} INFO - Processing /home/airflow/.local/lib/python3.12/site-packages/airflow/example_dags/example_xcomargs.py took 0.086 seconds
[2024-06-03T12:23:46.339+0000] {processor.py:161} INFO - Started process (PID=2414) to work on /home/airflow/.local/lib/python3.12/site-packages/airflow/example_dags/example_xcomargs.py
[2024-06-03T12:23:46.340+0000] {processor.py:830} INFO - Processing file /home/airflow/.local/lib/python3.12/site-packages/airflow/example_dags/example_xcomargs.py for tasks to queue
[2024-06-03T12:23:46.342+0000] {logging_mixin.py:188} INFO - [2024-06-03T12:23:46.341+0000] {dagbag.py:545} INFO - Filling up the DagBag from /home/airflow/.local/lib/python3.12/site-packages/airflow/example_dags/example_xcomargs.py
[2024-06-03T12:23:46.350+0000] {processor.py:840} INFO - DAG(s) 'example_xcom_args', 'example_xcom_args_with_operators' retrieved from /home/airflow/.local/lib/python3.12/site-packages/airflow/example_dags/example_xcomargs.py
[2024-06-03T12:23:46.374+0000] {logging_mixin.py:188} INFO - [2024-06-03T12:23:46.373+0000] {dag.py:3096} INFO - Sync 2 DAGs
[2024-06-03T12:23:46.386+0000] {logging_mixin.py:188} INFO - [2024-06-03T12:23:46.386+0000] {dag.py:3954} INFO - Setting next_dagrun for example_xcom_args to None, run_after=None
[2024-06-03T12:23:46.390+0000] {logging_mixin.py:188} INFO - [2024-06-03T12:23:46.390+0000] {dag.py:3954} INFO - Setting next_dagrun for example_xcom_args_with_operators to None, run_after=None
[2024-06-03T12:23:46.409+0000] {processor.py:183} INFO - Processing /home/airflow/.local/lib/python3.12/site-packages/airflow/example_dags/example_xcomargs.py took 0.077 seconds
[2024-06-03T12:24:16.678+0000] {processor.py:161} INFO - Started process (PID=2472) to work on /home/airflow/.local/lib/python3.12/site-packages/airflow/example_dags/example_xcomargs.py
[2024-06-03T12:24:16.680+0000] {processor.py:830} INFO - Processing file /home/airflow/.local/lib/python3.12/site-packages/airflow/example_dags/example_xcomargs.py for tasks to queue
[2024-06-03T12:24:16.682+0000] {logging_mixin.py:188} INFO - [2024-06-03T12:24:16.681+0000] {dagbag.py:545} INFO - Filling up the DagBag from /home/airflow/.local/lib/python3.12/site-packages/airflow/example_dags/example_xcomargs.py
[2024-06-03T12:24:16.690+0000] {processor.py:840} INFO - DAG(s) 'example_xcom_args', 'example_xcom_args_with_operators' retrieved from /home/airflow/.local/lib/python3.12/site-packages/airflow/example_dags/example_xcomargs.py
[2024-06-03T12:24:16.715+0000] {logging_mixin.py:188} INFO - [2024-06-03T12:24:16.715+0000] {dag.py:3096} INFO - Sync 2 DAGs
[2024-06-03T12:24:16.730+0000] {logging_mixin.py:188} INFO - [2024-06-03T12:24:16.729+0000] {dag.py:3954} INFO - Setting next_dagrun for example_xcom_args to None, run_after=None
[2024-06-03T12:24:16.735+0000] {logging_mixin.py:188} INFO - [2024-06-03T12:24:16.734+0000] {dag.py:3954} INFO - Setting next_dagrun for example_xcom_args_with_operators to None, run_after=None
[2024-06-03T12:24:16.758+0000] {processor.py:183} INFO - Processing /home/airflow/.local/lib/python3.12/site-packages/airflow/example_dags/example_xcomargs.py took 0.085 seconds
[2024-06-03T12:24:46.879+0000] {processor.py:161} INFO - Started process (PID=2530) to work on /home/airflow/.local/lib/python3.12/site-packages/airflow/example_dags/example_xcomargs.py
[2024-06-03T12:24:46.880+0000] {processor.py:830} INFO - Processing file /home/airflow/.local/lib/python3.12/site-packages/airflow/example_dags/example_xcomargs.py for tasks to queue
[2024-06-03T12:24:46.883+0000] {logging_mixin.py:188} INFO - [2024-06-03T12:24:46.882+0000] {dagbag.py:545} INFO - Filling up the DagBag from /home/airflow/.local/lib/python3.12/site-packages/airflow/example_dags/example_xcomargs.py
[2024-06-03T12:24:46.891+0000] {processor.py:840} INFO - DAG(s) 'example_xcom_args', 'example_xcom_args_with_operators' retrieved from /home/airflow/.local/lib/python3.12/site-packages/airflow/example_dags/example_xcomargs.py
[2024-06-03T12:24:46.915+0000] {logging_mixin.py:188} INFO - [2024-06-03T12:24:46.915+0000] {dag.py:3096} INFO - Sync 2 DAGs
[2024-06-03T12:24:46.929+0000] {logging_mixin.py:188} INFO - [2024-06-03T12:24:46.929+0000] {dag.py:3954} INFO - Setting next_dagrun for example_xcom_args to None, run_after=None
[2024-06-03T12:24:46.933+0000] {logging_mixin.py:188} INFO - [2024-06-03T12:24:46.933+0000] {dag.py:3954} INFO - Setting next_dagrun for example_xcom_args_with_operators to None, run_after=None
[2024-06-03T12:24:46.954+0000] {processor.py:183} INFO - Processing /home/airflow/.local/lib/python3.12/site-packages/airflow/example_dags/example_xcomargs.py took 0.081 seconds
[2024-06-03T12:25:17.558+0000] {processor.py:161} INFO - Started process (PID=2588) to work on /home/airflow/.local/lib/python3.12/site-packages/airflow/example_dags/example_xcomargs.py
[2024-06-03T12:25:17.560+0000] {processor.py:830} INFO - Processing file /home/airflow/.local/lib/python3.12/site-packages/airflow/example_dags/example_xcomargs.py for tasks to queue
[2024-06-03T12:25:17.563+0000] {logging_mixin.py:188} INFO - [2024-06-03T12:25:17.563+0000] {dagbag.py:545} INFO - Filling up the DagBag from /home/airflow/.local/lib/python3.12/site-packages/airflow/example_dags/example_xcomargs.py
[2024-06-03T12:25:17.570+0000] {processor.py:840} INFO - DAG(s) 'example_xcom_args_with_operators', 'example_xcom_args' retrieved from /home/airflow/.local/lib/python3.12/site-packages/airflow/example_dags/example_xcomargs.py
[2024-06-03T12:25:17.594+0000] {logging_mixin.py:188} INFO - [2024-06-03T12:25:17.594+0000] {dag.py:3096} INFO - Sync 2 DAGs
[2024-06-03T12:25:17.605+0000] {logging_mixin.py:188} INFO - [2024-06-03T12:25:17.605+0000] {dag.py:3954} INFO - Setting next_dagrun for example_xcom_args to None, run_after=None
[2024-06-03T12:25:17.609+0000] {logging_mixin.py:188} INFO - [2024-06-03T12:25:17.609+0000] {dag.py:3954} INFO - Setting next_dagrun for example_xcom_args_with_operators to None, run_after=None
[2024-06-03T12:25:17.625+0000] {processor.py:183} INFO - Processing /home/airflow/.local/lib/python3.12/site-packages/airflow/example_dags/example_xcomargs.py took 0.073 seconds
[2024-06-03T12:25:48.023+0000] {processor.py:161} INFO - Started process (PID=2645) to work on /home/airflow/.local/lib/python3.12/site-packages/airflow/example_dags/example_xcomargs.py
[2024-06-03T12:25:48.024+0000] {processor.py:830} INFO - Processing file /home/airflow/.local/lib/python3.12/site-packages/airflow/example_dags/example_xcomargs.py for tasks to queue
[2024-06-03T12:25:48.026+0000] {logging_mixin.py:188} INFO - [2024-06-03T12:25:48.026+0000] {dagbag.py:545} INFO - Filling up the DagBag from /home/airflow/.local/lib/python3.12/site-packages/airflow/example_dags/example_xcomargs.py
[2024-06-03T12:25:48.035+0000] {processor.py:840} INFO - DAG(s) 'example_xcom_args', 'example_xcom_args_with_operators' retrieved from /home/airflow/.local/lib/python3.12/site-packages/airflow/example_dags/example_xcomargs.py
[2024-06-03T12:25:48.059+0000] {logging_mixin.py:188} INFO - [2024-06-03T12:25:48.059+0000] {dag.py:3096} INFO - Sync 2 DAGs
[2024-06-03T12:25:48.074+0000] {logging_mixin.py:188} INFO - [2024-06-03T12:25:48.073+0000] {dag.py:3954} INFO - Setting next_dagrun for example_xcom_args to None, run_after=None
[2024-06-03T12:25:48.078+0000] {logging_mixin.py:188} INFO - [2024-06-03T12:25:48.078+0000] {dag.py:3954} INFO - Setting next_dagrun for example_xcom_args_with_operators to None, run_after=None
[2024-06-03T12:25:48.098+0000] {processor.py:183} INFO - Processing /home/airflow/.local/lib/python3.12/site-packages/airflow/example_dags/example_xcomargs.py took 0.082 seconds
[2024-06-03T12:26:18.312+0000] {processor.py:161} INFO - Started process (PID=2703) to work on /home/airflow/.local/lib/python3.12/site-packages/airflow/example_dags/example_xcomargs.py
[2024-06-03T12:26:18.315+0000] {processor.py:830} INFO - Processing file /home/airflow/.local/lib/python3.12/site-packages/airflow/example_dags/example_xcomargs.py for tasks to queue
[2024-06-03T12:26:18.318+0000] {logging_mixin.py:188} INFO - [2024-06-03T12:26:18.318+0000] {dagbag.py:545} INFO - Filling up the DagBag from /home/airflow/.local/lib/python3.12/site-packages/airflow/example_dags/example_xcomargs.py
[2024-06-03T12:26:18.326+0000] {processor.py:840} INFO - DAG(s) 'example_xcom_args', 'example_xcom_args_with_operators' retrieved from /home/airflow/.local/lib/python3.12/site-packages/airflow/example_dags/example_xcomargs.py
[2024-06-03T12:26:18.348+0000] {logging_mixin.py:188} INFO - [2024-06-03T12:26:18.348+0000] {dag.py:3096} INFO - Sync 2 DAGs
[2024-06-03T12:26:18.360+0000] {logging_mixin.py:188} INFO - [2024-06-03T12:26:18.360+0000] {dag.py:3954} INFO - Setting next_dagrun for example_xcom_args to None, run_after=None
[2024-06-03T12:26:18.364+0000] {logging_mixin.py:188} INFO - [2024-06-03T12:26:18.363+0000] {dag.py:3954} INFO - Setting next_dagrun for example_xcom_args_with_operators to None, run_after=None
[2024-06-03T12:26:18.378+0000] {processor.py:183} INFO - Processing /home/airflow/.local/lib/python3.12/site-packages/airflow/example_dags/example_xcomargs.py took 0.071 seconds
[2024-06-03T12:26:48.611+0000] {processor.py:161} INFO - Started process (PID=2761) to work on /home/airflow/.local/lib/python3.12/site-packages/airflow/example_dags/example_xcomargs.py
[2024-06-03T12:26:48.612+0000] {processor.py:830} INFO - Processing file /home/airflow/.local/lib/python3.12/site-packages/airflow/example_dags/example_xcomargs.py for tasks to queue
[2024-06-03T12:26:48.615+0000] {logging_mixin.py:188} INFO - [2024-06-03T12:26:48.615+0000] {dagbag.py:545} INFO - Filling up the DagBag from /home/airflow/.local/lib/python3.12/site-packages/airflow/example_dags/example_xcomargs.py
[2024-06-03T12:26:48.623+0000] {processor.py:840} INFO - DAG(s) 'example_xcom_args', 'example_xcom_args_with_operators' retrieved from /home/airflow/.local/lib/python3.12/site-packages/airflow/example_dags/example_xcomargs.py
[2024-06-03T12:26:48.644+0000] {logging_mixin.py:188} INFO - [2024-06-03T12:26:48.644+0000] {dag.py:3096} INFO - Sync 2 DAGs
[2024-06-03T12:26:48.655+0000] {logging_mixin.py:188} INFO - [2024-06-03T12:26:48.655+0000] {dag.py:3954} INFO - Setting next_dagrun for example_xcom_args to None, run_after=None
[2024-06-03T12:26:48.660+0000] {logging_mixin.py:188} INFO - [2024-06-03T12:26:48.660+0000] {dag.py:3954} INFO - Setting next_dagrun for example_xcom_args_with_operators to None, run_after=None
[2024-06-03T12:26:48.674+0000] {processor.py:183} INFO - Processing /home/airflow/.local/lib/python3.12/site-packages/airflow/example_dags/example_xcomargs.py took 0.068 seconds
[2024-06-03T12:27:18.749+0000] {processor.py:161} INFO - Started process (PID=2819) to work on /home/airflow/.local/lib/python3.12/site-packages/airflow/example_dags/example_xcomargs.py
[2024-06-03T12:27:18.750+0000] {processor.py:830} INFO - Processing file /home/airflow/.local/lib/python3.12/site-packages/airflow/example_dags/example_xcomargs.py for tasks to queue
[2024-06-03T12:27:18.753+0000] {logging_mixin.py:188} INFO - [2024-06-03T12:27:18.753+0000] {dagbag.py:545} INFO - Filling up the DagBag from /home/airflow/.local/lib/python3.12/site-packages/airflow/example_dags/example_xcomargs.py
[2024-06-03T12:27:18.761+0000] {processor.py:840} INFO - DAG(s) 'example_xcom_args', 'example_xcom_args_with_operators' retrieved from /home/airflow/.local/lib/python3.12/site-packages/airflow/example_dags/example_xcomargs.py
[2024-06-03T12:27:18.783+0000] {logging_mixin.py:188} INFO - [2024-06-03T12:27:18.783+0000] {dag.py:3096} INFO - Sync 2 DAGs
[2024-06-03T12:27:18.795+0000] {logging_mixin.py:188} INFO - [2024-06-03T12:27:18.795+0000] {dag.py:3954} INFO - Setting next_dagrun for example_xcom_args to None, run_after=None
[2024-06-03T12:27:18.799+0000] {logging_mixin.py:188} INFO - [2024-06-03T12:27:18.799+0000] {dag.py:3954} INFO - Setting next_dagrun for example_xcom_args_with_operators to None, run_after=None
[2024-06-03T12:27:18.816+0000] {processor.py:183} INFO - Processing /home/airflow/.local/lib/python3.12/site-packages/airflow/example_dags/example_xcomargs.py took 0.073 seconds
