[2024-06-03T12:03:24.417+0000] {processor.py:161} INFO - Started process (PID=75) to work on /home/airflow/.local/lib/python3.12/site-packages/airflow/example_dags/example_bash_operator.py
[2024-06-03T12:03:24.419+0000] {processor.py:830} INFO - Processing file /home/airflow/.local/lib/python3.12/site-packages/airflow/example_dags/example_bash_operator.py for tasks to queue
[2024-06-03T12:03:24.421+0000] {logging_mixin.py:188} INFO - [2024-06-03T12:03:24.421+0000] {dagbag.py:545} INFO - Filling up the DagBag from /home/airflow/.local/lib/python3.12/site-packages/airflow/example_dags/example_bash_operator.py
[2024-06-03T12:03:24.434+0000] {processor.py:840} INFO - DAG(s) 'example_bash_operator' retrieved from /home/airflow/.local/lib/python3.12/site-packages/airflow/example_dags/example_bash_operator.py
[2024-06-03T12:03:24.465+0000] {logging_mixin.py:188} INFO - [2024-06-03T12:03:24.465+0000] {dag.py:3096} INFO - Sync 1 DAGs
[2024-06-03T12:03:24.485+0000] {logging_mixin.py:188} INFO - [2024-06-03T12:03:24.485+0000] {dag.py:3954} INFO - Setting next_dagrun for example_bash_operator to 2024-06-02 00:00:00+00:00, run_after=2024-06-03 00:00:00+00:00
[2024-06-03T12:03:24.502+0000] {processor.py:183} INFO - Processing /home/airflow/.local/lib/python3.12/site-packages/airflow/example_dags/example_bash_operator.py took 0.090 seconds
[2024-06-03T12:03:55.420+0000] {processor.py:161} INFO - Started process (PID=133) to work on /home/airflow/.local/lib/python3.12/site-packages/airflow/example_dags/example_bash_operator.py
[2024-06-03T12:03:55.422+0000] {processor.py:830} INFO - Processing file /home/airflow/.local/lib/python3.12/site-packages/airflow/example_dags/example_bash_operator.py for tasks to queue
[2024-06-03T12:03:55.424+0000] {logging_mixin.py:188} INFO - [2024-06-03T12:03:55.424+0000] {dagbag.py:545} INFO - Filling up the DagBag from /home/airflow/.local/lib/python3.12/site-packages/airflow/example_dags/example_bash_operator.py
[2024-06-03T12:03:55.434+0000] {processor.py:840} INFO - DAG(s) 'example_bash_operator' retrieved from /home/airflow/.local/lib/python3.12/site-packages/airflow/example_dags/example_bash_operator.py
[2024-06-03T12:03:55.462+0000] {logging_mixin.py:188} INFO - [2024-06-03T12:03:55.462+0000] {dag.py:3096} INFO - Sync 1 DAGs
[2024-06-03T12:03:55.483+0000] {logging_mixin.py:188} INFO - [2024-06-03T12:03:55.483+0000] {dag.py:3954} INFO - Setting next_dagrun for example_bash_operator to 2024-06-02 00:00:00+00:00, run_after=2024-06-03 00:00:00+00:00
[2024-06-03T12:03:55.503+0000] {processor.py:183} INFO - Processing /home/airflow/.local/lib/python3.12/site-packages/airflow/example_dags/example_bash_operator.py took 0.089 seconds
[2024-06-03T12:04:25.586+0000] {processor.py:161} INFO - Started process (PID=191) to work on /home/airflow/.local/lib/python3.12/site-packages/airflow/example_dags/example_bash_operator.py
[2024-06-03T12:04:25.589+0000] {processor.py:830} INFO - Processing file /home/airflow/.local/lib/python3.12/site-packages/airflow/example_dags/example_bash_operator.py for tasks to queue
[2024-06-03T12:04:25.591+0000] {logging_mixin.py:188} INFO - [2024-06-03T12:04:25.591+0000] {dagbag.py:545} INFO - Filling up the DagBag from /home/airflow/.local/lib/python3.12/site-packages/airflow/example_dags/example_bash_operator.py
[2024-06-03T12:04:25.602+0000] {processor.py:840} INFO - DAG(s) 'example_bash_operator' retrieved from /home/airflow/.local/lib/python3.12/site-packages/airflow/example_dags/example_bash_operator.py
[2024-06-03T12:04:25.625+0000] {logging_mixin.py:188} INFO - [2024-06-03T12:04:25.624+0000] {dag.py:3096} INFO - Sync 1 DAGs
[2024-06-03T12:04:25.644+0000] {logging_mixin.py:188} INFO - [2024-06-03T12:04:25.644+0000] {dag.py:3954} INFO - Setting next_dagrun for example_bash_operator to 2024-06-02 00:00:00+00:00, run_after=2024-06-03 00:00:00+00:00
[2024-06-03T12:04:25.668+0000] {processor.py:183} INFO - Processing /home/airflow/.local/lib/python3.12/site-packages/airflow/example_dags/example_bash_operator.py took 0.086 seconds
[2024-06-03T12:04:55.957+0000] {processor.py:161} INFO - Started process (PID=249) to work on /home/airflow/.local/lib/python3.12/site-packages/airflow/example_dags/example_bash_operator.py
[2024-06-03T12:04:55.958+0000] {processor.py:830} INFO - Processing file /home/airflow/.local/lib/python3.12/site-packages/airflow/example_dags/example_bash_operator.py for tasks to queue
[2024-06-03T12:04:55.960+0000] {logging_mixin.py:188} INFO - [2024-06-03T12:04:55.960+0000] {dagbag.py:545} INFO - Filling up the DagBag from /home/airflow/.local/lib/python3.12/site-packages/airflow/example_dags/example_bash_operator.py
[2024-06-03T12:04:55.970+0000] {processor.py:840} INFO - DAG(s) 'example_bash_operator' retrieved from /home/airflow/.local/lib/python3.12/site-packages/airflow/example_dags/example_bash_operator.py
[2024-06-03T12:04:55.997+0000] {logging_mixin.py:188} INFO - [2024-06-03T12:04:55.997+0000] {dag.py:3096} INFO - Sync 1 DAGs
[2024-06-03T12:04:56.020+0000] {logging_mixin.py:188} INFO - [2024-06-03T12:04:56.020+0000] {dag.py:3954} INFO - Setting next_dagrun for example_bash_operator to 2024-06-02 00:00:00+00:00, run_after=2024-06-03 00:00:00+00:00
[2024-06-03T12:04:56.037+0000] {processor.py:183} INFO - Processing /home/airflow/.local/lib/python3.12/site-packages/airflow/example_dags/example_bash_operator.py took 0.086 seconds
[2024-06-03T12:05:26.411+0000] {processor.py:161} INFO - Started process (PID=307) to work on /home/airflow/.local/lib/python3.12/site-packages/airflow/example_dags/example_bash_operator.py
[2024-06-03T12:05:26.413+0000] {processor.py:830} INFO - Processing file /home/airflow/.local/lib/python3.12/site-packages/airflow/example_dags/example_bash_operator.py for tasks to queue
[2024-06-03T12:05:26.415+0000] {logging_mixin.py:188} INFO - [2024-06-03T12:05:26.414+0000] {dagbag.py:545} INFO - Filling up the DagBag from /home/airflow/.local/lib/python3.12/site-packages/airflow/example_dags/example_bash_operator.py
[2024-06-03T12:05:26.424+0000] {processor.py:840} INFO - DAG(s) 'example_bash_operator' retrieved from /home/airflow/.local/lib/python3.12/site-packages/airflow/example_dags/example_bash_operator.py
[2024-06-03T12:05:26.448+0000] {logging_mixin.py:188} INFO - [2024-06-03T12:05:26.448+0000] {dag.py:3096} INFO - Sync 1 DAGs
[2024-06-03T12:05:26.467+0000] {logging_mixin.py:188} INFO - [2024-06-03T12:05:26.467+0000] {dag.py:3954} INFO - Setting next_dagrun for example_bash_operator to 2024-06-02 00:00:00+00:00, run_after=2024-06-03 00:00:00+00:00
[2024-06-03T12:05:26.486+0000] {processor.py:183} INFO - Processing /home/airflow/.local/lib/python3.12/site-packages/airflow/example_dags/example_bash_operator.py took 0.080 seconds
[2024-06-03T12:05:56.589+0000] {processor.py:161} INFO - Started process (PID=365) to work on /home/airflow/.local/lib/python3.12/site-packages/airflow/example_dags/example_bash_operator.py
[2024-06-03T12:05:56.591+0000] {processor.py:830} INFO - Processing file /home/airflow/.local/lib/python3.12/site-packages/airflow/example_dags/example_bash_operator.py for tasks to queue
[2024-06-03T12:05:56.593+0000] {logging_mixin.py:188} INFO - [2024-06-03T12:05:56.592+0000] {dagbag.py:545} INFO - Filling up the DagBag from /home/airflow/.local/lib/python3.12/site-packages/airflow/example_dags/example_bash_operator.py
[2024-06-03T12:05:56.602+0000] {processor.py:840} INFO - DAG(s) 'example_bash_operator' retrieved from /home/airflow/.local/lib/python3.12/site-packages/airflow/example_dags/example_bash_operator.py
[2024-06-03T12:05:56.627+0000] {logging_mixin.py:188} INFO - [2024-06-03T12:05:56.627+0000] {dag.py:3096} INFO - Sync 1 DAGs
[2024-06-03T12:05:56.650+0000] {logging_mixin.py:188} INFO - [2024-06-03T12:05:56.649+0000] {dag.py:3954} INFO - Setting next_dagrun for example_bash_operator to 2024-06-02 00:00:00+00:00, run_after=2024-06-03 00:00:00+00:00
[2024-06-03T12:05:56.670+0000] {processor.py:183} INFO - Processing /home/airflow/.local/lib/python3.12/site-packages/airflow/example_dags/example_bash_operator.py took 0.086 seconds
[2024-06-03T12:06:27.300+0000] {processor.py:161} INFO - Started process (PID=423) to work on /home/airflow/.local/lib/python3.12/site-packages/airflow/example_dags/example_bash_operator.py
[2024-06-03T12:06:27.302+0000] {processor.py:830} INFO - Processing file /home/airflow/.local/lib/python3.12/site-packages/airflow/example_dags/example_bash_operator.py for tasks to queue
[2024-06-03T12:06:27.304+0000] {logging_mixin.py:188} INFO - [2024-06-03T12:06:27.304+0000] {dagbag.py:545} INFO - Filling up the DagBag from /home/airflow/.local/lib/python3.12/site-packages/airflow/example_dags/example_bash_operator.py
[2024-06-03T12:06:27.314+0000] {processor.py:840} INFO - DAG(s) 'example_bash_operator' retrieved from /home/airflow/.local/lib/python3.12/site-packages/airflow/example_dags/example_bash_operator.py
[2024-06-03T12:06:27.338+0000] {logging_mixin.py:188} INFO - [2024-06-03T12:06:27.337+0000] {dag.py:3096} INFO - Sync 1 DAGs
[2024-06-03T12:06:27.360+0000] {logging_mixin.py:188} INFO - [2024-06-03T12:06:27.360+0000] {dag.py:3954} INFO - Setting next_dagrun for example_bash_operator to 2024-06-02 00:00:00+00:00, run_after=2024-06-03 00:00:00+00:00
[2024-06-03T12:06:27.381+0000] {processor.py:183} INFO - Processing /home/airflow/.local/lib/python3.12/site-packages/airflow/example_dags/example_bash_operator.py took 0.086 seconds
[2024-06-03T12:06:57.831+0000] {processor.py:161} INFO - Started process (PID=481) to work on /home/airflow/.local/lib/python3.12/site-packages/airflow/example_dags/example_bash_operator.py
[2024-06-03T12:06:57.833+0000] {processor.py:830} INFO - Processing file /home/airflow/.local/lib/python3.12/site-packages/airflow/example_dags/example_bash_operator.py for tasks to queue
[2024-06-03T12:06:57.836+0000] {logging_mixin.py:188} INFO - [2024-06-03T12:06:57.835+0000] {dagbag.py:545} INFO - Filling up the DagBag from /home/airflow/.local/lib/python3.12/site-packages/airflow/example_dags/example_bash_operator.py
[2024-06-03T12:06:57.849+0000] {processor.py:840} INFO - DAG(s) 'example_bash_operator' retrieved from /home/airflow/.local/lib/python3.12/site-packages/airflow/example_dags/example_bash_operator.py
[2024-06-03T12:06:57.882+0000] {logging_mixin.py:188} INFO - [2024-06-03T12:06:57.882+0000] {dag.py:3096} INFO - Sync 1 DAGs
[2024-06-03T12:06:57.912+0000] {logging_mixin.py:188} INFO - [2024-06-03T12:06:57.912+0000] {dag.py:3954} INFO - Setting next_dagrun for example_bash_operator to 2024-06-02 00:00:00+00:00, run_after=2024-06-03 00:00:00+00:00
[2024-06-03T12:06:57.945+0000] {processor.py:183} INFO - Processing /home/airflow/.local/lib/python3.12/site-packages/airflow/example_dags/example_bash_operator.py took 0.120 seconds
[2024-06-03T12:07:28.242+0000] {processor.py:161} INFO - Started process (PID=539) to work on /home/airflow/.local/lib/python3.12/site-packages/airflow/example_dags/example_bash_operator.py
[2024-06-03T12:07:28.244+0000] {processor.py:830} INFO - Processing file /home/airflow/.local/lib/python3.12/site-packages/airflow/example_dags/example_bash_operator.py for tasks to queue
[2024-06-03T12:07:28.246+0000] {logging_mixin.py:188} INFO - [2024-06-03T12:07:28.245+0000] {dagbag.py:545} INFO - Filling up the DagBag from /home/airflow/.local/lib/python3.12/site-packages/airflow/example_dags/example_bash_operator.py
[2024-06-03T12:07:28.255+0000] {processor.py:840} INFO - DAG(s) 'example_bash_operator' retrieved from /home/airflow/.local/lib/python3.12/site-packages/airflow/example_dags/example_bash_operator.py
[2024-06-03T12:07:28.278+0000] {logging_mixin.py:188} INFO - [2024-06-03T12:07:28.278+0000] {dag.py:3096} INFO - Sync 1 DAGs
[2024-06-03T12:07:28.298+0000] {logging_mixin.py:188} INFO - [2024-06-03T12:07:28.298+0000] {dag.py:3954} INFO - Setting next_dagrun for example_bash_operator to 2024-06-02 00:00:00+00:00, run_after=2024-06-03 00:00:00+00:00
[2024-06-03T12:07:28.317+0000] {processor.py:183} INFO - Processing /home/airflow/.local/lib/python3.12/site-packages/airflow/example_dags/example_bash_operator.py took 0.081 seconds
[2024-06-03T12:07:58.977+0000] {processor.py:161} INFO - Started process (PID=597) to work on /home/airflow/.local/lib/python3.12/site-packages/airflow/example_dags/example_bash_operator.py
[2024-06-03T12:07:58.979+0000] {processor.py:830} INFO - Processing file /home/airflow/.local/lib/python3.12/site-packages/airflow/example_dags/example_bash_operator.py for tasks to queue
[2024-06-03T12:07:58.981+0000] {logging_mixin.py:188} INFO - [2024-06-03T12:07:58.981+0000] {dagbag.py:545} INFO - Filling up the DagBag from /home/airflow/.local/lib/python3.12/site-packages/airflow/example_dags/example_bash_operator.py
[2024-06-03T12:07:58.991+0000] {processor.py:840} INFO - DAG(s) 'example_bash_operator' retrieved from /home/airflow/.local/lib/python3.12/site-packages/airflow/example_dags/example_bash_operator.py
[2024-06-03T12:07:59.016+0000] {logging_mixin.py:188} INFO - [2024-06-03T12:07:59.015+0000] {dag.py:3096} INFO - Sync 1 DAGs
[2024-06-03T12:07:59.042+0000] {logging_mixin.py:188} INFO - [2024-06-03T12:07:59.042+0000] {dag.py:3954} INFO - Setting next_dagrun for example_bash_operator to 2024-06-02 00:00:00+00:00, run_after=2024-06-03 00:00:00+00:00
[2024-06-03T12:07:59.059+0000] {processor.py:183} INFO - Processing /home/airflow/.local/lib/python3.12/site-packages/airflow/example_dags/example_bash_operator.py took 0.087 seconds
[2024-06-03T12:08:29.911+0000] {processor.py:161} INFO - Started process (PID=655) to work on /home/airflow/.local/lib/python3.12/site-packages/airflow/example_dags/example_bash_operator.py
[2024-06-03T12:08:29.912+0000] {processor.py:830} INFO - Processing file /home/airflow/.local/lib/python3.12/site-packages/airflow/example_dags/example_bash_operator.py for tasks to queue
[2024-06-03T12:08:29.915+0000] {logging_mixin.py:188} INFO - [2024-06-03T12:08:29.915+0000] {dagbag.py:545} INFO - Filling up the DagBag from /home/airflow/.local/lib/python3.12/site-packages/airflow/example_dags/example_bash_operator.py
[2024-06-03T12:08:29.933+0000] {processor.py:840} INFO - DAG(s) 'example_bash_operator' retrieved from /home/airflow/.local/lib/python3.12/site-packages/airflow/example_dags/example_bash_operator.py
[2024-06-03T12:08:29.972+0000] {logging_mixin.py:188} INFO - [2024-06-03T12:08:29.971+0000] {dag.py:3096} INFO - Sync 1 DAGs
[2024-06-03T12:08:30.003+0000] {logging_mixin.py:188} INFO - [2024-06-03T12:08:30.002+0000] {dag.py:3954} INFO - Setting next_dagrun for example_bash_operator to 2024-06-02 00:00:00+00:00, run_after=2024-06-03 00:00:00+00:00
[2024-06-03T12:08:30.031+0000] {processor.py:183} INFO - Processing /home/airflow/.local/lib/python3.12/site-packages/airflow/example_dags/example_bash_operator.py took 0.129 seconds
[2024-06-03T12:09:00.701+0000] {processor.py:161} INFO - Started process (PID=713) to work on /home/airflow/.local/lib/python3.12/site-packages/airflow/example_dags/example_bash_operator.py
[2024-06-03T12:09:00.702+0000] {processor.py:830} INFO - Processing file /home/airflow/.local/lib/python3.12/site-packages/airflow/example_dags/example_bash_operator.py for tasks to queue
[2024-06-03T12:09:00.704+0000] {logging_mixin.py:188} INFO - [2024-06-03T12:09:00.704+0000] {dagbag.py:545} INFO - Filling up the DagBag from /home/airflow/.local/lib/python3.12/site-packages/airflow/example_dags/example_bash_operator.py
[2024-06-03T12:09:00.718+0000] {processor.py:840} INFO - DAG(s) 'example_bash_operator' retrieved from /home/airflow/.local/lib/python3.12/site-packages/airflow/example_dags/example_bash_operator.py
[2024-06-03T12:09:00.747+0000] {logging_mixin.py:188} INFO - [2024-06-03T12:09:00.746+0000] {dag.py:3096} INFO - Sync 1 DAGs
[2024-06-03T12:09:00.771+0000] {logging_mixin.py:188} INFO - [2024-06-03T12:09:00.770+0000] {dag.py:3954} INFO - Setting next_dagrun for example_bash_operator to 2024-06-02 00:00:00+00:00, run_after=2024-06-03 00:00:00+00:00
[2024-06-03T12:09:00.793+0000] {processor.py:183} INFO - Processing /home/airflow/.local/lib/python3.12/site-packages/airflow/example_dags/example_bash_operator.py took 0.098 seconds
[2024-06-03T12:09:30.930+0000] {processor.py:161} INFO - Started process (PID=771) to work on /home/airflow/.local/lib/python3.12/site-packages/airflow/example_dags/example_bash_operator.py
[2024-06-03T12:09:30.932+0000] {processor.py:830} INFO - Processing file /home/airflow/.local/lib/python3.12/site-packages/airflow/example_dags/example_bash_operator.py for tasks to queue
[2024-06-03T12:09:30.934+0000] {logging_mixin.py:188} INFO - [2024-06-03T12:09:30.934+0000] {dagbag.py:545} INFO - Filling up the DagBag from /home/airflow/.local/lib/python3.12/site-packages/airflow/example_dags/example_bash_operator.py
[2024-06-03T12:09:30.944+0000] {processor.py:840} INFO - DAG(s) 'example_bash_operator' retrieved from /home/airflow/.local/lib/python3.12/site-packages/airflow/example_dags/example_bash_operator.py
[2024-06-03T12:09:30.967+0000] {logging_mixin.py:188} INFO - [2024-06-03T12:09:30.967+0000] {dag.py:3096} INFO - Sync 1 DAGs
[2024-06-03T12:09:30.986+0000] {logging_mixin.py:188} INFO - [2024-06-03T12:09:30.986+0000] {dag.py:3954} INFO - Setting next_dagrun for example_bash_operator to 2024-06-02 00:00:00+00:00, run_after=2024-06-03 00:00:00+00:00
[2024-06-03T12:09:31.003+0000] {processor.py:183} INFO - Processing /home/airflow/.local/lib/python3.12/site-packages/airflow/example_dags/example_bash_operator.py took 0.078 seconds
[2024-06-03T12:10:01.153+0000] {processor.py:161} INFO - Started process (PID=830) to work on /home/airflow/.local/lib/python3.12/site-packages/airflow/example_dags/example_bash_operator.py
[2024-06-03T12:10:01.154+0000] {processor.py:830} INFO - Processing file /home/airflow/.local/lib/python3.12/site-packages/airflow/example_dags/example_bash_operator.py for tasks to queue
[2024-06-03T12:10:01.156+0000] {logging_mixin.py:188} INFO - [2024-06-03T12:10:01.156+0000] {dagbag.py:545} INFO - Filling up the DagBag from /home/airflow/.local/lib/python3.12/site-packages/airflow/example_dags/example_bash_operator.py
[2024-06-03T12:10:01.166+0000] {processor.py:840} INFO - DAG(s) 'example_bash_operator' retrieved from /home/airflow/.local/lib/python3.12/site-packages/airflow/example_dags/example_bash_operator.py
[2024-06-03T12:10:01.190+0000] {logging_mixin.py:188} INFO - [2024-06-03T12:10:01.190+0000] {dag.py:3096} INFO - Sync 1 DAGs
[2024-06-03T12:10:01.211+0000] {logging_mixin.py:188} INFO - [2024-06-03T12:10:01.211+0000] {dag.py:3954} INFO - Setting next_dagrun for example_bash_operator to 2024-06-02 00:00:00+00:00, run_after=2024-06-03 00:00:00+00:00
[2024-06-03T12:10:01.229+0000] {processor.py:183} INFO - Processing /home/airflow/.local/lib/python3.12/site-packages/airflow/example_dags/example_bash_operator.py took 0.082 seconds
[2024-06-03T12:10:31.323+0000] {processor.py:161} INFO - Started process (PID=888) to work on /home/airflow/.local/lib/python3.12/site-packages/airflow/example_dags/example_bash_operator.py
[2024-06-03T12:10:31.325+0000] {processor.py:830} INFO - Processing file /home/airflow/.local/lib/python3.12/site-packages/airflow/example_dags/example_bash_operator.py for tasks to queue
[2024-06-03T12:10:31.327+0000] {logging_mixin.py:188} INFO - [2024-06-03T12:10:31.327+0000] {dagbag.py:545} INFO - Filling up the DagBag from /home/airflow/.local/lib/python3.12/site-packages/airflow/example_dags/example_bash_operator.py
[2024-06-03T12:10:31.337+0000] {processor.py:840} INFO - DAG(s) 'example_bash_operator' retrieved from /home/airflow/.local/lib/python3.12/site-packages/airflow/example_dags/example_bash_operator.py
[2024-06-03T12:10:31.360+0000] {logging_mixin.py:188} INFO - [2024-06-03T12:10:31.360+0000] {dag.py:3096} INFO - Sync 1 DAGs
[2024-06-03T12:10:31.380+0000] {logging_mixin.py:188} INFO - [2024-06-03T12:10:31.379+0000] {dag.py:3954} INFO - Setting next_dagrun for example_bash_operator to 2024-06-02 00:00:00+00:00, run_after=2024-06-03 00:00:00+00:00
[2024-06-03T12:10:31.396+0000] {processor.py:183} INFO - Processing /home/airflow/.local/lib/python3.12/site-packages/airflow/example_dags/example_bash_operator.py took 0.078 seconds
[2024-06-03T12:11:01.559+0000] {processor.py:161} INFO - Started process (PID=946) to work on /home/airflow/.local/lib/python3.12/site-packages/airflow/example_dags/example_bash_operator.py
[2024-06-03T12:11:01.561+0000] {processor.py:830} INFO - Processing file /home/airflow/.local/lib/python3.12/site-packages/airflow/example_dags/example_bash_operator.py for tasks to queue
[2024-06-03T12:11:01.563+0000] {logging_mixin.py:188} INFO - [2024-06-03T12:11:01.563+0000] {dagbag.py:545} INFO - Filling up the DagBag from /home/airflow/.local/lib/python3.12/site-packages/airflow/example_dags/example_bash_operator.py
[2024-06-03T12:11:01.574+0000] {processor.py:840} INFO - DAG(s) 'example_bash_operator' retrieved from /home/airflow/.local/lib/python3.12/site-packages/airflow/example_dags/example_bash_operator.py
[2024-06-03T12:11:01.607+0000] {logging_mixin.py:188} INFO - [2024-06-03T12:11:01.607+0000] {dag.py:3096} INFO - Sync 1 DAGs
[2024-06-03T12:11:01.635+0000] {logging_mixin.py:188} INFO - [2024-06-03T12:11:01.635+0000] {dag.py:3954} INFO - Setting next_dagrun for example_bash_operator to 2024-06-02 00:00:00+00:00, run_after=2024-06-03 00:00:00+00:00
[2024-06-03T12:11:01.661+0000] {processor.py:183} INFO - Processing /home/airflow/.local/lib/python3.12/site-packages/airflow/example_dags/example_bash_operator.py took 0.108 seconds
[2024-06-03T12:11:31.934+0000] {processor.py:161} INFO - Started process (PID=1004) to work on /home/airflow/.local/lib/python3.12/site-packages/airflow/example_dags/example_bash_operator.py
[2024-06-03T12:11:31.935+0000] {processor.py:830} INFO - Processing file /home/airflow/.local/lib/python3.12/site-packages/airflow/example_dags/example_bash_operator.py for tasks to queue
[2024-06-03T12:11:31.938+0000] {logging_mixin.py:188} INFO - [2024-06-03T12:11:31.938+0000] {dagbag.py:545} INFO - Filling up the DagBag from /home/airflow/.local/lib/python3.12/site-packages/airflow/example_dags/example_bash_operator.py
[2024-06-03T12:11:31.948+0000] {processor.py:840} INFO - DAG(s) 'example_bash_operator' retrieved from /home/airflow/.local/lib/python3.12/site-packages/airflow/example_dags/example_bash_operator.py
[2024-06-03T12:11:31.973+0000] {logging_mixin.py:188} INFO - [2024-06-03T12:11:31.973+0000] {dag.py:3096} INFO - Sync 1 DAGs
[2024-06-03T12:11:31.993+0000] {logging_mixin.py:188} INFO - [2024-06-03T12:11:31.993+0000] {dag.py:3954} INFO - Setting next_dagrun for example_bash_operator to 2024-06-02 00:00:00+00:00, run_after=2024-06-03 00:00:00+00:00
[2024-06-03T12:11:32.012+0000] {processor.py:183} INFO - Processing /home/airflow/.local/lib/python3.12/site-packages/airflow/example_dags/example_bash_operator.py took 0.084 seconds
[2024-06-03T12:12:02.073+0000] {processor.py:161} INFO - Started process (PID=1062) to work on /home/airflow/.local/lib/python3.12/site-packages/airflow/example_dags/example_bash_operator.py
[2024-06-03T12:12:02.075+0000] {processor.py:830} INFO - Processing file /home/airflow/.local/lib/python3.12/site-packages/airflow/example_dags/example_bash_operator.py for tasks to queue
[2024-06-03T12:12:02.077+0000] {logging_mixin.py:188} INFO - [2024-06-03T12:12:02.077+0000] {dagbag.py:545} INFO - Filling up the DagBag from /home/airflow/.local/lib/python3.12/site-packages/airflow/example_dags/example_bash_operator.py
[2024-06-03T12:12:02.088+0000] {processor.py:840} INFO - DAG(s) 'example_bash_operator' retrieved from /home/airflow/.local/lib/python3.12/site-packages/airflow/example_dags/example_bash_operator.py
[2024-06-03T12:12:02.112+0000] {logging_mixin.py:188} INFO - [2024-06-03T12:12:02.112+0000] {dag.py:3096} INFO - Sync 1 DAGs
[2024-06-03T12:12:02.133+0000] {logging_mixin.py:188} INFO - [2024-06-03T12:12:02.132+0000] {dag.py:3954} INFO - Setting next_dagrun for example_bash_operator to 2024-06-02 00:00:00+00:00, run_after=2024-06-03 00:00:00+00:00
[2024-06-03T12:12:02.151+0000] {processor.py:183} INFO - Processing /home/airflow/.local/lib/python3.12/site-packages/airflow/example_dags/example_bash_operator.py took 0.084 seconds
[2024-06-03T12:12:32.599+0000] {processor.py:161} INFO - Started process (PID=1119) to work on /home/airflow/.local/lib/python3.12/site-packages/airflow/example_dags/example_bash_operator.py
[2024-06-03T12:12:32.601+0000] {processor.py:830} INFO - Processing file /home/airflow/.local/lib/python3.12/site-packages/airflow/example_dags/example_bash_operator.py for tasks to queue
[2024-06-03T12:12:32.604+0000] {logging_mixin.py:188} INFO - [2024-06-03T12:12:32.603+0000] {dagbag.py:545} INFO - Filling up the DagBag from /home/airflow/.local/lib/python3.12/site-packages/airflow/example_dags/example_bash_operator.py
[2024-06-03T12:12:32.615+0000] {processor.py:840} INFO - DAG(s) 'example_bash_operator' retrieved from /home/airflow/.local/lib/python3.12/site-packages/airflow/example_dags/example_bash_operator.py
[2024-06-03T12:12:32.639+0000] {logging_mixin.py:188} INFO - [2024-06-03T12:12:32.639+0000] {dag.py:3096} INFO - Sync 1 DAGs
[2024-06-03T12:12:32.659+0000] {logging_mixin.py:188} INFO - [2024-06-03T12:12:32.659+0000] {dag.py:3954} INFO - Setting next_dagrun for example_bash_operator to 2024-06-02 00:00:00+00:00, run_after=2024-06-03 00:00:00+00:00
[2024-06-03T12:12:32.677+0000] {processor.py:183} INFO - Processing /home/airflow/.local/lib/python3.12/site-packages/airflow/example_dags/example_bash_operator.py took 0.084 seconds
[2024-06-03T12:13:02.757+0000] {processor.py:161} INFO - Started process (PID=1177) to work on /home/airflow/.local/lib/python3.12/site-packages/airflow/example_dags/example_bash_operator.py
[2024-06-03T12:13:02.759+0000] {processor.py:830} INFO - Processing file /home/airflow/.local/lib/python3.12/site-packages/airflow/example_dags/example_bash_operator.py for tasks to queue
[2024-06-03T12:13:02.761+0000] {logging_mixin.py:188} INFO - [2024-06-03T12:13:02.760+0000] {dagbag.py:545} INFO - Filling up the DagBag from /home/airflow/.local/lib/python3.12/site-packages/airflow/example_dags/example_bash_operator.py
[2024-06-03T12:13:02.772+0000] {processor.py:840} INFO - DAG(s) 'example_bash_operator' retrieved from /home/airflow/.local/lib/python3.12/site-packages/airflow/example_dags/example_bash_operator.py
[2024-06-03T12:13:02.795+0000] {logging_mixin.py:188} INFO - [2024-06-03T12:13:02.794+0000] {dag.py:3096} INFO - Sync 1 DAGs
[2024-06-03T12:13:02.814+0000] {logging_mixin.py:188} INFO - [2024-06-03T12:13:02.814+0000] {dag.py:3954} INFO - Setting next_dagrun for example_bash_operator to 2024-06-02 00:00:00+00:00, run_after=2024-06-03 00:00:00+00:00
[2024-06-03T12:13:02.832+0000] {processor.py:183} INFO - Processing /home/airflow/.local/lib/python3.12/site-packages/airflow/example_dags/example_bash_operator.py took 0.081 seconds
[2024-06-03T12:13:33.158+0000] {processor.py:161} INFO - Started process (PID=1235) to work on /home/airflow/.local/lib/python3.12/site-packages/airflow/example_dags/example_bash_operator.py
[2024-06-03T12:13:33.159+0000] {processor.py:830} INFO - Processing file /home/airflow/.local/lib/python3.12/site-packages/airflow/example_dags/example_bash_operator.py for tasks to queue
[2024-06-03T12:13:33.161+0000] {logging_mixin.py:188} INFO - [2024-06-03T12:13:33.161+0000] {dagbag.py:545} INFO - Filling up the DagBag from /home/airflow/.local/lib/python3.12/site-packages/airflow/example_dags/example_bash_operator.py
[2024-06-03T12:13:33.182+0000] {processor.py:840} INFO - DAG(s) 'example_bash_operator' retrieved from /home/airflow/.local/lib/python3.12/site-packages/airflow/example_dags/example_bash_operator.py
[2024-06-03T12:13:33.223+0000] {logging_mixin.py:188} INFO - [2024-06-03T12:13:33.223+0000] {dag.py:3096} INFO - Sync 1 DAGs
[2024-06-03T12:13:33.254+0000] {logging_mixin.py:188} INFO - [2024-06-03T12:13:33.254+0000] {dag.py:3954} INFO - Setting next_dagrun for example_bash_operator to 2024-06-02 00:00:00+00:00, run_after=2024-06-03 00:00:00+00:00
[2024-06-03T12:13:33.281+0000] {processor.py:183} INFO - Processing /home/airflow/.local/lib/python3.12/site-packages/airflow/example_dags/example_bash_operator.py took 0.131 seconds
[2024-06-03T12:14:03.491+0000] {processor.py:161} INFO - Started process (PID=1293) to work on /home/airflow/.local/lib/python3.12/site-packages/airflow/example_dags/example_bash_operator.py
[2024-06-03T12:14:03.492+0000] {processor.py:830} INFO - Processing file /home/airflow/.local/lib/python3.12/site-packages/airflow/example_dags/example_bash_operator.py for tasks to queue
[2024-06-03T12:14:03.495+0000] {logging_mixin.py:188} INFO - [2024-06-03T12:14:03.494+0000] {dagbag.py:545} INFO - Filling up the DagBag from /home/airflow/.local/lib/python3.12/site-packages/airflow/example_dags/example_bash_operator.py
[2024-06-03T12:14:03.506+0000] {processor.py:840} INFO - DAG(s) 'example_bash_operator' retrieved from /home/airflow/.local/lib/python3.12/site-packages/airflow/example_dags/example_bash_operator.py
[2024-06-03T12:14:03.533+0000] {logging_mixin.py:188} INFO - [2024-06-03T12:14:03.533+0000] {dag.py:3096} INFO - Sync 1 DAGs
[2024-06-03T12:14:03.557+0000] {logging_mixin.py:188} INFO - [2024-06-03T12:14:03.557+0000] {dag.py:3954} INFO - Setting next_dagrun for example_bash_operator to 2024-06-02 00:00:00+00:00, run_after=2024-06-03 00:00:00+00:00
[2024-06-03T12:14:03.579+0000] {processor.py:183} INFO - Processing /home/airflow/.local/lib/python3.12/site-packages/airflow/example_dags/example_bash_operator.py took 0.094 seconds
[2024-06-03T12:14:33.989+0000] {processor.py:161} INFO - Started process (PID=1351) to work on /home/airflow/.local/lib/python3.12/site-packages/airflow/example_dags/example_bash_operator.py
[2024-06-03T12:14:33.990+0000] {processor.py:830} INFO - Processing file /home/airflow/.local/lib/python3.12/site-packages/airflow/example_dags/example_bash_operator.py for tasks to queue
[2024-06-03T12:14:33.992+0000] {logging_mixin.py:188} INFO - [2024-06-03T12:14:33.992+0000] {dagbag.py:545} INFO - Filling up the DagBag from /home/airflow/.local/lib/python3.12/site-packages/airflow/example_dags/example_bash_operator.py
[2024-06-03T12:14:34.003+0000] {processor.py:840} INFO - DAG(s) 'example_bash_operator' retrieved from /home/airflow/.local/lib/python3.12/site-packages/airflow/example_dags/example_bash_operator.py
[2024-06-03T12:14:34.028+0000] {logging_mixin.py:188} INFO - [2024-06-03T12:14:34.027+0000] {dag.py:3096} INFO - Sync 1 DAGs
[2024-06-03T12:14:34.049+0000] {logging_mixin.py:188} INFO - [2024-06-03T12:14:34.049+0000] {dag.py:3954} INFO - Setting next_dagrun for example_bash_operator to 2024-06-02 00:00:00+00:00, run_after=2024-06-03 00:00:00+00:00
[2024-06-03T12:14:34.067+0000] {processor.py:183} INFO - Processing /home/airflow/.local/lib/python3.12/site-packages/airflow/example_dags/example_bash_operator.py took 0.084 seconds
[2024-06-03T12:15:04.917+0000] {processor.py:161} INFO - Started process (PID=1409) to work on /home/airflow/.local/lib/python3.12/site-packages/airflow/example_dags/example_bash_operator.py
[2024-06-03T12:15:04.918+0000] {processor.py:830} INFO - Processing file /home/airflow/.local/lib/python3.12/site-packages/airflow/example_dags/example_bash_operator.py for tasks to queue
[2024-06-03T12:15:04.921+0000] {logging_mixin.py:188} INFO - [2024-06-03T12:15:04.921+0000] {dagbag.py:545} INFO - Filling up the DagBag from /home/airflow/.local/lib/python3.12/site-packages/airflow/example_dags/example_bash_operator.py
[2024-06-03T12:15:04.935+0000] {processor.py:840} INFO - DAG(s) 'example_bash_operator' retrieved from /home/airflow/.local/lib/python3.12/site-packages/airflow/example_dags/example_bash_operator.py
[2024-06-03T12:15:04.966+0000] {logging_mixin.py:188} INFO - [2024-06-03T12:15:04.965+0000] {dag.py:3096} INFO - Sync 1 DAGs
[2024-06-03T12:15:04.990+0000] {logging_mixin.py:188} INFO - [2024-06-03T12:15:04.990+0000] {dag.py:3954} INFO - Setting next_dagrun for example_bash_operator to 2024-06-02 00:00:00+00:00, run_after=2024-06-03 00:00:00+00:00
[2024-06-03T12:15:05.011+0000] {processor.py:183} INFO - Processing /home/airflow/.local/lib/python3.12/site-packages/airflow/example_dags/example_bash_operator.py took 0.101 seconds
[2024-06-03T12:15:35.344+0000] {processor.py:161} INFO - Started process (PID=1467) to work on /home/airflow/.local/lib/python3.12/site-packages/airflow/example_dags/example_bash_operator.py
[2024-06-03T12:15:35.345+0000] {processor.py:830} INFO - Processing file /home/airflow/.local/lib/python3.12/site-packages/airflow/example_dags/example_bash_operator.py for tasks to queue
[2024-06-03T12:15:35.347+0000] {logging_mixin.py:188} INFO - [2024-06-03T12:15:35.347+0000] {dagbag.py:545} INFO - Filling up the DagBag from /home/airflow/.local/lib/python3.12/site-packages/airflow/example_dags/example_bash_operator.py
[2024-06-03T12:15:35.358+0000] {processor.py:840} INFO - DAG(s) 'example_bash_operator' retrieved from /home/airflow/.local/lib/python3.12/site-packages/airflow/example_dags/example_bash_operator.py
[2024-06-03T12:15:35.382+0000] {logging_mixin.py:188} INFO - [2024-06-03T12:15:35.381+0000] {dag.py:3096} INFO - Sync 1 DAGs
[2024-06-03T12:15:35.402+0000] {logging_mixin.py:188} INFO - [2024-06-03T12:15:35.402+0000] {dag.py:3954} INFO - Setting next_dagrun for example_bash_operator to 2024-06-02 00:00:00+00:00, run_after=2024-06-03 00:00:00+00:00
[2024-06-03T12:15:35.420+0000] {processor.py:183} INFO - Processing /home/airflow/.local/lib/python3.12/site-packages/airflow/example_dags/example_bash_operator.py took 0.082 seconds
[2024-06-03T12:16:05.754+0000] {processor.py:161} INFO - Started process (PID=1525) to work on /home/airflow/.local/lib/python3.12/site-packages/airflow/example_dags/example_bash_operator.py
[2024-06-03T12:16:05.755+0000] {processor.py:830} INFO - Processing file /home/airflow/.local/lib/python3.12/site-packages/airflow/example_dags/example_bash_operator.py for tasks to queue
[2024-06-03T12:16:05.758+0000] {logging_mixin.py:188} INFO - [2024-06-03T12:16:05.758+0000] {dagbag.py:545} INFO - Filling up the DagBag from /home/airflow/.local/lib/python3.12/site-packages/airflow/example_dags/example_bash_operator.py
[2024-06-03T12:16:05.770+0000] {processor.py:840} INFO - DAG(s) 'example_bash_operator' retrieved from /home/airflow/.local/lib/python3.12/site-packages/airflow/example_dags/example_bash_operator.py
[2024-06-03T12:16:05.796+0000] {logging_mixin.py:188} INFO - [2024-06-03T12:16:05.796+0000] {dag.py:3096} INFO - Sync 1 DAGs
[2024-06-03T12:16:05.820+0000] {logging_mixin.py:188} INFO - [2024-06-03T12:16:05.820+0000] {dag.py:3954} INFO - Setting next_dagrun for example_bash_operator to 2024-06-02 00:00:00+00:00, run_after=2024-06-03 00:00:00+00:00
[2024-06-03T12:16:05.839+0000] {processor.py:183} INFO - Processing /home/airflow/.local/lib/python3.12/site-packages/airflow/example_dags/example_bash_operator.py took 0.093 seconds
[2024-06-03T12:16:36.519+0000] {processor.py:161} INFO - Started process (PID=1583) to work on /home/airflow/.local/lib/python3.12/site-packages/airflow/example_dags/example_bash_operator.py
[2024-06-03T12:16:36.520+0000] {processor.py:830} INFO - Processing file /home/airflow/.local/lib/python3.12/site-packages/airflow/example_dags/example_bash_operator.py for tasks to queue
[2024-06-03T12:16:36.522+0000] {logging_mixin.py:188} INFO - [2024-06-03T12:16:36.522+0000] {dagbag.py:545} INFO - Filling up the DagBag from /home/airflow/.local/lib/python3.12/site-packages/airflow/example_dags/example_bash_operator.py
[2024-06-03T12:16:36.533+0000] {processor.py:840} INFO - DAG(s) 'example_bash_operator' retrieved from /home/airflow/.local/lib/python3.12/site-packages/airflow/example_dags/example_bash_operator.py
[2024-06-03T12:16:36.561+0000] {logging_mixin.py:188} INFO - [2024-06-03T12:16:36.561+0000] {dag.py:3096} INFO - Sync 1 DAGs
[2024-06-03T12:16:36.584+0000] {logging_mixin.py:188} INFO - [2024-06-03T12:16:36.584+0000] {dag.py:3954} INFO - Setting next_dagrun for example_bash_operator to 2024-06-02 00:00:00+00:00, run_after=2024-06-03 00:00:00+00:00
[2024-06-03T12:16:36.605+0000] {processor.py:183} INFO - Processing /home/airflow/.local/lib/python3.12/site-packages/airflow/example_dags/example_bash_operator.py took 0.092 seconds
[2024-06-03T12:17:07.522+0000] {processor.py:161} INFO - Started process (PID=1641) to work on /home/airflow/.local/lib/python3.12/site-packages/airflow/example_dags/example_bash_operator.py
[2024-06-03T12:17:07.524+0000] {processor.py:830} INFO - Processing file /home/airflow/.local/lib/python3.12/site-packages/airflow/example_dags/example_bash_operator.py for tasks to queue
[2024-06-03T12:17:07.526+0000] {logging_mixin.py:188} INFO - [2024-06-03T12:17:07.525+0000] {dagbag.py:545} INFO - Filling up the DagBag from /home/airflow/.local/lib/python3.12/site-packages/airflow/example_dags/example_bash_operator.py
[2024-06-03T12:17:07.536+0000] {processor.py:840} INFO - DAG(s) 'example_bash_operator' retrieved from /home/airflow/.local/lib/python3.12/site-packages/airflow/example_dags/example_bash_operator.py
[2024-06-03T12:17:07.561+0000] {logging_mixin.py:188} INFO - [2024-06-03T12:17:07.561+0000] {dag.py:3096} INFO - Sync 1 DAGs
[2024-06-03T12:17:07.582+0000] {logging_mixin.py:188} INFO - [2024-06-03T12:17:07.582+0000] {dag.py:3954} INFO - Setting next_dagrun for example_bash_operator to 2024-06-02 00:00:00+00:00, run_after=2024-06-03 00:00:00+00:00
[2024-06-03T12:17:07.600+0000] {processor.py:183} INFO - Processing /home/airflow/.local/lib/python3.12/site-packages/airflow/example_dags/example_bash_operator.py took 0.084 seconds
[2024-06-03T12:17:38.264+0000] {processor.py:161} INFO - Started process (PID=1699) to work on /home/airflow/.local/lib/python3.12/site-packages/airflow/example_dags/example_bash_operator.py
[2024-06-03T12:17:38.266+0000] {processor.py:830} INFO - Processing file /home/airflow/.local/lib/python3.12/site-packages/airflow/example_dags/example_bash_operator.py for tasks to queue
[2024-06-03T12:17:38.268+0000] {logging_mixin.py:188} INFO - [2024-06-03T12:17:38.268+0000] {dagbag.py:545} INFO - Filling up the DagBag from /home/airflow/.local/lib/python3.12/site-packages/airflow/example_dags/example_bash_operator.py
[2024-06-03T12:17:38.279+0000] {processor.py:840} INFO - DAG(s) 'example_bash_operator' retrieved from /home/airflow/.local/lib/python3.12/site-packages/airflow/example_dags/example_bash_operator.py
[2024-06-03T12:17:38.305+0000] {logging_mixin.py:188} INFO - [2024-06-03T12:17:38.305+0000] {dag.py:3096} INFO - Sync 1 DAGs
[2024-06-03T12:17:38.328+0000] {logging_mixin.py:188} INFO - [2024-06-03T12:17:38.328+0000] {dag.py:3954} INFO - Setting next_dagrun for example_bash_operator to 2024-06-02 00:00:00+00:00, run_after=2024-06-03 00:00:00+00:00
[2024-06-03T12:17:38.349+0000] {processor.py:183} INFO - Processing /home/airflow/.local/lib/python3.12/site-packages/airflow/example_dags/example_bash_operator.py took 0.090 seconds
[2024-06-03T12:18:08.694+0000] {processor.py:161} INFO - Started process (PID=1757) to work on /home/airflow/.local/lib/python3.12/site-packages/airflow/example_dags/example_bash_operator.py
[2024-06-03T12:18:08.695+0000] {processor.py:830} INFO - Processing file /home/airflow/.local/lib/python3.12/site-packages/airflow/example_dags/example_bash_operator.py for tasks to queue
[2024-06-03T12:18:08.698+0000] {logging_mixin.py:188} INFO - [2024-06-03T12:18:08.697+0000] {dagbag.py:545} INFO - Filling up the DagBag from /home/airflow/.local/lib/python3.12/site-packages/airflow/example_dags/example_bash_operator.py
[2024-06-03T12:18:08.710+0000] {processor.py:840} INFO - DAG(s) 'example_bash_operator' retrieved from /home/airflow/.local/lib/python3.12/site-packages/airflow/example_dags/example_bash_operator.py
[2024-06-03T12:18:08.938+0000] {logging_mixin.py:188} INFO - [2024-06-03T12:18:08.938+0000] {dag.py:3096} INFO - Sync 1 DAGs
[2024-06-03T12:18:08.959+0000] {logging_mixin.py:188} INFO - [2024-06-03T12:18:08.959+0000] {dag.py:3954} INFO - Setting next_dagrun for example_bash_operator to 2024-06-02 00:00:00+00:00, run_after=2024-06-03 00:00:00+00:00
[2024-06-03T12:18:08.978+0000] {processor.py:183} INFO - Processing /home/airflow/.local/lib/python3.12/site-packages/airflow/example_dags/example_bash_operator.py took 0.290 seconds
[2024-06-03T12:18:39.710+0000] {processor.py:161} INFO - Started process (PID=1815) to work on /home/airflow/.local/lib/python3.12/site-packages/airflow/example_dags/example_bash_operator.py
[2024-06-03T12:18:39.711+0000] {processor.py:830} INFO - Processing file /home/airflow/.local/lib/python3.12/site-packages/airflow/example_dags/example_bash_operator.py for tasks to queue
[2024-06-03T12:18:39.714+0000] {logging_mixin.py:188} INFO - [2024-06-03T12:18:39.714+0000] {dagbag.py:545} INFO - Filling up the DagBag from /home/airflow/.local/lib/python3.12/site-packages/airflow/example_dags/example_bash_operator.py
[2024-06-03T12:18:39.724+0000] {processor.py:840} INFO - DAG(s) 'example_bash_operator' retrieved from /home/airflow/.local/lib/python3.12/site-packages/airflow/example_dags/example_bash_operator.py
[2024-06-03T12:18:39.749+0000] {logging_mixin.py:188} INFO - [2024-06-03T12:18:39.748+0000] {dag.py:3096} INFO - Sync 1 DAGs
[2024-06-03T12:18:39.769+0000] {logging_mixin.py:188} INFO - [2024-06-03T12:18:39.769+0000] {dag.py:3954} INFO - Setting next_dagrun for example_bash_operator to 2024-06-02 00:00:00+00:00, run_after=2024-06-03 00:00:00+00:00
[2024-06-03T12:18:39.787+0000] {processor.py:183} INFO - Processing /home/airflow/.local/lib/python3.12/site-packages/airflow/example_dags/example_bash_operator.py took 0.082 seconds
[2024-06-03T12:19:09.924+0000] {processor.py:161} INFO - Started process (PID=1873) to work on /home/airflow/.local/lib/python3.12/site-packages/airflow/example_dags/example_bash_operator.py
[2024-06-03T12:19:09.926+0000] {processor.py:830} INFO - Processing file /home/airflow/.local/lib/python3.12/site-packages/airflow/example_dags/example_bash_operator.py for tasks to queue
[2024-06-03T12:19:09.928+0000] {logging_mixin.py:188} INFO - [2024-06-03T12:19:09.928+0000] {dagbag.py:545} INFO - Filling up the DagBag from /home/airflow/.local/lib/python3.12/site-packages/airflow/example_dags/example_bash_operator.py
[2024-06-03T12:19:09.939+0000] {processor.py:840} INFO - DAG(s) 'example_bash_operator' retrieved from /home/airflow/.local/lib/python3.12/site-packages/airflow/example_dags/example_bash_operator.py
[2024-06-03T12:19:09.962+0000] {logging_mixin.py:188} INFO - [2024-06-03T12:19:09.962+0000] {dag.py:3096} INFO - Sync 1 DAGs
[2024-06-03T12:19:09.981+0000] {logging_mixin.py:188} INFO - [2024-06-03T12:19:09.981+0000] {dag.py:3954} INFO - Setting next_dagrun for example_bash_operator to 2024-06-02 00:00:00+00:00, run_after=2024-06-03 00:00:00+00:00
[2024-06-03T12:19:10.000+0000] {processor.py:183} INFO - Processing /home/airflow/.local/lib/python3.12/site-packages/airflow/example_dags/example_bash_operator.py took 0.081 seconds
[2024-06-03T12:19:40.116+0000] {processor.py:161} INFO - Started process (PID=1931) to work on /home/airflow/.local/lib/python3.12/site-packages/airflow/example_dags/example_bash_operator.py
[2024-06-03T12:19:40.118+0000] {processor.py:830} INFO - Processing file /home/airflow/.local/lib/python3.12/site-packages/airflow/example_dags/example_bash_operator.py for tasks to queue
[2024-06-03T12:19:40.120+0000] {logging_mixin.py:188} INFO - [2024-06-03T12:19:40.120+0000] {dagbag.py:545} INFO - Filling up the DagBag from /home/airflow/.local/lib/python3.12/site-packages/airflow/example_dags/example_bash_operator.py
[2024-06-03T12:19:40.131+0000] {processor.py:840} INFO - DAG(s) 'example_bash_operator' retrieved from /home/airflow/.local/lib/python3.12/site-packages/airflow/example_dags/example_bash_operator.py
[2024-06-03T12:19:40.157+0000] {logging_mixin.py:188} INFO - [2024-06-03T12:19:40.156+0000] {dag.py:3096} INFO - Sync 1 DAGs
[2024-06-03T12:19:40.177+0000] {logging_mixin.py:188} INFO - [2024-06-03T12:19:40.177+0000] {dag.py:3954} INFO - Setting next_dagrun for example_bash_operator to 2024-06-02 00:00:00+00:00, run_after=2024-06-03 00:00:00+00:00
[2024-06-03T12:19:40.197+0000] {processor.py:183} INFO - Processing /home/airflow/.local/lib/python3.12/site-packages/airflow/example_dags/example_bash_operator.py took 0.086 seconds
[2024-06-03T12:20:11.012+0000] {processor.py:161} INFO - Started process (PID=1989) to work on /home/airflow/.local/lib/python3.12/site-packages/airflow/example_dags/example_bash_operator.py
[2024-06-03T12:20:11.013+0000] {processor.py:830} INFO - Processing file /home/airflow/.local/lib/python3.12/site-packages/airflow/example_dags/example_bash_operator.py for tasks to queue
[2024-06-03T12:20:11.015+0000] {logging_mixin.py:188} INFO - [2024-06-03T12:20:11.015+0000] {dagbag.py:545} INFO - Filling up the DagBag from /home/airflow/.local/lib/python3.12/site-packages/airflow/example_dags/example_bash_operator.py
[2024-06-03T12:20:11.026+0000] {processor.py:840} INFO - DAG(s) 'example_bash_operator' retrieved from /home/airflow/.local/lib/python3.12/site-packages/airflow/example_dags/example_bash_operator.py
[2024-06-03T12:20:11.049+0000] {logging_mixin.py:188} INFO - [2024-06-03T12:20:11.049+0000] {dag.py:3096} INFO - Sync 1 DAGs
[2024-06-03T12:20:11.069+0000] {logging_mixin.py:188} INFO - [2024-06-03T12:20:11.068+0000] {dag.py:3954} INFO - Setting next_dagrun for example_bash_operator to 2024-06-02 00:00:00+00:00, run_after=2024-06-03 00:00:00+00:00
[2024-06-03T12:20:11.084+0000] {processor.py:183} INFO - Processing /home/airflow/.local/lib/python3.12/site-packages/airflow/example_dags/example_bash_operator.py took 0.078 seconds
[2024-06-03T12:20:41.390+0000] {processor.py:161} INFO - Started process (PID=2047) to work on /home/airflow/.local/lib/python3.12/site-packages/airflow/example_dags/example_bash_operator.py
[2024-06-03T12:20:41.392+0000] {processor.py:830} INFO - Processing file /home/airflow/.local/lib/python3.12/site-packages/airflow/example_dags/example_bash_operator.py for tasks to queue
[2024-06-03T12:20:41.394+0000] {logging_mixin.py:188} INFO - [2024-06-03T12:20:41.394+0000] {dagbag.py:545} INFO - Filling up the DagBag from /home/airflow/.local/lib/python3.12/site-packages/airflow/example_dags/example_bash_operator.py
[2024-06-03T12:20:41.405+0000] {processor.py:840} INFO - DAG(s) 'example_bash_operator' retrieved from /home/airflow/.local/lib/python3.12/site-packages/airflow/example_dags/example_bash_operator.py
[2024-06-03T12:20:41.429+0000] {logging_mixin.py:188} INFO - [2024-06-03T12:20:41.429+0000] {dag.py:3096} INFO - Sync 1 DAGs
[2024-06-03T12:20:41.448+0000] {logging_mixin.py:188} INFO - [2024-06-03T12:20:41.448+0000] {dag.py:3954} INFO - Setting next_dagrun for example_bash_operator to 2024-06-02 00:00:00+00:00, run_after=2024-06-03 00:00:00+00:00
[2024-06-03T12:20:41.465+0000] {processor.py:183} INFO - Processing /home/airflow/.local/lib/python3.12/site-packages/airflow/example_dags/example_bash_operator.py took 0.081 seconds
[2024-06-03T12:21:11.703+0000] {processor.py:161} INFO - Started process (PID=2105) to work on /home/airflow/.local/lib/python3.12/site-packages/airflow/example_dags/example_bash_operator.py
[2024-06-03T12:21:11.704+0000] {processor.py:830} INFO - Processing file /home/airflow/.local/lib/python3.12/site-packages/airflow/example_dags/example_bash_operator.py for tasks to queue
[2024-06-03T12:21:11.707+0000] {logging_mixin.py:188} INFO - [2024-06-03T12:21:11.707+0000] {dagbag.py:545} INFO - Filling up the DagBag from /home/airflow/.local/lib/python3.12/site-packages/airflow/example_dags/example_bash_operator.py
[2024-06-03T12:21:11.717+0000] {processor.py:840} INFO - DAG(s) 'example_bash_operator' retrieved from /home/airflow/.local/lib/python3.12/site-packages/airflow/example_dags/example_bash_operator.py
[2024-06-03T12:21:11.744+0000] {logging_mixin.py:188} INFO - [2024-06-03T12:21:11.744+0000] {dag.py:3096} INFO - Sync 1 DAGs
[2024-06-03T12:21:11.767+0000] {logging_mixin.py:188} INFO - [2024-06-03T12:21:11.766+0000] {dag.py:3954} INFO - Setting next_dagrun for example_bash_operator to 2024-06-02 00:00:00+00:00, run_after=2024-06-03 00:00:00+00:00
[2024-06-03T12:21:11.785+0000] {processor.py:183} INFO - Processing /home/airflow/.local/lib/python3.12/site-packages/airflow/example_dags/example_bash_operator.py took 0.088 seconds
[2024-06-03T12:21:41.949+0000] {processor.py:161} INFO - Started process (PID=2163) to work on /home/airflow/.local/lib/python3.12/site-packages/airflow/example_dags/example_bash_operator.py
[2024-06-03T12:21:41.951+0000] {processor.py:830} INFO - Processing file /home/airflow/.local/lib/python3.12/site-packages/airflow/example_dags/example_bash_operator.py for tasks to queue
[2024-06-03T12:21:41.954+0000] {logging_mixin.py:188} INFO - [2024-06-03T12:21:41.953+0000] {dagbag.py:545} INFO - Filling up the DagBag from /home/airflow/.local/lib/python3.12/site-packages/airflow/example_dags/example_bash_operator.py
[2024-06-03T12:21:41.964+0000] {processor.py:840} INFO - DAG(s) 'example_bash_operator' retrieved from /home/airflow/.local/lib/python3.12/site-packages/airflow/example_dags/example_bash_operator.py
[2024-06-03T12:21:41.988+0000] {logging_mixin.py:188} INFO - [2024-06-03T12:21:41.988+0000] {dag.py:3096} INFO - Sync 1 DAGs
[2024-06-03T12:21:42.008+0000] {logging_mixin.py:188} INFO - [2024-06-03T12:21:42.008+0000] {dag.py:3954} INFO - Setting next_dagrun for example_bash_operator to 2024-06-02 00:00:00+00:00, run_after=2024-06-03 00:00:00+00:00
[2024-06-03T12:21:42.029+0000] {processor.py:183} INFO - Processing /home/airflow/.local/lib/python3.12/site-packages/airflow/example_dags/example_bash_operator.py took 0.085 seconds
[2024-06-03T12:22:12.689+0000] {processor.py:161} INFO - Started process (PID=2221) to work on /home/airflow/.local/lib/python3.12/site-packages/airflow/example_dags/example_bash_operator.py
[2024-06-03T12:22:12.691+0000] {processor.py:830} INFO - Processing file /home/airflow/.local/lib/python3.12/site-packages/airflow/example_dags/example_bash_operator.py for tasks to queue
[2024-06-03T12:22:12.693+0000] {logging_mixin.py:188} INFO - [2024-06-03T12:22:12.693+0000] {dagbag.py:545} INFO - Filling up the DagBag from /home/airflow/.local/lib/python3.12/site-packages/airflow/example_dags/example_bash_operator.py
[2024-06-03T12:22:12.704+0000] {processor.py:840} INFO - DAG(s) 'example_bash_operator' retrieved from /home/airflow/.local/lib/python3.12/site-packages/airflow/example_dags/example_bash_operator.py
[2024-06-03T12:22:12.727+0000] {logging_mixin.py:188} INFO - [2024-06-03T12:22:12.727+0000] {dag.py:3096} INFO - Sync 1 DAGs
[2024-06-03T12:22:12.747+0000] {logging_mixin.py:188} INFO - [2024-06-03T12:22:12.746+0000] {dag.py:3954} INFO - Setting next_dagrun for example_bash_operator to 2024-06-02 00:00:00+00:00, run_after=2024-06-03 00:00:00+00:00
[2024-06-03T12:22:12.763+0000] {processor.py:183} INFO - Processing /home/airflow/.local/lib/python3.12/site-packages/airflow/example_dags/example_bash_operator.py took 0.080 seconds
[2024-06-03T12:22:43.034+0000] {processor.py:161} INFO - Started process (PID=2279) to work on /home/airflow/.local/lib/python3.12/site-packages/airflow/example_dags/example_bash_operator.py
[2024-06-03T12:22:43.036+0000] {processor.py:830} INFO - Processing file /home/airflow/.local/lib/python3.12/site-packages/airflow/example_dags/example_bash_operator.py for tasks to queue
[2024-06-03T12:22:43.038+0000] {logging_mixin.py:188} INFO - [2024-06-03T12:22:43.038+0000] {dagbag.py:545} INFO - Filling up the DagBag from /home/airflow/.local/lib/python3.12/site-packages/airflow/example_dags/example_bash_operator.py
[2024-06-03T12:22:43.052+0000] {processor.py:840} INFO - DAG(s) 'example_bash_operator' retrieved from /home/airflow/.local/lib/python3.12/site-packages/airflow/example_dags/example_bash_operator.py
[2024-06-03T12:22:43.083+0000] {logging_mixin.py:188} INFO - [2024-06-03T12:22:43.083+0000] {dag.py:3096} INFO - Sync 1 DAGs
[2024-06-03T12:22:43.113+0000] {logging_mixin.py:188} INFO - [2024-06-03T12:22:43.113+0000] {dag.py:3954} INFO - Setting next_dagrun for example_bash_operator to 2024-06-02 00:00:00+00:00, run_after=2024-06-03 00:00:00+00:00
[2024-06-03T12:22:43.136+0000] {processor.py:183} INFO - Processing /home/airflow/.local/lib/python3.12/site-packages/airflow/example_dags/example_bash_operator.py took 0.109 seconds
[2024-06-03T12:23:13.423+0000] {processor.py:161} INFO - Started process (PID=2337) to work on /home/airflow/.local/lib/python3.12/site-packages/airflow/example_dags/example_bash_operator.py
[2024-06-03T12:23:13.424+0000] {processor.py:830} INFO - Processing file /home/airflow/.local/lib/python3.12/site-packages/airflow/example_dags/example_bash_operator.py for tasks to queue
[2024-06-03T12:23:13.427+0000] {logging_mixin.py:188} INFO - [2024-06-03T12:23:13.427+0000] {dagbag.py:545} INFO - Filling up the DagBag from /home/airflow/.local/lib/python3.12/site-packages/airflow/example_dags/example_bash_operator.py
[2024-06-03T12:23:13.439+0000] {processor.py:840} INFO - DAG(s) 'example_bash_operator' retrieved from /home/airflow/.local/lib/python3.12/site-packages/airflow/example_dags/example_bash_operator.py
[2024-06-03T12:23:13.467+0000] {logging_mixin.py:188} INFO - [2024-06-03T12:23:13.467+0000] {dag.py:3096} INFO - Sync 1 DAGs
[2024-06-03T12:23:13.492+0000] {logging_mixin.py:188} INFO - [2024-06-03T12:23:13.492+0000] {dag.py:3954} INFO - Setting next_dagrun for example_bash_operator to 2024-06-02 00:00:00+00:00, run_after=2024-06-03 00:00:00+00:00
[2024-06-03T12:23:13.511+0000] {processor.py:183} INFO - Processing /home/airflow/.local/lib/python3.12/site-packages/airflow/example_dags/example_bash_operator.py took 0.094 seconds
[2024-06-03T12:23:43.726+0000] {processor.py:161} INFO - Started process (PID=2402) to work on /home/airflow/.local/lib/python3.12/site-packages/airflow/example_dags/example_bash_operator.py
[2024-06-03T12:23:43.727+0000] {processor.py:830} INFO - Processing file /home/airflow/.local/lib/python3.12/site-packages/airflow/example_dags/example_bash_operator.py for tasks to queue
[2024-06-03T12:23:43.730+0000] {logging_mixin.py:188} INFO - [2024-06-03T12:23:43.729+0000] {dagbag.py:545} INFO - Filling up the DagBag from /home/airflow/.local/lib/python3.12/site-packages/airflow/example_dags/example_bash_operator.py
[2024-06-03T12:23:43.740+0000] {processor.py:840} INFO - DAG(s) 'example_bash_operator' retrieved from /home/airflow/.local/lib/python3.12/site-packages/airflow/example_dags/example_bash_operator.py
[2024-06-03T12:23:43.766+0000] {logging_mixin.py:188} INFO - [2024-06-03T12:23:43.765+0000] {dag.py:3096} INFO - Sync 1 DAGs
[2024-06-03T12:23:43.787+0000] {logging_mixin.py:188} INFO - [2024-06-03T12:23:43.786+0000] {dag.py:3954} INFO - Setting next_dagrun for example_bash_operator to 2024-06-02 00:00:00+00:00, run_after=2024-06-03 00:00:00+00:00
[2024-06-03T12:23:43.805+0000] {processor.py:183} INFO - Processing /home/airflow/.local/lib/python3.12/site-packages/airflow/example_dags/example_bash_operator.py took 0.084 seconds
[2024-06-03T12:24:13.986+0000] {processor.py:161} INFO - Started process (PID=2460) to work on /home/airflow/.local/lib/python3.12/site-packages/airflow/example_dags/example_bash_operator.py
[2024-06-03T12:24:13.987+0000] {processor.py:830} INFO - Processing file /home/airflow/.local/lib/python3.12/site-packages/airflow/example_dags/example_bash_operator.py for tasks to queue
[2024-06-03T12:24:13.989+0000] {logging_mixin.py:188} INFO - [2024-06-03T12:24:13.989+0000] {dagbag.py:545} INFO - Filling up the DagBag from /home/airflow/.local/lib/python3.12/site-packages/airflow/example_dags/example_bash_operator.py
[2024-06-03T12:24:14.001+0000] {processor.py:840} INFO - DAG(s) 'example_bash_operator' retrieved from /home/airflow/.local/lib/python3.12/site-packages/airflow/example_dags/example_bash_operator.py
[2024-06-03T12:24:14.028+0000] {logging_mixin.py:188} INFO - [2024-06-03T12:24:14.028+0000] {dag.py:3096} INFO - Sync 1 DAGs
[2024-06-03T12:24:14.050+0000] {logging_mixin.py:188} INFO - [2024-06-03T12:24:14.050+0000] {dag.py:3954} INFO - Setting next_dagrun for example_bash_operator to 2024-06-02 00:00:00+00:00, run_after=2024-06-03 00:00:00+00:00
[2024-06-03T12:24:14.070+0000] {processor.py:183} INFO - Processing /home/airflow/.local/lib/python3.12/site-packages/airflow/example_dags/example_bash_operator.py took 0.090 seconds
[2024-06-03T12:24:44.195+0000] {processor.py:161} INFO - Started process (PID=2518) to work on /home/airflow/.local/lib/python3.12/site-packages/airflow/example_dags/example_bash_operator.py
[2024-06-03T12:24:44.197+0000] {processor.py:830} INFO - Processing file /home/airflow/.local/lib/python3.12/site-packages/airflow/example_dags/example_bash_operator.py for tasks to queue
[2024-06-03T12:24:44.199+0000] {logging_mixin.py:188} INFO - [2024-06-03T12:24:44.198+0000] {dagbag.py:545} INFO - Filling up the DagBag from /home/airflow/.local/lib/python3.12/site-packages/airflow/example_dags/example_bash_operator.py
[2024-06-03T12:24:44.213+0000] {processor.py:840} INFO - DAG(s) 'example_bash_operator' retrieved from /home/airflow/.local/lib/python3.12/site-packages/airflow/example_dags/example_bash_operator.py
[2024-06-03T12:24:44.239+0000] {logging_mixin.py:188} INFO - [2024-06-03T12:24:44.239+0000] {dag.py:3096} INFO - Sync 1 DAGs
[2024-06-03T12:24:44.260+0000] {logging_mixin.py:188} INFO - [2024-06-03T12:24:44.259+0000] {dag.py:3954} INFO - Setting next_dagrun for example_bash_operator to 2024-06-02 00:00:00+00:00, run_after=2024-06-03 00:00:00+00:00
[2024-06-03T12:24:44.279+0000] {processor.py:183} INFO - Processing /home/airflow/.local/lib/python3.12/site-packages/airflow/example_dags/example_bash_operator.py took 0.090 seconds
[2024-06-03T12:25:14.652+0000] {processor.py:161} INFO - Started process (PID=2576) to work on /home/airflow/.local/lib/python3.12/site-packages/airflow/example_dags/example_bash_operator.py
[2024-06-03T12:25:14.654+0000] {processor.py:830} INFO - Processing file /home/airflow/.local/lib/python3.12/site-packages/airflow/example_dags/example_bash_operator.py for tasks to queue
[2024-06-03T12:25:14.656+0000] {logging_mixin.py:188} INFO - [2024-06-03T12:25:14.656+0000] {dagbag.py:545} INFO - Filling up the DagBag from /home/airflow/.local/lib/python3.12/site-packages/airflow/example_dags/example_bash_operator.py
[2024-06-03T12:25:14.666+0000] {processor.py:840} INFO - DAG(s) 'example_bash_operator' retrieved from /home/airflow/.local/lib/python3.12/site-packages/airflow/example_dags/example_bash_operator.py
[2024-06-03T12:25:14.692+0000] {logging_mixin.py:188} INFO - [2024-06-03T12:25:14.692+0000] {dag.py:3096} INFO - Sync 1 DAGs
[2024-06-03T12:25:14.714+0000] {logging_mixin.py:188} INFO - [2024-06-03T12:25:14.713+0000] {dag.py:3954} INFO - Setting next_dagrun for example_bash_operator to 2024-06-02 00:00:00+00:00, run_after=2024-06-03 00:00:00+00:00
[2024-06-03T12:25:14.733+0000] {processor.py:183} INFO - Processing /home/airflow/.local/lib/python3.12/site-packages/airflow/example_dags/example_bash_operator.py took 0.086 seconds
[2024-06-03T12:25:45.038+0000] {processor.py:161} INFO - Started process (PID=2632) to work on /home/airflow/.local/lib/python3.12/site-packages/airflow/example_dags/example_bash_operator.py
[2024-06-03T12:25:45.039+0000] {processor.py:830} INFO - Processing file /home/airflow/.local/lib/python3.12/site-packages/airflow/example_dags/example_bash_operator.py for tasks to queue
[2024-06-03T12:25:45.042+0000] {logging_mixin.py:188} INFO - [2024-06-03T12:25:45.041+0000] {dagbag.py:545} INFO - Filling up the DagBag from /home/airflow/.local/lib/python3.12/site-packages/airflow/example_dags/example_bash_operator.py
[2024-06-03T12:25:45.053+0000] {processor.py:840} INFO - DAG(s) 'example_bash_operator' retrieved from /home/airflow/.local/lib/python3.12/site-packages/airflow/example_dags/example_bash_operator.py
[2024-06-03T12:25:45.078+0000] {logging_mixin.py:188} INFO - [2024-06-03T12:25:45.078+0000] {dag.py:3096} INFO - Sync 1 DAGs
[2024-06-03T12:25:45.099+0000] {logging_mixin.py:188} INFO - [2024-06-03T12:25:45.099+0000] {dag.py:3954} INFO - Setting next_dagrun for example_bash_operator to 2024-06-02 00:00:00+00:00, run_after=2024-06-03 00:00:00+00:00
[2024-06-03T12:25:45.119+0000] {processor.py:183} INFO - Processing /home/airflow/.local/lib/python3.12/site-packages/airflow/example_dags/example_bash_operator.py took 0.086 seconds
[2024-06-03T12:26:15.322+0000] {processor.py:161} INFO - Started process (PID=2690) to work on /home/airflow/.local/lib/python3.12/site-packages/airflow/example_dags/example_bash_operator.py
[2024-06-03T12:26:15.324+0000] {processor.py:830} INFO - Processing file /home/airflow/.local/lib/python3.12/site-packages/airflow/example_dags/example_bash_operator.py for tasks to queue
[2024-06-03T12:26:15.326+0000] {logging_mixin.py:188} INFO - [2024-06-03T12:26:15.326+0000] {dagbag.py:545} INFO - Filling up the DagBag from /home/airflow/.local/lib/python3.12/site-packages/airflow/example_dags/example_bash_operator.py
[2024-06-03T12:26:15.336+0000] {processor.py:840} INFO - DAG(s) 'example_bash_operator' retrieved from /home/airflow/.local/lib/python3.12/site-packages/airflow/example_dags/example_bash_operator.py
[2024-06-03T12:26:15.363+0000] {logging_mixin.py:188} INFO - [2024-06-03T12:26:15.363+0000] {dag.py:3096} INFO - Sync 1 DAGs
[2024-06-03T12:26:15.385+0000] {logging_mixin.py:188} INFO - [2024-06-03T12:26:15.385+0000] {dag.py:3954} INFO - Setting next_dagrun for example_bash_operator to 2024-06-02 00:00:00+00:00, run_after=2024-06-03 00:00:00+00:00
[2024-06-03T12:26:15.403+0000] {processor.py:183} INFO - Processing /home/airflow/.local/lib/python3.12/site-packages/airflow/example_dags/example_bash_operator.py took 0.086 seconds
[2024-06-03T12:26:45.762+0000] {processor.py:161} INFO - Started process (PID=2748) to work on /home/airflow/.local/lib/python3.12/site-packages/airflow/example_dags/example_bash_operator.py
[2024-06-03T12:26:45.763+0000] {processor.py:830} INFO - Processing file /home/airflow/.local/lib/python3.12/site-packages/airflow/example_dags/example_bash_operator.py for tasks to queue
[2024-06-03T12:26:45.765+0000] {logging_mixin.py:188} INFO - [2024-06-03T12:26:45.765+0000] {dagbag.py:545} INFO - Filling up the DagBag from /home/airflow/.local/lib/python3.12/site-packages/airflow/example_dags/example_bash_operator.py
[2024-06-03T12:26:45.775+0000] {processor.py:840} INFO - DAG(s) 'example_bash_operator' retrieved from /home/airflow/.local/lib/python3.12/site-packages/airflow/example_dags/example_bash_operator.py
[2024-06-03T12:26:45.799+0000] {logging_mixin.py:188} INFO - [2024-06-03T12:26:45.798+0000] {dag.py:3096} INFO - Sync 1 DAGs
[2024-06-03T12:26:45.820+0000] {logging_mixin.py:188} INFO - [2024-06-03T12:26:45.819+0000] {dag.py:3954} INFO - Setting next_dagrun for example_bash_operator to 2024-06-02 00:00:00+00:00, run_after=2024-06-03 00:00:00+00:00
[2024-06-03T12:26:45.837+0000] {processor.py:183} INFO - Processing /home/airflow/.local/lib/python3.12/site-packages/airflow/example_dags/example_bash_operator.py took 0.080 seconds
[2024-06-03T12:27:16.041+0000] {processor.py:161} INFO - Started process (PID=2806) to work on /home/airflow/.local/lib/python3.12/site-packages/airflow/example_dags/example_bash_operator.py
[2024-06-03T12:27:16.043+0000] {processor.py:830} INFO - Processing file /home/airflow/.local/lib/python3.12/site-packages/airflow/example_dags/example_bash_operator.py for tasks to queue
[2024-06-03T12:27:16.045+0000] {logging_mixin.py:188} INFO - [2024-06-03T12:27:16.045+0000] {dagbag.py:545} INFO - Filling up the DagBag from /home/airflow/.local/lib/python3.12/site-packages/airflow/example_dags/example_bash_operator.py
[2024-06-03T12:27:16.054+0000] {processor.py:840} INFO - DAG(s) 'example_bash_operator' retrieved from /home/airflow/.local/lib/python3.12/site-packages/airflow/example_dags/example_bash_operator.py
[2024-06-03T12:27:16.078+0000] {logging_mixin.py:188} INFO - [2024-06-03T12:27:16.078+0000] {dag.py:3096} INFO - Sync 1 DAGs
[2024-06-03T12:27:16.098+0000] {logging_mixin.py:188} INFO - [2024-06-03T12:27:16.098+0000] {dag.py:3954} INFO - Setting next_dagrun for example_bash_operator to 2024-06-02 00:00:00+00:00, run_after=2024-06-03 00:00:00+00:00
[2024-06-03T12:27:16.118+0000] {processor.py:183} INFO - Processing /home/airflow/.local/lib/python3.12/site-packages/airflow/example_dags/example_bash_operator.py took 0.082 seconds
[2024-06-03T12:27:46.254+0000] {processor.py:161} INFO - Started process (PID=2864) to work on /home/airflow/.local/lib/python3.12/site-packages/airflow/example_dags/example_bash_operator.py
[2024-06-03T12:27:46.256+0000] {processor.py:830} INFO - Processing file /home/airflow/.local/lib/python3.12/site-packages/airflow/example_dags/example_bash_operator.py for tasks to queue
[2024-06-03T12:27:46.258+0000] {logging_mixin.py:188} INFO - [2024-06-03T12:27:46.258+0000] {dagbag.py:545} INFO - Filling up the DagBag from /home/airflow/.local/lib/python3.12/site-packages/airflow/example_dags/example_bash_operator.py
[2024-06-03T12:27:46.270+0000] {processor.py:840} INFO - DAG(s) 'example_bash_operator' retrieved from /home/airflow/.local/lib/python3.12/site-packages/airflow/example_dags/example_bash_operator.py
[2024-06-03T12:27:46.298+0000] {logging_mixin.py:188} INFO - [2024-06-03T12:27:46.298+0000] {dag.py:3096} INFO - Sync 1 DAGs
[2024-06-03T12:27:46.326+0000] {logging_mixin.py:188} INFO - [2024-06-03T12:27:46.325+0000] {dag.py:3954} INFO - Setting next_dagrun for example_bash_operator to 2024-06-02 00:00:00+00:00, run_after=2024-06-03 00:00:00+00:00
[2024-06-03T12:27:46.350+0000] {processor.py:183} INFO - Processing /home/airflow/.local/lib/python3.12/site-packages/airflow/example_dags/example_bash_operator.py took 0.103 seconds
