[2024-06-03T12:03:24.271+0000] {processor.py:161} INFO - Started process (PID=73) to work on /home/airflow/.local/lib/python3.12/site-packages/airflow/example_dags/example_nested_branch_dag.py
[2024-06-03T12:03:24.273+0000] {processor.py:830} INFO - Processing file /home/airflow/.local/lib/python3.12/site-packages/airflow/example_dags/example_nested_branch_dag.py for tasks to queue
[2024-06-03T12:03:24.276+0000] {logging_mixin.py:188} INFO - [2024-06-03T12:03:24.276+0000] {dagbag.py:545} INFO - Filling up the DagBag from /home/airflow/.local/lib/python3.12/site-packages/airflow/example_dags/example_nested_branch_dag.py
[2024-06-03T12:03:24.287+0000] {processor.py:840} INFO - DAG(s) 'example_nested_branch_dag' retrieved from /home/airflow/.local/lib/python3.12/site-packages/airflow/example_dags/example_nested_branch_dag.py
[2024-06-03T12:03:24.312+0000] {logging_mixin.py:188} INFO - [2024-06-03T12:03:24.312+0000] {dag.py:3096} INFO - Sync 1 DAGs
[2024-06-03T12:03:24.331+0000] {logging_mixin.py:188} INFO - [2024-06-03T12:03:24.331+0000] {dag.py:3954} INFO - Setting next_dagrun for example_nested_branch_dag to 2024-06-02 00:00:00+00:00, run_after=2024-06-03 00:00:00+00:00
[2024-06-03T12:03:24.348+0000] {processor.py:183} INFO - Processing /home/airflow/.local/lib/python3.12/site-packages/airflow/example_dags/example_nested_branch_dag.py took 0.082 seconds
[2024-06-03T12:03:55.173+0000] {processor.py:161} INFO - Started process (PID=131) to work on /home/airflow/.local/lib/python3.12/site-packages/airflow/example_dags/example_nested_branch_dag.py
[2024-06-03T12:03:55.176+0000] {processor.py:830} INFO - Processing file /home/airflow/.local/lib/python3.12/site-packages/airflow/example_dags/example_nested_branch_dag.py for tasks to queue
[2024-06-03T12:03:55.178+0000] {logging_mixin.py:188} INFO - [2024-06-03T12:03:55.178+0000] {dagbag.py:545} INFO - Filling up the DagBag from /home/airflow/.local/lib/python3.12/site-packages/airflow/example_dags/example_nested_branch_dag.py
[2024-06-03T12:03:55.188+0000] {processor.py:840} INFO - DAG(s) 'example_nested_branch_dag' retrieved from /home/airflow/.local/lib/python3.12/site-packages/airflow/example_dags/example_nested_branch_dag.py
[2024-06-03T12:03:55.212+0000] {logging_mixin.py:188} INFO - [2024-06-03T12:03:55.212+0000] {dag.py:3096} INFO - Sync 1 DAGs
[2024-06-03T12:03:55.236+0000] {logging_mixin.py:188} INFO - [2024-06-03T12:03:55.236+0000] {dag.py:3954} INFO - Setting next_dagrun for example_nested_branch_dag to 2024-06-02 00:00:00+00:00, run_after=2024-06-03 00:00:00+00:00
[2024-06-03T12:03:55.259+0000] {processor.py:183} INFO - Processing /home/airflow/.local/lib/python3.12/site-packages/airflow/example_dags/example_nested_branch_dag.py took 0.091 seconds
[2024-06-03T12:04:25.369+0000] {processor.py:161} INFO - Started process (PID=189) to work on /home/airflow/.local/lib/python3.12/site-packages/airflow/example_dags/example_nested_branch_dag.py
[2024-06-03T12:04:25.377+0000] {processor.py:830} INFO - Processing file /home/airflow/.local/lib/python3.12/site-packages/airflow/example_dags/example_nested_branch_dag.py for tasks to queue
[2024-06-03T12:04:25.379+0000] {logging_mixin.py:188} INFO - [2024-06-03T12:04:25.378+0000] {dagbag.py:545} INFO - Filling up the DagBag from /home/airflow/.local/lib/python3.12/site-packages/airflow/example_dags/example_nested_branch_dag.py
[2024-06-03T12:04:25.387+0000] {processor.py:840} INFO - DAG(s) 'example_nested_branch_dag' retrieved from /home/airflow/.local/lib/python3.12/site-packages/airflow/example_dags/example_nested_branch_dag.py
[2024-06-03T12:04:25.406+0000] {logging_mixin.py:188} INFO - [2024-06-03T12:04:25.406+0000] {dag.py:3096} INFO - Sync 1 DAGs
[2024-06-03T12:04:25.426+0000] {logging_mixin.py:188} INFO - [2024-06-03T12:04:25.426+0000] {dag.py:3954} INFO - Setting next_dagrun for example_nested_branch_dag to 2024-06-02 00:00:00+00:00, run_after=2024-06-03 00:00:00+00:00
[2024-06-03T12:04:25.451+0000] {processor.py:183} INFO - Processing /home/airflow/.local/lib/python3.12/site-packages/airflow/example_dags/example_nested_branch_dag.py took 0.087 seconds
[2024-06-03T12:04:55.836+0000] {processor.py:161} INFO - Started process (PID=247) to work on /home/airflow/.local/lib/python3.12/site-packages/airflow/example_dags/example_nested_branch_dag.py
[2024-06-03T12:04:55.840+0000] {processor.py:830} INFO - Processing file /home/airflow/.local/lib/python3.12/site-packages/airflow/example_dags/example_nested_branch_dag.py for tasks to queue
[2024-06-03T12:04:55.842+0000] {logging_mixin.py:188} INFO - [2024-06-03T12:04:55.842+0000] {dagbag.py:545} INFO - Filling up the DagBag from /home/airflow/.local/lib/python3.12/site-packages/airflow/example_dags/example_nested_branch_dag.py
[2024-06-03T12:04:55.851+0000] {processor.py:840} INFO - DAG(s) 'example_nested_branch_dag' retrieved from /home/airflow/.local/lib/python3.12/site-packages/airflow/example_dags/example_nested_branch_dag.py
[2024-06-03T12:04:55.871+0000] {logging_mixin.py:188} INFO - [2024-06-03T12:04:55.871+0000] {dag.py:3096} INFO - Sync 1 DAGs
[2024-06-03T12:04:55.892+0000] {logging_mixin.py:188} INFO - [2024-06-03T12:04:55.891+0000] {dag.py:3954} INFO - Setting next_dagrun for example_nested_branch_dag to 2024-06-02 00:00:00+00:00, run_after=2024-06-03 00:00:00+00:00
[2024-06-03T12:04:55.909+0000] {processor.py:183} INFO - Processing /home/airflow/.local/lib/python3.12/site-packages/airflow/example_dags/example_nested_branch_dag.py took 0.078 seconds
[2024-06-03T12:05:26.298+0000] {processor.py:161} INFO - Started process (PID=305) to work on /home/airflow/.local/lib/python3.12/site-packages/airflow/example_dags/example_nested_branch_dag.py
[2024-06-03T12:05:26.299+0000] {processor.py:830} INFO - Processing file /home/airflow/.local/lib/python3.12/site-packages/airflow/example_dags/example_nested_branch_dag.py for tasks to queue
[2024-06-03T12:05:26.301+0000] {logging_mixin.py:188} INFO - [2024-06-03T12:05:26.300+0000] {dagbag.py:545} INFO - Filling up the DagBag from /home/airflow/.local/lib/python3.12/site-packages/airflow/example_dags/example_nested_branch_dag.py
[2024-06-03T12:05:26.309+0000] {processor.py:840} INFO - DAG(s) 'example_nested_branch_dag' retrieved from /home/airflow/.local/lib/python3.12/site-packages/airflow/example_dags/example_nested_branch_dag.py
[2024-06-03T12:05:26.328+0000] {logging_mixin.py:188} INFO - [2024-06-03T12:05:26.328+0000] {dag.py:3096} INFO - Sync 1 DAGs
[2024-06-03T12:05:26.347+0000] {logging_mixin.py:188} INFO - [2024-06-03T12:05:26.347+0000] {dag.py:3954} INFO - Setting next_dagrun for example_nested_branch_dag to 2024-06-02 00:00:00+00:00, run_after=2024-06-03 00:00:00+00:00
[2024-06-03T12:05:26.364+0000] {processor.py:183} INFO - Processing /home/airflow/.local/lib/python3.12/site-packages/airflow/example_dags/example_nested_branch_dag.py took 0.072 seconds
[2024-06-03T12:05:56.473+0000] {processor.py:161} INFO - Started process (PID=363) to work on /home/airflow/.local/lib/python3.12/site-packages/airflow/example_dags/example_nested_branch_dag.py
[2024-06-03T12:05:56.474+0000] {processor.py:830} INFO - Processing file /home/airflow/.local/lib/python3.12/site-packages/airflow/example_dags/example_nested_branch_dag.py for tasks to queue
[2024-06-03T12:05:56.476+0000] {logging_mixin.py:188} INFO - [2024-06-03T12:05:56.476+0000] {dagbag.py:545} INFO - Filling up the DagBag from /home/airflow/.local/lib/python3.12/site-packages/airflow/example_dags/example_nested_branch_dag.py
[2024-06-03T12:05:56.486+0000] {processor.py:840} INFO - DAG(s) 'example_nested_branch_dag' retrieved from /home/airflow/.local/lib/python3.12/site-packages/airflow/example_dags/example_nested_branch_dag.py
[2024-06-03T12:05:56.509+0000] {logging_mixin.py:188} INFO - [2024-06-03T12:05:56.508+0000] {dag.py:3096} INFO - Sync 1 DAGs
[2024-06-03T12:05:56.528+0000] {logging_mixin.py:188} INFO - [2024-06-03T12:05:56.528+0000] {dag.py:3954} INFO - Setting next_dagrun for example_nested_branch_dag to 2024-06-02 00:00:00+00:00, run_after=2024-06-03 00:00:00+00:00
[2024-06-03T12:05:56.546+0000] {processor.py:183} INFO - Processing /home/airflow/.local/lib/python3.12/site-packages/airflow/example_dags/example_nested_branch_dag.py took 0.079 seconds
[2024-06-03T12:06:27.083+0000] {processor.py:161} INFO - Started process (PID=421) to work on /home/airflow/.local/lib/python3.12/site-packages/airflow/example_dags/example_nested_branch_dag.py
[2024-06-03T12:06:27.085+0000] {processor.py:830} INFO - Processing file /home/airflow/.local/lib/python3.12/site-packages/airflow/example_dags/example_nested_branch_dag.py for tasks to queue
[2024-06-03T12:06:27.087+0000] {logging_mixin.py:188} INFO - [2024-06-03T12:06:27.086+0000] {dagbag.py:545} INFO - Filling up the DagBag from /home/airflow/.local/lib/python3.12/site-packages/airflow/example_dags/example_nested_branch_dag.py
[2024-06-03T12:06:27.097+0000] {processor.py:840} INFO - DAG(s) 'example_nested_branch_dag' retrieved from /home/airflow/.local/lib/python3.12/site-packages/airflow/example_dags/example_nested_branch_dag.py
[2024-06-03T12:06:27.122+0000] {logging_mixin.py:188} INFO - [2024-06-03T12:06:27.121+0000] {dag.py:3096} INFO - Sync 1 DAGs
[2024-06-03T12:06:27.142+0000] {logging_mixin.py:188} INFO - [2024-06-03T12:06:27.142+0000] {dag.py:3954} INFO - Setting next_dagrun for example_nested_branch_dag to 2024-06-02 00:00:00+00:00, run_after=2024-06-03 00:00:00+00:00
[2024-06-03T12:06:27.163+0000] {processor.py:183} INFO - Processing /home/airflow/.local/lib/python3.12/site-packages/airflow/example_dags/example_nested_branch_dag.py took 0.086 seconds
[2024-06-03T12:06:57.678+0000] {processor.py:161} INFO - Started process (PID=479) to work on /home/airflow/.local/lib/python3.12/site-packages/airflow/example_dags/example_nested_branch_dag.py
[2024-06-03T12:06:57.680+0000] {processor.py:830} INFO - Processing file /home/airflow/.local/lib/python3.12/site-packages/airflow/example_dags/example_nested_branch_dag.py for tasks to queue
[2024-06-03T12:06:57.683+0000] {logging_mixin.py:188} INFO - [2024-06-03T12:06:57.682+0000] {dagbag.py:545} INFO - Filling up the DagBag from /home/airflow/.local/lib/python3.12/site-packages/airflow/example_dags/example_nested_branch_dag.py
[2024-06-03T12:06:57.696+0000] {processor.py:840} INFO - DAG(s) 'example_nested_branch_dag' retrieved from /home/airflow/.local/lib/python3.12/site-packages/airflow/example_dags/example_nested_branch_dag.py
[2024-06-03T12:06:57.722+0000] {logging_mixin.py:188} INFO - [2024-06-03T12:06:57.722+0000] {dag.py:3096} INFO - Sync 1 DAGs
[2024-06-03T12:06:57.749+0000] {logging_mixin.py:188} INFO - [2024-06-03T12:06:57.748+0000] {dag.py:3954} INFO - Setting next_dagrun for example_nested_branch_dag to 2024-06-02 00:00:00+00:00, run_after=2024-06-03 00:00:00+00:00
[2024-06-03T12:06:57.775+0000] {processor.py:183} INFO - Processing /home/airflow/.local/lib/python3.12/site-packages/airflow/example_dags/example_nested_branch_dag.py took 0.105 seconds
[2024-06-03T12:07:28.009+0000] {processor.py:161} INFO - Started process (PID=537) to work on /home/airflow/.local/lib/python3.12/site-packages/airflow/example_dags/example_nested_branch_dag.py
[2024-06-03T12:07:28.011+0000] {processor.py:830} INFO - Processing file /home/airflow/.local/lib/python3.12/site-packages/airflow/example_dags/example_nested_branch_dag.py for tasks to queue
[2024-06-03T12:07:28.013+0000] {logging_mixin.py:188} INFO - [2024-06-03T12:07:28.013+0000] {dagbag.py:545} INFO - Filling up the DagBag from /home/airflow/.local/lib/python3.12/site-packages/airflow/example_dags/example_nested_branch_dag.py
[2024-06-03T12:07:28.022+0000] {processor.py:840} INFO - DAG(s) 'example_nested_branch_dag' retrieved from /home/airflow/.local/lib/python3.12/site-packages/airflow/example_dags/example_nested_branch_dag.py
[2024-06-03T12:07:28.040+0000] {logging_mixin.py:188} INFO - [2024-06-03T12:07:28.040+0000] {dag.py:3096} INFO - Sync 1 DAGs
[2024-06-03T12:07:28.061+0000] {logging_mixin.py:188} INFO - [2024-06-03T12:07:28.061+0000] {dag.py:3954} INFO - Setting next_dagrun for example_nested_branch_dag to 2024-06-02 00:00:00+00:00, run_after=2024-06-03 00:00:00+00:00
[2024-06-03T12:07:28.079+0000] {processor.py:183} INFO - Processing /home/airflow/.local/lib/python3.12/site-packages/airflow/example_dags/example_nested_branch_dag.py took 0.075 seconds
[2024-06-03T12:07:58.854+0000] {processor.py:161} INFO - Started process (PID=595) to work on /home/airflow/.local/lib/python3.12/site-packages/airflow/example_dags/example_nested_branch_dag.py
[2024-06-03T12:07:58.855+0000] {processor.py:830} INFO - Processing file /home/airflow/.local/lib/python3.12/site-packages/airflow/example_dags/example_nested_branch_dag.py for tasks to queue
[2024-06-03T12:07:58.858+0000] {logging_mixin.py:188} INFO - [2024-06-03T12:07:58.857+0000] {dagbag.py:545} INFO - Filling up the DagBag from /home/airflow/.local/lib/python3.12/site-packages/airflow/example_dags/example_nested_branch_dag.py
[2024-06-03T12:07:58.867+0000] {processor.py:840} INFO - DAG(s) 'example_nested_branch_dag' retrieved from /home/airflow/.local/lib/python3.12/site-packages/airflow/example_dags/example_nested_branch_dag.py
[2024-06-03T12:07:58.886+0000] {logging_mixin.py:188} INFO - [2024-06-03T12:07:58.885+0000] {dag.py:3096} INFO - Sync 1 DAGs
[2024-06-03T12:07:58.906+0000] {logging_mixin.py:188} INFO - [2024-06-03T12:07:58.905+0000] {dag.py:3954} INFO - Setting next_dagrun for example_nested_branch_dag to 2024-06-02 00:00:00+00:00, run_after=2024-06-03 00:00:00+00:00
[2024-06-03T12:07:58.924+0000] {processor.py:183} INFO - Processing /home/airflow/.local/lib/python3.12/site-packages/airflow/example_dags/example_nested_branch_dag.py took 0.076 seconds
[2024-06-03T12:08:29.749+0000] {processor.py:161} INFO - Started process (PID=653) to work on /home/airflow/.local/lib/python3.12/site-packages/airflow/example_dags/example_nested_branch_dag.py
[2024-06-03T12:08:29.751+0000] {processor.py:830} INFO - Processing file /home/airflow/.local/lib/python3.12/site-packages/airflow/example_dags/example_nested_branch_dag.py for tasks to queue
[2024-06-03T12:08:29.753+0000] {logging_mixin.py:188} INFO - [2024-06-03T12:08:29.753+0000] {dagbag.py:545} INFO - Filling up the DagBag from /home/airflow/.local/lib/python3.12/site-packages/airflow/example_dags/example_nested_branch_dag.py
[2024-06-03T12:08:29.766+0000] {processor.py:840} INFO - DAG(s) 'example_nested_branch_dag' retrieved from /home/airflow/.local/lib/python3.12/site-packages/airflow/example_dags/example_nested_branch_dag.py
[2024-06-03T12:08:29.794+0000] {logging_mixin.py:188} INFO - [2024-06-03T12:08:29.794+0000] {dag.py:3096} INFO - Sync 1 DAGs
[2024-06-03T12:08:29.826+0000] {logging_mixin.py:188} INFO - [2024-06-03T12:08:29.825+0000] {dag.py:3954} INFO - Setting next_dagrun for example_nested_branch_dag to 2024-06-02 00:00:00+00:00, run_after=2024-06-03 00:00:00+00:00
[2024-06-03T12:08:29.851+0000] {processor.py:183} INFO - Processing /home/airflow/.local/lib/python3.12/site-packages/airflow/example_dags/example_nested_branch_dag.py took 0.111 seconds
[2024-06-03T12:09:00.576+0000] {processor.py:161} INFO - Started process (PID=711) to work on /home/airflow/.local/lib/python3.12/site-packages/airflow/example_dags/example_nested_branch_dag.py
[2024-06-03T12:09:00.577+0000] {processor.py:830} INFO - Processing file /home/airflow/.local/lib/python3.12/site-packages/airflow/example_dags/example_nested_branch_dag.py for tasks to queue
[2024-06-03T12:09:00.580+0000] {logging_mixin.py:188} INFO - [2024-06-03T12:09:00.579+0000] {dagbag.py:545} INFO - Filling up the DagBag from /home/airflow/.local/lib/python3.12/site-packages/airflow/example_dags/example_nested_branch_dag.py
[2024-06-03T12:09:00.590+0000] {processor.py:840} INFO - DAG(s) 'example_nested_branch_dag' retrieved from /home/airflow/.local/lib/python3.12/site-packages/airflow/example_dags/example_nested_branch_dag.py
[2024-06-03T12:09:00.612+0000] {logging_mixin.py:188} INFO - [2024-06-03T12:09:00.612+0000] {dag.py:3096} INFO - Sync 1 DAGs
[2024-06-03T12:09:00.637+0000] {logging_mixin.py:188} INFO - [2024-06-03T12:09:00.636+0000] {dag.py:3954} INFO - Setting next_dagrun for example_nested_branch_dag to 2024-06-02 00:00:00+00:00, run_after=2024-06-03 00:00:00+00:00
[2024-06-03T12:09:00.656+0000] {processor.py:183} INFO - Processing /home/airflow/.local/lib/python3.12/site-packages/airflow/example_dags/example_nested_branch_dag.py took 0.086 seconds
[2024-06-03T12:09:30.707+0000] {processor.py:161} INFO - Started process (PID=769) to work on /home/airflow/.local/lib/python3.12/site-packages/airflow/example_dags/example_nested_branch_dag.py
[2024-06-03T12:09:30.708+0000] {processor.py:830} INFO - Processing file /home/airflow/.local/lib/python3.12/site-packages/airflow/example_dags/example_nested_branch_dag.py for tasks to queue
[2024-06-03T12:09:30.710+0000] {logging_mixin.py:188} INFO - [2024-06-03T12:09:30.710+0000] {dagbag.py:545} INFO - Filling up the DagBag from /home/airflow/.local/lib/python3.12/site-packages/airflow/example_dags/example_nested_branch_dag.py
[2024-06-03T12:09:30.719+0000] {processor.py:840} INFO - DAG(s) 'example_nested_branch_dag' retrieved from /home/airflow/.local/lib/python3.12/site-packages/airflow/example_dags/example_nested_branch_dag.py
[2024-06-03T12:09:30.740+0000] {logging_mixin.py:188} INFO - [2024-06-03T12:09:30.740+0000] {dag.py:3096} INFO - Sync 1 DAGs
[2024-06-03T12:09:30.762+0000] {logging_mixin.py:188} INFO - [2024-06-03T12:09:30.762+0000] {dag.py:3954} INFO - Setting next_dagrun for example_nested_branch_dag to 2024-06-02 00:00:00+00:00, run_after=2024-06-03 00:00:00+00:00
[2024-06-03T12:09:30.782+0000] {processor.py:183} INFO - Processing /home/airflow/.local/lib/python3.12/site-packages/airflow/example_dags/example_nested_branch_dag.py took 0.080 seconds
[2024-06-03T12:10:00.924+0000] {processor.py:161} INFO - Started process (PID=828) to work on /home/airflow/.local/lib/python3.12/site-packages/airflow/example_dags/example_nested_branch_dag.py
[2024-06-03T12:10:00.926+0000] {processor.py:830} INFO - Processing file /home/airflow/.local/lib/python3.12/site-packages/airflow/example_dags/example_nested_branch_dag.py for tasks to queue
[2024-06-03T12:10:00.928+0000] {logging_mixin.py:188} INFO - [2024-06-03T12:10:00.928+0000] {dagbag.py:545} INFO - Filling up the DagBag from /home/airflow/.local/lib/python3.12/site-packages/airflow/example_dags/example_nested_branch_dag.py
[2024-06-03T12:10:00.939+0000] {processor.py:840} INFO - DAG(s) 'example_nested_branch_dag' retrieved from /home/airflow/.local/lib/python3.12/site-packages/airflow/example_dags/example_nested_branch_dag.py
[2024-06-03T12:10:00.960+0000] {logging_mixin.py:188} INFO - [2024-06-03T12:10:00.960+0000] {dag.py:3096} INFO - Sync 1 DAGs
[2024-06-03T12:10:00.980+0000] {logging_mixin.py:188} INFO - [2024-06-03T12:10:00.979+0000] {dag.py:3954} INFO - Setting next_dagrun for example_nested_branch_dag to 2024-06-02 00:00:00+00:00, run_after=2024-06-03 00:00:00+00:00
[2024-06-03T12:10:00.996+0000] {processor.py:183} INFO - Processing /home/airflow/.local/lib/python3.12/site-packages/airflow/example_dags/example_nested_branch_dag.py took 0.078 seconds
[2024-06-03T12:10:31.196+0000] {processor.py:161} INFO - Started process (PID=886) to work on /home/airflow/.local/lib/python3.12/site-packages/airflow/example_dags/example_nested_branch_dag.py
[2024-06-03T12:10:31.198+0000] {processor.py:830} INFO - Processing file /home/airflow/.local/lib/python3.12/site-packages/airflow/example_dags/example_nested_branch_dag.py for tasks to queue
[2024-06-03T12:10:31.201+0000] {logging_mixin.py:188} INFO - [2024-06-03T12:10:31.200+0000] {dagbag.py:545} INFO - Filling up the DagBag from /home/airflow/.local/lib/python3.12/site-packages/airflow/example_dags/example_nested_branch_dag.py
[2024-06-03T12:10:31.210+0000] {processor.py:840} INFO - DAG(s) 'example_nested_branch_dag' retrieved from /home/airflow/.local/lib/python3.12/site-packages/airflow/example_dags/example_nested_branch_dag.py
[2024-06-03T12:10:31.230+0000] {logging_mixin.py:188} INFO - [2024-06-03T12:10:31.230+0000] {dag.py:3096} INFO - Sync 1 DAGs
[2024-06-03T12:10:31.251+0000] {logging_mixin.py:188} INFO - [2024-06-03T12:10:31.251+0000] {dag.py:3954} INFO - Setting next_dagrun for example_nested_branch_dag to 2024-06-02 00:00:00+00:00, run_after=2024-06-03 00:00:00+00:00
[2024-06-03T12:10:31.269+0000] {processor.py:183} INFO - Processing /home/airflow/.local/lib/python3.12/site-packages/airflow/example_dags/example_nested_branch_dag.py took 0.077 seconds
[2024-06-03T12:11:01.442+0000] {processor.py:161} INFO - Started process (PID=944) to work on /home/airflow/.local/lib/python3.12/site-packages/airflow/example_dags/example_nested_branch_dag.py
[2024-06-03T12:11:01.443+0000] {processor.py:830} INFO - Processing file /home/airflow/.local/lib/python3.12/site-packages/airflow/example_dags/example_nested_branch_dag.py for tasks to queue
[2024-06-03T12:11:01.446+0000] {logging_mixin.py:188} INFO - [2024-06-03T12:11:01.445+0000] {dagbag.py:545} INFO - Filling up the DagBag from /home/airflow/.local/lib/python3.12/site-packages/airflow/example_dags/example_nested_branch_dag.py
[2024-06-03T12:11:01.456+0000] {processor.py:840} INFO - DAG(s) 'example_nested_branch_dag' retrieved from /home/airflow/.local/lib/python3.12/site-packages/airflow/example_dags/example_nested_branch_dag.py
[2024-06-03T12:11:01.478+0000] {logging_mixin.py:188} INFO - [2024-06-03T12:11:01.478+0000] {dag.py:3096} INFO - Sync 1 DAGs
[2024-06-03T12:11:01.505+0000] {logging_mixin.py:188} INFO - [2024-06-03T12:11:01.505+0000] {dag.py:3954} INFO - Setting next_dagrun for example_nested_branch_dag to 2024-06-02 00:00:00+00:00, run_after=2024-06-03 00:00:00+00:00
[2024-06-03T12:11:01.525+0000] {processor.py:183} INFO - Processing /home/airflow/.local/lib/python3.12/site-packages/airflow/example_dags/example_nested_branch_dag.py took 0.089 seconds
[2024-06-03T12:11:31.693+0000] {processor.py:161} INFO - Started process (PID=1002) to work on /home/airflow/.local/lib/python3.12/site-packages/airflow/example_dags/example_nested_branch_dag.py
[2024-06-03T12:11:31.694+0000] {processor.py:830} INFO - Processing file /home/airflow/.local/lib/python3.12/site-packages/airflow/example_dags/example_nested_branch_dag.py for tasks to queue
[2024-06-03T12:11:31.696+0000] {logging_mixin.py:188} INFO - [2024-06-03T12:11:31.696+0000] {dagbag.py:545} INFO - Filling up the DagBag from /home/airflow/.local/lib/python3.12/site-packages/airflow/example_dags/example_nested_branch_dag.py
[2024-06-03T12:11:31.706+0000] {processor.py:840} INFO - DAG(s) 'example_nested_branch_dag' retrieved from /home/airflow/.local/lib/python3.12/site-packages/airflow/example_dags/example_nested_branch_dag.py
[2024-06-03T12:11:31.729+0000] {logging_mixin.py:188} INFO - [2024-06-03T12:11:31.729+0000] {dag.py:3096} INFO - Sync 1 DAGs
[2024-06-03T12:11:31.754+0000] {logging_mixin.py:188} INFO - [2024-06-03T12:11:31.754+0000] {dag.py:3954} INFO - Setting next_dagrun for example_nested_branch_dag to 2024-06-02 00:00:00+00:00, run_after=2024-06-03 00:00:00+00:00
[2024-06-03T12:11:31.776+0000] {processor.py:183} INFO - Processing /home/airflow/.local/lib/python3.12/site-packages/airflow/example_dags/example_nested_branch_dag.py took 0.089 seconds
[2024-06-03T12:12:01.837+0000] {processor.py:161} INFO - Started process (PID=1059) to work on /home/airflow/.local/lib/python3.12/site-packages/airflow/example_dags/example_nested_branch_dag.py
[2024-06-03T12:12:01.839+0000] {processor.py:830} INFO - Processing file /home/airflow/.local/lib/python3.12/site-packages/airflow/example_dags/example_nested_branch_dag.py for tasks to queue
[2024-06-03T12:12:01.841+0000] {logging_mixin.py:188} INFO - [2024-06-03T12:12:01.841+0000] {dagbag.py:545} INFO - Filling up the DagBag from /home/airflow/.local/lib/python3.12/site-packages/airflow/example_dags/example_nested_branch_dag.py
[2024-06-03T12:12:01.853+0000] {processor.py:840} INFO - DAG(s) 'example_nested_branch_dag' retrieved from /home/airflow/.local/lib/python3.12/site-packages/airflow/example_dags/example_nested_branch_dag.py
[2024-06-03T12:12:01.878+0000] {logging_mixin.py:188} INFO - [2024-06-03T12:12:01.878+0000] {dag.py:3096} INFO - Sync 1 DAGs
[2024-06-03T12:12:01.903+0000] {logging_mixin.py:188} INFO - [2024-06-03T12:12:01.903+0000] {dag.py:3954} INFO - Setting next_dagrun for example_nested_branch_dag to 2024-06-02 00:00:00+00:00, run_after=2024-06-03 00:00:00+00:00
[2024-06-03T12:12:01.923+0000] {processor.py:183} INFO - Processing /home/airflow/.local/lib/python3.12/site-packages/airflow/example_dags/example_nested_branch_dag.py took 0.093 seconds
[2024-06-03T12:12:32.479+0000] {processor.py:161} INFO - Started process (PID=1117) to work on /home/airflow/.local/lib/python3.12/site-packages/airflow/example_dags/example_nested_branch_dag.py
[2024-06-03T12:12:32.480+0000] {processor.py:830} INFO - Processing file /home/airflow/.local/lib/python3.12/site-packages/airflow/example_dags/example_nested_branch_dag.py for tasks to queue
[2024-06-03T12:12:32.483+0000] {logging_mixin.py:188} INFO - [2024-06-03T12:12:32.482+0000] {dagbag.py:545} INFO - Filling up the DagBag from /home/airflow/.local/lib/python3.12/site-packages/airflow/example_dags/example_nested_branch_dag.py
[2024-06-03T12:12:32.492+0000] {processor.py:840} INFO - DAG(s) 'example_nested_branch_dag' retrieved from /home/airflow/.local/lib/python3.12/site-packages/airflow/example_dags/example_nested_branch_dag.py
[2024-06-03T12:12:32.512+0000] {logging_mixin.py:188} INFO - [2024-06-03T12:12:32.512+0000] {dag.py:3096} INFO - Sync 1 DAGs
[2024-06-03T12:12:32.533+0000] {logging_mixin.py:188} INFO - [2024-06-03T12:12:32.532+0000] {dag.py:3954} INFO - Setting next_dagrun for example_nested_branch_dag to 2024-06-02 00:00:00+00:00, run_after=2024-06-03 00:00:00+00:00
[2024-06-03T12:12:32.551+0000] {processor.py:183} INFO - Processing /home/airflow/.local/lib/python3.12/site-packages/airflow/example_dags/example_nested_branch_dag.py took 0.077 seconds
[2024-06-03T12:13:02.637+0000] {processor.py:161} INFO - Started process (PID=1175) to work on /home/airflow/.local/lib/python3.12/site-packages/airflow/example_dags/example_nested_branch_dag.py
[2024-06-03T12:13:02.638+0000] {processor.py:830} INFO - Processing file /home/airflow/.local/lib/python3.12/site-packages/airflow/example_dags/example_nested_branch_dag.py for tasks to queue
[2024-06-03T12:13:02.641+0000] {logging_mixin.py:188} INFO - [2024-06-03T12:13:02.640+0000] {dagbag.py:545} INFO - Filling up the DagBag from /home/airflow/.local/lib/python3.12/site-packages/airflow/example_dags/example_nested_branch_dag.py
[2024-06-03T12:13:02.650+0000] {processor.py:840} INFO - DAG(s) 'example_nested_branch_dag' retrieved from /home/airflow/.local/lib/python3.12/site-packages/airflow/example_dags/example_nested_branch_dag.py
[2024-06-03T12:13:02.669+0000] {logging_mixin.py:188} INFO - [2024-06-03T12:13:02.669+0000] {dag.py:3096} INFO - Sync 1 DAGs
[2024-06-03T12:13:02.689+0000] {logging_mixin.py:188} INFO - [2024-06-03T12:13:02.689+0000] {dag.py:3954} INFO - Setting next_dagrun for example_nested_branch_dag to 2024-06-02 00:00:00+00:00, run_after=2024-06-03 00:00:00+00:00
[2024-06-03T12:13:02.706+0000] {processor.py:183} INFO - Processing /home/airflow/.local/lib/python3.12/site-packages/airflow/example_dags/example_nested_branch_dag.py took 0.076 seconds
[2024-06-03T12:13:33.034+0000] {processor.py:161} INFO - Started process (PID=1233) to work on /home/airflow/.local/lib/python3.12/site-packages/airflow/example_dags/example_nested_branch_dag.py
[2024-06-03T12:13:33.036+0000] {processor.py:830} INFO - Processing file /home/airflow/.local/lib/python3.12/site-packages/airflow/example_dags/example_nested_branch_dag.py for tasks to queue
[2024-06-03T12:13:33.038+0000] {logging_mixin.py:188} INFO - [2024-06-03T12:13:33.038+0000] {dagbag.py:545} INFO - Filling up the DagBag from /home/airflow/.local/lib/python3.12/site-packages/airflow/example_dags/example_nested_branch_dag.py
[2024-06-03T12:13:33.049+0000] {processor.py:840} INFO - DAG(s) 'example_nested_branch_dag' retrieved from /home/airflow/.local/lib/python3.12/site-packages/airflow/example_dags/example_nested_branch_dag.py
[2024-06-03T12:13:33.075+0000] {logging_mixin.py:188} INFO - [2024-06-03T12:13:33.075+0000] {dag.py:3096} INFO - Sync 1 DAGs
[2024-06-03T12:13:33.102+0000] {logging_mixin.py:188} INFO - [2024-06-03T12:13:33.102+0000] {dag.py:3954} INFO - Setting next_dagrun for example_nested_branch_dag to 2024-06-02 00:00:00+00:00, run_after=2024-06-03 00:00:00+00:00
[2024-06-03T12:13:33.123+0000] {processor.py:183} INFO - Processing /home/airflow/.local/lib/python3.12/site-packages/airflow/example_dags/example_nested_branch_dag.py took 0.095 seconds
[2024-06-03T12:14:03.375+0000] {processor.py:161} INFO - Started process (PID=1291) to work on /home/airflow/.local/lib/python3.12/site-packages/airflow/example_dags/example_nested_branch_dag.py
[2024-06-03T12:14:03.376+0000] {processor.py:830} INFO - Processing file /home/airflow/.local/lib/python3.12/site-packages/airflow/example_dags/example_nested_branch_dag.py for tasks to queue
[2024-06-03T12:14:03.378+0000] {logging_mixin.py:188} INFO - [2024-06-03T12:14:03.378+0000] {dagbag.py:545} INFO - Filling up the DagBag from /home/airflow/.local/lib/python3.12/site-packages/airflow/example_dags/example_nested_branch_dag.py
[2024-06-03T12:14:03.388+0000] {processor.py:840} INFO - DAG(s) 'example_nested_branch_dag' retrieved from /home/airflow/.local/lib/python3.12/site-packages/airflow/example_dags/example_nested_branch_dag.py
[2024-06-03T12:14:03.412+0000] {logging_mixin.py:188} INFO - [2024-06-03T12:14:03.412+0000] {dag.py:3096} INFO - Sync 1 DAGs
[2024-06-03T12:14:03.436+0000] {logging_mixin.py:188} INFO - [2024-06-03T12:14:03.436+0000] {dag.py:3954} INFO - Setting next_dagrun for example_nested_branch_dag to 2024-06-02 00:00:00+00:00, run_after=2024-06-03 00:00:00+00:00
[2024-06-03T12:14:03.458+0000] {processor.py:183} INFO - Processing /home/airflow/.local/lib/python3.12/site-packages/airflow/example_dags/example_nested_branch_dag.py took 0.089 seconds
[2024-06-03T12:14:33.902+0000] {processor.py:161} INFO - Started process (PID=1349) to work on /home/airflow/.local/lib/python3.12/site-packages/airflow/example_dags/example_nested_branch_dag.py
[2024-06-03T12:14:33.903+0000] {processor.py:830} INFO - Processing file /home/airflow/.local/lib/python3.12/site-packages/airflow/example_dags/example_nested_branch_dag.py for tasks to queue
[2024-06-03T12:14:33.905+0000] {logging_mixin.py:188} INFO - [2024-06-03T12:14:33.905+0000] {dagbag.py:545} INFO - Filling up the DagBag from /home/airflow/.local/lib/python3.12/site-packages/airflow/example_dags/example_nested_branch_dag.py
[2024-06-03T12:14:33.915+0000] {processor.py:840} INFO - DAG(s) 'example_nested_branch_dag' retrieved from /home/airflow/.local/lib/python3.12/site-packages/airflow/example_dags/example_nested_branch_dag.py
[2024-06-03T12:14:33.936+0000] {logging_mixin.py:188} INFO - [2024-06-03T12:14:33.935+0000] {dag.py:3096} INFO - Sync 1 DAGs
[2024-06-03T12:14:33.957+0000] {logging_mixin.py:188} INFO - [2024-06-03T12:14:33.957+0000] {dag.py:3954} INFO - Setting next_dagrun for example_nested_branch_dag to 2024-06-02 00:00:00+00:00, run_after=2024-06-03 00:00:00+00:00
[2024-06-03T12:14:33.976+0000] {processor.py:183} INFO - Processing /home/airflow/.local/lib/python3.12/site-packages/airflow/example_dags/example_nested_branch_dag.py took 0.079 seconds
[2024-06-03T12:15:04.799+0000] {processor.py:161} INFO - Started process (PID=1407) to work on /home/airflow/.local/lib/python3.12/site-packages/airflow/example_dags/example_nested_branch_dag.py
[2024-06-03T12:15:04.800+0000] {processor.py:830} INFO - Processing file /home/airflow/.local/lib/python3.12/site-packages/airflow/example_dags/example_nested_branch_dag.py for tasks to queue
[2024-06-03T12:15:04.802+0000] {logging_mixin.py:188} INFO - [2024-06-03T12:15:04.802+0000] {dagbag.py:545} INFO - Filling up the DagBag from /home/airflow/.local/lib/python3.12/site-packages/airflow/example_dags/example_nested_branch_dag.py
[2024-06-03T12:15:04.814+0000] {processor.py:840} INFO - DAG(s) 'example_nested_branch_dag' retrieved from /home/airflow/.local/lib/python3.12/site-packages/airflow/example_dags/example_nested_branch_dag.py
[2024-06-03T12:15:04.837+0000] {logging_mixin.py:188} INFO - [2024-06-03T12:15:04.837+0000] {dag.py:3096} INFO - Sync 1 DAGs
[2024-06-03T12:15:04.861+0000] {logging_mixin.py:188} INFO - [2024-06-03T12:15:04.860+0000] {dag.py:3954} INFO - Setting next_dagrun for example_nested_branch_dag to 2024-06-02 00:00:00+00:00, run_after=2024-06-03 00:00:00+00:00
[2024-06-03T12:15:04.882+0000] {processor.py:183} INFO - Processing /home/airflow/.local/lib/python3.12/site-packages/airflow/example_dags/example_nested_branch_dag.py took 0.089 seconds
[2024-06-03T12:15:35.232+0000] {processor.py:161} INFO - Started process (PID=1465) to work on /home/airflow/.local/lib/python3.12/site-packages/airflow/example_dags/example_nested_branch_dag.py
[2024-06-03T12:15:35.234+0000] {processor.py:830} INFO - Processing file /home/airflow/.local/lib/python3.12/site-packages/airflow/example_dags/example_nested_branch_dag.py for tasks to queue
[2024-06-03T12:15:35.236+0000] {logging_mixin.py:188} INFO - [2024-06-03T12:15:35.235+0000] {dagbag.py:545} INFO - Filling up the DagBag from /home/airflow/.local/lib/python3.12/site-packages/airflow/example_dags/example_nested_branch_dag.py
[2024-06-03T12:15:35.246+0000] {processor.py:840} INFO - DAG(s) 'example_nested_branch_dag' retrieved from /home/airflow/.local/lib/python3.12/site-packages/airflow/example_dags/example_nested_branch_dag.py
[2024-06-03T12:15:35.267+0000] {logging_mixin.py:188} INFO - [2024-06-03T12:15:35.267+0000] {dag.py:3096} INFO - Sync 1 DAGs
[2024-06-03T12:15:35.291+0000] {logging_mixin.py:188} INFO - [2024-06-03T12:15:35.291+0000] {dag.py:3954} INFO - Setting next_dagrun for example_nested_branch_dag to 2024-06-02 00:00:00+00:00, run_after=2024-06-03 00:00:00+00:00
[2024-06-03T12:15:35.312+0000] {processor.py:183} INFO - Processing /home/airflow/.local/lib/python3.12/site-packages/airflow/example_dags/example_nested_branch_dag.py took 0.087 seconds
[2024-06-03T12:16:05.630+0000] {processor.py:161} INFO - Started process (PID=1523) to work on /home/airflow/.local/lib/python3.12/site-packages/airflow/example_dags/example_nested_branch_dag.py
[2024-06-03T12:16:05.631+0000] {processor.py:830} INFO - Processing file /home/airflow/.local/lib/python3.12/site-packages/airflow/example_dags/example_nested_branch_dag.py for tasks to queue
[2024-06-03T12:16:05.633+0000] {logging_mixin.py:188} INFO - [2024-06-03T12:16:05.633+0000] {dagbag.py:545} INFO - Filling up the DagBag from /home/airflow/.local/lib/python3.12/site-packages/airflow/example_dags/example_nested_branch_dag.py
[2024-06-03T12:16:05.642+0000] {processor.py:840} INFO - DAG(s) 'example_nested_branch_dag' retrieved from /home/airflow/.local/lib/python3.12/site-packages/airflow/example_dags/example_nested_branch_dag.py
[2024-06-03T12:16:05.662+0000] {logging_mixin.py:188} INFO - [2024-06-03T12:16:05.662+0000] {dag.py:3096} INFO - Sync 1 DAGs
[2024-06-03T12:16:05.685+0000] {logging_mixin.py:188} INFO - [2024-06-03T12:16:05.684+0000] {dag.py:3954} INFO - Setting next_dagrun for example_nested_branch_dag to 2024-06-02 00:00:00+00:00, run_after=2024-06-03 00:00:00+00:00
[2024-06-03T12:16:05.708+0000] {processor.py:183} INFO - Processing /home/airflow/.local/lib/python3.12/site-packages/airflow/example_dags/example_nested_branch_dag.py took 0.084 seconds
[2024-06-03T12:16:36.395+0000] {processor.py:161} INFO - Started process (PID=1581) to work on /home/airflow/.local/lib/python3.12/site-packages/airflow/example_dags/example_nested_branch_dag.py
[2024-06-03T12:16:36.397+0000] {processor.py:830} INFO - Processing file /home/airflow/.local/lib/python3.12/site-packages/airflow/example_dags/example_nested_branch_dag.py for tasks to queue
[2024-06-03T12:16:36.399+0000] {logging_mixin.py:188} INFO - [2024-06-03T12:16:36.398+0000] {dagbag.py:545} INFO - Filling up the DagBag from /home/airflow/.local/lib/python3.12/site-packages/airflow/example_dags/example_nested_branch_dag.py
[2024-06-03T12:16:36.410+0000] {processor.py:840} INFO - DAG(s) 'example_nested_branch_dag' retrieved from /home/airflow/.local/lib/python3.12/site-packages/airflow/example_dags/example_nested_branch_dag.py
[2024-06-03T12:16:36.431+0000] {logging_mixin.py:188} INFO - [2024-06-03T12:16:36.431+0000] {dag.py:3096} INFO - Sync 1 DAGs
[2024-06-03T12:16:36.454+0000] {logging_mixin.py:188} INFO - [2024-06-03T12:16:36.454+0000] {dag.py:3954} INFO - Setting next_dagrun for example_nested_branch_dag to 2024-06-02 00:00:00+00:00, run_after=2024-06-03 00:00:00+00:00
[2024-06-03T12:16:36.476+0000] {processor.py:183} INFO - Processing /home/airflow/.local/lib/python3.12/site-packages/airflow/example_dags/example_nested_branch_dag.py took 0.087 seconds
[2024-06-03T12:17:07.415+0000] {processor.py:161} INFO - Started process (PID=1639) to work on /home/airflow/.local/lib/python3.12/site-packages/airflow/example_dags/example_nested_branch_dag.py
[2024-06-03T12:17:07.417+0000] {processor.py:830} INFO - Processing file /home/airflow/.local/lib/python3.12/site-packages/airflow/example_dags/example_nested_branch_dag.py for tasks to queue
[2024-06-03T12:17:07.419+0000] {logging_mixin.py:188} INFO - [2024-06-03T12:17:07.419+0000] {dagbag.py:545} INFO - Filling up the DagBag from /home/airflow/.local/lib/python3.12/site-packages/airflow/example_dags/example_nested_branch_dag.py
[2024-06-03T12:17:07.429+0000] {processor.py:840} INFO - DAG(s) 'example_nested_branch_dag' retrieved from /home/airflow/.local/lib/python3.12/site-packages/airflow/example_dags/example_nested_branch_dag.py
[2024-06-03T12:17:07.448+0000] {logging_mixin.py:188} INFO - [2024-06-03T12:17:07.448+0000] {dag.py:3096} INFO - Sync 1 DAGs
[2024-06-03T12:17:07.470+0000] {logging_mixin.py:188} INFO - [2024-06-03T12:17:07.469+0000] {dag.py:3954} INFO - Setting next_dagrun for example_nested_branch_dag to 2024-06-02 00:00:00+00:00, run_after=2024-06-03 00:00:00+00:00
[2024-06-03T12:17:07.488+0000] {processor.py:183} INFO - Processing /home/airflow/.local/lib/python3.12/site-packages/airflow/example_dags/example_nested_branch_dag.py took 0.078 seconds
[2024-06-03T12:17:38.145+0000] {processor.py:161} INFO - Started process (PID=1697) to work on /home/airflow/.local/lib/python3.12/site-packages/airflow/example_dags/example_nested_branch_dag.py
[2024-06-03T12:17:38.146+0000] {processor.py:830} INFO - Processing file /home/airflow/.local/lib/python3.12/site-packages/airflow/example_dags/example_nested_branch_dag.py for tasks to queue
[2024-06-03T12:17:38.148+0000] {logging_mixin.py:188} INFO - [2024-06-03T12:17:38.148+0000] {dagbag.py:545} INFO - Filling up the DagBag from /home/airflow/.local/lib/python3.12/site-packages/airflow/example_dags/example_nested_branch_dag.py
[2024-06-03T12:17:38.159+0000] {processor.py:840} INFO - DAG(s) 'example_nested_branch_dag' retrieved from /home/airflow/.local/lib/python3.12/site-packages/airflow/example_dags/example_nested_branch_dag.py
[2024-06-03T12:17:38.183+0000] {logging_mixin.py:188} INFO - [2024-06-03T12:17:38.183+0000] {dag.py:3096} INFO - Sync 1 DAGs
[2024-06-03T12:17:38.209+0000] {logging_mixin.py:188} INFO - [2024-06-03T12:17:38.208+0000] {dag.py:3954} INFO - Setting next_dagrun for example_nested_branch_dag to 2024-06-02 00:00:00+00:00, run_after=2024-06-03 00:00:00+00:00
[2024-06-03T12:17:38.227+0000] {processor.py:183} INFO - Processing /home/airflow/.local/lib/python3.12/site-packages/airflow/example_dags/example_nested_branch_dag.py took 0.089 seconds
[2024-06-03T12:18:08.489+0000] {processor.py:161} INFO - Started process (PID=1755) to work on /home/airflow/.local/lib/python3.12/site-packages/airflow/example_dags/example_nested_branch_dag.py
[2024-06-03T12:18:08.490+0000] {processor.py:830} INFO - Processing file /home/airflow/.local/lib/python3.12/site-packages/airflow/example_dags/example_nested_branch_dag.py for tasks to queue
[2024-06-03T12:18:08.493+0000] {logging_mixin.py:188} INFO - [2024-06-03T12:18:08.492+0000] {dagbag.py:545} INFO - Filling up the DagBag from /home/airflow/.local/lib/python3.12/site-packages/airflow/example_dags/example_nested_branch_dag.py
[2024-06-03T12:18:08.502+0000] {processor.py:840} INFO - DAG(s) 'example_nested_branch_dag' retrieved from /home/airflow/.local/lib/python3.12/site-packages/airflow/example_dags/example_nested_branch_dag.py
[2024-06-03T12:18:08.627+0000] {logging_mixin.py:188} INFO - [2024-06-03T12:18:08.627+0000] {dag.py:3096} INFO - Sync 1 DAGs
[2024-06-03T12:18:08.645+0000] {logging_mixin.py:188} INFO - [2024-06-03T12:18:08.644+0000] {dag.py:3954} INFO - Setting next_dagrun for example_nested_branch_dag to 2024-06-02 00:00:00+00:00, run_after=2024-06-03 00:00:00+00:00
[2024-06-03T12:18:08.662+0000] {processor.py:183} INFO - Processing /home/airflow/.local/lib/python3.12/site-packages/airflow/example_dags/example_nested_branch_dag.py took 0.178 seconds
[2024-06-03T12:18:39.595+0000] {processor.py:161} INFO - Started process (PID=1813) to work on /home/airflow/.local/lib/python3.12/site-packages/airflow/example_dags/example_nested_branch_dag.py
[2024-06-03T12:18:39.596+0000] {processor.py:830} INFO - Processing file /home/airflow/.local/lib/python3.12/site-packages/airflow/example_dags/example_nested_branch_dag.py for tasks to queue
[2024-06-03T12:18:39.598+0000] {logging_mixin.py:188} INFO - [2024-06-03T12:18:39.598+0000] {dagbag.py:545} INFO - Filling up the DagBag from /home/airflow/.local/lib/python3.12/site-packages/airflow/example_dags/example_nested_branch_dag.py
[2024-06-03T12:18:39.607+0000] {processor.py:840} INFO - DAG(s) 'example_nested_branch_dag' retrieved from /home/airflow/.local/lib/python3.12/site-packages/airflow/example_dags/example_nested_branch_dag.py
[2024-06-03T12:18:39.627+0000] {logging_mixin.py:188} INFO - [2024-06-03T12:18:39.627+0000] {dag.py:3096} INFO - Sync 1 DAGs
[2024-06-03T12:18:39.646+0000] {logging_mixin.py:188} INFO - [2024-06-03T12:18:39.646+0000] {dag.py:3954} INFO - Setting next_dagrun for example_nested_branch_dag to 2024-06-02 00:00:00+00:00, run_after=2024-06-03 00:00:00+00:00
[2024-06-03T12:18:39.665+0000] {processor.py:183} INFO - Processing /home/airflow/.local/lib/python3.12/site-packages/airflow/example_dags/example_nested_branch_dag.py took 0.076 seconds
[2024-06-03T12:19:09.734+0000] {processor.py:161} INFO - Started process (PID=1871) to work on /home/airflow/.local/lib/python3.12/site-packages/airflow/example_dags/example_nested_branch_dag.py
[2024-06-03T12:19:09.735+0000] {processor.py:830} INFO - Processing file /home/airflow/.local/lib/python3.12/site-packages/airflow/example_dags/example_nested_branch_dag.py for tasks to queue
[2024-06-03T12:19:09.737+0000] {logging_mixin.py:188} INFO - [2024-06-03T12:19:09.737+0000] {dagbag.py:545} INFO - Filling up the DagBag from /home/airflow/.local/lib/python3.12/site-packages/airflow/example_dags/example_nested_branch_dag.py
[2024-06-03T12:19:09.747+0000] {processor.py:840} INFO - DAG(s) 'example_nested_branch_dag' retrieved from /home/airflow/.local/lib/python3.12/site-packages/airflow/example_dags/example_nested_branch_dag.py
[2024-06-03T12:19:09.765+0000] {logging_mixin.py:188} INFO - [2024-06-03T12:19:09.765+0000] {dag.py:3096} INFO - Sync 1 DAGs
[2024-06-03T12:19:09.786+0000] {logging_mixin.py:188} INFO - [2024-06-03T12:19:09.785+0000] {dag.py:3954} INFO - Setting next_dagrun for example_nested_branch_dag to 2024-06-02 00:00:00+00:00, run_after=2024-06-03 00:00:00+00:00
[2024-06-03T12:19:09.804+0000] {processor.py:183} INFO - Processing /home/airflow/.local/lib/python3.12/site-packages/airflow/example_dags/example_nested_branch_dag.py took 0.075 seconds
[2024-06-03T12:19:39.895+0000] {processor.py:161} INFO - Started process (PID=1928) to work on /home/airflow/.local/lib/python3.12/site-packages/airflow/example_dags/example_nested_branch_dag.py
[2024-06-03T12:19:39.896+0000] {processor.py:830} INFO - Processing file /home/airflow/.local/lib/python3.12/site-packages/airflow/example_dags/example_nested_branch_dag.py for tasks to queue
[2024-06-03T12:19:39.898+0000] {logging_mixin.py:188} INFO - [2024-06-03T12:19:39.898+0000] {dagbag.py:545} INFO - Filling up the DagBag from /home/airflow/.local/lib/python3.12/site-packages/airflow/example_dags/example_nested_branch_dag.py
[2024-06-03T12:19:39.907+0000] {processor.py:840} INFO - DAG(s) 'example_nested_branch_dag' retrieved from /home/airflow/.local/lib/python3.12/site-packages/airflow/example_dags/example_nested_branch_dag.py
[2024-06-03T12:19:39.929+0000] {logging_mixin.py:188} INFO - [2024-06-03T12:19:39.929+0000] {dag.py:3096} INFO - Sync 1 DAGs
[2024-06-03T12:19:39.952+0000] {logging_mixin.py:188} INFO - [2024-06-03T12:19:39.952+0000] {dag.py:3954} INFO - Setting next_dagrun for example_nested_branch_dag to 2024-06-02 00:00:00+00:00, run_after=2024-06-03 00:00:00+00:00
[2024-06-03T12:19:39.971+0000] {processor.py:183} INFO - Processing /home/airflow/.local/lib/python3.12/site-packages/airflow/example_dags/example_nested_branch_dag.py took 0.083 seconds
[2024-06-03T12:20:10.897+0000] {processor.py:161} INFO - Started process (PID=1987) to work on /home/airflow/.local/lib/python3.12/site-packages/airflow/example_dags/example_nested_branch_dag.py
[2024-06-03T12:20:10.898+0000] {processor.py:830} INFO - Processing file /home/airflow/.local/lib/python3.12/site-packages/airflow/example_dags/example_nested_branch_dag.py for tasks to queue
[2024-06-03T12:20:10.901+0000] {logging_mixin.py:188} INFO - [2024-06-03T12:20:10.901+0000] {dagbag.py:545} INFO - Filling up the DagBag from /home/airflow/.local/lib/python3.12/site-packages/airflow/example_dags/example_nested_branch_dag.py
[2024-06-03T12:20:10.910+0000] {processor.py:840} INFO - DAG(s) 'example_nested_branch_dag' retrieved from /home/airflow/.local/lib/python3.12/site-packages/airflow/example_dags/example_nested_branch_dag.py
[2024-06-03T12:20:10.931+0000] {logging_mixin.py:188} INFO - [2024-06-03T12:20:10.930+0000] {dag.py:3096} INFO - Sync 1 DAGs
[2024-06-03T12:20:10.952+0000] {logging_mixin.py:188} INFO - [2024-06-03T12:20:10.951+0000] {dag.py:3954} INFO - Setting next_dagrun for example_nested_branch_dag to 2024-06-02 00:00:00+00:00, run_after=2024-06-03 00:00:00+00:00
[2024-06-03T12:20:10.969+0000] {processor.py:183} INFO - Processing /home/airflow/.local/lib/python3.12/site-packages/airflow/example_dags/example_nested_branch_dag.py took 0.078 seconds
[2024-06-03T12:20:41.272+0000] {processor.py:161} INFO - Started process (PID=2045) to work on /home/airflow/.local/lib/python3.12/site-packages/airflow/example_dags/example_nested_branch_dag.py
[2024-06-03T12:20:41.273+0000] {processor.py:830} INFO - Processing file /home/airflow/.local/lib/python3.12/site-packages/airflow/example_dags/example_nested_branch_dag.py for tasks to queue
[2024-06-03T12:20:41.276+0000] {logging_mixin.py:188} INFO - [2024-06-03T12:20:41.275+0000] {dagbag.py:545} INFO - Filling up the DagBag from /home/airflow/.local/lib/python3.12/site-packages/airflow/example_dags/example_nested_branch_dag.py
[2024-06-03T12:20:41.284+0000] {processor.py:840} INFO - DAG(s) 'example_nested_branch_dag' retrieved from /home/airflow/.local/lib/python3.12/site-packages/airflow/example_dags/example_nested_branch_dag.py
[2024-06-03T12:20:41.302+0000] {logging_mixin.py:188} INFO - [2024-06-03T12:20:41.302+0000] {dag.py:3096} INFO - Sync 1 DAGs
[2024-06-03T12:20:41.321+0000] {logging_mixin.py:188} INFO - [2024-06-03T12:20:41.321+0000] {dag.py:3954} INFO - Setting next_dagrun for example_nested_branch_dag to 2024-06-02 00:00:00+00:00, run_after=2024-06-03 00:00:00+00:00
[2024-06-03T12:20:41.338+0000] {processor.py:183} INFO - Processing /home/airflow/.local/lib/python3.12/site-packages/airflow/example_dags/example_nested_branch_dag.py took 0.071 seconds
[2024-06-03T12:21:11.590+0000] {processor.py:161} INFO - Started process (PID=2103) to work on /home/airflow/.local/lib/python3.12/site-packages/airflow/example_dags/example_nested_branch_dag.py
[2024-06-03T12:21:11.592+0000] {processor.py:830} INFO - Processing file /home/airflow/.local/lib/python3.12/site-packages/airflow/example_dags/example_nested_branch_dag.py for tasks to queue
[2024-06-03T12:21:11.595+0000] {logging_mixin.py:188} INFO - [2024-06-03T12:21:11.595+0000] {dagbag.py:545} INFO - Filling up the DagBag from /home/airflow/.local/lib/python3.12/site-packages/airflow/example_dags/example_nested_branch_dag.py
[2024-06-03T12:21:11.604+0000] {processor.py:840} INFO - DAG(s) 'example_nested_branch_dag' retrieved from /home/airflow/.local/lib/python3.12/site-packages/airflow/example_dags/example_nested_branch_dag.py
[2024-06-03T12:21:11.622+0000] {logging_mixin.py:188} INFO - [2024-06-03T12:21:11.622+0000] {dag.py:3096} INFO - Sync 1 DAGs
[2024-06-03T12:21:11.643+0000] {logging_mixin.py:188} INFO - [2024-06-03T12:21:11.642+0000] {dag.py:3954} INFO - Setting next_dagrun for example_nested_branch_dag to 2024-06-02 00:00:00+00:00, run_after=2024-06-03 00:00:00+00:00
[2024-06-03T12:21:11.662+0000] {processor.py:183} INFO - Processing /home/airflow/.local/lib/python3.12/site-packages/airflow/example_dags/example_nested_branch_dag.py took 0.076 seconds
[2024-06-03T12:21:41.842+0000] {processor.py:161} INFO - Started process (PID=2161) to work on /home/airflow/.local/lib/python3.12/site-packages/airflow/example_dags/example_nested_branch_dag.py
[2024-06-03T12:21:41.843+0000] {processor.py:830} INFO - Processing file /home/airflow/.local/lib/python3.12/site-packages/airflow/example_dags/example_nested_branch_dag.py for tasks to queue
[2024-06-03T12:21:41.846+0000] {logging_mixin.py:188} INFO - [2024-06-03T12:21:41.845+0000] {dagbag.py:545} INFO - Filling up the DagBag from /home/airflow/.local/lib/python3.12/site-packages/airflow/example_dags/example_nested_branch_dag.py
[2024-06-03T12:21:41.856+0000] {processor.py:840} INFO - DAG(s) 'example_nested_branch_dag' retrieved from /home/airflow/.local/lib/python3.12/site-packages/airflow/example_dags/example_nested_branch_dag.py
[2024-06-03T12:21:41.875+0000] {logging_mixin.py:188} INFO - [2024-06-03T12:21:41.875+0000] {dag.py:3096} INFO - Sync 1 DAGs
[2024-06-03T12:21:41.896+0000] {logging_mixin.py:188} INFO - [2024-06-03T12:21:41.896+0000] {dag.py:3954} INFO - Setting next_dagrun for example_nested_branch_dag to 2024-06-02 00:00:00+00:00, run_after=2024-06-03 00:00:00+00:00
[2024-06-03T12:21:41.913+0000] {processor.py:183} INFO - Processing /home/airflow/.local/lib/python3.12/site-packages/airflow/example_dags/example_nested_branch_dag.py took 0.076 seconds
[2024-06-03T12:22:12.567+0000] {processor.py:161} INFO - Started process (PID=2219) to work on /home/airflow/.local/lib/python3.12/site-packages/airflow/example_dags/example_nested_branch_dag.py
[2024-06-03T12:22:12.569+0000] {processor.py:830} INFO - Processing file /home/airflow/.local/lib/python3.12/site-packages/airflow/example_dags/example_nested_branch_dag.py for tasks to queue
[2024-06-03T12:22:12.571+0000] {logging_mixin.py:188} INFO - [2024-06-03T12:22:12.570+0000] {dagbag.py:545} INFO - Filling up the DagBag from /home/airflow/.local/lib/python3.12/site-packages/airflow/example_dags/example_nested_branch_dag.py
[2024-06-03T12:22:12.581+0000] {processor.py:840} INFO - DAG(s) 'example_nested_branch_dag' retrieved from /home/airflow/.local/lib/python3.12/site-packages/airflow/example_dags/example_nested_branch_dag.py
[2024-06-03T12:22:12.601+0000] {logging_mixin.py:188} INFO - [2024-06-03T12:22:12.601+0000] {dag.py:3096} INFO - Sync 1 DAGs
[2024-06-03T12:22:12.623+0000] {logging_mixin.py:188} INFO - [2024-06-03T12:22:12.622+0000] {dag.py:3954} INFO - Setting next_dagrun for example_nested_branch_dag to 2024-06-02 00:00:00+00:00, run_after=2024-06-03 00:00:00+00:00
[2024-06-03T12:22:12.640+0000] {processor.py:183} INFO - Processing /home/airflow/.local/lib/python3.12/site-packages/airflow/example_dags/example_nested_branch_dag.py took 0.078 seconds
[2024-06-03T12:22:42.749+0000] {processor.py:161} INFO - Started process (PID=2277) to work on /home/airflow/.local/lib/python3.12/site-packages/airflow/example_dags/example_nested_branch_dag.py
[2024-06-03T12:22:42.751+0000] {processor.py:830} INFO - Processing file /home/airflow/.local/lib/python3.12/site-packages/airflow/example_dags/example_nested_branch_dag.py for tasks to queue
[2024-06-03T12:22:42.757+0000] {logging_mixin.py:188} INFO - [2024-06-03T12:22:42.756+0000] {dagbag.py:545} INFO - Filling up the DagBag from /home/airflow/.local/lib/python3.12/site-packages/airflow/example_dags/example_nested_branch_dag.py
[2024-06-03T12:22:42.780+0000] {processor.py:840} INFO - DAG(s) 'example_nested_branch_dag' retrieved from /home/airflow/.local/lib/python3.12/site-packages/airflow/example_dags/example_nested_branch_dag.py
[2024-06-03T12:22:42.811+0000] {logging_mixin.py:188} INFO - [2024-06-03T12:22:42.811+0000] {dag.py:3096} INFO - Sync 1 DAGs
[2024-06-03T12:22:42.835+0000] {logging_mixin.py:188} INFO - [2024-06-03T12:22:42.835+0000] {dag.py:3954} INFO - Setting next_dagrun for example_nested_branch_dag to 2024-06-02 00:00:00+00:00, run_after=2024-06-03 00:00:00+00:00
[2024-06-03T12:22:42.857+0000] {processor.py:183} INFO - Processing /home/airflow/.local/lib/python3.12/site-packages/airflow/example_dags/example_nested_branch_dag.py took 0.117 seconds
[2024-06-03T12:23:13.290+0000] {processor.py:161} INFO - Started process (PID=2335) to work on /home/airflow/.local/lib/python3.12/site-packages/airflow/example_dags/example_nested_branch_dag.py
[2024-06-03T12:23:13.292+0000] {processor.py:830} INFO - Processing file /home/airflow/.local/lib/python3.12/site-packages/airflow/example_dags/example_nested_branch_dag.py for tasks to queue
[2024-06-03T12:23:13.294+0000] {logging_mixin.py:188} INFO - [2024-06-03T12:23:13.294+0000] {dagbag.py:545} INFO - Filling up the DagBag from /home/airflow/.local/lib/python3.12/site-packages/airflow/example_dags/example_nested_branch_dag.py
[2024-06-03T12:23:13.307+0000] {processor.py:840} INFO - DAG(s) 'example_nested_branch_dag' retrieved from /home/airflow/.local/lib/python3.12/site-packages/airflow/example_dags/example_nested_branch_dag.py
[2024-06-03T12:23:13.328+0000] {logging_mixin.py:188} INFO - [2024-06-03T12:23:13.328+0000] {dag.py:3096} INFO - Sync 1 DAGs
[2024-06-03T12:23:13.352+0000] {logging_mixin.py:188} INFO - [2024-06-03T12:23:13.352+0000] {dag.py:3954} INFO - Setting next_dagrun for example_nested_branch_dag to 2024-06-02 00:00:00+00:00, run_after=2024-06-03 00:00:00+00:00
[2024-06-03T12:23:13.377+0000] {processor.py:183} INFO - Processing /home/airflow/.local/lib/python3.12/site-packages/airflow/example_dags/example_nested_branch_dag.py took 0.093 seconds
[2024-06-03T12:23:43.468+0000] {processor.py:161} INFO - Started process (PID=2393) to work on /home/airflow/.local/lib/python3.12/site-packages/airflow/example_dags/example_nested_branch_dag.py
[2024-06-03T12:23:43.470+0000] {processor.py:830} INFO - Processing file /home/airflow/.local/lib/python3.12/site-packages/airflow/example_dags/example_nested_branch_dag.py for tasks to queue
[2024-06-03T12:23:43.473+0000] {logging_mixin.py:188} INFO - [2024-06-03T12:23:43.473+0000] {dagbag.py:545} INFO - Filling up the DagBag from /home/airflow/.local/lib/python3.12/site-packages/airflow/example_dags/example_nested_branch_dag.py
[2024-06-03T12:23:43.494+0000] {processor.py:840} INFO - DAG(s) 'example_nested_branch_dag' retrieved from /home/airflow/.local/lib/python3.12/site-packages/airflow/example_dags/example_nested_branch_dag.py
[2024-06-03T12:23:43.517+0000] {logging_mixin.py:188} INFO - [2024-06-03T12:23:43.516+0000] {dag.py:3096} INFO - Sync 1 DAGs
[2024-06-03T12:23:43.539+0000] {logging_mixin.py:188} INFO - [2024-06-03T12:23:43.539+0000] {dag.py:3954} INFO - Setting next_dagrun for example_nested_branch_dag to 2024-06-02 00:00:00+00:00, run_after=2024-06-03 00:00:00+00:00
[2024-06-03T12:23:43.557+0000] {processor.py:183} INFO - Processing /home/airflow/.local/lib/python3.12/site-packages/airflow/example_dags/example_nested_branch_dag.py took 0.097 seconds
[2024-06-03T12:24:13.626+0000] {processor.py:161} INFO - Started process (PID=2451) to work on /home/airflow/.local/lib/python3.12/site-packages/airflow/example_dags/example_nested_branch_dag.py
[2024-06-03T12:24:13.627+0000] {processor.py:830} INFO - Processing file /home/airflow/.local/lib/python3.12/site-packages/airflow/example_dags/example_nested_branch_dag.py for tasks to queue
[2024-06-03T12:24:13.629+0000] {logging_mixin.py:188} INFO - [2024-06-03T12:24:13.629+0000] {dagbag.py:545} INFO - Filling up the DagBag from /home/airflow/.local/lib/python3.12/site-packages/airflow/example_dags/example_nested_branch_dag.py
[2024-06-03T12:24:13.638+0000] {processor.py:840} INFO - DAG(s) 'example_nested_branch_dag' retrieved from /home/airflow/.local/lib/python3.12/site-packages/airflow/example_dags/example_nested_branch_dag.py
[2024-06-03T12:24:13.657+0000] {logging_mixin.py:188} INFO - [2024-06-03T12:24:13.657+0000] {dag.py:3096} INFO - Sync 1 DAGs
[2024-06-03T12:24:13.677+0000] {logging_mixin.py:188} INFO - [2024-06-03T12:24:13.677+0000] {dag.py:3954} INFO - Setting next_dagrun for example_nested_branch_dag to 2024-06-02 00:00:00+00:00, run_after=2024-06-03 00:00:00+00:00
[2024-06-03T12:24:13.697+0000] {processor.py:183} INFO - Processing /home/airflow/.local/lib/python3.12/site-packages/airflow/example_dags/example_nested_branch_dag.py took 0.077 seconds
[2024-06-03T12:24:43.987+0000] {processor.py:161} INFO - Started process (PID=2515) to work on /home/airflow/.local/lib/python3.12/site-packages/airflow/example_dags/example_nested_branch_dag.py
[2024-06-03T12:24:43.989+0000] {processor.py:830} INFO - Processing file /home/airflow/.local/lib/python3.12/site-packages/airflow/example_dags/example_nested_branch_dag.py for tasks to queue
[2024-06-03T12:24:43.991+0000] {logging_mixin.py:188} INFO - [2024-06-03T12:24:43.991+0000] {dagbag.py:545} INFO - Filling up the DagBag from /home/airflow/.local/lib/python3.12/site-packages/airflow/example_dags/example_nested_branch_dag.py
[2024-06-03T12:24:44.000+0000] {processor.py:840} INFO - DAG(s) 'example_nested_branch_dag' retrieved from /home/airflow/.local/lib/python3.12/site-packages/airflow/example_dags/example_nested_branch_dag.py
[2024-06-03T12:24:44.020+0000] {logging_mixin.py:188} INFO - [2024-06-03T12:24:44.019+0000] {dag.py:3096} INFO - Sync 1 DAGs
[2024-06-03T12:24:44.039+0000] {logging_mixin.py:188} INFO - [2024-06-03T12:24:44.039+0000] {dag.py:3954} INFO - Setting next_dagrun for example_nested_branch_dag to 2024-06-02 00:00:00+00:00, run_after=2024-06-03 00:00:00+00:00
[2024-06-03T12:24:44.055+0000] {processor.py:183} INFO - Processing /home/airflow/.local/lib/python3.12/site-packages/airflow/example_dags/example_nested_branch_dag.py took 0.074 seconds
[2024-06-03T12:25:14.420+0000] {processor.py:161} INFO - Started process (PID=2573) to work on /home/airflow/.local/lib/python3.12/site-packages/airflow/example_dags/example_nested_branch_dag.py
[2024-06-03T12:25:14.422+0000] {processor.py:830} INFO - Processing file /home/airflow/.local/lib/python3.12/site-packages/airflow/example_dags/example_nested_branch_dag.py for tasks to queue
[2024-06-03T12:25:14.424+0000] {logging_mixin.py:188} INFO - [2024-06-03T12:25:14.423+0000] {dagbag.py:545} INFO - Filling up the DagBag from /home/airflow/.local/lib/python3.12/site-packages/airflow/example_dags/example_nested_branch_dag.py
[2024-06-03T12:25:14.433+0000] {processor.py:840} INFO - DAG(s) 'example_nested_branch_dag' retrieved from /home/airflow/.local/lib/python3.12/site-packages/airflow/example_dags/example_nested_branch_dag.py
[2024-06-03T12:25:14.452+0000] {logging_mixin.py:188} INFO - [2024-06-03T12:25:14.452+0000] {dag.py:3096} INFO - Sync 1 DAGs
[2024-06-03T12:25:14.473+0000] {logging_mixin.py:188} INFO - [2024-06-03T12:25:14.473+0000] {dag.py:3954} INFO - Setting next_dagrun for example_nested_branch_dag to 2024-06-02 00:00:00+00:00, run_after=2024-06-03 00:00:00+00:00
[2024-06-03T12:25:14.493+0000] {processor.py:183} INFO - Processing /home/airflow/.local/lib/python3.12/site-packages/airflow/example_dags/example_nested_branch_dag.py took 0.079 seconds
[2024-06-03T12:25:44.893+0000] {processor.py:161} INFO - Started process (PID=2630) to work on /home/airflow/.local/lib/python3.12/site-packages/airflow/example_dags/example_nested_branch_dag.py
[2024-06-03T12:25:44.895+0000] {processor.py:830} INFO - Processing file /home/airflow/.local/lib/python3.12/site-packages/airflow/example_dags/example_nested_branch_dag.py for tasks to queue
[2024-06-03T12:25:44.897+0000] {logging_mixin.py:188} INFO - [2024-06-03T12:25:44.897+0000] {dagbag.py:545} INFO - Filling up the DagBag from /home/airflow/.local/lib/python3.12/site-packages/airflow/example_dags/example_nested_branch_dag.py
[2024-06-03T12:25:44.908+0000] {processor.py:840} INFO - DAG(s) 'example_nested_branch_dag' retrieved from /home/airflow/.local/lib/python3.12/site-packages/airflow/example_dags/example_nested_branch_dag.py
[2024-06-03T12:25:44.931+0000] {logging_mixin.py:188} INFO - [2024-06-03T12:25:44.931+0000] {dag.py:3096} INFO - Sync 1 DAGs
[2024-06-03T12:25:44.956+0000] {logging_mixin.py:188} INFO - [2024-06-03T12:25:44.955+0000] {dag.py:3954} INFO - Setting next_dagrun for example_nested_branch_dag to 2024-06-02 00:00:00+00:00, run_after=2024-06-03 00:00:00+00:00
[2024-06-03T12:25:44.976+0000] {processor.py:183} INFO - Processing /home/airflow/.local/lib/python3.12/site-packages/airflow/example_dags/example_nested_branch_dag.py took 0.089 seconds
[2024-06-03T12:26:15.198+0000] {processor.py:161} INFO - Started process (PID=2688) to work on /home/airflow/.local/lib/python3.12/site-packages/airflow/example_dags/example_nested_branch_dag.py
[2024-06-03T12:26:15.200+0000] {processor.py:830} INFO - Processing file /home/airflow/.local/lib/python3.12/site-packages/airflow/example_dags/example_nested_branch_dag.py for tasks to queue
[2024-06-03T12:26:15.202+0000] {logging_mixin.py:188} INFO - [2024-06-03T12:26:15.201+0000] {dagbag.py:545} INFO - Filling up the DagBag from /home/airflow/.local/lib/python3.12/site-packages/airflow/example_dags/example_nested_branch_dag.py
[2024-06-03T12:26:15.211+0000] {processor.py:840} INFO - DAG(s) 'example_nested_branch_dag' retrieved from /home/airflow/.local/lib/python3.12/site-packages/airflow/example_dags/example_nested_branch_dag.py
[2024-06-03T12:26:15.232+0000] {logging_mixin.py:188} INFO - [2024-06-03T12:26:15.231+0000] {dag.py:3096} INFO - Sync 1 DAGs
[2024-06-03T12:26:15.252+0000] {logging_mixin.py:188} INFO - [2024-06-03T12:26:15.252+0000] {dag.py:3954} INFO - Setting next_dagrun for example_nested_branch_dag to 2024-06-02 00:00:00+00:00, run_after=2024-06-03 00:00:00+00:00
[2024-06-03T12:26:15.269+0000] {processor.py:183} INFO - Processing /home/airflow/.local/lib/python3.12/site-packages/airflow/example_dags/example_nested_branch_dag.py took 0.076 seconds
[2024-06-03T12:26:45.553+0000] {processor.py:161} INFO - Started process (PID=2746) to work on /home/airflow/.local/lib/python3.12/site-packages/airflow/example_dags/example_nested_branch_dag.py
[2024-06-03T12:26:45.555+0000] {processor.py:830} INFO - Processing file /home/airflow/.local/lib/python3.12/site-packages/airflow/example_dags/example_nested_branch_dag.py for tasks to queue
[2024-06-03T12:26:45.557+0000] {logging_mixin.py:188} INFO - [2024-06-03T12:26:45.557+0000] {dagbag.py:545} INFO - Filling up the DagBag from /home/airflow/.local/lib/python3.12/site-packages/airflow/example_dags/example_nested_branch_dag.py
[2024-06-03T12:26:45.567+0000] {processor.py:840} INFO - DAG(s) 'example_nested_branch_dag' retrieved from /home/airflow/.local/lib/python3.12/site-packages/airflow/example_dags/example_nested_branch_dag.py
[2024-06-03T12:26:45.586+0000] {logging_mixin.py:188} INFO - [2024-06-03T12:26:45.586+0000] {dag.py:3096} INFO - Sync 1 DAGs
[2024-06-03T12:26:45.607+0000] {logging_mixin.py:188} INFO - [2024-06-03T12:26:45.607+0000] {dag.py:3954} INFO - Setting next_dagrun for example_nested_branch_dag to 2024-06-02 00:00:00+00:00, run_after=2024-06-03 00:00:00+00:00
[2024-06-03T12:26:45.625+0000] {processor.py:183} INFO - Processing /home/airflow/.local/lib/python3.12/site-packages/airflow/example_dags/example_nested_branch_dag.py took 0.078 seconds
[2024-06-03T12:27:15.927+0000] {processor.py:161} INFO - Started process (PID=2804) to work on /home/airflow/.local/lib/python3.12/site-packages/airflow/example_dags/example_nested_branch_dag.py
[2024-06-03T12:27:15.929+0000] {processor.py:830} INFO - Processing file /home/airflow/.local/lib/python3.12/site-packages/airflow/example_dags/example_nested_branch_dag.py for tasks to queue
[2024-06-03T12:27:15.931+0000] {logging_mixin.py:188} INFO - [2024-06-03T12:27:15.930+0000] {dagbag.py:545} INFO - Filling up the DagBag from /home/airflow/.local/lib/python3.12/site-packages/airflow/example_dags/example_nested_branch_dag.py
[2024-06-03T12:27:15.939+0000] {processor.py:840} INFO - DAG(s) 'example_nested_branch_dag' retrieved from /home/airflow/.local/lib/python3.12/site-packages/airflow/example_dags/example_nested_branch_dag.py
[2024-06-03T12:27:15.957+0000] {logging_mixin.py:188} INFO - [2024-06-03T12:27:15.957+0000] {dag.py:3096} INFO - Sync 1 DAGs
[2024-06-03T12:27:15.975+0000] {logging_mixin.py:188} INFO - [2024-06-03T12:27:15.975+0000] {dag.py:3954} INFO - Setting next_dagrun for example_nested_branch_dag to 2024-06-02 00:00:00+00:00, run_after=2024-06-03 00:00:00+00:00
[2024-06-03T12:27:15.993+0000] {processor.py:183} INFO - Processing /home/airflow/.local/lib/python3.12/site-packages/airflow/example_dags/example_nested_branch_dag.py took 0.070 seconds
[2024-06-03T12:27:46.129+0000] {processor.py:161} INFO - Started process (PID=2862) to work on /home/airflow/.local/lib/python3.12/site-packages/airflow/example_dags/example_nested_branch_dag.py
[2024-06-03T12:27:46.131+0000] {processor.py:830} INFO - Processing file /home/airflow/.local/lib/python3.12/site-packages/airflow/example_dags/example_nested_branch_dag.py for tasks to queue
[2024-06-03T12:27:46.133+0000] {logging_mixin.py:188} INFO - [2024-06-03T12:27:46.133+0000] {dagbag.py:545} INFO - Filling up the DagBag from /home/airflow/.local/lib/python3.12/site-packages/airflow/example_dags/example_nested_branch_dag.py
[2024-06-03T12:27:46.143+0000] {processor.py:840} INFO - DAG(s) 'example_nested_branch_dag' retrieved from /home/airflow/.local/lib/python3.12/site-packages/airflow/example_dags/example_nested_branch_dag.py
[2024-06-03T12:27:46.162+0000] {logging_mixin.py:188} INFO - [2024-06-03T12:27:46.162+0000] {dag.py:3096} INFO - Sync 1 DAGs
[2024-06-03T12:27:46.184+0000] {logging_mixin.py:188} INFO - [2024-06-03T12:27:46.184+0000] {dag.py:3954} INFO - Setting next_dagrun for example_nested_branch_dag to 2024-06-02 00:00:00+00:00, run_after=2024-06-03 00:00:00+00:00
[2024-06-03T12:27:46.218+0000] {processor.py:183} INFO - Processing /home/airflow/.local/lib/python3.12/site-packages/airflow/example_dags/example_nested_branch_dag.py took 0.093 seconds
