[2024-06-03T12:03:23.743+0000] {processor.py:161} INFO - Started process (PID=69) to work on /home/airflow/.local/lib/python3.12/site-packages/airflow/example_dags/example_latest_only.py
[2024-06-03T12:03:23.745+0000] {processor.py:830} INFO - Processing file /home/airflow/.local/lib/python3.12/site-packages/airflow/example_dags/example_latest_only.py for tasks to queue
[2024-06-03T12:03:23.747+0000] {logging_mixin.py:188} INFO - [2024-06-03T12:03:23.747+0000] {dagbag.py:545} INFO - Filling up the DagBag from /home/airflow/.local/lib/python3.12/site-packages/airflow/example_dags/example_latest_only.py
[2024-06-03T12:03:23.761+0000] {processor.py:840} INFO - DAG(s) 'latest_only' retrieved from /home/airflow/.local/lib/python3.12/site-packages/airflow/example_dags/example_latest_only.py
[2024-06-03T12:03:23.791+0000] {logging_mixin.py:188} INFO - [2024-06-03T12:03:23.791+0000] {dag.py:3096} INFO - Sync 1 DAGs
[2024-06-03T12:03:23.818+0000] {logging_mixin.py:188} INFO - [2024-06-03T12:03:23.817+0000] {dag.py:3954} INFO - Setting next_dagrun for latest_only to 2024-06-03 08:00:00+00:00, run_after=2024-06-03 12:00:00+00:00
[2024-06-03T12:03:23.845+0000] {processor.py:183} INFO - Processing /home/airflow/.local/lib/python3.12/site-packages/airflow/example_dags/example_latest_only.py took 0.108 seconds
[2024-06-03T12:03:53.931+0000] {processor.py:161} INFO - Started process (PID=127) to work on /home/airflow/.local/lib/python3.12/site-packages/airflow/example_dags/example_latest_only.py
[2024-06-03T12:03:53.933+0000] {processor.py:830} INFO - Processing file /home/airflow/.local/lib/python3.12/site-packages/airflow/example_dags/example_latest_only.py for tasks to queue
[2024-06-03T12:03:53.936+0000] {logging_mixin.py:188} INFO - [2024-06-03T12:03:53.936+0000] {dagbag.py:545} INFO - Filling up the DagBag from /home/airflow/.local/lib/python3.12/site-packages/airflow/example_dags/example_latest_only.py
[2024-06-03T12:03:53.941+0000] {processor.py:840} INFO - DAG(s) 'latest_only' retrieved from /home/airflow/.local/lib/python3.12/site-packages/airflow/example_dags/example_latest_only.py
[2024-06-03T12:03:53.960+0000] {logging_mixin.py:188} INFO - [2024-06-03T12:03:53.960+0000] {dag.py:3096} INFO - Sync 1 DAGs
[2024-06-03T12:03:53.981+0000] {logging_mixin.py:188} INFO - [2024-06-03T12:03:53.980+0000] {dag.py:3954} INFO - Setting next_dagrun for latest_only to 2024-06-03 08:00:00+00:00, run_after=2024-06-03 12:00:00+00:00
[2024-06-03T12:03:53.999+0000] {processor.py:183} INFO - Processing /home/airflow/.local/lib/python3.12/site-packages/airflow/example_dags/example_latest_only.py took 0.073 seconds
[2024-06-03T12:04:24.181+0000] {processor.py:161} INFO - Started process (PID=185) to work on /home/airflow/.local/lib/python3.12/site-packages/airflow/example_dags/example_latest_only.py
[2024-06-03T12:04:24.182+0000] {processor.py:830} INFO - Processing file /home/airflow/.local/lib/python3.12/site-packages/airflow/example_dags/example_latest_only.py for tasks to queue
[2024-06-03T12:04:24.185+0000] {logging_mixin.py:188} INFO - [2024-06-03T12:04:24.184+0000] {dagbag.py:545} INFO - Filling up the DagBag from /home/airflow/.local/lib/python3.12/site-packages/airflow/example_dags/example_latest_only.py
[2024-06-03T12:04:24.190+0000] {processor.py:840} INFO - DAG(s) 'latest_only' retrieved from /home/airflow/.local/lib/python3.12/site-packages/airflow/example_dags/example_latest_only.py
[2024-06-03T12:04:24.211+0000] {logging_mixin.py:188} INFO - [2024-06-03T12:04:24.210+0000] {dag.py:3096} INFO - Sync 1 DAGs
[2024-06-03T12:04:24.233+0000] {logging_mixin.py:188} INFO - [2024-06-03T12:04:24.233+0000] {dag.py:3954} INFO - Setting next_dagrun for latest_only to 2024-06-03 08:00:00+00:00, run_after=2024-06-03 12:00:00+00:00
[2024-06-03T12:04:24.256+0000] {processor.py:183} INFO - Processing /home/airflow/.local/lib/python3.12/site-packages/airflow/example_dags/example_latest_only.py took 0.081 seconds
[2024-06-03T12:04:54.720+0000] {processor.py:161} INFO - Started process (PID=243) to work on /home/airflow/.local/lib/python3.12/site-packages/airflow/example_dags/example_latest_only.py
[2024-06-03T12:04:54.722+0000] {processor.py:830} INFO - Processing file /home/airflow/.local/lib/python3.12/site-packages/airflow/example_dags/example_latest_only.py for tasks to queue
[2024-06-03T12:04:54.724+0000] {logging_mixin.py:188} INFO - [2024-06-03T12:04:54.724+0000] {dagbag.py:545} INFO - Filling up the DagBag from /home/airflow/.local/lib/python3.12/site-packages/airflow/example_dags/example_latest_only.py
[2024-06-03T12:04:54.729+0000] {processor.py:840} INFO - DAG(s) 'latest_only' retrieved from /home/airflow/.local/lib/python3.12/site-packages/airflow/example_dags/example_latest_only.py
[2024-06-03T12:04:54.748+0000] {logging_mixin.py:188} INFO - [2024-06-03T12:04:54.747+0000] {dag.py:3096} INFO - Sync 1 DAGs
[2024-06-03T12:04:54.766+0000] {logging_mixin.py:188} INFO - [2024-06-03T12:04:54.766+0000] {dag.py:3954} INFO - Setting next_dagrun for latest_only to 2024-06-03 08:00:00+00:00, run_after=2024-06-03 12:00:00+00:00
[2024-06-03T12:04:54.782+0000] {processor.py:183} INFO - Processing /home/airflow/.local/lib/python3.12/site-packages/airflow/example_dags/example_latest_only.py took 0.067 seconds
[2024-06-03T12:05:25.175+0000] {processor.py:161} INFO - Started process (PID=301) to work on /home/airflow/.local/lib/python3.12/site-packages/airflow/example_dags/example_latest_only.py
[2024-06-03T12:05:25.177+0000] {processor.py:830} INFO - Processing file /home/airflow/.local/lib/python3.12/site-packages/airflow/example_dags/example_latest_only.py for tasks to queue
[2024-06-03T12:05:25.179+0000] {logging_mixin.py:188} INFO - [2024-06-03T12:05:25.179+0000] {dagbag.py:545} INFO - Filling up the DagBag from /home/airflow/.local/lib/python3.12/site-packages/airflow/example_dags/example_latest_only.py
[2024-06-03T12:05:25.184+0000] {processor.py:840} INFO - DAG(s) 'latest_only' retrieved from /home/airflow/.local/lib/python3.12/site-packages/airflow/example_dags/example_latest_only.py
[2024-06-03T12:05:25.203+0000] {logging_mixin.py:188} INFO - [2024-06-03T12:05:25.202+0000] {dag.py:3096} INFO - Sync 1 DAGs
[2024-06-03T12:05:25.223+0000] {logging_mixin.py:188} INFO - [2024-06-03T12:05:25.223+0000] {dag.py:3954} INFO - Setting next_dagrun for latest_only to 2024-06-03 08:00:00+00:00, run_after=2024-06-03 12:00:00+00:00
[2024-06-03T12:05:25.244+0000] {processor.py:183} INFO - Processing /home/airflow/.local/lib/python3.12/site-packages/airflow/example_dags/example_latest_only.py took 0.074 seconds
[2024-06-03T12:05:55.339+0000] {processor.py:161} INFO - Started process (PID=359) to work on /home/airflow/.local/lib/python3.12/site-packages/airflow/example_dags/example_latest_only.py
[2024-06-03T12:05:55.341+0000] {processor.py:830} INFO - Processing file /home/airflow/.local/lib/python3.12/site-packages/airflow/example_dags/example_latest_only.py for tasks to queue
[2024-06-03T12:05:55.343+0000] {logging_mixin.py:188} INFO - [2024-06-03T12:05:55.342+0000] {dagbag.py:545} INFO - Filling up the DagBag from /home/airflow/.local/lib/python3.12/site-packages/airflow/example_dags/example_latest_only.py
[2024-06-03T12:05:55.348+0000] {processor.py:840} INFO - DAG(s) 'latest_only' retrieved from /home/airflow/.local/lib/python3.12/site-packages/airflow/example_dags/example_latest_only.py
[2024-06-03T12:05:55.366+0000] {logging_mixin.py:188} INFO - [2024-06-03T12:05:55.366+0000] {dag.py:3096} INFO - Sync 1 DAGs
[2024-06-03T12:05:55.388+0000] {logging_mixin.py:188} INFO - [2024-06-03T12:05:55.388+0000] {dag.py:3954} INFO - Setting next_dagrun for latest_only to 2024-06-03 08:00:00+00:00, run_after=2024-06-03 12:00:00+00:00
[2024-06-03T12:05:55.406+0000] {processor.py:183} INFO - Processing /home/airflow/.local/lib/python3.12/site-packages/airflow/example_dags/example_latest_only.py took 0.072 seconds
[2024-06-03T12:06:25.861+0000] {processor.py:161} INFO - Started process (PID=417) to work on /home/airflow/.local/lib/python3.12/site-packages/airflow/example_dags/example_latest_only.py
[2024-06-03T12:06:25.862+0000] {processor.py:830} INFO - Processing file /home/airflow/.local/lib/python3.12/site-packages/airflow/example_dags/example_latest_only.py for tasks to queue
[2024-06-03T12:06:25.865+0000] {logging_mixin.py:188} INFO - [2024-06-03T12:06:25.864+0000] {dagbag.py:545} INFO - Filling up the DagBag from /home/airflow/.local/lib/python3.12/site-packages/airflow/example_dags/example_latest_only.py
[2024-06-03T12:06:25.870+0000] {processor.py:840} INFO - DAG(s) 'latest_only' retrieved from /home/airflow/.local/lib/python3.12/site-packages/airflow/example_dags/example_latest_only.py
[2024-06-03T12:06:25.888+0000] {logging_mixin.py:188} INFO - [2024-06-03T12:06:25.888+0000] {dag.py:3096} INFO - Sync 1 DAGs
[2024-06-03T12:06:25.909+0000] {logging_mixin.py:188} INFO - [2024-06-03T12:06:25.908+0000] {dag.py:3954} INFO - Setting next_dagrun for latest_only to 2024-06-03 08:00:00+00:00, run_after=2024-06-03 12:00:00+00:00
[2024-06-03T12:06:25.925+0000] {processor.py:183} INFO - Processing /home/airflow/.local/lib/python3.12/site-packages/airflow/example_dags/example_latest_only.py took 0.070 seconds
[2024-06-03T12:06:56.531+0000] {processor.py:161} INFO - Started process (PID=475) to work on /home/airflow/.local/lib/python3.12/site-packages/airflow/example_dags/example_latest_only.py
[2024-06-03T12:06:56.533+0000] {processor.py:830} INFO - Processing file /home/airflow/.local/lib/python3.12/site-packages/airflow/example_dags/example_latest_only.py for tasks to queue
[2024-06-03T12:06:56.535+0000] {logging_mixin.py:188} INFO - [2024-06-03T12:06:56.535+0000] {dagbag.py:545} INFO - Filling up the DagBag from /home/airflow/.local/lib/python3.12/site-packages/airflow/example_dags/example_latest_only.py
[2024-06-03T12:06:56.541+0000] {processor.py:840} INFO - DAG(s) 'latest_only' retrieved from /home/airflow/.local/lib/python3.12/site-packages/airflow/example_dags/example_latest_only.py
[2024-06-03T12:06:56.564+0000] {logging_mixin.py:188} INFO - [2024-06-03T12:06:56.563+0000] {dag.py:3096} INFO - Sync 1 DAGs
[2024-06-03T12:06:56.590+0000] {logging_mixin.py:188} INFO - [2024-06-03T12:06:56.589+0000] {dag.py:3954} INFO - Setting next_dagrun for latest_only to 2024-06-03 08:00:00+00:00, run_after=2024-06-03 12:00:00+00:00
[2024-06-03T12:06:56.612+0000] {processor.py:183} INFO - Processing /home/airflow/.local/lib/python3.12/site-packages/airflow/example_dags/example_latest_only.py took 0.088 seconds
[2024-06-03T12:07:26.883+0000] {processor.py:161} INFO - Started process (PID=533) to work on /home/airflow/.local/lib/python3.12/site-packages/airflow/example_dags/example_latest_only.py
[2024-06-03T12:07:26.884+0000] {processor.py:830} INFO - Processing file /home/airflow/.local/lib/python3.12/site-packages/airflow/example_dags/example_latest_only.py for tasks to queue
[2024-06-03T12:07:26.887+0000] {logging_mixin.py:188} INFO - [2024-06-03T12:07:26.886+0000] {dagbag.py:545} INFO - Filling up the DagBag from /home/airflow/.local/lib/python3.12/site-packages/airflow/example_dags/example_latest_only.py
[2024-06-03T12:07:26.891+0000] {processor.py:840} INFO - DAG(s) 'latest_only' retrieved from /home/airflow/.local/lib/python3.12/site-packages/airflow/example_dags/example_latest_only.py
[2024-06-03T12:07:26.910+0000] {logging_mixin.py:188} INFO - [2024-06-03T12:07:26.910+0000] {dag.py:3096} INFO - Sync 1 DAGs
[2024-06-03T12:07:26.932+0000] {logging_mixin.py:188} INFO - [2024-06-03T12:07:26.932+0000] {dag.py:3954} INFO - Setting next_dagrun for latest_only to 2024-06-03 08:00:00+00:00, run_after=2024-06-03 12:00:00+00:00
[2024-06-03T12:07:26.951+0000] {processor.py:183} INFO - Processing /home/airflow/.local/lib/python3.12/site-packages/airflow/example_dags/example_latest_only.py took 0.074 seconds
[2024-06-03T12:07:57.725+0000] {processor.py:161} INFO - Started process (PID=591) to work on /home/airflow/.local/lib/python3.12/site-packages/airflow/example_dags/example_latest_only.py
[2024-06-03T12:07:57.726+0000] {processor.py:830} INFO - Processing file /home/airflow/.local/lib/python3.12/site-packages/airflow/example_dags/example_latest_only.py for tasks to queue
[2024-06-03T12:07:57.729+0000] {logging_mixin.py:188} INFO - [2024-06-03T12:07:57.728+0000] {dagbag.py:545} INFO - Filling up the DagBag from /home/airflow/.local/lib/python3.12/site-packages/airflow/example_dags/example_latest_only.py
[2024-06-03T12:07:57.734+0000] {processor.py:840} INFO - DAG(s) 'latest_only' retrieved from /home/airflow/.local/lib/python3.12/site-packages/airflow/example_dags/example_latest_only.py
[2024-06-03T12:07:57.753+0000] {logging_mixin.py:188} INFO - [2024-06-03T12:07:57.753+0000] {dag.py:3096} INFO - Sync 1 DAGs
[2024-06-03T12:07:57.776+0000] {logging_mixin.py:188} INFO - [2024-06-03T12:07:57.776+0000] {dag.py:3954} INFO - Setting next_dagrun for latest_only to 2024-06-03 08:00:00+00:00, run_after=2024-06-03 12:00:00+00:00
[2024-06-03T12:07:57.796+0000] {processor.py:183} INFO - Processing /home/airflow/.local/lib/python3.12/site-packages/airflow/example_dags/example_latest_only.py took 0.078 seconds
[2024-06-03T12:08:28.548+0000] {processor.py:161} INFO - Started process (PID=649) to work on /home/airflow/.local/lib/python3.12/site-packages/airflow/example_dags/example_latest_only.py
[2024-06-03T12:08:28.550+0000] {processor.py:830} INFO - Processing file /home/airflow/.local/lib/python3.12/site-packages/airflow/example_dags/example_latest_only.py for tasks to queue
[2024-06-03T12:08:28.553+0000] {logging_mixin.py:188} INFO - [2024-06-03T12:08:28.552+0000] {dagbag.py:545} INFO - Filling up the DagBag from /home/airflow/.local/lib/python3.12/site-packages/airflow/example_dags/example_latest_only.py
[2024-06-03T12:08:28.560+0000] {processor.py:840} INFO - DAG(s) 'latest_only' retrieved from /home/airflow/.local/lib/python3.12/site-packages/airflow/example_dags/example_latest_only.py
[2024-06-03T12:08:28.587+0000] {logging_mixin.py:188} INFO - [2024-06-03T12:08:28.586+0000] {dag.py:3096} INFO - Sync 1 DAGs
[2024-06-03T12:08:28.616+0000] {logging_mixin.py:188} INFO - [2024-06-03T12:08:28.616+0000] {dag.py:3954} INFO - Setting next_dagrun for latest_only to 2024-06-03 08:00:00+00:00, run_after=2024-06-03 12:00:00+00:00
[2024-06-03T12:08:28.646+0000] {processor.py:183} INFO - Processing /home/airflow/.local/lib/python3.12/site-packages/airflow/example_dags/example_latest_only.py took 0.105 seconds
[2024-06-03T12:08:59.328+0000] {processor.py:161} INFO - Started process (PID=707) to work on /home/airflow/.local/lib/python3.12/site-packages/airflow/example_dags/example_latest_only.py
[2024-06-03T12:08:59.330+0000] {processor.py:830} INFO - Processing file /home/airflow/.local/lib/python3.12/site-packages/airflow/example_dags/example_latest_only.py for tasks to queue
[2024-06-03T12:08:59.335+0000] {logging_mixin.py:188} INFO - [2024-06-03T12:08:59.334+0000] {dagbag.py:545} INFO - Filling up the DagBag from /home/airflow/.local/lib/python3.12/site-packages/airflow/example_dags/example_latest_only.py
[2024-06-03T12:08:59.343+0000] {processor.py:840} INFO - DAG(s) 'latest_only' retrieved from /home/airflow/.local/lib/python3.12/site-packages/airflow/example_dags/example_latest_only.py
[2024-06-03T12:08:59.374+0000] {logging_mixin.py:188} INFO - [2024-06-03T12:08:59.373+0000] {dag.py:3096} INFO - Sync 1 DAGs
[2024-06-03T12:08:59.414+0000] {logging_mixin.py:188} INFO - [2024-06-03T12:08:59.414+0000] {dag.py:3954} INFO - Setting next_dagrun for latest_only to 2024-06-03 08:00:00+00:00, run_after=2024-06-03 12:00:00+00:00
[2024-06-03T12:08:59.446+0000] {processor.py:183} INFO - Processing /home/airflow/.local/lib/python3.12/site-packages/airflow/example_dags/example_latest_only.py took 0.128 seconds
[2024-06-03T12:09:29.486+0000] {processor.py:161} INFO - Started process (PID=765) to work on /home/airflow/.local/lib/python3.12/site-packages/airflow/example_dags/example_latest_only.py
[2024-06-03T12:09:29.488+0000] {processor.py:830} INFO - Processing file /home/airflow/.local/lib/python3.12/site-packages/airflow/example_dags/example_latest_only.py for tasks to queue
[2024-06-03T12:09:29.489+0000] {logging_mixin.py:188} INFO - [2024-06-03T12:09:29.489+0000] {dagbag.py:545} INFO - Filling up the DagBag from /home/airflow/.local/lib/python3.12/site-packages/airflow/example_dags/example_latest_only.py
[2024-06-03T12:09:29.494+0000] {processor.py:840} INFO - DAG(s) 'latest_only' retrieved from /home/airflow/.local/lib/python3.12/site-packages/airflow/example_dags/example_latest_only.py
[2024-06-03T12:09:29.512+0000] {logging_mixin.py:188} INFO - [2024-06-03T12:09:29.511+0000] {dag.py:3096} INFO - Sync 1 DAGs
[2024-06-03T12:09:29.532+0000] {logging_mixin.py:188} INFO - [2024-06-03T12:09:29.531+0000] {dag.py:3954} INFO - Setting next_dagrun for latest_only to 2024-06-03 08:00:00+00:00, run_after=2024-06-03 12:00:00+00:00
[2024-06-03T12:09:29.548+0000] {processor.py:183} INFO - Processing /home/airflow/.local/lib/python3.12/site-packages/airflow/example_dags/example_latest_only.py took 0.067 seconds
[2024-06-03T12:09:59.790+0000] {processor.py:161} INFO - Started process (PID=824) to work on /home/airflow/.local/lib/python3.12/site-packages/airflow/example_dags/example_latest_only.py
[2024-06-03T12:09:59.791+0000] {processor.py:830} INFO - Processing file /home/airflow/.local/lib/python3.12/site-packages/airflow/example_dags/example_latest_only.py for tasks to queue
[2024-06-03T12:09:59.793+0000] {logging_mixin.py:188} INFO - [2024-06-03T12:09:59.793+0000] {dagbag.py:545} INFO - Filling up the DagBag from /home/airflow/.local/lib/python3.12/site-packages/airflow/example_dags/example_latest_only.py
[2024-06-03T12:09:59.798+0000] {processor.py:840} INFO - DAG(s) 'latest_only' retrieved from /home/airflow/.local/lib/python3.12/site-packages/airflow/example_dags/example_latest_only.py
[2024-06-03T12:09:59.816+0000] {logging_mixin.py:188} INFO - [2024-06-03T12:09:59.816+0000] {dag.py:3096} INFO - Sync 1 DAGs
[2024-06-03T12:09:59.837+0000] {logging_mixin.py:188} INFO - [2024-06-03T12:09:59.837+0000] {dag.py:3954} INFO - Setting next_dagrun for latest_only to 2024-06-03 08:00:00+00:00, run_after=2024-06-03 12:00:00+00:00
[2024-06-03T12:09:59.855+0000] {processor.py:183} INFO - Processing /home/airflow/.local/lib/python3.12/site-packages/airflow/example_dags/example_latest_only.py took 0.070 seconds
[2024-06-03T12:10:30.883+0000] {processor.py:161} INFO - Started process (PID=882) to work on /home/airflow/.local/lib/python3.12/site-packages/airflow/example_dags/example_latest_only.py
[2024-06-03T12:10:30.885+0000] {processor.py:830} INFO - Processing file /home/airflow/.local/lib/python3.12/site-packages/airflow/example_dags/example_latest_only.py for tasks to queue
[2024-06-03T12:10:30.887+0000] {logging_mixin.py:188} INFO - [2024-06-03T12:10:30.887+0000] {dagbag.py:545} INFO - Filling up the DagBag from /home/airflow/.local/lib/python3.12/site-packages/airflow/example_dags/example_latest_only.py
[2024-06-03T12:10:30.892+0000] {processor.py:840} INFO - DAG(s) 'latest_only' retrieved from /home/airflow/.local/lib/python3.12/site-packages/airflow/example_dags/example_latest_only.py
[2024-06-03T12:10:30.912+0000] {logging_mixin.py:188} INFO - [2024-06-03T12:10:30.912+0000] {dag.py:3096} INFO - Sync 1 DAGs
[2024-06-03T12:10:30.934+0000] {logging_mixin.py:188} INFO - [2024-06-03T12:10:30.934+0000] {dag.py:3954} INFO - Setting next_dagrun for latest_only to 2024-06-03 08:00:00+00:00, run_after=2024-06-03 12:00:00+00:00
[2024-06-03T12:10:30.953+0000] {processor.py:183} INFO - Processing /home/airflow/.local/lib/python3.12/site-packages/airflow/example_dags/example_latest_only.py took 0.076 seconds
[2024-06-03T12:11:01.207+0000] {processor.py:161} INFO - Started process (PID=940) to work on /home/airflow/.local/lib/python3.12/site-packages/airflow/example_dags/example_latest_only.py
[2024-06-03T12:11:01.209+0000] {processor.py:830} INFO - Processing file /home/airflow/.local/lib/python3.12/site-packages/airflow/example_dags/example_latest_only.py for tasks to queue
[2024-06-03T12:11:01.212+0000] {logging_mixin.py:188} INFO - [2024-06-03T12:11:01.211+0000] {dagbag.py:545} INFO - Filling up the DagBag from /home/airflow/.local/lib/python3.12/site-packages/airflow/example_dags/example_latest_only.py
[2024-06-03T12:11:01.217+0000] {processor.py:840} INFO - DAG(s) 'latest_only' retrieved from /home/airflow/.local/lib/python3.12/site-packages/airflow/example_dags/example_latest_only.py
[2024-06-03T12:11:01.241+0000] {logging_mixin.py:188} INFO - [2024-06-03T12:11:01.241+0000] {dag.py:3096} INFO - Sync 1 DAGs
[2024-06-03T12:11:01.268+0000] {logging_mixin.py:188} INFO - [2024-06-03T12:11:01.268+0000] {dag.py:3954} INFO - Setting next_dagrun for latest_only to 2024-06-03 08:00:00+00:00, run_after=2024-06-03 12:00:00+00:00
[2024-06-03T12:11:01.293+0000] {processor.py:183} INFO - Processing /home/airflow/.local/lib/python3.12/site-packages/airflow/example_dags/example_latest_only.py took 0.092 seconds
[2024-06-03T12:11:31.482+0000] {processor.py:161} INFO - Started process (PID=998) to work on /home/airflow/.local/lib/python3.12/site-packages/airflow/example_dags/example_latest_only.py
[2024-06-03T12:11:31.484+0000] {processor.py:830} INFO - Processing file /home/airflow/.local/lib/python3.12/site-packages/airflow/example_dags/example_latest_only.py for tasks to queue
[2024-06-03T12:11:31.486+0000] {logging_mixin.py:188} INFO - [2024-06-03T12:11:31.486+0000] {dagbag.py:545} INFO - Filling up the DagBag from /home/airflow/.local/lib/python3.12/site-packages/airflow/example_dags/example_latest_only.py
[2024-06-03T12:11:31.492+0000] {processor.py:840} INFO - DAG(s) 'latest_only' retrieved from /home/airflow/.local/lib/python3.12/site-packages/airflow/example_dags/example_latest_only.py
[2024-06-03T12:11:31.510+0000] {logging_mixin.py:188} INFO - [2024-06-03T12:11:31.510+0000] {dag.py:3096} INFO - Sync 1 DAGs
[2024-06-03T12:11:31.529+0000] {logging_mixin.py:188} INFO - [2024-06-03T12:11:31.529+0000] {dag.py:3954} INFO - Setting next_dagrun for latest_only to 2024-06-03 08:00:00+00:00, run_after=2024-06-03 12:00:00+00:00
[2024-06-03T12:11:31.548+0000] {processor.py:183} INFO - Processing /home/airflow/.local/lib/python3.12/site-packages/airflow/example_dags/example_latest_only.py took 0.072 seconds
[2024-06-03T12:12:01.686+0000] {processor.py:161} INFO - Started process (PID=1056) to work on /home/airflow/.local/lib/python3.12/site-packages/airflow/example_dags/example_latest_only.py
[2024-06-03T12:12:01.687+0000] {processor.py:830} INFO - Processing file /home/airflow/.local/lib/python3.12/site-packages/airflow/example_dags/example_latest_only.py for tasks to queue
[2024-06-03T12:12:01.691+0000] {logging_mixin.py:188} INFO - [2024-06-03T12:12:01.690+0000] {dagbag.py:545} INFO - Filling up the DagBag from /home/airflow/.local/lib/python3.12/site-packages/airflow/example_dags/example_latest_only.py
[2024-06-03T12:12:01.697+0000] {processor.py:840} INFO - DAG(s) 'latest_only' retrieved from /home/airflow/.local/lib/python3.12/site-packages/airflow/example_dags/example_latest_only.py
[2024-06-03T12:12:01.721+0000] {logging_mixin.py:188} INFO - [2024-06-03T12:12:01.721+0000] {dag.py:3096} INFO - Sync 1 DAGs
[2024-06-03T12:12:01.749+0000] {logging_mixin.py:188} INFO - [2024-06-03T12:12:01.749+0000] {dag.py:3954} INFO - Setting next_dagrun for latest_only to 2024-06-03 08:00:00+00:00, run_after=2024-06-03 12:00:00+00:00
[2024-06-03T12:12:01.777+0000] {processor.py:183} INFO - Processing /home/airflow/.local/lib/python3.12/site-packages/airflow/example_dags/example_latest_only.py took 0.098 seconds
[2024-06-03T12:12:32.272+0000] {processor.py:161} INFO - Started process (PID=1113) to work on /home/airflow/.local/lib/python3.12/site-packages/airflow/example_dags/example_latest_only.py
[2024-06-03T12:12:32.274+0000] {processor.py:830} INFO - Processing file /home/airflow/.local/lib/python3.12/site-packages/airflow/example_dags/example_latest_only.py for tasks to queue
[2024-06-03T12:12:32.276+0000] {logging_mixin.py:188} INFO - [2024-06-03T12:12:32.275+0000] {dagbag.py:545} INFO - Filling up the DagBag from /home/airflow/.local/lib/python3.12/site-packages/airflow/example_dags/example_latest_only.py
[2024-06-03T12:12:32.280+0000] {processor.py:840} INFO - DAG(s) 'latest_only' retrieved from /home/airflow/.local/lib/python3.12/site-packages/airflow/example_dags/example_latest_only.py
[2024-06-03T12:12:32.298+0000] {logging_mixin.py:188} INFO - [2024-06-03T12:12:32.297+0000] {dag.py:3096} INFO - Sync 1 DAGs
[2024-06-03T12:12:32.318+0000] {logging_mixin.py:188} INFO - [2024-06-03T12:12:32.317+0000] {dag.py:3954} INFO - Setting next_dagrun for latest_only to 2024-06-03 08:00:00+00:00, run_after=2024-06-03 12:00:00+00:00
[2024-06-03T12:12:32.335+0000] {processor.py:183} INFO - Processing /home/airflow/.local/lib/python3.12/site-packages/airflow/example_dags/example_latest_only.py took 0.069 seconds
[2024-06-03T12:13:02.365+0000] {processor.py:161} INFO - Started process (PID=1171) to work on /home/airflow/.local/lib/python3.12/site-packages/airflow/example_dags/example_latest_only.py
[2024-06-03T12:13:02.367+0000] {processor.py:830} INFO - Processing file /home/airflow/.local/lib/python3.12/site-packages/airflow/example_dags/example_latest_only.py for tasks to queue
[2024-06-03T12:13:02.369+0000] {logging_mixin.py:188} INFO - [2024-06-03T12:13:02.368+0000] {dagbag.py:545} INFO - Filling up the DagBag from /home/airflow/.local/lib/python3.12/site-packages/airflow/example_dags/example_latest_only.py
[2024-06-03T12:13:02.374+0000] {processor.py:840} INFO - DAG(s) 'latest_only' retrieved from /home/airflow/.local/lib/python3.12/site-packages/airflow/example_dags/example_latest_only.py
[2024-06-03T12:13:02.392+0000] {logging_mixin.py:188} INFO - [2024-06-03T12:13:02.392+0000] {dag.py:3096} INFO - Sync 1 DAGs
[2024-06-03T12:13:02.412+0000] {logging_mixin.py:188} INFO - [2024-06-03T12:13:02.412+0000] {dag.py:3954} INFO - Setting next_dagrun for latest_only to 2024-06-03 08:00:00+00:00, run_after=2024-06-03 12:00:00+00:00
[2024-06-03T12:13:02.432+0000] {processor.py:183} INFO - Processing /home/airflow/.local/lib/python3.12/site-packages/airflow/example_dags/example_latest_only.py took 0.073 seconds
[2024-06-03T12:13:32.801+0000] {processor.py:161} INFO - Started process (PID=1229) to work on /home/airflow/.local/lib/python3.12/site-packages/airflow/example_dags/example_latest_only.py
[2024-06-03T12:13:32.803+0000] {processor.py:830} INFO - Processing file /home/airflow/.local/lib/python3.12/site-packages/airflow/example_dags/example_latest_only.py for tasks to queue
[2024-06-03T12:13:32.805+0000] {logging_mixin.py:188} INFO - [2024-06-03T12:13:32.805+0000] {dagbag.py:545} INFO - Filling up the DagBag from /home/airflow/.local/lib/python3.12/site-packages/airflow/example_dags/example_latest_only.py
[2024-06-03T12:13:32.811+0000] {processor.py:840} INFO - DAG(s) 'latest_only' retrieved from /home/airflow/.local/lib/python3.12/site-packages/airflow/example_dags/example_latest_only.py
[2024-06-03T12:13:32.833+0000] {logging_mixin.py:188} INFO - [2024-06-03T12:13:32.833+0000] {dag.py:3096} INFO - Sync 1 DAGs
[2024-06-03T12:13:32.859+0000] {logging_mixin.py:188} INFO - [2024-06-03T12:13:32.858+0000] {dag.py:3954} INFO - Setting next_dagrun for latest_only to 2024-06-03 08:00:00+00:00, run_after=2024-06-03 12:00:00+00:00
[2024-06-03T12:13:32.880+0000] {processor.py:183} INFO - Processing /home/airflow/.local/lib/python3.12/site-packages/airflow/example_dags/example_latest_only.py took 0.086 seconds
[2024-06-03T12:14:03.046+0000] {processor.py:161} INFO - Started process (PID=1287) to work on /home/airflow/.local/lib/python3.12/site-packages/airflow/example_dags/example_latest_only.py
[2024-06-03T12:14:03.047+0000] {processor.py:830} INFO - Processing file /home/airflow/.local/lib/python3.12/site-packages/airflow/example_dags/example_latest_only.py for tasks to queue
[2024-06-03T12:14:03.050+0000] {logging_mixin.py:188} INFO - [2024-06-03T12:14:03.049+0000] {dagbag.py:545} INFO - Filling up the DagBag from /home/airflow/.local/lib/python3.12/site-packages/airflow/example_dags/example_latest_only.py
[2024-06-03T12:14:03.056+0000] {processor.py:840} INFO - DAG(s) 'latest_only' retrieved from /home/airflow/.local/lib/python3.12/site-packages/airflow/example_dags/example_latest_only.py
[2024-06-03T12:14:03.078+0000] {logging_mixin.py:188} INFO - [2024-06-03T12:14:03.078+0000] {dag.py:3096} INFO - Sync 1 DAGs
[2024-06-03T12:14:03.102+0000] {logging_mixin.py:188} INFO - [2024-06-03T12:14:03.101+0000] {dag.py:3954} INFO - Setting next_dagrun for latest_only to 2024-06-03 08:00:00+00:00, run_after=2024-06-03 12:00:00+00:00
[2024-06-03T12:14:03.125+0000] {processor.py:183} INFO - Processing /home/airflow/.local/lib/python3.12/site-packages/airflow/example_dags/example_latest_only.py took 0.086 seconds
[2024-06-03T12:14:33.160+0000] {processor.py:161} INFO - Started process (PID=1344) to work on /home/airflow/.local/lib/python3.12/site-packages/airflow/example_dags/example_latest_only.py
[2024-06-03T12:14:33.162+0000] {processor.py:830} INFO - Processing file /home/airflow/.local/lib/python3.12/site-packages/airflow/example_dags/example_latest_only.py for tasks to queue
[2024-06-03T12:14:33.164+0000] {logging_mixin.py:188} INFO - [2024-06-03T12:14:33.164+0000] {dagbag.py:545} INFO - Filling up the DagBag from /home/airflow/.local/lib/python3.12/site-packages/airflow/example_dags/example_latest_only.py
[2024-06-03T12:14:33.170+0000] {processor.py:840} INFO - DAG(s) 'latest_only' retrieved from /home/airflow/.local/lib/python3.12/site-packages/airflow/example_dags/example_latest_only.py
[2024-06-03T12:14:33.191+0000] {logging_mixin.py:188} INFO - [2024-06-03T12:14:33.190+0000] {dag.py:3096} INFO - Sync 1 DAGs
[2024-06-03T12:14:33.215+0000] {logging_mixin.py:188} INFO - [2024-06-03T12:14:33.215+0000] {dag.py:3954} INFO - Setting next_dagrun for latest_only to 2024-06-03 08:00:00+00:00, run_after=2024-06-03 12:00:00+00:00
[2024-06-03T12:14:33.236+0000] {processor.py:183} INFO - Processing /home/airflow/.local/lib/python3.12/site-packages/airflow/example_dags/example_latest_only.py took 0.082 seconds
[2024-06-03T12:15:03.397+0000] {processor.py:161} INFO - Started process (PID=1402) to work on /home/airflow/.local/lib/python3.12/site-packages/airflow/example_dags/example_latest_only.py
[2024-06-03T12:15:03.398+0000] {processor.py:830} INFO - Processing file /home/airflow/.local/lib/python3.12/site-packages/airflow/example_dags/example_latest_only.py for tasks to queue
[2024-06-03T12:15:03.401+0000] {logging_mixin.py:188} INFO - [2024-06-03T12:15:03.401+0000] {dagbag.py:545} INFO - Filling up the DagBag from /home/airflow/.local/lib/python3.12/site-packages/airflow/example_dags/example_latest_only.py
[2024-06-03T12:15:03.406+0000] {processor.py:840} INFO - DAG(s) 'latest_only' retrieved from /home/airflow/.local/lib/python3.12/site-packages/airflow/example_dags/example_latest_only.py
[2024-06-03T12:15:03.426+0000] {logging_mixin.py:188} INFO - [2024-06-03T12:15:03.426+0000] {dag.py:3096} INFO - Sync 1 DAGs
[2024-06-03T12:15:03.448+0000] {logging_mixin.py:188} INFO - [2024-06-03T12:15:03.447+0000] {dag.py:3954} INFO - Setting next_dagrun for latest_only to 2024-06-03 08:00:00+00:00, run_after=2024-06-03 12:00:00+00:00
[2024-06-03T12:15:03.466+0000] {processor.py:183} INFO - Processing /home/airflow/.local/lib/python3.12/site-packages/airflow/example_dags/example_latest_only.py took 0.076 seconds
[2024-06-03T12:15:33.849+0000] {processor.py:161} INFO - Started process (PID=1460) to work on /home/airflow/.local/lib/python3.12/site-packages/airflow/example_dags/example_latest_only.py
[2024-06-03T12:15:33.851+0000] {processor.py:830} INFO - Processing file /home/airflow/.local/lib/python3.12/site-packages/airflow/example_dags/example_latest_only.py for tasks to queue
[2024-06-03T12:15:33.853+0000] {logging_mixin.py:188} INFO - [2024-06-03T12:15:33.853+0000] {dagbag.py:545} INFO - Filling up the DagBag from /home/airflow/.local/lib/python3.12/site-packages/airflow/example_dags/example_latest_only.py
[2024-06-03T12:15:33.859+0000] {processor.py:840} INFO - DAG(s) 'latest_only' retrieved from /home/airflow/.local/lib/python3.12/site-packages/airflow/example_dags/example_latest_only.py
[2024-06-03T12:15:33.876+0000] {logging_mixin.py:188} INFO - [2024-06-03T12:15:33.876+0000] {dag.py:3096} INFO - Sync 1 DAGs
[2024-06-03T12:15:33.897+0000] {logging_mixin.py:188} INFO - [2024-06-03T12:15:33.897+0000] {dag.py:3954} INFO - Setting next_dagrun for latest_only to 2024-06-03 08:00:00+00:00, run_after=2024-06-03 12:00:00+00:00
[2024-06-03T12:15:33.915+0000] {processor.py:183} INFO - Processing /home/airflow/.local/lib/python3.12/site-packages/airflow/example_dags/example_latest_only.py took 0.071 seconds
[2024-06-03T12:16:04.264+0000] {processor.py:161} INFO - Started process (PID=1518) to work on /home/airflow/.local/lib/python3.12/site-packages/airflow/example_dags/example_latest_only.py
[2024-06-03T12:16:04.265+0000] {processor.py:830} INFO - Processing file /home/airflow/.local/lib/python3.12/site-packages/airflow/example_dags/example_latest_only.py for tasks to queue
[2024-06-03T12:16:04.267+0000] {logging_mixin.py:188} INFO - [2024-06-03T12:16:04.267+0000] {dagbag.py:545} INFO - Filling up the DagBag from /home/airflow/.local/lib/python3.12/site-packages/airflow/example_dags/example_latest_only.py
[2024-06-03T12:16:04.272+0000] {processor.py:840} INFO - DAG(s) 'latest_only' retrieved from /home/airflow/.local/lib/python3.12/site-packages/airflow/example_dags/example_latest_only.py
[2024-06-03T12:16:04.293+0000] {logging_mixin.py:188} INFO - [2024-06-03T12:16:04.293+0000] {dag.py:3096} INFO - Sync 1 DAGs
[2024-06-03T12:16:04.316+0000] {logging_mixin.py:188} INFO - [2024-06-03T12:16:04.315+0000] {dag.py:3954} INFO - Setting next_dagrun for latest_only to 2024-06-03 08:00:00+00:00, run_after=2024-06-03 12:00:00+00:00
[2024-06-03T12:16:04.336+0000] {processor.py:183} INFO - Processing /home/airflow/.local/lib/python3.12/site-packages/airflow/example_dags/example_latest_only.py took 0.077 seconds
[2024-06-03T12:16:35.067+0000] {processor.py:161} INFO - Started process (PID=1576) to work on /home/airflow/.local/lib/python3.12/site-packages/airflow/example_dags/example_latest_only.py
[2024-06-03T12:16:35.068+0000] {processor.py:830} INFO - Processing file /home/airflow/.local/lib/python3.12/site-packages/airflow/example_dags/example_latest_only.py for tasks to queue
[2024-06-03T12:16:35.071+0000] {logging_mixin.py:188} INFO - [2024-06-03T12:16:35.070+0000] {dagbag.py:545} INFO - Filling up the DagBag from /home/airflow/.local/lib/python3.12/site-packages/airflow/example_dags/example_latest_only.py
[2024-06-03T12:16:35.077+0000] {processor.py:840} INFO - DAG(s) 'latest_only' retrieved from /home/airflow/.local/lib/python3.12/site-packages/airflow/example_dags/example_latest_only.py
[2024-06-03T12:16:35.098+0000] {logging_mixin.py:188} INFO - [2024-06-03T12:16:35.098+0000] {dag.py:3096} INFO - Sync 1 DAGs
[2024-06-03T12:16:35.121+0000] {logging_mixin.py:188} INFO - [2024-06-03T12:16:35.120+0000] {dag.py:3954} INFO - Setting next_dagrun for latest_only to 2024-06-03 08:00:00+00:00, run_after=2024-06-03 12:00:00+00:00
[2024-06-03T12:16:35.141+0000] {processor.py:183} INFO - Processing /home/airflow/.local/lib/python3.12/site-packages/airflow/example_dags/example_latest_only.py took 0.081 seconds
[2024-06-03T12:17:05.917+0000] {processor.py:161} INFO - Started process (PID=1634) to work on /home/airflow/.local/lib/python3.12/site-packages/airflow/example_dags/example_latest_only.py
[2024-06-03T12:17:05.918+0000] {processor.py:830} INFO - Processing file /home/airflow/.local/lib/python3.12/site-packages/airflow/example_dags/example_latest_only.py for tasks to queue
[2024-06-03T12:17:05.921+0000] {logging_mixin.py:188} INFO - [2024-06-03T12:17:05.921+0000] {dagbag.py:545} INFO - Filling up the DagBag from /home/airflow/.local/lib/python3.12/site-packages/airflow/example_dags/example_latest_only.py
[2024-06-03T12:17:05.926+0000] {processor.py:840} INFO - DAG(s) 'latest_only' retrieved from /home/airflow/.local/lib/python3.12/site-packages/airflow/example_dags/example_latest_only.py
[2024-06-03T12:17:05.945+0000] {logging_mixin.py:188} INFO - [2024-06-03T12:17:05.944+0000] {dag.py:3096} INFO - Sync 1 DAGs
[2024-06-03T12:17:06.074+0000] {logging_mixin.py:188} INFO - [2024-06-03T12:17:06.074+0000] {dag.py:3954} INFO - Setting next_dagrun for latest_only to 2024-06-03 08:00:00+00:00, run_after=2024-06-03 12:00:00+00:00
[2024-06-03T12:17:06.090+0000] {processor.py:183} INFO - Processing /home/airflow/.local/lib/python3.12/site-packages/airflow/example_dags/example_latest_only.py took 0.180 seconds
[2024-06-03T12:17:36.502+0000] {processor.py:161} INFO - Started process (PID=1692) to work on /home/airflow/.local/lib/python3.12/site-packages/airflow/example_dags/example_latest_only.py
[2024-06-03T12:17:36.504+0000] {processor.py:830} INFO - Processing file /home/airflow/.local/lib/python3.12/site-packages/airflow/example_dags/example_latest_only.py for tasks to queue
[2024-06-03T12:17:36.506+0000] {logging_mixin.py:188} INFO - [2024-06-03T12:17:36.505+0000] {dagbag.py:545} INFO - Filling up the DagBag from /home/airflow/.local/lib/python3.12/site-packages/airflow/example_dags/example_latest_only.py
[2024-06-03T12:17:36.511+0000] {processor.py:840} INFO - DAG(s) 'latest_only' retrieved from /home/airflow/.local/lib/python3.12/site-packages/airflow/example_dags/example_latest_only.py
[2024-06-03T12:17:36.531+0000] {logging_mixin.py:188} INFO - [2024-06-03T12:17:36.531+0000] {dag.py:3096} INFO - Sync 1 DAGs
[2024-06-03T12:17:36.673+0000] {logging_mixin.py:188} INFO - [2024-06-03T12:17:36.673+0000] {dag.py:3954} INFO - Setting next_dagrun for latest_only to 2024-06-03 08:00:00+00:00, run_after=2024-06-03 12:00:00+00:00
[2024-06-03T12:17:36.694+0000] {processor.py:183} INFO - Processing /home/airflow/.local/lib/python3.12/site-packages/airflow/example_dags/example_latest_only.py took 0.197 seconds
[2024-06-03T12:18:06.873+0000] {processor.py:161} INFO - Started process (PID=1750) to work on /home/airflow/.local/lib/python3.12/site-packages/airflow/example_dags/example_latest_only.py
[2024-06-03T12:18:06.874+0000] {processor.py:830} INFO - Processing file /home/airflow/.local/lib/python3.12/site-packages/airflow/example_dags/example_latest_only.py for tasks to queue
[2024-06-03T12:18:06.876+0000] {logging_mixin.py:188} INFO - [2024-06-03T12:18:06.876+0000] {dagbag.py:545} INFO - Filling up the DagBag from /home/airflow/.local/lib/python3.12/site-packages/airflow/example_dags/example_latest_only.py
[2024-06-03T12:18:06.882+0000] {processor.py:840} INFO - DAG(s) 'latest_only' retrieved from /home/airflow/.local/lib/python3.12/site-packages/airflow/example_dags/example_latest_only.py
[2024-06-03T12:18:06.904+0000] {logging_mixin.py:188} INFO - [2024-06-03T12:18:06.903+0000] {dag.py:3096} INFO - Sync 1 DAGs
[2024-06-03T12:18:07.039+0000] {logging_mixin.py:188} INFO - [2024-06-03T12:18:07.039+0000] {dag.py:3954} INFO - Setting next_dagrun for latest_only to 2024-06-03 08:00:00+00:00, run_after=2024-06-03 12:00:00+00:00
[2024-06-03T12:18:07.056+0000] {processor.py:183} INFO - Processing /home/airflow/.local/lib/python3.12/site-packages/airflow/example_dags/example_latest_only.py took 0.189 seconds
[2024-06-03T12:18:37.244+0000] {processor.py:161} INFO - Started process (PID=1808) to work on /home/airflow/.local/lib/python3.12/site-packages/airflow/example_dags/example_latest_only.py
[2024-06-03T12:18:37.245+0000] {processor.py:830} INFO - Processing file /home/airflow/.local/lib/python3.12/site-packages/airflow/example_dags/example_latest_only.py for tasks to queue
[2024-06-03T12:18:37.248+0000] {logging_mixin.py:188} INFO - [2024-06-03T12:18:37.247+0000] {dagbag.py:545} INFO - Filling up the DagBag from /home/airflow/.local/lib/python3.12/site-packages/airflow/example_dags/example_latest_only.py
[2024-06-03T12:18:37.255+0000] {processor.py:840} INFO - DAG(s) 'latest_only' retrieved from /home/airflow/.local/lib/python3.12/site-packages/airflow/example_dags/example_latest_only.py
[2024-06-03T12:18:37.281+0000] {logging_mixin.py:188} INFO - [2024-06-03T12:18:37.280+0000] {dag.py:3096} INFO - Sync 1 DAGs
[2024-06-03T12:18:37.305+0000] {logging_mixin.py:188} INFO - [2024-06-03T12:18:37.305+0000] {dag.py:3954} INFO - Setting next_dagrun for latest_only to 2024-06-03 08:00:00+00:00, run_after=2024-06-03 12:00:00+00:00
[2024-06-03T12:18:37.327+0000] {processor.py:183} INFO - Processing /home/airflow/.local/lib/python3.12/site-packages/airflow/example_dags/example_latest_only.py took 0.090 seconds
[2024-06-03T12:19:07.492+0000] {processor.py:161} INFO - Started process (PID=1866) to work on /home/airflow/.local/lib/python3.12/site-packages/airflow/example_dags/example_latest_only.py
[2024-06-03T12:19:07.494+0000] {processor.py:830} INFO - Processing file /home/airflow/.local/lib/python3.12/site-packages/airflow/example_dags/example_latest_only.py for tasks to queue
[2024-06-03T12:19:07.496+0000] {logging_mixin.py:188} INFO - [2024-06-03T12:19:07.496+0000] {dagbag.py:545} INFO - Filling up the DagBag from /home/airflow/.local/lib/python3.12/site-packages/airflow/example_dags/example_latest_only.py
[2024-06-03T12:19:07.501+0000] {processor.py:840} INFO - DAG(s) 'latest_only' retrieved from /home/airflow/.local/lib/python3.12/site-packages/airflow/example_dags/example_latest_only.py
[2024-06-03T12:19:07.520+0000] {logging_mixin.py:188} INFO - [2024-06-03T12:19:07.520+0000] {dag.py:3096} INFO - Sync 1 DAGs
[2024-06-03T12:19:07.540+0000] {logging_mixin.py:188} INFO - [2024-06-03T12:19:07.540+0000] {dag.py:3954} INFO - Setting next_dagrun for latest_only to 2024-06-03 08:00:00+00:00, run_after=2024-06-03 12:00:00+00:00
[2024-06-03T12:19:07.559+0000] {processor.py:183} INFO - Processing /home/airflow/.local/lib/python3.12/site-packages/airflow/example_dags/example_latest_only.py took 0.073 seconds
[2024-06-03T12:19:37.684+0000] {processor.py:161} INFO - Started process (PID=1924) to work on /home/airflow/.local/lib/python3.12/site-packages/airflow/example_dags/example_latest_only.py
[2024-06-03T12:19:37.686+0000] {processor.py:830} INFO - Processing file /home/airflow/.local/lib/python3.12/site-packages/airflow/example_dags/example_latest_only.py for tasks to queue
[2024-06-03T12:19:37.689+0000] {logging_mixin.py:188} INFO - [2024-06-03T12:19:37.688+0000] {dagbag.py:545} INFO - Filling up the DagBag from /home/airflow/.local/lib/python3.12/site-packages/airflow/example_dags/example_latest_only.py
[2024-06-03T12:19:37.694+0000] {processor.py:840} INFO - DAG(s) 'latest_only' retrieved from /home/airflow/.local/lib/python3.12/site-packages/airflow/example_dags/example_latest_only.py
[2024-06-03T12:19:37.713+0000] {logging_mixin.py:188} INFO - [2024-06-03T12:19:37.713+0000] {dag.py:3096} INFO - Sync 1 DAGs
[2024-06-03T12:19:37.733+0000] {logging_mixin.py:188} INFO - [2024-06-03T12:19:37.733+0000] {dag.py:3954} INFO - Setting next_dagrun for latest_only to 2024-06-03 08:00:00+00:00, run_after=2024-06-03 12:00:00+00:00
[2024-06-03T12:19:37.750+0000] {processor.py:183} INFO - Processing /home/airflow/.local/lib/python3.12/site-packages/airflow/example_dags/example_latest_only.py took 0.072 seconds
[2024-06-03T12:20:08.572+0000] {processor.py:161} INFO - Started process (PID=1982) to work on /home/airflow/.local/lib/python3.12/site-packages/airflow/example_dags/example_latest_only.py
[2024-06-03T12:20:08.573+0000] {processor.py:830} INFO - Processing file /home/airflow/.local/lib/python3.12/site-packages/airflow/example_dags/example_latest_only.py for tasks to queue
[2024-06-03T12:20:08.575+0000] {logging_mixin.py:188} INFO - [2024-06-03T12:20:08.575+0000] {dagbag.py:545} INFO - Filling up the DagBag from /home/airflow/.local/lib/python3.12/site-packages/airflow/example_dags/example_latest_only.py
[2024-06-03T12:20:08.580+0000] {processor.py:840} INFO - DAG(s) 'latest_only' retrieved from /home/airflow/.local/lib/python3.12/site-packages/airflow/example_dags/example_latest_only.py
[2024-06-03T12:20:08.599+0000] {logging_mixin.py:188} INFO - [2024-06-03T12:20:08.598+0000] {dag.py:3096} INFO - Sync 1 DAGs
[2024-06-03T12:20:08.619+0000] {logging_mixin.py:188} INFO - [2024-06-03T12:20:08.618+0000] {dag.py:3954} INFO - Setting next_dagrun for latest_only to 2024-06-03 08:00:00+00:00, run_after=2024-06-03 12:00:00+00:00
[2024-06-03T12:20:08.635+0000] {processor.py:183} INFO - Processing /home/airflow/.local/lib/python3.12/site-packages/airflow/example_dags/example_latest_only.py took 0.069 seconds
[2024-06-03T12:20:38.936+0000] {processor.py:161} INFO - Started process (PID=2040) to work on /home/airflow/.local/lib/python3.12/site-packages/airflow/example_dags/example_latest_only.py
[2024-06-03T12:20:38.938+0000] {processor.py:830} INFO - Processing file /home/airflow/.local/lib/python3.12/site-packages/airflow/example_dags/example_latest_only.py for tasks to queue
[2024-06-03T12:20:38.940+0000] {logging_mixin.py:188} INFO - [2024-06-03T12:20:38.940+0000] {dagbag.py:545} INFO - Filling up the DagBag from /home/airflow/.local/lib/python3.12/site-packages/airflow/example_dags/example_latest_only.py
[2024-06-03T12:20:38.945+0000] {processor.py:840} INFO - DAG(s) 'latest_only' retrieved from /home/airflow/.local/lib/python3.12/site-packages/airflow/example_dags/example_latest_only.py
[2024-06-03T12:20:38.963+0000] {logging_mixin.py:188} INFO - [2024-06-03T12:20:38.963+0000] {dag.py:3096} INFO - Sync 1 DAGs
[2024-06-03T12:20:38.982+0000] {logging_mixin.py:188} INFO - [2024-06-03T12:20:38.982+0000] {dag.py:3954} INFO - Setting next_dagrun for latest_only to 2024-06-03 08:00:00+00:00, run_after=2024-06-03 12:00:00+00:00
[2024-06-03T12:20:38.999+0000] {processor.py:183} INFO - Processing /home/airflow/.local/lib/python3.12/site-packages/airflow/example_dags/example_latest_only.py took 0.068 seconds
[2024-06-03T12:21:09.252+0000] {processor.py:161} INFO - Started process (PID=2098) to work on /home/airflow/.local/lib/python3.12/site-packages/airflow/example_dags/example_latest_only.py
[2024-06-03T12:21:09.254+0000] {processor.py:830} INFO - Processing file /home/airflow/.local/lib/python3.12/site-packages/airflow/example_dags/example_latest_only.py for tasks to queue
[2024-06-03T12:21:09.256+0000] {logging_mixin.py:188} INFO - [2024-06-03T12:21:09.255+0000] {dagbag.py:545} INFO - Filling up the DagBag from /home/airflow/.local/lib/python3.12/site-packages/airflow/example_dags/example_latest_only.py
[2024-06-03T12:21:09.261+0000] {processor.py:840} INFO - DAG(s) 'latest_only' retrieved from /home/airflow/.local/lib/python3.12/site-packages/airflow/example_dags/example_latest_only.py
[2024-06-03T12:21:09.279+0000] {logging_mixin.py:188} INFO - [2024-06-03T12:21:09.278+0000] {dag.py:3096} INFO - Sync 1 DAGs
[2024-06-03T12:21:09.298+0000] {logging_mixin.py:188} INFO - [2024-06-03T12:21:09.298+0000] {dag.py:3954} INFO - Setting next_dagrun for latest_only to 2024-06-03 08:00:00+00:00, run_after=2024-06-03 12:00:00+00:00
[2024-06-03T12:21:09.315+0000] {processor.py:183} INFO - Processing /home/airflow/.local/lib/python3.12/site-packages/airflow/example_dags/example_latest_only.py took 0.068 seconds
[2024-06-03T12:21:39.495+0000] {processor.py:161} INFO - Started process (PID=2156) to work on /home/airflow/.local/lib/python3.12/site-packages/airflow/example_dags/example_latest_only.py
[2024-06-03T12:21:39.498+0000] {processor.py:830} INFO - Processing file /home/airflow/.local/lib/python3.12/site-packages/airflow/example_dags/example_latest_only.py for tasks to queue
[2024-06-03T12:21:39.500+0000] {logging_mixin.py:188} INFO - [2024-06-03T12:21:39.499+0000] {dagbag.py:545} INFO - Filling up the DagBag from /home/airflow/.local/lib/python3.12/site-packages/airflow/example_dags/example_latest_only.py
[2024-06-03T12:21:39.505+0000] {processor.py:840} INFO - DAG(s) 'latest_only' retrieved from /home/airflow/.local/lib/python3.12/site-packages/airflow/example_dags/example_latest_only.py
[2024-06-03T12:21:39.524+0000] {logging_mixin.py:188} INFO - [2024-06-03T12:21:39.523+0000] {dag.py:3096} INFO - Sync 1 DAGs
[2024-06-03T12:21:39.544+0000] {logging_mixin.py:188} INFO - [2024-06-03T12:21:39.544+0000] {dag.py:3954} INFO - Setting next_dagrun for latest_only to 2024-06-03 08:00:00+00:00, run_after=2024-06-03 12:00:00+00:00
[2024-06-03T12:21:39.561+0000] {processor.py:183} INFO - Processing /home/airflow/.local/lib/python3.12/site-packages/airflow/example_dags/example_latest_only.py took 0.072 seconds
[2024-06-03T12:22:10.220+0000] {processor.py:161} INFO - Started process (PID=2214) to work on /home/airflow/.local/lib/python3.12/site-packages/airflow/example_dags/example_latest_only.py
[2024-06-03T12:22:10.221+0000] {processor.py:830} INFO - Processing file /home/airflow/.local/lib/python3.12/site-packages/airflow/example_dags/example_latest_only.py for tasks to queue
[2024-06-03T12:22:10.224+0000] {logging_mixin.py:188} INFO - [2024-06-03T12:22:10.223+0000] {dagbag.py:545} INFO - Filling up the DagBag from /home/airflow/.local/lib/python3.12/site-packages/airflow/example_dags/example_latest_only.py
[2024-06-03T12:22:10.229+0000] {processor.py:840} INFO - DAG(s) 'latest_only' retrieved from /home/airflow/.local/lib/python3.12/site-packages/airflow/example_dags/example_latest_only.py
[2024-06-03T12:22:10.250+0000] {logging_mixin.py:188} INFO - [2024-06-03T12:22:10.249+0000] {dag.py:3096} INFO - Sync 1 DAGs
[2024-06-03T12:22:10.271+0000] {logging_mixin.py:188} INFO - [2024-06-03T12:22:10.271+0000] {dag.py:3954} INFO - Setting next_dagrun for latest_only to 2024-06-03 08:00:00+00:00, run_after=2024-06-03 12:00:00+00:00
[2024-06-03T12:22:10.292+0000] {processor.py:183} INFO - Processing /home/airflow/.local/lib/python3.12/site-packages/airflow/example_dags/example_latest_only.py took 0.079 seconds
[2024-06-03T12:22:40.366+0000] {processor.py:161} INFO - Started process (PID=2272) to work on /home/airflow/.local/lib/python3.12/site-packages/airflow/example_dags/example_latest_only.py
[2024-06-03T12:22:40.368+0000] {processor.py:830} INFO - Processing file /home/airflow/.local/lib/python3.12/site-packages/airflow/example_dags/example_latest_only.py for tasks to queue
[2024-06-03T12:22:40.370+0000] {logging_mixin.py:188} INFO - [2024-06-03T12:22:40.370+0000] {dagbag.py:545} INFO - Filling up the DagBag from /home/airflow/.local/lib/python3.12/site-packages/airflow/example_dags/example_latest_only.py
[2024-06-03T12:22:40.375+0000] {processor.py:840} INFO - DAG(s) 'latest_only' retrieved from /home/airflow/.local/lib/python3.12/site-packages/airflow/example_dags/example_latest_only.py
[2024-06-03T12:22:40.392+0000] {logging_mixin.py:188} INFO - [2024-06-03T12:22:40.392+0000] {dag.py:3096} INFO - Sync 1 DAGs
[2024-06-03T12:22:40.412+0000] {logging_mixin.py:188} INFO - [2024-06-03T12:22:40.412+0000] {dag.py:3954} INFO - Setting next_dagrun for latest_only to 2024-06-03 08:00:00+00:00, run_after=2024-06-03 12:00:00+00:00
[2024-06-03T12:22:40.431+0000] {processor.py:183} INFO - Processing /home/airflow/.local/lib/python3.12/site-packages/airflow/example_dags/example_latest_only.py took 0.071 seconds
[2024-06-03T12:23:10.907+0000] {processor.py:161} INFO - Started process (PID=2330) to work on /home/airflow/.local/lib/python3.12/site-packages/airflow/example_dags/example_latest_only.py
[2024-06-03T12:23:10.909+0000] {processor.py:830} INFO - Processing file /home/airflow/.local/lib/python3.12/site-packages/airflow/example_dags/example_latest_only.py for tasks to queue
[2024-06-03T12:23:10.911+0000] {logging_mixin.py:188} INFO - [2024-06-03T12:23:10.911+0000] {dagbag.py:545} INFO - Filling up the DagBag from /home/airflow/.local/lib/python3.12/site-packages/airflow/example_dags/example_latest_only.py
[2024-06-03T12:23:10.917+0000] {processor.py:840} INFO - DAG(s) 'latest_only' retrieved from /home/airflow/.local/lib/python3.12/site-packages/airflow/example_dags/example_latest_only.py
[2024-06-03T12:23:10.945+0000] {logging_mixin.py:188} INFO - [2024-06-03T12:23:10.944+0000] {dag.py:3096} INFO - Sync 1 DAGs
[2024-06-03T12:23:10.968+0000] {logging_mixin.py:188} INFO - [2024-06-03T12:23:10.967+0000] {dag.py:3954} INFO - Setting next_dagrun for latest_only to 2024-06-03 08:00:00+00:00, run_after=2024-06-03 12:00:00+00:00
[2024-06-03T12:23:10.987+0000] {processor.py:183} INFO - Processing /home/airflow/.local/lib/python3.12/site-packages/airflow/example_dags/example_latest_only.py took 0.087 seconds
[2024-06-03T12:23:41.178+0000] {processor.py:161} INFO - Started process (PID=2388) to work on /home/airflow/.local/lib/python3.12/site-packages/airflow/example_dags/example_latest_only.py
[2024-06-03T12:23:41.179+0000] {processor.py:830} INFO - Processing file /home/airflow/.local/lib/python3.12/site-packages/airflow/example_dags/example_latest_only.py for tasks to queue
[2024-06-03T12:23:41.181+0000] {logging_mixin.py:188} INFO - [2024-06-03T12:23:41.181+0000] {dagbag.py:545} INFO - Filling up the DagBag from /home/airflow/.local/lib/python3.12/site-packages/airflow/example_dags/example_latest_only.py
[2024-06-03T12:23:41.187+0000] {processor.py:840} INFO - DAG(s) 'latest_only' retrieved from /home/airflow/.local/lib/python3.12/site-packages/airflow/example_dags/example_latest_only.py
[2024-06-03T12:23:41.210+0000] {logging_mixin.py:188} INFO - [2024-06-03T12:23:41.209+0000] {dag.py:3096} INFO - Sync 1 DAGs
[2024-06-03T12:23:41.235+0000] {logging_mixin.py:188} INFO - [2024-06-03T12:23:41.235+0000] {dag.py:3954} INFO - Setting next_dagrun for latest_only to 2024-06-03 08:00:00+00:00, run_after=2024-06-03 12:00:00+00:00
[2024-06-03T12:23:41.258+0000] {processor.py:183} INFO - Processing /home/airflow/.local/lib/python3.12/site-packages/airflow/example_dags/example_latest_only.py took 0.087 seconds
[2024-06-03T12:24:11.294+0000] {processor.py:161} INFO - Started process (PID=2447) to work on /home/airflow/.local/lib/python3.12/site-packages/airflow/example_dags/example_latest_only.py
[2024-06-03T12:24:11.295+0000] {processor.py:830} INFO - Processing file /home/airflow/.local/lib/python3.12/site-packages/airflow/example_dags/example_latest_only.py for tasks to queue
[2024-06-03T12:24:11.298+0000] {logging_mixin.py:188} INFO - [2024-06-03T12:24:11.297+0000] {dagbag.py:545} INFO - Filling up the DagBag from /home/airflow/.local/lib/python3.12/site-packages/airflow/example_dags/example_latest_only.py
[2024-06-03T12:24:11.304+0000] {processor.py:840} INFO - DAG(s) 'latest_only' retrieved from /home/airflow/.local/lib/python3.12/site-packages/airflow/example_dags/example_latest_only.py
[2024-06-03T12:24:11.325+0000] {logging_mixin.py:188} INFO - [2024-06-03T12:24:11.325+0000] {dag.py:3096} INFO - Sync 1 DAGs
[2024-06-03T12:24:11.349+0000] {logging_mixin.py:188} INFO - [2024-06-03T12:24:11.348+0000] {dag.py:3954} INFO - Setting next_dagrun for latest_only to 2024-06-03 08:00:00+00:00, run_after=2024-06-03 12:00:00+00:00
[2024-06-03T12:24:11.370+0000] {processor.py:183} INFO - Processing /home/airflow/.local/lib/python3.12/site-packages/airflow/example_dags/example_latest_only.py took 0.084 seconds
[2024-06-03T12:24:41.707+0000] {processor.py:161} INFO - Started process (PID=2505) to work on /home/airflow/.local/lib/python3.12/site-packages/airflow/example_dags/example_latest_only.py
[2024-06-03T12:24:41.708+0000] {processor.py:830} INFO - Processing file /home/airflow/.local/lib/python3.12/site-packages/airflow/example_dags/example_latest_only.py for tasks to queue
[2024-06-03T12:24:41.710+0000] {logging_mixin.py:188} INFO - [2024-06-03T12:24:41.710+0000] {dagbag.py:545} INFO - Filling up the DagBag from /home/airflow/.local/lib/python3.12/site-packages/airflow/example_dags/example_latest_only.py
[2024-06-03T12:24:41.716+0000] {processor.py:840} INFO - DAG(s) 'latest_only' retrieved from /home/airflow/.local/lib/python3.12/site-packages/airflow/example_dags/example_latest_only.py
[2024-06-03T12:24:41.737+0000] {logging_mixin.py:188} INFO - [2024-06-03T12:24:41.737+0000] {dag.py:3096} INFO - Sync 1 DAGs
[2024-06-03T12:24:41.762+0000] {logging_mixin.py:188} INFO - [2024-06-03T12:24:41.762+0000] {dag.py:3954} INFO - Setting next_dagrun for latest_only to 2024-06-03 08:00:00+00:00, run_after=2024-06-03 12:00:00+00:00
[2024-06-03T12:24:41.785+0000] {processor.py:183} INFO - Processing /home/airflow/.local/lib/python3.12/site-packages/airflow/example_dags/example_latest_only.py took 0.085 seconds
[2024-06-03T12:25:12.164+0000] {processor.py:161} INFO - Started process (PID=2563) to work on /home/airflow/.local/lib/python3.12/site-packages/airflow/example_dags/example_latest_only.py
[2024-06-03T12:25:12.166+0000] {processor.py:830} INFO - Processing file /home/airflow/.local/lib/python3.12/site-packages/airflow/example_dags/example_latest_only.py for tasks to queue
[2024-06-03T12:25:12.168+0000] {logging_mixin.py:188} INFO - [2024-06-03T12:25:12.168+0000] {dagbag.py:545} INFO - Filling up the DagBag from /home/airflow/.local/lib/python3.12/site-packages/airflow/example_dags/example_latest_only.py
[2024-06-03T12:25:12.173+0000] {processor.py:840} INFO - DAG(s) 'latest_only' retrieved from /home/airflow/.local/lib/python3.12/site-packages/airflow/example_dags/example_latest_only.py
[2024-06-03T12:25:12.191+0000] {logging_mixin.py:188} INFO - [2024-06-03T12:25:12.191+0000] {dag.py:3096} INFO - Sync 1 DAGs
[2024-06-03T12:25:12.212+0000] {logging_mixin.py:188} INFO - [2024-06-03T12:25:12.212+0000] {dag.py:3954} INFO - Setting next_dagrun for latest_only to 2024-06-03 08:00:00+00:00, run_after=2024-06-03 12:00:00+00:00
[2024-06-03T12:25:12.229+0000] {processor.py:183} INFO - Processing /home/airflow/.local/lib/python3.12/site-packages/airflow/example_dags/example_latest_only.py took 0.071 seconds
[2024-06-03T12:25:42.650+0000] {processor.py:161} INFO - Started process (PID=2621) to work on /home/airflow/.local/lib/python3.12/site-packages/airflow/example_dags/example_latest_only.py
[2024-06-03T12:25:42.651+0000] {processor.py:830} INFO - Processing file /home/airflow/.local/lib/python3.12/site-packages/airflow/example_dags/example_latest_only.py for tasks to queue
[2024-06-03T12:25:42.653+0000] {logging_mixin.py:188} INFO - [2024-06-03T12:25:42.653+0000] {dagbag.py:545} INFO - Filling up the DagBag from /home/airflow/.local/lib/python3.12/site-packages/airflow/example_dags/example_latest_only.py
[2024-06-03T12:25:42.659+0000] {processor.py:840} INFO - DAG(s) 'latest_only' retrieved from /home/airflow/.local/lib/python3.12/site-packages/airflow/example_dags/example_latest_only.py
[2024-06-03T12:25:42.679+0000] {logging_mixin.py:188} INFO - [2024-06-03T12:25:42.679+0000] {dag.py:3096} INFO - Sync 1 DAGs
[2024-06-03T12:25:42.702+0000] {logging_mixin.py:188} INFO - [2024-06-03T12:25:42.702+0000] {dag.py:3954} INFO - Setting next_dagrun for latest_only to 2024-06-03 08:00:00+00:00, run_after=2024-06-03 12:00:00+00:00
[2024-06-03T12:25:42.722+0000] {processor.py:183} INFO - Processing /home/airflow/.local/lib/python3.12/site-packages/airflow/example_dags/example_latest_only.py took 0.078 seconds
[2024-06-03T12:26:12.940+0000] {processor.py:161} INFO - Started process (PID=2678) to work on /home/airflow/.local/lib/python3.12/site-packages/airflow/example_dags/example_latest_only.py
[2024-06-03T12:26:12.942+0000] {processor.py:830} INFO - Processing file /home/airflow/.local/lib/python3.12/site-packages/airflow/example_dags/example_latest_only.py for tasks to queue
[2024-06-03T12:26:12.944+0000] {logging_mixin.py:188} INFO - [2024-06-03T12:26:12.944+0000] {dagbag.py:545} INFO - Filling up the DagBag from /home/airflow/.local/lib/python3.12/site-packages/airflow/example_dags/example_latest_only.py
[2024-06-03T12:26:12.949+0000] {processor.py:840} INFO - DAG(s) 'latest_only' retrieved from /home/airflow/.local/lib/python3.12/site-packages/airflow/example_dags/example_latest_only.py
[2024-06-03T12:26:12.968+0000] {logging_mixin.py:188} INFO - [2024-06-03T12:26:12.968+0000] {dag.py:3096} INFO - Sync 1 DAGs
[2024-06-03T12:26:12.986+0000] {logging_mixin.py:188} INFO - [2024-06-03T12:26:12.985+0000] {dag.py:3954} INFO - Setting next_dagrun for latest_only to 2024-06-03 08:00:00+00:00, run_after=2024-06-03 12:00:00+00:00
[2024-06-03T12:26:13.002+0000] {processor.py:183} INFO - Processing /home/airflow/.local/lib/python3.12/site-packages/airflow/example_dags/example_latest_only.py took 0.067 seconds
[2024-06-03T12:26:43.310+0000] {processor.py:161} INFO - Started process (PID=2736) to work on /home/airflow/.local/lib/python3.12/site-packages/airflow/example_dags/example_latest_only.py
[2024-06-03T12:26:43.312+0000] {processor.py:830} INFO - Processing file /home/airflow/.local/lib/python3.12/site-packages/airflow/example_dags/example_latest_only.py for tasks to queue
[2024-06-03T12:26:43.314+0000] {logging_mixin.py:188} INFO - [2024-06-03T12:26:43.314+0000] {dagbag.py:545} INFO - Filling up the DagBag from /home/airflow/.local/lib/python3.12/site-packages/airflow/example_dags/example_latest_only.py
[2024-06-03T12:26:43.320+0000] {processor.py:840} INFO - DAG(s) 'latest_only' retrieved from /home/airflow/.local/lib/python3.12/site-packages/airflow/example_dags/example_latest_only.py
[2024-06-03T12:26:43.337+0000] {logging_mixin.py:188} INFO - [2024-06-03T12:26:43.336+0000] {dag.py:3096} INFO - Sync 1 DAGs
[2024-06-03T12:26:43.356+0000] {logging_mixin.py:188} INFO - [2024-06-03T12:26:43.356+0000] {dag.py:3954} INFO - Setting next_dagrun for latest_only to 2024-06-03 08:00:00+00:00, run_after=2024-06-03 12:00:00+00:00
[2024-06-03T12:26:43.371+0000] {processor.py:183} INFO - Processing /home/airflow/.local/lib/python3.12/site-packages/airflow/example_dags/example_latest_only.py took 0.067 seconds
[2024-06-03T12:27:13.689+0000] {processor.py:161} INFO - Started process (PID=2794) to work on /home/airflow/.local/lib/python3.12/site-packages/airflow/example_dags/example_latest_only.py
[2024-06-03T12:27:13.690+0000] {processor.py:830} INFO - Processing file /home/airflow/.local/lib/python3.12/site-packages/airflow/example_dags/example_latest_only.py for tasks to queue
[2024-06-03T12:27:13.693+0000] {logging_mixin.py:188} INFO - [2024-06-03T12:27:13.692+0000] {dagbag.py:545} INFO - Filling up the DagBag from /home/airflow/.local/lib/python3.12/site-packages/airflow/example_dags/example_latest_only.py
[2024-06-03T12:27:13.698+0000] {processor.py:840} INFO - DAG(s) 'latest_only' retrieved from /home/airflow/.local/lib/python3.12/site-packages/airflow/example_dags/example_latest_only.py
[2024-06-03T12:27:13.717+0000] {logging_mixin.py:188} INFO - [2024-06-03T12:27:13.716+0000] {dag.py:3096} INFO - Sync 1 DAGs
[2024-06-03T12:27:13.736+0000] {logging_mixin.py:188} INFO - [2024-06-03T12:27:13.736+0000] {dag.py:3954} INFO - Setting next_dagrun for latest_only to 2024-06-03 08:00:00+00:00, run_after=2024-06-03 12:00:00+00:00
[2024-06-03T12:27:13.754+0000] {processor.py:183} INFO - Processing /home/airflow/.local/lib/python3.12/site-packages/airflow/example_dags/example_latest_only.py took 0.072 seconds
[2024-06-03T12:27:43.870+0000] {processor.py:161} INFO - Started process (PID=2852) to work on /home/airflow/.local/lib/python3.12/site-packages/airflow/example_dags/example_latest_only.py
[2024-06-03T12:27:43.872+0000] {processor.py:830} INFO - Processing file /home/airflow/.local/lib/python3.12/site-packages/airflow/example_dags/example_latest_only.py for tasks to queue
[2024-06-03T12:27:43.876+0000] {logging_mixin.py:188} INFO - [2024-06-03T12:27:43.875+0000] {dagbag.py:545} INFO - Filling up the DagBag from /home/airflow/.local/lib/python3.12/site-packages/airflow/example_dags/example_latest_only.py
[2024-06-03T12:27:43.881+0000] {processor.py:840} INFO - DAG(s) 'latest_only' retrieved from /home/airflow/.local/lib/python3.12/site-packages/airflow/example_dags/example_latest_only.py
[2024-06-03T12:27:43.900+0000] {logging_mixin.py:188} INFO - [2024-06-03T12:27:43.900+0000] {dag.py:3096} INFO - Sync 1 DAGs
[2024-06-03T12:27:43.921+0000] {logging_mixin.py:188} INFO - [2024-06-03T12:27:43.921+0000] {dag.py:3954} INFO - Setting next_dagrun for latest_only to 2024-06-03 08:00:00+00:00, run_after=2024-06-03 12:00:00+00:00
[2024-06-03T12:27:43.940+0000] {processor.py:183} INFO - Processing /home/airflow/.local/lib/python3.12/site-packages/airflow/example_dags/example_latest_only.py took 0.076 seconds
