[2024-06-03T12:03:21.977+0000] {processor.py:161} INFO - Started process (PID=48) to work on /home/airflow/.local/lib/python3.12/site-packages/airflow/example_dags/example_branch_labels.py
[2024-06-03T12:03:21.979+0000] {processor.py:830} INFO - Processing file /home/airflow/.local/lib/python3.12/site-packages/airflow/example_dags/example_branch_labels.py for tasks to queue
[2024-06-03T12:03:21.981+0000] {logging_mixin.py:188} INFO - [2024-06-03T12:03:21.981+0000] {dagbag.py:545} INFO - Filling up the DagBag from /home/airflow/.local/lib/python3.12/site-packages/airflow/example_dags/example_branch_labels.py
[2024-06-03T12:03:21.991+0000] {processor.py:840} INFO - DAG(s) 'example_branch_labels' retrieved from /home/airflow/.local/lib/python3.12/site-packages/airflow/example_dags/example_branch_labels.py
[2024-06-03T12:03:22.023+0000] {logging_mixin.py:188} INFO - [2024-06-03T12:03:22.023+0000] {dag.py:3096} INFO - Sync 1 DAGs
[2024-06-03T12:03:22.044+0000] {logging_mixin.py:188} INFO - [2024-06-03T12:03:22.044+0000] {dag.py:3954} INFO - Setting next_dagrun for example_branch_labels to 2024-06-02 00:00:00+00:00, run_after=2024-06-03 00:00:00+00:00
[2024-06-03T12:03:22.061+0000] {processor.py:183} INFO - Processing /home/airflow/.local/lib/python3.12/site-packages/airflow/example_dags/example_branch_labels.py took 0.089 seconds
[2024-06-03T12:03:52.269+0000] {processor.py:161} INFO - Started process (PID=106) to work on /home/airflow/.local/lib/python3.12/site-packages/airflow/example_dags/example_branch_labels.py
[2024-06-03T12:03:52.271+0000] {processor.py:830} INFO - Processing file /home/airflow/.local/lib/python3.12/site-packages/airflow/example_dags/example_branch_labels.py for tasks to queue
[2024-06-03T12:03:52.274+0000] {logging_mixin.py:188} INFO - [2024-06-03T12:03:52.274+0000] {dagbag.py:545} INFO - Filling up the DagBag from /home/airflow/.local/lib/python3.12/site-packages/airflow/example_dags/example_branch_labels.py
[2024-06-03T12:03:52.283+0000] {processor.py:840} INFO - DAG(s) 'example_branch_labels' retrieved from /home/airflow/.local/lib/python3.12/site-packages/airflow/example_dags/example_branch_labels.py
[2024-06-03T12:03:52.304+0000] {logging_mixin.py:188} INFO - [2024-06-03T12:03:52.304+0000] {dag.py:3096} INFO - Sync 1 DAGs
[2024-06-03T12:03:52.326+0000] {logging_mixin.py:188} INFO - [2024-06-03T12:03:52.326+0000] {dag.py:3954} INFO - Setting next_dagrun for example_branch_labels to 2024-06-02 00:00:00+00:00, run_after=2024-06-03 00:00:00+00:00
[2024-06-03T12:03:52.346+0000] {processor.py:183} INFO - Processing /home/airflow/.local/lib/python3.12/site-packages/airflow/example_dags/example_branch_labels.py took 0.083 seconds
[2024-06-03T12:04:22.823+0000] {processor.py:161} INFO - Started process (PID=164) to work on /home/airflow/.local/lib/python3.12/site-packages/airflow/example_dags/example_branch_labels.py
[2024-06-03T12:04:22.825+0000] {processor.py:830} INFO - Processing file /home/airflow/.local/lib/python3.12/site-packages/airflow/example_dags/example_branch_labels.py for tasks to queue
[2024-06-03T12:04:22.827+0000] {logging_mixin.py:188} INFO - [2024-06-03T12:04:22.827+0000] {dagbag.py:545} INFO - Filling up the DagBag from /home/airflow/.local/lib/python3.12/site-packages/airflow/example_dags/example_branch_labels.py
[2024-06-03T12:04:22.836+0000] {processor.py:840} INFO - DAG(s) 'example_branch_labels' retrieved from /home/airflow/.local/lib/python3.12/site-packages/airflow/example_dags/example_branch_labels.py
[2024-06-03T12:04:22.860+0000] {logging_mixin.py:188} INFO - [2024-06-03T12:04:22.860+0000] {dag.py:3096} INFO - Sync 1 DAGs
[2024-06-03T12:04:22.887+0000] {logging_mixin.py:188} INFO - [2024-06-03T12:04:22.887+0000] {dag.py:3954} INFO - Setting next_dagrun for example_branch_labels to 2024-06-02 00:00:00+00:00, run_after=2024-06-03 00:00:00+00:00
[2024-06-03T12:04:22.920+0000] {processor.py:183} INFO - Processing /home/airflow/.local/lib/python3.12/site-packages/airflow/example_dags/example_branch_labels.py took 0.104 seconds
[2024-06-03T12:04:53.263+0000] {processor.py:161} INFO - Started process (PID=222) to work on /home/airflow/.local/lib/python3.12/site-packages/airflow/example_dags/example_branch_labels.py
[2024-06-03T12:04:53.265+0000] {processor.py:830} INFO - Processing file /home/airflow/.local/lib/python3.12/site-packages/airflow/example_dags/example_branch_labels.py for tasks to queue
[2024-06-03T12:04:53.267+0000] {logging_mixin.py:188} INFO - [2024-06-03T12:04:53.266+0000] {dagbag.py:545} INFO - Filling up the DagBag from /home/airflow/.local/lib/python3.12/site-packages/airflow/example_dags/example_branch_labels.py
[2024-06-03T12:04:53.275+0000] {processor.py:840} INFO - DAG(s) 'example_branch_labels' retrieved from /home/airflow/.local/lib/python3.12/site-packages/airflow/example_dags/example_branch_labels.py
[2024-06-03T12:04:53.296+0000] {logging_mixin.py:188} INFO - [2024-06-03T12:04:53.296+0000] {dag.py:3096} INFO - Sync 1 DAGs
[2024-06-03T12:04:53.320+0000] {logging_mixin.py:188} INFO - [2024-06-03T12:04:53.320+0000] {dag.py:3954} INFO - Setting next_dagrun for example_branch_labels to 2024-06-02 00:00:00+00:00, run_after=2024-06-03 00:00:00+00:00
[2024-06-03T12:04:53.339+0000] {processor.py:183} INFO - Processing /home/airflow/.local/lib/python3.12/site-packages/airflow/example_dags/example_branch_labels.py took 0.082 seconds
[2024-06-03T12:05:23.382+0000] {processor.py:161} INFO - Started process (PID=280) to work on /home/airflow/.local/lib/python3.12/site-packages/airflow/example_dags/example_branch_labels.py
[2024-06-03T12:05:23.383+0000] {processor.py:830} INFO - Processing file /home/airflow/.local/lib/python3.12/site-packages/airflow/example_dags/example_branch_labels.py for tasks to queue
[2024-06-03T12:05:23.385+0000] {logging_mixin.py:188} INFO - [2024-06-03T12:05:23.385+0000] {dagbag.py:545} INFO - Filling up the DagBag from /home/airflow/.local/lib/python3.12/site-packages/airflow/example_dags/example_branch_labels.py
[2024-06-03T12:05:23.392+0000] {processor.py:840} INFO - DAG(s) 'example_branch_labels' retrieved from /home/airflow/.local/lib/python3.12/site-packages/airflow/example_dags/example_branch_labels.py
[2024-06-03T12:05:23.413+0000] {logging_mixin.py:188} INFO - [2024-06-03T12:05:23.412+0000] {dag.py:3096} INFO - Sync 1 DAGs
[2024-06-03T12:05:23.434+0000] {logging_mixin.py:188} INFO - [2024-06-03T12:05:23.434+0000] {dag.py:3954} INFO - Setting next_dagrun for example_branch_labels to 2024-06-02 00:00:00+00:00, run_after=2024-06-03 00:00:00+00:00
[2024-06-03T12:05:23.452+0000] {processor.py:183} INFO - Processing /home/airflow/.local/lib/python3.12/site-packages/airflow/example_dags/example_branch_labels.py took 0.076 seconds
[2024-06-03T12:05:53.957+0000] {processor.py:161} INFO - Started process (PID=338) to work on /home/airflow/.local/lib/python3.12/site-packages/airflow/example_dags/example_branch_labels.py
[2024-06-03T12:05:53.963+0000] {processor.py:830} INFO - Processing file /home/airflow/.local/lib/python3.12/site-packages/airflow/example_dags/example_branch_labels.py for tasks to queue
[2024-06-03T12:05:53.980+0000] {logging_mixin.py:188} INFO - [2024-06-03T12:05:53.980+0000] {dagbag.py:545} INFO - Filling up the DagBag from /home/airflow/.local/lib/python3.12/site-packages/airflow/example_dags/example_branch_labels.py
[2024-06-03T12:05:53.991+0000] {processor.py:840} INFO - DAG(s) 'example_branch_labels' retrieved from /home/airflow/.local/lib/python3.12/site-packages/airflow/example_dags/example_branch_labels.py
[2024-06-03T12:05:54.013+0000] {logging_mixin.py:188} INFO - [2024-06-03T12:05:54.013+0000] {dag.py:3096} INFO - Sync 1 DAGs
[2024-06-03T12:05:54.037+0000] {logging_mixin.py:188} INFO - [2024-06-03T12:05:54.037+0000] {dag.py:3954} INFO - Setting next_dagrun for example_branch_labels to 2024-06-02 00:00:00+00:00, run_after=2024-06-03 00:00:00+00:00
[2024-06-03T12:05:54.059+0000] {processor.py:183} INFO - Processing /home/airflow/.local/lib/python3.12/site-packages/airflow/example_dags/example_branch_labels.py took 0.107 seconds
[2024-06-03T12:06:24.212+0000] {processor.py:161} INFO - Started process (PID=396) to work on /home/airflow/.local/lib/python3.12/site-packages/airflow/example_dags/example_branch_labels.py
[2024-06-03T12:06:24.214+0000] {processor.py:830} INFO - Processing file /home/airflow/.local/lib/python3.12/site-packages/airflow/example_dags/example_branch_labels.py for tasks to queue
[2024-06-03T12:06:24.217+0000] {logging_mixin.py:188} INFO - [2024-06-03T12:06:24.216+0000] {dagbag.py:545} INFO - Filling up the DagBag from /home/airflow/.local/lib/python3.12/site-packages/airflow/example_dags/example_branch_labels.py
[2024-06-03T12:06:24.226+0000] {processor.py:840} INFO - DAG(s) 'example_branch_labels' retrieved from /home/airflow/.local/lib/python3.12/site-packages/airflow/example_dags/example_branch_labels.py
[2024-06-03T12:06:24.266+0000] {logging_mixin.py:188} INFO - [2024-06-03T12:06:24.266+0000] {dag.py:3096} INFO - Sync 1 DAGs
[2024-06-03T12:06:24.299+0000] {logging_mixin.py:188} INFO - [2024-06-03T12:06:24.299+0000] {dag.py:3954} INFO - Setting next_dagrun for example_branch_labels to 2024-06-02 00:00:00+00:00, run_after=2024-06-03 00:00:00+00:00
[2024-06-03T12:06:24.323+0000] {processor.py:183} INFO - Processing /home/airflow/.local/lib/python3.12/site-packages/airflow/example_dags/example_branch_labels.py took 0.120 seconds
[2024-06-03T12:06:54.779+0000] {processor.py:161} INFO - Started process (PID=454) to work on /home/airflow/.local/lib/python3.12/site-packages/airflow/example_dags/example_branch_labels.py
[2024-06-03T12:06:54.781+0000] {processor.py:830} INFO - Processing file /home/airflow/.local/lib/python3.12/site-packages/airflow/example_dags/example_branch_labels.py for tasks to queue
[2024-06-03T12:06:54.784+0000] {logging_mixin.py:188} INFO - [2024-06-03T12:06:54.783+0000] {dagbag.py:545} INFO - Filling up the DagBag from /home/airflow/.local/lib/python3.12/site-packages/airflow/example_dags/example_branch_labels.py
[2024-06-03T12:06:54.791+0000] {processor.py:840} INFO - DAG(s) 'example_branch_labels' retrieved from /home/airflow/.local/lib/python3.12/site-packages/airflow/example_dags/example_branch_labels.py
[2024-06-03T12:06:54.810+0000] {logging_mixin.py:188} INFO - [2024-06-03T12:06:54.810+0000] {dag.py:3096} INFO - Sync 1 DAGs
[2024-06-03T12:06:54.831+0000] {logging_mixin.py:188} INFO - [2024-06-03T12:06:54.831+0000] {dag.py:3954} INFO - Setting next_dagrun for example_branch_labels to 2024-06-02 00:00:00+00:00, run_after=2024-06-03 00:00:00+00:00
[2024-06-03T12:06:54.848+0000] {processor.py:183} INFO - Processing /home/airflow/.local/lib/python3.12/site-packages/airflow/example_dags/example_branch_labels.py took 0.075 seconds
[2024-06-03T12:07:25.380+0000] {processor.py:161} INFO - Started process (PID=512) to work on /home/airflow/.local/lib/python3.12/site-packages/airflow/example_dags/example_branch_labels.py
[2024-06-03T12:07:25.382+0000] {processor.py:830} INFO - Processing file /home/airflow/.local/lib/python3.12/site-packages/airflow/example_dags/example_branch_labels.py for tasks to queue
[2024-06-03T12:07:25.385+0000] {logging_mixin.py:188} INFO - [2024-06-03T12:07:25.384+0000] {dagbag.py:545} INFO - Filling up the DagBag from /home/airflow/.local/lib/python3.12/site-packages/airflow/example_dags/example_branch_labels.py
[2024-06-03T12:07:25.393+0000] {processor.py:840} INFO - DAG(s) 'example_branch_labels' retrieved from /home/airflow/.local/lib/python3.12/site-packages/airflow/example_dags/example_branch_labels.py
[2024-06-03T12:07:25.414+0000] {logging_mixin.py:188} INFO - [2024-06-03T12:07:25.413+0000] {dag.py:3096} INFO - Sync 1 DAGs
[2024-06-03T12:07:25.436+0000] {logging_mixin.py:188} INFO - [2024-06-03T12:07:25.435+0000] {dag.py:3954} INFO - Setting next_dagrun for example_branch_labels to 2024-06-02 00:00:00+00:00, run_after=2024-06-03 00:00:00+00:00
[2024-06-03T12:07:25.456+0000] {processor.py:183} INFO - Processing /home/airflow/.local/lib/python3.12/site-packages/airflow/example_dags/example_branch_labels.py took 0.082 seconds
[2024-06-03T12:07:55.986+0000] {processor.py:161} INFO - Started process (PID=570) to work on /home/airflow/.local/lib/python3.12/site-packages/airflow/example_dags/example_branch_labels.py
[2024-06-03T12:07:55.988+0000] {processor.py:830} INFO - Processing file /home/airflow/.local/lib/python3.12/site-packages/airflow/example_dags/example_branch_labels.py for tasks to queue
[2024-06-03T12:07:55.990+0000] {logging_mixin.py:188} INFO - [2024-06-03T12:07:55.990+0000] {dagbag.py:545} INFO - Filling up the DagBag from /home/airflow/.local/lib/python3.12/site-packages/airflow/example_dags/example_branch_labels.py
[2024-06-03T12:07:55.998+0000] {processor.py:840} INFO - DAG(s) 'example_branch_labels' retrieved from /home/airflow/.local/lib/python3.12/site-packages/airflow/example_dags/example_branch_labels.py
[2024-06-03T12:07:56.020+0000] {logging_mixin.py:188} INFO - [2024-06-03T12:07:56.020+0000] {dag.py:3096} INFO - Sync 1 DAGs
[2024-06-03T12:07:56.043+0000] {logging_mixin.py:188} INFO - [2024-06-03T12:07:56.043+0000] {dag.py:3954} INFO - Setting next_dagrun for example_branch_labels to 2024-06-02 00:00:00+00:00, run_after=2024-06-03 00:00:00+00:00
[2024-06-03T12:07:56.063+0000] {processor.py:183} INFO - Processing /home/airflow/.local/lib/python3.12/site-packages/airflow/example_dags/example_branch_labels.py took 0.083 seconds
[2024-06-03T12:08:26.537+0000] {processor.py:161} INFO - Started process (PID=628) to work on /home/airflow/.local/lib/python3.12/site-packages/airflow/example_dags/example_branch_labels.py
[2024-06-03T12:08:26.539+0000] {processor.py:830} INFO - Processing file /home/airflow/.local/lib/python3.12/site-packages/airflow/example_dags/example_branch_labels.py for tasks to queue
[2024-06-03T12:08:26.542+0000] {logging_mixin.py:188} INFO - [2024-06-03T12:08:26.542+0000] {dagbag.py:545} INFO - Filling up the DagBag from /home/airflow/.local/lib/python3.12/site-packages/airflow/example_dags/example_branch_labels.py
[2024-06-03T12:08:26.553+0000] {processor.py:840} INFO - DAG(s) 'example_branch_labels' retrieved from /home/airflow/.local/lib/python3.12/site-packages/airflow/example_dags/example_branch_labels.py
[2024-06-03T12:08:26.582+0000] {logging_mixin.py:188} INFO - [2024-06-03T12:08:26.582+0000] {dag.py:3096} INFO - Sync 1 DAGs
[2024-06-03T12:08:26.615+0000] {logging_mixin.py:188} INFO - [2024-06-03T12:08:26.614+0000] {dag.py:3954} INFO - Setting next_dagrun for example_branch_labels to 2024-06-02 00:00:00+00:00, run_after=2024-06-03 00:00:00+00:00
[2024-06-03T12:08:26.641+0000] {processor.py:183} INFO - Processing /home/airflow/.local/lib/python3.12/site-packages/airflow/example_dags/example_branch_labels.py took 0.111 seconds
[2024-06-03T12:08:56.725+0000] {processor.py:161} INFO - Started process (PID=686) to work on /home/airflow/.local/lib/python3.12/site-packages/airflow/example_dags/example_branch_labels.py
[2024-06-03T12:08:56.726+0000] {processor.py:830} INFO - Processing file /home/airflow/.local/lib/python3.12/site-packages/airflow/example_dags/example_branch_labels.py for tasks to queue
[2024-06-03T12:08:56.729+0000] {logging_mixin.py:188} INFO - [2024-06-03T12:08:56.728+0000] {dagbag.py:545} INFO - Filling up the DagBag from /home/airflow/.local/lib/python3.12/site-packages/airflow/example_dags/example_branch_labels.py
[2024-06-03T12:08:56.737+0000] {processor.py:840} INFO - DAG(s) 'example_branch_labels' retrieved from /home/airflow/.local/lib/python3.12/site-packages/airflow/example_dags/example_branch_labels.py
[2024-06-03T12:08:56.762+0000] {logging_mixin.py:188} INFO - [2024-06-03T12:08:56.762+0000] {dag.py:3096} INFO - Sync 1 DAGs
[2024-06-03T12:08:56.790+0000] {logging_mixin.py:188} INFO - [2024-06-03T12:08:56.789+0000] {dag.py:3954} INFO - Setting next_dagrun for example_branch_labels to 2024-06-02 00:00:00+00:00, run_after=2024-06-03 00:00:00+00:00
[2024-06-03T12:08:56.812+0000] {processor.py:183} INFO - Processing /home/airflow/.local/lib/python3.12/site-packages/airflow/example_dags/example_branch_labels.py took 0.094 seconds
[2024-06-03T12:09:27.183+0000] {processor.py:161} INFO - Started process (PID=744) to work on /home/airflow/.local/lib/python3.12/site-packages/airflow/example_dags/example_branch_labels.py
[2024-06-03T12:09:27.184+0000] {processor.py:830} INFO - Processing file /home/airflow/.local/lib/python3.12/site-packages/airflow/example_dags/example_branch_labels.py for tasks to queue
[2024-06-03T12:09:27.186+0000] {logging_mixin.py:188} INFO - [2024-06-03T12:09:27.186+0000] {dagbag.py:545} INFO - Filling up the DagBag from /home/airflow/.local/lib/python3.12/site-packages/airflow/example_dags/example_branch_labels.py
[2024-06-03T12:09:27.194+0000] {processor.py:840} INFO - DAG(s) 'example_branch_labels' retrieved from /home/airflow/.local/lib/python3.12/site-packages/airflow/example_dags/example_branch_labels.py
[2024-06-03T12:09:27.216+0000] {logging_mixin.py:188} INFO - [2024-06-03T12:09:27.216+0000] {dag.py:3096} INFO - Sync 1 DAGs
[2024-06-03T12:09:27.236+0000] {logging_mixin.py:188} INFO - [2024-06-03T12:09:27.236+0000] {dag.py:3954} INFO - Setting next_dagrun for example_branch_labels to 2024-06-02 00:00:00+00:00, run_after=2024-06-03 00:00:00+00:00
[2024-06-03T12:09:27.253+0000] {processor.py:183} INFO - Processing /home/airflow/.local/lib/python3.12/site-packages/airflow/example_dags/example_branch_labels.py took 0.076 seconds
[2024-06-03T12:09:57.498+0000] {processor.py:161} INFO - Started process (PID=803) to work on /home/airflow/.local/lib/python3.12/site-packages/airflow/example_dags/example_branch_labels.py
[2024-06-03T12:09:57.499+0000] {processor.py:830} INFO - Processing file /home/airflow/.local/lib/python3.12/site-packages/airflow/example_dags/example_branch_labels.py for tasks to queue
[2024-06-03T12:09:57.502+0000] {logging_mixin.py:188} INFO - [2024-06-03T12:09:57.501+0000] {dagbag.py:545} INFO - Filling up the DagBag from /home/airflow/.local/lib/python3.12/site-packages/airflow/example_dags/example_branch_labels.py
[2024-06-03T12:09:57.509+0000] {processor.py:840} INFO - DAG(s) 'example_branch_labels' retrieved from /home/airflow/.local/lib/python3.12/site-packages/airflow/example_dags/example_branch_labels.py
[2024-06-03T12:09:57.527+0000] {logging_mixin.py:188} INFO - [2024-06-03T12:09:57.527+0000] {dag.py:3096} INFO - Sync 1 DAGs
[2024-06-03T12:09:57.546+0000] {logging_mixin.py:188} INFO - [2024-06-03T12:09:57.546+0000] {dag.py:3954} INFO - Setting next_dagrun for example_branch_labels to 2024-06-02 00:00:00+00:00, run_after=2024-06-03 00:00:00+00:00
[2024-06-03T12:09:57.564+0000] {processor.py:183} INFO - Processing /home/airflow/.local/lib/python3.12/site-packages/airflow/example_dags/example_branch_labels.py took 0.071 seconds
[2024-06-03T12:10:27.673+0000] {processor.py:161} INFO - Started process (PID=861) to work on /home/airflow/.local/lib/python3.12/site-packages/airflow/example_dags/example_branch_labels.py
[2024-06-03T12:10:27.675+0000] {processor.py:830} INFO - Processing file /home/airflow/.local/lib/python3.12/site-packages/airflow/example_dags/example_branch_labels.py for tasks to queue
[2024-06-03T12:10:27.677+0000] {logging_mixin.py:188} INFO - [2024-06-03T12:10:27.677+0000] {dagbag.py:545} INFO - Filling up the DagBag from /home/airflow/.local/lib/python3.12/site-packages/airflow/example_dags/example_branch_labels.py
[2024-06-03T12:10:27.685+0000] {processor.py:840} INFO - DAG(s) 'example_branch_labels' retrieved from /home/airflow/.local/lib/python3.12/site-packages/airflow/example_dags/example_branch_labels.py
[2024-06-03T12:10:27.703+0000] {logging_mixin.py:188} INFO - [2024-06-03T12:10:27.703+0000] {dag.py:3096} INFO - Sync 1 DAGs
[2024-06-03T12:10:27.723+0000] {logging_mixin.py:188} INFO - [2024-06-03T12:10:27.723+0000] {dag.py:3954} INFO - Setting next_dagrun for example_branch_labels to 2024-06-02 00:00:00+00:00, run_after=2024-06-03 00:00:00+00:00
[2024-06-03T12:10:27.739+0000] {processor.py:183} INFO - Processing /home/airflow/.local/lib/python3.12/site-packages/airflow/example_dags/example_branch_labels.py took 0.071 seconds
[2024-06-03T12:10:57.971+0000] {processor.py:161} INFO - Started process (PID=919) to work on /home/airflow/.local/lib/python3.12/site-packages/airflow/example_dags/example_branch_labels.py
[2024-06-03T12:10:57.973+0000] {processor.py:830} INFO - Processing file /home/airflow/.local/lib/python3.12/site-packages/airflow/example_dags/example_branch_labels.py for tasks to queue
[2024-06-03T12:10:57.975+0000] {logging_mixin.py:188} INFO - [2024-06-03T12:10:57.975+0000] {dagbag.py:545} INFO - Filling up the DagBag from /home/airflow/.local/lib/python3.12/site-packages/airflow/example_dags/example_branch_labels.py
[2024-06-03T12:10:57.983+0000] {processor.py:840} INFO - DAG(s) 'example_branch_labels' retrieved from /home/airflow/.local/lib/python3.12/site-packages/airflow/example_dags/example_branch_labels.py
[2024-06-03T12:10:58.003+0000] {logging_mixin.py:188} INFO - [2024-06-03T12:10:58.003+0000] {dag.py:3096} INFO - Sync 1 DAGs
[2024-06-03T12:10:58.023+0000] {logging_mixin.py:188} INFO - [2024-06-03T12:10:58.022+0000] {dag.py:3954} INFO - Setting next_dagrun for example_branch_labels to 2024-06-02 00:00:00+00:00, run_after=2024-06-03 00:00:00+00:00
[2024-06-03T12:10:58.039+0000] {processor.py:183} INFO - Processing /home/airflow/.local/lib/python3.12/site-packages/airflow/example_dags/example_branch_labels.py took 0.073 seconds
[2024-06-03T12:11:28.177+0000] {processor.py:161} INFO - Started process (PID=977) to work on /home/airflow/.local/lib/python3.12/site-packages/airflow/example_dags/example_branch_labels.py
[2024-06-03T12:11:28.178+0000] {processor.py:830} INFO - Processing file /home/airflow/.local/lib/python3.12/site-packages/airflow/example_dags/example_branch_labels.py for tasks to queue
[2024-06-03T12:11:28.180+0000] {logging_mixin.py:188} INFO - [2024-06-03T12:11:28.180+0000] {dagbag.py:545} INFO - Filling up the DagBag from /home/airflow/.local/lib/python3.12/site-packages/airflow/example_dags/example_branch_labels.py
[2024-06-03T12:11:28.187+0000] {processor.py:840} INFO - DAG(s) 'example_branch_labels' retrieved from /home/airflow/.local/lib/python3.12/site-packages/airflow/example_dags/example_branch_labels.py
[2024-06-03T12:11:28.205+0000] {logging_mixin.py:188} INFO - [2024-06-03T12:11:28.205+0000] {dag.py:3096} INFO - Sync 1 DAGs
[2024-06-03T12:11:28.225+0000] {logging_mixin.py:188} INFO - [2024-06-03T12:11:28.225+0000] {dag.py:3954} INFO - Setting next_dagrun for example_branch_labels to 2024-06-02 00:00:00+00:00, run_after=2024-06-03 00:00:00+00:00
[2024-06-03T12:11:28.242+0000] {processor.py:183} INFO - Processing /home/airflow/.local/lib/python3.12/site-packages/airflow/example_dags/example_branch_labels.py took 0.071 seconds
[2024-06-03T12:11:58.440+0000] {processor.py:161} INFO - Started process (PID=1035) to work on /home/airflow/.local/lib/python3.12/site-packages/airflow/example_dags/example_branch_labels.py
[2024-06-03T12:11:58.443+0000] {processor.py:830} INFO - Processing file /home/airflow/.local/lib/python3.12/site-packages/airflow/example_dags/example_branch_labels.py for tasks to queue
[2024-06-03T12:11:58.445+0000] {logging_mixin.py:188} INFO - [2024-06-03T12:11:58.444+0000] {dagbag.py:545} INFO - Filling up the DagBag from /home/airflow/.local/lib/python3.12/site-packages/airflow/example_dags/example_branch_labels.py
[2024-06-03T12:11:58.451+0000] {processor.py:840} INFO - DAG(s) 'example_branch_labels' retrieved from /home/airflow/.local/lib/python3.12/site-packages/airflow/example_dags/example_branch_labels.py
[2024-06-03T12:11:58.472+0000] {logging_mixin.py:188} INFO - [2024-06-03T12:11:58.471+0000] {dag.py:3096} INFO - Sync 1 DAGs
[2024-06-03T12:11:58.492+0000] {logging_mixin.py:188} INFO - [2024-06-03T12:11:58.492+0000] {dag.py:3954} INFO - Setting next_dagrun for example_branch_labels to 2024-06-02 00:00:00+00:00, run_after=2024-06-03 00:00:00+00:00
[2024-06-03T12:11:58.509+0000] {processor.py:183} INFO - Processing /home/airflow/.local/lib/python3.12/site-packages/airflow/example_dags/example_branch_labels.py took 0.074 seconds
[2024-06-03T12:12:28.827+0000] {processor.py:161} INFO - Started process (PID=1092) to work on /home/airflow/.local/lib/python3.12/site-packages/airflow/example_dags/example_branch_labels.py
[2024-06-03T12:12:28.828+0000] {processor.py:830} INFO - Processing file /home/airflow/.local/lib/python3.12/site-packages/airflow/example_dags/example_branch_labels.py for tasks to queue
[2024-06-03T12:12:28.830+0000] {logging_mixin.py:188} INFO - [2024-06-03T12:12:28.830+0000] {dagbag.py:545} INFO - Filling up the DagBag from /home/airflow/.local/lib/python3.12/site-packages/airflow/example_dags/example_branch_labels.py
[2024-06-03T12:12:28.838+0000] {processor.py:840} INFO - DAG(s) 'example_branch_labels' retrieved from /home/airflow/.local/lib/python3.12/site-packages/airflow/example_dags/example_branch_labels.py
[2024-06-03T12:12:28.858+0000] {logging_mixin.py:188} INFO - [2024-06-03T12:12:28.858+0000] {dag.py:3096} INFO - Sync 1 DAGs
[2024-06-03T12:12:28.880+0000] {logging_mixin.py:188} INFO - [2024-06-03T12:12:28.879+0000] {dag.py:3954} INFO - Setting next_dagrun for example_branch_labels to 2024-06-02 00:00:00+00:00, run_after=2024-06-03 00:00:00+00:00
[2024-06-03T12:12:28.903+0000] {processor.py:183} INFO - Processing /home/airflow/.local/lib/python3.12/site-packages/airflow/example_dags/example_branch_labels.py took 0.082 seconds
[2024-06-03T12:12:59.087+0000] {processor.py:161} INFO - Started process (PID=1150) to work on /home/airflow/.local/lib/python3.12/site-packages/airflow/example_dags/example_branch_labels.py
[2024-06-03T12:12:59.089+0000] {processor.py:830} INFO - Processing file /home/airflow/.local/lib/python3.12/site-packages/airflow/example_dags/example_branch_labels.py for tasks to queue
[2024-06-03T12:12:59.091+0000] {logging_mixin.py:188} INFO - [2024-06-03T12:12:59.090+0000] {dagbag.py:545} INFO - Filling up the DagBag from /home/airflow/.local/lib/python3.12/site-packages/airflow/example_dags/example_branch_labels.py
[2024-06-03T12:12:59.098+0000] {processor.py:840} INFO - DAG(s) 'example_branch_labels' retrieved from /home/airflow/.local/lib/python3.12/site-packages/airflow/example_dags/example_branch_labels.py
[2024-06-03T12:12:59.116+0000] {logging_mixin.py:188} INFO - [2024-06-03T12:12:59.116+0000] {dag.py:3096} INFO - Sync 1 DAGs
[2024-06-03T12:12:59.136+0000] {logging_mixin.py:188} INFO - [2024-06-03T12:12:59.136+0000] {dag.py:3954} INFO - Setting next_dagrun for example_branch_labels to 2024-06-02 00:00:00+00:00, run_after=2024-06-03 00:00:00+00:00
[2024-06-03T12:12:59.152+0000] {processor.py:183} INFO - Processing /home/airflow/.local/lib/python3.12/site-packages/airflow/example_dags/example_branch_labels.py took 0.070 seconds
[2024-06-03T12:13:29.357+0000] {processor.py:161} INFO - Started process (PID=1208) to work on /home/airflow/.local/lib/python3.12/site-packages/airflow/example_dags/example_branch_labels.py
[2024-06-03T12:13:29.358+0000] {processor.py:830} INFO - Processing file /home/airflow/.local/lib/python3.12/site-packages/airflow/example_dags/example_branch_labels.py for tasks to queue
[2024-06-03T12:13:29.360+0000] {logging_mixin.py:188} INFO - [2024-06-03T12:13:29.360+0000] {dagbag.py:545} INFO - Filling up the DagBag from /home/airflow/.local/lib/python3.12/site-packages/airflow/example_dags/example_branch_labels.py
[2024-06-03T12:13:29.368+0000] {processor.py:840} INFO - DAG(s) 'example_branch_labels' retrieved from /home/airflow/.local/lib/python3.12/site-packages/airflow/example_dags/example_branch_labels.py
[2024-06-03T12:13:29.391+0000] {logging_mixin.py:188} INFO - [2024-06-03T12:13:29.391+0000] {dag.py:3096} INFO - Sync 1 DAGs
[2024-06-03T12:13:29.415+0000] {logging_mixin.py:188} INFO - [2024-06-03T12:13:29.415+0000] {dag.py:3954} INFO - Setting next_dagrun for example_branch_labels to 2024-06-02 00:00:00+00:00, run_after=2024-06-03 00:00:00+00:00
[2024-06-03T12:13:29.436+0000] {processor.py:183} INFO - Processing /home/airflow/.local/lib/python3.12/site-packages/airflow/example_dags/example_branch_labels.py took 0.086 seconds
[2024-06-03T12:13:59.659+0000] {processor.py:161} INFO - Started process (PID=1266) to work on /home/airflow/.local/lib/python3.12/site-packages/airflow/example_dags/example_branch_labels.py
[2024-06-03T12:13:59.660+0000] {processor.py:830} INFO - Processing file /home/airflow/.local/lib/python3.12/site-packages/airflow/example_dags/example_branch_labels.py for tasks to queue
[2024-06-03T12:13:59.663+0000] {logging_mixin.py:188} INFO - [2024-06-03T12:13:59.663+0000] {dagbag.py:545} INFO - Filling up the DagBag from /home/airflow/.local/lib/python3.12/site-packages/airflow/example_dags/example_branch_labels.py
[2024-06-03T12:13:59.671+0000] {processor.py:840} INFO - DAG(s) 'example_branch_labels' retrieved from /home/airflow/.local/lib/python3.12/site-packages/airflow/example_dags/example_branch_labels.py
[2024-06-03T12:13:59.692+0000] {logging_mixin.py:188} INFO - [2024-06-03T12:13:59.692+0000] {dag.py:3096} INFO - Sync 1 DAGs
[2024-06-03T12:13:59.716+0000] {logging_mixin.py:188} INFO - [2024-06-03T12:13:59.716+0000] {dag.py:3954} INFO - Setting next_dagrun for example_branch_labels to 2024-06-02 00:00:00+00:00, run_after=2024-06-03 00:00:00+00:00
[2024-06-03T12:13:59.738+0000] {processor.py:183} INFO - Processing /home/airflow/.local/lib/python3.12/site-packages/airflow/example_dags/example_branch_labels.py took 0.085 seconds
[2024-06-03T12:14:29.887+0000] {processor.py:161} INFO - Started process (PID=1324) to work on /home/airflow/.local/lib/python3.12/site-packages/airflow/example_dags/example_branch_labels.py
[2024-06-03T12:14:29.889+0000] {processor.py:830} INFO - Processing file /home/airflow/.local/lib/python3.12/site-packages/airflow/example_dags/example_branch_labels.py for tasks to queue
[2024-06-03T12:14:29.891+0000] {logging_mixin.py:188} INFO - [2024-06-03T12:14:29.891+0000] {dagbag.py:545} INFO - Filling up the DagBag from /home/airflow/.local/lib/python3.12/site-packages/airflow/example_dags/example_branch_labels.py
[2024-06-03T12:14:29.898+0000] {processor.py:840} INFO - DAG(s) 'example_branch_labels' retrieved from /home/airflow/.local/lib/python3.12/site-packages/airflow/example_dags/example_branch_labels.py
[2024-06-03T12:14:29.916+0000] {logging_mixin.py:188} INFO - [2024-06-03T12:14:29.916+0000] {dag.py:3096} INFO - Sync 1 DAGs
[2024-06-03T12:14:29.936+0000] {logging_mixin.py:188} INFO - [2024-06-03T12:14:29.936+0000] {dag.py:3954} INFO - Setting next_dagrun for example_branch_labels to 2024-06-02 00:00:00+00:00, run_after=2024-06-03 00:00:00+00:00
[2024-06-03T12:14:29.954+0000] {processor.py:183} INFO - Processing /home/airflow/.local/lib/python3.12/site-packages/airflow/example_dags/example_branch_labels.py took 0.071 seconds
[2024-06-03T12:15:00.312+0000] {processor.py:161} INFO - Started process (PID=1382) to work on /home/airflow/.local/lib/python3.12/site-packages/airflow/example_dags/example_branch_labels.py
[2024-06-03T12:15:00.314+0000] {processor.py:830} INFO - Processing file /home/airflow/.local/lib/python3.12/site-packages/airflow/example_dags/example_branch_labels.py for tasks to queue
[2024-06-03T12:15:00.318+0000] {logging_mixin.py:188} INFO - [2024-06-03T12:15:00.317+0000] {dagbag.py:545} INFO - Filling up the DagBag from /home/airflow/.local/lib/python3.12/site-packages/airflow/example_dags/example_branch_labels.py
[2024-06-03T12:15:00.325+0000] {processor.py:840} INFO - DAG(s) 'example_branch_labels' retrieved from /home/airflow/.local/lib/python3.12/site-packages/airflow/example_dags/example_branch_labels.py
[2024-06-03T12:15:00.343+0000] {logging_mixin.py:188} INFO - [2024-06-03T12:15:00.343+0000] {dag.py:3096} INFO - Sync 1 DAGs
[2024-06-03T12:15:00.367+0000] {logging_mixin.py:188} INFO - [2024-06-03T12:15:00.367+0000] {dag.py:3954} INFO - Setting next_dagrun for example_branch_labels to 2024-06-02 00:00:00+00:00, run_after=2024-06-03 00:00:00+00:00
[2024-06-03T12:15:00.391+0000] {processor.py:183} INFO - Processing /home/airflow/.local/lib/python3.12/site-packages/airflow/example_dags/example_branch_labels.py took 0.084 seconds
[2024-06-03T12:15:30.905+0000] {processor.py:161} INFO - Started process (PID=1441) to work on /home/airflow/.local/lib/python3.12/site-packages/airflow/example_dags/example_branch_labels.py
[2024-06-03T12:15:30.907+0000] {processor.py:830} INFO - Processing file /home/airflow/.local/lib/python3.12/site-packages/airflow/example_dags/example_branch_labels.py for tasks to queue
[2024-06-03T12:15:30.909+0000] {logging_mixin.py:188} INFO - [2024-06-03T12:15:30.909+0000] {dagbag.py:545} INFO - Filling up the DagBag from /home/airflow/.local/lib/python3.12/site-packages/airflow/example_dags/example_branch_labels.py
[2024-06-03T12:15:30.916+0000] {processor.py:840} INFO - DAG(s) 'example_branch_labels' retrieved from /home/airflow/.local/lib/python3.12/site-packages/airflow/example_dags/example_branch_labels.py
[2024-06-03T12:15:30.936+0000] {logging_mixin.py:188} INFO - [2024-06-03T12:15:30.936+0000] {dag.py:3096} INFO - Sync 1 DAGs
[2024-06-03T12:15:30.957+0000] {logging_mixin.py:188} INFO - [2024-06-03T12:15:30.957+0000] {dag.py:3954} INFO - Setting next_dagrun for example_branch_labels to 2024-06-02 00:00:00+00:00, run_after=2024-06-03 00:00:00+00:00
[2024-06-03T12:15:31.091+0000] {processor.py:183} INFO - Processing /home/airflow/.local/lib/python3.12/site-packages/airflow/example_dags/example_branch_labels.py took 0.191 seconds
[2024-06-03T12:16:01.261+0000] {processor.py:161} INFO - Started process (PID=1501) to work on /home/airflow/.local/lib/python3.12/site-packages/airflow/example_dags/example_branch_labels.py
[2024-06-03T12:16:01.262+0000] {processor.py:830} INFO - Processing file /home/airflow/.local/lib/python3.12/site-packages/airflow/example_dags/example_branch_labels.py for tasks to queue
[2024-06-03T12:16:01.264+0000] {logging_mixin.py:188} INFO - [2024-06-03T12:16:01.264+0000] {dagbag.py:545} INFO - Filling up the DagBag from /home/airflow/.local/lib/python3.12/site-packages/airflow/example_dags/example_branch_labels.py
[2024-06-03T12:16:01.272+0000] {processor.py:840} INFO - DAG(s) 'example_branch_labels' retrieved from /home/airflow/.local/lib/python3.12/site-packages/airflow/example_dags/example_branch_labels.py
[2024-06-03T12:16:01.295+0000] {logging_mixin.py:188} INFO - [2024-06-03T12:16:01.295+0000] {dag.py:3096} INFO - Sync 1 DAGs
[2024-06-03T12:16:01.320+0000] {logging_mixin.py:188} INFO - [2024-06-03T12:16:01.319+0000] {dag.py:3954} INFO - Setting next_dagrun for example_branch_labels to 2024-06-02 00:00:00+00:00, run_after=2024-06-03 00:00:00+00:00
[2024-06-03T12:16:01.469+0000] {processor.py:183} INFO - Processing /home/airflow/.local/lib/python3.12/site-packages/airflow/example_dags/example_branch_labels.py took 0.215 seconds
[2024-06-03T12:16:31.783+0000] {processor.py:161} INFO - Started process (PID=1559) to work on /home/airflow/.local/lib/python3.12/site-packages/airflow/example_dags/example_branch_labels.py
[2024-06-03T12:16:31.785+0000] {processor.py:830} INFO - Processing file /home/airflow/.local/lib/python3.12/site-packages/airflow/example_dags/example_branch_labels.py for tasks to queue
[2024-06-03T12:16:31.787+0000] {logging_mixin.py:188} INFO - [2024-06-03T12:16:31.787+0000] {dagbag.py:545} INFO - Filling up the DagBag from /home/airflow/.local/lib/python3.12/site-packages/airflow/example_dags/example_branch_labels.py
[2024-06-03T12:16:31.796+0000] {processor.py:840} INFO - DAG(s) 'example_branch_labels' retrieved from /home/airflow/.local/lib/python3.12/site-packages/airflow/example_dags/example_branch_labels.py
[2024-06-03T12:16:31.819+0000] {logging_mixin.py:188} INFO - [2024-06-03T12:16:31.819+0000] {dag.py:3096} INFO - Sync 1 DAGs
[2024-06-03T12:16:31.845+0000] {logging_mixin.py:188} INFO - [2024-06-03T12:16:31.845+0000] {dag.py:3954} INFO - Setting next_dagrun for example_branch_labels to 2024-06-02 00:00:00+00:00, run_after=2024-06-03 00:00:00+00:00
[2024-06-03T12:16:31.986+0000] {processor.py:183} INFO - Processing /home/airflow/.local/lib/python3.12/site-packages/airflow/example_dags/example_branch_labels.py took 0.209 seconds
[2024-06-03T12:17:02.340+0000] {processor.py:161} INFO - Started process (PID=1616) to work on /home/airflow/.local/lib/python3.12/site-packages/airflow/example_dags/example_branch_labels.py
[2024-06-03T12:17:02.342+0000] {processor.py:830} INFO - Processing file /home/airflow/.local/lib/python3.12/site-packages/airflow/example_dags/example_branch_labels.py for tasks to queue
[2024-06-03T12:17:02.344+0000] {logging_mixin.py:188} INFO - [2024-06-03T12:17:02.344+0000] {dagbag.py:545} INFO - Filling up the DagBag from /home/airflow/.local/lib/python3.12/site-packages/airflow/example_dags/example_branch_labels.py
[2024-06-03T12:17:02.351+0000] {processor.py:840} INFO - DAG(s) 'example_branch_labels' retrieved from /home/airflow/.local/lib/python3.12/site-packages/airflow/example_dags/example_branch_labels.py
[2024-06-03T12:17:02.370+0000] {logging_mixin.py:188} INFO - [2024-06-03T12:17:02.370+0000] {dag.py:3096} INFO - Sync 1 DAGs
[2024-06-03T12:17:02.390+0000] {logging_mixin.py:188} INFO - [2024-06-03T12:17:02.390+0000] {dag.py:3954} INFO - Setting next_dagrun for example_branch_labels to 2024-06-02 00:00:00+00:00, run_after=2024-06-03 00:00:00+00:00
[2024-06-03T12:17:02.408+0000] {processor.py:183} INFO - Processing /home/airflow/.local/lib/python3.12/site-packages/airflow/example_dags/example_branch_labels.py took 0.073 seconds
[2024-06-03T12:17:32.441+0000] {processor.py:161} INFO - Started process (PID=1673) to work on /home/airflow/.local/lib/python3.12/site-packages/airflow/example_dags/example_branch_labels.py
[2024-06-03T12:17:32.442+0000] {processor.py:830} INFO - Processing file /home/airflow/.local/lib/python3.12/site-packages/airflow/example_dags/example_branch_labels.py for tasks to queue
[2024-06-03T12:17:32.445+0000] {logging_mixin.py:188} INFO - [2024-06-03T12:17:32.444+0000] {dagbag.py:545} INFO - Filling up the DagBag from /home/airflow/.local/lib/python3.12/site-packages/airflow/example_dags/example_branch_labels.py
[2024-06-03T12:17:32.453+0000] {processor.py:840} INFO - DAG(s) 'example_branch_labels' retrieved from /home/airflow/.local/lib/python3.12/site-packages/airflow/example_dags/example_branch_labels.py
[2024-06-03T12:17:32.474+0000] {logging_mixin.py:188} INFO - [2024-06-03T12:17:32.474+0000] {dag.py:3096} INFO - Sync 1 DAGs
[2024-06-03T12:17:32.495+0000] {logging_mixin.py:188} INFO - [2024-06-03T12:17:32.495+0000] {dag.py:3954} INFO - Setting next_dagrun for example_branch_labels to 2024-06-02 00:00:00+00:00, run_after=2024-06-03 00:00:00+00:00
[2024-06-03T12:17:32.515+0000] {processor.py:183} INFO - Processing /home/airflow/.local/lib/python3.12/site-packages/airflow/example_dags/example_branch_labels.py took 0.080 seconds
[2024-06-03T12:18:02.683+0000] {processor.py:161} INFO - Started process (PID=1730) to work on /home/airflow/.local/lib/python3.12/site-packages/airflow/example_dags/example_branch_labels.py
[2024-06-03T12:18:02.684+0000] {processor.py:830} INFO - Processing file /home/airflow/.local/lib/python3.12/site-packages/airflow/example_dags/example_branch_labels.py for tasks to queue
[2024-06-03T12:18:02.686+0000] {logging_mixin.py:188} INFO - [2024-06-03T12:18:02.686+0000] {dagbag.py:545} INFO - Filling up the DagBag from /home/airflow/.local/lib/python3.12/site-packages/airflow/example_dags/example_branch_labels.py
[2024-06-03T12:18:02.693+0000] {processor.py:840} INFO - DAG(s) 'example_branch_labels' retrieved from /home/airflow/.local/lib/python3.12/site-packages/airflow/example_dags/example_branch_labels.py
[2024-06-03T12:18:02.712+0000] {logging_mixin.py:188} INFO - [2024-06-03T12:18:02.712+0000] {dag.py:3096} INFO - Sync 1 DAGs
[2024-06-03T12:18:02.733+0000] {logging_mixin.py:188} INFO - [2024-06-03T12:18:02.733+0000] {dag.py:3954} INFO - Setting next_dagrun for example_branch_labels to 2024-06-02 00:00:00+00:00, run_after=2024-06-03 00:00:00+00:00
[2024-06-03T12:18:02.751+0000] {processor.py:183} INFO - Processing /home/airflow/.local/lib/python3.12/site-packages/airflow/example_dags/example_branch_labels.py took 0.074 seconds
[2024-06-03T12:18:33.035+0000] {processor.py:161} INFO - Started process (PID=1788) to work on /home/airflow/.local/lib/python3.12/site-packages/airflow/example_dags/example_branch_labels.py
[2024-06-03T12:18:33.037+0000] {processor.py:830} INFO - Processing file /home/airflow/.local/lib/python3.12/site-packages/airflow/example_dags/example_branch_labels.py for tasks to queue
[2024-06-03T12:18:33.040+0000] {logging_mixin.py:188} INFO - [2024-06-03T12:18:33.039+0000] {dagbag.py:545} INFO - Filling up the DagBag from /home/airflow/.local/lib/python3.12/site-packages/airflow/example_dags/example_branch_labels.py
[2024-06-03T12:18:33.048+0000] {processor.py:840} INFO - DAG(s) 'example_branch_labels' retrieved from /home/airflow/.local/lib/python3.12/site-packages/airflow/example_dags/example_branch_labels.py
[2024-06-03T12:18:33.074+0000] {logging_mixin.py:188} INFO - [2024-06-03T12:18:33.074+0000] {dag.py:3096} INFO - Sync 1 DAGs
[2024-06-03T12:18:33.099+0000] {logging_mixin.py:188} INFO - [2024-06-03T12:18:33.099+0000] {dag.py:3954} INFO - Setting next_dagrun for example_branch_labels to 2024-06-02 00:00:00+00:00, run_after=2024-06-03 00:00:00+00:00
[2024-06-03T12:18:33.124+0000] {processor.py:183} INFO - Processing /home/airflow/.local/lib/python3.12/site-packages/airflow/example_dags/example_branch_labels.py took 0.096 seconds
[2024-06-03T12:19:03.299+0000] {processor.py:161} INFO - Started process (PID=1846) to work on /home/airflow/.local/lib/python3.12/site-packages/airflow/example_dags/example_branch_labels.py
[2024-06-03T12:19:03.300+0000] {processor.py:830} INFO - Processing file /home/airflow/.local/lib/python3.12/site-packages/airflow/example_dags/example_branch_labels.py for tasks to queue
[2024-06-03T12:19:03.302+0000] {logging_mixin.py:188} INFO - [2024-06-03T12:19:03.302+0000] {dagbag.py:545} INFO - Filling up the DagBag from /home/airflow/.local/lib/python3.12/site-packages/airflow/example_dags/example_branch_labels.py
[2024-06-03T12:19:03.310+0000] {processor.py:840} INFO - DAG(s) 'example_branch_labels' retrieved from /home/airflow/.local/lib/python3.12/site-packages/airflow/example_dags/example_branch_labels.py
[2024-06-03T12:19:03.331+0000] {logging_mixin.py:188} INFO - [2024-06-03T12:19:03.331+0000] {dag.py:3096} INFO - Sync 1 DAGs
[2024-06-03T12:19:03.353+0000] {logging_mixin.py:188} INFO - [2024-06-03T12:19:03.353+0000] {dag.py:3954} INFO - Setting next_dagrun for example_branch_labels to 2024-06-02 00:00:00+00:00, run_after=2024-06-03 00:00:00+00:00
[2024-06-03T12:19:03.371+0000] {processor.py:183} INFO - Processing /home/airflow/.local/lib/python3.12/site-packages/airflow/example_dags/example_branch_labels.py took 0.079 seconds
[2024-06-03T12:19:33.454+0000] {processor.py:161} INFO - Started process (PID=1904) to work on /home/airflow/.local/lib/python3.12/site-packages/airflow/example_dags/example_branch_labels.py
[2024-06-03T12:19:33.456+0000] {processor.py:830} INFO - Processing file /home/airflow/.local/lib/python3.12/site-packages/airflow/example_dags/example_branch_labels.py for tasks to queue
[2024-06-03T12:19:33.459+0000] {logging_mixin.py:188} INFO - [2024-06-03T12:19:33.458+0000] {dagbag.py:545} INFO - Filling up the DagBag from /home/airflow/.local/lib/python3.12/site-packages/airflow/example_dags/example_branch_labels.py
[2024-06-03T12:19:33.466+0000] {processor.py:840} INFO - DAG(s) 'example_branch_labels' retrieved from /home/airflow/.local/lib/python3.12/site-packages/airflow/example_dags/example_branch_labels.py
[2024-06-03T12:19:33.484+0000] {logging_mixin.py:188} INFO - [2024-06-03T12:19:33.484+0000] {dag.py:3096} INFO - Sync 1 DAGs
[2024-06-03T12:19:33.504+0000] {logging_mixin.py:188} INFO - [2024-06-03T12:19:33.503+0000] {dag.py:3954} INFO - Setting next_dagrun for example_branch_labels to 2024-06-02 00:00:00+00:00, run_after=2024-06-03 00:00:00+00:00
[2024-06-03T12:19:33.520+0000] {processor.py:183} INFO - Processing /home/airflow/.local/lib/python3.12/site-packages/airflow/example_dags/example_branch_labels.py took 0.072 seconds
[2024-06-03T12:20:03.568+0000] {processor.py:161} INFO - Started process (PID=1962) to work on /home/airflow/.local/lib/python3.12/site-packages/airflow/example_dags/example_branch_labels.py
[2024-06-03T12:20:03.570+0000] {processor.py:830} INFO - Processing file /home/airflow/.local/lib/python3.12/site-packages/airflow/example_dags/example_branch_labels.py for tasks to queue
[2024-06-03T12:20:03.572+0000] {logging_mixin.py:188} INFO - [2024-06-03T12:20:03.571+0000] {dagbag.py:545} INFO - Filling up the DagBag from /home/airflow/.local/lib/python3.12/site-packages/airflow/example_dags/example_branch_labels.py
[2024-06-03T12:20:03.579+0000] {processor.py:840} INFO - DAG(s) 'example_branch_labels' retrieved from /home/airflow/.local/lib/python3.12/site-packages/airflow/example_dags/example_branch_labels.py
[2024-06-03T12:20:03.600+0000] {logging_mixin.py:188} INFO - [2024-06-03T12:20:03.600+0000] {dag.py:3096} INFO - Sync 1 DAGs
[2024-06-03T12:20:03.619+0000] {logging_mixin.py:188} INFO - [2024-06-03T12:20:03.619+0000] {dag.py:3954} INFO - Setting next_dagrun for example_branch_labels to 2024-06-02 00:00:00+00:00, run_after=2024-06-03 00:00:00+00:00
[2024-06-03T12:20:03.635+0000] {processor.py:183} INFO - Processing /home/airflow/.local/lib/python3.12/site-packages/airflow/example_dags/example_branch_labels.py took 0.073 seconds
[2024-06-03T12:20:33.919+0000] {processor.py:161} INFO - Started process (PID=2020) to work on /home/airflow/.local/lib/python3.12/site-packages/airflow/example_dags/example_branch_labels.py
[2024-06-03T12:20:33.920+0000] {processor.py:830} INFO - Processing file /home/airflow/.local/lib/python3.12/site-packages/airflow/example_dags/example_branch_labels.py for tasks to queue
[2024-06-03T12:20:33.923+0000] {logging_mixin.py:188} INFO - [2024-06-03T12:20:33.923+0000] {dagbag.py:545} INFO - Filling up the DagBag from /home/airflow/.local/lib/python3.12/site-packages/airflow/example_dags/example_branch_labels.py
[2024-06-03T12:20:33.930+0000] {processor.py:840} INFO - DAG(s) 'example_branch_labels' retrieved from /home/airflow/.local/lib/python3.12/site-packages/airflow/example_dags/example_branch_labels.py
[2024-06-03T12:20:33.950+0000] {logging_mixin.py:188} INFO - [2024-06-03T12:20:33.950+0000] {dag.py:3096} INFO - Sync 1 DAGs
[2024-06-03T12:20:33.971+0000] {logging_mixin.py:188} INFO - [2024-06-03T12:20:33.971+0000] {dag.py:3954} INFO - Setting next_dagrun for example_branch_labels to 2024-06-02 00:00:00+00:00, run_after=2024-06-03 00:00:00+00:00
[2024-06-03T12:20:33.990+0000] {processor.py:183} INFO - Processing /home/airflow/.local/lib/python3.12/site-packages/airflow/example_dags/example_branch_labels.py took 0.077 seconds
[2024-06-03T12:21:04.209+0000] {processor.py:161} INFO - Started process (PID=2078) to work on /home/airflow/.local/lib/python3.12/site-packages/airflow/example_dags/example_branch_labels.py
[2024-06-03T12:21:04.211+0000] {processor.py:830} INFO - Processing file /home/airflow/.local/lib/python3.12/site-packages/airflow/example_dags/example_branch_labels.py for tasks to queue
[2024-06-03T12:21:04.213+0000] {logging_mixin.py:188} INFO - [2024-06-03T12:21:04.213+0000] {dagbag.py:545} INFO - Filling up the DagBag from /home/airflow/.local/lib/python3.12/site-packages/airflow/example_dags/example_branch_labels.py
[2024-06-03T12:21:04.220+0000] {processor.py:840} INFO - DAG(s) 'example_branch_labels' retrieved from /home/airflow/.local/lib/python3.12/site-packages/airflow/example_dags/example_branch_labels.py
[2024-06-03T12:21:04.239+0000] {logging_mixin.py:188} INFO - [2024-06-03T12:21:04.238+0000] {dag.py:3096} INFO - Sync 1 DAGs
[2024-06-03T12:21:04.259+0000] {logging_mixin.py:188} INFO - [2024-06-03T12:21:04.259+0000] {dag.py:3954} INFO - Setting next_dagrun for example_branch_labels to 2024-06-02 00:00:00+00:00, run_after=2024-06-03 00:00:00+00:00
[2024-06-03T12:21:04.277+0000] {processor.py:183} INFO - Processing /home/airflow/.local/lib/python3.12/site-packages/airflow/example_dags/example_branch_labels.py took 0.073 seconds
[2024-06-03T12:21:34.480+0000] {processor.py:161} INFO - Started process (PID=2136) to work on /home/airflow/.local/lib/python3.12/site-packages/airflow/example_dags/example_branch_labels.py
[2024-06-03T12:21:34.481+0000] {processor.py:830} INFO - Processing file /home/airflow/.local/lib/python3.12/site-packages/airflow/example_dags/example_branch_labels.py for tasks to queue
[2024-06-03T12:21:34.483+0000] {logging_mixin.py:188} INFO - [2024-06-03T12:21:34.483+0000] {dagbag.py:545} INFO - Filling up the DagBag from /home/airflow/.local/lib/python3.12/site-packages/airflow/example_dags/example_branch_labels.py
[2024-06-03T12:21:34.490+0000] {processor.py:840} INFO - DAG(s) 'example_branch_labels' retrieved from /home/airflow/.local/lib/python3.12/site-packages/airflow/example_dags/example_branch_labels.py
[2024-06-03T12:21:34.508+0000] {logging_mixin.py:188} INFO - [2024-06-03T12:21:34.508+0000] {dag.py:3096} INFO - Sync 1 DAGs
[2024-06-03T12:21:34.527+0000] {logging_mixin.py:188} INFO - [2024-06-03T12:21:34.526+0000] {dag.py:3954} INFO - Setting next_dagrun for example_branch_labels to 2024-06-02 00:00:00+00:00, run_after=2024-06-03 00:00:00+00:00
[2024-06-03T12:21:34.543+0000] {processor.py:183} INFO - Processing /home/airflow/.local/lib/python3.12/site-packages/airflow/example_dags/example_branch_labels.py took 0.069 seconds
[2024-06-03T12:22:05.163+0000] {processor.py:161} INFO - Started process (PID=2194) to work on /home/airflow/.local/lib/python3.12/site-packages/airflow/example_dags/example_branch_labels.py
[2024-06-03T12:22:05.165+0000] {processor.py:830} INFO - Processing file /home/airflow/.local/lib/python3.12/site-packages/airflow/example_dags/example_branch_labels.py for tasks to queue
[2024-06-03T12:22:05.167+0000] {logging_mixin.py:188} INFO - [2024-06-03T12:22:05.167+0000] {dagbag.py:545} INFO - Filling up the DagBag from /home/airflow/.local/lib/python3.12/site-packages/airflow/example_dags/example_branch_labels.py
[2024-06-03T12:22:05.174+0000] {processor.py:840} INFO - DAG(s) 'example_branch_labels' retrieved from /home/airflow/.local/lib/python3.12/site-packages/airflow/example_dags/example_branch_labels.py
[2024-06-03T12:22:05.194+0000] {logging_mixin.py:188} INFO - [2024-06-03T12:22:05.194+0000] {dag.py:3096} INFO - Sync 1 DAGs
[2024-06-03T12:22:05.213+0000] {logging_mixin.py:188} INFO - [2024-06-03T12:22:05.213+0000] {dag.py:3954} INFO - Setting next_dagrun for example_branch_labels to 2024-06-02 00:00:00+00:00, run_after=2024-06-03 00:00:00+00:00
[2024-06-03T12:22:05.231+0000] {processor.py:183} INFO - Processing /home/airflow/.local/lib/python3.12/site-packages/airflow/example_dags/example_branch_labels.py took 0.073 seconds
[2024-06-03T12:22:35.344+0000] {processor.py:161} INFO - Started process (PID=2252) to work on /home/airflow/.local/lib/python3.12/site-packages/airflow/example_dags/example_branch_labels.py
[2024-06-03T12:22:35.346+0000] {processor.py:830} INFO - Processing file /home/airflow/.local/lib/python3.12/site-packages/airflow/example_dags/example_branch_labels.py for tasks to queue
[2024-06-03T12:22:35.348+0000] {logging_mixin.py:188} INFO - [2024-06-03T12:22:35.347+0000] {dagbag.py:545} INFO - Filling up the DagBag from /home/airflow/.local/lib/python3.12/site-packages/airflow/example_dags/example_branch_labels.py
[2024-06-03T12:22:35.355+0000] {processor.py:840} INFO - DAG(s) 'example_branch_labels' retrieved from /home/airflow/.local/lib/python3.12/site-packages/airflow/example_dags/example_branch_labels.py
[2024-06-03T12:22:35.374+0000] {logging_mixin.py:188} INFO - [2024-06-03T12:22:35.374+0000] {dag.py:3096} INFO - Sync 1 DAGs
[2024-06-03T12:22:35.393+0000] {logging_mixin.py:188} INFO - [2024-06-03T12:22:35.393+0000] {dag.py:3954} INFO - Setting next_dagrun for example_branch_labels to 2024-06-02 00:00:00+00:00, run_after=2024-06-03 00:00:00+00:00
[2024-06-03T12:22:35.411+0000] {processor.py:183} INFO - Processing /home/airflow/.local/lib/python3.12/site-packages/airflow/example_dags/example_branch_labels.py took 0.072 seconds
[2024-06-03T12:23:05.627+0000] {processor.py:161} INFO - Started process (PID=2310) to work on /home/airflow/.local/lib/python3.12/site-packages/airflow/example_dags/example_branch_labels.py
[2024-06-03T12:23:05.629+0000] {processor.py:830} INFO - Processing file /home/airflow/.local/lib/python3.12/site-packages/airflow/example_dags/example_branch_labels.py for tasks to queue
[2024-06-03T12:23:05.631+0000] {logging_mixin.py:188} INFO - [2024-06-03T12:23:05.631+0000] {dagbag.py:545} INFO - Filling up the DagBag from /home/airflow/.local/lib/python3.12/site-packages/airflow/example_dags/example_branch_labels.py
[2024-06-03T12:23:05.639+0000] {processor.py:840} INFO - DAG(s) 'example_branch_labels' retrieved from /home/airflow/.local/lib/python3.12/site-packages/airflow/example_dags/example_branch_labels.py
[2024-06-03T12:23:05.661+0000] {logging_mixin.py:188} INFO - [2024-06-03T12:23:05.661+0000] {dag.py:3096} INFO - Sync 1 DAGs
[2024-06-03T12:23:05.687+0000] {logging_mixin.py:188} INFO - [2024-06-03T12:23:05.687+0000] {dag.py:3954} INFO - Setting next_dagrun for example_branch_labels to 2024-06-02 00:00:00+00:00, run_after=2024-06-03 00:00:00+00:00
[2024-06-03T12:23:05.709+0000] {processor.py:183} INFO - Processing /home/airflow/.local/lib/python3.12/site-packages/airflow/example_dags/example_branch_labels.py took 0.087 seconds
[2024-06-03T12:23:35.946+0000] {processor.py:161} INFO - Started process (PID=2368) to work on /home/airflow/.local/lib/python3.12/site-packages/airflow/example_dags/example_branch_labels.py
[2024-06-03T12:23:35.947+0000] {processor.py:830} INFO - Processing file /home/airflow/.local/lib/python3.12/site-packages/airflow/example_dags/example_branch_labels.py for tasks to queue
[2024-06-03T12:23:35.950+0000] {logging_mixin.py:188} INFO - [2024-06-03T12:23:35.949+0000] {dagbag.py:545} INFO - Filling up the DagBag from /home/airflow/.local/lib/python3.12/site-packages/airflow/example_dags/example_branch_labels.py
[2024-06-03T12:23:35.957+0000] {processor.py:840} INFO - DAG(s) 'example_branch_labels' retrieved from /home/airflow/.local/lib/python3.12/site-packages/airflow/example_dags/example_branch_labels.py
[2024-06-03T12:23:35.975+0000] {logging_mixin.py:188} INFO - [2024-06-03T12:23:35.974+0000] {dag.py:3096} INFO - Sync 1 DAGs
[2024-06-03T12:23:35.995+0000] {logging_mixin.py:188} INFO - [2024-06-03T12:23:35.994+0000] {dag.py:3954} INFO - Setting next_dagrun for example_branch_labels to 2024-06-02 00:00:00+00:00, run_after=2024-06-03 00:00:00+00:00
[2024-06-03T12:23:36.012+0000] {processor.py:183} INFO - Processing /home/airflow/.local/lib/python3.12/site-packages/airflow/example_dags/example_branch_labels.py took 0.072 seconds
[2024-06-03T12:24:06.333+0000] {processor.py:161} INFO - Started process (PID=2427) to work on /home/airflow/.local/lib/python3.12/site-packages/airflow/example_dags/example_branch_labels.py
[2024-06-03T12:24:06.334+0000] {processor.py:830} INFO - Processing file /home/airflow/.local/lib/python3.12/site-packages/airflow/example_dags/example_branch_labels.py for tasks to queue
[2024-06-03T12:24:06.337+0000] {logging_mixin.py:188} INFO - [2024-06-03T12:24:06.336+0000] {dagbag.py:545} INFO - Filling up the DagBag from /home/airflow/.local/lib/python3.12/site-packages/airflow/example_dags/example_branch_labels.py
[2024-06-03T12:24:06.344+0000] {processor.py:840} INFO - DAG(s) 'example_branch_labels' retrieved from /home/airflow/.local/lib/python3.12/site-packages/airflow/example_dags/example_branch_labels.py
[2024-06-03T12:24:06.365+0000] {logging_mixin.py:188} INFO - [2024-06-03T12:24:06.365+0000] {dag.py:3096} INFO - Sync 1 DAGs
[2024-06-03T12:24:06.387+0000] {logging_mixin.py:188} INFO - [2024-06-03T12:24:06.387+0000] {dag.py:3954} INFO - Setting next_dagrun for example_branch_labels to 2024-06-02 00:00:00+00:00, run_after=2024-06-03 00:00:00+00:00
[2024-06-03T12:24:06.407+0000] {processor.py:183} INFO - Processing /home/airflow/.local/lib/python3.12/site-packages/airflow/example_dags/example_branch_labels.py took 0.080 seconds
[2024-06-03T12:24:36.603+0000] {processor.py:161} INFO - Started process (PID=2485) to work on /home/airflow/.local/lib/python3.12/site-packages/airflow/example_dags/example_branch_labels.py
[2024-06-03T12:24:36.605+0000] {processor.py:830} INFO - Processing file /home/airflow/.local/lib/python3.12/site-packages/airflow/example_dags/example_branch_labels.py for tasks to queue
[2024-06-03T12:24:36.607+0000] {logging_mixin.py:188} INFO - [2024-06-03T12:24:36.606+0000] {dagbag.py:545} INFO - Filling up the DagBag from /home/airflow/.local/lib/python3.12/site-packages/airflow/example_dags/example_branch_labels.py
[2024-06-03T12:24:36.614+0000] {processor.py:840} INFO - DAG(s) 'example_branch_labels' retrieved from /home/airflow/.local/lib/python3.12/site-packages/airflow/example_dags/example_branch_labels.py
[2024-06-03T12:24:36.635+0000] {logging_mixin.py:188} INFO - [2024-06-03T12:24:36.635+0000] {dag.py:3096} INFO - Sync 1 DAGs
[2024-06-03T12:24:36.656+0000] {logging_mixin.py:188} INFO - [2024-06-03T12:24:36.656+0000] {dag.py:3954} INFO - Setting next_dagrun for example_branch_labels to 2024-06-02 00:00:00+00:00, run_after=2024-06-03 00:00:00+00:00
[2024-06-03T12:24:36.677+0000] {processor.py:183} INFO - Processing /home/airflow/.local/lib/python3.12/site-packages/airflow/example_dags/example_branch_labels.py took 0.079 seconds
[2024-06-03T12:25:07.588+0000] {processor.py:161} INFO - Started process (PID=2541) to work on /home/airflow/.local/lib/python3.12/site-packages/airflow/example_dags/example_branch_labels.py
[2024-06-03T12:25:07.589+0000] {processor.py:830} INFO - Processing file /home/airflow/.local/lib/python3.12/site-packages/airflow/example_dags/example_branch_labels.py for tasks to queue
[2024-06-03T12:25:07.592+0000] {logging_mixin.py:188} INFO - [2024-06-03T12:25:07.591+0000] {dagbag.py:545} INFO - Filling up the DagBag from /home/airflow/.local/lib/python3.12/site-packages/airflow/example_dags/example_branch_labels.py
[2024-06-03T12:25:07.598+0000] {processor.py:840} INFO - DAG(s) 'example_branch_labels' retrieved from /home/airflow/.local/lib/python3.12/site-packages/airflow/example_dags/example_branch_labels.py
[2024-06-03T12:25:07.620+0000] {logging_mixin.py:188} INFO - [2024-06-03T12:25:07.619+0000] {dag.py:3096} INFO - Sync 1 DAGs
[2024-06-03T12:25:07.640+0000] {logging_mixin.py:188} INFO - [2024-06-03T12:25:07.639+0000] {dag.py:3954} INFO - Setting next_dagrun for example_branch_labels to 2024-06-02 00:00:00+00:00, run_after=2024-06-03 00:00:00+00:00
[2024-06-03T12:25:07.658+0000] {processor.py:183} INFO - Processing /home/airflow/.local/lib/python3.12/site-packages/airflow/example_dags/example_branch_labels.py took 0.075 seconds
[2024-06-03T12:25:38.264+0000] {processor.py:161} INFO - Started process (PID=2599) to work on /home/airflow/.local/lib/python3.12/site-packages/airflow/example_dags/example_branch_labels.py
[2024-06-03T12:25:38.265+0000] {processor.py:830} INFO - Processing file /home/airflow/.local/lib/python3.12/site-packages/airflow/example_dags/example_branch_labels.py for tasks to queue
[2024-06-03T12:25:38.268+0000] {logging_mixin.py:188} INFO - [2024-06-03T12:25:38.267+0000] {dagbag.py:545} INFO - Filling up the DagBag from /home/airflow/.local/lib/python3.12/site-packages/airflow/example_dags/example_branch_labels.py
[2024-06-03T12:25:38.275+0000] {processor.py:840} INFO - DAG(s) 'example_branch_labels' retrieved from /home/airflow/.local/lib/python3.12/site-packages/airflow/example_dags/example_branch_labels.py
[2024-06-03T12:25:38.297+0000] {logging_mixin.py:188} INFO - [2024-06-03T12:25:38.297+0000] {dag.py:3096} INFO - Sync 1 DAGs
[2024-06-03T12:25:38.317+0000] {logging_mixin.py:188} INFO - [2024-06-03T12:25:38.317+0000] {dag.py:3954} INFO - Setting next_dagrun for example_branch_labels to 2024-06-02 00:00:00+00:00, run_after=2024-06-03 00:00:00+00:00
[2024-06-03T12:25:38.338+0000] {processor.py:183} INFO - Processing /home/airflow/.local/lib/python3.12/site-packages/airflow/example_dags/example_branch_labels.py took 0.081 seconds
[2024-06-03T12:26:08.659+0000] {processor.py:161} INFO - Started process (PID=2656) to work on /home/airflow/.local/lib/python3.12/site-packages/airflow/example_dags/example_branch_labels.py
[2024-06-03T12:26:08.660+0000] {processor.py:830} INFO - Processing file /home/airflow/.local/lib/python3.12/site-packages/airflow/example_dags/example_branch_labels.py for tasks to queue
[2024-06-03T12:26:08.663+0000] {logging_mixin.py:188} INFO - [2024-06-03T12:26:08.662+0000] {dagbag.py:545} INFO - Filling up the DagBag from /home/airflow/.local/lib/python3.12/site-packages/airflow/example_dags/example_branch_labels.py
[2024-06-03T12:26:08.671+0000] {processor.py:840} INFO - DAG(s) 'example_branch_labels' retrieved from /home/airflow/.local/lib/python3.12/site-packages/airflow/example_dags/example_branch_labels.py
[2024-06-03T12:26:08.691+0000] {logging_mixin.py:188} INFO - [2024-06-03T12:26:08.691+0000] {dag.py:3096} INFO - Sync 1 DAGs
[2024-06-03T12:26:08.710+0000] {logging_mixin.py:188} INFO - [2024-06-03T12:26:08.710+0000] {dag.py:3954} INFO - Setting next_dagrun for example_branch_labels to 2024-06-02 00:00:00+00:00, run_after=2024-06-03 00:00:00+00:00
[2024-06-03T12:26:08.730+0000] {processor.py:183} INFO - Processing /home/airflow/.local/lib/python3.12/site-packages/airflow/example_dags/example_branch_labels.py took 0.077 seconds
[2024-06-03T12:26:39.049+0000] {processor.py:161} INFO - Started process (PID=2714) to work on /home/airflow/.local/lib/python3.12/site-packages/airflow/example_dags/example_branch_labels.py
[2024-06-03T12:26:39.051+0000] {processor.py:830} INFO - Processing file /home/airflow/.local/lib/python3.12/site-packages/airflow/example_dags/example_branch_labels.py for tasks to queue
[2024-06-03T12:26:39.054+0000] {logging_mixin.py:188} INFO - [2024-06-03T12:26:39.054+0000] {dagbag.py:545} INFO - Filling up the DagBag from /home/airflow/.local/lib/python3.12/site-packages/airflow/example_dags/example_branch_labels.py
[2024-06-03T12:26:39.062+0000] {processor.py:840} INFO - DAG(s) 'example_branch_labels' retrieved from /home/airflow/.local/lib/python3.12/site-packages/airflow/example_dags/example_branch_labels.py
[2024-06-03T12:26:39.083+0000] {logging_mixin.py:188} INFO - [2024-06-03T12:26:39.083+0000] {dag.py:3096} INFO - Sync 1 DAGs
[2024-06-03T12:26:39.102+0000] {logging_mixin.py:188} INFO - [2024-06-03T12:26:39.102+0000] {dag.py:3954} INFO - Setting next_dagrun for example_branch_labels to 2024-06-02 00:00:00+00:00, run_after=2024-06-03 00:00:00+00:00
[2024-06-03T12:26:39.120+0000] {processor.py:183} INFO - Processing /home/airflow/.local/lib/python3.12/site-packages/airflow/example_dags/example_branch_labels.py took 0.076 seconds
[2024-06-03T12:27:09.421+0000] {processor.py:161} INFO - Started process (PID=2772) to work on /home/airflow/.local/lib/python3.12/site-packages/airflow/example_dags/example_branch_labels.py
[2024-06-03T12:27:09.422+0000] {processor.py:830} INFO - Processing file /home/airflow/.local/lib/python3.12/site-packages/airflow/example_dags/example_branch_labels.py for tasks to queue
[2024-06-03T12:27:09.424+0000] {logging_mixin.py:188} INFO - [2024-06-03T12:27:09.424+0000] {dagbag.py:545} INFO - Filling up the DagBag from /home/airflow/.local/lib/python3.12/site-packages/airflow/example_dags/example_branch_labels.py
[2024-06-03T12:27:09.430+0000] {processor.py:840} INFO - DAG(s) 'example_branch_labels' retrieved from /home/airflow/.local/lib/python3.12/site-packages/airflow/example_dags/example_branch_labels.py
[2024-06-03T12:27:09.449+0000] {logging_mixin.py:188} INFO - [2024-06-03T12:27:09.449+0000] {dag.py:3096} INFO - Sync 1 DAGs
[2024-06-03T12:27:09.467+0000] {logging_mixin.py:188} INFO - [2024-06-03T12:27:09.467+0000] {dag.py:3954} INFO - Setting next_dagrun for example_branch_labels to 2024-06-02 00:00:00+00:00, run_after=2024-06-03 00:00:00+00:00
[2024-06-03T12:27:09.483+0000] {processor.py:183} INFO - Processing /home/airflow/.local/lib/python3.12/site-packages/airflow/example_dags/example_branch_labels.py took 0.067 seconds
[2024-06-03T12:27:39.649+0000] {processor.py:161} INFO - Started process (PID=2830) to work on /home/airflow/.local/lib/python3.12/site-packages/airflow/example_dags/example_branch_labels.py
[2024-06-03T12:27:39.651+0000] {processor.py:830} INFO - Processing file /home/airflow/.local/lib/python3.12/site-packages/airflow/example_dags/example_branch_labels.py for tasks to queue
[2024-06-03T12:27:39.653+0000] {logging_mixin.py:188} INFO - [2024-06-03T12:27:39.653+0000] {dagbag.py:545} INFO - Filling up the DagBag from /home/airflow/.local/lib/python3.12/site-packages/airflow/example_dags/example_branch_labels.py
[2024-06-03T12:27:39.661+0000] {processor.py:840} INFO - DAG(s) 'example_branch_labels' retrieved from /home/airflow/.local/lib/python3.12/site-packages/airflow/example_dags/example_branch_labels.py
[2024-06-03T12:27:39.682+0000] {logging_mixin.py:188} INFO - [2024-06-03T12:27:39.682+0000] {dag.py:3096} INFO - Sync 1 DAGs
[2024-06-03T12:27:39.702+0000] {logging_mixin.py:188} INFO - [2024-06-03T12:27:39.702+0000] {dag.py:3954} INFO - Setting next_dagrun for example_branch_labels to 2024-06-02 00:00:00+00:00, run_after=2024-06-03 00:00:00+00:00
[2024-06-03T12:27:39.721+0000] {processor.py:183} INFO - Processing /home/airflow/.local/lib/python3.12/site-packages/airflow/example_dags/example_branch_labels.py took 0.076 seconds
