[2024-06-03T12:03:23.365+0000] {processor.py:161} INFO - Started process (PID=63) to work on /home/airflow/.local/lib/python3.12/site-packages/airflow/example_dags/tutorial.py
[2024-06-03T12:03:23.367+0000] {processor.py:830} INFO - Processing file /home/airflow/.local/lib/python3.12/site-packages/airflow/example_dags/tutorial.py for tasks to queue
[2024-06-03T12:03:23.370+0000] {logging_mixin.py:188} INFO - [2024-06-03T12:03:23.369+0000] {dagbag.py:545} INFO - Filling up the DagBag from /home/airflow/.local/lib/python3.12/site-packages/airflow/example_dags/tutorial.py
[2024-06-03T12:03:23.379+0000] {processor.py:840} INFO - DAG(s) 'tutorial' retrieved from /home/airflow/.local/lib/python3.12/site-packages/airflow/example_dags/tutorial.py
[2024-06-03T12:03:23.406+0000] {logging_mixin.py:188} INFO - [2024-06-03T12:03:23.406+0000] {dag.py:3096} INFO - Sync 1 DAGs
[2024-06-03T12:03:23.432+0000] {logging_mixin.py:188} INFO - [2024-06-03T12:03:23.432+0000] {dag.py:3954} INFO - Setting next_dagrun for tutorial to 2024-06-02 00:00:00+00:00, run_after=2024-06-03 00:00:00+00:00
[2024-06-03T12:03:23.452+0000] {processor.py:183} INFO - Processing /home/airflow/.local/lib/python3.12/site-packages/airflow/example_dags/tutorial.py took 0.092 seconds
[2024-06-03T12:03:53.572+0000] {processor.py:161} INFO - Started process (PID=121) to work on /home/airflow/.local/lib/python3.12/site-packages/airflow/example_dags/tutorial.py
[2024-06-03T12:03:53.574+0000] {processor.py:830} INFO - Processing file /home/airflow/.local/lib/python3.12/site-packages/airflow/example_dags/tutorial.py for tasks to queue
[2024-06-03T12:03:53.576+0000] {logging_mixin.py:188} INFO - [2024-06-03T12:03:53.576+0000] {dagbag.py:545} INFO - Filling up the DagBag from /home/airflow/.local/lib/python3.12/site-packages/airflow/example_dags/tutorial.py
[2024-06-03T12:03:53.581+0000] {processor.py:840} INFO - DAG(s) 'tutorial' retrieved from /home/airflow/.local/lib/python3.12/site-packages/airflow/example_dags/tutorial.py
[2024-06-03T12:03:53.600+0000] {logging_mixin.py:188} INFO - [2024-06-03T12:03:53.600+0000] {dag.py:3096} INFO - Sync 1 DAGs
[2024-06-03T12:03:53.619+0000] {logging_mixin.py:188} INFO - [2024-06-03T12:03:53.619+0000] {dag.py:3954} INFO - Setting next_dagrun for tutorial to 2024-06-02 00:00:00+00:00, run_after=2024-06-03 00:00:00+00:00
[2024-06-03T12:03:53.638+0000] {processor.py:183} INFO - Processing /home/airflow/.local/lib/python3.12/site-packages/airflow/example_dags/tutorial.py took 0.071 seconds
[2024-06-03T12:04:23.837+0000] {processor.py:161} INFO - Started process (PID=179) to work on /home/airflow/.local/lib/python3.12/site-packages/airflow/example_dags/tutorial.py
[2024-06-03T12:04:23.838+0000] {processor.py:830} INFO - Processing file /home/airflow/.local/lib/python3.12/site-packages/airflow/example_dags/tutorial.py for tasks to queue
[2024-06-03T12:04:23.840+0000] {logging_mixin.py:188} INFO - [2024-06-03T12:04:23.840+0000] {dagbag.py:545} INFO - Filling up the DagBag from /home/airflow/.local/lib/python3.12/site-packages/airflow/example_dags/tutorial.py
[2024-06-03T12:04:23.846+0000] {processor.py:840} INFO - DAG(s) 'tutorial' retrieved from /home/airflow/.local/lib/python3.12/site-packages/airflow/example_dags/tutorial.py
[2024-06-03T12:04:23.864+0000] {logging_mixin.py:188} INFO - [2024-06-03T12:04:23.864+0000] {dag.py:3096} INFO - Sync 1 DAGs
[2024-06-03T12:04:23.885+0000] {logging_mixin.py:188} INFO - [2024-06-03T12:04:23.885+0000] {dag.py:3954} INFO - Setting next_dagrun for tutorial to 2024-06-02 00:00:00+00:00, run_after=2024-06-03 00:00:00+00:00
[2024-06-03T12:04:23.911+0000] {processor.py:183} INFO - Processing /home/airflow/.local/lib/python3.12/site-packages/airflow/example_dags/tutorial.py took 0.080 seconds
[2024-06-03T12:04:54.315+0000] {processor.py:161} INFO - Started process (PID=237) to work on /home/airflow/.local/lib/python3.12/site-packages/airflow/example_dags/tutorial.py
[2024-06-03T12:04:54.317+0000] {processor.py:830} INFO - Processing file /home/airflow/.local/lib/python3.12/site-packages/airflow/example_dags/tutorial.py for tasks to queue
[2024-06-03T12:04:54.318+0000] {logging_mixin.py:188} INFO - [2024-06-03T12:04:54.318+0000] {dagbag.py:545} INFO - Filling up the DagBag from /home/airflow/.local/lib/python3.12/site-packages/airflow/example_dags/tutorial.py
[2024-06-03T12:04:54.324+0000] {processor.py:840} INFO - DAG(s) 'tutorial' retrieved from /home/airflow/.local/lib/python3.12/site-packages/airflow/example_dags/tutorial.py
[2024-06-03T12:04:54.342+0000] {logging_mixin.py:188} INFO - [2024-06-03T12:04:54.342+0000] {dag.py:3096} INFO - Sync 1 DAGs
[2024-06-03T12:04:54.362+0000] {logging_mixin.py:188} INFO - [2024-06-03T12:04:54.361+0000] {dag.py:3954} INFO - Setting next_dagrun for tutorial to 2024-06-02 00:00:00+00:00, run_after=2024-06-03 00:00:00+00:00
[2024-06-03T12:04:54.380+0000] {processor.py:183} INFO - Processing /home/airflow/.local/lib/python3.12/site-packages/airflow/example_dags/tutorial.py took 0.070 seconds
[2024-06-03T12:05:24.687+0000] {processor.py:161} INFO - Started process (PID=295) to work on /home/airflow/.local/lib/python3.12/site-packages/airflow/example_dags/tutorial.py
[2024-06-03T12:05:24.688+0000] {processor.py:830} INFO - Processing file /home/airflow/.local/lib/python3.12/site-packages/airflow/example_dags/tutorial.py for tasks to queue
[2024-06-03T12:05:24.690+0000] {logging_mixin.py:188} INFO - [2024-06-03T12:05:24.690+0000] {dagbag.py:545} INFO - Filling up the DagBag from /home/airflow/.local/lib/python3.12/site-packages/airflow/example_dags/tutorial.py
[2024-06-03T12:05:24.696+0000] {processor.py:840} INFO - DAG(s) 'tutorial' retrieved from /home/airflow/.local/lib/python3.12/site-packages/airflow/example_dags/tutorial.py
[2024-06-03T12:05:24.715+0000] {logging_mixin.py:188} INFO - [2024-06-03T12:05:24.715+0000] {dag.py:3096} INFO - Sync 1 DAGs
[2024-06-03T12:05:24.739+0000] {logging_mixin.py:188} INFO - [2024-06-03T12:05:24.739+0000] {dag.py:3954} INFO - Setting next_dagrun for tutorial to 2024-06-02 00:00:00+00:00, run_after=2024-06-03 00:00:00+00:00
[2024-06-03T12:05:24.762+0000] {processor.py:183} INFO - Processing /home/airflow/.local/lib/python3.12/site-packages/airflow/example_dags/tutorial.py took 0.080 seconds
[2024-06-03T12:05:55.028+0000] {processor.py:161} INFO - Started process (PID=353) to work on /home/airflow/.local/lib/python3.12/site-packages/airflow/example_dags/tutorial.py
[2024-06-03T12:05:55.029+0000] {processor.py:830} INFO - Processing file /home/airflow/.local/lib/python3.12/site-packages/airflow/example_dags/tutorial.py for tasks to queue
[2024-06-03T12:05:55.031+0000] {logging_mixin.py:188} INFO - [2024-06-03T12:05:55.031+0000] {dagbag.py:545} INFO - Filling up the DagBag from /home/airflow/.local/lib/python3.12/site-packages/airflow/example_dags/tutorial.py
[2024-06-03T12:05:55.038+0000] {processor.py:840} INFO - DAG(s) 'tutorial' retrieved from /home/airflow/.local/lib/python3.12/site-packages/airflow/example_dags/tutorial.py
[2024-06-03T12:05:55.058+0000] {logging_mixin.py:188} INFO - [2024-06-03T12:05:55.058+0000] {dag.py:3096} INFO - Sync 1 DAGs
[2024-06-03T12:05:55.081+0000] {logging_mixin.py:188} INFO - [2024-06-03T12:05:55.081+0000] {dag.py:3954} INFO - Setting next_dagrun for tutorial to 2024-06-02 00:00:00+00:00, run_after=2024-06-03 00:00:00+00:00
[2024-06-03T12:05:55.102+0000] {processor.py:183} INFO - Processing /home/airflow/.local/lib/python3.12/site-packages/airflow/example_dags/tutorial.py took 0.080 seconds
[2024-06-03T12:06:25.525+0000] {processor.py:161} INFO - Started process (PID=411) to work on /home/airflow/.local/lib/python3.12/site-packages/airflow/example_dags/tutorial.py
[2024-06-03T12:06:25.527+0000] {processor.py:830} INFO - Processing file /home/airflow/.local/lib/python3.12/site-packages/airflow/example_dags/tutorial.py for tasks to queue
[2024-06-03T12:06:25.529+0000] {logging_mixin.py:188} INFO - [2024-06-03T12:06:25.529+0000] {dagbag.py:545} INFO - Filling up the DagBag from /home/airflow/.local/lib/python3.12/site-packages/airflow/example_dags/tutorial.py
[2024-06-03T12:06:25.536+0000] {processor.py:840} INFO - DAG(s) 'tutorial' retrieved from /home/airflow/.local/lib/python3.12/site-packages/airflow/example_dags/tutorial.py
[2024-06-03T12:06:25.557+0000] {logging_mixin.py:188} INFO - [2024-06-03T12:06:25.557+0000] {dag.py:3096} INFO - Sync 1 DAGs
[2024-06-03T12:06:25.580+0000] {logging_mixin.py:188} INFO - [2024-06-03T12:06:25.580+0000] {dag.py:3954} INFO - Setting next_dagrun for tutorial to 2024-06-02 00:00:00+00:00, run_after=2024-06-03 00:00:00+00:00
[2024-06-03T12:06:25.602+0000] {processor.py:183} INFO - Processing /home/airflow/.local/lib/python3.12/site-packages/airflow/example_dags/tutorial.py took 0.083 seconds
[2024-06-03T12:06:56.010+0000] {processor.py:161} INFO - Started process (PID=469) to work on /home/airflow/.local/lib/python3.12/site-packages/airflow/example_dags/tutorial.py
[2024-06-03T12:06:56.012+0000] {processor.py:830} INFO - Processing file /home/airflow/.local/lib/python3.12/site-packages/airflow/example_dags/tutorial.py for tasks to queue
[2024-06-03T12:06:56.014+0000] {logging_mixin.py:188} INFO - [2024-06-03T12:06:56.014+0000] {dagbag.py:545} INFO - Filling up the DagBag from /home/airflow/.local/lib/python3.12/site-packages/airflow/example_dags/tutorial.py
[2024-06-03T12:06:56.022+0000] {processor.py:840} INFO - DAG(s) 'tutorial' retrieved from /home/airflow/.local/lib/python3.12/site-packages/airflow/example_dags/tutorial.py
[2024-06-03T12:06:56.049+0000] {logging_mixin.py:188} INFO - [2024-06-03T12:06:56.049+0000] {dag.py:3096} INFO - Sync 1 DAGs
[2024-06-03T12:06:56.075+0000] {logging_mixin.py:188} INFO - [2024-06-03T12:06:56.075+0000] {dag.py:3954} INFO - Setting next_dagrun for tutorial to 2024-06-02 00:00:00+00:00, run_after=2024-06-03 00:00:00+00:00
[2024-06-03T12:06:56.101+0000] {processor.py:183} INFO - Processing /home/airflow/.local/lib/python3.12/site-packages/airflow/example_dags/tutorial.py took 0.101 seconds
[2024-06-03T12:07:26.425+0000] {processor.py:161} INFO - Started process (PID=527) to work on /home/airflow/.local/lib/python3.12/site-packages/airflow/example_dags/tutorial.py
[2024-06-03T12:07:26.426+0000] {processor.py:830} INFO - Processing file /home/airflow/.local/lib/python3.12/site-packages/airflow/example_dags/tutorial.py for tasks to queue
[2024-06-03T12:07:26.428+0000] {logging_mixin.py:188} INFO - [2024-06-03T12:07:26.428+0000] {dagbag.py:545} INFO - Filling up the DagBag from /home/airflow/.local/lib/python3.12/site-packages/airflow/example_dags/tutorial.py
[2024-06-03T12:07:26.433+0000] {processor.py:840} INFO - DAG(s) 'tutorial' retrieved from /home/airflow/.local/lib/python3.12/site-packages/airflow/example_dags/tutorial.py
[2024-06-03T12:07:26.450+0000] {logging_mixin.py:188} INFO - [2024-06-03T12:07:26.450+0000] {dag.py:3096} INFO - Sync 1 DAGs
[2024-06-03T12:07:26.470+0000] {logging_mixin.py:188} INFO - [2024-06-03T12:07:26.470+0000] {dag.py:3954} INFO - Setting next_dagrun for tutorial to 2024-06-02 00:00:00+00:00, run_after=2024-06-03 00:00:00+00:00
[2024-06-03T12:07:26.490+0000] {processor.py:183} INFO - Processing /home/airflow/.local/lib/python3.12/site-packages/airflow/example_dags/tutorial.py took 0.070 seconds
[2024-06-03T12:07:57.242+0000] {processor.py:161} INFO - Started process (PID=585) to work on /home/airflow/.local/lib/python3.12/site-packages/airflow/example_dags/tutorial.py
[2024-06-03T12:07:57.243+0000] {processor.py:830} INFO - Processing file /home/airflow/.local/lib/python3.12/site-packages/airflow/example_dags/tutorial.py for tasks to queue
[2024-06-03T12:07:57.246+0000] {logging_mixin.py:188} INFO - [2024-06-03T12:07:57.245+0000] {dagbag.py:545} INFO - Filling up the DagBag from /home/airflow/.local/lib/python3.12/site-packages/airflow/example_dags/tutorial.py
[2024-06-03T12:07:57.254+0000] {processor.py:840} INFO - DAG(s) 'tutorial' retrieved from /home/airflow/.local/lib/python3.12/site-packages/airflow/example_dags/tutorial.py
[2024-06-03T12:07:57.290+0000] {logging_mixin.py:188} INFO - [2024-06-03T12:07:57.289+0000] {dag.py:3096} INFO - Sync 1 DAGs
[2024-06-03T12:07:57.316+0000] {logging_mixin.py:188} INFO - [2024-06-03T12:07:57.316+0000] {dag.py:3954} INFO - Setting next_dagrun for tutorial to 2024-06-02 00:00:00+00:00, run_after=2024-06-03 00:00:00+00:00
[2024-06-03T12:07:57.336+0000] {processor.py:183} INFO - Processing /home/airflow/.local/lib/python3.12/site-packages/airflow/example_dags/tutorial.py took 0.100 seconds
[2024-06-03T12:08:28.091+0000] {processor.py:161} INFO - Started process (PID=643) to work on /home/airflow/.local/lib/python3.12/site-packages/airflow/example_dags/tutorial.py
[2024-06-03T12:08:28.093+0000] {processor.py:830} INFO - Processing file /home/airflow/.local/lib/python3.12/site-packages/airflow/example_dags/tutorial.py for tasks to queue
[2024-06-03T12:08:28.097+0000] {logging_mixin.py:188} INFO - [2024-06-03T12:08:28.096+0000] {dagbag.py:545} INFO - Filling up the DagBag from /home/airflow/.local/lib/python3.12/site-packages/airflow/example_dags/tutorial.py
[2024-06-03T12:08:28.105+0000] {processor.py:840} INFO - DAG(s) 'tutorial' retrieved from /home/airflow/.local/lib/python3.12/site-packages/airflow/example_dags/tutorial.py
[2024-06-03T12:08:28.136+0000] {logging_mixin.py:188} INFO - [2024-06-03T12:08:28.135+0000] {dag.py:3096} INFO - Sync 1 DAGs
[2024-06-03T12:08:28.177+0000] {logging_mixin.py:188} INFO - [2024-06-03T12:08:28.177+0000] {dag.py:3954} INFO - Setting next_dagrun for tutorial to 2024-06-02 00:00:00+00:00, run_after=2024-06-03 00:00:00+00:00
[2024-06-03T12:08:28.207+0000] {processor.py:183} INFO - Processing /home/airflow/.local/lib/python3.12/site-packages/airflow/example_dags/tutorial.py took 0.125 seconds
[2024-06-03T12:08:58.946+0000] {processor.py:161} INFO - Started process (PID=701) to work on /home/airflow/.local/lib/python3.12/site-packages/airflow/example_dags/tutorial.py
[2024-06-03T12:08:58.947+0000] {processor.py:830} INFO - Processing file /home/airflow/.local/lib/python3.12/site-packages/airflow/example_dags/tutorial.py for tasks to queue
[2024-06-03T12:08:58.949+0000] {logging_mixin.py:188} INFO - [2024-06-03T12:08:58.949+0000] {dagbag.py:545} INFO - Filling up the DagBag from /home/airflow/.local/lib/python3.12/site-packages/airflow/example_dags/tutorial.py
[2024-06-03T12:08:58.956+0000] {processor.py:840} INFO - DAG(s) 'tutorial' retrieved from /home/airflow/.local/lib/python3.12/site-packages/airflow/example_dags/tutorial.py
[2024-06-03T12:08:58.978+0000] {logging_mixin.py:188} INFO - [2024-06-03T12:08:58.977+0000] {dag.py:3096} INFO - Sync 1 DAGs
[2024-06-03T12:08:59.002+0000] {logging_mixin.py:188} INFO - [2024-06-03T12:08:59.002+0000] {dag.py:3954} INFO - Setting next_dagrun for tutorial to 2024-06-02 00:00:00+00:00, run_after=2024-06-03 00:00:00+00:00
[2024-06-03T12:08:59.025+0000] {processor.py:183} INFO - Processing /home/airflow/.local/lib/python3.12/site-packages/airflow/example_dags/tutorial.py took 0.087 seconds
[2024-06-03T12:09:29.180+0000] {processor.py:161} INFO - Started process (PID=759) to work on /home/airflow/.local/lib/python3.12/site-packages/airflow/example_dags/tutorial.py
[2024-06-03T12:09:29.182+0000] {processor.py:830} INFO - Processing file /home/airflow/.local/lib/python3.12/site-packages/airflow/example_dags/tutorial.py for tasks to queue
[2024-06-03T12:09:29.184+0000] {logging_mixin.py:188} INFO - [2024-06-03T12:09:29.183+0000] {dagbag.py:545} INFO - Filling up the DagBag from /home/airflow/.local/lib/python3.12/site-packages/airflow/example_dags/tutorial.py
[2024-06-03T12:09:29.189+0000] {processor.py:840} INFO - DAG(s) 'tutorial' retrieved from /home/airflow/.local/lib/python3.12/site-packages/airflow/example_dags/tutorial.py
[2024-06-03T12:09:29.209+0000] {logging_mixin.py:188} INFO - [2024-06-03T12:09:29.208+0000] {dag.py:3096} INFO - Sync 1 DAGs
[2024-06-03T12:09:29.231+0000] {logging_mixin.py:188} INFO - [2024-06-03T12:09:29.231+0000] {dag.py:3954} INFO - Setting next_dagrun for tutorial to 2024-06-02 00:00:00+00:00, run_after=2024-06-03 00:00:00+00:00
[2024-06-03T12:09:29.249+0000] {processor.py:183} INFO - Processing /home/airflow/.local/lib/python3.12/site-packages/airflow/example_dags/tutorial.py took 0.074 seconds
[2024-06-03T12:09:59.483+0000] {processor.py:161} INFO - Started process (PID=818) to work on /home/airflow/.local/lib/python3.12/site-packages/airflow/example_dags/tutorial.py
[2024-06-03T12:09:59.484+0000] {processor.py:830} INFO - Processing file /home/airflow/.local/lib/python3.12/site-packages/airflow/example_dags/tutorial.py for tasks to queue
[2024-06-03T12:09:59.486+0000] {logging_mixin.py:188} INFO - [2024-06-03T12:09:59.486+0000] {dagbag.py:545} INFO - Filling up the DagBag from /home/airflow/.local/lib/python3.12/site-packages/airflow/example_dags/tutorial.py
[2024-06-03T12:09:59.492+0000] {processor.py:840} INFO - DAG(s) 'tutorial' retrieved from /home/airflow/.local/lib/python3.12/site-packages/airflow/example_dags/tutorial.py
[2024-06-03T12:09:59.512+0000] {logging_mixin.py:188} INFO - [2024-06-03T12:09:59.512+0000] {dag.py:3096} INFO - Sync 1 DAGs
[2024-06-03T12:09:59.533+0000] {logging_mixin.py:188} INFO - [2024-06-03T12:09:59.532+0000] {dag.py:3954} INFO - Setting next_dagrun for tutorial to 2024-06-02 00:00:00+00:00, run_after=2024-06-03 00:00:00+00:00
[2024-06-03T12:09:59.550+0000] {processor.py:183} INFO - Processing /home/airflow/.local/lib/python3.12/site-packages/airflow/example_dags/tutorial.py took 0.072 seconds
[2024-06-03T12:10:30.575+0000] {processor.py:161} INFO - Started process (PID=876) to work on /home/airflow/.local/lib/python3.12/site-packages/airflow/example_dags/tutorial.py
[2024-06-03T12:10:30.578+0000] {processor.py:830} INFO - Processing file /home/airflow/.local/lib/python3.12/site-packages/airflow/example_dags/tutorial.py for tasks to queue
[2024-06-03T12:10:30.580+0000] {logging_mixin.py:188} INFO - [2024-06-03T12:10:30.580+0000] {dagbag.py:545} INFO - Filling up the DagBag from /home/airflow/.local/lib/python3.12/site-packages/airflow/example_dags/tutorial.py
[2024-06-03T12:10:30.586+0000] {processor.py:840} INFO - DAG(s) 'tutorial' retrieved from /home/airflow/.local/lib/python3.12/site-packages/airflow/example_dags/tutorial.py
[2024-06-03T12:10:30.604+0000] {logging_mixin.py:188} INFO - [2024-06-03T12:10:30.604+0000] {dag.py:3096} INFO - Sync 1 DAGs
[2024-06-03T12:10:30.624+0000] {logging_mixin.py:188} INFO - [2024-06-03T12:10:30.624+0000] {dag.py:3954} INFO - Setting next_dagrun for tutorial to 2024-06-02 00:00:00+00:00, run_after=2024-06-03 00:00:00+00:00
[2024-06-03T12:10:30.643+0000] {processor.py:183} INFO - Processing /home/airflow/.local/lib/python3.12/site-packages/airflow/example_dags/tutorial.py took 0.072 seconds
[2024-06-03T12:11:00.845+0000] {processor.py:161} INFO - Started process (PID=934) to work on /home/airflow/.local/lib/python3.12/site-packages/airflow/example_dags/tutorial.py
[2024-06-03T12:11:00.847+0000] {processor.py:830} INFO - Processing file /home/airflow/.local/lib/python3.12/site-packages/airflow/example_dags/tutorial.py for tasks to queue
[2024-06-03T12:11:00.849+0000] {logging_mixin.py:188} INFO - [2024-06-03T12:11:00.849+0000] {dagbag.py:545} INFO - Filling up the DagBag from /home/airflow/.local/lib/python3.12/site-packages/airflow/example_dags/tutorial.py
[2024-06-03T12:11:00.855+0000] {processor.py:840} INFO - DAG(s) 'tutorial' retrieved from /home/airflow/.local/lib/python3.12/site-packages/airflow/example_dags/tutorial.py
[2024-06-03T12:11:00.876+0000] {logging_mixin.py:188} INFO - [2024-06-03T12:11:00.876+0000] {dag.py:3096} INFO - Sync 1 DAGs
[2024-06-03T12:11:00.898+0000] {logging_mixin.py:188} INFO - [2024-06-03T12:11:00.898+0000] {dag.py:3954} INFO - Setting next_dagrun for tutorial to 2024-06-02 00:00:00+00:00, run_after=2024-06-03 00:00:00+00:00
[2024-06-03T12:11:00.924+0000] {processor.py:183} INFO - Processing /home/airflow/.local/lib/python3.12/site-packages/airflow/example_dags/tutorial.py took 0.084 seconds
[2024-06-03T12:11:31.148+0000] {processor.py:161} INFO - Started process (PID=992) to work on /home/airflow/.local/lib/python3.12/site-packages/airflow/example_dags/tutorial.py
[2024-06-03T12:11:31.150+0000] {processor.py:830} INFO - Processing file /home/airflow/.local/lib/python3.12/site-packages/airflow/example_dags/tutorial.py for tasks to queue
[2024-06-03T12:11:31.152+0000] {logging_mixin.py:188} INFO - [2024-06-03T12:11:31.152+0000] {dagbag.py:545} INFO - Filling up the DagBag from /home/airflow/.local/lib/python3.12/site-packages/airflow/example_dags/tutorial.py
[2024-06-03T12:11:31.159+0000] {processor.py:840} INFO - DAG(s) 'tutorial' retrieved from /home/airflow/.local/lib/python3.12/site-packages/airflow/example_dags/tutorial.py
[2024-06-03T12:11:31.178+0000] {logging_mixin.py:188} INFO - [2024-06-03T12:11:31.178+0000] {dag.py:3096} INFO - Sync 1 DAGs
[2024-06-03T12:11:31.198+0000] {logging_mixin.py:188} INFO - [2024-06-03T12:11:31.198+0000] {dag.py:3954} INFO - Setting next_dagrun for tutorial to 2024-06-02 00:00:00+00:00, run_after=2024-06-03 00:00:00+00:00
[2024-06-03T12:11:31.217+0000] {processor.py:183} INFO - Processing /home/airflow/.local/lib/python3.12/site-packages/airflow/example_dags/tutorial.py took 0.074 seconds
[2024-06-03T12:12:01.378+0000] {processor.py:161} INFO - Started process (PID=1050) to work on /home/airflow/.local/lib/python3.12/site-packages/airflow/example_dags/tutorial.py
[2024-06-03T12:12:01.379+0000] {processor.py:830} INFO - Processing file /home/airflow/.local/lib/python3.12/site-packages/airflow/example_dags/tutorial.py for tasks to queue
[2024-06-03T12:12:01.382+0000] {logging_mixin.py:188} INFO - [2024-06-03T12:12:01.381+0000] {dagbag.py:545} INFO - Filling up the DagBag from /home/airflow/.local/lib/python3.12/site-packages/airflow/example_dags/tutorial.py
[2024-06-03T12:12:01.387+0000] {processor.py:840} INFO - DAG(s) 'tutorial' retrieved from /home/airflow/.local/lib/python3.12/site-packages/airflow/example_dags/tutorial.py
[2024-06-03T12:12:01.405+0000] {logging_mixin.py:188} INFO - [2024-06-03T12:12:01.405+0000] {dag.py:3096} INFO - Sync 1 DAGs
[2024-06-03T12:12:01.424+0000] {logging_mixin.py:188} INFO - [2024-06-03T12:12:01.424+0000] {dag.py:3954} INFO - Setting next_dagrun for tutorial to 2024-06-02 00:00:00+00:00, run_after=2024-06-03 00:00:00+00:00
[2024-06-03T12:12:01.443+0000] {processor.py:183} INFO - Processing /home/airflow/.local/lib/python3.12/site-packages/airflow/example_dags/tutorial.py took 0.070 seconds
[2024-06-03T12:12:31.813+0000] {processor.py:161} INFO - Started process (PID=1107) to work on /home/airflow/.local/lib/python3.12/site-packages/airflow/example_dags/tutorial.py
[2024-06-03T12:12:31.814+0000] {processor.py:830} INFO - Processing file /home/airflow/.local/lib/python3.12/site-packages/airflow/example_dags/tutorial.py for tasks to queue
[2024-06-03T12:12:31.817+0000] {logging_mixin.py:188} INFO - [2024-06-03T12:12:31.816+0000] {dagbag.py:545} INFO - Filling up the DagBag from /home/airflow/.local/lib/python3.12/site-packages/airflow/example_dags/tutorial.py
[2024-06-03T12:12:31.823+0000] {processor.py:840} INFO - DAG(s) 'tutorial' retrieved from /home/airflow/.local/lib/python3.12/site-packages/airflow/example_dags/tutorial.py
[2024-06-03T12:12:31.845+0000] {logging_mixin.py:188} INFO - [2024-06-03T12:12:31.844+0000] {dag.py:3096} INFO - Sync 1 DAGs
[2024-06-03T12:12:31.869+0000] {logging_mixin.py:188} INFO - [2024-06-03T12:12:31.869+0000] {dag.py:3954} INFO - Setting next_dagrun for tutorial to 2024-06-02 00:00:00+00:00, run_after=2024-06-03 00:00:00+00:00
[2024-06-03T12:12:31.890+0000] {processor.py:183} INFO - Processing /home/airflow/.local/lib/python3.12/site-packages/airflow/example_dags/tutorial.py took 0.084 seconds
[2024-06-03T12:13:01.971+0000] {processor.py:161} INFO - Started process (PID=1165) to work on /home/airflow/.local/lib/python3.12/site-packages/airflow/example_dags/tutorial.py
[2024-06-03T12:13:01.973+0000] {processor.py:830} INFO - Processing file /home/airflow/.local/lib/python3.12/site-packages/airflow/example_dags/tutorial.py for tasks to queue
[2024-06-03T12:13:01.975+0000] {logging_mixin.py:188} INFO - [2024-06-03T12:13:01.975+0000] {dagbag.py:545} INFO - Filling up the DagBag from /home/airflow/.local/lib/python3.12/site-packages/airflow/example_dags/tutorial.py
[2024-06-03T12:13:01.981+0000] {processor.py:840} INFO - DAG(s) 'tutorial' retrieved from /home/airflow/.local/lib/python3.12/site-packages/airflow/example_dags/tutorial.py
[2024-06-03T12:13:02.000+0000] {logging_mixin.py:188} INFO - [2024-06-03T12:13:02.000+0000] {dag.py:3096} INFO - Sync 1 DAGs
[2024-06-03T12:13:02.020+0000] {logging_mixin.py:188} INFO - [2024-06-03T12:13:02.020+0000] {dag.py:3954} INFO - Setting next_dagrun for tutorial to 2024-06-02 00:00:00+00:00, run_after=2024-06-03 00:00:00+00:00
[2024-06-03T12:13:02.038+0000] {processor.py:183} INFO - Processing /home/airflow/.local/lib/python3.12/site-packages/airflow/example_dags/tutorial.py took 0.073 seconds
[2024-06-03T12:13:32.234+0000] {processor.py:161} INFO - Started process (PID=1222) to work on /home/airflow/.local/lib/python3.12/site-packages/airflow/example_dags/tutorial.py
[2024-06-03T12:13:32.235+0000] {processor.py:830} INFO - Processing file /home/airflow/.local/lib/python3.12/site-packages/airflow/example_dags/tutorial.py for tasks to queue
[2024-06-03T12:13:32.238+0000] {logging_mixin.py:188} INFO - [2024-06-03T12:13:32.237+0000] {dagbag.py:545} INFO - Filling up the DagBag from /home/airflow/.local/lib/python3.12/site-packages/airflow/example_dags/tutorial.py
[2024-06-03T12:13:32.244+0000] {processor.py:840} INFO - DAG(s) 'tutorial' retrieved from /home/airflow/.local/lib/python3.12/site-packages/airflow/example_dags/tutorial.py
[2024-06-03T12:13:32.266+0000] {logging_mixin.py:188} INFO - [2024-06-03T12:13:32.265+0000] {dag.py:3096} INFO - Sync 1 DAGs
[2024-06-03T12:13:32.289+0000] {logging_mixin.py:188} INFO - [2024-06-03T12:13:32.289+0000] {dag.py:3954} INFO - Setting next_dagrun for tutorial to 2024-06-02 00:00:00+00:00, run_after=2024-06-03 00:00:00+00:00
[2024-06-03T12:13:32.310+0000] {processor.py:183} INFO - Processing /home/airflow/.local/lib/python3.12/site-packages/airflow/example_dags/tutorial.py took 0.082 seconds
[2024-06-03T12:14:02.436+0000] {processor.py:161} INFO - Started process (PID=1280) to work on /home/airflow/.local/lib/python3.12/site-packages/airflow/example_dags/tutorial.py
[2024-06-03T12:14:02.437+0000] {processor.py:830} INFO - Processing file /home/airflow/.local/lib/python3.12/site-packages/airflow/example_dags/tutorial.py for tasks to queue
[2024-06-03T12:14:02.440+0000] {logging_mixin.py:188} INFO - [2024-06-03T12:14:02.439+0000] {dagbag.py:545} INFO - Filling up the DagBag from /home/airflow/.local/lib/python3.12/site-packages/airflow/example_dags/tutorial.py
[2024-06-03T12:14:02.445+0000] {processor.py:840} INFO - DAG(s) 'tutorial' retrieved from /home/airflow/.local/lib/python3.12/site-packages/airflow/example_dags/tutorial.py
[2024-06-03T12:14:02.465+0000] {logging_mixin.py:188} INFO - [2024-06-03T12:14:02.464+0000] {dag.py:3096} INFO - Sync 1 DAGs
[2024-06-03T12:14:02.486+0000] {logging_mixin.py:188} INFO - [2024-06-03T12:14:02.486+0000] {dag.py:3954} INFO - Setting next_dagrun for tutorial to 2024-06-02 00:00:00+00:00, run_after=2024-06-03 00:00:00+00:00
[2024-06-03T12:14:02.505+0000] {processor.py:183} INFO - Processing /home/airflow/.local/lib/python3.12/site-packages/airflow/example_dags/tutorial.py took 0.075 seconds
[2024-06-03T12:14:32.783+0000] {processor.py:161} INFO - Started process (PID=1338) to work on /home/airflow/.local/lib/python3.12/site-packages/airflow/example_dags/tutorial.py
[2024-06-03T12:14:32.784+0000] {processor.py:830} INFO - Processing file /home/airflow/.local/lib/python3.12/site-packages/airflow/example_dags/tutorial.py for tasks to queue
[2024-06-03T12:14:32.787+0000] {logging_mixin.py:188} INFO - [2024-06-03T12:14:32.787+0000] {dagbag.py:545} INFO - Filling up the DagBag from /home/airflow/.local/lib/python3.12/site-packages/airflow/example_dags/tutorial.py
[2024-06-03T12:14:32.794+0000] {processor.py:840} INFO - DAG(s) 'tutorial' retrieved from /home/airflow/.local/lib/python3.12/site-packages/airflow/example_dags/tutorial.py
[2024-06-03T12:14:32.816+0000] {logging_mixin.py:188} INFO - [2024-06-03T12:14:32.816+0000] {dag.py:3096} INFO - Sync 1 DAGs
[2024-06-03T12:14:32.839+0000] {logging_mixin.py:188} INFO - [2024-06-03T12:14:32.839+0000] {dag.py:3954} INFO - Setting next_dagrun for tutorial to 2024-06-02 00:00:00+00:00, run_after=2024-06-03 00:00:00+00:00
[2024-06-03T12:14:32.862+0000] {processor.py:183} INFO - Processing /home/airflow/.local/lib/python3.12/site-packages/airflow/example_dags/tutorial.py took 0.087 seconds
[2024-06-03T12:15:03.058+0000] {processor.py:161} INFO - Started process (PID=1396) to work on /home/airflow/.local/lib/python3.12/site-packages/airflow/example_dags/tutorial.py
[2024-06-03T12:15:03.059+0000] {processor.py:830} INFO - Processing file /home/airflow/.local/lib/python3.12/site-packages/airflow/example_dags/tutorial.py for tasks to queue
[2024-06-03T12:15:03.061+0000] {logging_mixin.py:188} INFO - [2024-06-03T12:15:03.061+0000] {dagbag.py:545} INFO - Filling up the DagBag from /home/airflow/.local/lib/python3.12/site-packages/airflow/example_dags/tutorial.py
[2024-06-03T12:15:03.069+0000] {processor.py:840} INFO - DAG(s) 'tutorial' retrieved from /home/airflow/.local/lib/python3.12/site-packages/airflow/example_dags/tutorial.py
[2024-06-03T12:15:03.090+0000] {logging_mixin.py:188} INFO - [2024-06-03T12:15:03.090+0000] {dag.py:3096} INFO - Sync 1 DAGs
[2024-06-03T12:15:03.115+0000] {logging_mixin.py:188} INFO - [2024-06-03T12:15:03.115+0000] {dag.py:3954} INFO - Setting next_dagrun for tutorial to 2024-06-02 00:00:00+00:00, run_after=2024-06-03 00:00:00+00:00
[2024-06-03T12:15:03.136+0000] {processor.py:183} INFO - Processing /home/airflow/.local/lib/python3.12/site-packages/airflow/example_dags/tutorial.py took 0.085 seconds
[2024-06-03T12:15:33.544+0000] {processor.py:161} INFO - Started process (PID=1454) to work on /home/airflow/.local/lib/python3.12/site-packages/airflow/example_dags/tutorial.py
[2024-06-03T12:15:33.545+0000] {processor.py:830} INFO - Processing file /home/airflow/.local/lib/python3.12/site-packages/airflow/example_dags/tutorial.py for tasks to queue
[2024-06-03T12:15:33.547+0000] {logging_mixin.py:188} INFO - [2024-06-03T12:15:33.547+0000] {dagbag.py:545} INFO - Filling up the DagBag from /home/airflow/.local/lib/python3.12/site-packages/airflow/example_dags/tutorial.py
[2024-06-03T12:15:33.554+0000] {processor.py:840} INFO - DAG(s) 'tutorial' retrieved from /home/airflow/.local/lib/python3.12/site-packages/airflow/example_dags/tutorial.py
[2024-06-03T12:15:33.574+0000] {logging_mixin.py:188} INFO - [2024-06-03T12:15:33.573+0000] {dag.py:3096} INFO - Sync 1 DAGs
[2024-06-03T12:15:33.595+0000] {logging_mixin.py:188} INFO - [2024-06-03T12:15:33.595+0000] {dag.py:3954} INFO - Setting next_dagrun for tutorial to 2024-06-02 00:00:00+00:00, run_after=2024-06-03 00:00:00+00:00
[2024-06-03T12:15:33.613+0000] {processor.py:183} INFO - Processing /home/airflow/.local/lib/python3.12/site-packages/airflow/example_dags/tutorial.py took 0.076 seconds
[2024-06-03T12:16:03.962+0000] {processor.py:161} INFO - Started process (PID=1512) to work on /home/airflow/.local/lib/python3.12/site-packages/airflow/example_dags/tutorial.py
[2024-06-03T12:16:03.963+0000] {processor.py:830} INFO - Processing file /home/airflow/.local/lib/python3.12/site-packages/airflow/example_dags/tutorial.py for tasks to queue
[2024-06-03T12:16:03.965+0000] {logging_mixin.py:188} INFO - [2024-06-03T12:16:03.965+0000] {dagbag.py:545} INFO - Filling up the DagBag from /home/airflow/.local/lib/python3.12/site-packages/airflow/example_dags/tutorial.py
[2024-06-03T12:16:03.971+0000] {processor.py:840} INFO - DAG(s) 'tutorial' retrieved from /home/airflow/.local/lib/python3.12/site-packages/airflow/example_dags/tutorial.py
[2024-06-03T12:16:03.990+0000] {logging_mixin.py:188} INFO - [2024-06-03T12:16:03.990+0000] {dag.py:3096} INFO - Sync 1 DAGs
[2024-06-03T12:16:04.010+0000] {logging_mixin.py:188} INFO - [2024-06-03T12:16:04.010+0000] {dag.py:3954} INFO - Setting next_dagrun for tutorial to 2024-06-02 00:00:00+00:00, run_after=2024-06-03 00:00:00+00:00
[2024-06-03T12:16:04.028+0000] {processor.py:183} INFO - Processing /home/airflow/.local/lib/python3.12/site-packages/airflow/example_dags/tutorial.py took 0.072 seconds
[2024-06-03T12:16:34.650+0000] {processor.py:161} INFO - Started process (PID=1570) to work on /home/airflow/.local/lib/python3.12/site-packages/airflow/example_dags/tutorial.py
[2024-06-03T12:16:34.651+0000] {processor.py:830} INFO - Processing file /home/airflow/.local/lib/python3.12/site-packages/airflow/example_dags/tutorial.py for tasks to queue
[2024-06-03T12:16:34.653+0000] {logging_mixin.py:188} INFO - [2024-06-03T12:16:34.653+0000] {dagbag.py:545} INFO - Filling up the DagBag from /home/airflow/.local/lib/python3.12/site-packages/airflow/example_dags/tutorial.py
[2024-06-03T12:16:34.659+0000] {processor.py:840} INFO - DAG(s) 'tutorial' retrieved from /home/airflow/.local/lib/python3.12/site-packages/airflow/example_dags/tutorial.py
[2024-06-03T12:16:34.676+0000] {logging_mixin.py:188} INFO - [2024-06-03T12:16:34.676+0000] {dag.py:3096} INFO - Sync 1 DAGs
[2024-06-03T12:16:34.695+0000] {logging_mixin.py:188} INFO - [2024-06-03T12:16:34.695+0000] {dag.py:3954} INFO - Setting next_dagrun for tutorial to 2024-06-02 00:00:00+00:00, run_after=2024-06-03 00:00:00+00:00
[2024-06-03T12:16:34.712+0000] {processor.py:183} INFO - Processing /home/airflow/.local/lib/python3.12/site-packages/airflow/example_dags/tutorial.py took 0.068 seconds
[2024-06-03T12:17:05.277+0000] {processor.py:161} INFO - Started process (PID=1628) to work on /home/airflow/.local/lib/python3.12/site-packages/airflow/example_dags/tutorial.py
[2024-06-03T12:17:05.278+0000] {processor.py:830} INFO - Processing file /home/airflow/.local/lib/python3.12/site-packages/airflow/example_dags/tutorial.py for tasks to queue
[2024-06-03T12:17:05.281+0000] {logging_mixin.py:188} INFO - [2024-06-03T12:17:05.280+0000] {dagbag.py:545} INFO - Filling up the DagBag from /home/airflow/.local/lib/python3.12/site-packages/airflow/example_dags/tutorial.py
[2024-06-03T12:17:05.287+0000] {processor.py:840} INFO - DAG(s) 'tutorial' retrieved from /home/airflow/.local/lib/python3.12/site-packages/airflow/example_dags/tutorial.py
[2024-06-03T12:17:05.305+0000] {logging_mixin.py:188} INFO - [2024-06-03T12:17:05.305+0000] {dag.py:3096} INFO - Sync 1 DAGs
[2024-06-03T12:17:05.436+0000] {logging_mixin.py:188} INFO - [2024-06-03T12:17:05.436+0000] {dag.py:3954} INFO - Setting next_dagrun for tutorial to 2024-06-02 00:00:00+00:00, run_after=2024-06-03 00:00:00+00:00
[2024-06-03T12:17:05.454+0000] {processor.py:183} INFO - Processing /home/airflow/.local/lib/python3.12/site-packages/airflow/example_dags/tutorial.py took 0.182 seconds
[2024-06-03T12:17:35.861+0000] {processor.py:161} INFO - Started process (PID=1686) to work on /home/airflow/.local/lib/python3.12/site-packages/airflow/example_dags/tutorial.py
[2024-06-03T12:17:35.863+0000] {processor.py:830} INFO - Processing file /home/airflow/.local/lib/python3.12/site-packages/airflow/example_dags/tutorial.py for tasks to queue
[2024-06-03T12:17:35.865+0000] {logging_mixin.py:188} INFO - [2024-06-03T12:17:35.865+0000] {dagbag.py:545} INFO - Filling up the DagBag from /home/airflow/.local/lib/python3.12/site-packages/airflow/example_dags/tutorial.py
[2024-06-03T12:17:35.872+0000] {processor.py:840} INFO - DAG(s) 'tutorial' retrieved from /home/airflow/.local/lib/python3.12/site-packages/airflow/example_dags/tutorial.py
[2024-06-03T12:17:35.892+0000] {logging_mixin.py:188} INFO - [2024-06-03T12:17:35.892+0000] {dag.py:3096} INFO - Sync 1 DAGs
[2024-06-03T12:17:36.026+0000] {logging_mixin.py:188} INFO - [2024-06-03T12:17:36.025+0000] {dag.py:3954} INFO - Setting next_dagrun for tutorial to 2024-06-02 00:00:00+00:00, run_after=2024-06-03 00:00:00+00:00
[2024-06-03T12:17:36.044+0000] {processor.py:183} INFO - Processing /home/airflow/.local/lib/python3.12/site-packages/airflow/example_dags/tutorial.py took 0.189 seconds
[2024-06-03T12:18:06.190+0000] {processor.py:161} INFO - Started process (PID=1744) to work on /home/airflow/.local/lib/python3.12/site-packages/airflow/example_dags/tutorial.py
[2024-06-03T12:18:06.191+0000] {processor.py:830} INFO - Processing file /home/airflow/.local/lib/python3.12/site-packages/airflow/example_dags/tutorial.py for tasks to queue
[2024-06-03T12:18:06.194+0000] {logging_mixin.py:188} INFO - [2024-06-03T12:18:06.193+0000] {dagbag.py:545} INFO - Filling up the DagBag from /home/airflow/.local/lib/python3.12/site-packages/airflow/example_dags/tutorial.py
[2024-06-03T12:18:06.200+0000] {processor.py:840} INFO - DAG(s) 'tutorial' retrieved from /home/airflow/.local/lib/python3.12/site-packages/airflow/example_dags/tutorial.py
[2024-06-03T12:18:06.218+0000] {logging_mixin.py:188} INFO - [2024-06-03T12:18:06.218+0000] {dag.py:3096} INFO - Sync 1 DAGs
[2024-06-03T12:18:06.360+0000] {logging_mixin.py:188} INFO - [2024-06-03T12:18:06.359+0000] {dag.py:3954} INFO - Setting next_dagrun for tutorial to 2024-06-02 00:00:00+00:00, run_after=2024-06-03 00:00:00+00:00
[2024-06-03T12:18:06.377+0000] {processor.py:183} INFO - Processing /home/airflow/.local/lib/python3.12/site-packages/airflow/example_dags/tutorial.py took 0.193 seconds
[2024-06-03T12:18:36.849+0000] {processor.py:161} INFO - Started process (PID=1802) to work on /home/airflow/.local/lib/python3.12/site-packages/airflow/example_dags/tutorial.py
[2024-06-03T12:18:36.850+0000] {processor.py:830} INFO - Processing file /home/airflow/.local/lib/python3.12/site-packages/airflow/example_dags/tutorial.py for tasks to queue
[2024-06-03T12:18:36.853+0000] {logging_mixin.py:188} INFO - [2024-06-03T12:18:36.852+0000] {dagbag.py:545} INFO - Filling up the DagBag from /home/airflow/.local/lib/python3.12/site-packages/airflow/example_dags/tutorial.py
[2024-06-03T12:18:36.861+0000] {processor.py:840} INFO - DAG(s) 'tutorial' retrieved from /home/airflow/.local/lib/python3.12/site-packages/airflow/example_dags/tutorial.py
[2024-06-03T12:18:36.887+0000] {logging_mixin.py:188} INFO - [2024-06-03T12:18:36.887+0000] {dag.py:3096} INFO - Sync 1 DAGs
[2024-06-03T12:18:36.916+0000] {logging_mixin.py:188} INFO - [2024-06-03T12:18:36.915+0000] {dag.py:3954} INFO - Setting next_dagrun for tutorial to 2024-06-02 00:00:00+00:00, run_after=2024-06-03 00:00:00+00:00
[2024-06-03T12:18:36.942+0000] {processor.py:183} INFO - Processing /home/airflow/.local/lib/python3.12/site-packages/airflow/example_dags/tutorial.py took 0.101 seconds
[2024-06-03T12:19:07.172+0000] {processor.py:161} INFO - Started process (PID=1860) to work on /home/airflow/.local/lib/python3.12/site-packages/airflow/example_dags/tutorial.py
[2024-06-03T12:19:07.174+0000] {processor.py:830} INFO - Processing file /home/airflow/.local/lib/python3.12/site-packages/airflow/example_dags/tutorial.py for tasks to queue
[2024-06-03T12:19:07.177+0000] {logging_mixin.py:188} INFO - [2024-06-03T12:19:07.176+0000] {dagbag.py:545} INFO - Filling up the DagBag from /home/airflow/.local/lib/python3.12/site-packages/airflow/example_dags/tutorial.py
[2024-06-03T12:19:07.183+0000] {processor.py:840} INFO - DAG(s) 'tutorial' retrieved from /home/airflow/.local/lib/python3.12/site-packages/airflow/example_dags/tutorial.py
[2024-06-03T12:19:07.203+0000] {logging_mixin.py:188} INFO - [2024-06-03T12:19:07.203+0000] {dag.py:3096} INFO - Sync 1 DAGs
[2024-06-03T12:19:07.224+0000] {logging_mixin.py:188} INFO - [2024-06-03T12:19:07.224+0000] {dag.py:3954} INFO - Setting next_dagrun for tutorial to 2024-06-02 00:00:00+00:00, run_after=2024-06-03 00:00:00+00:00
[2024-06-03T12:19:07.244+0000] {processor.py:183} INFO - Processing /home/airflow/.local/lib/python3.12/site-packages/airflow/example_dags/tutorial.py took 0.077 seconds
[2024-06-03T12:19:37.372+0000] {processor.py:161} INFO - Started process (PID=1918) to work on /home/airflow/.local/lib/python3.12/site-packages/airflow/example_dags/tutorial.py
[2024-06-03T12:19:37.374+0000] {processor.py:830} INFO - Processing file /home/airflow/.local/lib/python3.12/site-packages/airflow/example_dags/tutorial.py for tasks to queue
[2024-06-03T12:19:37.377+0000] {logging_mixin.py:188} INFO - [2024-06-03T12:19:37.377+0000] {dagbag.py:545} INFO - Filling up the DagBag from /home/airflow/.local/lib/python3.12/site-packages/airflow/example_dags/tutorial.py
[2024-06-03T12:19:37.383+0000] {processor.py:840} INFO - DAG(s) 'tutorial' retrieved from /home/airflow/.local/lib/python3.12/site-packages/airflow/example_dags/tutorial.py
[2024-06-03T12:19:37.402+0000] {logging_mixin.py:188} INFO - [2024-06-03T12:19:37.402+0000] {dag.py:3096} INFO - Sync 1 DAGs
[2024-06-03T12:19:37.422+0000] {logging_mixin.py:188} INFO - [2024-06-03T12:19:37.422+0000] {dag.py:3954} INFO - Setting next_dagrun for tutorial to 2024-06-02 00:00:00+00:00, run_after=2024-06-03 00:00:00+00:00
[2024-06-03T12:19:37.441+0000] {processor.py:183} INFO - Processing /home/airflow/.local/lib/python3.12/site-packages/airflow/example_dags/tutorial.py took 0.075 seconds
[2024-06-03T12:20:08.273+0000] {processor.py:161} INFO - Started process (PID=1976) to work on /home/airflow/.local/lib/python3.12/site-packages/airflow/example_dags/tutorial.py
[2024-06-03T12:20:08.274+0000] {processor.py:830} INFO - Processing file /home/airflow/.local/lib/python3.12/site-packages/airflow/example_dags/tutorial.py for tasks to queue
[2024-06-03T12:20:08.277+0000] {logging_mixin.py:188} INFO - [2024-06-03T12:20:08.276+0000] {dagbag.py:545} INFO - Filling up the DagBag from /home/airflow/.local/lib/python3.12/site-packages/airflow/example_dags/tutorial.py
[2024-06-03T12:20:08.282+0000] {processor.py:840} INFO - DAG(s) 'tutorial' retrieved from /home/airflow/.local/lib/python3.12/site-packages/airflow/example_dags/tutorial.py
[2024-06-03T12:20:08.301+0000] {logging_mixin.py:188} INFO - [2024-06-03T12:20:08.301+0000] {dag.py:3096} INFO - Sync 1 DAGs
[2024-06-03T12:20:08.320+0000] {logging_mixin.py:188} INFO - [2024-06-03T12:20:08.320+0000] {dag.py:3954} INFO - Setting next_dagrun for tutorial to 2024-06-02 00:00:00+00:00, run_after=2024-06-03 00:00:00+00:00
[2024-06-03T12:20:08.337+0000] {processor.py:183} INFO - Processing /home/airflow/.local/lib/python3.12/site-packages/airflow/example_dags/tutorial.py took 0.069 seconds
[2024-06-03T12:20:38.636+0000] {processor.py:161} INFO - Started process (PID=2034) to work on /home/airflow/.local/lib/python3.12/site-packages/airflow/example_dags/tutorial.py
[2024-06-03T12:20:38.637+0000] {processor.py:830} INFO - Processing file /home/airflow/.local/lib/python3.12/site-packages/airflow/example_dags/tutorial.py for tasks to queue
[2024-06-03T12:20:38.639+0000] {logging_mixin.py:188} INFO - [2024-06-03T12:20:38.639+0000] {dagbag.py:545} INFO - Filling up the DagBag from /home/airflow/.local/lib/python3.12/site-packages/airflow/example_dags/tutorial.py
[2024-06-03T12:20:38.645+0000] {processor.py:840} INFO - DAG(s) 'tutorial' retrieved from /home/airflow/.local/lib/python3.12/site-packages/airflow/example_dags/tutorial.py
[2024-06-03T12:20:38.663+0000] {logging_mixin.py:188} INFO - [2024-06-03T12:20:38.662+0000] {dag.py:3096} INFO - Sync 1 DAGs
[2024-06-03T12:20:38.682+0000] {logging_mixin.py:188} INFO - [2024-06-03T12:20:38.682+0000] {dag.py:3954} INFO - Setting next_dagrun for tutorial to 2024-06-02 00:00:00+00:00, run_after=2024-06-03 00:00:00+00:00
[2024-06-03T12:20:38.698+0000] {processor.py:183} INFO - Processing /home/airflow/.local/lib/python3.12/site-packages/airflow/example_dags/tutorial.py took 0.068 seconds
[2024-06-03T12:21:08.947+0000] {processor.py:161} INFO - Started process (PID=2092) to work on /home/airflow/.local/lib/python3.12/site-packages/airflow/example_dags/tutorial.py
[2024-06-03T12:21:08.948+0000] {processor.py:830} INFO - Processing file /home/airflow/.local/lib/python3.12/site-packages/airflow/example_dags/tutorial.py for tasks to queue
[2024-06-03T12:21:08.950+0000] {logging_mixin.py:188} INFO - [2024-06-03T12:21:08.950+0000] {dagbag.py:545} INFO - Filling up the DagBag from /home/airflow/.local/lib/python3.12/site-packages/airflow/example_dags/tutorial.py
[2024-06-03T12:21:08.956+0000] {processor.py:840} INFO - DAG(s) 'tutorial' retrieved from /home/airflow/.local/lib/python3.12/site-packages/airflow/example_dags/tutorial.py
[2024-06-03T12:21:08.976+0000] {logging_mixin.py:188} INFO - [2024-06-03T12:21:08.975+0000] {dag.py:3096} INFO - Sync 1 DAGs
[2024-06-03T12:21:08.996+0000] {logging_mixin.py:188} INFO - [2024-06-03T12:21:08.996+0000] {dag.py:3954} INFO - Setting next_dagrun for tutorial to 2024-06-02 00:00:00+00:00, run_after=2024-06-03 00:00:00+00:00
[2024-06-03T12:21:09.014+0000] {processor.py:183} INFO - Processing /home/airflow/.local/lib/python3.12/site-packages/airflow/example_dags/tutorial.py took 0.072 seconds
[2024-06-03T12:21:39.188+0000] {processor.py:161} INFO - Started process (PID=2150) to work on /home/airflow/.local/lib/python3.12/site-packages/airflow/example_dags/tutorial.py
[2024-06-03T12:21:39.189+0000] {processor.py:830} INFO - Processing file /home/airflow/.local/lib/python3.12/site-packages/airflow/example_dags/tutorial.py for tasks to queue
[2024-06-03T12:21:39.191+0000] {logging_mixin.py:188} INFO - [2024-06-03T12:21:39.191+0000] {dagbag.py:545} INFO - Filling up the DagBag from /home/airflow/.local/lib/python3.12/site-packages/airflow/example_dags/tutorial.py
[2024-06-03T12:21:39.197+0000] {processor.py:840} INFO - DAG(s) 'tutorial' retrieved from /home/airflow/.local/lib/python3.12/site-packages/airflow/example_dags/tutorial.py
[2024-06-03T12:21:39.216+0000] {logging_mixin.py:188} INFO - [2024-06-03T12:21:39.216+0000] {dag.py:3096} INFO - Sync 1 DAGs
[2024-06-03T12:21:39.238+0000] {logging_mixin.py:188} INFO - [2024-06-03T12:21:39.238+0000] {dag.py:3954} INFO - Setting next_dagrun for tutorial to 2024-06-02 00:00:00+00:00, run_after=2024-06-03 00:00:00+00:00
[2024-06-03T12:21:39.255+0000] {processor.py:183} INFO - Processing /home/airflow/.local/lib/python3.12/site-packages/airflow/example_dags/tutorial.py took 0.074 seconds
[2024-06-03T12:22:09.884+0000] {processor.py:161} INFO - Started process (PID=2208) to work on /home/airflow/.local/lib/python3.12/site-packages/airflow/example_dags/tutorial.py
[2024-06-03T12:22:09.886+0000] {processor.py:830} INFO - Processing file /home/airflow/.local/lib/python3.12/site-packages/airflow/example_dags/tutorial.py for tasks to queue
[2024-06-03T12:22:09.888+0000] {logging_mixin.py:188} INFO - [2024-06-03T12:22:09.888+0000] {dagbag.py:545} INFO - Filling up the DagBag from /home/airflow/.local/lib/python3.12/site-packages/airflow/example_dags/tutorial.py
[2024-06-03T12:22:09.894+0000] {processor.py:840} INFO - DAG(s) 'tutorial' retrieved from /home/airflow/.local/lib/python3.12/site-packages/airflow/example_dags/tutorial.py
[2024-06-03T12:22:09.913+0000] {logging_mixin.py:188} INFO - [2024-06-03T12:22:09.913+0000] {dag.py:3096} INFO - Sync 1 DAGs
[2024-06-03T12:22:09.933+0000] {logging_mixin.py:188} INFO - [2024-06-03T12:22:09.933+0000] {dag.py:3954} INFO - Setting next_dagrun for tutorial to 2024-06-02 00:00:00+00:00, run_after=2024-06-03 00:00:00+00:00
[2024-06-03T12:22:09.953+0000] {processor.py:183} INFO - Processing /home/airflow/.local/lib/python3.12/site-packages/airflow/example_dags/tutorial.py took 0.075 seconds
[2024-06-03T12:22:40.057+0000] {processor.py:161} INFO - Started process (PID=2266) to work on /home/airflow/.local/lib/python3.12/site-packages/airflow/example_dags/tutorial.py
[2024-06-03T12:22:40.059+0000] {processor.py:830} INFO - Processing file /home/airflow/.local/lib/python3.12/site-packages/airflow/example_dags/tutorial.py for tasks to queue
[2024-06-03T12:22:40.061+0000] {logging_mixin.py:188} INFO - [2024-06-03T12:22:40.060+0000] {dagbag.py:545} INFO - Filling up the DagBag from /home/airflow/.local/lib/python3.12/site-packages/airflow/example_dags/tutorial.py
[2024-06-03T12:22:40.066+0000] {processor.py:840} INFO - DAG(s) 'tutorial' retrieved from /home/airflow/.local/lib/python3.12/site-packages/airflow/example_dags/tutorial.py
[2024-06-03T12:22:40.085+0000] {logging_mixin.py:188} INFO - [2024-06-03T12:22:40.084+0000] {dag.py:3096} INFO - Sync 1 DAGs
[2024-06-03T12:22:40.104+0000] {logging_mixin.py:188} INFO - [2024-06-03T12:22:40.104+0000] {dag.py:3954} INFO - Setting next_dagrun for tutorial to 2024-06-02 00:00:00+00:00, run_after=2024-06-03 00:00:00+00:00
[2024-06-03T12:22:40.122+0000] {processor.py:183} INFO - Processing /home/airflow/.local/lib/python3.12/site-packages/airflow/example_dags/tutorial.py took 0.070 seconds
[2024-06-03T12:23:10.538+0000] {processor.py:161} INFO - Started process (PID=2324) to work on /home/airflow/.local/lib/python3.12/site-packages/airflow/example_dags/tutorial.py
[2024-06-03T12:23:10.541+0000] {processor.py:830} INFO - Processing file /home/airflow/.local/lib/python3.12/site-packages/airflow/example_dags/tutorial.py for tasks to queue
[2024-06-03T12:23:10.543+0000] {logging_mixin.py:188} INFO - [2024-06-03T12:23:10.543+0000] {dagbag.py:545} INFO - Filling up the DagBag from /home/airflow/.local/lib/python3.12/site-packages/airflow/example_dags/tutorial.py
[2024-06-03T12:23:10.550+0000] {processor.py:840} INFO - DAG(s) 'tutorial' retrieved from /home/airflow/.local/lib/python3.12/site-packages/airflow/example_dags/tutorial.py
[2024-06-03T12:23:10.575+0000] {logging_mixin.py:188} INFO - [2024-06-03T12:23:10.574+0000] {dag.py:3096} INFO - Sync 1 DAGs
[2024-06-03T12:23:10.600+0000] {logging_mixin.py:188} INFO - [2024-06-03T12:23:10.599+0000] {dag.py:3954} INFO - Setting next_dagrun for tutorial to 2024-06-02 00:00:00+00:00, run_after=2024-06-03 00:00:00+00:00
[2024-06-03T12:23:10.623+0000] {processor.py:183} INFO - Processing /home/airflow/.local/lib/python3.12/site-packages/airflow/example_dags/tutorial.py took 0.092 seconds
[2024-06-03T12:23:40.779+0000] {processor.py:161} INFO - Started process (PID=2382) to work on /home/airflow/.local/lib/python3.12/site-packages/airflow/example_dags/tutorial.py
[2024-06-03T12:23:40.780+0000] {processor.py:830} INFO - Processing file /home/airflow/.local/lib/python3.12/site-packages/airflow/example_dags/tutorial.py for tasks to queue
[2024-06-03T12:23:40.783+0000] {logging_mixin.py:188} INFO - [2024-06-03T12:23:40.782+0000] {dagbag.py:545} INFO - Filling up the DagBag from /home/airflow/.local/lib/python3.12/site-packages/airflow/example_dags/tutorial.py
[2024-06-03T12:23:40.789+0000] {processor.py:840} INFO - DAG(s) 'tutorial' retrieved from /home/airflow/.local/lib/python3.12/site-packages/airflow/example_dags/tutorial.py
[2024-06-03T12:23:40.810+0000] {logging_mixin.py:188} INFO - [2024-06-03T12:23:40.810+0000] {dag.py:3096} INFO - Sync 1 DAGs
[2024-06-03T12:23:40.831+0000] {logging_mixin.py:188} INFO - [2024-06-03T12:23:40.831+0000] {dag.py:3954} INFO - Setting next_dagrun for tutorial to 2024-06-02 00:00:00+00:00, run_after=2024-06-03 00:00:00+00:00
[2024-06-03T12:23:40.851+0000] {processor.py:183} INFO - Processing /home/airflow/.local/lib/python3.12/site-packages/airflow/example_dags/tutorial.py took 0.078 seconds
[2024-06-03T12:24:10.981+0000] {processor.py:161} INFO - Started process (PID=2441) to work on /home/airflow/.local/lib/python3.12/site-packages/airflow/example_dags/tutorial.py
[2024-06-03T12:24:10.982+0000] {processor.py:830} INFO - Processing file /home/airflow/.local/lib/python3.12/site-packages/airflow/example_dags/tutorial.py for tasks to queue
[2024-06-03T12:24:10.984+0000] {logging_mixin.py:188} INFO - [2024-06-03T12:24:10.984+0000] {dagbag.py:545} INFO - Filling up the DagBag from /home/airflow/.local/lib/python3.12/site-packages/airflow/example_dags/tutorial.py
[2024-06-03T12:24:10.990+0000] {processor.py:840} INFO - DAG(s) 'tutorial' retrieved from /home/airflow/.local/lib/python3.12/site-packages/airflow/example_dags/tutorial.py
[2024-06-03T12:24:11.009+0000] {logging_mixin.py:188} INFO - [2024-06-03T12:24:11.009+0000] {dag.py:3096} INFO - Sync 1 DAGs
[2024-06-03T12:24:11.029+0000] {logging_mixin.py:188} INFO - [2024-06-03T12:24:11.029+0000] {dag.py:3954} INFO - Setting next_dagrun for tutorial to 2024-06-02 00:00:00+00:00, run_after=2024-06-03 00:00:00+00:00
[2024-06-03T12:24:11.047+0000] {processor.py:183} INFO - Processing /home/airflow/.local/lib/python3.12/site-packages/airflow/example_dags/tutorial.py took 0.073 seconds
[2024-06-03T12:24:41.376+0000] {processor.py:161} INFO - Started process (PID=2499) to work on /home/airflow/.local/lib/python3.12/site-packages/airflow/example_dags/tutorial.py
[2024-06-03T12:24:41.377+0000] {processor.py:830} INFO - Processing file /home/airflow/.local/lib/python3.12/site-packages/airflow/example_dags/tutorial.py for tasks to queue
[2024-06-03T12:24:41.380+0000] {logging_mixin.py:188} INFO - [2024-06-03T12:24:41.379+0000] {dagbag.py:545} INFO - Filling up the DagBag from /home/airflow/.local/lib/python3.12/site-packages/airflow/example_dags/tutorial.py
[2024-06-03T12:24:41.385+0000] {processor.py:840} INFO - DAG(s) 'tutorial' retrieved from /home/airflow/.local/lib/python3.12/site-packages/airflow/example_dags/tutorial.py
[2024-06-03T12:24:41.404+0000] {logging_mixin.py:188} INFO - [2024-06-03T12:24:41.403+0000] {dag.py:3096} INFO - Sync 1 DAGs
[2024-06-03T12:24:41.423+0000] {logging_mixin.py:188} INFO - [2024-06-03T12:24:41.423+0000] {dag.py:3954} INFO - Setting next_dagrun for tutorial to 2024-06-02 00:00:00+00:00, run_after=2024-06-03 00:00:00+00:00
[2024-06-03T12:24:41.442+0000] {processor.py:183} INFO - Processing /home/airflow/.local/lib/python3.12/site-packages/airflow/example_dags/tutorial.py took 0.071 seconds
[2024-06-03T12:25:11.829+0000] {processor.py:161} INFO - Started process (PID=2557) to work on /home/airflow/.local/lib/python3.12/site-packages/airflow/example_dags/tutorial.py
[2024-06-03T12:25:11.830+0000] {processor.py:830} INFO - Processing file /home/airflow/.local/lib/python3.12/site-packages/airflow/example_dags/tutorial.py for tasks to queue
[2024-06-03T12:25:11.832+0000] {logging_mixin.py:188} INFO - [2024-06-03T12:25:11.832+0000] {dagbag.py:545} INFO - Filling up the DagBag from /home/airflow/.local/lib/python3.12/site-packages/airflow/example_dags/tutorial.py
[2024-06-03T12:25:11.838+0000] {processor.py:840} INFO - DAG(s) 'tutorial' retrieved from /home/airflow/.local/lib/python3.12/site-packages/airflow/example_dags/tutorial.py
[2024-06-03T12:25:11.860+0000] {logging_mixin.py:188} INFO - [2024-06-03T12:25:11.860+0000] {dag.py:3096} INFO - Sync 1 DAGs
[2024-06-03T12:25:11.884+0000] {logging_mixin.py:188} INFO - [2024-06-03T12:25:11.884+0000] {dag.py:3954} INFO - Setting next_dagrun for tutorial to 2024-06-02 00:00:00+00:00, run_after=2024-06-03 00:00:00+00:00
[2024-06-03T12:25:11.905+0000] {processor.py:183} INFO - Processing /home/airflow/.local/lib/python3.12/site-packages/airflow/example_dags/tutorial.py took 0.082 seconds
[2024-06-03T12:25:42.301+0000] {processor.py:161} INFO - Started process (PID=2615) to work on /home/airflow/.local/lib/python3.12/site-packages/airflow/example_dags/tutorial.py
[2024-06-03T12:25:42.303+0000] {processor.py:830} INFO - Processing file /home/airflow/.local/lib/python3.12/site-packages/airflow/example_dags/tutorial.py for tasks to queue
[2024-06-03T12:25:42.305+0000] {logging_mixin.py:188} INFO - [2024-06-03T12:25:42.305+0000] {dagbag.py:545} INFO - Filling up the DagBag from /home/airflow/.local/lib/python3.12/site-packages/airflow/example_dags/tutorial.py
[2024-06-03T12:25:42.311+0000] {processor.py:840} INFO - DAG(s) 'tutorial' retrieved from /home/airflow/.local/lib/python3.12/site-packages/airflow/example_dags/tutorial.py
[2024-06-03T12:25:42.332+0000] {logging_mixin.py:188} INFO - [2024-06-03T12:25:42.332+0000] {dag.py:3096} INFO - Sync 1 DAGs
[2024-06-03T12:25:42.358+0000] {logging_mixin.py:188} INFO - [2024-06-03T12:25:42.358+0000] {dag.py:3954} INFO - Setting next_dagrun for tutorial to 2024-06-02 00:00:00+00:00, run_after=2024-06-03 00:00:00+00:00
[2024-06-03T12:25:42.379+0000] {processor.py:183} INFO - Processing /home/airflow/.local/lib/python3.12/site-packages/airflow/example_dags/tutorial.py took 0.084 seconds
[2024-06-03T12:26:12.603+0000] {processor.py:161} INFO - Started process (PID=2672) to work on /home/airflow/.local/lib/python3.12/site-packages/airflow/example_dags/tutorial.py
[2024-06-03T12:26:12.605+0000] {processor.py:830} INFO - Processing file /home/airflow/.local/lib/python3.12/site-packages/airflow/example_dags/tutorial.py for tasks to queue
[2024-06-03T12:26:12.608+0000] {logging_mixin.py:188} INFO - [2024-06-03T12:26:12.608+0000] {dagbag.py:545} INFO - Filling up the DagBag from /home/airflow/.local/lib/python3.12/site-packages/airflow/example_dags/tutorial.py
[2024-06-03T12:26:12.614+0000] {processor.py:840} INFO - DAG(s) 'tutorial' retrieved from /home/airflow/.local/lib/python3.12/site-packages/airflow/example_dags/tutorial.py
[2024-06-03T12:26:12.631+0000] {logging_mixin.py:188} INFO - [2024-06-03T12:26:12.631+0000] {dag.py:3096} INFO - Sync 1 DAGs
[2024-06-03T12:26:12.648+0000] {logging_mixin.py:188} INFO - [2024-06-03T12:26:12.648+0000] {dag.py:3954} INFO - Setting next_dagrun for tutorial to 2024-06-02 00:00:00+00:00, run_after=2024-06-03 00:00:00+00:00
[2024-06-03T12:26:12.664+0000] {processor.py:183} INFO - Processing /home/airflow/.local/lib/python3.12/site-packages/airflow/example_dags/tutorial.py took 0.066 seconds
[2024-06-03T12:26:42.966+0000] {processor.py:161} INFO - Started process (PID=2730) to work on /home/airflow/.local/lib/python3.12/site-packages/airflow/example_dags/tutorial.py
[2024-06-03T12:26:42.968+0000] {processor.py:830} INFO - Processing file /home/airflow/.local/lib/python3.12/site-packages/airflow/example_dags/tutorial.py for tasks to queue
[2024-06-03T12:26:42.970+0000] {logging_mixin.py:188} INFO - [2024-06-03T12:26:42.969+0000] {dagbag.py:545} INFO - Filling up the DagBag from /home/airflow/.local/lib/python3.12/site-packages/airflow/example_dags/tutorial.py
[2024-06-03T12:26:42.976+0000] {processor.py:840} INFO - DAG(s) 'tutorial' retrieved from /home/airflow/.local/lib/python3.12/site-packages/airflow/example_dags/tutorial.py
[2024-06-03T12:26:42.995+0000] {logging_mixin.py:188} INFO - [2024-06-03T12:26:42.995+0000] {dag.py:3096} INFO - Sync 1 DAGs
[2024-06-03T12:26:43.015+0000] {logging_mixin.py:188} INFO - [2024-06-03T12:26:43.015+0000] {dag.py:3954} INFO - Setting next_dagrun for tutorial to 2024-06-02 00:00:00+00:00, run_after=2024-06-03 00:00:00+00:00
[2024-06-03T12:26:43.032+0000] {processor.py:183} INFO - Processing /home/airflow/.local/lib/python3.12/site-packages/airflow/example_dags/tutorial.py took 0.072 seconds
[2024-06-03T12:27:13.367+0000] {processor.py:161} INFO - Started process (PID=2788) to work on /home/airflow/.local/lib/python3.12/site-packages/airflow/example_dags/tutorial.py
[2024-06-03T12:27:13.369+0000] {processor.py:830} INFO - Processing file /home/airflow/.local/lib/python3.12/site-packages/airflow/example_dags/tutorial.py for tasks to queue
[2024-06-03T12:27:13.372+0000] {logging_mixin.py:188} INFO - [2024-06-03T12:27:13.372+0000] {dagbag.py:545} INFO - Filling up the DagBag from /home/airflow/.local/lib/python3.12/site-packages/airflow/example_dags/tutorial.py
[2024-06-03T12:27:13.378+0000] {processor.py:840} INFO - DAG(s) 'tutorial' retrieved from /home/airflow/.local/lib/python3.12/site-packages/airflow/example_dags/tutorial.py
[2024-06-03T12:27:13.395+0000] {logging_mixin.py:188} INFO - [2024-06-03T12:27:13.395+0000] {dag.py:3096} INFO - Sync 1 DAGs
[2024-06-03T12:27:13.413+0000] {logging_mixin.py:188} INFO - [2024-06-03T12:27:13.413+0000] {dag.py:3954} INFO - Setting next_dagrun for tutorial to 2024-06-02 00:00:00+00:00, run_after=2024-06-03 00:00:00+00:00
[2024-06-03T12:27:13.431+0000] {processor.py:183} INFO - Processing /home/airflow/.local/lib/python3.12/site-packages/airflow/example_dags/tutorial.py took 0.069 seconds
[2024-06-03T12:27:43.546+0000] {processor.py:161} INFO - Started process (PID=2846) to work on /home/airflow/.local/lib/python3.12/site-packages/airflow/example_dags/tutorial.py
[2024-06-03T12:27:43.548+0000] {processor.py:830} INFO - Processing file /home/airflow/.local/lib/python3.12/site-packages/airflow/example_dags/tutorial.py for tasks to queue
[2024-06-03T12:27:43.550+0000] {logging_mixin.py:188} INFO - [2024-06-03T12:27:43.550+0000] {dagbag.py:545} INFO - Filling up the DagBag from /home/airflow/.local/lib/python3.12/site-packages/airflow/example_dags/tutorial.py
[2024-06-03T12:27:43.555+0000] {processor.py:840} INFO - DAG(s) 'tutorial' retrieved from /home/airflow/.local/lib/python3.12/site-packages/airflow/example_dags/tutorial.py
[2024-06-03T12:27:43.573+0000] {logging_mixin.py:188} INFO - [2024-06-03T12:27:43.573+0000] {dag.py:3096} INFO - Sync 1 DAGs
[2024-06-03T12:27:43.590+0000] {logging_mixin.py:188} INFO - [2024-06-03T12:27:43.590+0000] {dag.py:3954} INFO - Setting next_dagrun for tutorial to 2024-06-02 00:00:00+00:00, run_after=2024-06-03 00:00:00+00:00
[2024-06-03T12:27:43.610+0000] {processor.py:183} INFO - Processing /home/airflow/.local/lib/python3.12/site-packages/airflow/example_dags/tutorial.py took 0.069 seconds
