[2024-06-06T11:44:13.933+0000] {local_task_job_runner.py:120} INFO - ::group::Pre task execution logs
[2024-06-06T11:44:13.958+0000] {taskinstance.py:2076} INFO - Dependencies all met for dep_context=non-requeueable deps ti=<TaskInstance: example_branch_datetime_operator_2.datetime_branch manual__2024-06-06T11:44:09.702999+00:00 [queued]>
[2024-06-06T11:44:13.966+0000] {taskinstance.py:2076} INFO - Dependencies all met for dep_context=requeueable deps ti=<TaskInstance: example_branch_datetime_operator_2.datetime_branch manual__2024-06-06T11:44:09.702999+00:00 [queued]>
[2024-06-06T11:44:13.967+0000] {taskinstance.py:2306} INFO - Starting attempt 1 of 1
[2024-06-06T11:44:13.979+0000] {taskinstance.py:2330} INFO - Executing <Task(BranchDateTimeOperator): datetime_branch> on 2024-06-06 11:44:09.702999+00:00
[2024-06-06T11:44:13.986+0000] {warnings.py:110} WARNING - /home/***/.local/lib/python3.12/site-packages/***/task/task_runner/standard_task_runner.py:61: DeprecationWarning: This process (pid=149) is multi-threaded, use of fork() may lead to deadlocks in the child.
  pid = os.fork()

[2024-06-06T11:44:13.988+0000] {standard_task_runner.py:63} INFO - Started process 154 to run task
[2024-06-06T11:44:13.988+0000] {standard_task_runner.py:90} INFO - Running: ['***', 'tasks', 'run', 'example_branch_datetime_operator_2', 'datetime_branch', 'manual__2024-06-06T11:44:09.702999+00:00', '--job-id', '16', '--raw', '--subdir', '/home/***/.local/lib/python3.12/site-packages/***/example_dags/example_branch_datetime_operator.py', '--cfg-path', '/tmp/tmp3_jmz2bu']
[2024-06-06T11:44:13.991+0000] {standard_task_runner.py:91} INFO - Job 16: Subtask datetime_branch
[2024-06-06T11:44:14.055+0000] {task_command.py:426} INFO - Running <TaskInstance: example_branch_datetime_operator_2.datetime_branch manual__2024-06-06T11:44:09.702999+00:00 [running]> on host 8acc25ffcf07
[2024-06-06T11:44:14.145+0000] {taskinstance.py:2648} INFO - Exporting env vars: AIRFLOW_CTX_DAG_OWNER='***' AIRFLOW_CTX_DAG_ID='example_branch_datetime_operator_2' AIRFLOW_CTX_TASK_ID='datetime_branch' AIRFLOW_CTX_EXECUTION_DATE='2024-06-06T11:44:09.702999+00:00' AIRFLOW_CTX_TRY_NUMBER='1' AIRFLOW_CTX_DAG_RUN_ID='manual__2024-06-06T11:44:09.702999+00:00'
[2024-06-06T11:44:14.147+0000] {taskinstance.py:430} INFO - ::endgroup::
[2024-06-06T11:44:14.148+0000] {branch.py:36} INFO - Branch into ['date_outside_range']
[2024-06-06T11:44:14.149+0000] {skipmixin.py:178} INFO - Following branch ['date_outside_range']
[2024-06-06T11:44:14.165+0000] {skipmixin.py:246} INFO - Skipping tasks [('date_in_range', -1)]
[2024-06-06T11:44:14.185+0000] {taskinstance.py:441} INFO - ::group::Post task execution logs
[2024-06-06T11:44:14.201+0000] {taskinstance.py:1206} INFO - Marking task as SUCCESS. dag_id=example_branch_datetime_operator_2, task_id=datetime_branch, run_id=manual__2024-06-06T11:44:09.702999+00:00, execution_date=20240606T114409, start_date=20240606T114413, end_date=20240606T114414
[2024-06-06T11:44:14.242+0000] {local_task_job_runner.py:240} INFO - Task exited with return code 0
[2024-06-06T11:44:14.263+0000] {taskinstance.py:3498} INFO - 0 downstream tasks scheduled from follow-on schedule check
[2024-06-06T11:44:14.266+0000] {local_task_job_runner.py:222} INFO - ::endgroup::
