[2024-06-01T00:00:25.636+0000] {processor.py:161} INFO - Started process (PID=5645) to work on /home/airflow/.local/lib/python3.12/site-packages/airflow/example_dags/example_latest_only.py
[2024-06-01T00:00:25.638+0000] {processor.py:830} INFO - Processing file /home/airflow/.local/lib/python3.12/site-packages/airflow/example_dags/example_latest_only.py for tasks to queue
[2024-06-01T00:00:25.641+0000] {logging_mixin.py:188} INFO - [2024-06-01T00:00:25.641+0000] {dagbag.py:545} INFO - Filling up the DagBag from /home/airflow/.local/lib/python3.12/site-packages/airflow/example_dags/example_latest_only.py
[2024-06-01T00:00:25.648+0000] {processor.py:840} INFO - DAG(s) 'latest_only' retrieved from /home/airflow/.local/lib/python3.12/site-packages/airflow/example_dags/example_latest_only.py
[2024-06-01T00:00:25.666+0000] {logging_mixin.py:188} INFO - [2024-06-01T00:00:25.666+0000] {dag.py:3096} INFO - Sync 1 DAGs
[2024-06-01T00:00:25.683+0000] {logging_mixin.py:188} INFO - [2024-06-01T00:00:25.683+0000] {dag.py:3954} INFO - Setting next_dagrun for latest_only to 2024-05-31 20:00:00+00:00, run_after=2024-06-01 00:00:00+00:00
[2024-06-01T00:00:25.700+0000] {processor.py:183} INFO - Processing /home/airflow/.local/lib/python3.12/site-packages/airflow/example_dags/example_latest_only.py took 0.069 seconds
[2024-06-01T00:00:55.815+0000] {processor.py:161} INFO - Started process (PID=5702) to work on /home/airflow/.local/lib/python3.12/site-packages/airflow/example_dags/example_latest_only.py
[2024-06-01T00:00:55.817+0000] {processor.py:830} INFO - Processing file /home/airflow/.local/lib/python3.12/site-packages/airflow/example_dags/example_latest_only.py for tasks to queue
[2024-06-01T00:00:55.820+0000] {logging_mixin.py:188} INFO - [2024-06-01T00:00:55.819+0000] {dagbag.py:545} INFO - Filling up the DagBag from /home/airflow/.local/lib/python3.12/site-packages/airflow/example_dags/example_latest_only.py
[2024-06-01T00:00:55.825+0000] {processor.py:840} INFO - DAG(s) 'latest_only' retrieved from /home/airflow/.local/lib/python3.12/site-packages/airflow/example_dags/example_latest_only.py
[2024-06-01T00:00:55.839+0000] {logging_mixin.py:188} INFO - [2024-06-01T00:00:55.839+0000] {dag.py:3096} INFO - Sync 1 DAGs
[2024-06-01T00:00:55.856+0000] {logging_mixin.py:188} INFO - [2024-06-01T00:00:55.856+0000] {dag.py:3954} INFO - Setting next_dagrun for latest_only to 2024-05-31 20:00:00+00:00, run_after=2024-06-01 00:00:00+00:00
[2024-06-01T00:00:55.874+0000] {processor.py:183} INFO - Processing /home/airflow/.local/lib/python3.12/site-packages/airflow/example_dags/example_latest_only.py took 0.064 seconds
[2024-06-01T00:01:26.323+0000] {processor.py:161} INFO - Started process (PID=5760) to work on /home/airflow/.local/lib/python3.12/site-packages/airflow/example_dags/example_latest_only.py
[2024-06-01T00:01:26.325+0000] {processor.py:830} INFO - Processing file /home/airflow/.local/lib/python3.12/site-packages/airflow/example_dags/example_latest_only.py for tasks to queue
[2024-06-01T00:01:26.327+0000] {logging_mixin.py:188} INFO - [2024-06-01T00:01:26.327+0000] {dagbag.py:545} INFO - Filling up the DagBag from /home/airflow/.local/lib/python3.12/site-packages/airflow/example_dags/example_latest_only.py
[2024-06-01T00:01:26.332+0000] {processor.py:840} INFO - DAG(s) 'latest_only' retrieved from /home/airflow/.local/lib/python3.12/site-packages/airflow/example_dags/example_latest_only.py
[2024-06-01T00:01:26.349+0000] {logging_mixin.py:188} INFO - [2024-06-01T00:01:26.349+0000] {dag.py:3096} INFO - Sync 1 DAGs
[2024-06-01T00:01:26.366+0000] {logging_mixin.py:188} INFO - [2024-06-01T00:01:26.366+0000] {dag.py:3954} INFO - Setting next_dagrun for latest_only to 2024-05-31 20:00:00+00:00, run_after=2024-06-01 00:00:00+00:00
[2024-06-01T00:01:26.382+0000] {processor.py:183} INFO - Processing /home/airflow/.local/lib/python3.12/site-packages/airflow/example_dags/example_latest_only.py took 0.064 seconds
[2024-06-01T00:01:56.705+0000] {processor.py:161} INFO - Started process (PID=5818) to work on /home/airflow/.local/lib/python3.12/site-packages/airflow/example_dags/example_latest_only.py
[2024-06-01T00:01:56.707+0000] {processor.py:830} INFO - Processing file /home/airflow/.local/lib/python3.12/site-packages/airflow/example_dags/example_latest_only.py for tasks to queue
[2024-06-01T00:01:56.709+0000] {logging_mixin.py:188} INFO - [2024-06-01T00:01:56.709+0000] {dagbag.py:545} INFO - Filling up the DagBag from /home/airflow/.local/lib/python3.12/site-packages/airflow/example_dags/example_latest_only.py
[2024-06-01T00:01:56.714+0000] {processor.py:840} INFO - DAG(s) 'latest_only' retrieved from /home/airflow/.local/lib/python3.12/site-packages/airflow/example_dags/example_latest_only.py
[2024-06-01T00:01:56.731+0000] {logging_mixin.py:188} INFO - [2024-06-01T00:01:56.731+0000] {dag.py:3096} INFO - Sync 1 DAGs
[2024-06-01T00:01:56.750+0000] {logging_mixin.py:188} INFO - [2024-06-01T00:01:56.750+0000] {dag.py:3954} INFO - Setting next_dagrun for latest_only to 2024-05-31 20:00:00+00:00, run_after=2024-06-01 00:00:00+00:00
[2024-06-01T00:01:56.775+0000] {processor.py:183} INFO - Processing /home/airflow/.local/lib/python3.12/site-packages/airflow/example_dags/example_latest_only.py took 0.075 seconds
[2024-06-01T00:02:27.040+0000] {processor.py:161} INFO - Started process (PID=5877) to work on /home/airflow/.local/lib/python3.12/site-packages/airflow/example_dags/example_latest_only.py
[2024-06-01T00:02:27.041+0000] {processor.py:830} INFO - Processing file /home/airflow/.local/lib/python3.12/site-packages/airflow/example_dags/example_latest_only.py for tasks to queue
[2024-06-01T00:02:27.043+0000] {logging_mixin.py:188} INFO - [2024-06-01T00:02:27.043+0000] {dagbag.py:545} INFO - Filling up the DagBag from /home/airflow/.local/lib/python3.12/site-packages/airflow/example_dags/example_latest_only.py
[2024-06-01T00:02:27.047+0000] {processor.py:840} INFO - DAG(s) 'latest_only' retrieved from /home/airflow/.local/lib/python3.12/site-packages/airflow/example_dags/example_latest_only.py
[2024-06-01T00:02:27.064+0000] {logging_mixin.py:188} INFO - [2024-06-01T00:02:27.064+0000] {dag.py:3096} INFO - Sync 1 DAGs
[2024-06-01T00:02:27.081+0000] {logging_mixin.py:188} INFO - [2024-06-01T00:02:27.081+0000] {dag.py:3954} INFO - Setting next_dagrun for latest_only to 2024-05-31 20:00:00+00:00, run_after=2024-06-01 00:00:00+00:00
[2024-06-01T00:02:27.100+0000] {processor.py:183} INFO - Processing /home/airflow/.local/lib/python3.12/site-packages/airflow/example_dags/example_latest_only.py took 0.065 seconds
[2024-06-01T00:02:57.288+0000] {processor.py:161} INFO - Started process (PID=5935) to work on /home/airflow/.local/lib/python3.12/site-packages/airflow/example_dags/example_latest_only.py
[2024-06-01T00:02:57.290+0000] {processor.py:830} INFO - Processing file /home/airflow/.local/lib/python3.12/site-packages/airflow/example_dags/example_latest_only.py for tasks to queue
[2024-06-01T00:02:57.292+0000] {logging_mixin.py:188} INFO - [2024-06-01T00:02:57.292+0000] {dagbag.py:545} INFO - Filling up the DagBag from /home/airflow/.local/lib/python3.12/site-packages/airflow/example_dags/example_latest_only.py
[2024-06-01T00:02:57.298+0000] {processor.py:840} INFO - DAG(s) 'latest_only' retrieved from /home/airflow/.local/lib/python3.12/site-packages/airflow/example_dags/example_latest_only.py
[2024-06-01T00:02:57.315+0000] {logging_mixin.py:188} INFO - [2024-06-01T00:02:57.315+0000] {dag.py:3096} INFO - Sync 1 DAGs
[2024-06-01T00:02:57.334+0000] {logging_mixin.py:188} INFO - [2024-06-01T00:02:57.334+0000] {dag.py:3954} INFO - Setting next_dagrun for latest_only to 2024-05-31 20:00:00+00:00, run_after=2024-06-01 00:00:00+00:00
[2024-06-01T00:02:57.352+0000] {processor.py:183} INFO - Processing /home/airflow/.local/lib/python3.12/site-packages/airflow/example_dags/example_latest_only.py took 0.070 seconds
[2024-06-01T00:03:27.678+0000] {processor.py:161} INFO - Started process (PID=5993) to work on /home/airflow/.local/lib/python3.12/site-packages/airflow/example_dags/example_latest_only.py
[2024-06-01T00:03:27.680+0000] {processor.py:830} INFO - Processing file /home/airflow/.local/lib/python3.12/site-packages/airflow/example_dags/example_latest_only.py for tasks to queue
[2024-06-01T00:03:27.683+0000] {logging_mixin.py:188} INFO - [2024-06-01T00:03:27.682+0000] {dagbag.py:545} INFO - Filling up the DagBag from /home/airflow/.local/lib/python3.12/site-packages/airflow/example_dags/example_latest_only.py
[2024-06-01T00:03:27.688+0000] {processor.py:840} INFO - DAG(s) 'latest_only' retrieved from /home/airflow/.local/lib/python3.12/site-packages/airflow/example_dags/example_latest_only.py
[2024-06-01T00:03:27.707+0000] {logging_mixin.py:188} INFO - [2024-06-01T00:03:27.707+0000] {dag.py:3096} INFO - Sync 1 DAGs
[2024-06-01T00:03:27.726+0000] {logging_mixin.py:188} INFO - [2024-06-01T00:03:27.725+0000] {dag.py:3954} INFO - Setting next_dagrun for latest_only to 2024-05-31 20:00:00+00:00, run_after=2024-06-01 00:00:00+00:00
[2024-06-01T00:03:27.745+0000] {processor.py:183} INFO - Processing /home/airflow/.local/lib/python3.12/site-packages/airflow/example_dags/example_latest_only.py took 0.072 seconds
[2024-06-01T00:03:57.918+0000] {processor.py:161} INFO - Started process (PID=6051) to work on /home/airflow/.local/lib/python3.12/site-packages/airflow/example_dags/example_latest_only.py
[2024-06-01T00:03:57.920+0000] {processor.py:830} INFO - Processing file /home/airflow/.local/lib/python3.12/site-packages/airflow/example_dags/example_latest_only.py for tasks to queue
[2024-06-01T00:03:57.923+0000] {logging_mixin.py:188} INFO - [2024-06-01T00:03:57.923+0000] {dagbag.py:545} INFO - Filling up the DagBag from /home/airflow/.local/lib/python3.12/site-packages/airflow/example_dags/example_latest_only.py
[2024-06-01T00:03:57.929+0000] {processor.py:840} INFO - DAG(s) 'latest_only' retrieved from /home/airflow/.local/lib/python3.12/site-packages/airflow/example_dags/example_latest_only.py
[2024-06-01T00:03:57.948+0000] {logging_mixin.py:188} INFO - [2024-06-01T00:03:57.947+0000] {dag.py:3096} INFO - Sync 1 DAGs
[2024-06-01T00:03:57.967+0000] {logging_mixin.py:188} INFO - [2024-06-01T00:03:57.967+0000] {dag.py:3954} INFO - Setting next_dagrun for latest_only to 2024-05-31 20:00:00+00:00, run_after=2024-06-01 00:00:00+00:00
[2024-06-01T00:03:57.987+0000] {processor.py:183} INFO - Processing /home/airflow/.local/lib/python3.12/site-packages/airflow/example_dags/example_latest_only.py took 0.075 seconds
[2024-06-01T00:04:28.424+0000] {processor.py:161} INFO - Started process (PID=6109) to work on /home/airflow/.local/lib/python3.12/site-packages/airflow/example_dags/example_latest_only.py
[2024-06-01T00:04:28.427+0000] {processor.py:830} INFO - Processing file /home/airflow/.local/lib/python3.12/site-packages/airflow/example_dags/example_latest_only.py for tasks to queue
[2024-06-01T00:04:28.430+0000] {logging_mixin.py:188} INFO - [2024-06-01T00:04:28.429+0000] {dagbag.py:545} INFO - Filling up the DagBag from /home/airflow/.local/lib/python3.12/site-packages/airflow/example_dags/example_latest_only.py
[2024-06-01T00:04:28.434+0000] {processor.py:840} INFO - DAG(s) 'latest_only' retrieved from /home/airflow/.local/lib/python3.12/site-packages/airflow/example_dags/example_latest_only.py
[2024-06-01T00:04:28.452+0000] {logging_mixin.py:188} INFO - [2024-06-01T00:04:28.452+0000] {dag.py:3096} INFO - Sync 1 DAGs
[2024-06-01T00:04:28.469+0000] {logging_mixin.py:188} INFO - [2024-06-01T00:04:28.469+0000] {dag.py:3954} INFO - Setting next_dagrun for latest_only to 2024-05-31 20:00:00+00:00, run_after=2024-06-01 00:00:00+00:00
[2024-06-01T00:04:28.485+0000] {processor.py:183} INFO - Processing /home/airflow/.local/lib/python3.12/site-packages/airflow/example_dags/example_latest_only.py took 0.066 seconds
[2024-06-01T00:04:58.844+0000] {processor.py:161} INFO - Started process (PID=6167) to work on /home/airflow/.local/lib/python3.12/site-packages/airflow/example_dags/example_latest_only.py
[2024-06-01T00:04:58.846+0000] {processor.py:830} INFO - Processing file /home/airflow/.local/lib/python3.12/site-packages/airflow/example_dags/example_latest_only.py for tasks to queue
[2024-06-01T00:04:58.848+0000] {logging_mixin.py:188} INFO - [2024-06-01T00:04:58.848+0000] {dagbag.py:545} INFO - Filling up the DagBag from /home/airflow/.local/lib/python3.12/site-packages/airflow/example_dags/example_latest_only.py
[2024-06-01T00:04:58.853+0000] {processor.py:840} INFO - DAG(s) 'latest_only' retrieved from /home/airflow/.local/lib/python3.12/site-packages/airflow/example_dags/example_latest_only.py
[2024-06-01T00:04:58.874+0000] {logging_mixin.py:188} INFO - [2024-06-01T00:04:58.874+0000] {dag.py:3096} INFO - Sync 1 DAGs
[2024-06-01T00:04:58.893+0000] {logging_mixin.py:188} INFO - [2024-06-01T00:04:58.893+0000] {dag.py:3954} INFO - Setting next_dagrun for latest_only to 2024-05-31 20:00:00+00:00, run_after=2024-06-01 00:00:00+00:00
[2024-06-01T00:04:58.911+0000] {processor.py:183} INFO - Processing /home/airflow/.local/lib/python3.12/site-packages/airflow/example_dags/example_latest_only.py took 0.072 seconds
[2024-06-01T00:05:29.289+0000] {processor.py:161} INFO - Started process (PID=6225) to work on /home/airflow/.local/lib/python3.12/site-packages/airflow/example_dags/example_latest_only.py
[2024-06-01T00:05:29.291+0000] {processor.py:830} INFO - Processing file /home/airflow/.local/lib/python3.12/site-packages/airflow/example_dags/example_latest_only.py for tasks to queue
[2024-06-01T00:05:29.294+0000] {logging_mixin.py:188} INFO - [2024-06-01T00:05:29.294+0000] {dagbag.py:545} INFO - Filling up the DagBag from /home/airflow/.local/lib/python3.12/site-packages/airflow/example_dags/example_latest_only.py
[2024-06-01T00:05:29.299+0000] {processor.py:840} INFO - DAG(s) 'latest_only' retrieved from /home/airflow/.local/lib/python3.12/site-packages/airflow/example_dags/example_latest_only.py
[2024-06-01T00:05:29.317+0000] {logging_mixin.py:188} INFO - [2024-06-01T00:05:29.317+0000] {dag.py:3096} INFO - Sync 1 DAGs
[2024-06-01T00:05:29.334+0000] {logging_mixin.py:188} INFO - [2024-06-01T00:05:29.333+0000] {dag.py:3954} INFO - Setting next_dagrun for latest_only to 2024-05-31 20:00:00+00:00, run_after=2024-06-01 00:00:00+00:00
[2024-06-01T00:05:29.349+0000] {processor.py:183} INFO - Processing /home/airflow/.local/lib/python3.12/site-packages/airflow/example_dags/example_latest_only.py took 0.065 seconds
[2024-06-01T00:05:59.838+0000] {processor.py:161} INFO - Started process (PID=6283) to work on /home/airflow/.local/lib/python3.12/site-packages/airflow/example_dags/example_latest_only.py
[2024-06-01T00:05:59.839+0000] {processor.py:830} INFO - Processing file /home/airflow/.local/lib/python3.12/site-packages/airflow/example_dags/example_latest_only.py for tasks to queue
[2024-06-01T00:05:59.841+0000] {logging_mixin.py:188} INFO - [2024-06-01T00:05:59.841+0000] {dagbag.py:545} INFO - Filling up the DagBag from /home/airflow/.local/lib/python3.12/site-packages/airflow/example_dags/example_latest_only.py
[2024-06-01T00:05:59.845+0000] {processor.py:840} INFO - DAG(s) 'latest_only' retrieved from /home/airflow/.local/lib/python3.12/site-packages/airflow/example_dags/example_latest_only.py
[2024-06-01T00:05:59.865+0000] {logging_mixin.py:188} INFO - [2024-06-01T00:05:59.865+0000] {dag.py:3096} INFO - Sync 1 DAGs
[2024-06-01T00:05:59.884+0000] {logging_mixin.py:188} INFO - [2024-06-01T00:05:59.884+0000] {dag.py:3954} INFO - Setting next_dagrun for latest_only to 2024-05-31 20:00:00+00:00, run_after=2024-06-01 00:00:00+00:00
[2024-06-01T00:05:59.902+0000] {processor.py:183} INFO - Processing /home/airflow/.local/lib/python3.12/site-packages/airflow/example_dags/example_latest_only.py took 0.069 seconds
[2024-06-01T00:06:30.775+0000] {processor.py:161} INFO - Started process (PID=6341) to work on /home/airflow/.local/lib/python3.12/site-packages/airflow/example_dags/example_latest_only.py
[2024-06-01T00:06:30.777+0000] {processor.py:830} INFO - Processing file /home/airflow/.local/lib/python3.12/site-packages/airflow/example_dags/example_latest_only.py for tasks to queue
[2024-06-01T00:06:30.780+0000] {logging_mixin.py:188} INFO - [2024-06-01T00:06:30.780+0000] {dagbag.py:545} INFO - Filling up the DagBag from /home/airflow/.local/lib/python3.12/site-packages/airflow/example_dags/example_latest_only.py
[2024-06-01T00:06:30.785+0000] {processor.py:840} INFO - DAG(s) 'latest_only' retrieved from /home/airflow/.local/lib/python3.12/site-packages/airflow/example_dags/example_latest_only.py
[2024-06-01T00:06:30.804+0000] {logging_mixin.py:188} INFO - [2024-06-01T00:06:30.803+0000] {dag.py:3096} INFO - Sync 1 DAGs
[2024-06-01T00:06:30.927+0000] {logging_mixin.py:188} INFO - [2024-06-01T00:06:30.927+0000] {dag.py:3954} INFO - Setting next_dagrun for latest_only to 2024-05-31 20:00:00+00:00, run_after=2024-06-01 00:00:00+00:00
[2024-06-01T00:06:30.943+0000] {processor.py:183} INFO - Processing /home/airflow/.local/lib/python3.12/site-packages/airflow/example_dags/example_latest_only.py took 0.173 seconds
[2024-06-01T00:07:01.271+0000] {processor.py:161} INFO - Started process (PID=6399) to work on /home/airflow/.local/lib/python3.12/site-packages/airflow/example_dags/example_latest_only.py
[2024-06-01T00:07:01.273+0000] {processor.py:830} INFO - Processing file /home/airflow/.local/lib/python3.12/site-packages/airflow/example_dags/example_latest_only.py for tasks to queue
[2024-06-01T00:07:01.276+0000] {logging_mixin.py:188} INFO - [2024-06-01T00:07:01.276+0000] {dagbag.py:545} INFO - Filling up the DagBag from /home/airflow/.local/lib/python3.12/site-packages/airflow/example_dags/example_latest_only.py
[2024-06-01T00:07:01.281+0000] {processor.py:840} INFO - DAG(s) 'latest_only' retrieved from /home/airflow/.local/lib/python3.12/site-packages/airflow/example_dags/example_latest_only.py
[2024-06-01T00:07:01.298+0000] {logging_mixin.py:188} INFO - [2024-06-01T00:07:01.298+0000] {dag.py:3096} INFO - Sync 1 DAGs
[2024-06-01T00:07:01.416+0000] {logging_mixin.py:188} INFO - [2024-06-01T00:07:01.416+0000] {dag.py:3954} INFO - Setting next_dagrun for latest_only to 2024-05-31 20:00:00+00:00, run_after=2024-06-01 00:00:00+00:00
[2024-06-01T00:07:01.435+0000] {processor.py:183} INFO - Processing /home/airflow/.local/lib/python3.12/site-packages/airflow/example_dags/example_latest_only.py took 0.169 seconds
[2024-06-01T00:07:32.304+0000] {processor.py:161} INFO - Started process (PID=6457) to work on /home/airflow/.local/lib/python3.12/site-packages/airflow/example_dags/example_latest_only.py
[2024-06-01T00:07:32.306+0000] {processor.py:830} INFO - Processing file /home/airflow/.local/lib/python3.12/site-packages/airflow/example_dags/example_latest_only.py for tasks to queue
[2024-06-01T00:07:32.308+0000] {logging_mixin.py:188} INFO - [2024-06-01T00:07:32.308+0000] {dagbag.py:545} INFO - Filling up the DagBag from /home/airflow/.local/lib/python3.12/site-packages/airflow/example_dags/example_latest_only.py
[2024-06-01T00:07:32.314+0000] {processor.py:840} INFO - DAG(s) 'latest_only' retrieved from /home/airflow/.local/lib/python3.12/site-packages/airflow/example_dags/example_latest_only.py
[2024-06-01T00:07:32.331+0000] {logging_mixin.py:188} INFO - [2024-06-01T00:07:32.331+0000] {dag.py:3096} INFO - Sync 1 DAGs
[2024-06-01T00:07:32.349+0000] {logging_mixin.py:188} INFO - [2024-06-01T00:07:32.349+0000] {dag.py:3954} INFO - Setting next_dagrun for latest_only to 2024-05-31 20:00:00+00:00, run_after=2024-06-01 00:00:00+00:00
[2024-06-01T00:07:32.467+0000] {processor.py:183} INFO - Processing /home/airflow/.local/lib/python3.12/site-packages/airflow/example_dags/example_latest_only.py took 0.170 seconds
[2024-06-01T00:08:02.525+0000] {processor.py:161} INFO - Started process (PID=6514) to work on /home/airflow/.local/lib/python3.12/site-packages/airflow/example_dags/example_latest_only.py
[2024-06-01T00:08:02.527+0000] {processor.py:830} INFO - Processing file /home/airflow/.local/lib/python3.12/site-packages/airflow/example_dags/example_latest_only.py for tasks to queue
[2024-06-01T00:08:02.530+0000] {logging_mixin.py:188} INFO - [2024-06-01T00:08:02.529+0000] {dagbag.py:545} INFO - Filling up the DagBag from /home/airflow/.local/lib/python3.12/site-packages/airflow/example_dags/example_latest_only.py
[2024-06-01T00:08:02.536+0000] {processor.py:840} INFO - DAG(s) 'latest_only' retrieved from /home/airflow/.local/lib/python3.12/site-packages/airflow/example_dags/example_latest_only.py
[2024-06-01T00:08:02.557+0000] {logging_mixin.py:188} INFO - [2024-06-01T00:08:02.556+0000] {dag.py:3096} INFO - Sync 1 DAGs
[2024-06-01T00:08:02.577+0000] {logging_mixin.py:188} INFO - [2024-06-01T00:08:02.577+0000] {dag.py:3954} INFO - Setting next_dagrun for latest_only to 2024-05-31 20:00:00+00:00, run_after=2024-06-01 00:00:00+00:00
[2024-06-01T00:08:02.597+0000] {processor.py:183} INFO - Processing /home/airflow/.local/lib/python3.12/site-packages/airflow/example_dags/example_latest_only.py took 0.076 seconds
[2024-06-01T00:08:32.802+0000] {processor.py:161} INFO - Started process (PID=6572) to work on /home/airflow/.local/lib/python3.12/site-packages/airflow/example_dags/example_latest_only.py
[2024-06-01T00:08:32.804+0000] {processor.py:830} INFO - Processing file /home/airflow/.local/lib/python3.12/site-packages/airflow/example_dags/example_latest_only.py for tasks to queue
[2024-06-01T00:08:32.807+0000] {logging_mixin.py:188} INFO - [2024-06-01T00:08:32.806+0000] {dagbag.py:545} INFO - Filling up the DagBag from /home/airflow/.local/lib/python3.12/site-packages/airflow/example_dags/example_latest_only.py
[2024-06-01T00:08:32.811+0000] {processor.py:840} INFO - DAG(s) 'latest_only' retrieved from /home/airflow/.local/lib/python3.12/site-packages/airflow/example_dags/example_latest_only.py
[2024-06-01T00:08:32.831+0000] {logging_mixin.py:188} INFO - [2024-06-01T00:08:32.831+0000] {dag.py:3096} INFO - Sync 1 DAGs
[2024-06-01T00:08:32.851+0000] {logging_mixin.py:188} INFO - [2024-06-01T00:08:32.851+0000] {dag.py:3954} INFO - Setting next_dagrun for latest_only to 2024-05-31 20:00:00+00:00, run_after=2024-06-01 00:00:00+00:00
[2024-06-01T00:08:32.869+0000] {processor.py:183} INFO - Processing /home/airflow/.local/lib/python3.12/site-packages/airflow/example_dags/example_latest_only.py took 0.072 seconds
[2024-06-01T00:09:03.612+0000] {processor.py:161} INFO - Started process (PID=6630) to work on /home/airflow/.local/lib/python3.12/site-packages/airflow/example_dags/example_latest_only.py
[2024-06-01T00:09:03.614+0000] {processor.py:830} INFO - Processing file /home/airflow/.local/lib/python3.12/site-packages/airflow/example_dags/example_latest_only.py for tasks to queue
[2024-06-01T00:09:03.616+0000] {logging_mixin.py:188} INFO - [2024-06-01T00:09:03.615+0000] {dagbag.py:545} INFO - Filling up the DagBag from /home/airflow/.local/lib/python3.12/site-packages/airflow/example_dags/example_latest_only.py
[2024-06-01T00:09:03.620+0000] {processor.py:840} INFO - DAG(s) 'latest_only' retrieved from /home/airflow/.local/lib/python3.12/site-packages/airflow/example_dags/example_latest_only.py
[2024-06-01T00:09:03.638+0000] {logging_mixin.py:188} INFO - [2024-06-01T00:09:03.638+0000] {dag.py:3096} INFO - Sync 1 DAGs
[2024-06-01T00:09:03.657+0000] {logging_mixin.py:188} INFO - [2024-06-01T00:09:03.656+0000] {dag.py:3954} INFO - Setting next_dagrun for latest_only to 2024-05-31 20:00:00+00:00, run_after=2024-06-01 00:00:00+00:00
[2024-06-01T00:09:03.673+0000] {processor.py:183} INFO - Processing /home/airflow/.local/lib/python3.12/site-packages/airflow/example_dags/example_latest_only.py took 0.066 seconds
[2024-06-01T00:09:34.201+0000] {processor.py:161} INFO - Started process (PID=6688) to work on /home/airflow/.local/lib/python3.12/site-packages/airflow/example_dags/example_latest_only.py
[2024-06-01T00:09:34.203+0000] {processor.py:830} INFO - Processing file /home/airflow/.local/lib/python3.12/site-packages/airflow/example_dags/example_latest_only.py for tasks to queue
[2024-06-01T00:09:34.206+0000] {logging_mixin.py:188} INFO - [2024-06-01T00:09:34.206+0000] {dagbag.py:545} INFO - Filling up the DagBag from /home/airflow/.local/lib/python3.12/site-packages/airflow/example_dags/example_latest_only.py
[2024-06-01T00:09:34.211+0000] {processor.py:840} INFO - DAG(s) 'latest_only' retrieved from /home/airflow/.local/lib/python3.12/site-packages/airflow/example_dags/example_latest_only.py
[2024-06-01T00:09:34.232+0000] {logging_mixin.py:188} INFO - [2024-06-01T00:09:34.232+0000] {dag.py:3096} INFO - Sync 1 DAGs
[2024-06-01T00:09:34.257+0000] {logging_mixin.py:188} INFO - [2024-06-01T00:09:34.257+0000] {dag.py:3954} INFO - Setting next_dagrun for latest_only to 2024-05-31 20:00:00+00:00, run_after=2024-06-01 00:00:00+00:00
[2024-06-01T00:09:34.279+0000] {processor.py:183} INFO - Processing /home/airflow/.local/lib/python3.12/site-packages/airflow/example_dags/example_latest_only.py took 0.084 seconds
[2024-06-01T00:10:04.860+0000] {processor.py:161} INFO - Started process (PID=6746) to work on /home/airflow/.local/lib/python3.12/site-packages/airflow/example_dags/example_latest_only.py
[2024-06-01T00:10:04.862+0000] {processor.py:830} INFO - Processing file /home/airflow/.local/lib/python3.12/site-packages/airflow/example_dags/example_latest_only.py for tasks to queue
[2024-06-01T00:10:04.865+0000] {logging_mixin.py:188} INFO - [2024-06-01T00:10:04.865+0000] {dagbag.py:545} INFO - Filling up the DagBag from /home/airflow/.local/lib/python3.12/site-packages/airflow/example_dags/example_latest_only.py
[2024-06-01T00:10:04.870+0000] {processor.py:840} INFO - DAG(s) 'latest_only' retrieved from /home/airflow/.local/lib/python3.12/site-packages/airflow/example_dags/example_latest_only.py
[2024-06-01T00:10:04.887+0000] {logging_mixin.py:188} INFO - [2024-06-01T00:10:04.887+0000] {dag.py:3096} INFO - Sync 1 DAGs
[2024-06-01T00:10:04.904+0000] {logging_mixin.py:188} INFO - [2024-06-01T00:10:04.904+0000] {dag.py:3954} INFO - Setting next_dagrun for latest_only to 2024-05-31 20:00:00+00:00, run_after=2024-06-01 00:00:00+00:00
[2024-06-01T00:10:04.923+0000] {processor.py:183} INFO - Processing /home/airflow/.local/lib/python3.12/site-packages/airflow/example_dags/example_latest_only.py took 0.069 seconds
[2024-06-01T00:10:35.037+0000] {processor.py:161} INFO - Started process (PID=6804) to work on /home/airflow/.local/lib/python3.12/site-packages/airflow/example_dags/example_latest_only.py
[2024-06-01T00:10:35.039+0000] {processor.py:830} INFO - Processing file /home/airflow/.local/lib/python3.12/site-packages/airflow/example_dags/example_latest_only.py for tasks to queue
[2024-06-01T00:10:35.041+0000] {logging_mixin.py:188} INFO - [2024-06-01T00:10:35.041+0000] {dagbag.py:545} INFO - Filling up the DagBag from /home/airflow/.local/lib/python3.12/site-packages/airflow/example_dags/example_latest_only.py
[2024-06-01T00:10:35.046+0000] {processor.py:840} INFO - DAG(s) 'latest_only' retrieved from /home/airflow/.local/lib/python3.12/site-packages/airflow/example_dags/example_latest_only.py
[2024-06-01T00:10:35.063+0000] {logging_mixin.py:188} INFO - [2024-06-01T00:10:35.063+0000] {dag.py:3096} INFO - Sync 1 DAGs
[2024-06-01T00:10:35.081+0000] {logging_mixin.py:188} INFO - [2024-06-01T00:10:35.081+0000] {dag.py:3954} INFO - Setting next_dagrun for latest_only to 2024-05-31 20:00:00+00:00, run_after=2024-06-01 00:00:00+00:00
[2024-06-01T00:10:35.097+0000] {processor.py:183} INFO - Processing /home/airflow/.local/lib/python3.12/site-packages/airflow/example_dags/example_latest_only.py took 0.064 seconds
[2024-06-01T00:11:05.264+0000] {processor.py:161} INFO - Started process (PID=6862) to work on /home/airflow/.local/lib/python3.12/site-packages/airflow/example_dags/example_latest_only.py
[2024-06-01T00:11:05.266+0000] {processor.py:830} INFO - Processing file /home/airflow/.local/lib/python3.12/site-packages/airflow/example_dags/example_latest_only.py for tasks to queue
[2024-06-01T00:11:05.269+0000] {logging_mixin.py:188} INFO - [2024-06-01T00:11:05.269+0000] {dagbag.py:545} INFO - Filling up the DagBag from /home/airflow/.local/lib/python3.12/site-packages/airflow/example_dags/example_latest_only.py
[2024-06-01T00:11:05.274+0000] {processor.py:840} INFO - DAG(s) 'latest_only' retrieved from /home/airflow/.local/lib/python3.12/site-packages/airflow/example_dags/example_latest_only.py
[2024-06-01T00:11:05.291+0000] {logging_mixin.py:188} INFO - [2024-06-01T00:11:05.291+0000] {dag.py:3096} INFO - Sync 1 DAGs
[2024-06-01T00:11:05.309+0000] {logging_mixin.py:188} INFO - [2024-06-01T00:11:05.309+0000] {dag.py:3954} INFO - Setting next_dagrun for latest_only to 2024-05-31 20:00:00+00:00, run_after=2024-06-01 00:00:00+00:00
[2024-06-01T00:11:05.328+0000] {processor.py:183} INFO - Processing /home/airflow/.local/lib/python3.12/site-packages/airflow/example_dags/example_latest_only.py took 0.068 seconds
[2024-06-01T00:11:35.637+0000] {processor.py:161} INFO - Started process (PID=6920) to work on /home/airflow/.local/lib/python3.12/site-packages/airflow/example_dags/example_latest_only.py
[2024-06-01T00:11:35.639+0000] {processor.py:830} INFO - Processing file /home/airflow/.local/lib/python3.12/site-packages/airflow/example_dags/example_latest_only.py for tasks to queue
[2024-06-01T00:11:35.642+0000] {logging_mixin.py:188} INFO - [2024-06-01T00:11:35.642+0000] {dagbag.py:545} INFO - Filling up the DagBag from /home/airflow/.local/lib/python3.12/site-packages/airflow/example_dags/example_latest_only.py
[2024-06-01T00:11:35.647+0000] {processor.py:840} INFO - DAG(s) 'latest_only' retrieved from /home/airflow/.local/lib/python3.12/site-packages/airflow/example_dags/example_latest_only.py
[2024-06-01T00:11:35.664+0000] {logging_mixin.py:188} INFO - [2024-06-01T00:11:35.664+0000] {dag.py:3096} INFO - Sync 1 DAGs
[2024-06-01T00:11:35.682+0000] {logging_mixin.py:188} INFO - [2024-06-01T00:11:35.681+0000] {dag.py:3954} INFO - Setting next_dagrun for latest_only to 2024-05-31 20:00:00+00:00, run_after=2024-06-01 00:00:00+00:00
[2024-06-01T00:11:35.699+0000] {processor.py:183} INFO - Processing /home/airflow/.local/lib/python3.12/site-packages/airflow/example_dags/example_latest_only.py took 0.069 seconds
[2024-06-01T00:12:05.900+0000] {processor.py:161} INFO - Started process (PID=6977) to work on /home/airflow/.local/lib/python3.12/site-packages/airflow/example_dags/example_latest_only.py
[2024-06-01T00:12:05.901+0000] {processor.py:830} INFO - Processing file /home/airflow/.local/lib/python3.12/site-packages/airflow/example_dags/example_latest_only.py for tasks to queue
[2024-06-01T00:12:05.903+0000] {logging_mixin.py:188} INFO - [2024-06-01T00:12:05.903+0000] {dagbag.py:545} INFO - Filling up the DagBag from /home/airflow/.local/lib/python3.12/site-packages/airflow/example_dags/example_latest_only.py
[2024-06-01T00:12:05.908+0000] {processor.py:840} INFO - DAG(s) 'latest_only' retrieved from /home/airflow/.local/lib/python3.12/site-packages/airflow/example_dags/example_latest_only.py
[2024-06-01T00:12:05.925+0000] {logging_mixin.py:188} INFO - [2024-06-01T00:12:05.925+0000] {dag.py:3096} INFO - Sync 1 DAGs
[2024-06-01T00:12:05.942+0000] {logging_mixin.py:188} INFO - [2024-06-01T00:12:05.942+0000] {dag.py:3954} INFO - Setting next_dagrun for latest_only to 2024-05-31 20:00:00+00:00, run_after=2024-06-01 00:00:00+00:00
[2024-06-01T00:12:05.960+0000] {processor.py:183} INFO - Processing /home/airflow/.local/lib/python3.12/site-packages/airflow/example_dags/example_latest_only.py took 0.066 seconds
[2024-06-01T00:12:36.522+0000] {processor.py:161} INFO - Started process (PID=7035) to work on /home/airflow/.local/lib/python3.12/site-packages/airflow/example_dags/example_latest_only.py
[2024-06-01T00:12:36.524+0000] {processor.py:830} INFO - Processing file /home/airflow/.local/lib/python3.12/site-packages/airflow/example_dags/example_latest_only.py for tasks to queue
[2024-06-01T00:12:36.526+0000] {logging_mixin.py:188} INFO - [2024-06-01T00:12:36.526+0000] {dagbag.py:545} INFO - Filling up the DagBag from /home/airflow/.local/lib/python3.12/site-packages/airflow/example_dags/example_latest_only.py
[2024-06-01T00:12:36.532+0000] {processor.py:840} INFO - DAG(s) 'latest_only' retrieved from /home/airflow/.local/lib/python3.12/site-packages/airflow/example_dags/example_latest_only.py
[2024-06-01T00:12:36.552+0000] {logging_mixin.py:188} INFO - [2024-06-01T00:12:36.551+0000] {dag.py:3096} INFO - Sync 1 DAGs
[2024-06-01T00:12:36.571+0000] {logging_mixin.py:188} INFO - [2024-06-01T00:12:36.571+0000] {dag.py:3954} INFO - Setting next_dagrun for latest_only to 2024-05-31 20:00:00+00:00, run_after=2024-06-01 00:00:00+00:00
[2024-06-01T00:12:36.589+0000] {processor.py:183} INFO - Processing /home/airflow/.local/lib/python3.12/site-packages/airflow/example_dags/example_latest_only.py took 0.073 seconds
[2024-06-01T00:13:07.063+0000] {processor.py:161} INFO - Started process (PID=7093) to work on /home/airflow/.local/lib/python3.12/site-packages/airflow/example_dags/example_latest_only.py
[2024-06-01T00:13:07.066+0000] {processor.py:830} INFO - Processing file /home/airflow/.local/lib/python3.12/site-packages/airflow/example_dags/example_latest_only.py for tasks to queue
[2024-06-01T00:13:07.069+0000] {logging_mixin.py:188} INFO - [2024-06-01T00:13:07.069+0000] {dagbag.py:545} INFO - Filling up the DagBag from /home/airflow/.local/lib/python3.12/site-packages/airflow/example_dags/example_latest_only.py
[2024-06-01T00:13:07.074+0000] {processor.py:840} INFO - DAG(s) 'latest_only' retrieved from /home/airflow/.local/lib/python3.12/site-packages/airflow/example_dags/example_latest_only.py
[2024-06-01T00:13:07.094+0000] {logging_mixin.py:188} INFO - [2024-06-01T00:13:07.094+0000] {dag.py:3096} INFO - Sync 1 DAGs
[2024-06-01T00:13:07.113+0000] {logging_mixin.py:188} INFO - [2024-06-01T00:13:07.113+0000] {dag.py:3954} INFO - Setting next_dagrun for latest_only to 2024-05-31 20:00:00+00:00, run_after=2024-06-01 00:00:00+00:00
[2024-06-01T00:13:07.133+0000] {processor.py:183} INFO - Processing /home/airflow/.local/lib/python3.12/site-packages/airflow/example_dags/example_latest_only.py took 0.078 seconds
[2024-06-01T00:13:37.380+0000] {processor.py:161} INFO - Started process (PID=7151) to work on /home/airflow/.local/lib/python3.12/site-packages/airflow/example_dags/example_latest_only.py
[2024-06-01T00:13:37.383+0000] {processor.py:830} INFO - Processing file /home/airflow/.local/lib/python3.12/site-packages/airflow/example_dags/example_latest_only.py for tasks to queue
[2024-06-01T00:13:37.385+0000] {logging_mixin.py:188} INFO - [2024-06-01T00:13:37.385+0000] {dagbag.py:545} INFO - Filling up the DagBag from /home/airflow/.local/lib/python3.12/site-packages/airflow/example_dags/example_latest_only.py
[2024-06-01T00:13:37.390+0000] {processor.py:840} INFO - DAG(s) 'latest_only' retrieved from /home/airflow/.local/lib/python3.12/site-packages/airflow/example_dags/example_latest_only.py
[2024-06-01T00:13:37.410+0000] {logging_mixin.py:188} INFO - [2024-06-01T00:13:37.409+0000] {dag.py:3096} INFO - Sync 1 DAGs
[2024-06-01T00:13:37.428+0000] {logging_mixin.py:188} INFO - [2024-06-01T00:13:37.428+0000] {dag.py:3954} INFO - Setting next_dagrun for latest_only to 2024-05-31 20:00:00+00:00, run_after=2024-06-01 00:00:00+00:00
[2024-06-01T00:13:37.443+0000] {processor.py:183} INFO - Processing /home/airflow/.local/lib/python3.12/site-packages/airflow/example_dags/example_latest_only.py took 0.069 seconds
[2024-06-01T00:14:08.157+0000] {processor.py:161} INFO - Started process (PID=7209) to work on /home/airflow/.local/lib/python3.12/site-packages/airflow/example_dags/example_latest_only.py
[2024-06-01T00:14:08.159+0000] {processor.py:830} INFO - Processing file /home/airflow/.local/lib/python3.12/site-packages/airflow/example_dags/example_latest_only.py for tasks to queue
[2024-06-01T00:14:08.162+0000] {logging_mixin.py:188} INFO - [2024-06-01T00:14:08.161+0000] {dagbag.py:545} INFO - Filling up the DagBag from /home/airflow/.local/lib/python3.12/site-packages/airflow/example_dags/example_latest_only.py
[2024-06-01T00:14:08.167+0000] {processor.py:840} INFO - DAG(s) 'latest_only' retrieved from /home/airflow/.local/lib/python3.12/site-packages/airflow/example_dags/example_latest_only.py
[2024-06-01T00:14:08.182+0000] {logging_mixin.py:188} INFO - [2024-06-01T00:14:08.182+0000] {dag.py:3096} INFO - Sync 1 DAGs
[2024-06-01T00:14:08.200+0000] {logging_mixin.py:188} INFO - [2024-06-01T00:14:08.200+0000] {dag.py:3954} INFO - Setting next_dagrun for latest_only to 2024-05-31 20:00:00+00:00, run_after=2024-06-01 00:00:00+00:00
[2024-06-01T00:14:08.220+0000] {processor.py:183} INFO - Processing /home/airflow/.local/lib/python3.12/site-packages/airflow/example_dags/example_latest_only.py took 0.067 seconds
[2024-06-01T00:14:38.865+0000] {processor.py:161} INFO - Started process (PID=7267) to work on /home/airflow/.local/lib/python3.12/site-packages/airflow/example_dags/example_latest_only.py
[2024-06-01T00:14:38.866+0000] {processor.py:830} INFO - Processing file /home/airflow/.local/lib/python3.12/site-packages/airflow/example_dags/example_latest_only.py for tasks to queue
[2024-06-01T00:14:38.868+0000] {logging_mixin.py:188} INFO - [2024-06-01T00:14:38.868+0000] {dagbag.py:545} INFO - Filling up the DagBag from /home/airflow/.local/lib/python3.12/site-packages/airflow/example_dags/example_latest_only.py
[2024-06-01T00:14:38.872+0000] {processor.py:840} INFO - DAG(s) 'latest_only' retrieved from /home/airflow/.local/lib/python3.12/site-packages/airflow/example_dags/example_latest_only.py
[2024-06-01T00:14:38.890+0000] {logging_mixin.py:188} INFO - [2024-06-01T00:14:38.889+0000] {dag.py:3096} INFO - Sync 1 DAGs
[2024-06-01T00:14:38.908+0000] {logging_mixin.py:188} INFO - [2024-06-01T00:14:38.907+0000] {dag.py:3954} INFO - Setting next_dagrun for latest_only to 2024-05-31 20:00:00+00:00, run_after=2024-06-01 00:00:00+00:00
[2024-06-01T00:14:38.924+0000] {processor.py:183} INFO - Processing /home/airflow/.local/lib/python3.12/site-packages/airflow/example_dags/example_latest_only.py took 0.066 seconds
[2024-06-01T00:15:09.453+0000] {processor.py:161} INFO - Started process (PID=7325) to work on /home/airflow/.local/lib/python3.12/site-packages/airflow/example_dags/example_latest_only.py
[2024-06-01T00:15:09.455+0000] {processor.py:830} INFO - Processing file /home/airflow/.local/lib/python3.12/site-packages/airflow/example_dags/example_latest_only.py for tasks to queue
[2024-06-01T00:15:09.458+0000] {logging_mixin.py:188} INFO - [2024-06-01T00:15:09.457+0000] {dagbag.py:545} INFO - Filling up the DagBag from /home/airflow/.local/lib/python3.12/site-packages/airflow/example_dags/example_latest_only.py
[2024-06-01T00:15:09.462+0000] {processor.py:840} INFO - DAG(s) 'latest_only' retrieved from /home/airflow/.local/lib/python3.12/site-packages/airflow/example_dags/example_latest_only.py
[2024-06-01T00:15:09.482+0000] {logging_mixin.py:188} INFO - [2024-06-01T00:15:09.482+0000] {dag.py:3096} INFO - Sync 1 DAGs
[2024-06-01T00:15:09.500+0000] {logging_mixin.py:188} INFO - [2024-06-01T00:15:09.500+0000] {dag.py:3954} INFO - Setting next_dagrun for latest_only to 2024-05-31 20:00:00+00:00, run_after=2024-06-01 00:00:00+00:00
[2024-06-01T00:15:09.517+0000] {processor.py:183} INFO - Processing /home/airflow/.local/lib/python3.12/site-packages/airflow/example_dags/example_latest_only.py took 0.069 seconds
[2024-06-01T00:15:40.009+0000] {processor.py:161} INFO - Started process (PID=7383) to work on /home/airflow/.local/lib/python3.12/site-packages/airflow/example_dags/example_latest_only.py
[2024-06-01T00:15:40.011+0000] {processor.py:830} INFO - Processing file /home/airflow/.local/lib/python3.12/site-packages/airflow/example_dags/example_latest_only.py for tasks to queue
[2024-06-01T00:15:40.014+0000] {logging_mixin.py:188} INFO - [2024-06-01T00:15:40.013+0000] {dagbag.py:545} INFO - Filling up the DagBag from /home/airflow/.local/lib/python3.12/site-packages/airflow/example_dags/example_latest_only.py
[2024-06-01T00:15:40.019+0000] {processor.py:840} INFO - DAG(s) 'latest_only' retrieved from /home/airflow/.local/lib/python3.12/site-packages/airflow/example_dags/example_latest_only.py
[2024-06-01T00:15:40.037+0000] {logging_mixin.py:188} INFO - [2024-06-01T00:15:40.036+0000] {dag.py:3096} INFO - Sync 1 DAGs
[2024-06-01T00:15:40.055+0000] {logging_mixin.py:188} INFO - [2024-06-01T00:15:40.054+0000] {dag.py:3954} INFO - Setting next_dagrun for latest_only to 2024-05-31 20:00:00+00:00, run_after=2024-06-01 00:00:00+00:00
[2024-06-01T00:15:40.071+0000] {processor.py:183} INFO - Processing /home/airflow/.local/lib/python3.12/site-packages/airflow/example_dags/example_latest_only.py took 0.068 seconds
[2024-06-01T00:16:10.239+0000] {processor.py:161} INFO - Started process (PID=7441) to work on /home/airflow/.local/lib/python3.12/site-packages/airflow/example_dags/example_latest_only.py
[2024-06-01T00:16:10.240+0000] {processor.py:830} INFO - Processing file /home/airflow/.local/lib/python3.12/site-packages/airflow/example_dags/example_latest_only.py for tasks to queue
[2024-06-01T00:16:10.243+0000] {logging_mixin.py:188} INFO - [2024-06-01T00:16:10.243+0000] {dagbag.py:545} INFO - Filling up the DagBag from /home/airflow/.local/lib/python3.12/site-packages/airflow/example_dags/example_latest_only.py
[2024-06-01T00:16:10.248+0000] {processor.py:840} INFO - DAG(s) 'latest_only' retrieved from /home/airflow/.local/lib/python3.12/site-packages/airflow/example_dags/example_latest_only.py
[2024-06-01T00:16:10.266+0000] {logging_mixin.py:188} INFO - [2024-06-01T00:16:10.266+0000] {dag.py:3096} INFO - Sync 1 DAGs
[2024-06-01T00:16:10.283+0000] {logging_mixin.py:188} INFO - [2024-06-01T00:16:10.283+0000] {dag.py:3954} INFO - Setting next_dagrun for latest_only to 2024-05-31 20:00:00+00:00, run_after=2024-06-01 00:00:00+00:00
[2024-06-01T00:16:10.300+0000] {processor.py:183} INFO - Processing /home/airflow/.local/lib/python3.12/site-packages/airflow/example_dags/example_latest_only.py took 0.070 seconds
[2024-06-01T00:16:41.051+0000] {processor.py:161} INFO - Started process (PID=7499) to work on /home/airflow/.local/lib/python3.12/site-packages/airflow/example_dags/example_latest_only.py
[2024-06-01T00:16:41.053+0000] {processor.py:830} INFO - Processing file /home/airflow/.local/lib/python3.12/site-packages/airflow/example_dags/example_latest_only.py for tasks to queue
[2024-06-01T00:16:41.056+0000] {logging_mixin.py:188} INFO - [2024-06-01T00:16:41.056+0000] {dagbag.py:545} INFO - Filling up the DagBag from /home/airflow/.local/lib/python3.12/site-packages/airflow/example_dags/example_latest_only.py
[2024-06-01T00:16:41.061+0000] {processor.py:840} INFO - DAG(s) 'latest_only' retrieved from /home/airflow/.local/lib/python3.12/site-packages/airflow/example_dags/example_latest_only.py
[2024-06-01T00:16:41.079+0000] {logging_mixin.py:188} INFO - [2024-06-01T00:16:41.079+0000] {dag.py:3096} INFO - Sync 1 DAGs
[2024-06-01T00:16:41.096+0000] {logging_mixin.py:188} INFO - [2024-06-01T00:16:41.096+0000] {dag.py:3954} INFO - Setting next_dagrun for latest_only to 2024-05-31 20:00:00+00:00, run_after=2024-06-01 00:00:00+00:00
[2024-06-01T00:16:41.113+0000] {processor.py:183} INFO - Processing /home/airflow/.local/lib/python3.12/site-packages/airflow/example_dags/example_latest_only.py took 0.067 seconds
[2024-06-01T00:17:11.375+0000] {processor.py:161} INFO - Started process (PID=7557) to work on /home/airflow/.local/lib/python3.12/site-packages/airflow/example_dags/example_latest_only.py
[2024-06-01T00:17:11.376+0000] {processor.py:830} INFO - Processing file /home/airflow/.local/lib/python3.12/site-packages/airflow/example_dags/example_latest_only.py for tasks to queue
[2024-06-01T00:17:11.379+0000] {logging_mixin.py:188} INFO - [2024-06-01T00:17:11.379+0000] {dagbag.py:545} INFO - Filling up the DagBag from /home/airflow/.local/lib/python3.12/site-packages/airflow/example_dags/example_latest_only.py
[2024-06-01T00:17:11.384+0000] {processor.py:840} INFO - DAG(s) 'latest_only' retrieved from /home/airflow/.local/lib/python3.12/site-packages/airflow/example_dags/example_latest_only.py
[2024-06-01T00:17:11.403+0000] {logging_mixin.py:188} INFO - [2024-06-01T00:17:11.403+0000] {dag.py:3096} INFO - Sync 1 DAGs
[2024-06-01T00:17:11.420+0000] {logging_mixin.py:188} INFO - [2024-06-01T00:17:11.420+0000] {dag.py:3954} INFO - Setting next_dagrun for latest_only to 2024-05-31 20:00:00+00:00, run_after=2024-06-01 00:00:00+00:00
[2024-06-01T00:17:11.439+0000] {processor.py:183} INFO - Processing /home/airflow/.local/lib/python3.12/site-packages/airflow/example_dags/example_latest_only.py took 0.071 seconds
[2024-06-01T00:17:41.548+0000] {processor.py:161} INFO - Started process (PID=7615) to work on /home/airflow/.local/lib/python3.12/site-packages/airflow/example_dags/example_latest_only.py
[2024-06-01T00:17:41.549+0000] {processor.py:830} INFO - Processing file /home/airflow/.local/lib/python3.12/site-packages/airflow/example_dags/example_latest_only.py for tasks to queue
[2024-06-01T00:17:41.552+0000] {logging_mixin.py:188} INFO - [2024-06-01T00:17:41.551+0000] {dagbag.py:545} INFO - Filling up the DagBag from /home/airflow/.local/lib/python3.12/site-packages/airflow/example_dags/example_latest_only.py
[2024-06-01T00:17:41.557+0000] {processor.py:840} INFO - DAG(s) 'latest_only' retrieved from /home/airflow/.local/lib/python3.12/site-packages/airflow/example_dags/example_latest_only.py
[2024-06-01T00:17:41.575+0000] {logging_mixin.py:188} INFO - [2024-06-01T00:17:41.575+0000] {dag.py:3096} INFO - Sync 1 DAGs
[2024-06-01T00:17:41.596+0000] {logging_mixin.py:188} INFO - [2024-06-01T00:17:41.596+0000] {dag.py:3954} INFO - Setting next_dagrun for latest_only to 2024-05-31 20:00:00+00:00, run_after=2024-06-01 00:00:00+00:00
[2024-06-01T00:17:41.615+0000] {processor.py:183} INFO - Processing /home/airflow/.local/lib/python3.12/site-packages/airflow/example_dags/example_latest_only.py took 0.072 seconds
[2024-06-01T00:18:12.155+0000] {processor.py:161} INFO - Started process (PID=7673) to work on /home/airflow/.local/lib/python3.12/site-packages/airflow/example_dags/example_latest_only.py
[2024-06-01T00:18:12.158+0000] {processor.py:830} INFO - Processing file /home/airflow/.local/lib/python3.12/site-packages/airflow/example_dags/example_latest_only.py for tasks to queue
[2024-06-01T00:18:12.161+0000] {logging_mixin.py:188} INFO - [2024-06-01T00:18:12.160+0000] {dagbag.py:545} INFO - Filling up the DagBag from /home/airflow/.local/lib/python3.12/site-packages/airflow/example_dags/example_latest_only.py
[2024-06-01T00:18:12.166+0000] {processor.py:840} INFO - DAG(s) 'latest_only' retrieved from /home/airflow/.local/lib/python3.12/site-packages/airflow/example_dags/example_latest_only.py
[2024-06-01T00:18:12.183+0000] {logging_mixin.py:188} INFO - [2024-06-01T00:18:12.183+0000] {dag.py:3096} INFO - Sync 1 DAGs
[2024-06-01T00:18:12.200+0000] {logging_mixin.py:188} INFO - [2024-06-01T00:18:12.200+0000] {dag.py:3954} INFO - Setting next_dagrun for latest_only to 2024-05-31 20:00:00+00:00, run_after=2024-06-01 00:00:00+00:00
[2024-06-01T00:18:12.216+0000] {processor.py:183} INFO - Processing /home/airflow/.local/lib/python3.12/site-packages/airflow/example_dags/example_latest_only.py took 0.065 seconds
[2024-06-01T00:18:42.774+0000] {processor.py:161} INFO - Started process (PID=7731) to work on /home/airflow/.local/lib/python3.12/site-packages/airflow/example_dags/example_latest_only.py
[2024-06-01T00:18:42.776+0000] {processor.py:830} INFO - Processing file /home/airflow/.local/lib/python3.12/site-packages/airflow/example_dags/example_latest_only.py for tasks to queue
[2024-06-01T00:18:42.778+0000] {logging_mixin.py:188} INFO - [2024-06-01T00:18:42.778+0000] {dagbag.py:545} INFO - Filling up the DagBag from /home/airflow/.local/lib/python3.12/site-packages/airflow/example_dags/example_latest_only.py
[2024-06-01T00:18:42.783+0000] {processor.py:840} INFO - DAG(s) 'latest_only' retrieved from /home/airflow/.local/lib/python3.12/site-packages/airflow/example_dags/example_latest_only.py
[2024-06-01T00:18:42.802+0000] {logging_mixin.py:188} INFO - [2024-06-01T00:18:42.802+0000] {dag.py:3096} INFO - Sync 1 DAGs
[2024-06-01T00:18:42.824+0000] {logging_mixin.py:188} INFO - [2024-06-01T00:18:42.823+0000] {dag.py:3954} INFO - Setting next_dagrun for latest_only to 2024-05-31 20:00:00+00:00, run_after=2024-06-01 00:00:00+00:00
[2024-06-01T00:18:42.843+0000] {processor.py:183} INFO - Processing /home/airflow/.local/lib/python3.12/site-packages/airflow/example_dags/example_latest_only.py took 0.074 seconds
[2024-06-01T00:19:13.344+0000] {processor.py:161} INFO - Started process (PID=7789) to work on /home/airflow/.local/lib/python3.12/site-packages/airflow/example_dags/example_latest_only.py
[2024-06-01T00:19:13.346+0000] {processor.py:830} INFO - Processing file /home/airflow/.local/lib/python3.12/site-packages/airflow/example_dags/example_latest_only.py for tasks to queue
[2024-06-01T00:19:13.349+0000] {logging_mixin.py:188} INFO - [2024-06-01T00:19:13.349+0000] {dagbag.py:545} INFO - Filling up the DagBag from /home/airflow/.local/lib/python3.12/site-packages/airflow/example_dags/example_latest_only.py
[2024-06-01T00:19:13.354+0000] {processor.py:840} INFO - DAG(s) 'latest_only' retrieved from /home/airflow/.local/lib/python3.12/site-packages/airflow/example_dags/example_latest_only.py
[2024-06-01T00:19:13.370+0000] {logging_mixin.py:188} INFO - [2024-06-01T00:19:13.370+0000] {dag.py:3096} INFO - Sync 1 DAGs
[2024-06-01T00:19:13.387+0000] {logging_mixin.py:188} INFO - [2024-06-01T00:19:13.387+0000] {dag.py:3954} INFO - Setting next_dagrun for latest_only to 2024-05-31 20:00:00+00:00, run_after=2024-06-01 00:00:00+00:00
[2024-06-01T00:19:13.405+0000] {processor.py:183} INFO - Processing /home/airflow/.local/lib/python3.12/site-packages/airflow/example_dags/example_latest_only.py took 0.066 seconds
[2024-06-01T00:19:43.626+0000] {processor.py:161} INFO - Started process (PID=7847) to work on /home/airflow/.local/lib/python3.12/site-packages/airflow/example_dags/example_latest_only.py
[2024-06-01T00:19:43.628+0000] {processor.py:830} INFO - Processing file /home/airflow/.local/lib/python3.12/site-packages/airflow/example_dags/example_latest_only.py for tasks to queue
[2024-06-01T00:19:43.630+0000] {logging_mixin.py:188} INFO - [2024-06-01T00:19:43.629+0000] {dagbag.py:545} INFO - Filling up the DagBag from /home/airflow/.local/lib/python3.12/site-packages/airflow/example_dags/example_latest_only.py
[2024-06-01T00:19:43.635+0000] {processor.py:840} INFO - DAG(s) 'latest_only' retrieved from /home/airflow/.local/lib/python3.12/site-packages/airflow/example_dags/example_latest_only.py
[2024-06-01T00:19:43.653+0000] {logging_mixin.py:188} INFO - [2024-06-01T00:19:43.653+0000] {dag.py:3096} INFO - Sync 1 DAGs
[2024-06-01T00:19:43.670+0000] {logging_mixin.py:188} INFO - [2024-06-01T00:19:43.670+0000] {dag.py:3954} INFO - Setting next_dagrun for latest_only to 2024-05-31 20:00:00+00:00, run_after=2024-06-01 00:00:00+00:00
[2024-06-01T00:19:43.686+0000] {processor.py:183} INFO - Processing /home/airflow/.local/lib/python3.12/site-packages/airflow/example_dags/example_latest_only.py took 0.064 seconds
[2024-06-01T00:20:14.131+0000] {processor.py:161} INFO - Started process (PID=7905) to work on /home/airflow/.local/lib/python3.12/site-packages/airflow/example_dags/example_latest_only.py
[2024-06-01T00:20:14.132+0000] {processor.py:830} INFO - Processing file /home/airflow/.local/lib/python3.12/site-packages/airflow/example_dags/example_latest_only.py for tasks to queue
[2024-06-01T00:20:14.134+0000] {logging_mixin.py:188} INFO - [2024-06-01T00:20:14.134+0000] {dagbag.py:545} INFO - Filling up the DagBag from /home/airflow/.local/lib/python3.12/site-packages/airflow/example_dags/example_latest_only.py
[2024-06-01T00:20:14.139+0000] {processor.py:840} INFO - DAG(s) 'latest_only' retrieved from /home/airflow/.local/lib/python3.12/site-packages/airflow/example_dags/example_latest_only.py
[2024-06-01T00:20:14.158+0000] {logging_mixin.py:188} INFO - [2024-06-01T00:20:14.158+0000] {dag.py:3096} INFO - Sync 1 DAGs
[2024-06-01T00:20:14.177+0000] {logging_mixin.py:188} INFO - [2024-06-01T00:20:14.176+0000] {dag.py:3954} INFO - Setting next_dagrun for latest_only to 2024-05-31 20:00:00+00:00, run_after=2024-06-01 00:00:00+00:00
[2024-06-01T00:20:14.195+0000] {processor.py:183} INFO - Processing /home/airflow/.local/lib/python3.12/site-packages/airflow/example_dags/example_latest_only.py took 0.070 seconds
[2024-06-01T00:20:44.603+0000] {processor.py:161} INFO - Started process (PID=7963) to work on /home/airflow/.local/lib/python3.12/site-packages/airflow/example_dags/example_latest_only.py
[2024-06-01T00:20:44.605+0000] {processor.py:830} INFO - Processing file /home/airflow/.local/lib/python3.12/site-packages/airflow/example_dags/example_latest_only.py for tasks to queue
[2024-06-01T00:20:44.608+0000] {logging_mixin.py:188} INFO - [2024-06-01T00:20:44.607+0000] {dagbag.py:545} INFO - Filling up the DagBag from /home/airflow/.local/lib/python3.12/site-packages/airflow/example_dags/example_latest_only.py
[2024-06-01T00:20:44.613+0000] {processor.py:840} INFO - DAG(s) 'latest_only' retrieved from /home/airflow/.local/lib/python3.12/site-packages/airflow/example_dags/example_latest_only.py
[2024-06-01T00:20:44.633+0000] {logging_mixin.py:188} INFO - [2024-06-01T00:20:44.632+0000] {dag.py:3096} INFO - Sync 1 DAGs
[2024-06-01T00:20:44.653+0000] {logging_mixin.py:188} INFO - [2024-06-01T00:20:44.652+0000] {dag.py:3954} INFO - Setting next_dagrun for latest_only to 2024-05-31 20:00:00+00:00, run_after=2024-06-01 00:00:00+00:00
[2024-06-01T00:20:44.670+0000] {processor.py:183} INFO - Processing /home/airflow/.local/lib/python3.12/site-packages/airflow/example_dags/example_latest_only.py took 0.071 seconds
[2024-06-01T00:21:15.107+0000] {processor.py:161} INFO - Started process (PID=8021) to work on /home/airflow/.local/lib/python3.12/site-packages/airflow/example_dags/example_latest_only.py
[2024-06-01T00:21:15.108+0000] {processor.py:830} INFO - Processing file /home/airflow/.local/lib/python3.12/site-packages/airflow/example_dags/example_latest_only.py for tasks to queue
[2024-06-01T00:21:15.112+0000] {logging_mixin.py:188} INFO - [2024-06-01T00:21:15.111+0000] {dagbag.py:545} INFO - Filling up the DagBag from /home/airflow/.local/lib/python3.12/site-packages/airflow/example_dags/example_latest_only.py
[2024-06-01T00:21:15.117+0000] {processor.py:840} INFO - DAG(s) 'latest_only' retrieved from /home/airflow/.local/lib/python3.12/site-packages/airflow/example_dags/example_latest_only.py
[2024-06-01T00:21:15.136+0000] {logging_mixin.py:188} INFO - [2024-06-01T00:21:15.135+0000] {dag.py:3096} INFO - Sync 1 DAGs
[2024-06-01T00:21:15.153+0000] {logging_mixin.py:188} INFO - [2024-06-01T00:21:15.153+0000] {dag.py:3954} INFO - Setting next_dagrun for latest_only to 2024-05-31 20:00:00+00:00, run_after=2024-06-01 00:00:00+00:00
[2024-06-01T00:21:15.170+0000] {processor.py:183} INFO - Processing /home/airflow/.local/lib/python3.12/site-packages/airflow/example_dags/example_latest_only.py took 0.068 seconds
[2024-06-01T00:21:45.638+0000] {processor.py:161} INFO - Started process (PID=8085) to work on /home/airflow/.local/lib/python3.12/site-packages/airflow/example_dags/example_latest_only.py
[2024-06-01T00:21:45.640+0000] {processor.py:830} INFO - Processing file /home/airflow/.local/lib/python3.12/site-packages/airflow/example_dags/example_latest_only.py for tasks to queue
[2024-06-01T00:21:45.643+0000] {logging_mixin.py:188} INFO - [2024-06-01T00:21:45.642+0000] {dagbag.py:545} INFO - Filling up the DagBag from /home/airflow/.local/lib/python3.12/site-packages/airflow/example_dags/example_latest_only.py
[2024-06-01T00:21:45.648+0000] {processor.py:840} INFO - DAG(s) 'latest_only' retrieved from /home/airflow/.local/lib/python3.12/site-packages/airflow/example_dags/example_latest_only.py
[2024-06-01T00:21:45.665+0000] {logging_mixin.py:188} INFO - [2024-06-01T00:21:45.665+0000] {dag.py:3096} INFO - Sync 1 DAGs
[2024-06-01T00:21:45.681+0000] {logging_mixin.py:188} INFO - [2024-06-01T00:21:45.681+0000] {dag.py:3954} INFO - Setting next_dagrun for latest_only to 2024-05-31 20:00:00+00:00, run_after=2024-06-01 00:00:00+00:00
[2024-06-01T00:21:45.698+0000] {processor.py:183} INFO - Processing /home/airflow/.local/lib/python3.12/site-packages/airflow/example_dags/example_latest_only.py took 0.066 seconds
[2024-06-01T00:22:16.427+0000] {processor.py:161} INFO - Started process (PID=8143) to work on /home/airflow/.local/lib/python3.12/site-packages/airflow/example_dags/example_latest_only.py
[2024-06-01T00:22:16.428+0000] {processor.py:830} INFO - Processing file /home/airflow/.local/lib/python3.12/site-packages/airflow/example_dags/example_latest_only.py for tasks to queue
[2024-06-01T00:22:16.430+0000] {logging_mixin.py:188} INFO - [2024-06-01T00:22:16.430+0000] {dagbag.py:545} INFO - Filling up the DagBag from /home/airflow/.local/lib/python3.12/site-packages/airflow/example_dags/example_latest_only.py
[2024-06-01T00:22:16.435+0000] {processor.py:840} INFO - DAG(s) 'latest_only' retrieved from /home/airflow/.local/lib/python3.12/site-packages/airflow/example_dags/example_latest_only.py
[2024-06-01T00:22:16.453+0000] {logging_mixin.py:188} INFO - [2024-06-01T00:22:16.452+0000] {dag.py:3096} INFO - Sync 1 DAGs
[2024-06-01T00:22:16.472+0000] {logging_mixin.py:188} INFO - [2024-06-01T00:22:16.472+0000] {dag.py:3954} INFO - Setting next_dagrun for latest_only to 2024-05-31 20:00:00+00:00, run_after=2024-06-01 00:00:00+00:00
[2024-06-01T00:22:16.489+0000] {processor.py:183} INFO - Processing /home/airflow/.local/lib/python3.12/site-packages/airflow/example_dags/example_latest_only.py took 0.068 seconds
[2024-06-01T00:22:46.668+0000] {processor.py:161} INFO - Started process (PID=8200) to work on /home/airflow/.local/lib/python3.12/site-packages/airflow/example_dags/example_latest_only.py
[2024-06-01T00:22:46.669+0000] {processor.py:830} INFO - Processing file /home/airflow/.local/lib/python3.12/site-packages/airflow/example_dags/example_latest_only.py for tasks to queue
[2024-06-01T00:22:46.671+0000] {logging_mixin.py:188} INFO - [2024-06-01T00:22:46.670+0000] {dagbag.py:545} INFO - Filling up the DagBag from /home/airflow/.local/lib/python3.12/site-packages/airflow/example_dags/example_latest_only.py
[2024-06-01T00:22:46.675+0000] {processor.py:840} INFO - DAG(s) 'latest_only' retrieved from /home/airflow/.local/lib/python3.12/site-packages/airflow/example_dags/example_latest_only.py
[2024-06-01T00:22:46.693+0000] {logging_mixin.py:188} INFO - [2024-06-01T00:22:46.693+0000] {dag.py:3096} INFO - Sync 1 DAGs
[2024-06-01T00:22:46.710+0000] {logging_mixin.py:188} INFO - [2024-06-01T00:22:46.710+0000] {dag.py:3954} INFO - Setting next_dagrun for latest_only to 2024-05-31 20:00:00+00:00, run_after=2024-06-01 00:00:00+00:00
[2024-06-01T00:22:46.727+0000] {processor.py:183} INFO - Processing /home/airflow/.local/lib/python3.12/site-packages/airflow/example_dags/example_latest_only.py took 0.064 seconds
[2024-06-01T00:23:17.054+0000] {processor.py:161} INFO - Started process (PID=8258) to work on /home/airflow/.local/lib/python3.12/site-packages/airflow/example_dags/example_latest_only.py
[2024-06-01T00:23:17.056+0000] {processor.py:830} INFO - Processing file /home/airflow/.local/lib/python3.12/site-packages/airflow/example_dags/example_latest_only.py for tasks to queue
[2024-06-01T00:23:17.058+0000] {logging_mixin.py:188} INFO - [2024-06-01T00:23:17.058+0000] {dagbag.py:545} INFO - Filling up the DagBag from /home/airflow/.local/lib/python3.12/site-packages/airflow/example_dags/example_latest_only.py
[2024-06-01T00:23:17.064+0000] {processor.py:840} INFO - DAG(s) 'latest_only' retrieved from /home/airflow/.local/lib/python3.12/site-packages/airflow/example_dags/example_latest_only.py
[2024-06-01T00:23:17.084+0000] {logging_mixin.py:188} INFO - [2024-06-01T00:23:17.084+0000] {dag.py:3096} INFO - Sync 1 DAGs
[2024-06-01T00:23:17.104+0000] {logging_mixin.py:188} INFO - [2024-06-01T00:23:17.104+0000] {dag.py:3954} INFO - Setting next_dagrun for latest_only to 2024-05-31 20:00:00+00:00, run_after=2024-06-01 00:00:00+00:00
[2024-06-01T00:23:17.121+0000] {processor.py:183} INFO - Processing /home/airflow/.local/lib/python3.12/site-packages/airflow/example_dags/example_latest_only.py took 0.073 seconds
[2024-06-01T00:23:47.224+0000] {processor.py:161} INFO - Started process (PID=8316) to work on /home/airflow/.local/lib/python3.12/site-packages/airflow/example_dags/example_latest_only.py
[2024-06-01T00:23:47.226+0000] {processor.py:830} INFO - Processing file /home/airflow/.local/lib/python3.12/site-packages/airflow/example_dags/example_latest_only.py for tasks to queue
[2024-06-01T00:23:47.229+0000] {logging_mixin.py:188} INFO - [2024-06-01T00:23:47.229+0000] {dagbag.py:545} INFO - Filling up the DagBag from /home/airflow/.local/lib/python3.12/site-packages/airflow/example_dags/example_latest_only.py
[2024-06-01T00:23:47.234+0000] {processor.py:840} INFO - DAG(s) 'latest_only' retrieved from /home/airflow/.local/lib/python3.12/site-packages/airflow/example_dags/example_latest_only.py
[2024-06-01T00:23:47.251+0000] {logging_mixin.py:188} INFO - [2024-06-01T00:23:47.251+0000] {dag.py:3096} INFO - Sync 1 DAGs
[2024-06-01T00:23:47.269+0000] {logging_mixin.py:188} INFO - [2024-06-01T00:23:47.269+0000] {dag.py:3954} INFO - Setting next_dagrun for latest_only to 2024-05-31 20:00:00+00:00, run_after=2024-06-01 00:00:00+00:00
[2024-06-01T00:23:47.288+0000] {processor.py:183} INFO - Processing /home/airflow/.local/lib/python3.12/site-packages/airflow/example_dags/example_latest_only.py took 0.069 seconds
[2024-06-01T00:24:17.522+0000] {processor.py:161} INFO - Started process (PID=8374) to work on /home/airflow/.local/lib/python3.12/site-packages/airflow/example_dags/example_latest_only.py
[2024-06-01T00:24:17.524+0000] {processor.py:830} INFO - Processing file /home/airflow/.local/lib/python3.12/site-packages/airflow/example_dags/example_latest_only.py for tasks to queue
[2024-06-01T00:24:17.526+0000] {logging_mixin.py:188} INFO - [2024-06-01T00:24:17.526+0000] {dagbag.py:545} INFO - Filling up the DagBag from /home/airflow/.local/lib/python3.12/site-packages/airflow/example_dags/example_latest_only.py
[2024-06-01T00:24:17.531+0000] {processor.py:840} INFO - DAG(s) 'latest_only' retrieved from /home/airflow/.local/lib/python3.12/site-packages/airflow/example_dags/example_latest_only.py
[2024-06-01T00:24:17.549+0000] {logging_mixin.py:188} INFO - [2024-06-01T00:24:17.549+0000] {dag.py:3096} INFO - Sync 1 DAGs
[2024-06-01T00:24:17.568+0000] {logging_mixin.py:188} INFO - [2024-06-01T00:24:17.568+0000] {dag.py:3954} INFO - Setting next_dagrun for latest_only to 2024-05-31 20:00:00+00:00, run_after=2024-06-01 00:00:00+00:00
[2024-06-01T00:24:17.587+0000] {processor.py:183} INFO - Processing /home/airflow/.local/lib/python3.12/site-packages/airflow/example_dags/example_latest_only.py took 0.070 seconds
[2024-06-01T00:24:47.968+0000] {processor.py:161} INFO - Started process (PID=8432) to work on /home/airflow/.local/lib/python3.12/site-packages/airflow/example_dags/example_latest_only.py
[2024-06-01T00:24:47.969+0000] {processor.py:830} INFO - Processing file /home/airflow/.local/lib/python3.12/site-packages/airflow/example_dags/example_latest_only.py for tasks to queue
[2024-06-01T00:24:47.971+0000] {logging_mixin.py:188} INFO - [2024-06-01T00:24:47.971+0000] {dagbag.py:545} INFO - Filling up the DagBag from /home/airflow/.local/lib/python3.12/site-packages/airflow/example_dags/example_latest_only.py
[2024-06-01T00:24:47.976+0000] {processor.py:840} INFO - DAG(s) 'latest_only' retrieved from /home/airflow/.local/lib/python3.12/site-packages/airflow/example_dags/example_latest_only.py
[2024-06-01T00:24:47.996+0000] {logging_mixin.py:188} INFO - [2024-06-01T00:24:47.996+0000] {dag.py:3096} INFO - Sync 1 DAGs
[2024-06-01T00:24:48.016+0000] {logging_mixin.py:188} INFO - [2024-06-01T00:24:48.015+0000] {dag.py:3954} INFO - Setting next_dagrun for latest_only to 2024-05-31 20:00:00+00:00, run_after=2024-06-01 00:00:00+00:00
[2024-06-01T00:24:48.032+0000] {processor.py:183} INFO - Processing /home/airflow/.local/lib/python3.12/site-packages/airflow/example_dags/example_latest_only.py took 0.070 seconds
[2024-06-01T00:25:18.525+0000] {processor.py:161} INFO - Started process (PID=8490) to work on /home/airflow/.local/lib/python3.12/site-packages/airflow/example_dags/example_latest_only.py
[2024-06-01T00:25:18.527+0000] {processor.py:830} INFO - Processing file /home/airflow/.local/lib/python3.12/site-packages/airflow/example_dags/example_latest_only.py for tasks to queue
[2024-06-01T00:25:18.530+0000] {logging_mixin.py:188} INFO - [2024-06-01T00:25:18.530+0000] {dagbag.py:545} INFO - Filling up the DagBag from /home/airflow/.local/lib/python3.12/site-packages/airflow/example_dags/example_latest_only.py
[2024-06-01T00:25:18.535+0000] {processor.py:840} INFO - DAG(s) 'latest_only' retrieved from /home/airflow/.local/lib/python3.12/site-packages/airflow/example_dags/example_latest_only.py
[2024-06-01T00:25:18.555+0000] {logging_mixin.py:188} INFO - [2024-06-01T00:25:18.554+0000] {dag.py:3096} INFO - Sync 1 DAGs
[2024-06-01T00:25:18.572+0000] {logging_mixin.py:188} INFO - [2024-06-01T00:25:18.572+0000] {dag.py:3954} INFO - Setting next_dagrun for latest_only to 2024-05-31 20:00:00+00:00, run_after=2024-06-01 00:00:00+00:00
[2024-06-01T00:25:18.589+0000] {processor.py:183} INFO - Processing /home/airflow/.local/lib/python3.12/site-packages/airflow/example_dags/example_latest_only.py took 0.070 seconds
[2024-06-01T00:25:48.853+0000] {processor.py:161} INFO - Started process (PID=8548) to work on /home/airflow/.local/lib/python3.12/site-packages/airflow/example_dags/example_latest_only.py
[2024-06-01T00:25:48.855+0000] {processor.py:830} INFO - Processing file /home/airflow/.local/lib/python3.12/site-packages/airflow/example_dags/example_latest_only.py for tasks to queue
[2024-06-01T00:25:48.857+0000] {logging_mixin.py:188} INFO - [2024-06-01T00:25:48.857+0000] {dagbag.py:545} INFO - Filling up the DagBag from /home/airflow/.local/lib/python3.12/site-packages/airflow/example_dags/example_latest_only.py
[2024-06-01T00:25:48.862+0000] {processor.py:840} INFO - DAG(s) 'latest_only' retrieved from /home/airflow/.local/lib/python3.12/site-packages/airflow/example_dags/example_latest_only.py
[2024-06-01T00:25:48.879+0000] {logging_mixin.py:188} INFO - [2024-06-01T00:25:48.879+0000] {dag.py:3096} INFO - Sync 1 DAGs
[2024-06-01T00:25:48.896+0000] {logging_mixin.py:188} INFO - [2024-06-01T00:25:48.896+0000] {dag.py:3954} INFO - Setting next_dagrun for latest_only to 2024-05-31 20:00:00+00:00, run_after=2024-06-01 00:00:00+00:00
[2024-06-01T00:25:48.911+0000] {processor.py:183} INFO - Processing /home/airflow/.local/lib/python3.12/site-packages/airflow/example_dags/example_latest_only.py took 0.063 seconds
[2024-06-01T00:26:19.521+0000] {processor.py:161} INFO - Started process (PID=8606) to work on /home/airflow/.local/lib/python3.12/site-packages/airflow/example_dags/example_latest_only.py
[2024-06-01T00:26:19.523+0000] {processor.py:830} INFO - Processing file /home/airflow/.local/lib/python3.12/site-packages/airflow/example_dags/example_latest_only.py for tasks to queue
[2024-06-01T00:26:19.526+0000] {logging_mixin.py:188} INFO - [2024-06-01T00:26:19.526+0000] {dagbag.py:545} INFO - Filling up the DagBag from /home/airflow/.local/lib/python3.12/site-packages/airflow/example_dags/example_latest_only.py
[2024-06-01T00:26:19.530+0000] {processor.py:840} INFO - DAG(s) 'latest_only' retrieved from /home/airflow/.local/lib/python3.12/site-packages/airflow/example_dags/example_latest_only.py
[2024-06-01T00:26:19.549+0000] {logging_mixin.py:188} INFO - [2024-06-01T00:26:19.549+0000] {dag.py:3096} INFO - Sync 1 DAGs
[2024-06-01T00:26:19.569+0000] {logging_mixin.py:188} INFO - [2024-06-01T00:26:19.568+0000] {dag.py:3954} INFO - Setting next_dagrun for latest_only to 2024-05-31 20:00:00+00:00, run_after=2024-06-01 00:00:00+00:00
[2024-06-01T00:26:19.593+0000] {processor.py:183} INFO - Processing /home/airflow/.local/lib/python3.12/site-packages/airflow/example_dags/example_latest_only.py took 0.077 seconds
[2024-06-01T00:26:49.849+0000] {processor.py:161} INFO - Started process (PID=8664) to work on /home/airflow/.local/lib/python3.12/site-packages/airflow/example_dags/example_latest_only.py
[2024-06-01T00:26:49.851+0000] {processor.py:830} INFO - Processing file /home/airflow/.local/lib/python3.12/site-packages/airflow/example_dags/example_latest_only.py for tasks to queue
[2024-06-01T00:26:49.853+0000] {logging_mixin.py:188} INFO - [2024-06-01T00:26:49.852+0000] {dagbag.py:545} INFO - Filling up the DagBag from /home/airflow/.local/lib/python3.12/site-packages/airflow/example_dags/example_latest_only.py
[2024-06-01T00:26:49.857+0000] {processor.py:840} INFO - DAG(s) 'latest_only' retrieved from /home/airflow/.local/lib/python3.12/site-packages/airflow/example_dags/example_latest_only.py
[2024-06-01T00:26:49.876+0000] {logging_mixin.py:188} INFO - [2024-06-01T00:26:49.876+0000] {dag.py:3096} INFO - Sync 1 DAGs
[2024-06-01T00:26:49.894+0000] {logging_mixin.py:188} INFO - [2024-06-01T00:26:49.893+0000] {dag.py:3954} INFO - Setting next_dagrun for latest_only to 2024-05-31 20:00:00+00:00, run_after=2024-06-01 00:00:00+00:00
[2024-06-01T00:26:49.913+0000] {processor.py:183} INFO - Processing /home/airflow/.local/lib/python3.12/site-packages/airflow/example_dags/example_latest_only.py took 0.069 seconds
[2024-06-01T00:27:20.162+0000] {processor.py:161} INFO - Started process (PID=8722) to work on /home/airflow/.local/lib/python3.12/site-packages/airflow/example_dags/example_latest_only.py
[2024-06-01T00:27:20.163+0000] {processor.py:830} INFO - Processing file /home/airflow/.local/lib/python3.12/site-packages/airflow/example_dags/example_latest_only.py for tasks to queue
[2024-06-01T00:27:20.166+0000] {logging_mixin.py:188} INFO - [2024-06-01T00:27:20.165+0000] {dagbag.py:545} INFO - Filling up the DagBag from /home/airflow/.local/lib/python3.12/site-packages/airflow/example_dags/example_latest_only.py
[2024-06-01T00:27:20.170+0000] {processor.py:840} INFO - DAG(s) 'latest_only' retrieved from /home/airflow/.local/lib/python3.12/site-packages/airflow/example_dags/example_latest_only.py
[2024-06-01T00:27:20.188+0000] {logging_mixin.py:188} INFO - [2024-06-01T00:27:20.188+0000] {dag.py:3096} INFO - Sync 1 DAGs
[2024-06-01T00:27:20.205+0000] {logging_mixin.py:188} INFO - [2024-06-01T00:27:20.205+0000] {dag.py:3954} INFO - Setting next_dagrun for latest_only to 2024-05-31 20:00:00+00:00, run_after=2024-06-01 00:00:00+00:00
[2024-06-01T00:27:20.221+0000] {processor.py:183} INFO - Processing /home/airflow/.local/lib/python3.12/site-packages/airflow/example_dags/example_latest_only.py took 0.064 seconds
[2024-06-01T00:27:50.851+0000] {processor.py:161} INFO - Started process (PID=8780) to work on /home/airflow/.local/lib/python3.12/site-packages/airflow/example_dags/example_latest_only.py
[2024-06-01T00:27:50.853+0000] {processor.py:830} INFO - Processing file /home/airflow/.local/lib/python3.12/site-packages/airflow/example_dags/example_latest_only.py for tasks to queue
[2024-06-01T00:27:50.855+0000] {logging_mixin.py:188} INFO - [2024-06-01T00:27:50.855+0000] {dagbag.py:545} INFO - Filling up the DagBag from /home/airflow/.local/lib/python3.12/site-packages/airflow/example_dags/example_latest_only.py
[2024-06-01T00:27:50.859+0000] {processor.py:840} INFO - DAG(s) 'latest_only' retrieved from /home/airflow/.local/lib/python3.12/site-packages/airflow/example_dags/example_latest_only.py
[2024-06-01T00:27:50.878+0000] {logging_mixin.py:188} INFO - [2024-06-01T00:27:50.877+0000] {dag.py:3096} INFO - Sync 1 DAGs
[2024-06-01T00:27:50.895+0000] {logging_mixin.py:188} INFO - [2024-06-01T00:27:50.895+0000] {dag.py:3954} INFO - Setting next_dagrun for latest_only to 2024-05-31 20:00:00+00:00, run_after=2024-06-01 00:00:00+00:00
[2024-06-01T00:27:50.912+0000] {processor.py:183} INFO - Processing /home/airflow/.local/lib/python3.12/site-packages/airflow/example_dags/example_latest_only.py took 0.066 seconds
[2024-06-01T00:28:21.316+0000] {processor.py:161} INFO - Started process (PID=8838) to work on /home/airflow/.local/lib/python3.12/site-packages/airflow/example_dags/example_latest_only.py
[2024-06-01T00:28:21.317+0000] {processor.py:830} INFO - Processing file /home/airflow/.local/lib/python3.12/site-packages/airflow/example_dags/example_latest_only.py for tasks to queue
[2024-06-01T00:28:21.319+0000] {logging_mixin.py:188} INFO - [2024-06-01T00:28:21.319+0000] {dagbag.py:545} INFO - Filling up the DagBag from /home/airflow/.local/lib/python3.12/site-packages/airflow/example_dags/example_latest_only.py
[2024-06-01T00:28:21.324+0000] {processor.py:840} INFO - DAG(s) 'latest_only' retrieved from /home/airflow/.local/lib/python3.12/site-packages/airflow/example_dags/example_latest_only.py
[2024-06-01T00:28:21.341+0000] {logging_mixin.py:188} INFO - [2024-06-01T00:28:21.340+0000] {dag.py:3096} INFO - Sync 1 DAGs
[2024-06-01T00:28:21.358+0000] {logging_mixin.py:188} INFO - [2024-06-01T00:28:21.358+0000] {dag.py:3954} INFO - Setting next_dagrun for latest_only to 2024-05-31 20:00:00+00:00, run_after=2024-06-01 00:00:00+00:00
[2024-06-01T00:28:21.375+0000] {processor.py:183} INFO - Processing /home/airflow/.local/lib/python3.12/site-packages/airflow/example_dags/example_latest_only.py took 0.064 seconds
[2024-06-01T00:28:51.857+0000] {processor.py:161} INFO - Started process (PID=8896) to work on /home/airflow/.local/lib/python3.12/site-packages/airflow/example_dags/example_latest_only.py
[2024-06-01T00:28:51.859+0000] {processor.py:830} INFO - Processing file /home/airflow/.local/lib/python3.12/site-packages/airflow/example_dags/example_latest_only.py for tasks to queue
[2024-06-01T00:28:51.862+0000] {logging_mixin.py:188} INFO - [2024-06-01T00:28:51.861+0000] {dagbag.py:545} INFO - Filling up the DagBag from /home/airflow/.local/lib/python3.12/site-packages/airflow/example_dags/example_latest_only.py
[2024-06-01T00:28:51.866+0000] {processor.py:840} INFO - DAG(s) 'latest_only' retrieved from /home/airflow/.local/lib/python3.12/site-packages/airflow/example_dags/example_latest_only.py
[2024-06-01T00:28:51.884+0000] {logging_mixin.py:188} INFO - [2024-06-01T00:28:51.884+0000] {dag.py:3096} INFO - Sync 1 DAGs
[2024-06-01T00:28:51.901+0000] {logging_mixin.py:188} INFO - [2024-06-01T00:28:51.901+0000] {dag.py:3954} INFO - Setting next_dagrun for latest_only to 2024-05-31 20:00:00+00:00, run_after=2024-06-01 00:00:00+00:00
[2024-06-01T00:28:51.919+0000] {processor.py:183} INFO - Processing /home/airflow/.local/lib/python3.12/site-packages/airflow/example_dags/example_latest_only.py took 0.067 seconds
[2024-06-01T00:29:22.137+0000] {processor.py:161} INFO - Started process (PID=8954) to work on /home/airflow/.local/lib/python3.12/site-packages/airflow/example_dags/example_latest_only.py
[2024-06-01T00:29:22.140+0000] {processor.py:830} INFO - Processing file /home/airflow/.local/lib/python3.12/site-packages/airflow/example_dags/example_latest_only.py for tasks to queue
[2024-06-01T00:29:22.142+0000] {logging_mixin.py:188} INFO - [2024-06-01T00:29:22.142+0000] {dagbag.py:545} INFO - Filling up the DagBag from /home/airflow/.local/lib/python3.12/site-packages/airflow/example_dags/example_latest_only.py
[2024-06-01T00:29:22.148+0000] {processor.py:840} INFO - DAG(s) 'latest_only' retrieved from /home/airflow/.local/lib/python3.12/site-packages/airflow/example_dags/example_latest_only.py
[2024-06-01T00:29:22.167+0000] {logging_mixin.py:188} INFO - [2024-06-01T00:29:22.167+0000] {dag.py:3096} INFO - Sync 1 DAGs
[2024-06-01T00:29:22.185+0000] {logging_mixin.py:188} INFO - [2024-06-01T00:29:22.185+0000] {dag.py:3954} INFO - Setting next_dagrun for latest_only to 2024-05-31 20:00:00+00:00, run_after=2024-06-01 00:00:00+00:00
[2024-06-01T00:29:22.204+0000] {processor.py:183} INFO - Processing /home/airflow/.local/lib/python3.12/site-packages/airflow/example_dags/example_latest_only.py took 0.071 seconds
[2024-06-01T00:29:52.465+0000] {processor.py:161} INFO - Started process (PID=9012) to work on /home/airflow/.local/lib/python3.12/site-packages/airflow/example_dags/example_latest_only.py
[2024-06-01T00:29:52.467+0000] {processor.py:830} INFO - Processing file /home/airflow/.local/lib/python3.12/site-packages/airflow/example_dags/example_latest_only.py for tasks to queue
[2024-06-01T00:29:52.469+0000] {logging_mixin.py:188} INFO - [2024-06-01T00:29:52.469+0000] {dagbag.py:545} INFO - Filling up the DagBag from /home/airflow/.local/lib/python3.12/site-packages/airflow/example_dags/example_latest_only.py
[2024-06-01T00:29:52.474+0000] {processor.py:840} INFO - DAG(s) 'latest_only' retrieved from /home/airflow/.local/lib/python3.12/site-packages/airflow/example_dags/example_latest_only.py
[2024-06-01T00:29:52.491+0000] {logging_mixin.py:188} INFO - [2024-06-01T00:29:52.491+0000] {dag.py:3096} INFO - Sync 1 DAGs
[2024-06-01T00:29:52.509+0000] {logging_mixin.py:188} INFO - [2024-06-01T00:29:52.509+0000] {dag.py:3954} INFO - Setting next_dagrun for latest_only to 2024-05-31 20:00:00+00:00, run_after=2024-06-01 00:00:00+00:00
[2024-06-01T00:29:52.529+0000] {processor.py:183} INFO - Processing /home/airflow/.local/lib/python3.12/site-packages/airflow/example_dags/example_latest_only.py took 0.070 seconds
[2024-06-01T00:30:22.736+0000] {processor.py:161} INFO - Started process (PID=9070) to work on /home/airflow/.local/lib/python3.12/site-packages/airflow/example_dags/example_latest_only.py
[2024-06-01T00:30:22.738+0000] {processor.py:830} INFO - Processing file /home/airflow/.local/lib/python3.12/site-packages/airflow/example_dags/example_latest_only.py for tasks to queue
[2024-06-01T00:30:22.740+0000] {logging_mixin.py:188} INFO - [2024-06-01T00:30:22.740+0000] {dagbag.py:545} INFO - Filling up the DagBag from /home/airflow/.local/lib/python3.12/site-packages/airflow/example_dags/example_latest_only.py
[2024-06-01T00:30:22.746+0000] {processor.py:840} INFO - DAG(s) 'latest_only' retrieved from /home/airflow/.local/lib/python3.12/site-packages/airflow/example_dags/example_latest_only.py
[2024-06-01T00:30:22.764+0000] {logging_mixin.py:188} INFO - [2024-06-01T00:30:22.764+0000] {dag.py:3096} INFO - Sync 1 DAGs
[2024-06-01T00:30:22.782+0000] {logging_mixin.py:188} INFO - [2024-06-01T00:30:22.782+0000] {dag.py:3954} INFO - Setting next_dagrun for latest_only to 2024-05-31 20:00:00+00:00, run_after=2024-06-01 00:00:00+00:00
[2024-06-01T00:30:22.801+0000] {processor.py:183} INFO - Processing /home/airflow/.local/lib/python3.12/site-packages/airflow/example_dags/example_latest_only.py took 0.070 seconds
[2024-06-01T00:30:52.986+0000] {processor.py:161} INFO - Started process (PID=9128) to work on /home/airflow/.local/lib/python3.12/site-packages/airflow/example_dags/example_latest_only.py
[2024-06-01T00:30:52.987+0000] {processor.py:830} INFO - Processing file /home/airflow/.local/lib/python3.12/site-packages/airflow/example_dags/example_latest_only.py for tasks to queue
[2024-06-01T00:30:52.989+0000] {logging_mixin.py:188} INFO - [2024-06-01T00:30:52.989+0000] {dagbag.py:545} INFO - Filling up the DagBag from /home/airflow/.local/lib/python3.12/site-packages/airflow/example_dags/example_latest_only.py
[2024-06-01T00:30:52.994+0000] {processor.py:840} INFO - DAG(s) 'latest_only' retrieved from /home/airflow/.local/lib/python3.12/site-packages/airflow/example_dags/example_latest_only.py
[2024-06-01T00:30:53.012+0000] {logging_mixin.py:188} INFO - [2024-06-01T00:30:53.011+0000] {dag.py:3096} INFO - Sync 1 DAGs
[2024-06-01T00:30:53.031+0000] {logging_mixin.py:188} INFO - [2024-06-01T00:30:53.030+0000] {dag.py:3954} INFO - Setting next_dagrun for latest_only to 2024-05-31 20:00:00+00:00, run_after=2024-06-01 00:00:00+00:00
[2024-06-01T00:30:53.047+0000] {processor.py:183} INFO - Processing /home/airflow/.local/lib/python3.12/site-packages/airflow/example_dags/example_latest_only.py took 0.066 seconds
[2024-06-01T00:31:23.381+0000] {processor.py:161} INFO - Started process (PID=9187) to work on /home/airflow/.local/lib/python3.12/site-packages/airflow/example_dags/example_latest_only.py
[2024-06-01T00:31:23.383+0000] {processor.py:830} INFO - Processing file /home/airflow/.local/lib/python3.12/site-packages/airflow/example_dags/example_latest_only.py for tasks to queue
[2024-06-01T00:31:23.386+0000] {logging_mixin.py:188} INFO - [2024-06-01T00:31:23.385+0000] {dagbag.py:545} INFO - Filling up the DagBag from /home/airflow/.local/lib/python3.12/site-packages/airflow/example_dags/example_latest_only.py
[2024-06-01T00:31:23.390+0000] {processor.py:840} INFO - DAG(s) 'latest_only' retrieved from /home/airflow/.local/lib/python3.12/site-packages/airflow/example_dags/example_latest_only.py
[2024-06-01T00:31:23.411+0000] {logging_mixin.py:188} INFO - [2024-06-01T00:31:23.411+0000] {dag.py:3096} INFO - Sync 1 DAGs
[2024-06-01T00:31:23.429+0000] {logging_mixin.py:188} INFO - [2024-06-01T00:31:23.429+0000] {dag.py:3954} INFO - Setting next_dagrun for latest_only to 2024-05-31 20:00:00+00:00, run_after=2024-06-01 00:00:00+00:00
[2024-06-01T00:31:23.447+0000] {processor.py:183} INFO - Processing /home/airflow/.local/lib/python3.12/site-packages/airflow/example_dags/example_latest_only.py took 0.072 seconds
[2024-06-01T00:31:53.901+0000] {processor.py:161} INFO - Started process (PID=9245) to work on /home/airflow/.local/lib/python3.12/site-packages/airflow/example_dags/example_latest_only.py
[2024-06-01T00:31:53.904+0000] {processor.py:830} INFO - Processing file /home/airflow/.local/lib/python3.12/site-packages/airflow/example_dags/example_latest_only.py for tasks to queue
[2024-06-01T00:31:53.906+0000] {logging_mixin.py:188} INFO - [2024-06-01T00:31:53.906+0000] {dagbag.py:545} INFO - Filling up the DagBag from /home/airflow/.local/lib/python3.12/site-packages/airflow/example_dags/example_latest_only.py
[2024-06-01T00:31:53.911+0000] {processor.py:840} INFO - DAG(s) 'latest_only' retrieved from /home/airflow/.local/lib/python3.12/site-packages/airflow/example_dags/example_latest_only.py
[2024-06-01T00:31:53.929+0000] {logging_mixin.py:188} INFO - [2024-06-01T00:31:53.929+0000] {dag.py:3096} INFO - Sync 1 DAGs
[2024-06-01T00:31:53.946+0000] {logging_mixin.py:188} INFO - [2024-06-01T00:31:53.946+0000] {dag.py:3954} INFO - Setting next_dagrun for latest_only to 2024-05-31 20:00:00+00:00, run_after=2024-06-01 00:00:00+00:00
[2024-06-01T00:31:53.962+0000] {processor.py:183} INFO - Processing /home/airflow/.local/lib/python3.12/site-packages/airflow/example_dags/example_latest_only.py took 0.066 seconds
[2024-06-01T00:32:24.182+0000] {processor.py:161} INFO - Started process (PID=9303) to work on /home/airflow/.local/lib/python3.12/site-packages/airflow/example_dags/example_latest_only.py
[2024-06-01T00:32:24.184+0000] {processor.py:830} INFO - Processing file /home/airflow/.local/lib/python3.12/site-packages/airflow/example_dags/example_latest_only.py for tasks to queue
[2024-06-01T00:32:24.186+0000] {logging_mixin.py:188} INFO - [2024-06-01T00:32:24.186+0000] {dagbag.py:545} INFO - Filling up the DagBag from /home/airflow/.local/lib/python3.12/site-packages/airflow/example_dags/example_latest_only.py
[2024-06-01T00:32:24.193+0000] {processor.py:840} INFO - DAG(s) 'latest_only' retrieved from /home/airflow/.local/lib/python3.12/site-packages/airflow/example_dags/example_latest_only.py
[2024-06-01T00:32:24.213+0000] {logging_mixin.py:188} INFO - [2024-06-01T00:32:24.212+0000] {dag.py:3096} INFO - Sync 1 DAGs
[2024-06-01T00:32:24.233+0000] {logging_mixin.py:188} INFO - [2024-06-01T00:32:24.233+0000] {dag.py:3954} INFO - Setting next_dagrun for latest_only to 2024-05-31 20:00:00+00:00, run_after=2024-06-01 00:00:00+00:00
[2024-06-01T00:32:24.251+0000] {processor.py:183} INFO - Processing /home/airflow/.local/lib/python3.12/site-packages/airflow/example_dags/example_latest_only.py took 0.075 seconds
[2024-06-01T00:32:54.919+0000] {processor.py:161} INFO - Started process (PID=9361) to work on /home/airflow/.local/lib/python3.12/site-packages/airflow/example_dags/example_latest_only.py
[2024-06-01T00:32:54.921+0000] {processor.py:830} INFO - Processing file /home/airflow/.local/lib/python3.12/site-packages/airflow/example_dags/example_latest_only.py for tasks to queue
[2024-06-01T00:32:54.924+0000] {logging_mixin.py:188} INFO - [2024-06-01T00:32:54.923+0000] {dagbag.py:545} INFO - Filling up the DagBag from /home/airflow/.local/lib/python3.12/site-packages/airflow/example_dags/example_latest_only.py
[2024-06-01T00:32:54.928+0000] {processor.py:840} INFO - DAG(s) 'latest_only' retrieved from /home/airflow/.local/lib/python3.12/site-packages/airflow/example_dags/example_latest_only.py
[2024-06-01T00:32:54.947+0000] {logging_mixin.py:188} INFO - [2024-06-01T00:32:54.946+0000] {dag.py:3096} INFO - Sync 1 DAGs
[2024-06-01T00:32:54.965+0000] {logging_mixin.py:188} INFO - [2024-06-01T00:32:54.964+0000] {dag.py:3954} INFO - Setting next_dagrun for latest_only to 2024-05-31 20:00:00+00:00, run_after=2024-06-01 00:00:00+00:00
[2024-06-01T00:32:54.982+0000] {processor.py:183} INFO - Processing /home/airflow/.local/lib/python3.12/site-packages/airflow/example_dags/example_latest_only.py took 0.068 seconds
[2024-06-01T00:33:25.762+0000] {processor.py:161} INFO - Started process (PID=9419) to work on /home/airflow/.local/lib/python3.12/site-packages/airflow/example_dags/example_latest_only.py
[2024-06-01T00:33:25.764+0000] {processor.py:830} INFO - Processing file /home/airflow/.local/lib/python3.12/site-packages/airflow/example_dags/example_latest_only.py for tasks to queue
[2024-06-01T00:33:25.767+0000] {logging_mixin.py:188} INFO - [2024-06-01T00:33:25.767+0000] {dagbag.py:545} INFO - Filling up the DagBag from /home/airflow/.local/lib/python3.12/site-packages/airflow/example_dags/example_latest_only.py
[2024-06-01T00:33:25.773+0000] {processor.py:840} INFO - DAG(s) 'latest_only' retrieved from /home/airflow/.local/lib/python3.12/site-packages/airflow/example_dags/example_latest_only.py
[2024-06-01T00:33:25.792+0000] {logging_mixin.py:188} INFO - [2024-06-01T00:33:25.792+0000] {dag.py:3096} INFO - Sync 1 DAGs
[2024-06-01T00:33:25.809+0000] {logging_mixin.py:188} INFO - [2024-06-01T00:33:25.809+0000] {dag.py:3954} INFO - Setting next_dagrun for latest_only to 2024-05-31 20:00:00+00:00, run_after=2024-06-01 00:00:00+00:00
[2024-06-01T00:33:25.826+0000] {processor.py:183} INFO - Processing /home/airflow/.local/lib/python3.12/site-packages/airflow/example_dags/example_latest_only.py took 0.068 seconds
[2024-06-01T00:33:56.107+0000] {processor.py:161} INFO - Started process (PID=9477) to work on /home/airflow/.local/lib/python3.12/site-packages/airflow/example_dags/example_latest_only.py
[2024-06-01T00:33:56.108+0000] {processor.py:830} INFO - Processing file /home/airflow/.local/lib/python3.12/site-packages/airflow/example_dags/example_latest_only.py for tasks to queue
[2024-06-01T00:33:56.111+0000] {logging_mixin.py:188} INFO - [2024-06-01T00:33:56.110+0000] {dagbag.py:545} INFO - Filling up the DagBag from /home/airflow/.local/lib/python3.12/site-packages/airflow/example_dags/example_latest_only.py
[2024-06-01T00:33:56.115+0000] {processor.py:840} INFO - DAG(s) 'latest_only' retrieved from /home/airflow/.local/lib/python3.12/site-packages/airflow/example_dags/example_latest_only.py
[2024-06-01T00:33:56.135+0000] {logging_mixin.py:188} INFO - [2024-06-01T00:33:56.134+0000] {dag.py:3096} INFO - Sync 1 DAGs
[2024-06-01T00:33:56.153+0000] {logging_mixin.py:188} INFO - [2024-06-01T00:33:56.153+0000] {dag.py:3954} INFO - Setting next_dagrun for latest_only to 2024-05-31 20:00:00+00:00, run_after=2024-06-01 00:00:00+00:00
[2024-06-01T00:33:56.168+0000] {processor.py:183} INFO - Processing /home/airflow/.local/lib/python3.12/site-packages/airflow/example_dags/example_latest_only.py took 0.067 seconds
[2024-06-01T00:34:26.456+0000] {processor.py:161} INFO - Started process (PID=9535) to work on /home/airflow/.local/lib/python3.12/site-packages/airflow/example_dags/example_latest_only.py
[2024-06-01T00:34:26.458+0000] {processor.py:830} INFO - Processing file /home/airflow/.local/lib/python3.12/site-packages/airflow/example_dags/example_latest_only.py for tasks to queue
[2024-06-01T00:34:26.460+0000] {logging_mixin.py:188} INFO - [2024-06-01T00:34:26.460+0000] {dagbag.py:545} INFO - Filling up the DagBag from /home/airflow/.local/lib/python3.12/site-packages/airflow/example_dags/example_latest_only.py
[2024-06-01T00:34:26.465+0000] {processor.py:840} INFO - DAG(s) 'latest_only' retrieved from /home/airflow/.local/lib/python3.12/site-packages/airflow/example_dags/example_latest_only.py
[2024-06-01T00:34:26.483+0000] {logging_mixin.py:188} INFO - [2024-06-01T00:34:26.483+0000] {dag.py:3096} INFO - Sync 1 DAGs
[2024-06-01T00:34:26.500+0000] {logging_mixin.py:188} INFO - [2024-06-01T00:34:26.500+0000] {dag.py:3954} INFO - Setting next_dagrun for latest_only to 2024-05-31 20:00:00+00:00, run_after=2024-06-01 00:00:00+00:00
[2024-06-01T00:34:26.515+0000] {processor.py:183} INFO - Processing /home/airflow/.local/lib/python3.12/site-packages/airflow/example_dags/example_latest_only.py took 0.065 seconds
[2024-06-01T00:34:56.749+0000] {processor.py:161} INFO - Started process (PID=9590) to work on /home/airflow/.local/lib/python3.12/site-packages/airflow/example_dags/example_latest_only.py
[2024-06-01T00:34:56.751+0000] {processor.py:830} INFO - Processing file /home/airflow/.local/lib/python3.12/site-packages/airflow/example_dags/example_latest_only.py for tasks to queue
[2024-06-01T00:34:56.753+0000] {logging_mixin.py:188} INFO - [2024-06-01T00:34:56.753+0000] {dagbag.py:545} INFO - Filling up the DagBag from /home/airflow/.local/lib/python3.12/site-packages/airflow/example_dags/example_latest_only.py
[2024-06-01T00:34:56.758+0000] {processor.py:840} INFO - DAG(s) 'latest_only' retrieved from /home/airflow/.local/lib/python3.12/site-packages/airflow/example_dags/example_latest_only.py
[2024-06-01T00:34:56.777+0000] {logging_mixin.py:188} INFO - [2024-06-01T00:34:56.777+0000] {dag.py:3096} INFO - Sync 1 DAGs
[2024-06-01T00:34:56.795+0000] {logging_mixin.py:188} INFO - [2024-06-01T00:34:56.795+0000] {dag.py:3954} INFO - Setting next_dagrun for latest_only to 2024-05-31 20:00:00+00:00, run_after=2024-06-01 00:00:00+00:00
[2024-06-01T00:34:56.815+0000] {processor.py:183} INFO - Processing /home/airflow/.local/lib/python3.12/site-packages/airflow/example_dags/example_latest_only.py took 0.071 seconds
[2024-06-01T00:40:44.277+0000] {processor.py:161} INFO - Started process (PID=9658) to work on /home/airflow/.local/lib/python3.12/site-packages/airflow/example_dags/example_latest_only.py
[2024-06-01T00:40:44.278+0000] {processor.py:830} INFO - Processing file /home/airflow/.local/lib/python3.12/site-packages/airflow/example_dags/example_latest_only.py for tasks to queue
[2024-06-01T00:40:44.279+0000] {logging_mixin.py:188} INFO - [2024-06-01T00:40:44.279+0000] {dagbag.py:545} INFO - Filling up the DagBag from /home/airflow/.local/lib/python3.12/site-packages/airflow/example_dags/example_latest_only.py
[2024-06-01T00:40:44.284+0000] {processor.py:840} INFO - DAG(s) 'latest_only' retrieved from /home/airflow/.local/lib/python3.12/site-packages/airflow/example_dags/example_latest_only.py
[2024-06-01T00:40:44.314+0000] {logging_mixin.py:188} INFO - [2024-06-01T00:40:44.314+0000] {dag.py:3096} INFO - Sync 1 DAGs
[2024-06-01T00:40:44.360+0000] {logging_mixin.py:188} INFO - [2024-06-01T00:40:44.360+0000] {dag.py:3954} INFO - Setting next_dagrun for latest_only to 2024-05-31 20:00:00+00:00, run_after=2024-06-01 00:00:00+00:00
[2024-06-01T00:40:44.393+0000] {processor.py:183} INFO - Processing /home/airflow/.local/lib/python3.12/site-packages/airflow/example_dags/example_latest_only.py took 0.121 seconds
