[2024-06-01T00:00:24.369+0000] {processor.py:161} INFO - Started process (PID=5640) to work on /home/airflow/.local/lib/python3.12/site-packages/airflow/example_dags/example_setup_teardown.py
[2024-06-01T00:00:24.371+0000] {processor.py:830} INFO - Processing file /home/airflow/.local/lib/python3.12/site-packages/airflow/example_dags/example_setup_teardown.py for tasks to queue
[2024-06-01T00:00:24.375+0000] {logging_mixin.py:188} INFO - [2024-06-01T00:00:24.374+0000] {dagbag.py:545} INFO - Filling up the DagBag from /home/airflow/.local/lib/python3.12/site-packages/airflow/example_dags/example_setup_teardown.py
[2024-06-01T00:00:24.381+0000] {processor.py:840} INFO - DAG(s) 'example_setup_teardown' retrieved from /home/airflow/.local/lib/python3.12/site-packages/airflow/example_dags/example_setup_teardown.py
[2024-06-01T00:00:24.399+0000] {logging_mixin.py:188} INFO - [2024-06-01T00:00:24.399+0000] {dag.py:3096} INFO - Sync 1 DAGs
[2024-06-01T00:00:24.418+0000] {logging_mixin.py:188} INFO - [2024-06-01T00:00:24.418+0000] {dag.py:3954} INFO - Setting next_dagrun for example_setup_teardown to 2024-05-31 00:00:00+00:00, run_after=2024-06-01 00:00:00+00:00
[2024-06-01T00:00:24.436+0000] {processor.py:183} INFO - Processing /home/airflow/.local/lib/python3.12/site-packages/airflow/example_dags/example_setup_teardown.py took 0.071 seconds
[2024-06-01T00:00:54.515+0000] {processor.py:161} INFO - Started process (PID=5698) to work on /home/airflow/.local/lib/python3.12/site-packages/airflow/example_dags/example_setup_teardown.py
[2024-06-01T00:00:54.517+0000] {processor.py:830} INFO - Processing file /home/airflow/.local/lib/python3.12/site-packages/airflow/example_dags/example_setup_teardown.py for tasks to queue
[2024-06-01T00:00:54.519+0000] {logging_mixin.py:188} INFO - [2024-06-01T00:00:54.518+0000] {dagbag.py:545} INFO - Filling up the DagBag from /home/airflow/.local/lib/python3.12/site-packages/airflow/example_dags/example_setup_teardown.py
[2024-06-01T00:00:54.524+0000] {processor.py:840} INFO - DAG(s) 'example_setup_teardown' retrieved from /home/airflow/.local/lib/python3.12/site-packages/airflow/example_dags/example_setup_teardown.py
[2024-06-01T00:00:54.543+0000] {logging_mixin.py:188} INFO - [2024-06-01T00:00:54.543+0000] {dag.py:3096} INFO - Sync 1 DAGs
[2024-06-01T00:00:54.561+0000] {logging_mixin.py:188} INFO - [2024-06-01T00:00:54.561+0000] {dag.py:3954} INFO - Setting next_dagrun for example_setup_teardown to 2024-05-31 00:00:00+00:00, run_after=2024-06-01 00:00:00+00:00
[2024-06-01T00:00:54.580+0000] {processor.py:183} INFO - Processing /home/airflow/.local/lib/python3.12/site-packages/airflow/example_dags/example_setup_teardown.py took 0.070 seconds
[2024-06-01T00:01:25.090+0000] {processor.py:161} INFO - Started process (PID=5756) to work on /home/airflow/.local/lib/python3.12/site-packages/airflow/example_dags/example_setup_teardown.py
[2024-06-01T00:01:25.092+0000] {processor.py:830} INFO - Processing file /home/airflow/.local/lib/python3.12/site-packages/airflow/example_dags/example_setup_teardown.py for tasks to queue
[2024-06-01T00:01:25.095+0000] {logging_mixin.py:188} INFO - [2024-06-01T00:01:25.094+0000] {dagbag.py:545} INFO - Filling up the DagBag from /home/airflow/.local/lib/python3.12/site-packages/airflow/example_dags/example_setup_teardown.py
[2024-06-01T00:01:25.101+0000] {processor.py:840} INFO - DAG(s) 'example_setup_teardown' retrieved from /home/airflow/.local/lib/python3.12/site-packages/airflow/example_dags/example_setup_teardown.py
[2024-06-01T00:01:25.118+0000] {logging_mixin.py:188} INFO - [2024-06-01T00:01:25.118+0000] {dag.py:3096} INFO - Sync 1 DAGs
[2024-06-01T00:01:25.136+0000] {logging_mixin.py:188} INFO - [2024-06-01T00:01:25.135+0000] {dag.py:3954} INFO - Setting next_dagrun for example_setup_teardown to 2024-05-31 00:00:00+00:00, run_after=2024-06-01 00:00:00+00:00
[2024-06-01T00:01:25.154+0000] {processor.py:183} INFO - Processing /home/airflow/.local/lib/python3.12/site-packages/airflow/example_dags/example_setup_teardown.py took 0.069 seconds
[2024-06-01T00:01:55.455+0000] {processor.py:161} INFO - Started process (PID=5814) to work on /home/airflow/.local/lib/python3.12/site-packages/airflow/example_dags/example_setup_teardown.py
[2024-06-01T00:01:55.457+0000] {processor.py:830} INFO - Processing file /home/airflow/.local/lib/python3.12/site-packages/airflow/example_dags/example_setup_teardown.py for tasks to queue
[2024-06-01T00:01:55.460+0000] {logging_mixin.py:188} INFO - [2024-06-01T00:01:55.460+0000] {dagbag.py:545} INFO - Filling up the DagBag from /home/airflow/.local/lib/python3.12/site-packages/airflow/example_dags/example_setup_teardown.py
[2024-06-01T00:01:55.466+0000] {processor.py:840} INFO - DAG(s) 'example_setup_teardown' retrieved from /home/airflow/.local/lib/python3.12/site-packages/airflow/example_dags/example_setup_teardown.py
[2024-06-01T00:01:55.485+0000] {logging_mixin.py:188} INFO - [2024-06-01T00:01:55.485+0000] {dag.py:3096} INFO - Sync 1 DAGs
[2024-06-01T00:01:55.505+0000] {logging_mixin.py:188} INFO - [2024-06-01T00:01:55.504+0000] {dag.py:3954} INFO - Setting next_dagrun for example_setup_teardown to 2024-05-31 00:00:00+00:00, run_after=2024-06-01 00:00:00+00:00
[2024-06-01T00:01:55.519+0000] {processor.py:183} INFO - Processing /home/airflow/.local/lib/python3.12/site-packages/airflow/example_dags/example_setup_teardown.py took 0.068 seconds
[2024-06-01T00:02:25.803+0000] {processor.py:161} INFO - Started process (PID=5873) to work on /home/airflow/.local/lib/python3.12/site-packages/airflow/example_dags/example_setup_teardown.py
[2024-06-01T00:02:25.805+0000] {processor.py:830} INFO - Processing file /home/airflow/.local/lib/python3.12/site-packages/airflow/example_dags/example_setup_teardown.py for tasks to queue
[2024-06-01T00:02:25.808+0000] {logging_mixin.py:188} INFO - [2024-06-01T00:02:25.808+0000] {dagbag.py:545} INFO - Filling up the DagBag from /home/airflow/.local/lib/python3.12/site-packages/airflow/example_dags/example_setup_teardown.py
[2024-06-01T00:02:25.814+0000] {processor.py:840} INFO - DAG(s) 'example_setup_teardown' retrieved from /home/airflow/.local/lib/python3.12/site-packages/airflow/example_dags/example_setup_teardown.py
[2024-06-01T00:02:25.833+0000] {logging_mixin.py:188} INFO - [2024-06-01T00:02:25.832+0000] {dag.py:3096} INFO - Sync 1 DAGs
[2024-06-01T00:02:25.850+0000] {logging_mixin.py:188} INFO - [2024-06-01T00:02:25.850+0000] {dag.py:3954} INFO - Setting next_dagrun for example_setup_teardown to 2024-05-31 00:00:00+00:00, run_after=2024-06-01 00:00:00+00:00
[2024-06-01T00:02:25.868+0000] {processor.py:183} INFO - Processing /home/airflow/.local/lib/python3.12/site-packages/airflow/example_dags/example_setup_teardown.py took 0.069 seconds
[2024-06-01T00:02:56.064+0000] {processor.py:161} INFO - Started process (PID=5931) to work on /home/airflow/.local/lib/python3.12/site-packages/airflow/example_dags/example_setup_teardown.py
[2024-06-01T00:02:56.066+0000] {processor.py:830} INFO - Processing file /home/airflow/.local/lib/python3.12/site-packages/airflow/example_dags/example_setup_teardown.py for tasks to queue
[2024-06-01T00:02:56.067+0000] {logging_mixin.py:188} INFO - [2024-06-01T00:02:56.067+0000] {dagbag.py:545} INFO - Filling up the DagBag from /home/airflow/.local/lib/python3.12/site-packages/airflow/example_dags/example_setup_teardown.py
[2024-06-01T00:02:56.074+0000] {processor.py:840} INFO - DAG(s) 'example_setup_teardown' retrieved from /home/airflow/.local/lib/python3.12/site-packages/airflow/example_dags/example_setup_teardown.py
[2024-06-01T00:02:56.092+0000] {logging_mixin.py:188} INFO - [2024-06-01T00:02:56.092+0000] {dag.py:3096} INFO - Sync 1 DAGs
[2024-06-01T00:02:56.111+0000] {logging_mixin.py:188} INFO - [2024-06-01T00:02:56.111+0000] {dag.py:3954} INFO - Setting next_dagrun for example_setup_teardown to 2024-05-31 00:00:00+00:00, run_after=2024-06-01 00:00:00+00:00
[2024-06-01T00:02:56.128+0000] {processor.py:183} INFO - Processing /home/airflow/.local/lib/python3.12/site-packages/airflow/example_dags/example_setup_teardown.py took 0.069 seconds
[2024-06-01T00:03:26.441+0000] {processor.py:161} INFO - Started process (PID=5989) to work on /home/airflow/.local/lib/python3.12/site-packages/airflow/example_dags/example_setup_teardown.py
[2024-06-01T00:03:26.443+0000] {processor.py:830} INFO - Processing file /home/airflow/.local/lib/python3.12/site-packages/airflow/example_dags/example_setup_teardown.py for tasks to queue
[2024-06-01T00:03:26.445+0000] {logging_mixin.py:188} INFO - [2024-06-01T00:03:26.445+0000] {dagbag.py:545} INFO - Filling up the DagBag from /home/airflow/.local/lib/python3.12/site-packages/airflow/example_dags/example_setup_teardown.py
[2024-06-01T00:03:26.451+0000] {processor.py:840} INFO - DAG(s) 'example_setup_teardown' retrieved from /home/airflow/.local/lib/python3.12/site-packages/airflow/example_dags/example_setup_teardown.py
[2024-06-01T00:03:26.469+0000] {logging_mixin.py:188} INFO - [2024-06-01T00:03:26.469+0000] {dag.py:3096} INFO - Sync 1 DAGs
[2024-06-01T00:03:26.487+0000] {logging_mixin.py:188} INFO - [2024-06-01T00:03:26.487+0000] {dag.py:3954} INFO - Setting next_dagrun for example_setup_teardown to 2024-05-31 00:00:00+00:00, run_after=2024-06-01 00:00:00+00:00
[2024-06-01T00:03:26.503+0000] {processor.py:183} INFO - Processing /home/airflow/.local/lib/python3.12/site-packages/airflow/example_dags/example_setup_teardown.py took 0.066 seconds
[2024-06-01T00:03:56.679+0000] {processor.py:161} INFO - Started process (PID=6047) to work on /home/airflow/.local/lib/python3.12/site-packages/airflow/example_dags/example_setup_teardown.py
[2024-06-01T00:03:56.681+0000] {processor.py:830} INFO - Processing file /home/airflow/.local/lib/python3.12/site-packages/airflow/example_dags/example_setup_teardown.py for tasks to queue
[2024-06-01T00:03:56.684+0000] {logging_mixin.py:188} INFO - [2024-06-01T00:03:56.683+0000] {dagbag.py:545} INFO - Filling up the DagBag from /home/airflow/.local/lib/python3.12/site-packages/airflow/example_dags/example_setup_teardown.py
[2024-06-01T00:03:56.690+0000] {processor.py:840} INFO - DAG(s) 'example_setup_teardown' retrieved from /home/airflow/.local/lib/python3.12/site-packages/airflow/example_dags/example_setup_teardown.py
[2024-06-01T00:03:56.709+0000] {logging_mixin.py:188} INFO - [2024-06-01T00:03:56.709+0000] {dag.py:3096} INFO - Sync 1 DAGs
[2024-06-01T00:03:56.729+0000] {logging_mixin.py:188} INFO - [2024-06-01T00:03:56.729+0000] {dag.py:3954} INFO - Setting next_dagrun for example_setup_teardown to 2024-05-31 00:00:00+00:00, run_after=2024-06-01 00:00:00+00:00
[2024-06-01T00:03:56.747+0000] {processor.py:183} INFO - Processing /home/airflow/.local/lib/python3.12/site-packages/airflow/example_dags/example_setup_teardown.py took 0.073 seconds
[2024-06-01T00:04:27.187+0000] {processor.py:161} INFO - Started process (PID=6105) to work on /home/airflow/.local/lib/python3.12/site-packages/airflow/example_dags/example_setup_teardown.py
[2024-06-01T00:04:27.188+0000] {processor.py:830} INFO - Processing file /home/airflow/.local/lib/python3.12/site-packages/airflow/example_dags/example_setup_teardown.py for tasks to queue
[2024-06-01T00:04:27.190+0000] {logging_mixin.py:188} INFO - [2024-06-01T00:04:27.190+0000] {dagbag.py:545} INFO - Filling up the DagBag from /home/airflow/.local/lib/python3.12/site-packages/airflow/example_dags/example_setup_teardown.py
[2024-06-01T00:04:27.196+0000] {processor.py:840} INFO - DAG(s) 'example_setup_teardown' retrieved from /home/airflow/.local/lib/python3.12/site-packages/airflow/example_dags/example_setup_teardown.py
[2024-06-01T00:04:27.211+0000] {logging_mixin.py:188} INFO - [2024-06-01T00:04:27.211+0000] {dag.py:3096} INFO - Sync 1 DAGs
[2024-06-01T00:04:27.229+0000] {logging_mixin.py:188} INFO - [2024-06-01T00:04:27.229+0000] {dag.py:3954} INFO - Setting next_dagrun for example_setup_teardown to 2024-05-31 00:00:00+00:00, run_after=2024-06-01 00:00:00+00:00
[2024-06-01T00:04:27.246+0000] {processor.py:183} INFO - Processing /home/airflow/.local/lib/python3.12/site-packages/airflow/example_dags/example_setup_teardown.py took 0.064 seconds
[2024-06-01T00:04:57.590+0000] {processor.py:161} INFO - Started process (PID=6163) to work on /home/airflow/.local/lib/python3.12/site-packages/airflow/example_dags/example_setup_teardown.py
[2024-06-01T00:04:57.593+0000] {processor.py:830} INFO - Processing file /home/airflow/.local/lib/python3.12/site-packages/airflow/example_dags/example_setup_teardown.py for tasks to queue
[2024-06-01T00:04:57.595+0000] {logging_mixin.py:188} INFO - [2024-06-01T00:04:57.595+0000] {dagbag.py:545} INFO - Filling up the DagBag from /home/airflow/.local/lib/python3.12/site-packages/airflow/example_dags/example_setup_teardown.py
[2024-06-01T00:04:57.602+0000] {processor.py:840} INFO - DAG(s) 'example_setup_teardown' retrieved from /home/airflow/.local/lib/python3.12/site-packages/airflow/example_dags/example_setup_teardown.py
[2024-06-01T00:04:57.623+0000] {logging_mixin.py:188} INFO - [2024-06-01T00:04:57.623+0000] {dag.py:3096} INFO - Sync 1 DAGs
[2024-06-01T00:04:57.643+0000] {logging_mixin.py:188} INFO - [2024-06-01T00:04:57.643+0000] {dag.py:3954} INFO - Setting next_dagrun for example_setup_teardown to 2024-05-31 00:00:00+00:00, run_after=2024-06-01 00:00:00+00:00
[2024-06-01T00:04:57.662+0000] {processor.py:183} INFO - Processing /home/airflow/.local/lib/python3.12/site-packages/airflow/example_dags/example_setup_teardown.py took 0.077 seconds
[2024-06-01T00:05:28.056+0000] {processor.py:161} INFO - Started process (PID=6221) to work on /home/airflow/.local/lib/python3.12/site-packages/airflow/example_dags/example_setup_teardown.py
[2024-06-01T00:05:28.058+0000] {processor.py:830} INFO - Processing file /home/airflow/.local/lib/python3.12/site-packages/airflow/example_dags/example_setup_teardown.py for tasks to queue
[2024-06-01T00:05:28.060+0000] {logging_mixin.py:188} INFO - [2024-06-01T00:05:28.059+0000] {dagbag.py:545} INFO - Filling up the DagBag from /home/airflow/.local/lib/python3.12/site-packages/airflow/example_dags/example_setup_teardown.py
[2024-06-01T00:05:28.066+0000] {processor.py:840} INFO - DAG(s) 'example_setup_teardown' retrieved from /home/airflow/.local/lib/python3.12/site-packages/airflow/example_dags/example_setup_teardown.py
[2024-06-01T00:05:28.084+0000] {logging_mixin.py:188} INFO - [2024-06-01T00:05:28.083+0000] {dag.py:3096} INFO - Sync 1 DAGs
[2024-06-01T00:05:28.100+0000] {logging_mixin.py:188} INFO - [2024-06-01T00:05:28.100+0000] {dag.py:3954} INFO - Setting next_dagrun for example_setup_teardown to 2024-05-31 00:00:00+00:00, run_after=2024-06-01 00:00:00+00:00
[2024-06-01T00:05:28.116+0000] {processor.py:183} INFO - Processing /home/airflow/.local/lib/python3.12/site-packages/airflow/example_dags/example_setup_teardown.py took 0.065 seconds
[2024-06-01T00:05:58.608+0000] {processor.py:161} INFO - Started process (PID=6279) to work on /home/airflow/.local/lib/python3.12/site-packages/airflow/example_dags/example_setup_teardown.py
[2024-06-01T00:05:58.610+0000] {processor.py:830} INFO - Processing file /home/airflow/.local/lib/python3.12/site-packages/airflow/example_dags/example_setup_teardown.py for tasks to queue
[2024-06-01T00:05:58.612+0000] {logging_mixin.py:188} INFO - [2024-06-01T00:05:58.611+0000] {dagbag.py:545} INFO - Filling up the DagBag from /home/airflow/.local/lib/python3.12/site-packages/airflow/example_dags/example_setup_teardown.py
[2024-06-01T00:05:58.617+0000] {processor.py:840} INFO - DAG(s) 'example_setup_teardown' retrieved from /home/airflow/.local/lib/python3.12/site-packages/airflow/example_dags/example_setup_teardown.py
[2024-06-01T00:05:58.635+0000] {logging_mixin.py:188} INFO - [2024-06-01T00:05:58.635+0000] {dag.py:3096} INFO - Sync 1 DAGs
[2024-06-01T00:05:58.653+0000] {logging_mixin.py:188} INFO - [2024-06-01T00:05:58.653+0000] {dag.py:3954} INFO - Setting next_dagrun for example_setup_teardown to 2024-05-31 00:00:00+00:00, run_after=2024-06-01 00:00:00+00:00
[2024-06-01T00:05:58.671+0000] {processor.py:183} INFO - Processing /home/airflow/.local/lib/python3.12/site-packages/airflow/example_dags/example_setup_teardown.py took 0.067 seconds
[2024-06-01T00:06:29.331+0000] {processor.py:161} INFO - Started process (PID=6337) to work on /home/airflow/.local/lib/python3.12/site-packages/airflow/example_dags/example_setup_teardown.py
[2024-06-01T00:06:29.334+0000] {processor.py:830} INFO - Processing file /home/airflow/.local/lib/python3.12/site-packages/airflow/example_dags/example_setup_teardown.py for tasks to queue
[2024-06-01T00:06:29.336+0000] {logging_mixin.py:188} INFO - [2024-06-01T00:06:29.336+0000] {dagbag.py:545} INFO - Filling up the DagBag from /home/airflow/.local/lib/python3.12/site-packages/airflow/example_dags/example_setup_teardown.py
[2024-06-01T00:06:29.343+0000] {processor.py:840} INFO - DAG(s) 'example_setup_teardown' retrieved from /home/airflow/.local/lib/python3.12/site-packages/airflow/example_dags/example_setup_teardown.py
[2024-06-01T00:06:29.360+0000] {logging_mixin.py:188} INFO - [2024-06-01T00:06:29.360+0000] {dag.py:3096} INFO - Sync 1 DAGs
[2024-06-01T00:06:29.476+0000] {logging_mixin.py:188} INFO - [2024-06-01T00:06:29.476+0000] {dag.py:3954} INFO - Setting next_dagrun for example_setup_teardown to 2024-05-31 00:00:00+00:00, run_after=2024-06-01 00:00:00+00:00
[2024-06-01T00:06:29.492+0000] {processor.py:183} INFO - Processing /home/airflow/.local/lib/python3.12/site-packages/airflow/example_dags/example_setup_teardown.py took 0.166 seconds
[2024-06-01T00:06:59.800+0000] {processor.py:161} INFO - Started process (PID=6395) to work on /home/airflow/.local/lib/python3.12/site-packages/airflow/example_dags/example_setup_teardown.py
[2024-06-01T00:06:59.803+0000] {processor.py:830} INFO - Processing file /home/airflow/.local/lib/python3.12/site-packages/airflow/example_dags/example_setup_teardown.py for tasks to queue
[2024-06-01T00:06:59.805+0000] {logging_mixin.py:188} INFO - [2024-06-01T00:06:59.805+0000] {dagbag.py:545} INFO - Filling up the DagBag from /home/airflow/.local/lib/python3.12/site-packages/airflow/example_dags/example_setup_teardown.py
[2024-06-01T00:06:59.813+0000] {processor.py:840} INFO - DAG(s) 'example_setup_teardown' retrieved from /home/airflow/.local/lib/python3.12/site-packages/airflow/example_dags/example_setup_teardown.py
[2024-06-01T00:06:59.830+0000] {logging_mixin.py:188} INFO - [2024-06-01T00:06:59.830+0000] {dag.py:3096} INFO - Sync 1 DAGs
[2024-06-01T00:06:59.947+0000] {logging_mixin.py:188} INFO - [2024-06-01T00:06:59.947+0000] {dag.py:3954} INFO - Setting next_dagrun for example_setup_teardown to 2024-05-31 00:00:00+00:00, run_after=2024-06-01 00:00:00+00:00
[2024-06-01T00:06:59.965+0000] {processor.py:183} INFO - Processing /home/airflow/.local/lib/python3.12/site-packages/airflow/example_dags/example_setup_teardown.py took 0.170 seconds
[2024-06-01T00:07:30.900+0000] {processor.py:161} INFO - Started process (PID=6453) to work on /home/airflow/.local/lib/python3.12/site-packages/airflow/example_dags/example_setup_teardown.py
[2024-06-01T00:07:30.901+0000] {processor.py:830} INFO - Processing file /home/airflow/.local/lib/python3.12/site-packages/airflow/example_dags/example_setup_teardown.py for tasks to queue
[2024-06-01T00:07:30.903+0000] {logging_mixin.py:188} INFO - [2024-06-01T00:07:30.903+0000] {dagbag.py:545} INFO - Filling up the DagBag from /home/airflow/.local/lib/python3.12/site-packages/airflow/example_dags/example_setup_teardown.py
[2024-06-01T00:07:30.911+0000] {processor.py:840} INFO - DAG(s) 'example_setup_teardown' retrieved from /home/airflow/.local/lib/python3.12/site-packages/airflow/example_dags/example_setup_teardown.py
[2024-06-01T00:07:30.933+0000] {logging_mixin.py:188} INFO - [2024-06-01T00:07:30.933+0000] {dag.py:3096} INFO - Sync 1 DAGs
[2024-06-01T00:07:30.953+0000] {logging_mixin.py:188} INFO - [2024-06-01T00:07:30.953+0000] {dag.py:3954} INFO - Setting next_dagrun for example_setup_teardown to 2024-05-31 00:00:00+00:00, run_after=2024-06-01 00:00:00+00:00
[2024-06-01T00:07:31.081+0000] {processor.py:183} INFO - Processing /home/airflow/.local/lib/python3.12/site-packages/airflow/example_dags/example_setup_teardown.py took 0.187 seconds
[2024-06-01T00:08:01.278+0000] {processor.py:161} INFO - Started process (PID=6510) to work on /home/airflow/.local/lib/python3.12/site-packages/airflow/example_dags/example_setup_teardown.py
[2024-06-01T00:08:01.280+0000] {processor.py:830} INFO - Processing file /home/airflow/.local/lib/python3.12/site-packages/airflow/example_dags/example_setup_teardown.py for tasks to queue
[2024-06-01T00:08:01.284+0000] {logging_mixin.py:188} INFO - [2024-06-01T00:08:01.283+0000] {dagbag.py:545} INFO - Filling up the DagBag from /home/airflow/.local/lib/python3.12/site-packages/airflow/example_dags/example_setup_teardown.py
[2024-06-01T00:08:01.290+0000] {processor.py:840} INFO - DAG(s) 'example_setup_teardown' retrieved from /home/airflow/.local/lib/python3.12/site-packages/airflow/example_dags/example_setup_teardown.py
[2024-06-01T00:08:01.308+0000] {logging_mixin.py:188} INFO - [2024-06-01T00:08:01.308+0000] {dag.py:3096} INFO - Sync 1 DAGs
[2024-06-01T00:08:01.324+0000] {logging_mixin.py:188} INFO - [2024-06-01T00:08:01.324+0000] {dag.py:3954} INFO - Setting next_dagrun for example_setup_teardown to 2024-05-31 00:00:00+00:00, run_after=2024-06-01 00:00:00+00:00
[2024-06-01T00:08:01.340+0000] {processor.py:183} INFO - Processing /home/airflow/.local/lib/python3.12/site-packages/airflow/example_dags/example_setup_teardown.py took 0.067 seconds
[2024-06-01T00:08:31.449+0000] {processor.py:161} INFO - Started process (PID=6568) to work on /home/airflow/.local/lib/python3.12/site-packages/airflow/example_dags/example_setup_teardown.py
[2024-06-01T00:08:31.452+0000] {processor.py:830} INFO - Processing file /home/airflow/.local/lib/python3.12/site-packages/airflow/example_dags/example_setup_teardown.py for tasks to queue
[2024-06-01T00:08:31.454+0000] {logging_mixin.py:188} INFO - [2024-06-01T00:08:31.454+0000] {dagbag.py:545} INFO - Filling up the DagBag from /home/airflow/.local/lib/python3.12/site-packages/airflow/example_dags/example_setup_teardown.py
[2024-06-01T00:08:31.461+0000] {processor.py:840} INFO - DAG(s) 'example_setup_teardown' retrieved from /home/airflow/.local/lib/python3.12/site-packages/airflow/example_dags/example_setup_teardown.py
[2024-06-01T00:08:31.480+0000] {logging_mixin.py:188} INFO - [2024-06-01T00:08:31.480+0000] {dag.py:3096} INFO - Sync 1 DAGs
[2024-06-01T00:08:31.497+0000] {logging_mixin.py:188} INFO - [2024-06-01T00:08:31.497+0000] {dag.py:3954} INFO - Setting next_dagrun for example_setup_teardown to 2024-05-31 00:00:00+00:00, run_after=2024-06-01 00:00:00+00:00
[2024-06-01T00:08:31.515+0000] {processor.py:183} INFO - Processing /home/airflow/.local/lib/python3.12/site-packages/airflow/example_dags/example_setup_teardown.py took 0.073 seconds
[2024-06-01T00:09:02.376+0000] {processor.py:161} INFO - Started process (PID=6626) to work on /home/airflow/.local/lib/python3.12/site-packages/airflow/example_dags/example_setup_teardown.py
[2024-06-01T00:09:02.378+0000] {processor.py:830} INFO - Processing file /home/airflow/.local/lib/python3.12/site-packages/airflow/example_dags/example_setup_teardown.py for tasks to queue
[2024-06-01T00:09:02.381+0000] {logging_mixin.py:188} INFO - [2024-06-01T00:09:02.380+0000] {dagbag.py:545} INFO - Filling up the DagBag from /home/airflow/.local/lib/python3.12/site-packages/airflow/example_dags/example_setup_teardown.py
[2024-06-01T00:09:02.388+0000] {processor.py:840} INFO - DAG(s) 'example_setup_teardown' retrieved from /home/airflow/.local/lib/python3.12/site-packages/airflow/example_dags/example_setup_teardown.py
[2024-06-01T00:09:02.409+0000] {logging_mixin.py:188} INFO - [2024-06-01T00:09:02.409+0000] {dag.py:3096} INFO - Sync 1 DAGs
[2024-06-01T00:09:02.431+0000] {logging_mixin.py:188} INFO - [2024-06-01T00:09:02.431+0000] {dag.py:3954} INFO - Setting next_dagrun for example_setup_teardown to 2024-05-31 00:00:00+00:00, run_after=2024-06-01 00:00:00+00:00
[2024-06-01T00:09:02.451+0000] {processor.py:183} INFO - Processing /home/airflow/.local/lib/python3.12/site-packages/airflow/example_dags/example_setup_teardown.py took 0.081 seconds
[2024-06-01T00:09:32.948+0000] {processor.py:161} INFO - Started process (PID=6684) to work on /home/airflow/.local/lib/python3.12/site-packages/airflow/example_dags/example_setup_teardown.py
[2024-06-01T00:09:32.951+0000] {processor.py:830} INFO - Processing file /home/airflow/.local/lib/python3.12/site-packages/airflow/example_dags/example_setup_teardown.py for tasks to queue
[2024-06-01T00:09:32.954+0000] {logging_mixin.py:188} INFO - [2024-06-01T00:09:32.953+0000] {dagbag.py:545} INFO - Filling up the DagBag from /home/airflow/.local/lib/python3.12/site-packages/airflow/example_dags/example_setup_teardown.py
[2024-06-01T00:09:32.960+0000] {processor.py:840} INFO - DAG(s) 'example_setup_teardown' retrieved from /home/airflow/.local/lib/python3.12/site-packages/airflow/example_dags/example_setup_teardown.py
[2024-06-01T00:09:32.980+0000] {logging_mixin.py:188} INFO - [2024-06-01T00:09:32.980+0000] {dag.py:3096} INFO - Sync 1 DAGs
[2024-06-01T00:09:33.000+0000] {logging_mixin.py:188} INFO - [2024-06-01T00:09:33.000+0000] {dag.py:3954} INFO - Setting next_dagrun for example_setup_teardown to 2024-05-31 00:00:00+00:00, run_after=2024-06-01 00:00:00+00:00
[2024-06-01T00:09:33.018+0000] {processor.py:183} INFO - Processing /home/airflow/.local/lib/python3.12/site-packages/airflow/example_dags/example_setup_teardown.py took 0.076 seconds
[2024-06-01T00:10:03.592+0000] {processor.py:161} INFO - Started process (PID=6742) to work on /home/airflow/.local/lib/python3.12/site-packages/airflow/example_dags/example_setup_teardown.py
[2024-06-01T00:10:03.594+0000] {processor.py:830} INFO - Processing file /home/airflow/.local/lib/python3.12/site-packages/airflow/example_dags/example_setup_teardown.py for tasks to queue
[2024-06-01T00:10:03.596+0000] {logging_mixin.py:188} INFO - [2024-06-01T00:10:03.596+0000] {dagbag.py:545} INFO - Filling up the DagBag from /home/airflow/.local/lib/python3.12/site-packages/airflow/example_dags/example_setup_teardown.py
[2024-06-01T00:10:03.602+0000] {processor.py:840} INFO - DAG(s) 'example_setup_teardown' retrieved from /home/airflow/.local/lib/python3.12/site-packages/airflow/example_dags/example_setup_teardown.py
[2024-06-01T00:10:03.619+0000] {logging_mixin.py:188} INFO - [2024-06-01T00:10:03.619+0000] {dag.py:3096} INFO - Sync 1 DAGs
[2024-06-01T00:10:03.636+0000] {logging_mixin.py:188} INFO - [2024-06-01T00:10:03.636+0000] {dag.py:3954} INFO - Setting next_dagrun for example_setup_teardown to 2024-05-31 00:00:00+00:00, run_after=2024-06-01 00:00:00+00:00
[2024-06-01T00:10:03.651+0000] {processor.py:183} INFO - Processing /home/airflow/.local/lib/python3.12/site-packages/airflow/example_dags/example_setup_teardown.py took 0.065 seconds
[2024-06-01T00:10:33.769+0000] {processor.py:161} INFO - Started process (PID=6800) to work on /home/airflow/.local/lib/python3.12/site-packages/airflow/example_dags/example_setup_teardown.py
[2024-06-01T00:10:33.771+0000] {processor.py:830} INFO - Processing file /home/airflow/.local/lib/python3.12/site-packages/airflow/example_dags/example_setup_teardown.py for tasks to queue
[2024-06-01T00:10:33.773+0000] {logging_mixin.py:188} INFO - [2024-06-01T00:10:33.772+0000] {dagbag.py:545} INFO - Filling up the DagBag from /home/airflow/.local/lib/python3.12/site-packages/airflow/example_dags/example_setup_teardown.py
[2024-06-01T00:10:33.779+0000] {processor.py:840} INFO - DAG(s) 'example_setup_teardown' retrieved from /home/airflow/.local/lib/python3.12/site-packages/airflow/example_dags/example_setup_teardown.py
[2024-06-01T00:10:33.798+0000] {logging_mixin.py:188} INFO - [2024-06-01T00:10:33.798+0000] {dag.py:3096} INFO - Sync 1 DAGs
[2024-06-01T00:10:33.820+0000] {logging_mixin.py:188} INFO - [2024-06-01T00:10:33.820+0000] {dag.py:3954} INFO - Setting next_dagrun for example_setup_teardown to 2024-05-31 00:00:00+00:00, run_after=2024-06-01 00:00:00+00:00
[2024-06-01T00:10:33.839+0000] {processor.py:183} INFO - Processing /home/airflow/.local/lib/python3.12/site-packages/airflow/example_dags/example_setup_teardown.py took 0.076 seconds
[2024-06-01T00:11:04.013+0000] {processor.py:161} INFO - Started process (PID=6858) to work on /home/airflow/.local/lib/python3.12/site-packages/airflow/example_dags/example_setup_teardown.py
[2024-06-01T00:11:04.014+0000] {processor.py:830} INFO - Processing file /home/airflow/.local/lib/python3.12/site-packages/airflow/example_dags/example_setup_teardown.py for tasks to queue
[2024-06-01T00:11:04.017+0000] {logging_mixin.py:188} INFO - [2024-06-01T00:11:04.016+0000] {dagbag.py:545} INFO - Filling up the DagBag from /home/airflow/.local/lib/python3.12/site-packages/airflow/example_dags/example_setup_teardown.py
[2024-06-01T00:11:04.023+0000] {processor.py:840} INFO - DAG(s) 'example_setup_teardown' retrieved from /home/airflow/.local/lib/python3.12/site-packages/airflow/example_dags/example_setup_teardown.py
[2024-06-01T00:11:04.041+0000] {logging_mixin.py:188} INFO - [2024-06-01T00:11:04.041+0000] {dag.py:3096} INFO - Sync 1 DAGs
[2024-06-01T00:11:04.062+0000] {logging_mixin.py:188} INFO - [2024-06-01T00:11:04.061+0000] {dag.py:3954} INFO - Setting next_dagrun for example_setup_teardown to 2024-05-31 00:00:00+00:00, run_after=2024-06-01 00:00:00+00:00
[2024-06-01T00:11:04.079+0000] {processor.py:183} INFO - Processing /home/airflow/.local/lib/python3.12/site-packages/airflow/example_dags/example_setup_teardown.py took 0.073 seconds
[2024-06-01T00:11:34.369+0000] {processor.py:161} INFO - Started process (PID=6916) to work on /home/airflow/.local/lib/python3.12/site-packages/airflow/example_dags/example_setup_teardown.py
[2024-06-01T00:11:34.372+0000] {processor.py:830} INFO - Processing file /home/airflow/.local/lib/python3.12/site-packages/airflow/example_dags/example_setup_teardown.py for tasks to queue
[2024-06-01T00:11:34.374+0000] {logging_mixin.py:188} INFO - [2024-06-01T00:11:34.374+0000] {dagbag.py:545} INFO - Filling up the DagBag from /home/airflow/.local/lib/python3.12/site-packages/airflow/example_dags/example_setup_teardown.py
[2024-06-01T00:11:34.381+0000] {processor.py:840} INFO - DAG(s) 'example_setup_teardown' retrieved from /home/airflow/.local/lib/python3.12/site-packages/airflow/example_dags/example_setup_teardown.py
[2024-06-01T00:11:34.400+0000] {logging_mixin.py:188} INFO - [2024-06-01T00:11:34.400+0000] {dag.py:3096} INFO - Sync 1 DAGs
[2024-06-01T00:11:34.417+0000] {logging_mixin.py:188} INFO - [2024-06-01T00:11:34.417+0000] {dag.py:3954} INFO - Setting next_dagrun for example_setup_teardown to 2024-05-31 00:00:00+00:00, run_after=2024-06-01 00:00:00+00:00
[2024-06-01T00:11:34.433+0000] {processor.py:183} INFO - Processing /home/airflow/.local/lib/python3.12/site-packages/airflow/example_dags/example_setup_teardown.py took 0.071 seconds
[2024-06-01T00:12:04.648+0000] {processor.py:161} INFO - Started process (PID=6973) to work on /home/airflow/.local/lib/python3.12/site-packages/airflow/example_dags/example_setup_teardown.py
[2024-06-01T00:12:04.650+0000] {processor.py:830} INFO - Processing file /home/airflow/.local/lib/python3.12/site-packages/airflow/example_dags/example_setup_teardown.py for tasks to queue
[2024-06-01T00:12:04.652+0000] {logging_mixin.py:188} INFO - [2024-06-01T00:12:04.652+0000] {dagbag.py:545} INFO - Filling up the DagBag from /home/airflow/.local/lib/python3.12/site-packages/airflow/example_dags/example_setup_teardown.py
[2024-06-01T00:12:04.659+0000] {processor.py:840} INFO - DAG(s) 'example_setup_teardown' retrieved from /home/airflow/.local/lib/python3.12/site-packages/airflow/example_dags/example_setup_teardown.py
[2024-06-01T00:12:04.677+0000] {logging_mixin.py:188} INFO - [2024-06-01T00:12:04.677+0000] {dag.py:3096} INFO - Sync 1 DAGs
[2024-06-01T00:12:04.694+0000] {logging_mixin.py:188} INFO - [2024-06-01T00:12:04.693+0000] {dag.py:3954} INFO - Setting next_dagrun for example_setup_teardown to 2024-05-31 00:00:00+00:00, run_after=2024-06-01 00:00:00+00:00
[2024-06-01T00:12:04.710+0000] {processor.py:183} INFO - Processing /home/airflow/.local/lib/python3.12/site-packages/airflow/example_dags/example_setup_teardown.py took 0.067 seconds
[2024-06-01T00:12:35.268+0000] {processor.py:161} INFO - Started process (PID=7031) to work on /home/airflow/.local/lib/python3.12/site-packages/airflow/example_dags/example_setup_teardown.py
[2024-06-01T00:12:35.270+0000] {processor.py:830} INFO - Processing file /home/airflow/.local/lib/python3.12/site-packages/airflow/example_dags/example_setup_teardown.py for tasks to queue
[2024-06-01T00:12:35.274+0000] {logging_mixin.py:188} INFO - [2024-06-01T00:12:35.273+0000] {dagbag.py:545} INFO - Filling up the DagBag from /home/airflow/.local/lib/python3.12/site-packages/airflow/example_dags/example_setup_teardown.py
[2024-06-01T00:12:35.280+0000] {processor.py:840} INFO - DAG(s) 'example_setup_teardown' retrieved from /home/airflow/.local/lib/python3.12/site-packages/airflow/example_dags/example_setup_teardown.py
[2024-06-01T00:12:35.301+0000] {logging_mixin.py:188} INFO - [2024-06-01T00:12:35.301+0000] {dag.py:3096} INFO - Sync 1 DAGs
[2024-06-01T00:12:35.320+0000] {logging_mixin.py:188} INFO - [2024-06-01T00:12:35.319+0000] {dag.py:3954} INFO - Setting next_dagrun for example_setup_teardown to 2024-05-31 00:00:00+00:00, run_after=2024-06-01 00:00:00+00:00
[2024-06-01T00:12:35.336+0000] {processor.py:183} INFO - Processing /home/airflow/.local/lib/python3.12/site-packages/airflow/example_dags/example_setup_teardown.py took 0.073 seconds
[2024-06-01T00:13:05.834+0000] {processor.py:161} INFO - Started process (PID=7089) to work on /home/airflow/.local/lib/python3.12/site-packages/airflow/example_dags/example_setup_teardown.py
[2024-06-01T00:13:05.836+0000] {processor.py:830} INFO - Processing file /home/airflow/.local/lib/python3.12/site-packages/airflow/example_dags/example_setup_teardown.py for tasks to queue
[2024-06-01T00:13:05.837+0000] {logging_mixin.py:188} INFO - [2024-06-01T00:13:05.837+0000] {dagbag.py:545} INFO - Filling up the DagBag from /home/airflow/.local/lib/python3.12/site-packages/airflow/example_dags/example_setup_teardown.py
[2024-06-01T00:13:05.843+0000] {processor.py:840} INFO - DAG(s) 'example_setup_teardown' retrieved from /home/airflow/.local/lib/python3.12/site-packages/airflow/example_dags/example_setup_teardown.py
[2024-06-01T00:13:05.861+0000] {logging_mixin.py:188} INFO - [2024-06-01T00:13:05.861+0000] {dag.py:3096} INFO - Sync 1 DAGs
[2024-06-01T00:13:05.881+0000] {logging_mixin.py:188} INFO - [2024-06-01T00:13:05.881+0000] {dag.py:3954} INFO - Setting next_dagrun for example_setup_teardown to 2024-05-31 00:00:00+00:00, run_after=2024-06-01 00:00:00+00:00
[2024-06-01T00:13:05.900+0000] {processor.py:183} INFO - Processing /home/airflow/.local/lib/python3.12/site-packages/airflow/example_dags/example_setup_teardown.py took 0.071 seconds
[2024-06-01T00:13:36.104+0000] {processor.py:161} INFO - Started process (PID=7147) to work on /home/airflow/.local/lib/python3.12/site-packages/airflow/example_dags/example_setup_teardown.py
[2024-06-01T00:13:36.106+0000] {processor.py:830} INFO - Processing file /home/airflow/.local/lib/python3.12/site-packages/airflow/example_dags/example_setup_teardown.py for tasks to queue
[2024-06-01T00:13:36.109+0000] {logging_mixin.py:188} INFO - [2024-06-01T00:13:36.109+0000] {dagbag.py:545} INFO - Filling up the DagBag from /home/airflow/.local/lib/python3.12/site-packages/airflow/example_dags/example_setup_teardown.py
[2024-06-01T00:13:36.116+0000] {processor.py:840} INFO - DAG(s) 'example_setup_teardown' retrieved from /home/airflow/.local/lib/python3.12/site-packages/airflow/example_dags/example_setup_teardown.py
[2024-06-01T00:13:36.132+0000] {logging_mixin.py:188} INFO - [2024-06-01T00:13:36.132+0000] {dag.py:3096} INFO - Sync 1 DAGs
[2024-06-01T00:13:36.149+0000] {logging_mixin.py:188} INFO - [2024-06-01T00:13:36.149+0000] {dag.py:3954} INFO - Setting next_dagrun for example_setup_teardown to 2024-05-31 00:00:00+00:00, run_after=2024-06-01 00:00:00+00:00
[2024-06-01T00:13:36.166+0000] {processor.py:183} INFO - Processing /home/airflow/.local/lib/python3.12/site-packages/airflow/example_dags/example_setup_teardown.py took 0.067 seconds
[2024-06-01T00:14:06.928+0000] {processor.py:161} INFO - Started process (PID=7205) to work on /home/airflow/.local/lib/python3.12/site-packages/airflow/example_dags/example_setup_teardown.py
[2024-06-01T00:14:06.930+0000] {processor.py:830} INFO - Processing file /home/airflow/.local/lib/python3.12/site-packages/airflow/example_dags/example_setup_teardown.py for tasks to queue
[2024-06-01T00:14:06.933+0000] {logging_mixin.py:188} INFO - [2024-06-01T00:14:06.932+0000] {dagbag.py:545} INFO - Filling up the DagBag from /home/airflow/.local/lib/python3.12/site-packages/airflow/example_dags/example_setup_teardown.py
[2024-06-01T00:14:06.939+0000] {processor.py:840} INFO - DAG(s) 'example_setup_teardown' retrieved from /home/airflow/.local/lib/python3.12/site-packages/airflow/example_dags/example_setup_teardown.py
[2024-06-01T00:14:06.955+0000] {logging_mixin.py:188} INFO - [2024-06-01T00:14:06.954+0000] {dag.py:3096} INFO - Sync 1 DAGs
[2024-06-01T00:14:06.971+0000] {logging_mixin.py:188} INFO - [2024-06-01T00:14:06.971+0000] {dag.py:3954} INFO - Setting next_dagrun for example_setup_teardown to 2024-05-31 00:00:00+00:00, run_after=2024-06-01 00:00:00+00:00
[2024-06-01T00:14:06.987+0000] {processor.py:183} INFO - Processing /home/airflow/.local/lib/python3.12/site-packages/airflow/example_dags/example_setup_teardown.py took 0.066 seconds
[2024-06-01T00:14:37.630+0000] {processor.py:161} INFO - Started process (PID=7263) to work on /home/airflow/.local/lib/python3.12/site-packages/airflow/example_dags/example_setup_teardown.py
[2024-06-01T00:14:37.632+0000] {processor.py:830} INFO - Processing file /home/airflow/.local/lib/python3.12/site-packages/airflow/example_dags/example_setup_teardown.py for tasks to queue
[2024-06-01T00:14:37.634+0000] {logging_mixin.py:188} INFO - [2024-06-01T00:14:37.634+0000] {dagbag.py:545} INFO - Filling up the DagBag from /home/airflow/.local/lib/python3.12/site-packages/airflow/example_dags/example_setup_teardown.py
[2024-06-01T00:14:37.641+0000] {processor.py:840} INFO - DAG(s) 'example_setup_teardown' retrieved from /home/airflow/.local/lib/python3.12/site-packages/airflow/example_dags/example_setup_teardown.py
[2024-06-01T00:14:37.659+0000] {logging_mixin.py:188} INFO - [2024-06-01T00:14:37.658+0000] {dag.py:3096} INFO - Sync 1 DAGs
[2024-06-01T00:14:37.675+0000] {logging_mixin.py:188} INFO - [2024-06-01T00:14:37.674+0000] {dag.py:3954} INFO - Setting next_dagrun for example_setup_teardown to 2024-05-31 00:00:00+00:00, run_after=2024-06-01 00:00:00+00:00
[2024-06-01T00:14:37.690+0000] {processor.py:183} INFO - Processing /home/airflow/.local/lib/python3.12/site-packages/airflow/example_dags/example_setup_teardown.py took 0.067 seconds
[2024-06-01T00:15:08.189+0000] {processor.py:161} INFO - Started process (PID=7321) to work on /home/airflow/.local/lib/python3.12/site-packages/airflow/example_dags/example_setup_teardown.py
[2024-06-01T00:15:08.191+0000] {processor.py:830} INFO - Processing file /home/airflow/.local/lib/python3.12/site-packages/airflow/example_dags/example_setup_teardown.py for tasks to queue
[2024-06-01T00:15:08.192+0000] {logging_mixin.py:188} INFO - [2024-06-01T00:15:08.192+0000] {dagbag.py:545} INFO - Filling up the DagBag from /home/airflow/.local/lib/python3.12/site-packages/airflow/example_dags/example_setup_teardown.py
[2024-06-01T00:15:08.198+0000] {processor.py:840} INFO - DAG(s) 'example_setup_teardown' retrieved from /home/airflow/.local/lib/python3.12/site-packages/airflow/example_dags/example_setup_teardown.py
[2024-06-01T00:15:08.214+0000] {logging_mixin.py:188} INFO - [2024-06-01T00:15:08.214+0000] {dag.py:3096} INFO - Sync 1 DAGs
[2024-06-01T00:15:08.230+0000] {logging_mixin.py:188} INFO - [2024-06-01T00:15:08.229+0000] {dag.py:3954} INFO - Setting next_dagrun for example_setup_teardown to 2024-05-31 00:00:00+00:00, run_after=2024-06-01 00:00:00+00:00
[2024-06-01T00:15:08.245+0000] {processor.py:183} INFO - Processing /home/airflow/.local/lib/python3.12/site-packages/airflow/example_dags/example_setup_teardown.py took 0.061 seconds
[2024-06-01T00:15:38.735+0000] {processor.py:161} INFO - Started process (PID=7379) to work on /home/airflow/.local/lib/python3.12/site-packages/airflow/example_dags/example_setup_teardown.py
[2024-06-01T00:15:38.737+0000] {processor.py:830} INFO - Processing file /home/airflow/.local/lib/python3.12/site-packages/airflow/example_dags/example_setup_teardown.py for tasks to queue
[2024-06-01T00:15:38.740+0000] {logging_mixin.py:188} INFO - [2024-06-01T00:15:38.740+0000] {dagbag.py:545} INFO - Filling up the DagBag from /home/airflow/.local/lib/python3.12/site-packages/airflow/example_dags/example_setup_teardown.py
[2024-06-01T00:15:38.746+0000] {processor.py:840} INFO - DAG(s) 'example_setup_teardown' retrieved from /home/airflow/.local/lib/python3.12/site-packages/airflow/example_dags/example_setup_teardown.py
[2024-06-01T00:15:38.763+0000] {logging_mixin.py:188} INFO - [2024-06-01T00:15:38.763+0000] {dag.py:3096} INFO - Sync 1 DAGs
[2024-06-01T00:15:38.780+0000] {logging_mixin.py:188} INFO - [2024-06-01T00:15:38.780+0000] {dag.py:3954} INFO - Setting next_dagrun for example_setup_teardown to 2024-05-31 00:00:00+00:00, run_after=2024-06-01 00:00:00+00:00
[2024-06-01T00:15:38.800+0000] {processor.py:183} INFO - Processing /home/airflow/.local/lib/python3.12/site-packages/airflow/example_dags/example_setup_teardown.py took 0.072 seconds
[2024-06-01T00:16:08.924+0000] {processor.py:161} INFO - Started process (PID=7437) to work on /home/airflow/.local/lib/python3.12/site-packages/airflow/example_dags/example_setup_teardown.py
[2024-06-01T00:16:08.926+0000] {processor.py:830} INFO - Processing file /home/airflow/.local/lib/python3.12/site-packages/airflow/example_dags/example_setup_teardown.py for tasks to queue
[2024-06-01T00:16:08.929+0000] {logging_mixin.py:188} INFO - [2024-06-01T00:16:08.928+0000] {dagbag.py:545} INFO - Filling up the DagBag from /home/airflow/.local/lib/python3.12/site-packages/airflow/example_dags/example_setup_teardown.py
[2024-06-01T00:16:08.935+0000] {processor.py:840} INFO - DAG(s) 'example_setup_teardown' retrieved from /home/airflow/.local/lib/python3.12/site-packages/airflow/example_dags/example_setup_teardown.py
[2024-06-01T00:16:08.953+0000] {logging_mixin.py:188} INFO - [2024-06-01T00:16:08.953+0000] {dag.py:3096} INFO - Sync 1 DAGs
[2024-06-01T00:16:08.971+0000] {logging_mixin.py:188} INFO - [2024-06-01T00:16:08.970+0000] {dag.py:3954} INFO - Setting next_dagrun for example_setup_teardown to 2024-05-31 00:00:00+00:00, run_after=2024-06-01 00:00:00+00:00
[2024-06-01T00:16:08.989+0000] {processor.py:183} INFO - Processing /home/airflow/.local/lib/python3.12/site-packages/airflow/example_dags/example_setup_teardown.py took 0.070 seconds
[2024-06-01T00:16:39.770+0000] {processor.py:161} INFO - Started process (PID=7495) to work on /home/airflow/.local/lib/python3.12/site-packages/airflow/example_dags/example_setup_teardown.py
[2024-06-01T00:16:39.772+0000] {processor.py:830} INFO - Processing file /home/airflow/.local/lib/python3.12/site-packages/airflow/example_dags/example_setup_teardown.py for tasks to queue
[2024-06-01T00:16:39.775+0000] {logging_mixin.py:188} INFO - [2024-06-01T00:16:39.775+0000] {dagbag.py:545} INFO - Filling up the DagBag from /home/airflow/.local/lib/python3.12/site-packages/airflow/example_dags/example_setup_teardown.py
[2024-06-01T00:16:39.783+0000] {processor.py:840} INFO - DAG(s) 'example_setup_teardown' retrieved from /home/airflow/.local/lib/python3.12/site-packages/airflow/example_dags/example_setup_teardown.py
[2024-06-01T00:16:39.802+0000] {logging_mixin.py:188} INFO - [2024-06-01T00:16:39.802+0000] {dag.py:3096} INFO - Sync 1 DAGs
[2024-06-01T00:16:39.818+0000] {logging_mixin.py:188} INFO - [2024-06-01T00:16:39.818+0000] {dag.py:3954} INFO - Setting next_dagrun for example_setup_teardown to 2024-05-31 00:00:00+00:00, run_after=2024-06-01 00:00:00+00:00
[2024-06-01T00:16:39.835+0000] {processor.py:183} INFO - Processing /home/airflow/.local/lib/python3.12/site-packages/airflow/example_dags/example_setup_teardown.py took 0.073 seconds
[2024-06-01T00:17:10.095+0000] {processor.py:161} INFO - Started process (PID=7553) to work on /home/airflow/.local/lib/python3.12/site-packages/airflow/example_dags/example_setup_teardown.py
[2024-06-01T00:17:10.097+0000] {processor.py:830} INFO - Processing file /home/airflow/.local/lib/python3.12/site-packages/airflow/example_dags/example_setup_teardown.py for tasks to queue
[2024-06-01T00:17:10.099+0000] {logging_mixin.py:188} INFO - [2024-06-01T00:17:10.099+0000] {dagbag.py:545} INFO - Filling up the DagBag from /home/airflow/.local/lib/python3.12/site-packages/airflow/example_dags/example_setup_teardown.py
[2024-06-01T00:17:10.105+0000] {processor.py:840} INFO - DAG(s) 'example_setup_teardown' retrieved from /home/airflow/.local/lib/python3.12/site-packages/airflow/example_dags/example_setup_teardown.py
[2024-06-01T00:17:10.124+0000] {logging_mixin.py:188} INFO - [2024-06-01T00:17:10.124+0000] {dag.py:3096} INFO - Sync 1 DAGs
[2024-06-01T00:17:10.141+0000] {logging_mixin.py:188} INFO - [2024-06-01T00:17:10.141+0000] {dag.py:3954} INFO - Setting next_dagrun for example_setup_teardown to 2024-05-31 00:00:00+00:00, run_after=2024-06-01 00:00:00+00:00
[2024-06-01T00:17:10.158+0000] {processor.py:183} INFO - Processing /home/airflow/.local/lib/python3.12/site-packages/airflow/example_dags/example_setup_teardown.py took 0.070 seconds
[2024-06-01T00:17:40.288+0000] {processor.py:161} INFO - Started process (PID=7611) to work on /home/airflow/.local/lib/python3.12/site-packages/airflow/example_dags/example_setup_teardown.py
[2024-06-01T00:17:40.290+0000] {processor.py:830} INFO - Processing file /home/airflow/.local/lib/python3.12/site-packages/airflow/example_dags/example_setup_teardown.py for tasks to queue
[2024-06-01T00:17:40.293+0000] {logging_mixin.py:188} INFO - [2024-06-01T00:17:40.293+0000] {dagbag.py:545} INFO - Filling up the DagBag from /home/airflow/.local/lib/python3.12/site-packages/airflow/example_dags/example_setup_teardown.py
[2024-06-01T00:17:40.299+0000] {processor.py:840} INFO - DAG(s) 'example_setup_teardown' retrieved from /home/airflow/.local/lib/python3.12/site-packages/airflow/example_dags/example_setup_teardown.py
[2024-06-01T00:17:40.318+0000] {logging_mixin.py:188} INFO - [2024-06-01T00:17:40.318+0000] {dag.py:3096} INFO - Sync 1 DAGs
[2024-06-01T00:17:40.336+0000] {logging_mixin.py:188} INFO - [2024-06-01T00:17:40.335+0000] {dag.py:3954} INFO - Setting next_dagrun for example_setup_teardown to 2024-05-31 00:00:00+00:00, run_after=2024-06-01 00:00:00+00:00
[2024-06-01T00:17:40.351+0000] {processor.py:183} INFO - Processing /home/airflow/.local/lib/python3.12/site-packages/airflow/example_dags/example_setup_teardown.py took 0.070 seconds
[2024-06-01T00:18:10.911+0000] {processor.py:161} INFO - Started process (PID=7669) to work on /home/airflow/.local/lib/python3.12/site-packages/airflow/example_dags/example_setup_teardown.py
[2024-06-01T00:18:10.912+0000] {processor.py:830} INFO - Processing file /home/airflow/.local/lib/python3.12/site-packages/airflow/example_dags/example_setup_teardown.py for tasks to queue
[2024-06-01T00:18:10.914+0000] {logging_mixin.py:188} INFO - [2024-06-01T00:18:10.914+0000] {dagbag.py:545} INFO - Filling up the DagBag from /home/airflow/.local/lib/python3.12/site-packages/airflow/example_dags/example_setup_teardown.py
[2024-06-01T00:18:10.920+0000] {processor.py:840} INFO - DAG(s) 'example_setup_teardown' retrieved from /home/airflow/.local/lib/python3.12/site-packages/airflow/example_dags/example_setup_teardown.py
[2024-06-01T00:18:10.936+0000] {logging_mixin.py:188} INFO - [2024-06-01T00:18:10.936+0000] {dag.py:3096} INFO - Sync 1 DAGs
[2024-06-01T00:18:10.953+0000] {logging_mixin.py:188} INFO - [2024-06-01T00:18:10.953+0000] {dag.py:3954} INFO - Setting next_dagrun for example_setup_teardown to 2024-05-31 00:00:00+00:00, run_after=2024-06-01 00:00:00+00:00
[2024-06-01T00:18:10.970+0000] {processor.py:183} INFO - Processing /home/airflow/.local/lib/python3.12/site-packages/airflow/example_dags/example_setup_teardown.py took 0.064 seconds
[2024-06-01T00:18:41.521+0000] {processor.py:161} INFO - Started process (PID=7727) to work on /home/airflow/.local/lib/python3.12/site-packages/airflow/example_dags/example_setup_teardown.py
[2024-06-01T00:18:41.523+0000] {processor.py:830} INFO - Processing file /home/airflow/.local/lib/python3.12/site-packages/airflow/example_dags/example_setup_teardown.py for tasks to queue
[2024-06-01T00:18:41.526+0000] {logging_mixin.py:188} INFO - [2024-06-01T00:18:41.525+0000] {dagbag.py:545} INFO - Filling up the DagBag from /home/airflow/.local/lib/python3.12/site-packages/airflow/example_dags/example_setup_teardown.py
[2024-06-01T00:18:41.532+0000] {processor.py:840} INFO - DAG(s) 'example_setup_teardown' retrieved from /home/airflow/.local/lib/python3.12/site-packages/airflow/example_dags/example_setup_teardown.py
[2024-06-01T00:18:41.552+0000] {logging_mixin.py:188} INFO - [2024-06-01T00:18:41.552+0000] {dag.py:3096} INFO - Sync 1 DAGs
[2024-06-01T00:18:41.570+0000] {logging_mixin.py:188} INFO - [2024-06-01T00:18:41.570+0000] {dag.py:3954} INFO - Setting next_dagrun for example_setup_teardown to 2024-05-31 00:00:00+00:00, run_after=2024-06-01 00:00:00+00:00
[2024-06-01T00:18:41.585+0000] {processor.py:183} INFO - Processing /home/airflow/.local/lib/python3.12/site-packages/airflow/example_dags/example_setup_teardown.py took 0.069 seconds
[2024-06-01T00:19:12.080+0000] {processor.py:161} INFO - Started process (PID=7785) to work on /home/airflow/.local/lib/python3.12/site-packages/airflow/example_dags/example_setup_teardown.py
[2024-06-01T00:19:12.081+0000] {processor.py:830} INFO - Processing file /home/airflow/.local/lib/python3.12/site-packages/airflow/example_dags/example_setup_teardown.py for tasks to queue
[2024-06-01T00:19:12.084+0000] {logging_mixin.py:188} INFO - [2024-06-01T00:19:12.083+0000] {dagbag.py:545} INFO - Filling up the DagBag from /home/airflow/.local/lib/python3.12/site-packages/airflow/example_dags/example_setup_teardown.py
[2024-06-01T00:19:12.090+0000] {processor.py:840} INFO - DAG(s) 'example_setup_teardown' retrieved from /home/airflow/.local/lib/python3.12/site-packages/airflow/example_dags/example_setup_teardown.py
[2024-06-01T00:19:12.107+0000] {logging_mixin.py:188} INFO - [2024-06-01T00:19:12.107+0000] {dag.py:3096} INFO - Sync 1 DAGs
[2024-06-01T00:19:12.124+0000] {logging_mixin.py:188} INFO - [2024-06-01T00:19:12.124+0000] {dag.py:3954} INFO - Setting next_dagrun for example_setup_teardown to 2024-05-31 00:00:00+00:00, run_after=2024-06-01 00:00:00+00:00
[2024-06-01T00:19:12.139+0000] {processor.py:183} INFO - Processing /home/airflow/.local/lib/python3.12/site-packages/airflow/example_dags/example_setup_teardown.py took 0.065 seconds
[2024-06-01T00:19:42.374+0000] {processor.py:161} INFO - Started process (PID=7843) to work on /home/airflow/.local/lib/python3.12/site-packages/airflow/example_dags/example_setup_teardown.py
[2024-06-01T00:19:42.376+0000] {processor.py:830} INFO - Processing file /home/airflow/.local/lib/python3.12/site-packages/airflow/example_dags/example_setup_teardown.py for tasks to queue
[2024-06-01T00:19:42.379+0000] {logging_mixin.py:188} INFO - [2024-06-01T00:19:42.379+0000] {dagbag.py:545} INFO - Filling up the DagBag from /home/airflow/.local/lib/python3.12/site-packages/airflow/example_dags/example_setup_teardown.py
[2024-06-01T00:19:42.386+0000] {processor.py:840} INFO - DAG(s) 'example_setup_teardown' retrieved from /home/airflow/.local/lib/python3.12/site-packages/airflow/example_dags/example_setup_teardown.py
[2024-06-01T00:19:42.403+0000] {logging_mixin.py:188} INFO - [2024-06-01T00:19:42.403+0000] {dag.py:3096} INFO - Sync 1 DAGs
[2024-06-01T00:19:42.420+0000] {logging_mixin.py:188} INFO - [2024-06-01T00:19:42.420+0000] {dag.py:3954} INFO - Setting next_dagrun for example_setup_teardown to 2024-05-31 00:00:00+00:00, run_after=2024-06-01 00:00:00+00:00
[2024-06-01T00:19:42.437+0000] {processor.py:183} INFO - Processing /home/airflow/.local/lib/python3.12/site-packages/airflow/example_dags/example_setup_teardown.py took 0.070 seconds
[2024-06-01T00:20:12.774+0000] {processor.py:161} INFO - Started process (PID=7901) to work on /home/airflow/.local/lib/python3.12/site-packages/airflow/example_dags/example_setup_teardown.py
[2024-06-01T00:20:12.776+0000] {processor.py:830} INFO - Processing file /home/airflow/.local/lib/python3.12/site-packages/airflow/example_dags/example_setup_teardown.py for tasks to queue
[2024-06-01T00:20:12.779+0000] {logging_mixin.py:188} INFO - [2024-06-01T00:20:12.779+0000] {dagbag.py:545} INFO - Filling up the DagBag from /home/airflow/.local/lib/python3.12/site-packages/airflow/example_dags/example_setup_teardown.py
[2024-06-01T00:20:12.786+0000] {processor.py:840} INFO - DAG(s) 'example_setup_teardown' retrieved from /home/airflow/.local/lib/python3.12/site-packages/airflow/example_dags/example_setup_teardown.py
[2024-06-01T00:20:12.806+0000] {logging_mixin.py:188} INFO - [2024-06-01T00:20:12.806+0000] {dag.py:3096} INFO - Sync 1 DAGs
[2024-06-01T00:20:12.826+0000] {logging_mixin.py:188} INFO - [2024-06-01T00:20:12.825+0000] {dag.py:3954} INFO - Setting next_dagrun for example_setup_teardown to 2024-05-31 00:00:00+00:00, run_after=2024-06-01 00:00:00+00:00
[2024-06-01T00:20:12.843+0000] {processor.py:183} INFO - Processing /home/airflow/.local/lib/python3.12/site-packages/airflow/example_dags/example_setup_teardown.py took 0.075 seconds
[2024-06-01T00:20:43.184+0000] {processor.py:161} INFO - Started process (PID=7959) to work on /home/airflow/.local/lib/python3.12/site-packages/airflow/example_dags/example_setup_teardown.py
[2024-06-01T00:20:43.185+0000] {processor.py:830} INFO - Processing file /home/airflow/.local/lib/python3.12/site-packages/airflow/example_dags/example_setup_teardown.py for tasks to queue
[2024-06-01T00:20:43.188+0000] {logging_mixin.py:188} INFO - [2024-06-01T00:20:43.187+0000] {dagbag.py:545} INFO - Filling up the DagBag from /home/airflow/.local/lib/python3.12/site-packages/airflow/example_dags/example_setup_teardown.py
[2024-06-01T00:20:43.194+0000] {processor.py:840} INFO - DAG(s) 'example_setup_teardown' retrieved from /home/airflow/.local/lib/python3.12/site-packages/airflow/example_dags/example_setup_teardown.py
[2024-06-01T00:20:43.212+0000] {logging_mixin.py:188} INFO - [2024-06-01T00:20:43.211+0000] {dag.py:3096} INFO - Sync 1 DAGs
[2024-06-01T00:20:43.229+0000] {logging_mixin.py:188} INFO - [2024-06-01T00:20:43.229+0000] {dag.py:3954} INFO - Setting next_dagrun for example_setup_teardown to 2024-05-31 00:00:00+00:00, run_after=2024-06-01 00:00:00+00:00
[2024-06-01T00:20:43.249+0000] {processor.py:183} INFO - Processing /home/airflow/.local/lib/python3.12/site-packages/airflow/example_dags/example_setup_teardown.py took 0.070 seconds
[2024-06-01T00:21:13.866+0000] {processor.py:161} INFO - Started process (PID=8017) to work on /home/airflow/.local/lib/python3.12/site-packages/airflow/example_dags/example_setup_teardown.py
[2024-06-01T00:21:13.868+0000] {processor.py:830} INFO - Processing file /home/airflow/.local/lib/python3.12/site-packages/airflow/example_dags/example_setup_teardown.py for tasks to queue
[2024-06-01T00:21:13.871+0000] {logging_mixin.py:188} INFO - [2024-06-01T00:21:13.871+0000] {dagbag.py:545} INFO - Filling up the DagBag from /home/airflow/.local/lib/python3.12/site-packages/airflow/example_dags/example_setup_teardown.py
[2024-06-01T00:21:13.878+0000] {processor.py:840} INFO - DAG(s) 'example_setup_teardown' retrieved from /home/airflow/.local/lib/python3.12/site-packages/airflow/example_dags/example_setup_teardown.py
[2024-06-01T00:21:13.895+0000] {logging_mixin.py:188} INFO - [2024-06-01T00:21:13.895+0000] {dag.py:3096} INFO - Sync 1 DAGs
[2024-06-01T00:21:13.913+0000] {logging_mixin.py:188} INFO - [2024-06-01T00:21:13.913+0000] {dag.py:3954} INFO - Setting next_dagrun for example_setup_teardown to 2024-05-31 00:00:00+00:00, run_after=2024-06-01 00:00:00+00:00
[2024-06-01T00:21:13.930+0000] {processor.py:183} INFO - Processing /home/airflow/.local/lib/python3.12/site-packages/airflow/example_dags/example_setup_teardown.py took 0.072 seconds
[2024-06-01T00:21:44.402+0000] {processor.py:161} INFO - Started process (PID=8075) to work on /home/airflow/.local/lib/python3.12/site-packages/airflow/example_dags/example_setup_teardown.py
[2024-06-01T00:21:44.405+0000] {processor.py:830} INFO - Processing file /home/airflow/.local/lib/python3.12/site-packages/airflow/example_dags/example_setup_teardown.py for tasks to queue
[2024-06-01T00:21:44.408+0000] {logging_mixin.py:188} INFO - [2024-06-01T00:21:44.408+0000] {dagbag.py:545} INFO - Filling up the DagBag from /home/airflow/.local/lib/python3.12/site-packages/airflow/example_dags/example_setup_teardown.py
[2024-06-01T00:21:44.415+0000] {processor.py:840} INFO - DAG(s) 'example_setup_teardown' retrieved from /home/airflow/.local/lib/python3.12/site-packages/airflow/example_dags/example_setup_teardown.py
[2024-06-01T00:21:44.434+0000] {logging_mixin.py:188} INFO - [2024-06-01T00:21:44.434+0000] {dag.py:3096} INFO - Sync 1 DAGs
[2024-06-01T00:21:44.451+0000] {logging_mixin.py:188} INFO - [2024-06-01T00:21:44.451+0000] {dag.py:3954} INFO - Setting next_dagrun for example_setup_teardown to 2024-05-31 00:00:00+00:00, run_after=2024-06-01 00:00:00+00:00
[2024-06-01T00:21:44.467+0000] {processor.py:183} INFO - Processing /home/airflow/.local/lib/python3.12/site-packages/airflow/example_dags/example_setup_teardown.py took 0.073 seconds
[2024-06-01T00:22:15.173+0000] {processor.py:161} INFO - Started process (PID=8133) to work on /home/airflow/.local/lib/python3.12/site-packages/airflow/example_dags/example_setup_teardown.py
[2024-06-01T00:22:15.175+0000] {processor.py:830} INFO - Processing file /home/airflow/.local/lib/python3.12/site-packages/airflow/example_dags/example_setup_teardown.py for tasks to queue
[2024-06-01T00:22:15.178+0000] {logging_mixin.py:188} INFO - [2024-06-01T00:22:15.178+0000] {dagbag.py:545} INFO - Filling up the DagBag from /home/airflow/.local/lib/python3.12/site-packages/airflow/example_dags/example_setup_teardown.py
[2024-06-01T00:22:15.184+0000] {processor.py:840} INFO - DAG(s) 'example_setup_teardown' retrieved from /home/airflow/.local/lib/python3.12/site-packages/airflow/example_dags/example_setup_teardown.py
[2024-06-01T00:22:15.201+0000] {logging_mixin.py:188} INFO - [2024-06-01T00:22:15.201+0000] {dag.py:3096} INFO - Sync 1 DAGs
[2024-06-01T00:22:15.218+0000] {logging_mixin.py:188} INFO - [2024-06-01T00:22:15.218+0000] {dag.py:3954} INFO - Setting next_dagrun for example_setup_teardown to 2024-05-31 00:00:00+00:00, run_after=2024-06-01 00:00:00+00:00
[2024-06-01T00:22:15.236+0000] {processor.py:183} INFO - Processing /home/airflow/.local/lib/python3.12/site-packages/airflow/example_dags/example_setup_teardown.py took 0.070 seconds
[2024-06-01T00:22:45.402+0000] {processor.py:161} INFO - Started process (PID=8191) to work on /home/airflow/.local/lib/python3.12/site-packages/airflow/example_dags/example_setup_teardown.py
[2024-06-01T00:22:45.404+0000] {processor.py:830} INFO - Processing file /home/airflow/.local/lib/python3.12/site-packages/airflow/example_dags/example_setup_teardown.py for tasks to queue
[2024-06-01T00:22:45.407+0000] {logging_mixin.py:188} INFO - [2024-06-01T00:22:45.407+0000] {dagbag.py:545} INFO - Filling up the DagBag from /home/airflow/.local/lib/python3.12/site-packages/airflow/example_dags/example_setup_teardown.py
[2024-06-01T00:22:45.413+0000] {processor.py:840} INFO - DAG(s) 'example_setup_teardown' retrieved from /home/airflow/.local/lib/python3.12/site-packages/airflow/example_dags/example_setup_teardown.py
[2024-06-01T00:22:45.431+0000] {logging_mixin.py:188} INFO - [2024-06-01T00:22:45.431+0000] {dag.py:3096} INFO - Sync 1 DAGs
[2024-06-01T00:22:45.448+0000] {logging_mixin.py:188} INFO - [2024-06-01T00:22:45.448+0000] {dag.py:3954} INFO - Setting next_dagrun for example_setup_teardown to 2024-05-31 00:00:00+00:00, run_after=2024-06-01 00:00:00+00:00
[2024-06-01T00:22:45.466+0000] {processor.py:183} INFO - Processing /home/airflow/.local/lib/python3.12/site-packages/airflow/example_dags/example_setup_teardown.py took 0.069 seconds
[2024-06-01T00:23:15.786+0000] {processor.py:161} INFO - Started process (PID=8254) to work on /home/airflow/.local/lib/python3.12/site-packages/airflow/example_dags/example_setup_teardown.py
[2024-06-01T00:23:15.788+0000] {processor.py:830} INFO - Processing file /home/airflow/.local/lib/python3.12/site-packages/airflow/example_dags/example_setup_teardown.py for tasks to queue
[2024-06-01T00:23:15.791+0000] {logging_mixin.py:188} INFO - [2024-06-01T00:23:15.791+0000] {dagbag.py:545} INFO - Filling up the DagBag from /home/airflow/.local/lib/python3.12/site-packages/airflow/example_dags/example_setup_teardown.py
[2024-06-01T00:23:15.798+0000] {processor.py:840} INFO - DAG(s) 'example_setup_teardown' retrieved from /home/airflow/.local/lib/python3.12/site-packages/airflow/example_dags/example_setup_teardown.py
[2024-06-01T00:23:15.816+0000] {logging_mixin.py:188} INFO - [2024-06-01T00:23:15.816+0000] {dag.py:3096} INFO - Sync 1 DAGs
[2024-06-01T00:23:15.833+0000] {logging_mixin.py:188} INFO - [2024-06-01T00:23:15.833+0000] {dag.py:3954} INFO - Setting next_dagrun for example_setup_teardown to 2024-05-31 00:00:00+00:00, run_after=2024-06-01 00:00:00+00:00
[2024-06-01T00:23:15.850+0000] {processor.py:183} INFO - Processing /home/airflow/.local/lib/python3.12/site-packages/airflow/example_dags/example_setup_teardown.py took 0.070 seconds
[2024-06-01T00:23:45.979+0000] {processor.py:161} INFO - Started process (PID=8312) to work on /home/airflow/.local/lib/python3.12/site-packages/airflow/example_dags/example_setup_teardown.py
[2024-06-01T00:23:45.981+0000] {processor.py:830} INFO - Processing file /home/airflow/.local/lib/python3.12/site-packages/airflow/example_dags/example_setup_teardown.py for tasks to queue
[2024-06-01T00:23:45.983+0000] {logging_mixin.py:188} INFO - [2024-06-01T00:23:45.982+0000] {dagbag.py:545} INFO - Filling up the DagBag from /home/airflow/.local/lib/python3.12/site-packages/airflow/example_dags/example_setup_teardown.py
[2024-06-01T00:23:45.989+0000] {processor.py:840} INFO - DAG(s) 'example_setup_teardown' retrieved from /home/airflow/.local/lib/python3.12/site-packages/airflow/example_dags/example_setup_teardown.py
[2024-06-01T00:23:46.007+0000] {logging_mixin.py:188} INFO - [2024-06-01T00:23:46.007+0000] {dag.py:3096} INFO - Sync 1 DAGs
[2024-06-01T00:23:46.026+0000] {logging_mixin.py:188} INFO - [2024-06-01T00:23:46.026+0000] {dag.py:3954} INFO - Setting next_dagrun for example_setup_teardown to 2024-05-31 00:00:00+00:00, run_after=2024-06-01 00:00:00+00:00
[2024-06-01T00:23:46.041+0000] {processor.py:183} INFO - Processing /home/airflow/.local/lib/python3.12/site-packages/airflow/example_dags/example_setup_teardown.py took 0.070 seconds
[2024-06-01T00:24:16.289+0000] {processor.py:161} INFO - Started process (PID=8370) to work on /home/airflow/.local/lib/python3.12/site-packages/airflow/example_dags/example_setup_teardown.py
[2024-06-01T00:24:16.291+0000] {processor.py:830} INFO - Processing file /home/airflow/.local/lib/python3.12/site-packages/airflow/example_dags/example_setup_teardown.py for tasks to queue
[2024-06-01T00:24:16.293+0000] {logging_mixin.py:188} INFO - [2024-06-01T00:24:16.292+0000] {dagbag.py:545} INFO - Filling up the DagBag from /home/airflow/.local/lib/python3.12/site-packages/airflow/example_dags/example_setup_teardown.py
[2024-06-01T00:24:16.299+0000] {processor.py:840} INFO - DAG(s) 'example_setup_teardown' retrieved from /home/airflow/.local/lib/python3.12/site-packages/airflow/example_dags/example_setup_teardown.py
[2024-06-01T00:24:16.314+0000] {logging_mixin.py:188} INFO - [2024-06-01T00:24:16.314+0000] {dag.py:3096} INFO - Sync 1 DAGs
[2024-06-01T00:24:16.330+0000] {logging_mixin.py:188} INFO - [2024-06-01T00:24:16.330+0000] {dag.py:3954} INFO - Setting next_dagrun for example_setup_teardown to 2024-05-31 00:00:00+00:00, run_after=2024-06-01 00:00:00+00:00
[2024-06-01T00:24:16.347+0000] {processor.py:183} INFO - Processing /home/airflow/.local/lib/python3.12/site-packages/airflow/example_dags/example_setup_teardown.py took 0.063 seconds
[2024-06-01T00:24:46.718+0000] {processor.py:161} INFO - Started process (PID=8428) to work on /home/airflow/.local/lib/python3.12/site-packages/airflow/example_dags/example_setup_teardown.py
[2024-06-01T00:24:46.720+0000] {processor.py:830} INFO - Processing file /home/airflow/.local/lib/python3.12/site-packages/airflow/example_dags/example_setup_teardown.py for tasks to queue
[2024-06-01T00:24:46.723+0000] {logging_mixin.py:188} INFO - [2024-06-01T00:24:46.722+0000] {dagbag.py:545} INFO - Filling up the DagBag from /home/airflow/.local/lib/python3.12/site-packages/airflow/example_dags/example_setup_teardown.py
[2024-06-01T00:24:46.729+0000] {processor.py:840} INFO - DAG(s) 'example_setup_teardown' retrieved from /home/airflow/.local/lib/python3.12/site-packages/airflow/example_dags/example_setup_teardown.py
[2024-06-01T00:24:46.748+0000] {logging_mixin.py:188} INFO - [2024-06-01T00:24:46.748+0000] {dag.py:3096} INFO - Sync 1 DAGs
[2024-06-01T00:24:46.765+0000] {logging_mixin.py:188} INFO - [2024-06-01T00:24:46.765+0000] {dag.py:3954} INFO - Setting next_dagrun for example_setup_teardown to 2024-05-31 00:00:00+00:00, run_after=2024-06-01 00:00:00+00:00
[2024-06-01T00:24:46.782+0000] {processor.py:183} INFO - Processing /home/airflow/.local/lib/python3.12/site-packages/airflow/example_dags/example_setup_teardown.py took 0.070 seconds
[2024-06-01T00:25:17.225+0000] {processor.py:161} INFO - Started process (PID=8486) to work on /home/airflow/.local/lib/python3.12/site-packages/airflow/example_dags/example_setup_teardown.py
[2024-06-01T00:25:17.226+0000] {processor.py:830} INFO - Processing file /home/airflow/.local/lib/python3.12/site-packages/airflow/example_dags/example_setup_teardown.py for tasks to queue
[2024-06-01T00:25:17.229+0000] {logging_mixin.py:188} INFO - [2024-06-01T00:25:17.229+0000] {dagbag.py:545} INFO - Filling up the DagBag from /home/airflow/.local/lib/python3.12/site-packages/airflow/example_dags/example_setup_teardown.py
[2024-06-01T00:25:17.235+0000] {processor.py:840} INFO - DAG(s) 'example_setup_teardown' retrieved from /home/airflow/.local/lib/python3.12/site-packages/airflow/example_dags/example_setup_teardown.py
[2024-06-01T00:25:17.255+0000] {logging_mixin.py:188} INFO - [2024-06-01T00:25:17.255+0000] {dag.py:3096} INFO - Sync 1 DAGs
[2024-06-01T00:25:17.273+0000] {logging_mixin.py:188} INFO - [2024-06-01T00:25:17.273+0000] {dag.py:3954} INFO - Setting next_dagrun for example_setup_teardown to 2024-05-31 00:00:00+00:00, run_after=2024-06-01 00:00:00+00:00
[2024-06-01T00:25:17.289+0000] {processor.py:183} INFO - Processing /home/airflow/.local/lib/python3.12/site-packages/airflow/example_dags/example_setup_teardown.py took 0.070 seconds
[2024-06-01T00:25:47.478+0000] {processor.py:161} INFO - Started process (PID=8544) to work on /home/airflow/.local/lib/python3.12/site-packages/airflow/example_dags/example_setup_teardown.py
[2024-06-01T00:25:47.480+0000] {processor.py:830} INFO - Processing file /home/airflow/.local/lib/python3.12/site-packages/airflow/example_dags/example_setup_teardown.py for tasks to queue
[2024-06-01T00:25:47.483+0000] {logging_mixin.py:188} INFO - [2024-06-01T00:25:47.483+0000] {dagbag.py:545} INFO - Filling up the DagBag from /home/airflow/.local/lib/python3.12/site-packages/airflow/example_dags/example_setup_teardown.py
[2024-06-01T00:25:47.490+0000] {processor.py:840} INFO - DAG(s) 'example_setup_teardown' retrieved from /home/airflow/.local/lib/python3.12/site-packages/airflow/example_dags/example_setup_teardown.py
[2024-06-01T00:25:47.509+0000] {logging_mixin.py:188} INFO - [2024-06-01T00:25:47.508+0000] {dag.py:3096} INFO - Sync 1 DAGs
[2024-06-01T00:25:47.527+0000] {logging_mixin.py:188} INFO - [2024-06-01T00:25:47.527+0000] {dag.py:3954} INFO - Setting next_dagrun for example_setup_teardown to 2024-05-31 00:00:00+00:00, run_after=2024-06-01 00:00:00+00:00
[2024-06-01T00:25:47.544+0000] {processor.py:183} INFO - Processing /home/airflow/.local/lib/python3.12/site-packages/airflow/example_dags/example_setup_teardown.py took 0.071 seconds
[2024-06-01T00:26:18.252+0000] {processor.py:161} INFO - Started process (PID=8602) to work on /home/airflow/.local/lib/python3.12/site-packages/airflow/example_dags/example_setup_teardown.py
[2024-06-01T00:26:18.255+0000] {processor.py:830} INFO - Processing file /home/airflow/.local/lib/python3.12/site-packages/airflow/example_dags/example_setup_teardown.py for tasks to queue
[2024-06-01T00:26:18.258+0000] {logging_mixin.py:188} INFO - [2024-06-01T00:26:18.257+0000] {dagbag.py:545} INFO - Filling up the DagBag from /home/airflow/.local/lib/python3.12/site-packages/airflow/example_dags/example_setup_teardown.py
[2024-06-01T00:26:18.264+0000] {processor.py:840} INFO - DAG(s) 'example_setup_teardown' retrieved from /home/airflow/.local/lib/python3.12/site-packages/airflow/example_dags/example_setup_teardown.py
[2024-06-01T00:26:18.281+0000] {logging_mixin.py:188} INFO - [2024-06-01T00:26:18.281+0000] {dag.py:3096} INFO - Sync 1 DAGs
[2024-06-01T00:26:18.298+0000] {logging_mixin.py:188} INFO - [2024-06-01T00:26:18.298+0000] {dag.py:3954} INFO - Setting next_dagrun for example_setup_teardown to 2024-05-31 00:00:00+00:00, run_after=2024-06-01 00:00:00+00:00
[2024-06-01T00:26:18.313+0000] {processor.py:183} INFO - Processing /home/airflow/.local/lib/python3.12/site-packages/airflow/example_dags/example_setup_teardown.py took 0.067 seconds
[2024-06-01T00:26:48.587+0000] {processor.py:161} INFO - Started process (PID=8660) to work on /home/airflow/.local/lib/python3.12/site-packages/airflow/example_dags/example_setup_teardown.py
[2024-06-01T00:26:48.589+0000] {processor.py:830} INFO - Processing file /home/airflow/.local/lib/python3.12/site-packages/airflow/example_dags/example_setup_teardown.py for tasks to queue
[2024-06-01T00:26:48.591+0000] {logging_mixin.py:188} INFO - [2024-06-01T00:26:48.591+0000] {dagbag.py:545} INFO - Filling up the DagBag from /home/airflow/.local/lib/python3.12/site-packages/airflow/example_dags/example_setup_teardown.py
[2024-06-01T00:26:48.598+0000] {processor.py:840} INFO - DAG(s) 'example_setup_teardown' retrieved from /home/airflow/.local/lib/python3.12/site-packages/airflow/example_dags/example_setup_teardown.py
[2024-06-01T00:26:48.617+0000] {logging_mixin.py:188} INFO - [2024-06-01T00:26:48.616+0000] {dag.py:3096} INFO - Sync 1 DAGs
[2024-06-01T00:26:48.635+0000] {logging_mixin.py:188} INFO - [2024-06-01T00:26:48.635+0000] {dag.py:3954} INFO - Setting next_dagrun for example_setup_teardown to 2024-05-31 00:00:00+00:00, run_after=2024-06-01 00:00:00+00:00
[2024-06-01T00:26:48.652+0000] {processor.py:183} INFO - Processing /home/airflow/.local/lib/python3.12/site-packages/airflow/example_dags/example_setup_teardown.py took 0.070 seconds
[2024-06-01T00:27:18.911+0000] {processor.py:161} INFO - Started process (PID=8718) to work on /home/airflow/.local/lib/python3.12/site-packages/airflow/example_dags/example_setup_teardown.py
[2024-06-01T00:27:18.914+0000] {processor.py:830} INFO - Processing file /home/airflow/.local/lib/python3.12/site-packages/airflow/example_dags/example_setup_teardown.py for tasks to queue
[2024-06-01T00:27:18.916+0000] {logging_mixin.py:188} INFO - [2024-06-01T00:27:18.916+0000] {dagbag.py:545} INFO - Filling up the DagBag from /home/airflow/.local/lib/python3.12/site-packages/airflow/example_dags/example_setup_teardown.py
[2024-06-01T00:27:18.924+0000] {processor.py:840} INFO - DAG(s) 'example_setup_teardown' retrieved from /home/airflow/.local/lib/python3.12/site-packages/airflow/example_dags/example_setup_teardown.py
[2024-06-01T00:27:18.942+0000] {logging_mixin.py:188} INFO - [2024-06-01T00:27:18.942+0000] {dag.py:3096} INFO - Sync 1 DAGs
[2024-06-01T00:27:18.960+0000] {logging_mixin.py:188} INFO - [2024-06-01T00:27:18.960+0000] {dag.py:3954} INFO - Setting next_dagrun for example_setup_teardown to 2024-05-31 00:00:00+00:00, run_after=2024-06-01 00:00:00+00:00
[2024-06-01T00:27:18.976+0000] {processor.py:183} INFO - Processing /home/airflow/.local/lib/python3.12/site-packages/airflow/example_dags/example_setup_teardown.py took 0.072 seconds
[2024-06-01T00:27:49.611+0000] {processor.py:161} INFO - Started process (PID=8776) to work on /home/airflow/.local/lib/python3.12/site-packages/airflow/example_dags/example_setup_teardown.py
[2024-06-01T00:27:49.613+0000] {processor.py:830} INFO - Processing file /home/airflow/.local/lib/python3.12/site-packages/airflow/example_dags/example_setup_teardown.py for tasks to queue
[2024-06-01T00:27:49.616+0000] {logging_mixin.py:188} INFO - [2024-06-01T00:27:49.615+0000] {dagbag.py:545} INFO - Filling up the DagBag from /home/airflow/.local/lib/python3.12/site-packages/airflow/example_dags/example_setup_teardown.py
[2024-06-01T00:27:49.622+0000] {processor.py:840} INFO - DAG(s) 'example_setup_teardown' retrieved from /home/airflow/.local/lib/python3.12/site-packages/airflow/example_dags/example_setup_teardown.py
[2024-06-01T00:27:49.642+0000] {logging_mixin.py:188} INFO - [2024-06-01T00:27:49.641+0000] {dag.py:3096} INFO - Sync 1 DAGs
[2024-06-01T00:27:49.661+0000] {logging_mixin.py:188} INFO - [2024-06-01T00:27:49.661+0000] {dag.py:3954} INFO - Setting next_dagrun for example_setup_teardown to 2024-05-31 00:00:00+00:00, run_after=2024-06-01 00:00:00+00:00
[2024-06-01T00:27:49.678+0000] {processor.py:183} INFO - Processing /home/airflow/.local/lib/python3.12/site-packages/airflow/example_dags/example_setup_teardown.py took 0.072 seconds
[2024-06-01T00:28:19.960+0000] {processor.py:161} INFO - Started process (PID=8834) to work on /home/airflow/.local/lib/python3.12/site-packages/airflow/example_dags/example_setup_teardown.py
[2024-06-01T00:28:19.963+0000] {processor.py:830} INFO - Processing file /home/airflow/.local/lib/python3.12/site-packages/airflow/example_dags/example_setup_teardown.py for tasks to queue
[2024-06-01T00:28:19.966+0000] {logging_mixin.py:188} INFO - [2024-06-01T00:28:19.965+0000] {dagbag.py:545} INFO - Filling up the DagBag from /home/airflow/.local/lib/python3.12/site-packages/airflow/example_dags/example_setup_teardown.py
[2024-06-01T00:28:19.972+0000] {processor.py:840} INFO - DAG(s) 'example_setup_teardown' retrieved from /home/airflow/.local/lib/python3.12/site-packages/airflow/example_dags/example_setup_teardown.py
[2024-06-01T00:28:19.991+0000] {logging_mixin.py:188} INFO - [2024-06-01T00:28:19.990+0000] {dag.py:3096} INFO - Sync 1 DAGs
[2024-06-01T00:28:20.009+0000] {logging_mixin.py:188} INFO - [2024-06-01T00:28:20.009+0000] {dag.py:3954} INFO - Setting next_dagrun for example_setup_teardown to 2024-05-31 00:00:00+00:00, run_after=2024-06-01 00:00:00+00:00
[2024-06-01T00:28:20.027+0000] {processor.py:183} INFO - Processing /home/airflow/.local/lib/python3.12/site-packages/airflow/example_dags/example_setup_teardown.py took 0.073 seconds
[2024-06-01T00:28:50.594+0000] {processor.py:161} INFO - Started process (PID=8892) to work on /home/airflow/.local/lib/python3.12/site-packages/airflow/example_dags/example_setup_teardown.py
[2024-06-01T00:28:50.596+0000] {processor.py:830} INFO - Processing file /home/airflow/.local/lib/python3.12/site-packages/airflow/example_dags/example_setup_teardown.py for tasks to queue
[2024-06-01T00:28:50.598+0000] {logging_mixin.py:188} INFO - [2024-06-01T00:28:50.598+0000] {dagbag.py:545} INFO - Filling up the DagBag from /home/airflow/.local/lib/python3.12/site-packages/airflow/example_dags/example_setup_teardown.py
[2024-06-01T00:28:50.605+0000] {processor.py:840} INFO - DAG(s) 'example_setup_teardown' retrieved from /home/airflow/.local/lib/python3.12/site-packages/airflow/example_dags/example_setup_teardown.py
[2024-06-01T00:28:50.623+0000] {logging_mixin.py:188} INFO - [2024-06-01T00:28:50.623+0000] {dag.py:3096} INFO - Sync 1 DAGs
[2024-06-01T00:28:50.642+0000] {logging_mixin.py:188} INFO - [2024-06-01T00:28:50.642+0000] {dag.py:3954} INFO - Setting next_dagrun for example_setup_teardown to 2024-05-31 00:00:00+00:00, run_after=2024-06-01 00:00:00+00:00
[2024-06-01T00:28:50.661+0000] {processor.py:183} INFO - Processing /home/airflow/.local/lib/python3.12/site-packages/airflow/example_dags/example_setup_teardown.py took 0.072 seconds
[2024-06-01T00:29:20.876+0000] {processor.py:161} INFO - Started process (PID=8950) to work on /home/airflow/.local/lib/python3.12/site-packages/airflow/example_dags/example_setup_teardown.py
[2024-06-01T00:29:20.877+0000] {processor.py:830} INFO - Processing file /home/airflow/.local/lib/python3.12/site-packages/airflow/example_dags/example_setup_teardown.py for tasks to queue
[2024-06-01T00:29:20.880+0000] {logging_mixin.py:188} INFO - [2024-06-01T00:29:20.880+0000] {dagbag.py:545} INFO - Filling up the DagBag from /home/airflow/.local/lib/python3.12/site-packages/airflow/example_dags/example_setup_teardown.py
[2024-06-01T00:29:20.892+0000] {processor.py:840} INFO - DAG(s) 'example_setup_teardown' retrieved from /home/airflow/.local/lib/python3.12/site-packages/airflow/example_dags/example_setup_teardown.py
[2024-06-01T00:29:20.912+0000] {logging_mixin.py:188} INFO - [2024-06-01T00:29:20.911+0000] {dag.py:3096} INFO - Sync 1 DAGs
[2024-06-01T00:29:20.928+0000] {logging_mixin.py:188} INFO - [2024-06-01T00:29:20.928+0000] {dag.py:3954} INFO - Setting next_dagrun for example_setup_teardown to 2024-05-31 00:00:00+00:00, run_after=2024-06-01 00:00:00+00:00
[2024-06-01T00:29:20.942+0000] {processor.py:183} INFO - Processing /home/airflow/.local/lib/python3.12/site-packages/airflow/example_dags/example_setup_teardown.py took 0.071 seconds
[2024-06-01T00:29:51.204+0000] {processor.py:161} INFO - Started process (PID=9008) to work on /home/airflow/.local/lib/python3.12/site-packages/airflow/example_dags/example_setup_teardown.py
[2024-06-01T00:29:51.207+0000] {processor.py:830} INFO - Processing file /home/airflow/.local/lib/python3.12/site-packages/airflow/example_dags/example_setup_teardown.py for tasks to queue
[2024-06-01T00:29:51.209+0000] {logging_mixin.py:188} INFO - [2024-06-01T00:29:51.209+0000] {dagbag.py:545} INFO - Filling up the DagBag from /home/airflow/.local/lib/python3.12/site-packages/airflow/example_dags/example_setup_teardown.py
[2024-06-01T00:29:51.216+0000] {processor.py:840} INFO - DAG(s) 'example_setup_teardown' retrieved from /home/airflow/.local/lib/python3.12/site-packages/airflow/example_dags/example_setup_teardown.py
[2024-06-01T00:29:51.234+0000] {logging_mixin.py:188} INFO - [2024-06-01T00:29:51.233+0000] {dag.py:3096} INFO - Sync 1 DAGs
[2024-06-01T00:29:51.251+0000] {logging_mixin.py:188} INFO - [2024-06-01T00:29:51.251+0000] {dag.py:3954} INFO - Setting next_dagrun for example_setup_teardown to 2024-05-31 00:00:00+00:00, run_after=2024-06-01 00:00:00+00:00
[2024-06-01T00:29:51.267+0000] {processor.py:183} INFO - Processing /home/airflow/.local/lib/python3.12/site-packages/airflow/example_dags/example_setup_teardown.py took 0.069 seconds
[2024-06-01T00:30:21.468+0000] {processor.py:161} INFO - Started process (PID=9066) to work on /home/airflow/.local/lib/python3.12/site-packages/airflow/example_dags/example_setup_teardown.py
[2024-06-01T00:30:21.469+0000] {processor.py:830} INFO - Processing file /home/airflow/.local/lib/python3.12/site-packages/airflow/example_dags/example_setup_teardown.py for tasks to queue
[2024-06-01T00:30:21.472+0000] {logging_mixin.py:188} INFO - [2024-06-01T00:30:21.472+0000] {dagbag.py:545} INFO - Filling up the DagBag from /home/airflow/.local/lib/python3.12/site-packages/airflow/example_dags/example_setup_teardown.py
[2024-06-01T00:30:21.479+0000] {processor.py:840} INFO - DAG(s) 'example_setup_teardown' retrieved from /home/airflow/.local/lib/python3.12/site-packages/airflow/example_dags/example_setup_teardown.py
[2024-06-01T00:30:21.495+0000] {logging_mixin.py:188} INFO - [2024-06-01T00:30:21.495+0000] {dag.py:3096} INFO - Sync 1 DAGs
[2024-06-01T00:30:21.514+0000] {logging_mixin.py:188} INFO - [2024-06-01T00:30:21.514+0000] {dag.py:3954} INFO - Setting next_dagrun for example_setup_teardown to 2024-05-31 00:00:00+00:00, run_after=2024-06-01 00:00:00+00:00
[2024-06-01T00:30:21.530+0000] {processor.py:183} INFO - Processing /home/airflow/.local/lib/python3.12/site-packages/airflow/example_dags/example_setup_teardown.py took 0.067 seconds
[2024-06-01T00:30:51.737+0000] {processor.py:161} INFO - Started process (PID=9124) to work on /home/airflow/.local/lib/python3.12/site-packages/airflow/example_dags/example_setup_teardown.py
[2024-06-01T00:30:51.740+0000] {processor.py:830} INFO - Processing file /home/airflow/.local/lib/python3.12/site-packages/airflow/example_dags/example_setup_teardown.py for tasks to queue
[2024-06-01T00:30:51.743+0000] {logging_mixin.py:188} INFO - [2024-06-01T00:30:51.742+0000] {dagbag.py:545} INFO - Filling up the DagBag from /home/airflow/.local/lib/python3.12/site-packages/airflow/example_dags/example_setup_teardown.py
[2024-06-01T00:30:51.749+0000] {processor.py:840} INFO - DAG(s) 'example_setup_teardown' retrieved from /home/airflow/.local/lib/python3.12/site-packages/airflow/example_dags/example_setup_teardown.py
[2024-06-01T00:30:51.766+0000] {logging_mixin.py:188} INFO - [2024-06-01T00:30:51.766+0000] {dag.py:3096} INFO - Sync 1 DAGs
[2024-06-01T00:30:51.783+0000] {logging_mixin.py:188} INFO - [2024-06-01T00:30:51.783+0000] {dag.py:3954} INFO - Setting next_dagrun for example_setup_teardown to 2024-05-31 00:00:00+00:00, run_after=2024-06-01 00:00:00+00:00
[2024-06-01T00:30:51.802+0000] {processor.py:183} INFO - Processing /home/airflow/.local/lib/python3.12/site-packages/airflow/example_dags/example_setup_teardown.py took 0.071 seconds
[2024-06-01T00:31:22.104+0000] {processor.py:161} INFO - Started process (PID=9183) to work on /home/airflow/.local/lib/python3.12/site-packages/airflow/example_dags/example_setup_teardown.py
[2024-06-01T00:31:22.105+0000] {processor.py:830} INFO - Processing file /home/airflow/.local/lib/python3.12/site-packages/airflow/example_dags/example_setup_teardown.py for tasks to queue
[2024-06-01T00:31:22.107+0000] {logging_mixin.py:188} INFO - [2024-06-01T00:31:22.107+0000] {dagbag.py:545} INFO - Filling up the DagBag from /home/airflow/.local/lib/python3.12/site-packages/airflow/example_dags/example_setup_teardown.py
[2024-06-01T00:31:22.113+0000] {processor.py:840} INFO - DAG(s) 'example_setup_teardown' retrieved from /home/airflow/.local/lib/python3.12/site-packages/airflow/example_dags/example_setup_teardown.py
[2024-06-01T00:31:22.133+0000] {logging_mixin.py:188} INFO - [2024-06-01T00:31:22.133+0000] {dag.py:3096} INFO - Sync 1 DAGs
[2024-06-01T00:31:22.152+0000] {logging_mixin.py:188} INFO - [2024-06-01T00:31:22.152+0000] {dag.py:3954} INFO - Setting next_dagrun for example_setup_teardown to 2024-05-31 00:00:00+00:00, run_after=2024-06-01 00:00:00+00:00
[2024-06-01T00:31:22.172+0000] {processor.py:183} INFO - Processing /home/airflow/.local/lib/python3.12/site-packages/airflow/example_dags/example_setup_teardown.py took 0.074 seconds
[2024-06-01T00:31:52.633+0000] {processor.py:161} INFO - Started process (PID=9241) to work on /home/airflow/.local/lib/python3.12/site-packages/airflow/example_dags/example_setup_teardown.py
[2024-06-01T00:31:52.636+0000] {processor.py:830} INFO - Processing file /home/airflow/.local/lib/python3.12/site-packages/airflow/example_dags/example_setup_teardown.py for tasks to queue
[2024-06-01T00:31:52.638+0000] {logging_mixin.py:188} INFO - [2024-06-01T00:31:52.638+0000] {dagbag.py:545} INFO - Filling up the DagBag from /home/airflow/.local/lib/python3.12/site-packages/airflow/example_dags/example_setup_teardown.py
[2024-06-01T00:31:52.646+0000] {processor.py:840} INFO - DAG(s) 'example_setup_teardown' retrieved from /home/airflow/.local/lib/python3.12/site-packages/airflow/example_dags/example_setup_teardown.py
[2024-06-01T00:31:52.664+0000] {logging_mixin.py:188} INFO - [2024-06-01T00:31:52.664+0000] {dag.py:3096} INFO - Sync 1 DAGs
[2024-06-01T00:31:52.682+0000] {logging_mixin.py:188} INFO - [2024-06-01T00:31:52.682+0000] {dag.py:3954} INFO - Setting next_dagrun for example_setup_teardown to 2024-05-31 00:00:00+00:00, run_after=2024-06-01 00:00:00+00:00
[2024-06-01T00:31:52.700+0000] {processor.py:183} INFO - Processing /home/airflow/.local/lib/python3.12/site-packages/airflow/example_dags/example_setup_teardown.py took 0.073 seconds
[2024-06-01T00:32:22.947+0000] {processor.py:161} INFO - Started process (PID=9299) to work on /home/airflow/.local/lib/python3.12/site-packages/airflow/example_dags/example_setup_teardown.py
[2024-06-01T00:32:22.948+0000] {processor.py:830} INFO - Processing file /home/airflow/.local/lib/python3.12/site-packages/airflow/example_dags/example_setup_teardown.py for tasks to queue
[2024-06-01T00:32:22.951+0000] {logging_mixin.py:188} INFO - [2024-06-01T00:32:22.951+0000] {dagbag.py:545} INFO - Filling up the DagBag from /home/airflow/.local/lib/python3.12/site-packages/airflow/example_dags/example_setup_teardown.py
[2024-06-01T00:32:22.958+0000] {processor.py:840} INFO - DAG(s) 'example_setup_teardown' retrieved from /home/airflow/.local/lib/python3.12/site-packages/airflow/example_dags/example_setup_teardown.py
[2024-06-01T00:32:22.977+0000] {logging_mixin.py:188} INFO - [2024-06-01T00:32:22.976+0000] {dag.py:3096} INFO - Sync 1 DAGs
[2024-06-01T00:32:22.996+0000] {logging_mixin.py:188} INFO - [2024-06-01T00:32:22.996+0000] {dag.py:3954} INFO - Setting next_dagrun for example_setup_teardown to 2024-05-31 00:00:00+00:00, run_after=2024-06-01 00:00:00+00:00
[2024-06-01T00:32:23.014+0000] {processor.py:183} INFO - Processing /home/airflow/.local/lib/python3.12/site-packages/airflow/example_dags/example_setup_teardown.py took 0.072 seconds
[2024-06-01T00:32:53.205+0000] {processor.py:161} INFO - Started process (PID=9355) to work on /home/airflow/.local/lib/python3.12/site-packages/airflow/example_dags/example_setup_teardown.py
[2024-06-01T00:32:53.206+0000] {processor.py:830} INFO - Processing file /home/airflow/.local/lib/python3.12/site-packages/airflow/example_dags/example_setup_teardown.py for tasks to queue
[2024-06-01T00:32:53.209+0000] {logging_mixin.py:188} INFO - [2024-06-01T00:32:53.208+0000] {dagbag.py:545} INFO - Filling up the DagBag from /home/airflow/.local/lib/python3.12/site-packages/airflow/example_dags/example_setup_teardown.py
[2024-06-01T00:32:53.215+0000] {processor.py:840} INFO - DAG(s) 'example_setup_teardown' retrieved from /home/airflow/.local/lib/python3.12/site-packages/airflow/example_dags/example_setup_teardown.py
[2024-06-01T00:32:53.231+0000] {logging_mixin.py:188} INFO - [2024-06-01T00:32:53.231+0000] {dag.py:3096} INFO - Sync 1 DAGs
[2024-06-01T00:32:53.248+0000] {logging_mixin.py:188} INFO - [2024-06-01T00:32:53.248+0000] {dag.py:3954} INFO - Setting next_dagrun for example_setup_teardown to 2024-05-31 00:00:00+00:00, run_after=2024-06-01 00:00:00+00:00
[2024-06-01T00:32:53.267+0000] {processor.py:183} INFO - Processing /home/airflow/.local/lib/python3.12/site-packages/airflow/example_dags/example_setup_teardown.py took 0.067 seconds
[2024-06-01T00:33:24.065+0000] {processor.py:161} INFO - Started process (PID=9413) to work on /home/airflow/.local/lib/python3.12/site-packages/airflow/example_dags/example_setup_teardown.py
[2024-06-01T00:33:24.066+0000] {processor.py:830} INFO - Processing file /home/airflow/.local/lib/python3.12/site-packages/airflow/example_dags/example_setup_teardown.py for tasks to queue
[2024-06-01T00:33:24.069+0000] {logging_mixin.py:188} INFO - [2024-06-01T00:33:24.068+0000] {dagbag.py:545} INFO - Filling up the DagBag from /home/airflow/.local/lib/python3.12/site-packages/airflow/example_dags/example_setup_teardown.py
[2024-06-01T00:33:24.076+0000] {processor.py:840} INFO - DAG(s) 'example_setup_teardown' retrieved from /home/airflow/.local/lib/python3.12/site-packages/airflow/example_dags/example_setup_teardown.py
[2024-06-01T00:33:24.095+0000] {logging_mixin.py:188} INFO - [2024-06-01T00:33:24.095+0000] {dag.py:3096} INFO - Sync 1 DAGs
[2024-06-01T00:33:24.115+0000] {logging_mixin.py:188} INFO - [2024-06-01T00:33:24.115+0000] {dag.py:3954} INFO - Setting next_dagrun for example_setup_teardown to 2024-05-31 00:00:00+00:00, run_after=2024-06-01 00:00:00+00:00
[2024-06-01T00:33:24.133+0000] {processor.py:183} INFO - Processing /home/airflow/.local/lib/python3.12/site-packages/airflow/example_dags/example_setup_teardown.py took 0.073 seconds
[2024-06-01T00:33:54.788+0000] {processor.py:161} INFO - Started process (PID=9471) to work on /home/airflow/.local/lib/python3.12/site-packages/airflow/example_dags/example_setup_teardown.py
[2024-06-01T00:33:54.789+0000] {processor.py:830} INFO - Processing file /home/airflow/.local/lib/python3.12/site-packages/airflow/example_dags/example_setup_teardown.py for tasks to queue
[2024-06-01T00:33:54.791+0000] {logging_mixin.py:188} INFO - [2024-06-01T00:33:54.791+0000] {dagbag.py:545} INFO - Filling up the DagBag from /home/airflow/.local/lib/python3.12/site-packages/airflow/example_dags/example_setup_teardown.py
[2024-06-01T00:33:54.798+0000] {processor.py:840} INFO - DAG(s) 'example_setup_teardown' retrieved from /home/airflow/.local/lib/python3.12/site-packages/airflow/example_dags/example_setup_teardown.py
[2024-06-01T00:33:54.814+0000] {logging_mixin.py:188} INFO - [2024-06-01T00:33:54.814+0000] {dag.py:3096} INFO - Sync 1 DAGs
[2024-06-01T00:33:54.831+0000] {logging_mixin.py:188} INFO - [2024-06-01T00:33:54.831+0000] {dag.py:3954} INFO - Setting next_dagrun for example_setup_teardown to 2024-05-31 00:00:00+00:00, run_after=2024-06-01 00:00:00+00:00
[2024-06-01T00:33:54.846+0000] {processor.py:183} INFO - Processing /home/airflow/.local/lib/python3.12/site-packages/airflow/example_dags/example_setup_teardown.py took 0.063 seconds
[2024-06-01T00:34:25.028+0000] {processor.py:161} INFO - Started process (PID=9529) to work on /home/airflow/.local/lib/python3.12/site-packages/airflow/example_dags/example_setup_teardown.py
[2024-06-01T00:34:25.031+0000] {processor.py:830} INFO - Processing file /home/airflow/.local/lib/python3.12/site-packages/airflow/example_dags/example_setup_teardown.py for tasks to queue
[2024-06-01T00:34:25.035+0000] {logging_mixin.py:188} INFO - [2024-06-01T00:34:25.034+0000] {dagbag.py:545} INFO - Filling up the DagBag from /home/airflow/.local/lib/python3.12/site-packages/airflow/example_dags/example_setup_teardown.py
[2024-06-01T00:34:25.042+0000] {processor.py:840} INFO - DAG(s) 'example_setup_teardown' retrieved from /home/airflow/.local/lib/python3.12/site-packages/airflow/example_dags/example_setup_teardown.py
[2024-06-01T00:34:25.062+0000] {logging_mixin.py:188} INFO - [2024-06-01T00:34:25.062+0000] {dag.py:3096} INFO - Sync 1 DAGs
[2024-06-01T00:34:25.081+0000] {logging_mixin.py:188} INFO - [2024-06-01T00:34:25.081+0000] {dag.py:3954} INFO - Setting next_dagrun for example_setup_teardown to 2024-05-31 00:00:00+00:00, run_after=2024-06-01 00:00:00+00:00
[2024-06-01T00:34:25.098+0000] {processor.py:183} INFO - Processing /home/airflow/.local/lib/python3.12/site-packages/airflow/example_dags/example_setup_teardown.py took 0.077 seconds
[2024-06-01T00:34:55.507+0000] {processor.py:161} INFO - Started process (PID=9586) to work on /home/airflow/.local/lib/python3.12/site-packages/airflow/example_dags/example_setup_teardown.py
[2024-06-01T00:34:55.509+0000] {processor.py:830} INFO - Processing file /home/airflow/.local/lib/python3.12/site-packages/airflow/example_dags/example_setup_teardown.py for tasks to queue
[2024-06-01T00:34:55.511+0000] {logging_mixin.py:188} INFO - [2024-06-01T00:34:55.511+0000] {dagbag.py:545} INFO - Filling up the DagBag from /home/airflow/.local/lib/python3.12/site-packages/airflow/example_dags/example_setup_teardown.py
[2024-06-01T00:34:55.518+0000] {processor.py:840} INFO - DAG(s) 'example_setup_teardown' retrieved from /home/airflow/.local/lib/python3.12/site-packages/airflow/example_dags/example_setup_teardown.py
[2024-06-01T00:34:55.535+0000] {logging_mixin.py:188} INFO - [2024-06-01T00:34:55.535+0000] {dag.py:3096} INFO - Sync 1 DAGs
[2024-06-01T00:34:55.552+0000] {logging_mixin.py:188} INFO - [2024-06-01T00:34:55.552+0000] {dag.py:3954} INFO - Setting next_dagrun for example_setup_teardown to 2024-05-31 00:00:00+00:00, run_after=2024-06-01 00:00:00+00:00
[2024-06-01T00:34:55.569+0000] {processor.py:183} INFO - Processing /home/airflow/.local/lib/python3.12/site-packages/airflow/example_dags/example_setup_teardown.py took 0.068 seconds
[2024-06-01T00:40:44.006+0000] {processor.py:161} INFO - Started process (PID=9654) to work on /home/airflow/.local/lib/python3.12/site-packages/airflow/example_dags/example_setup_teardown.py
[2024-06-01T00:40:44.007+0000] {processor.py:830} INFO - Processing file /home/airflow/.local/lib/python3.12/site-packages/airflow/example_dags/example_setup_teardown.py for tasks to queue
[2024-06-01T00:40:44.008+0000] {logging_mixin.py:188} INFO - [2024-06-01T00:40:44.008+0000] {dagbag.py:545} INFO - Filling up the DagBag from /home/airflow/.local/lib/python3.12/site-packages/airflow/example_dags/example_setup_teardown.py
[2024-06-01T00:40:44.016+0000] {processor.py:840} INFO - DAG(s) 'example_setup_teardown' retrieved from /home/airflow/.local/lib/python3.12/site-packages/airflow/example_dags/example_setup_teardown.py
[2024-06-01T00:40:44.044+0000] {logging_mixin.py:188} INFO - [2024-06-01T00:40:44.044+0000] {dag.py:3096} INFO - Sync 1 DAGs
[2024-06-01T00:40:44.079+0000] {logging_mixin.py:188} INFO - [2024-06-01T00:40:44.079+0000] {dag.py:3954} INFO - Setting next_dagrun for example_setup_teardown to 2024-05-31 00:00:00+00:00, run_after=2024-06-01 00:00:00+00:00
[2024-06-01T00:40:44.112+0000] {processor.py:183} INFO - Processing /home/airflow/.local/lib/python3.12/site-packages/airflow/example_dags/example_setup_teardown.py took 0.112 seconds
