[2024-06-01T00:00:26.199+0000] {processor.py:161} INFO - Started process (PID=5649) to work on /home/airflow/.local/lib/python3.12/site-packages/airflow/example_dags/example_nested_branch_dag.py
[2024-06-01T00:00:26.201+0000] {processor.py:830} INFO - Processing file /home/airflow/.local/lib/python3.12/site-packages/airflow/example_dags/example_nested_branch_dag.py for tasks to queue
[2024-06-01T00:00:26.204+0000] {logging_mixin.py:188} INFO - [2024-06-01T00:00:26.203+0000] {dagbag.py:545} INFO - Filling up the DagBag from /home/airflow/.local/lib/python3.12/site-packages/airflow/example_dags/example_nested_branch_dag.py
[2024-06-01T00:00:26.212+0000] {processor.py:840} INFO - DAG(s) 'example_nested_branch_dag' retrieved from /home/airflow/.local/lib/python3.12/site-packages/airflow/example_dags/example_nested_branch_dag.py
[2024-06-01T00:00:26.232+0000] {logging_mixin.py:188} INFO - [2024-06-01T00:00:26.231+0000] {dag.py:3096} INFO - Sync 1 DAGs
[2024-06-01T00:00:26.250+0000] {logging_mixin.py:188} INFO - [2024-06-01T00:00:26.250+0000] {dag.py:3954} INFO - Setting next_dagrun for example_nested_branch_dag to 2024-05-31 00:00:00+00:00, run_after=2024-06-01 00:00:00+00:00
[2024-06-01T00:00:26.266+0000] {processor.py:183} INFO - Processing /home/airflow/.local/lib/python3.12/site-packages/airflow/example_dags/example_nested_branch_dag.py took 0.071 seconds
[2024-06-01T00:00:56.307+0000] {processor.py:161} INFO - Started process (PID=5707) to work on /home/airflow/.local/lib/python3.12/site-packages/airflow/example_dags/example_nested_branch_dag.py
[2024-06-01T00:00:56.309+0000] {processor.py:830} INFO - Processing file /home/airflow/.local/lib/python3.12/site-packages/airflow/example_dags/example_nested_branch_dag.py for tasks to queue
[2024-06-01T00:00:56.311+0000] {logging_mixin.py:188} INFO - [2024-06-01T00:00:56.311+0000] {dagbag.py:545} INFO - Filling up the DagBag from /home/airflow/.local/lib/python3.12/site-packages/airflow/example_dags/example_nested_branch_dag.py
[2024-06-01T00:00:56.326+0000] {processor.py:840} INFO - DAG(s) 'example_nested_branch_dag' retrieved from /home/airflow/.local/lib/python3.12/site-packages/airflow/example_dags/example_nested_branch_dag.py
[2024-06-01T00:00:56.347+0000] {logging_mixin.py:188} INFO - [2024-06-01T00:00:56.347+0000] {dag.py:3096} INFO - Sync 1 DAGs
[2024-06-01T00:00:56.366+0000] {logging_mixin.py:188} INFO - [2024-06-01T00:00:56.366+0000] {dag.py:3954} INFO - Setting next_dagrun for example_nested_branch_dag to 2024-05-31 00:00:00+00:00, run_after=2024-06-01 00:00:00+00:00
[2024-06-01T00:00:56.383+0000] {processor.py:183} INFO - Processing /home/airflow/.local/lib/python3.12/site-packages/airflow/example_dags/example_nested_branch_dag.py took 0.081 seconds
[2024-06-01T00:01:26.831+0000] {processor.py:161} INFO - Started process (PID=5765) to work on /home/airflow/.local/lib/python3.12/site-packages/airflow/example_dags/example_nested_branch_dag.py
[2024-06-01T00:01:26.833+0000] {processor.py:830} INFO - Processing file /home/airflow/.local/lib/python3.12/site-packages/airflow/example_dags/example_nested_branch_dag.py for tasks to queue
[2024-06-01T00:01:26.836+0000] {logging_mixin.py:188} INFO - [2024-06-01T00:01:26.835+0000] {dagbag.py:545} INFO - Filling up the DagBag from /home/airflow/.local/lib/python3.12/site-packages/airflow/example_dags/example_nested_branch_dag.py
[2024-06-01T00:01:26.845+0000] {processor.py:840} INFO - DAG(s) 'example_nested_branch_dag' retrieved from /home/airflow/.local/lib/python3.12/site-packages/airflow/example_dags/example_nested_branch_dag.py
[2024-06-01T00:01:26.864+0000] {logging_mixin.py:188} INFO - [2024-06-01T00:01:26.864+0000] {dag.py:3096} INFO - Sync 1 DAGs
[2024-06-01T00:01:26.882+0000] {logging_mixin.py:188} INFO - [2024-06-01T00:01:26.882+0000] {dag.py:3954} INFO - Setting next_dagrun for example_nested_branch_dag to 2024-05-31 00:00:00+00:00, run_after=2024-06-01 00:00:00+00:00
[2024-06-01T00:01:26.899+0000] {processor.py:183} INFO - Processing /home/airflow/.local/lib/python3.12/site-packages/airflow/example_dags/example_nested_branch_dag.py took 0.074 seconds
[2024-06-01T00:01:57.384+0000] {processor.py:161} INFO - Started process (PID=5824) to work on /home/airflow/.local/lib/python3.12/site-packages/airflow/example_dags/example_nested_branch_dag.py
[2024-06-01T00:01:57.386+0000] {processor.py:830} INFO - Processing file /home/airflow/.local/lib/python3.12/site-packages/airflow/example_dags/example_nested_branch_dag.py for tasks to queue
[2024-06-01T00:01:57.389+0000] {logging_mixin.py:188} INFO - [2024-06-01T00:01:57.389+0000] {dagbag.py:545} INFO - Filling up the DagBag from /home/airflow/.local/lib/python3.12/site-packages/airflow/example_dags/example_nested_branch_dag.py
[2024-06-01T00:01:57.398+0000] {processor.py:840} INFO - DAG(s) 'example_nested_branch_dag' retrieved from /home/airflow/.local/lib/python3.12/site-packages/airflow/example_dags/example_nested_branch_dag.py
[2024-06-01T00:01:57.415+0000] {logging_mixin.py:188} INFO - [2024-06-01T00:01:57.415+0000] {dag.py:3096} INFO - Sync 1 DAGs
[2024-06-01T00:01:57.432+0000] {logging_mixin.py:188} INFO - [2024-06-01T00:01:57.432+0000] {dag.py:3954} INFO - Setting next_dagrun for example_nested_branch_dag to 2024-05-31 00:00:00+00:00, run_after=2024-06-01 00:00:00+00:00
[2024-06-01T00:01:57.451+0000] {processor.py:183} INFO - Processing /home/airflow/.local/lib/python3.12/site-packages/airflow/example_dags/example_nested_branch_dag.py took 0.073 seconds
[2024-06-01T00:02:27.539+0000] {processor.py:161} INFO - Started process (PID=5883) to work on /home/airflow/.local/lib/python3.12/site-packages/airflow/example_dags/example_nested_branch_dag.py
[2024-06-01T00:02:27.542+0000] {processor.py:830} INFO - Processing file /home/airflow/.local/lib/python3.12/site-packages/airflow/example_dags/example_nested_branch_dag.py for tasks to queue
[2024-06-01T00:02:27.545+0000] {logging_mixin.py:188} INFO - [2024-06-01T00:02:27.545+0000] {dagbag.py:545} INFO - Filling up the DagBag from /home/airflow/.local/lib/python3.12/site-packages/airflow/example_dags/example_nested_branch_dag.py
[2024-06-01T00:02:27.553+0000] {processor.py:840} INFO - DAG(s) 'example_nested_branch_dag' retrieved from /home/airflow/.local/lib/python3.12/site-packages/airflow/example_dags/example_nested_branch_dag.py
[2024-06-01T00:02:27.573+0000] {logging_mixin.py:188} INFO - [2024-06-01T00:02:27.573+0000] {dag.py:3096} INFO - Sync 1 DAGs
[2024-06-01T00:02:27.593+0000] {logging_mixin.py:188} INFO - [2024-06-01T00:02:27.593+0000] {dag.py:3954} INFO - Setting next_dagrun for example_nested_branch_dag to 2024-05-31 00:00:00+00:00, run_after=2024-06-01 00:00:00+00:00
[2024-06-01T00:02:27.611+0000] {processor.py:183} INFO - Processing /home/airflow/.local/lib/python3.12/site-packages/airflow/example_dags/example_nested_branch_dag.py took 0.077 seconds
[2024-06-01T00:02:57.716+0000] {processor.py:161} INFO - Started process (PID=5940) to work on /home/airflow/.local/lib/python3.12/site-packages/airflow/example_dags/example_nested_branch_dag.py
[2024-06-01T00:02:57.718+0000] {processor.py:830} INFO - Processing file /home/airflow/.local/lib/python3.12/site-packages/airflow/example_dags/example_nested_branch_dag.py for tasks to queue
[2024-06-01T00:02:57.721+0000] {logging_mixin.py:188} INFO - [2024-06-01T00:02:57.720+0000] {dagbag.py:545} INFO - Filling up the DagBag from /home/airflow/.local/lib/python3.12/site-packages/airflow/example_dags/example_nested_branch_dag.py
[2024-06-01T00:02:57.730+0000] {processor.py:840} INFO - DAG(s) 'example_nested_branch_dag' retrieved from /home/airflow/.local/lib/python3.12/site-packages/airflow/example_dags/example_nested_branch_dag.py
[2024-06-01T00:02:57.750+0000] {logging_mixin.py:188} INFO - [2024-06-01T00:02:57.749+0000] {dag.py:3096} INFO - Sync 1 DAGs
[2024-06-01T00:02:57.768+0000] {logging_mixin.py:188} INFO - [2024-06-01T00:02:57.768+0000] {dag.py:3954} INFO - Setting next_dagrun for example_nested_branch_dag to 2024-05-31 00:00:00+00:00, run_after=2024-06-01 00:00:00+00:00
[2024-06-01T00:02:57.788+0000] {processor.py:183} INFO - Processing /home/airflow/.local/lib/python3.12/site-packages/airflow/example_dags/example_nested_branch_dag.py took 0.080 seconds
[2024-06-01T00:03:28.060+0000] {processor.py:161} INFO - Started process (PID=5998) to work on /home/airflow/.local/lib/python3.12/site-packages/airflow/example_dags/example_nested_branch_dag.py
[2024-06-01T00:03:28.063+0000] {processor.py:830} INFO - Processing file /home/airflow/.local/lib/python3.12/site-packages/airflow/example_dags/example_nested_branch_dag.py for tasks to queue
[2024-06-01T00:03:28.065+0000] {logging_mixin.py:188} INFO - [2024-06-01T00:03:28.065+0000] {dagbag.py:545} INFO - Filling up the DagBag from /home/airflow/.local/lib/python3.12/site-packages/airflow/example_dags/example_nested_branch_dag.py
[2024-06-01T00:03:28.075+0000] {processor.py:840} INFO - DAG(s) 'example_nested_branch_dag' retrieved from /home/airflow/.local/lib/python3.12/site-packages/airflow/example_dags/example_nested_branch_dag.py
[2024-06-01T00:03:28.093+0000] {logging_mixin.py:188} INFO - [2024-06-01T00:03:28.093+0000] {dag.py:3096} INFO - Sync 1 DAGs
[2024-06-01T00:03:28.111+0000] {logging_mixin.py:188} INFO - [2024-06-01T00:03:28.111+0000] {dag.py:3954} INFO - Setting next_dagrun for example_nested_branch_dag to 2024-05-31 00:00:00+00:00, run_after=2024-06-01 00:00:00+00:00
[2024-06-01T00:03:28.129+0000] {processor.py:183} INFO - Processing /home/airflow/.local/lib/python3.12/site-packages/airflow/example_dags/example_nested_branch_dag.py took 0.073 seconds
[2024-06-01T00:03:58.309+0000] {processor.py:161} INFO - Started process (PID=6056) to work on /home/airflow/.local/lib/python3.12/site-packages/airflow/example_dags/example_nested_branch_dag.py
[2024-06-01T00:03:58.311+0000] {processor.py:830} INFO - Processing file /home/airflow/.local/lib/python3.12/site-packages/airflow/example_dags/example_nested_branch_dag.py for tasks to queue
[2024-06-01T00:03:58.314+0000] {logging_mixin.py:188} INFO - [2024-06-01T00:03:58.313+0000] {dagbag.py:545} INFO - Filling up the DagBag from /home/airflow/.local/lib/python3.12/site-packages/airflow/example_dags/example_nested_branch_dag.py
[2024-06-01T00:03:58.322+0000] {processor.py:840} INFO - DAG(s) 'example_nested_branch_dag' retrieved from /home/airflow/.local/lib/python3.12/site-packages/airflow/example_dags/example_nested_branch_dag.py
[2024-06-01T00:03:58.342+0000] {logging_mixin.py:188} INFO - [2024-06-01T00:03:58.341+0000] {dag.py:3096} INFO - Sync 1 DAGs
[2024-06-01T00:03:58.359+0000] {logging_mixin.py:188} INFO - [2024-06-01T00:03:58.359+0000] {dag.py:3954} INFO - Setting next_dagrun for example_nested_branch_dag to 2024-05-31 00:00:00+00:00, run_after=2024-06-01 00:00:00+00:00
[2024-06-01T00:03:58.374+0000] {processor.py:183} INFO - Processing /home/airflow/.local/lib/python3.12/site-packages/airflow/example_dags/example_nested_branch_dag.py took 0.072 seconds
[2024-06-01T00:04:28.670+0000] {processor.py:161} INFO - Started process (PID=6114) to work on /home/airflow/.local/lib/python3.12/site-packages/airflow/example_dags/example_nested_branch_dag.py
[2024-06-01T00:04:28.672+0000] {processor.py:830} INFO - Processing file /home/airflow/.local/lib/python3.12/site-packages/airflow/example_dags/example_nested_branch_dag.py for tasks to queue
[2024-06-01T00:04:28.674+0000] {logging_mixin.py:188} INFO - [2024-06-01T00:04:28.674+0000] {dagbag.py:545} INFO - Filling up the DagBag from /home/airflow/.local/lib/python3.12/site-packages/airflow/example_dags/example_nested_branch_dag.py
[2024-06-01T00:04:28.683+0000] {processor.py:840} INFO - DAG(s) 'example_nested_branch_dag' retrieved from /home/airflow/.local/lib/python3.12/site-packages/airflow/example_dags/example_nested_branch_dag.py
[2024-06-01T00:04:28.702+0000] {logging_mixin.py:188} INFO - [2024-06-01T00:04:28.702+0000] {dag.py:3096} INFO - Sync 1 DAGs
[2024-06-01T00:04:28.721+0000] {logging_mixin.py:188} INFO - [2024-06-01T00:04:28.721+0000] {dag.py:3954} INFO - Setting next_dagrun for example_nested_branch_dag to 2024-05-31 00:00:00+00:00, run_after=2024-06-01 00:00:00+00:00
[2024-06-01T00:04:28.737+0000] {processor.py:183} INFO - Processing /home/airflow/.local/lib/python3.12/site-packages/airflow/example_dags/example_nested_branch_dag.py took 0.072 seconds
[2024-06-01T00:04:59.075+0000] {processor.py:161} INFO - Started process (PID=6171) to work on /home/airflow/.local/lib/python3.12/site-packages/airflow/example_dags/example_nested_branch_dag.py
[2024-06-01T00:04:59.076+0000] {processor.py:830} INFO - Processing file /home/airflow/.local/lib/python3.12/site-packages/airflow/example_dags/example_nested_branch_dag.py for tasks to queue
[2024-06-01T00:04:59.078+0000] {logging_mixin.py:188} INFO - [2024-06-01T00:04:59.078+0000] {dagbag.py:545} INFO - Filling up the DagBag from /home/airflow/.local/lib/python3.12/site-packages/airflow/example_dags/example_nested_branch_dag.py
[2024-06-01T00:04:59.089+0000] {processor.py:840} INFO - DAG(s) 'example_nested_branch_dag' retrieved from /home/airflow/.local/lib/python3.12/site-packages/airflow/example_dags/example_nested_branch_dag.py
[2024-06-01T00:04:59.113+0000] {logging_mixin.py:188} INFO - [2024-06-01T00:04:59.112+0000] {dag.py:3096} INFO - Sync 1 DAGs
[2024-06-01T00:04:59.134+0000] {logging_mixin.py:188} INFO - [2024-06-01T00:04:59.134+0000] {dag.py:3954} INFO - Setting next_dagrun for example_nested_branch_dag to 2024-05-31 00:00:00+00:00, run_after=2024-06-01 00:00:00+00:00
[2024-06-01T00:04:59.153+0000] {processor.py:183} INFO - Processing /home/airflow/.local/lib/python3.12/site-packages/airflow/example_dags/example_nested_branch_dag.py took 0.084 seconds
[2024-06-01T00:05:29.572+0000] {processor.py:161} INFO - Started process (PID=6229) to work on /home/airflow/.local/lib/python3.12/site-packages/airflow/example_dags/example_nested_branch_dag.py
[2024-06-01T00:05:29.573+0000] {processor.py:830} INFO - Processing file /home/airflow/.local/lib/python3.12/site-packages/airflow/example_dags/example_nested_branch_dag.py for tasks to queue
[2024-06-01T00:05:29.576+0000] {logging_mixin.py:188} INFO - [2024-06-01T00:05:29.575+0000] {dagbag.py:545} INFO - Filling up the DagBag from /home/airflow/.local/lib/python3.12/site-packages/airflow/example_dags/example_nested_branch_dag.py
[2024-06-01T00:05:29.585+0000] {processor.py:840} INFO - DAG(s) 'example_nested_branch_dag' retrieved from /home/airflow/.local/lib/python3.12/site-packages/airflow/example_dags/example_nested_branch_dag.py
[2024-06-01T00:05:29.606+0000] {logging_mixin.py:188} INFO - [2024-06-01T00:05:29.606+0000] {dag.py:3096} INFO - Sync 1 DAGs
[2024-06-01T00:05:29.626+0000] {logging_mixin.py:188} INFO - [2024-06-01T00:05:29.626+0000] {dag.py:3954} INFO - Setting next_dagrun for example_nested_branch_dag to 2024-05-31 00:00:00+00:00, run_after=2024-06-01 00:00:00+00:00
[2024-06-01T00:05:29.643+0000] {processor.py:183} INFO - Processing /home/airflow/.local/lib/python3.12/site-packages/airflow/example_dags/example_nested_branch_dag.py took 0.076 seconds
[2024-06-01T00:06:00.083+0000] {processor.py:161} INFO - Started process (PID=6287) to work on /home/airflow/.local/lib/python3.12/site-packages/airflow/example_dags/example_nested_branch_dag.py
[2024-06-01T00:06:00.085+0000] {processor.py:830} INFO - Processing file /home/airflow/.local/lib/python3.12/site-packages/airflow/example_dags/example_nested_branch_dag.py for tasks to queue
[2024-06-01T00:06:00.088+0000] {logging_mixin.py:188} INFO - [2024-06-01T00:06:00.087+0000] {dagbag.py:545} INFO - Filling up the DagBag from /home/airflow/.local/lib/python3.12/site-packages/airflow/example_dags/example_nested_branch_dag.py
[2024-06-01T00:06:00.097+0000] {processor.py:840} INFO - DAG(s) 'example_nested_branch_dag' retrieved from /home/airflow/.local/lib/python3.12/site-packages/airflow/example_dags/example_nested_branch_dag.py
[2024-06-01T00:06:00.116+0000] {logging_mixin.py:188} INFO - [2024-06-01T00:06:00.116+0000] {dag.py:3096} INFO - Sync 1 DAGs
[2024-06-01T00:06:00.135+0000] {logging_mixin.py:188} INFO - [2024-06-01T00:06:00.135+0000] {dag.py:3954} INFO - Setting next_dagrun for example_nested_branch_dag to 2024-05-31 00:00:00+00:00, run_after=2024-06-01 00:00:00+00:00
[2024-06-01T00:06:00.154+0000] {processor.py:183} INFO - Processing /home/airflow/.local/lib/python3.12/site-packages/airflow/example_dags/example_nested_branch_dag.py took 0.076 seconds
[2024-06-01T00:06:31.180+0000] {processor.py:161} INFO - Started process (PID=6345) to work on /home/airflow/.local/lib/python3.12/site-packages/airflow/example_dags/example_nested_branch_dag.py
[2024-06-01T00:06:31.182+0000] {processor.py:830} INFO - Processing file /home/airflow/.local/lib/python3.12/site-packages/airflow/example_dags/example_nested_branch_dag.py for tasks to queue
[2024-06-01T00:06:31.185+0000] {logging_mixin.py:188} INFO - [2024-06-01T00:06:31.184+0000] {dagbag.py:545} INFO - Filling up the DagBag from /home/airflow/.local/lib/python3.12/site-packages/airflow/example_dags/example_nested_branch_dag.py
[2024-06-01T00:06:31.193+0000] {processor.py:840} INFO - DAG(s) 'example_nested_branch_dag' retrieved from /home/airflow/.local/lib/python3.12/site-packages/airflow/example_dags/example_nested_branch_dag.py
[2024-06-01T00:06:31.212+0000] {logging_mixin.py:188} INFO - [2024-06-01T00:06:31.212+0000] {dag.py:3096} INFO - Sync 1 DAGs
[2024-06-01T00:06:31.230+0000] {logging_mixin.py:188} INFO - [2024-06-01T00:06:31.229+0000] {dag.py:3954} INFO - Setting next_dagrun for example_nested_branch_dag to 2024-05-31 00:00:00+00:00, run_after=2024-06-01 00:00:00+00:00
[2024-06-01T00:06:31.247+0000] {processor.py:183} INFO - Processing /home/airflow/.local/lib/python3.12/site-packages/airflow/example_dags/example_nested_branch_dag.py took 0.071 seconds
[2024-06-01T00:07:02.530+0000] {processor.py:161} INFO - Started process (PID=6403) to work on /home/airflow/.local/lib/python3.12/site-packages/airflow/example_dags/example_nested_branch_dag.py
[2024-06-01T00:07:02.532+0000] {processor.py:830} INFO - Processing file /home/airflow/.local/lib/python3.12/site-packages/airflow/example_dags/example_nested_branch_dag.py for tasks to queue
[2024-06-01T00:07:02.534+0000] {logging_mixin.py:188} INFO - [2024-06-01T00:07:02.533+0000] {dagbag.py:545} INFO - Filling up the DagBag from /home/airflow/.local/lib/python3.12/site-packages/airflow/example_dags/example_nested_branch_dag.py
[2024-06-01T00:07:02.543+0000] {processor.py:840} INFO - DAG(s) 'example_nested_branch_dag' retrieved from /home/airflow/.local/lib/python3.12/site-packages/airflow/example_dags/example_nested_branch_dag.py
[2024-06-01T00:07:02.562+0000] {logging_mixin.py:188} INFO - [2024-06-01T00:07:02.562+0000] {dag.py:3096} INFO - Sync 1 DAGs
[2024-06-01T00:07:02.670+0000] {logging_mixin.py:188} INFO - [2024-06-01T00:07:02.669+0000] {dag.py:3954} INFO - Setting next_dagrun for example_nested_branch_dag to 2024-05-31 00:00:00+00:00, run_after=2024-06-01 00:00:00+00:00
[2024-06-01T00:07:02.683+0000] {processor.py:183} INFO - Processing /home/airflow/.local/lib/python3.12/site-packages/airflow/example_dags/example_nested_branch_dag.py took 0.159 seconds
[2024-06-01T00:07:33.711+0000] {processor.py:161} INFO - Started process (PID=6462) to work on /home/airflow/.local/lib/python3.12/site-packages/airflow/example_dags/example_nested_branch_dag.py
[2024-06-01T00:07:33.714+0000] {processor.py:830} INFO - Processing file /home/airflow/.local/lib/python3.12/site-packages/airflow/example_dags/example_nested_branch_dag.py for tasks to queue
[2024-06-01T00:07:33.716+0000] {logging_mixin.py:188} INFO - [2024-06-01T00:07:33.716+0000] {dagbag.py:545} INFO - Filling up the DagBag from /home/airflow/.local/lib/python3.12/site-packages/airflow/example_dags/example_nested_branch_dag.py
[2024-06-01T00:07:33.725+0000] {processor.py:840} INFO - DAG(s) 'example_nested_branch_dag' retrieved from /home/airflow/.local/lib/python3.12/site-packages/airflow/example_dags/example_nested_branch_dag.py
[2024-06-01T00:07:33.744+0000] {logging_mixin.py:188} INFO - [2024-06-01T00:07:33.743+0000] {dag.py:3096} INFO - Sync 1 DAGs
[2024-06-01T00:07:33.858+0000] {logging_mixin.py:188} INFO - [2024-06-01T00:07:33.858+0000] {dag.py:3954} INFO - Setting next_dagrun for example_nested_branch_dag to 2024-05-31 00:00:00+00:00, run_after=2024-06-01 00:00:00+00:00
[2024-06-01T00:07:33.876+0000] {processor.py:183} INFO - Processing /home/airflow/.local/lib/python3.12/site-packages/airflow/example_dags/example_nested_branch_dag.py took 0.170 seconds
[2024-06-01T00:08:04.054+0000] {processor.py:161} INFO - Started process (PID=6519) to work on /home/airflow/.local/lib/python3.12/site-packages/airflow/example_dags/example_nested_branch_dag.py
[2024-06-01T00:08:04.056+0000] {processor.py:830} INFO - Processing file /home/airflow/.local/lib/python3.12/site-packages/airflow/example_dags/example_nested_branch_dag.py for tasks to queue
[2024-06-01T00:08:04.059+0000] {logging_mixin.py:188} INFO - [2024-06-01T00:08:04.058+0000] {dagbag.py:545} INFO - Filling up the DagBag from /home/airflow/.local/lib/python3.12/site-packages/airflow/example_dags/example_nested_branch_dag.py
[2024-06-01T00:08:04.067+0000] {processor.py:840} INFO - DAG(s) 'example_nested_branch_dag' retrieved from /home/airflow/.local/lib/python3.12/site-packages/airflow/example_dags/example_nested_branch_dag.py
[2024-06-01T00:08:04.088+0000] {logging_mixin.py:188} INFO - [2024-06-01T00:08:04.088+0000] {dag.py:3096} INFO - Sync 1 DAGs
[2024-06-01T00:08:04.109+0000] {logging_mixin.py:188} INFO - [2024-06-01T00:08:04.108+0000] {dag.py:3954} INFO - Setting next_dagrun for example_nested_branch_dag to 2024-05-31 00:00:00+00:00, run_after=2024-06-01 00:00:00+00:00
[2024-06-01T00:08:04.230+0000] {processor.py:183} INFO - Processing /home/airflow/.local/lib/python3.12/site-packages/airflow/example_dags/example_nested_branch_dag.py took 0.181 seconds
[2024-06-01T00:08:35.066+0000] {processor.py:161} INFO - Started process (PID=6577) to work on /home/airflow/.local/lib/python3.12/site-packages/airflow/example_dags/example_nested_branch_dag.py
[2024-06-01T00:08:35.068+0000] {processor.py:830} INFO - Processing file /home/airflow/.local/lib/python3.12/site-packages/airflow/example_dags/example_nested_branch_dag.py for tasks to queue
[2024-06-01T00:08:35.071+0000] {logging_mixin.py:188} INFO - [2024-06-01T00:08:35.070+0000] {dagbag.py:545} INFO - Filling up the DagBag from /home/airflow/.local/lib/python3.12/site-packages/airflow/example_dags/example_nested_branch_dag.py
[2024-06-01T00:08:35.079+0000] {processor.py:840} INFO - DAG(s) 'example_nested_branch_dag' retrieved from /home/airflow/.local/lib/python3.12/site-packages/airflow/example_dags/example_nested_branch_dag.py
[2024-06-01T00:08:35.101+0000] {logging_mixin.py:188} INFO - [2024-06-01T00:08:35.101+0000] {dag.py:3096} INFO - Sync 1 DAGs
[2024-06-01T00:08:35.120+0000] {logging_mixin.py:188} INFO - [2024-06-01T00:08:35.120+0000] {dag.py:3954} INFO - Setting next_dagrun for example_nested_branch_dag to 2024-05-31 00:00:00+00:00, run_after=2024-06-01 00:00:00+00:00
[2024-06-01T00:08:35.141+0000] {processor.py:183} INFO - Processing /home/airflow/.local/lib/python3.12/site-packages/airflow/example_dags/example_nested_branch_dag.py took 0.080 seconds
[2024-06-01T00:09:05.870+0000] {processor.py:161} INFO - Started process (PID=6635) to work on /home/airflow/.local/lib/python3.12/site-packages/airflow/example_dags/example_nested_branch_dag.py
[2024-06-01T00:09:05.872+0000] {processor.py:830} INFO - Processing file /home/airflow/.local/lib/python3.12/site-packages/airflow/example_dags/example_nested_branch_dag.py for tasks to queue
[2024-06-01T00:09:05.875+0000] {logging_mixin.py:188} INFO - [2024-06-01T00:09:05.874+0000] {dagbag.py:545} INFO - Filling up the DagBag from /home/airflow/.local/lib/python3.12/site-packages/airflow/example_dags/example_nested_branch_dag.py
[2024-06-01T00:09:05.884+0000] {processor.py:840} INFO - DAG(s) 'example_nested_branch_dag' retrieved from /home/airflow/.local/lib/python3.12/site-packages/airflow/example_dags/example_nested_branch_dag.py
[2024-06-01T00:09:05.904+0000] {logging_mixin.py:188} INFO - [2024-06-01T00:09:05.904+0000] {dag.py:3096} INFO - Sync 1 DAGs
[2024-06-01T00:09:05.924+0000] {logging_mixin.py:188} INFO - [2024-06-01T00:09:05.924+0000] {dag.py:3954} INFO - Setting next_dagrun for example_nested_branch_dag to 2024-05-31 00:00:00+00:00, run_after=2024-06-01 00:00:00+00:00
[2024-06-01T00:09:05.945+0000] {processor.py:183} INFO - Processing /home/airflow/.local/lib/python3.12/site-packages/airflow/example_dags/example_nested_branch_dag.py took 0.080 seconds
[2024-06-01T00:09:36.468+0000] {processor.py:161} INFO - Started process (PID=6693) to work on /home/airflow/.local/lib/python3.12/site-packages/airflow/example_dags/example_nested_branch_dag.py
[2024-06-01T00:09:36.470+0000] {processor.py:830} INFO - Processing file /home/airflow/.local/lib/python3.12/site-packages/airflow/example_dags/example_nested_branch_dag.py for tasks to queue
[2024-06-01T00:09:36.473+0000] {logging_mixin.py:188} INFO - [2024-06-01T00:09:36.472+0000] {dagbag.py:545} INFO - Filling up the DagBag from /home/airflow/.local/lib/python3.12/site-packages/airflow/example_dags/example_nested_branch_dag.py
[2024-06-01T00:09:36.481+0000] {processor.py:840} INFO - DAG(s) 'example_nested_branch_dag' retrieved from /home/airflow/.local/lib/python3.12/site-packages/airflow/example_dags/example_nested_branch_dag.py
[2024-06-01T00:09:36.501+0000] {logging_mixin.py:188} INFO - [2024-06-01T00:09:36.501+0000] {dag.py:3096} INFO - Sync 1 DAGs
[2024-06-01T00:09:36.520+0000] {logging_mixin.py:188} INFO - [2024-06-01T00:09:36.519+0000] {dag.py:3954} INFO - Setting next_dagrun for example_nested_branch_dag to 2024-05-31 00:00:00+00:00, run_after=2024-06-01 00:00:00+00:00
[2024-06-01T00:09:36.539+0000] {processor.py:183} INFO - Processing /home/airflow/.local/lib/python3.12/site-packages/airflow/example_dags/example_nested_branch_dag.py took 0.075 seconds
[2024-06-01T00:10:07.097+0000] {processor.py:161} INFO - Started process (PID=6751) to work on /home/airflow/.local/lib/python3.12/site-packages/airflow/example_dags/example_nested_branch_dag.py
[2024-06-01T00:10:07.099+0000] {processor.py:830} INFO - Processing file /home/airflow/.local/lib/python3.12/site-packages/airflow/example_dags/example_nested_branch_dag.py for tasks to queue
[2024-06-01T00:10:07.102+0000] {logging_mixin.py:188} INFO - [2024-06-01T00:10:07.102+0000] {dagbag.py:545} INFO - Filling up the DagBag from /home/airflow/.local/lib/python3.12/site-packages/airflow/example_dags/example_nested_branch_dag.py
[2024-06-01T00:10:07.110+0000] {processor.py:840} INFO - DAG(s) 'example_nested_branch_dag' retrieved from /home/airflow/.local/lib/python3.12/site-packages/airflow/example_dags/example_nested_branch_dag.py
[2024-06-01T00:10:07.128+0000] {logging_mixin.py:188} INFO - [2024-06-01T00:10:07.128+0000] {dag.py:3096} INFO - Sync 1 DAGs
[2024-06-01T00:10:07.146+0000] {logging_mixin.py:188} INFO - [2024-06-01T00:10:07.146+0000] {dag.py:3954} INFO - Setting next_dagrun for example_nested_branch_dag to 2024-05-31 00:00:00+00:00, run_after=2024-06-01 00:00:00+00:00
[2024-06-01T00:10:07.162+0000] {processor.py:183} INFO - Processing /home/airflow/.local/lib/python3.12/site-packages/airflow/example_dags/example_nested_branch_dag.py took 0.070 seconds
[2024-06-01T00:10:37.312+0000] {processor.py:161} INFO - Started process (PID=6809) to work on /home/airflow/.local/lib/python3.12/site-packages/airflow/example_dags/example_nested_branch_dag.py
[2024-06-01T00:10:37.315+0000] {processor.py:830} INFO - Processing file /home/airflow/.local/lib/python3.12/site-packages/airflow/example_dags/example_nested_branch_dag.py for tasks to queue
[2024-06-01T00:10:37.317+0000] {logging_mixin.py:188} INFO - [2024-06-01T00:10:37.317+0000] {dagbag.py:545} INFO - Filling up the DagBag from /home/airflow/.local/lib/python3.12/site-packages/airflow/example_dags/example_nested_branch_dag.py
[2024-06-01T00:10:37.326+0000] {processor.py:840} INFO - DAG(s) 'example_nested_branch_dag' retrieved from /home/airflow/.local/lib/python3.12/site-packages/airflow/example_dags/example_nested_branch_dag.py
[2024-06-01T00:10:37.345+0000] {logging_mixin.py:188} INFO - [2024-06-01T00:10:37.345+0000] {dag.py:3096} INFO - Sync 1 DAGs
[2024-06-01T00:10:37.362+0000] {logging_mixin.py:188} INFO - [2024-06-01T00:10:37.362+0000] {dag.py:3954} INFO - Setting next_dagrun for example_nested_branch_dag to 2024-05-31 00:00:00+00:00, run_after=2024-06-01 00:00:00+00:00
[2024-06-01T00:10:37.381+0000] {processor.py:183} INFO - Processing /home/airflow/.local/lib/python3.12/site-packages/airflow/example_dags/example_nested_branch_dag.py took 0.074 seconds
[2024-06-01T00:11:07.535+0000] {processor.py:161} INFO - Started process (PID=6866) to work on /home/airflow/.local/lib/python3.12/site-packages/airflow/example_dags/example_nested_branch_dag.py
[2024-06-01T00:11:07.536+0000] {processor.py:830} INFO - Processing file /home/airflow/.local/lib/python3.12/site-packages/airflow/example_dags/example_nested_branch_dag.py for tasks to queue
[2024-06-01T00:11:07.538+0000] {logging_mixin.py:188} INFO - [2024-06-01T00:11:07.538+0000] {dagbag.py:545} INFO - Filling up the DagBag from /home/airflow/.local/lib/python3.12/site-packages/airflow/example_dags/example_nested_branch_dag.py
[2024-06-01T00:11:07.547+0000] {processor.py:840} INFO - DAG(s) 'example_nested_branch_dag' retrieved from /home/airflow/.local/lib/python3.12/site-packages/airflow/example_dags/example_nested_branch_dag.py
[2024-06-01T00:11:07.568+0000] {logging_mixin.py:188} INFO - [2024-06-01T00:11:07.568+0000] {dag.py:3096} INFO - Sync 1 DAGs
[2024-06-01T00:11:07.588+0000] {logging_mixin.py:188} INFO - [2024-06-01T00:11:07.588+0000] {dag.py:3954} INFO - Setting next_dagrun for example_nested_branch_dag to 2024-05-31 00:00:00+00:00, run_after=2024-06-01 00:00:00+00:00
[2024-06-01T00:11:07.604+0000] {processor.py:183} INFO - Processing /home/airflow/.local/lib/python3.12/site-packages/airflow/example_dags/example_nested_branch_dag.py took 0.075 seconds
[2024-06-01T00:11:37.777+0000] {processor.py:161} INFO - Started process (PID=6924) to work on /home/airflow/.local/lib/python3.12/site-packages/airflow/example_dags/example_nested_branch_dag.py
[2024-06-01T00:11:37.779+0000] {processor.py:830} INFO - Processing file /home/airflow/.local/lib/python3.12/site-packages/airflow/example_dags/example_nested_branch_dag.py for tasks to queue
[2024-06-01T00:11:37.781+0000] {logging_mixin.py:188} INFO - [2024-06-01T00:11:37.781+0000] {dagbag.py:545} INFO - Filling up the DagBag from /home/airflow/.local/lib/python3.12/site-packages/airflow/example_dags/example_nested_branch_dag.py
[2024-06-01T00:11:37.790+0000] {processor.py:840} INFO - DAG(s) 'example_nested_branch_dag' retrieved from /home/airflow/.local/lib/python3.12/site-packages/airflow/example_dags/example_nested_branch_dag.py
[2024-06-01T00:11:37.811+0000] {logging_mixin.py:188} INFO - [2024-06-01T00:11:37.811+0000] {dag.py:3096} INFO - Sync 1 DAGs
[2024-06-01T00:11:37.832+0000] {logging_mixin.py:188} INFO - [2024-06-01T00:11:37.832+0000] {dag.py:3954} INFO - Setting next_dagrun for example_nested_branch_dag to 2024-05-31 00:00:00+00:00, run_after=2024-06-01 00:00:00+00:00
[2024-06-01T00:11:37.851+0000] {processor.py:183} INFO - Processing /home/airflow/.local/lib/python3.12/site-packages/airflow/example_dags/example_nested_branch_dag.py took 0.078 seconds
[2024-06-01T00:12:08.021+0000] {processor.py:161} INFO - Started process (PID=6981) to work on /home/airflow/.local/lib/python3.12/site-packages/airflow/example_dags/example_nested_branch_dag.py
[2024-06-01T00:12:08.023+0000] {processor.py:830} INFO - Processing file /home/airflow/.local/lib/python3.12/site-packages/airflow/example_dags/example_nested_branch_dag.py for tasks to queue
[2024-06-01T00:12:08.026+0000] {logging_mixin.py:188} INFO - [2024-06-01T00:12:08.026+0000] {dagbag.py:545} INFO - Filling up the DagBag from /home/airflow/.local/lib/python3.12/site-packages/airflow/example_dags/example_nested_branch_dag.py
[2024-06-01T00:12:08.034+0000] {processor.py:840} INFO - DAG(s) 'example_nested_branch_dag' retrieved from /home/airflow/.local/lib/python3.12/site-packages/airflow/example_dags/example_nested_branch_dag.py
[2024-06-01T00:12:08.053+0000] {logging_mixin.py:188} INFO - [2024-06-01T00:12:08.052+0000] {dag.py:3096} INFO - Sync 1 DAGs
[2024-06-01T00:12:08.070+0000] {logging_mixin.py:188} INFO - [2024-06-01T00:12:08.070+0000] {dag.py:3954} INFO - Setting next_dagrun for example_nested_branch_dag to 2024-05-31 00:00:00+00:00, run_after=2024-06-01 00:00:00+00:00
[2024-06-01T00:12:08.089+0000] {processor.py:183} INFO - Processing /home/airflow/.local/lib/python3.12/site-packages/airflow/example_dags/example_nested_branch_dag.py took 0.073 seconds
[2024-06-01T00:12:38.791+0000] {processor.py:161} INFO - Started process (PID=7040) to work on /home/airflow/.local/lib/python3.12/site-packages/airflow/example_dags/example_nested_branch_dag.py
[2024-06-01T00:12:38.793+0000] {processor.py:830} INFO - Processing file /home/airflow/.local/lib/python3.12/site-packages/airflow/example_dags/example_nested_branch_dag.py for tasks to queue
[2024-06-01T00:12:38.795+0000] {logging_mixin.py:188} INFO - [2024-06-01T00:12:38.795+0000] {dagbag.py:545} INFO - Filling up the DagBag from /home/airflow/.local/lib/python3.12/site-packages/airflow/example_dags/example_nested_branch_dag.py
[2024-06-01T00:12:38.805+0000] {processor.py:840} INFO - DAG(s) 'example_nested_branch_dag' retrieved from /home/airflow/.local/lib/python3.12/site-packages/airflow/example_dags/example_nested_branch_dag.py
[2024-06-01T00:12:38.823+0000] {logging_mixin.py:188} INFO - [2024-06-01T00:12:38.823+0000] {dag.py:3096} INFO - Sync 1 DAGs
[2024-06-01T00:12:38.841+0000] {logging_mixin.py:188} INFO - [2024-06-01T00:12:38.841+0000] {dag.py:3954} INFO - Setting next_dagrun for example_nested_branch_dag to 2024-05-31 00:00:00+00:00, run_after=2024-06-01 00:00:00+00:00
[2024-06-01T00:12:38.860+0000] {processor.py:183} INFO - Processing /home/airflow/.local/lib/python3.12/site-packages/airflow/example_dags/example_nested_branch_dag.py took 0.075 seconds
[2024-06-01T00:13:09.291+0000] {processor.py:161} INFO - Started process (PID=7098) to work on /home/airflow/.local/lib/python3.12/site-packages/airflow/example_dags/example_nested_branch_dag.py
[2024-06-01T00:13:09.293+0000] {processor.py:830} INFO - Processing file /home/airflow/.local/lib/python3.12/site-packages/airflow/example_dags/example_nested_branch_dag.py for tasks to queue
[2024-06-01T00:13:09.295+0000] {logging_mixin.py:188} INFO - [2024-06-01T00:13:09.295+0000] {dagbag.py:545} INFO - Filling up the DagBag from /home/airflow/.local/lib/python3.12/site-packages/airflow/example_dags/example_nested_branch_dag.py
[2024-06-01T00:13:09.303+0000] {processor.py:840} INFO - DAG(s) 'example_nested_branch_dag' retrieved from /home/airflow/.local/lib/python3.12/site-packages/airflow/example_dags/example_nested_branch_dag.py
[2024-06-01T00:13:09.323+0000] {logging_mixin.py:188} INFO - [2024-06-01T00:13:09.323+0000] {dag.py:3096} INFO - Sync 1 DAGs
[2024-06-01T00:13:09.341+0000] {logging_mixin.py:188} INFO - [2024-06-01T00:13:09.341+0000] {dag.py:3954} INFO - Setting next_dagrun for example_nested_branch_dag to 2024-05-31 00:00:00+00:00, run_after=2024-06-01 00:00:00+00:00
[2024-06-01T00:13:09.358+0000] {processor.py:183} INFO - Processing /home/airflow/.local/lib/python3.12/site-packages/airflow/example_dags/example_nested_branch_dag.py took 0.072 seconds
[2024-06-01T00:13:39.624+0000] {processor.py:161} INFO - Started process (PID=7156) to work on /home/airflow/.local/lib/python3.12/site-packages/airflow/example_dags/example_nested_branch_dag.py
[2024-06-01T00:13:39.625+0000] {processor.py:830} INFO - Processing file /home/airflow/.local/lib/python3.12/site-packages/airflow/example_dags/example_nested_branch_dag.py for tasks to queue
[2024-06-01T00:13:39.628+0000] {logging_mixin.py:188} INFO - [2024-06-01T00:13:39.628+0000] {dagbag.py:545} INFO - Filling up the DagBag from /home/airflow/.local/lib/python3.12/site-packages/airflow/example_dags/example_nested_branch_dag.py
[2024-06-01T00:13:39.637+0000] {processor.py:840} INFO - DAG(s) 'example_nested_branch_dag' retrieved from /home/airflow/.local/lib/python3.12/site-packages/airflow/example_dags/example_nested_branch_dag.py
[2024-06-01T00:13:39.655+0000] {logging_mixin.py:188} INFO - [2024-06-01T00:13:39.654+0000] {dag.py:3096} INFO - Sync 1 DAGs
[2024-06-01T00:13:39.672+0000] {logging_mixin.py:188} INFO - [2024-06-01T00:13:39.672+0000] {dag.py:3954} INFO - Setting next_dagrun for example_nested_branch_dag to 2024-05-31 00:00:00+00:00, run_after=2024-06-01 00:00:00+00:00
[2024-06-01T00:13:39.688+0000] {processor.py:183} INFO - Processing /home/airflow/.local/lib/python3.12/site-packages/airflow/example_dags/example_nested_branch_dag.py took 0.069 seconds
[2024-06-01T00:14:10.422+0000] {processor.py:161} INFO - Started process (PID=7214) to work on /home/airflow/.local/lib/python3.12/site-packages/airflow/example_dags/example_nested_branch_dag.py
[2024-06-01T00:14:10.424+0000] {processor.py:830} INFO - Processing file /home/airflow/.local/lib/python3.12/site-packages/airflow/example_dags/example_nested_branch_dag.py for tasks to queue
[2024-06-01T00:14:10.426+0000] {logging_mixin.py:188} INFO - [2024-06-01T00:14:10.425+0000] {dagbag.py:545} INFO - Filling up the DagBag from /home/airflow/.local/lib/python3.12/site-packages/airflow/example_dags/example_nested_branch_dag.py
[2024-06-01T00:14:10.435+0000] {processor.py:840} INFO - DAG(s) 'example_nested_branch_dag' retrieved from /home/airflow/.local/lib/python3.12/site-packages/airflow/example_dags/example_nested_branch_dag.py
[2024-06-01T00:14:10.456+0000] {logging_mixin.py:188} INFO - [2024-06-01T00:14:10.455+0000] {dag.py:3096} INFO - Sync 1 DAGs
[2024-06-01T00:14:10.477+0000] {logging_mixin.py:188} INFO - [2024-06-01T00:14:10.477+0000] {dag.py:3954} INFO - Setting next_dagrun for example_nested_branch_dag to 2024-05-31 00:00:00+00:00, run_after=2024-06-01 00:00:00+00:00
[2024-06-01T00:14:10.496+0000] {processor.py:183} INFO - Processing /home/airflow/.local/lib/python3.12/site-packages/airflow/example_dags/example_nested_branch_dag.py took 0.079 seconds
[2024-06-01T00:14:41.092+0000] {processor.py:161} INFO - Started process (PID=7272) to work on /home/airflow/.local/lib/python3.12/site-packages/airflow/example_dags/example_nested_branch_dag.py
[2024-06-01T00:14:41.094+0000] {processor.py:830} INFO - Processing file /home/airflow/.local/lib/python3.12/site-packages/airflow/example_dags/example_nested_branch_dag.py for tasks to queue
[2024-06-01T00:14:41.097+0000] {logging_mixin.py:188} INFO - [2024-06-01T00:14:41.097+0000] {dagbag.py:545} INFO - Filling up the DagBag from /home/airflow/.local/lib/python3.12/site-packages/airflow/example_dags/example_nested_branch_dag.py
[2024-06-01T00:14:41.106+0000] {processor.py:840} INFO - DAG(s) 'example_nested_branch_dag' retrieved from /home/airflow/.local/lib/python3.12/site-packages/airflow/example_dags/example_nested_branch_dag.py
[2024-06-01T00:14:41.125+0000] {logging_mixin.py:188} INFO - [2024-06-01T00:14:41.124+0000] {dag.py:3096} INFO - Sync 1 DAGs
[2024-06-01T00:14:41.143+0000] {logging_mixin.py:188} INFO - [2024-06-01T00:14:41.143+0000] {dag.py:3954} INFO - Setting next_dagrun for example_nested_branch_dag to 2024-05-31 00:00:00+00:00, run_after=2024-06-01 00:00:00+00:00
[2024-06-01T00:14:41.160+0000] {processor.py:183} INFO - Processing /home/airflow/.local/lib/python3.12/site-packages/airflow/example_dags/example_nested_branch_dag.py took 0.073 seconds
[2024-06-01T00:15:11.725+0000] {processor.py:161} INFO - Started process (PID=7330) to work on /home/airflow/.local/lib/python3.12/site-packages/airflow/example_dags/example_nested_branch_dag.py
[2024-06-01T00:15:11.727+0000] {processor.py:830} INFO - Processing file /home/airflow/.local/lib/python3.12/site-packages/airflow/example_dags/example_nested_branch_dag.py for tasks to queue
[2024-06-01T00:15:11.730+0000] {logging_mixin.py:188} INFO - [2024-06-01T00:15:11.730+0000] {dagbag.py:545} INFO - Filling up the DagBag from /home/airflow/.local/lib/python3.12/site-packages/airflow/example_dags/example_nested_branch_dag.py
[2024-06-01T00:15:11.739+0000] {processor.py:840} INFO - DAG(s) 'example_nested_branch_dag' retrieved from /home/airflow/.local/lib/python3.12/site-packages/airflow/example_dags/example_nested_branch_dag.py
[2024-06-01T00:15:11.758+0000] {logging_mixin.py:188} INFO - [2024-06-01T00:15:11.757+0000] {dag.py:3096} INFO - Sync 1 DAGs
[2024-06-01T00:15:11.776+0000] {logging_mixin.py:188} INFO - [2024-06-01T00:15:11.776+0000] {dag.py:3954} INFO - Setting next_dagrun for example_nested_branch_dag to 2024-05-31 00:00:00+00:00, run_after=2024-06-01 00:00:00+00:00
[2024-06-01T00:15:11.793+0000] {processor.py:183} INFO - Processing /home/airflow/.local/lib/python3.12/site-packages/airflow/example_dags/example_nested_branch_dag.py took 0.073 seconds
[2024-06-01T00:15:42.275+0000] {processor.py:161} INFO - Started process (PID=7388) to work on /home/airflow/.local/lib/python3.12/site-packages/airflow/example_dags/example_nested_branch_dag.py
[2024-06-01T00:15:42.277+0000] {processor.py:830} INFO - Processing file /home/airflow/.local/lib/python3.12/site-packages/airflow/example_dags/example_nested_branch_dag.py for tasks to queue
[2024-06-01T00:15:42.280+0000] {logging_mixin.py:188} INFO - [2024-06-01T00:15:42.279+0000] {dagbag.py:545} INFO - Filling up the DagBag from /home/airflow/.local/lib/python3.12/site-packages/airflow/example_dags/example_nested_branch_dag.py
[2024-06-01T00:15:42.289+0000] {processor.py:840} INFO - DAG(s) 'example_nested_branch_dag' retrieved from /home/airflow/.local/lib/python3.12/site-packages/airflow/example_dags/example_nested_branch_dag.py
[2024-06-01T00:15:42.308+0000] {logging_mixin.py:188} INFO - [2024-06-01T00:15:42.307+0000] {dag.py:3096} INFO - Sync 1 DAGs
[2024-06-01T00:15:42.327+0000] {logging_mixin.py:188} INFO - [2024-06-01T00:15:42.327+0000] {dag.py:3954} INFO - Setting next_dagrun for example_nested_branch_dag to 2024-05-31 00:00:00+00:00, run_after=2024-06-01 00:00:00+00:00
[2024-06-01T00:15:42.343+0000] {processor.py:183} INFO - Processing /home/airflow/.local/lib/python3.12/site-packages/airflow/example_dags/example_nested_branch_dag.py took 0.073 seconds
[2024-06-01T00:16:12.517+0000] {processor.py:161} INFO - Started process (PID=7446) to work on /home/airflow/.local/lib/python3.12/site-packages/airflow/example_dags/example_nested_branch_dag.py
[2024-06-01T00:16:12.518+0000] {processor.py:830} INFO - Processing file /home/airflow/.local/lib/python3.12/site-packages/airflow/example_dags/example_nested_branch_dag.py for tasks to queue
[2024-06-01T00:16:12.520+0000] {logging_mixin.py:188} INFO - [2024-06-01T00:16:12.520+0000] {dagbag.py:545} INFO - Filling up the DagBag from /home/airflow/.local/lib/python3.12/site-packages/airflow/example_dags/example_nested_branch_dag.py
[2024-06-01T00:16:12.529+0000] {processor.py:840} INFO - DAG(s) 'example_nested_branch_dag' retrieved from /home/airflow/.local/lib/python3.12/site-packages/airflow/example_dags/example_nested_branch_dag.py
[2024-06-01T00:16:12.548+0000] {logging_mixin.py:188} INFO - [2024-06-01T00:16:12.548+0000] {dag.py:3096} INFO - Sync 1 DAGs
[2024-06-01T00:16:12.566+0000] {logging_mixin.py:188} INFO - [2024-06-01T00:16:12.566+0000] {dag.py:3954} INFO - Setting next_dagrun for example_nested_branch_dag to 2024-05-31 00:00:00+00:00, run_after=2024-06-01 00:00:00+00:00
[2024-06-01T00:16:12.584+0000] {processor.py:183} INFO - Processing /home/airflow/.local/lib/python3.12/site-packages/airflow/example_dags/example_nested_branch_dag.py took 0.072 seconds
[2024-06-01T00:16:43.308+0000] {processor.py:161} INFO - Started process (PID=7504) to work on /home/airflow/.local/lib/python3.12/site-packages/airflow/example_dags/example_nested_branch_dag.py
[2024-06-01T00:16:43.310+0000] {processor.py:830} INFO - Processing file /home/airflow/.local/lib/python3.12/site-packages/airflow/example_dags/example_nested_branch_dag.py for tasks to queue
[2024-06-01T00:16:43.311+0000] {logging_mixin.py:188} INFO - [2024-06-01T00:16:43.311+0000] {dagbag.py:545} INFO - Filling up the DagBag from /home/airflow/.local/lib/python3.12/site-packages/airflow/example_dags/example_nested_branch_dag.py
[2024-06-01T00:16:43.319+0000] {processor.py:840} INFO - DAG(s) 'example_nested_branch_dag' retrieved from /home/airflow/.local/lib/python3.12/site-packages/airflow/example_dags/example_nested_branch_dag.py
[2024-06-01T00:16:43.339+0000] {logging_mixin.py:188} INFO - [2024-06-01T00:16:43.339+0000] {dag.py:3096} INFO - Sync 1 DAGs
[2024-06-01T00:16:43.358+0000] {logging_mixin.py:188} INFO - [2024-06-01T00:16:43.358+0000] {dag.py:3954} INFO - Setting next_dagrun for example_nested_branch_dag to 2024-05-31 00:00:00+00:00, run_after=2024-06-01 00:00:00+00:00
[2024-06-01T00:16:43.376+0000] {processor.py:183} INFO - Processing /home/airflow/.local/lib/python3.12/site-packages/airflow/example_dags/example_nested_branch_dag.py took 0.073 seconds
[2024-06-01T00:17:13.649+0000] {processor.py:161} INFO - Started process (PID=7562) to work on /home/airflow/.local/lib/python3.12/site-packages/airflow/example_dags/example_nested_branch_dag.py
[2024-06-01T00:17:13.651+0000] {processor.py:830} INFO - Processing file /home/airflow/.local/lib/python3.12/site-packages/airflow/example_dags/example_nested_branch_dag.py for tasks to queue
[2024-06-01T00:17:13.654+0000] {logging_mixin.py:188} INFO - [2024-06-01T00:17:13.654+0000] {dagbag.py:545} INFO - Filling up the DagBag from /home/airflow/.local/lib/python3.12/site-packages/airflow/example_dags/example_nested_branch_dag.py
[2024-06-01T00:17:13.663+0000] {processor.py:840} INFO - DAG(s) 'example_nested_branch_dag' retrieved from /home/airflow/.local/lib/python3.12/site-packages/airflow/example_dags/example_nested_branch_dag.py
[2024-06-01T00:17:13.680+0000] {logging_mixin.py:188} INFO - [2024-06-01T00:17:13.680+0000] {dag.py:3096} INFO - Sync 1 DAGs
[2024-06-01T00:17:13.698+0000] {logging_mixin.py:188} INFO - [2024-06-01T00:17:13.698+0000] {dag.py:3954} INFO - Setting next_dagrun for example_nested_branch_dag to 2024-05-31 00:00:00+00:00, run_after=2024-06-01 00:00:00+00:00
[2024-06-01T00:17:13.714+0000] {processor.py:183} INFO - Processing /home/airflow/.local/lib/python3.12/site-packages/airflow/example_dags/example_nested_branch_dag.py took 0.070 seconds
[2024-06-01T00:17:43.823+0000] {processor.py:161} INFO - Started process (PID=7620) to work on /home/airflow/.local/lib/python3.12/site-packages/airflow/example_dags/example_nested_branch_dag.py
[2024-06-01T00:17:43.824+0000] {processor.py:830} INFO - Processing file /home/airflow/.local/lib/python3.12/site-packages/airflow/example_dags/example_nested_branch_dag.py for tasks to queue
[2024-06-01T00:17:43.827+0000] {logging_mixin.py:188} INFO - [2024-06-01T00:17:43.827+0000] {dagbag.py:545} INFO - Filling up the DagBag from /home/airflow/.local/lib/python3.12/site-packages/airflow/example_dags/example_nested_branch_dag.py
[2024-06-01T00:17:43.835+0000] {processor.py:840} INFO - DAG(s) 'example_nested_branch_dag' retrieved from /home/airflow/.local/lib/python3.12/site-packages/airflow/example_dags/example_nested_branch_dag.py
[2024-06-01T00:17:43.855+0000] {logging_mixin.py:188} INFO - [2024-06-01T00:17:43.855+0000] {dag.py:3096} INFO - Sync 1 DAGs
[2024-06-01T00:17:43.873+0000] {logging_mixin.py:188} INFO - [2024-06-01T00:17:43.873+0000] {dag.py:3954} INFO - Setting next_dagrun for example_nested_branch_dag to 2024-05-31 00:00:00+00:00, run_after=2024-06-01 00:00:00+00:00
[2024-06-01T00:17:43.890+0000] {processor.py:183} INFO - Processing /home/airflow/.local/lib/python3.12/site-packages/airflow/example_dags/example_nested_branch_dag.py took 0.072 seconds
[2024-06-01T00:18:14.398+0000] {processor.py:161} INFO - Started process (PID=7678) to work on /home/airflow/.local/lib/python3.12/site-packages/airflow/example_dags/example_nested_branch_dag.py
[2024-06-01T00:18:14.400+0000] {processor.py:830} INFO - Processing file /home/airflow/.local/lib/python3.12/site-packages/airflow/example_dags/example_nested_branch_dag.py for tasks to queue
[2024-06-01T00:18:14.403+0000] {logging_mixin.py:188} INFO - [2024-06-01T00:18:14.402+0000] {dagbag.py:545} INFO - Filling up the DagBag from /home/airflow/.local/lib/python3.12/site-packages/airflow/example_dags/example_nested_branch_dag.py
[2024-06-01T00:18:14.411+0000] {processor.py:840} INFO - DAG(s) 'example_nested_branch_dag' retrieved from /home/airflow/.local/lib/python3.12/site-packages/airflow/example_dags/example_nested_branch_dag.py
[2024-06-01T00:18:14.430+0000] {logging_mixin.py:188} INFO - [2024-06-01T00:18:14.430+0000] {dag.py:3096} INFO - Sync 1 DAGs
[2024-06-01T00:18:14.448+0000] {logging_mixin.py:188} INFO - [2024-06-01T00:18:14.448+0000] {dag.py:3954} INFO - Setting next_dagrun for example_nested_branch_dag to 2024-05-31 00:00:00+00:00, run_after=2024-06-01 00:00:00+00:00
[2024-06-01T00:18:14.466+0000] {processor.py:183} INFO - Processing /home/airflow/.local/lib/python3.12/site-packages/airflow/example_dags/example_nested_branch_dag.py took 0.072 seconds
[2024-06-01T00:18:45.041+0000] {processor.py:161} INFO - Started process (PID=7742) to work on /home/airflow/.local/lib/python3.12/site-packages/airflow/example_dags/example_nested_branch_dag.py
[2024-06-01T00:18:45.043+0000] {processor.py:830} INFO - Processing file /home/airflow/.local/lib/python3.12/site-packages/airflow/example_dags/example_nested_branch_dag.py for tasks to queue
[2024-06-01T00:18:45.045+0000] {logging_mixin.py:188} INFO - [2024-06-01T00:18:45.045+0000] {dagbag.py:545} INFO - Filling up the DagBag from /home/airflow/.local/lib/python3.12/site-packages/airflow/example_dags/example_nested_branch_dag.py
[2024-06-01T00:18:45.054+0000] {processor.py:840} INFO - DAG(s) 'example_nested_branch_dag' retrieved from /home/airflow/.local/lib/python3.12/site-packages/airflow/example_dags/example_nested_branch_dag.py
[2024-06-01T00:18:45.072+0000] {logging_mixin.py:188} INFO - [2024-06-01T00:18:45.072+0000] {dag.py:3096} INFO - Sync 1 DAGs
[2024-06-01T00:18:45.090+0000] {logging_mixin.py:188} INFO - [2024-06-01T00:18:45.090+0000] {dag.py:3954} INFO - Setting next_dagrun for example_nested_branch_dag to 2024-05-31 00:00:00+00:00, run_after=2024-06-01 00:00:00+00:00
[2024-06-01T00:18:45.107+0000] {processor.py:183} INFO - Processing /home/airflow/.local/lib/python3.12/site-packages/airflow/example_dags/example_nested_branch_dag.py took 0.071 seconds
[2024-06-01T00:19:15.570+0000] {processor.py:161} INFO - Started process (PID=7800) to work on /home/airflow/.local/lib/python3.12/site-packages/airflow/example_dags/example_nested_branch_dag.py
[2024-06-01T00:19:15.571+0000] {processor.py:830} INFO - Processing file /home/airflow/.local/lib/python3.12/site-packages/airflow/example_dags/example_nested_branch_dag.py for tasks to queue
[2024-06-01T00:19:15.573+0000] {logging_mixin.py:188} INFO - [2024-06-01T00:19:15.573+0000] {dagbag.py:545} INFO - Filling up the DagBag from /home/airflow/.local/lib/python3.12/site-packages/airflow/example_dags/example_nested_branch_dag.py
[2024-06-01T00:19:15.582+0000] {processor.py:840} INFO - DAG(s) 'example_nested_branch_dag' retrieved from /home/airflow/.local/lib/python3.12/site-packages/airflow/example_dags/example_nested_branch_dag.py
[2024-06-01T00:19:15.602+0000] {logging_mixin.py:188} INFO - [2024-06-01T00:19:15.602+0000] {dag.py:3096} INFO - Sync 1 DAGs
[2024-06-01T00:19:15.621+0000] {logging_mixin.py:188} INFO - [2024-06-01T00:19:15.621+0000] {dag.py:3954} INFO - Setting next_dagrun for example_nested_branch_dag to 2024-05-31 00:00:00+00:00, run_after=2024-06-01 00:00:00+00:00
[2024-06-01T00:19:15.639+0000] {processor.py:183} INFO - Processing /home/airflow/.local/lib/python3.12/site-packages/airflow/example_dags/example_nested_branch_dag.py took 0.073 seconds
[2024-06-01T00:19:45.884+0000] {processor.py:161} INFO - Started process (PID=7858) to work on /home/airflow/.local/lib/python3.12/site-packages/airflow/example_dags/example_nested_branch_dag.py
[2024-06-01T00:19:45.887+0000] {processor.py:830} INFO - Processing file /home/airflow/.local/lib/python3.12/site-packages/airflow/example_dags/example_nested_branch_dag.py for tasks to queue
[2024-06-01T00:19:45.890+0000] {logging_mixin.py:188} INFO - [2024-06-01T00:19:45.889+0000] {dagbag.py:545} INFO - Filling up the DagBag from /home/airflow/.local/lib/python3.12/site-packages/airflow/example_dags/example_nested_branch_dag.py
[2024-06-01T00:19:45.899+0000] {processor.py:840} INFO - DAG(s) 'example_nested_branch_dag' retrieved from /home/airflow/.local/lib/python3.12/site-packages/airflow/example_dags/example_nested_branch_dag.py
[2024-06-01T00:19:45.919+0000] {logging_mixin.py:188} INFO - [2024-06-01T00:19:45.919+0000] {dag.py:3096} INFO - Sync 1 DAGs
[2024-06-01T00:19:45.939+0000] {logging_mixin.py:188} INFO - [2024-06-01T00:19:45.939+0000] {dag.py:3954} INFO - Setting next_dagrun for example_nested_branch_dag to 2024-05-31 00:00:00+00:00, run_after=2024-06-01 00:00:00+00:00
[2024-06-01T00:19:45.956+0000] {processor.py:183} INFO - Processing /home/airflow/.local/lib/python3.12/site-packages/airflow/example_dags/example_nested_branch_dag.py took 0.077 seconds
[2024-06-01T00:20:16.386+0000] {processor.py:161} INFO - Started process (PID=7916) to work on /home/airflow/.local/lib/python3.12/site-packages/airflow/example_dags/example_nested_branch_dag.py
[2024-06-01T00:20:16.388+0000] {processor.py:830} INFO - Processing file /home/airflow/.local/lib/python3.12/site-packages/airflow/example_dags/example_nested_branch_dag.py for tasks to queue
[2024-06-01T00:20:16.391+0000] {logging_mixin.py:188} INFO - [2024-06-01T00:20:16.391+0000] {dagbag.py:545} INFO - Filling up the DagBag from /home/airflow/.local/lib/python3.12/site-packages/airflow/example_dags/example_nested_branch_dag.py
[2024-06-01T00:20:16.400+0000] {processor.py:840} INFO - DAG(s) 'example_nested_branch_dag' retrieved from /home/airflow/.local/lib/python3.12/site-packages/airflow/example_dags/example_nested_branch_dag.py
[2024-06-01T00:20:16.417+0000] {logging_mixin.py:188} INFO - [2024-06-01T00:20:16.417+0000] {dag.py:3096} INFO - Sync 1 DAGs
[2024-06-01T00:20:16.435+0000] {logging_mixin.py:188} INFO - [2024-06-01T00:20:16.434+0000] {dag.py:3954} INFO - Setting next_dagrun for example_nested_branch_dag to 2024-05-31 00:00:00+00:00, run_after=2024-06-01 00:00:00+00:00
[2024-06-01T00:20:16.451+0000] {processor.py:183} INFO - Processing /home/airflow/.local/lib/python3.12/site-packages/airflow/example_dags/example_nested_branch_dag.py took 0.070 seconds
[2024-06-01T00:20:46.861+0000] {processor.py:161} INFO - Started process (PID=7974) to work on /home/airflow/.local/lib/python3.12/site-packages/airflow/example_dags/example_nested_branch_dag.py
[2024-06-01T00:20:46.863+0000] {processor.py:830} INFO - Processing file /home/airflow/.local/lib/python3.12/site-packages/airflow/example_dags/example_nested_branch_dag.py for tasks to queue
[2024-06-01T00:20:46.866+0000] {logging_mixin.py:188} INFO - [2024-06-01T00:20:46.866+0000] {dagbag.py:545} INFO - Filling up the DagBag from /home/airflow/.local/lib/python3.12/site-packages/airflow/example_dags/example_nested_branch_dag.py
[2024-06-01T00:20:46.875+0000] {processor.py:840} INFO - DAG(s) 'example_nested_branch_dag' retrieved from /home/airflow/.local/lib/python3.12/site-packages/airflow/example_dags/example_nested_branch_dag.py
[2024-06-01T00:20:46.893+0000] {logging_mixin.py:188} INFO - [2024-06-01T00:20:46.893+0000] {dag.py:3096} INFO - Sync 1 DAGs
[2024-06-01T00:20:46.913+0000] {logging_mixin.py:188} INFO - [2024-06-01T00:20:46.912+0000] {dag.py:3954} INFO - Setting next_dagrun for example_nested_branch_dag to 2024-05-31 00:00:00+00:00, run_after=2024-06-01 00:00:00+00:00
[2024-06-01T00:20:46.930+0000] {processor.py:183} INFO - Processing /home/airflow/.local/lib/python3.12/site-packages/airflow/example_dags/example_nested_branch_dag.py took 0.073 seconds
[2024-06-01T00:21:17.361+0000] {processor.py:161} INFO - Started process (PID=8032) to work on /home/airflow/.local/lib/python3.12/site-packages/airflow/example_dags/example_nested_branch_dag.py
[2024-06-01T00:21:17.362+0000] {processor.py:830} INFO - Processing file /home/airflow/.local/lib/python3.12/site-packages/airflow/example_dags/example_nested_branch_dag.py for tasks to queue
[2024-06-01T00:21:17.365+0000] {logging_mixin.py:188} INFO - [2024-06-01T00:21:17.364+0000] {dagbag.py:545} INFO - Filling up the DagBag from /home/airflow/.local/lib/python3.12/site-packages/airflow/example_dags/example_nested_branch_dag.py
[2024-06-01T00:21:17.375+0000] {processor.py:840} INFO - DAG(s) 'example_nested_branch_dag' retrieved from /home/airflow/.local/lib/python3.12/site-packages/airflow/example_dags/example_nested_branch_dag.py
[2024-06-01T00:21:17.397+0000] {logging_mixin.py:188} INFO - [2024-06-01T00:21:17.397+0000] {dag.py:3096} INFO - Sync 1 DAGs
[2024-06-01T00:21:17.420+0000] {logging_mixin.py:188} INFO - [2024-06-01T00:21:17.420+0000] {dag.py:3954} INFO - Setting next_dagrun for example_nested_branch_dag to 2024-05-31 00:00:00+00:00, run_after=2024-06-01 00:00:00+00:00
[2024-06-01T00:21:17.439+0000] {processor.py:183} INFO - Processing /home/airflow/.local/lib/python3.12/site-packages/airflow/example_dags/example_nested_branch_dag.py took 0.084 seconds
[2024-06-01T00:21:47.929+0000] {processor.py:161} INFO - Started process (PID=8090) to work on /home/airflow/.local/lib/python3.12/site-packages/airflow/example_dags/example_nested_branch_dag.py
[2024-06-01T00:21:47.932+0000] {processor.py:830} INFO - Processing file /home/airflow/.local/lib/python3.12/site-packages/airflow/example_dags/example_nested_branch_dag.py for tasks to queue
[2024-06-01T00:21:47.935+0000] {logging_mixin.py:188} INFO - [2024-06-01T00:21:47.934+0000] {dagbag.py:545} INFO - Filling up the DagBag from /home/airflow/.local/lib/python3.12/site-packages/airflow/example_dags/example_nested_branch_dag.py
[2024-06-01T00:21:47.946+0000] {processor.py:840} INFO - DAG(s) 'example_nested_branch_dag' retrieved from /home/airflow/.local/lib/python3.12/site-packages/airflow/example_dags/example_nested_branch_dag.py
[2024-06-01T00:21:47.968+0000] {logging_mixin.py:188} INFO - [2024-06-01T00:21:47.968+0000] {dag.py:3096} INFO - Sync 1 DAGs
[2024-06-01T00:21:47.991+0000] {logging_mixin.py:188} INFO - [2024-06-01T00:21:47.991+0000] {dag.py:3954} INFO - Setting next_dagrun for example_nested_branch_dag to 2024-05-31 00:00:00+00:00, run_after=2024-06-01 00:00:00+00:00
[2024-06-01T00:21:48.007+0000] {processor.py:183} INFO - Processing /home/airflow/.local/lib/python3.12/site-packages/airflow/example_dags/example_nested_branch_dag.py took 0.085 seconds
[2024-06-01T00:22:18.678+0000] {processor.py:161} INFO - Started process (PID=8148) to work on /home/airflow/.local/lib/python3.12/site-packages/airflow/example_dags/example_nested_branch_dag.py
[2024-06-01T00:22:18.680+0000] {processor.py:830} INFO - Processing file /home/airflow/.local/lib/python3.12/site-packages/airflow/example_dags/example_nested_branch_dag.py for tasks to queue
[2024-06-01T00:22:18.683+0000] {logging_mixin.py:188} INFO - [2024-06-01T00:22:18.683+0000] {dagbag.py:545} INFO - Filling up the DagBag from /home/airflow/.local/lib/python3.12/site-packages/airflow/example_dags/example_nested_branch_dag.py
[2024-06-01T00:22:18.691+0000] {processor.py:840} INFO - DAG(s) 'example_nested_branch_dag' retrieved from /home/airflow/.local/lib/python3.12/site-packages/airflow/example_dags/example_nested_branch_dag.py
[2024-06-01T00:22:18.711+0000] {logging_mixin.py:188} INFO - [2024-06-01T00:22:18.710+0000] {dag.py:3096} INFO - Sync 1 DAGs
[2024-06-01T00:22:18.729+0000] {logging_mixin.py:188} INFO - [2024-06-01T00:22:18.729+0000] {dag.py:3954} INFO - Setting next_dagrun for example_nested_branch_dag to 2024-05-31 00:00:00+00:00, run_after=2024-06-01 00:00:00+00:00
[2024-06-01T00:22:18.745+0000] {processor.py:183} INFO - Processing /home/airflow/.local/lib/python3.12/site-packages/airflow/example_dags/example_nested_branch_dag.py took 0.072 seconds
[2024-06-01T00:22:48.947+0000] {processor.py:161} INFO - Started process (PID=8205) to work on /home/airflow/.local/lib/python3.12/site-packages/airflow/example_dags/example_nested_branch_dag.py
[2024-06-01T00:22:48.949+0000] {processor.py:830} INFO - Processing file /home/airflow/.local/lib/python3.12/site-packages/airflow/example_dags/example_nested_branch_dag.py for tasks to queue
[2024-06-01T00:22:48.952+0000] {logging_mixin.py:188} INFO - [2024-06-01T00:22:48.952+0000] {dagbag.py:545} INFO - Filling up the DagBag from /home/airflow/.local/lib/python3.12/site-packages/airflow/example_dags/example_nested_branch_dag.py
[2024-06-01T00:22:48.961+0000] {processor.py:840} INFO - DAG(s) 'example_nested_branch_dag' retrieved from /home/airflow/.local/lib/python3.12/site-packages/airflow/example_dags/example_nested_branch_dag.py
[2024-06-01T00:22:48.979+0000] {logging_mixin.py:188} INFO - [2024-06-01T00:22:48.979+0000] {dag.py:3096} INFO - Sync 1 DAGs
[2024-06-01T00:22:48.997+0000] {logging_mixin.py:188} INFO - [2024-06-01T00:22:48.997+0000] {dag.py:3954} INFO - Setting next_dagrun for example_nested_branch_dag to 2024-05-31 00:00:00+00:00, run_after=2024-06-01 00:00:00+00:00
[2024-06-01T00:22:49.016+0000] {processor.py:183} INFO - Processing /home/airflow/.local/lib/python3.12/site-packages/airflow/example_dags/example_nested_branch_dag.py took 0.074 seconds
[2024-06-01T00:23:19.319+0000] {processor.py:161} INFO - Started process (PID=8263) to work on /home/airflow/.local/lib/python3.12/site-packages/airflow/example_dags/example_nested_branch_dag.py
[2024-06-01T00:23:19.320+0000] {processor.py:830} INFO - Processing file /home/airflow/.local/lib/python3.12/site-packages/airflow/example_dags/example_nested_branch_dag.py for tasks to queue
[2024-06-01T00:23:19.322+0000] {logging_mixin.py:188} INFO - [2024-06-01T00:23:19.322+0000] {dagbag.py:545} INFO - Filling up the DagBag from /home/airflow/.local/lib/python3.12/site-packages/airflow/example_dags/example_nested_branch_dag.py
[2024-06-01T00:23:19.332+0000] {processor.py:840} INFO - DAG(s) 'example_nested_branch_dag' retrieved from /home/airflow/.local/lib/python3.12/site-packages/airflow/example_dags/example_nested_branch_dag.py
[2024-06-01T00:23:19.351+0000] {logging_mixin.py:188} INFO - [2024-06-01T00:23:19.351+0000] {dag.py:3096} INFO - Sync 1 DAGs
[2024-06-01T00:23:19.371+0000] {logging_mixin.py:188} INFO - [2024-06-01T00:23:19.371+0000] {dag.py:3954} INFO - Setting next_dagrun for example_nested_branch_dag to 2024-05-31 00:00:00+00:00, run_after=2024-06-01 00:00:00+00:00
[2024-06-01T00:23:19.387+0000] {processor.py:183} INFO - Processing /home/airflow/.local/lib/python3.12/site-packages/airflow/example_dags/example_nested_branch_dag.py took 0.074 seconds
[2024-06-01T00:23:49.533+0000] {processor.py:161} INFO - Started process (PID=8321) to work on /home/airflow/.local/lib/python3.12/site-packages/airflow/example_dags/example_nested_branch_dag.py
[2024-06-01T00:23:49.535+0000] {processor.py:830} INFO - Processing file /home/airflow/.local/lib/python3.12/site-packages/airflow/example_dags/example_nested_branch_dag.py for tasks to queue
[2024-06-01T00:23:49.538+0000] {logging_mixin.py:188} INFO - [2024-06-01T00:23:49.538+0000] {dagbag.py:545} INFO - Filling up the DagBag from /home/airflow/.local/lib/python3.12/site-packages/airflow/example_dags/example_nested_branch_dag.py
[2024-06-01T00:23:49.547+0000] {processor.py:840} INFO - DAG(s) 'example_nested_branch_dag' retrieved from /home/airflow/.local/lib/python3.12/site-packages/airflow/example_dags/example_nested_branch_dag.py
[2024-06-01T00:23:49.567+0000] {logging_mixin.py:188} INFO - [2024-06-01T00:23:49.567+0000] {dag.py:3096} INFO - Sync 1 DAGs
[2024-06-01T00:23:49.588+0000] {logging_mixin.py:188} INFO - [2024-06-01T00:23:49.588+0000] {dag.py:3954} INFO - Setting next_dagrun for example_nested_branch_dag to 2024-05-31 00:00:00+00:00, run_after=2024-06-01 00:00:00+00:00
[2024-06-01T00:23:49.607+0000] {processor.py:183} INFO - Processing /home/airflow/.local/lib/python3.12/site-packages/airflow/example_dags/example_nested_branch_dag.py took 0.079 seconds
[2024-06-01T00:24:19.789+0000] {processor.py:161} INFO - Started process (PID=8379) to work on /home/airflow/.local/lib/python3.12/site-packages/airflow/example_dags/example_nested_branch_dag.py
[2024-06-01T00:24:19.791+0000] {processor.py:830} INFO - Processing file /home/airflow/.local/lib/python3.12/site-packages/airflow/example_dags/example_nested_branch_dag.py for tasks to queue
[2024-06-01T00:24:19.794+0000] {logging_mixin.py:188} INFO - [2024-06-01T00:24:19.793+0000] {dagbag.py:545} INFO - Filling up the DagBag from /home/airflow/.local/lib/python3.12/site-packages/airflow/example_dags/example_nested_branch_dag.py
[2024-06-01T00:24:19.802+0000] {processor.py:840} INFO - DAG(s) 'example_nested_branch_dag' retrieved from /home/airflow/.local/lib/python3.12/site-packages/airflow/example_dags/example_nested_branch_dag.py
[2024-06-01T00:24:19.820+0000] {logging_mixin.py:188} INFO - [2024-06-01T00:24:19.820+0000] {dag.py:3096} INFO - Sync 1 DAGs
[2024-06-01T00:24:19.838+0000] {logging_mixin.py:188} INFO - [2024-06-01T00:24:19.838+0000] {dag.py:3954} INFO - Setting next_dagrun for example_nested_branch_dag to 2024-05-31 00:00:00+00:00, run_after=2024-06-01 00:00:00+00:00
[2024-06-01T00:24:19.853+0000] {processor.py:183} INFO - Processing /home/airflow/.local/lib/python3.12/site-packages/airflow/example_dags/example_nested_branch_dag.py took 0.069 seconds
[2024-06-01T00:24:50.241+0000] {processor.py:161} INFO - Started process (PID=8437) to work on /home/airflow/.local/lib/python3.12/site-packages/airflow/example_dags/example_nested_branch_dag.py
[2024-06-01T00:24:50.243+0000] {processor.py:830} INFO - Processing file /home/airflow/.local/lib/python3.12/site-packages/airflow/example_dags/example_nested_branch_dag.py for tasks to queue
[2024-06-01T00:24:50.246+0000] {logging_mixin.py:188} INFO - [2024-06-01T00:24:50.245+0000] {dagbag.py:545} INFO - Filling up the DagBag from /home/airflow/.local/lib/python3.12/site-packages/airflow/example_dags/example_nested_branch_dag.py
[2024-06-01T00:24:50.255+0000] {processor.py:840} INFO - DAG(s) 'example_nested_branch_dag' retrieved from /home/airflow/.local/lib/python3.12/site-packages/airflow/example_dags/example_nested_branch_dag.py
[2024-06-01T00:24:50.274+0000] {logging_mixin.py:188} INFO - [2024-06-01T00:24:50.274+0000] {dag.py:3096} INFO - Sync 1 DAGs
[2024-06-01T00:24:50.292+0000] {logging_mixin.py:188} INFO - [2024-06-01T00:24:50.292+0000] {dag.py:3954} INFO - Setting next_dagrun for example_nested_branch_dag to 2024-05-31 00:00:00+00:00, run_after=2024-06-01 00:00:00+00:00
[2024-06-01T00:24:50.309+0000] {processor.py:183} INFO - Processing /home/airflow/.local/lib/python3.12/site-packages/airflow/example_dags/example_nested_branch_dag.py took 0.073 seconds
[2024-06-01T00:25:20.775+0000] {processor.py:161} INFO - Started process (PID=8495) to work on /home/airflow/.local/lib/python3.12/site-packages/airflow/example_dags/example_nested_branch_dag.py
[2024-06-01T00:25:20.777+0000] {processor.py:830} INFO - Processing file /home/airflow/.local/lib/python3.12/site-packages/airflow/example_dags/example_nested_branch_dag.py for tasks to queue
[2024-06-01T00:25:20.779+0000] {logging_mixin.py:188} INFO - [2024-06-01T00:25:20.778+0000] {dagbag.py:545} INFO - Filling up the DagBag from /home/airflow/.local/lib/python3.12/site-packages/airflow/example_dags/example_nested_branch_dag.py
[2024-06-01T00:25:20.787+0000] {processor.py:840} INFO - DAG(s) 'example_nested_branch_dag' retrieved from /home/airflow/.local/lib/python3.12/site-packages/airflow/example_dags/example_nested_branch_dag.py
[2024-06-01T00:25:20.807+0000] {logging_mixin.py:188} INFO - [2024-06-01T00:25:20.807+0000] {dag.py:3096} INFO - Sync 1 DAGs
[2024-06-01T00:25:20.824+0000] {logging_mixin.py:188} INFO - [2024-06-01T00:25:20.824+0000] {dag.py:3954} INFO - Setting next_dagrun for example_nested_branch_dag to 2024-05-31 00:00:00+00:00, run_after=2024-06-01 00:00:00+00:00
[2024-06-01T00:25:20.842+0000] {processor.py:183} INFO - Processing /home/airflow/.local/lib/python3.12/site-packages/airflow/example_dags/example_nested_branch_dag.py took 0.072 seconds
[2024-06-01T00:25:51.118+0000] {processor.py:161} INFO - Started process (PID=8553) to work on /home/airflow/.local/lib/python3.12/site-packages/airflow/example_dags/example_nested_branch_dag.py
[2024-06-01T00:25:51.120+0000] {processor.py:830} INFO - Processing file /home/airflow/.local/lib/python3.12/site-packages/airflow/example_dags/example_nested_branch_dag.py for tasks to queue
[2024-06-01T00:25:51.122+0000] {logging_mixin.py:188} INFO - [2024-06-01T00:25:51.122+0000] {dagbag.py:545} INFO - Filling up the DagBag from /home/airflow/.local/lib/python3.12/site-packages/airflow/example_dags/example_nested_branch_dag.py
[2024-06-01T00:25:51.131+0000] {processor.py:840} INFO - DAG(s) 'example_nested_branch_dag' retrieved from /home/airflow/.local/lib/python3.12/site-packages/airflow/example_dags/example_nested_branch_dag.py
[2024-06-01T00:25:51.150+0000] {logging_mixin.py:188} INFO - [2024-06-01T00:25:51.150+0000] {dag.py:3096} INFO - Sync 1 DAGs
[2024-06-01T00:25:51.167+0000] {logging_mixin.py:188} INFO - [2024-06-01T00:25:51.167+0000] {dag.py:3954} INFO - Setting next_dagrun for example_nested_branch_dag to 2024-05-31 00:00:00+00:00, run_after=2024-06-01 00:00:00+00:00
[2024-06-01T00:25:51.183+0000] {processor.py:183} INFO - Processing /home/airflow/.local/lib/python3.12/site-packages/airflow/example_dags/example_nested_branch_dag.py took 0.070 seconds
[2024-06-01T00:26:21.772+0000] {processor.py:161} INFO - Started process (PID=8611) to work on /home/airflow/.local/lib/python3.12/site-packages/airflow/example_dags/example_nested_branch_dag.py
[2024-06-01T00:26:21.773+0000] {processor.py:830} INFO - Processing file /home/airflow/.local/lib/python3.12/site-packages/airflow/example_dags/example_nested_branch_dag.py for tasks to queue
[2024-06-01T00:26:21.776+0000] {logging_mixin.py:188} INFO - [2024-06-01T00:26:21.776+0000] {dagbag.py:545} INFO - Filling up the DagBag from /home/airflow/.local/lib/python3.12/site-packages/airflow/example_dags/example_nested_branch_dag.py
[2024-06-01T00:26:21.784+0000] {processor.py:840} INFO - DAG(s) 'example_nested_branch_dag' retrieved from /home/airflow/.local/lib/python3.12/site-packages/airflow/example_dags/example_nested_branch_dag.py
[2024-06-01T00:26:21.803+0000] {logging_mixin.py:188} INFO - [2024-06-01T00:26:21.803+0000] {dag.py:3096} INFO - Sync 1 DAGs
[2024-06-01T00:26:21.824+0000] {logging_mixin.py:188} INFO - [2024-06-01T00:26:21.824+0000] {dag.py:3954} INFO - Setting next_dagrun for example_nested_branch_dag to 2024-05-31 00:00:00+00:00, run_after=2024-06-01 00:00:00+00:00
[2024-06-01T00:26:21.841+0000] {processor.py:183} INFO - Processing /home/airflow/.local/lib/python3.12/site-packages/airflow/example_dags/example_nested_branch_dag.py took 0.074 seconds
[2024-06-01T00:26:52.050+0000] {processor.py:161} INFO - Started process (PID=8669) to work on /home/airflow/.local/lib/python3.12/site-packages/airflow/example_dags/example_nested_branch_dag.py
[2024-06-01T00:26:52.052+0000] {processor.py:830} INFO - Processing file /home/airflow/.local/lib/python3.12/site-packages/airflow/example_dags/example_nested_branch_dag.py for tasks to queue
[2024-06-01T00:26:52.054+0000] {logging_mixin.py:188} INFO - [2024-06-01T00:26:52.054+0000] {dagbag.py:545} INFO - Filling up the DagBag from /home/airflow/.local/lib/python3.12/site-packages/airflow/example_dags/example_nested_branch_dag.py
[2024-06-01T00:26:52.063+0000] {processor.py:840} INFO - DAG(s) 'example_nested_branch_dag' retrieved from /home/airflow/.local/lib/python3.12/site-packages/airflow/example_dags/example_nested_branch_dag.py
[2024-06-01T00:26:52.081+0000] {logging_mixin.py:188} INFO - [2024-06-01T00:26:52.080+0000] {dag.py:3096} INFO - Sync 1 DAGs
[2024-06-01T00:26:52.100+0000] {logging_mixin.py:188} INFO - [2024-06-01T00:26:52.100+0000] {dag.py:3954} INFO - Setting next_dagrun for example_nested_branch_dag to 2024-05-31 00:00:00+00:00, run_after=2024-06-01 00:00:00+00:00
[2024-06-01T00:26:52.120+0000] {processor.py:183} INFO - Processing /home/airflow/.local/lib/python3.12/site-packages/airflow/example_dags/example_nested_branch_dag.py took 0.076 seconds
[2024-06-01T00:27:22.404+0000] {processor.py:161} INFO - Started process (PID=8727) to work on /home/airflow/.local/lib/python3.12/site-packages/airflow/example_dags/example_nested_branch_dag.py
[2024-06-01T00:27:22.405+0000] {processor.py:830} INFO - Processing file /home/airflow/.local/lib/python3.12/site-packages/airflow/example_dags/example_nested_branch_dag.py for tasks to queue
[2024-06-01T00:27:22.408+0000] {logging_mixin.py:188} INFO - [2024-06-01T00:27:22.407+0000] {dagbag.py:545} INFO - Filling up the DagBag from /home/airflow/.local/lib/python3.12/site-packages/airflow/example_dags/example_nested_branch_dag.py
[2024-06-01T00:27:22.417+0000] {processor.py:840} INFO - DAG(s) 'example_nested_branch_dag' retrieved from /home/airflow/.local/lib/python3.12/site-packages/airflow/example_dags/example_nested_branch_dag.py
[2024-06-01T00:27:22.436+0000] {logging_mixin.py:188} INFO - [2024-06-01T00:27:22.435+0000] {dag.py:3096} INFO - Sync 1 DAGs
[2024-06-01T00:27:22.453+0000] {logging_mixin.py:188} INFO - [2024-06-01T00:27:22.453+0000] {dag.py:3954} INFO - Setting next_dagrun for example_nested_branch_dag to 2024-05-31 00:00:00+00:00, run_after=2024-06-01 00:00:00+00:00
[2024-06-01T00:27:22.469+0000] {processor.py:183} INFO - Processing /home/airflow/.local/lib/python3.12/site-packages/airflow/example_dags/example_nested_branch_dag.py took 0.071 seconds
[2024-06-01T00:27:53.114+0000] {processor.py:161} INFO - Started process (PID=8785) to work on /home/airflow/.local/lib/python3.12/site-packages/airflow/example_dags/example_nested_branch_dag.py
[2024-06-01T00:27:53.117+0000] {processor.py:830} INFO - Processing file /home/airflow/.local/lib/python3.12/site-packages/airflow/example_dags/example_nested_branch_dag.py for tasks to queue
[2024-06-01T00:27:53.119+0000] {logging_mixin.py:188} INFO - [2024-06-01T00:27:53.119+0000] {dagbag.py:545} INFO - Filling up the DagBag from /home/airflow/.local/lib/python3.12/site-packages/airflow/example_dags/example_nested_branch_dag.py
[2024-06-01T00:27:53.128+0000] {processor.py:840} INFO - DAG(s) 'example_nested_branch_dag' retrieved from /home/airflow/.local/lib/python3.12/site-packages/airflow/example_dags/example_nested_branch_dag.py
[2024-06-01T00:27:53.147+0000] {logging_mixin.py:188} INFO - [2024-06-01T00:27:53.147+0000] {dag.py:3096} INFO - Sync 1 DAGs
[2024-06-01T00:27:53.166+0000] {logging_mixin.py:188} INFO - [2024-06-01T00:27:53.166+0000] {dag.py:3954} INFO - Setting next_dagrun for example_nested_branch_dag to 2024-05-31 00:00:00+00:00, run_after=2024-06-01 00:00:00+00:00
[2024-06-01T00:27:53.183+0000] {processor.py:183} INFO - Processing /home/airflow/.local/lib/python3.12/site-packages/airflow/example_dags/example_nested_branch_dag.py took 0.074 seconds
[2024-06-01T00:28:23.565+0000] {processor.py:161} INFO - Started process (PID=8843) to work on /home/airflow/.local/lib/python3.12/site-packages/airflow/example_dags/example_nested_branch_dag.py
[2024-06-01T00:28:23.566+0000] {processor.py:830} INFO - Processing file /home/airflow/.local/lib/python3.12/site-packages/airflow/example_dags/example_nested_branch_dag.py for tasks to queue
[2024-06-01T00:28:23.569+0000] {logging_mixin.py:188} INFO - [2024-06-01T00:28:23.569+0000] {dagbag.py:545} INFO - Filling up the DagBag from /home/airflow/.local/lib/python3.12/site-packages/airflow/example_dags/example_nested_branch_dag.py
[2024-06-01T00:28:23.577+0000] {processor.py:840} INFO - DAG(s) 'example_nested_branch_dag' retrieved from /home/airflow/.local/lib/python3.12/site-packages/airflow/example_dags/example_nested_branch_dag.py
[2024-06-01T00:28:23.596+0000] {logging_mixin.py:188} INFO - [2024-06-01T00:28:23.596+0000] {dag.py:3096} INFO - Sync 1 DAGs
[2024-06-01T00:28:23.616+0000] {logging_mixin.py:188} INFO - [2024-06-01T00:28:23.616+0000] {dag.py:3954} INFO - Setting next_dagrun for example_nested_branch_dag to 2024-05-31 00:00:00+00:00, run_after=2024-06-01 00:00:00+00:00
[2024-06-01T00:28:23.633+0000] {processor.py:183} INFO - Processing /home/airflow/.local/lib/python3.12/site-packages/airflow/example_dags/example_nested_branch_dag.py took 0.074 seconds
[2024-06-01T00:28:54.081+0000] {processor.py:161} INFO - Started process (PID=8901) to work on /home/airflow/.local/lib/python3.12/site-packages/airflow/example_dags/example_nested_branch_dag.py
[2024-06-01T00:28:54.083+0000] {processor.py:830} INFO - Processing file /home/airflow/.local/lib/python3.12/site-packages/airflow/example_dags/example_nested_branch_dag.py for tasks to queue
[2024-06-01T00:28:54.085+0000] {logging_mixin.py:188} INFO - [2024-06-01T00:28:54.085+0000] {dagbag.py:545} INFO - Filling up the DagBag from /home/airflow/.local/lib/python3.12/site-packages/airflow/example_dags/example_nested_branch_dag.py
[2024-06-01T00:28:54.095+0000] {processor.py:840} INFO - DAG(s) 'example_nested_branch_dag' retrieved from /home/airflow/.local/lib/python3.12/site-packages/airflow/example_dags/example_nested_branch_dag.py
[2024-06-01T00:28:54.115+0000] {logging_mixin.py:188} INFO - [2024-06-01T00:28:54.115+0000] {dag.py:3096} INFO - Sync 1 DAGs
[2024-06-01T00:28:54.136+0000] {logging_mixin.py:188} INFO - [2024-06-01T00:28:54.136+0000] {dag.py:3954} INFO - Setting next_dagrun for example_nested_branch_dag to 2024-05-31 00:00:00+00:00, run_after=2024-06-01 00:00:00+00:00
[2024-06-01T00:28:54.153+0000] {processor.py:183} INFO - Processing /home/airflow/.local/lib/python3.12/site-packages/airflow/example_dags/example_nested_branch_dag.py took 0.078 seconds
[2024-06-01T00:29:24.386+0000] {processor.py:161} INFO - Started process (PID=8959) to work on /home/airflow/.local/lib/python3.12/site-packages/airflow/example_dags/example_nested_branch_dag.py
[2024-06-01T00:29:24.388+0000] {processor.py:830} INFO - Processing file /home/airflow/.local/lib/python3.12/site-packages/airflow/example_dags/example_nested_branch_dag.py for tasks to queue
[2024-06-01T00:29:24.390+0000] {logging_mixin.py:188} INFO - [2024-06-01T00:29:24.390+0000] {dagbag.py:545} INFO - Filling up the DagBag from /home/airflow/.local/lib/python3.12/site-packages/airflow/example_dags/example_nested_branch_dag.py
[2024-06-01T00:29:24.399+0000] {processor.py:840} INFO - DAG(s) 'example_nested_branch_dag' retrieved from /home/airflow/.local/lib/python3.12/site-packages/airflow/example_dags/example_nested_branch_dag.py
[2024-06-01T00:29:24.419+0000] {logging_mixin.py:188} INFO - [2024-06-01T00:29:24.419+0000] {dag.py:3096} INFO - Sync 1 DAGs
[2024-06-01T00:29:24.439+0000] {logging_mixin.py:188} INFO - [2024-06-01T00:29:24.439+0000] {dag.py:3954} INFO - Setting next_dagrun for example_nested_branch_dag to 2024-05-31 00:00:00+00:00, run_after=2024-06-01 00:00:00+00:00
[2024-06-01T00:29:24.459+0000] {processor.py:183} INFO - Processing /home/airflow/.local/lib/python3.12/site-packages/airflow/example_dags/example_nested_branch_dag.py took 0.077 seconds
[2024-06-01T00:29:54.729+0000] {processor.py:161} INFO - Started process (PID=9017) to work on /home/airflow/.local/lib/python3.12/site-packages/airflow/example_dags/example_nested_branch_dag.py
[2024-06-01T00:29:54.731+0000] {processor.py:830} INFO - Processing file /home/airflow/.local/lib/python3.12/site-packages/airflow/example_dags/example_nested_branch_dag.py for tasks to queue
[2024-06-01T00:29:54.733+0000] {logging_mixin.py:188} INFO - [2024-06-01T00:29:54.733+0000] {dagbag.py:545} INFO - Filling up the DagBag from /home/airflow/.local/lib/python3.12/site-packages/airflow/example_dags/example_nested_branch_dag.py
[2024-06-01T00:29:54.742+0000] {processor.py:840} INFO - DAG(s) 'example_nested_branch_dag' retrieved from /home/airflow/.local/lib/python3.12/site-packages/airflow/example_dags/example_nested_branch_dag.py
[2024-06-01T00:29:54.761+0000] {logging_mixin.py:188} INFO - [2024-06-01T00:29:54.761+0000] {dag.py:3096} INFO - Sync 1 DAGs
[2024-06-01T00:29:54.781+0000] {logging_mixin.py:188} INFO - [2024-06-01T00:29:54.781+0000] {dag.py:3954} INFO - Setting next_dagrun for example_nested_branch_dag to 2024-05-31 00:00:00+00:00, run_after=2024-06-01 00:00:00+00:00
[2024-06-01T00:29:54.801+0000] {processor.py:183} INFO - Processing /home/airflow/.local/lib/python3.12/site-packages/airflow/example_dags/example_nested_branch_dag.py took 0.077 seconds
[2024-06-01T00:30:25.014+0000] {processor.py:161} INFO - Started process (PID=9075) to work on /home/airflow/.local/lib/python3.12/site-packages/airflow/example_dags/example_nested_branch_dag.py
[2024-06-01T00:30:25.016+0000] {processor.py:830} INFO - Processing file /home/airflow/.local/lib/python3.12/site-packages/airflow/example_dags/example_nested_branch_dag.py for tasks to queue
[2024-06-01T00:30:25.018+0000] {logging_mixin.py:188} INFO - [2024-06-01T00:30:25.018+0000] {dagbag.py:545} INFO - Filling up the DagBag from /home/airflow/.local/lib/python3.12/site-packages/airflow/example_dags/example_nested_branch_dag.py
[2024-06-01T00:30:25.027+0000] {processor.py:840} INFO - DAG(s) 'example_nested_branch_dag' retrieved from /home/airflow/.local/lib/python3.12/site-packages/airflow/example_dags/example_nested_branch_dag.py
[2024-06-01T00:30:25.047+0000] {logging_mixin.py:188} INFO - [2024-06-01T00:30:25.047+0000] {dag.py:3096} INFO - Sync 1 DAGs
[2024-06-01T00:30:25.065+0000] {logging_mixin.py:188} INFO - [2024-06-01T00:30:25.065+0000] {dag.py:3954} INFO - Setting next_dagrun for example_nested_branch_dag to 2024-05-31 00:00:00+00:00, run_after=2024-06-01 00:00:00+00:00
[2024-06-01T00:30:25.082+0000] {processor.py:183} INFO - Processing /home/airflow/.local/lib/python3.12/site-packages/airflow/example_dags/example_nested_branch_dag.py took 0.074 seconds
[2024-06-01T00:30:55.264+0000] {processor.py:161} INFO - Started process (PID=9133) to work on /home/airflow/.local/lib/python3.12/site-packages/airflow/example_dags/example_nested_branch_dag.py
[2024-06-01T00:30:55.266+0000] {processor.py:830} INFO - Processing file /home/airflow/.local/lib/python3.12/site-packages/airflow/example_dags/example_nested_branch_dag.py for tasks to queue
[2024-06-01T00:30:55.268+0000] {logging_mixin.py:188} INFO - [2024-06-01T00:30:55.268+0000] {dagbag.py:545} INFO - Filling up the DagBag from /home/airflow/.local/lib/python3.12/site-packages/airflow/example_dags/example_nested_branch_dag.py
[2024-06-01T00:30:55.276+0000] {processor.py:840} INFO - DAG(s) 'example_nested_branch_dag' retrieved from /home/airflow/.local/lib/python3.12/site-packages/airflow/example_dags/example_nested_branch_dag.py
[2024-06-01T00:30:55.297+0000] {logging_mixin.py:188} INFO - [2024-06-01T00:30:55.297+0000] {dag.py:3096} INFO - Sync 1 DAGs
[2024-06-01T00:30:55.316+0000] {logging_mixin.py:188} INFO - [2024-06-01T00:30:55.316+0000] {dag.py:3954} INFO - Setting next_dagrun for example_nested_branch_dag to 2024-05-31 00:00:00+00:00, run_after=2024-06-01 00:00:00+00:00
[2024-06-01T00:30:55.333+0000] {processor.py:183} INFO - Processing /home/airflow/.local/lib/python3.12/site-packages/airflow/example_dags/example_nested_branch_dag.py took 0.074 seconds
[2024-06-01T00:31:25.640+0000] {processor.py:161} INFO - Started process (PID=9192) to work on /home/airflow/.local/lib/python3.12/site-packages/airflow/example_dags/example_nested_branch_dag.py
[2024-06-01T00:31:25.642+0000] {processor.py:830} INFO - Processing file /home/airflow/.local/lib/python3.12/site-packages/airflow/example_dags/example_nested_branch_dag.py for tasks to queue
[2024-06-01T00:31:25.644+0000] {logging_mixin.py:188} INFO - [2024-06-01T00:31:25.644+0000] {dagbag.py:545} INFO - Filling up the DagBag from /home/airflow/.local/lib/python3.12/site-packages/airflow/example_dags/example_nested_branch_dag.py
[2024-06-01T00:31:25.652+0000] {processor.py:840} INFO - DAG(s) 'example_nested_branch_dag' retrieved from /home/airflow/.local/lib/python3.12/site-packages/airflow/example_dags/example_nested_branch_dag.py
[2024-06-01T00:31:25.672+0000] {logging_mixin.py:188} INFO - [2024-06-01T00:31:25.671+0000] {dag.py:3096} INFO - Sync 1 DAGs
[2024-06-01T00:31:25.691+0000] {logging_mixin.py:188} INFO - [2024-06-01T00:31:25.691+0000] {dag.py:3954} INFO - Setting next_dagrun for example_nested_branch_dag to 2024-05-31 00:00:00+00:00, run_after=2024-06-01 00:00:00+00:00
[2024-06-01T00:31:25.711+0000] {processor.py:183} INFO - Processing /home/airflow/.local/lib/python3.12/site-packages/airflow/example_dags/example_nested_branch_dag.py took 0.076 seconds
[2024-06-01T00:31:56.160+0000] {processor.py:161} INFO - Started process (PID=9250) to work on /home/airflow/.local/lib/python3.12/site-packages/airflow/example_dags/example_nested_branch_dag.py
[2024-06-01T00:31:56.162+0000] {processor.py:830} INFO - Processing file /home/airflow/.local/lib/python3.12/site-packages/airflow/example_dags/example_nested_branch_dag.py for tasks to queue
[2024-06-01T00:31:56.165+0000] {logging_mixin.py:188} INFO - [2024-06-01T00:31:56.165+0000] {dagbag.py:545} INFO - Filling up the DagBag from /home/airflow/.local/lib/python3.12/site-packages/airflow/example_dags/example_nested_branch_dag.py
[2024-06-01T00:31:56.173+0000] {processor.py:840} INFO - DAG(s) 'example_nested_branch_dag' retrieved from /home/airflow/.local/lib/python3.12/site-packages/airflow/example_dags/example_nested_branch_dag.py
[2024-06-01T00:31:56.193+0000] {logging_mixin.py:188} INFO - [2024-06-01T00:31:56.193+0000] {dag.py:3096} INFO - Sync 1 DAGs
[2024-06-01T00:31:56.210+0000] {logging_mixin.py:188} INFO - [2024-06-01T00:31:56.210+0000] {dag.py:3954} INFO - Setting next_dagrun for example_nested_branch_dag to 2024-05-31 00:00:00+00:00, run_after=2024-06-01 00:00:00+00:00
[2024-06-01T00:31:56.227+0000] {processor.py:183} INFO - Processing /home/airflow/.local/lib/python3.12/site-packages/airflow/example_dags/example_nested_branch_dag.py took 0.071 seconds
[2024-06-01T00:32:26.430+0000] {processor.py:161} INFO - Started process (PID=9308) to work on /home/airflow/.local/lib/python3.12/site-packages/airflow/example_dags/example_nested_branch_dag.py
[2024-06-01T00:32:26.431+0000] {processor.py:830} INFO - Processing file /home/airflow/.local/lib/python3.12/site-packages/airflow/example_dags/example_nested_branch_dag.py for tasks to queue
[2024-06-01T00:32:26.433+0000] {logging_mixin.py:188} INFO - [2024-06-01T00:32:26.433+0000] {dagbag.py:545} INFO - Filling up the DagBag from /home/airflow/.local/lib/python3.12/site-packages/airflow/example_dags/example_nested_branch_dag.py
[2024-06-01T00:32:26.443+0000] {processor.py:840} INFO - DAG(s) 'example_nested_branch_dag' retrieved from /home/airflow/.local/lib/python3.12/site-packages/airflow/example_dags/example_nested_branch_dag.py
[2024-06-01T00:32:26.463+0000] {logging_mixin.py:188} INFO - [2024-06-01T00:32:26.463+0000] {dag.py:3096} INFO - Sync 1 DAGs
[2024-06-01T00:32:26.487+0000] {logging_mixin.py:188} INFO - [2024-06-01T00:32:26.487+0000] {dag.py:3954} INFO - Setting next_dagrun for example_nested_branch_dag to 2024-05-31 00:00:00+00:00, run_after=2024-06-01 00:00:00+00:00
[2024-06-01T00:32:26.507+0000] {processor.py:183} INFO - Processing /home/airflow/.local/lib/python3.12/site-packages/airflow/example_dags/example_nested_branch_dag.py took 0.083 seconds
[2024-06-01T00:32:57.196+0000] {processor.py:161} INFO - Started process (PID=9366) to work on /home/airflow/.local/lib/python3.12/site-packages/airflow/example_dags/example_nested_branch_dag.py
[2024-06-01T00:32:57.198+0000] {processor.py:830} INFO - Processing file /home/airflow/.local/lib/python3.12/site-packages/airflow/example_dags/example_nested_branch_dag.py for tasks to queue
[2024-06-01T00:32:57.201+0000] {logging_mixin.py:188} INFO - [2024-06-01T00:32:57.201+0000] {dagbag.py:545} INFO - Filling up the DagBag from /home/airflow/.local/lib/python3.12/site-packages/airflow/example_dags/example_nested_branch_dag.py
[2024-06-01T00:32:57.210+0000] {processor.py:840} INFO - DAG(s) 'example_nested_branch_dag' retrieved from /home/airflow/.local/lib/python3.12/site-packages/airflow/example_dags/example_nested_branch_dag.py
[2024-06-01T00:32:57.228+0000] {logging_mixin.py:188} INFO - [2024-06-01T00:32:57.227+0000] {dag.py:3096} INFO - Sync 1 DAGs
[2024-06-01T00:32:57.245+0000] {logging_mixin.py:188} INFO - [2024-06-01T00:32:57.245+0000] {dag.py:3954} INFO - Setting next_dagrun for example_nested_branch_dag to 2024-05-31 00:00:00+00:00, run_after=2024-06-01 00:00:00+00:00
[2024-06-01T00:32:57.260+0000] {processor.py:183} INFO - Processing /home/airflow/.local/lib/python3.12/site-packages/airflow/example_dags/example_nested_branch_dag.py took 0.069 seconds
[2024-06-01T00:33:28.030+0000] {processor.py:161} INFO - Started process (PID=9424) to work on /home/airflow/.local/lib/python3.12/site-packages/airflow/example_dags/example_nested_branch_dag.py
[2024-06-01T00:33:28.032+0000] {processor.py:830} INFO - Processing file /home/airflow/.local/lib/python3.12/site-packages/airflow/example_dags/example_nested_branch_dag.py for tasks to queue
[2024-06-01T00:33:28.035+0000] {logging_mixin.py:188} INFO - [2024-06-01T00:33:28.034+0000] {dagbag.py:545} INFO - Filling up the DagBag from /home/airflow/.local/lib/python3.12/site-packages/airflow/example_dags/example_nested_branch_dag.py
[2024-06-01T00:33:28.043+0000] {processor.py:840} INFO - DAG(s) 'example_nested_branch_dag' retrieved from /home/airflow/.local/lib/python3.12/site-packages/airflow/example_dags/example_nested_branch_dag.py
[2024-06-01T00:33:28.065+0000] {logging_mixin.py:188} INFO - [2024-06-01T00:33:28.065+0000] {dag.py:3096} INFO - Sync 1 DAGs
[2024-06-01T00:33:28.083+0000] {logging_mixin.py:188} INFO - [2024-06-01T00:33:28.082+0000] {dag.py:3954} INFO - Setting next_dagrun for example_nested_branch_dag to 2024-05-31 00:00:00+00:00, run_after=2024-06-01 00:00:00+00:00
[2024-06-01T00:33:28.102+0000] {processor.py:183} INFO - Processing /home/airflow/.local/lib/python3.12/site-packages/airflow/example_dags/example_nested_branch_dag.py took 0.077 seconds
[2024-06-01T00:33:58.341+0000] {processor.py:161} INFO - Started process (PID=9482) to work on /home/airflow/.local/lib/python3.12/site-packages/airflow/example_dags/example_nested_branch_dag.py
[2024-06-01T00:33:58.343+0000] {processor.py:830} INFO - Processing file /home/airflow/.local/lib/python3.12/site-packages/airflow/example_dags/example_nested_branch_dag.py for tasks to queue
[2024-06-01T00:33:58.345+0000] {logging_mixin.py:188} INFO - [2024-06-01T00:33:58.345+0000] {dagbag.py:545} INFO - Filling up the DagBag from /home/airflow/.local/lib/python3.12/site-packages/airflow/example_dags/example_nested_branch_dag.py
[2024-06-01T00:33:58.354+0000] {processor.py:840} INFO - DAG(s) 'example_nested_branch_dag' retrieved from /home/airflow/.local/lib/python3.12/site-packages/airflow/example_dags/example_nested_branch_dag.py
[2024-06-01T00:33:58.372+0000] {logging_mixin.py:188} INFO - [2024-06-01T00:33:58.372+0000] {dag.py:3096} INFO - Sync 1 DAGs
[2024-06-01T00:33:58.391+0000] {logging_mixin.py:188} INFO - [2024-06-01T00:33:58.391+0000] {dag.py:3954} INFO - Setting next_dagrun for example_nested_branch_dag to 2024-05-31 00:00:00+00:00, run_after=2024-06-01 00:00:00+00:00
[2024-06-01T00:33:58.408+0000] {processor.py:183} INFO - Processing /home/airflow/.local/lib/python3.12/site-packages/airflow/example_dags/example_nested_branch_dag.py took 0.073 seconds
[2024-06-01T00:34:28.706+0000] {processor.py:161} INFO - Started process (PID=9540) to work on /home/airflow/.local/lib/python3.12/site-packages/airflow/example_dags/example_nested_branch_dag.py
[2024-06-01T00:34:28.708+0000] {processor.py:830} INFO - Processing file /home/airflow/.local/lib/python3.12/site-packages/airflow/example_dags/example_nested_branch_dag.py for tasks to queue
[2024-06-01T00:34:28.710+0000] {logging_mixin.py:188} INFO - [2024-06-01T00:34:28.710+0000] {dagbag.py:545} INFO - Filling up the DagBag from /home/airflow/.local/lib/python3.12/site-packages/airflow/example_dags/example_nested_branch_dag.py
[2024-06-01T00:34:28.718+0000] {processor.py:840} INFO - DAG(s) 'example_nested_branch_dag' retrieved from /home/airflow/.local/lib/python3.12/site-packages/airflow/example_dags/example_nested_branch_dag.py
[2024-06-01T00:34:28.737+0000] {logging_mixin.py:188} INFO - [2024-06-01T00:34:28.737+0000] {dag.py:3096} INFO - Sync 1 DAGs
[2024-06-01T00:34:28.754+0000] {logging_mixin.py:188} INFO - [2024-06-01T00:34:28.754+0000] {dag.py:3954} INFO - Setting next_dagrun for example_nested_branch_dag to 2024-05-31 00:00:00+00:00, run_after=2024-06-01 00:00:00+00:00
[2024-06-01T00:34:28.772+0000] {processor.py:183} INFO - Processing /home/airflow/.local/lib/python3.12/site-packages/airflow/example_dags/example_nested_branch_dag.py took 0.071 seconds
[2024-06-01T00:34:59.048+0000] {processor.py:161} INFO - Started process (PID=9597) to work on /home/airflow/.local/lib/python3.12/site-packages/airflow/example_dags/example_nested_branch_dag.py
[2024-06-01T00:34:59.050+0000] {processor.py:830} INFO - Processing file /home/airflow/.local/lib/python3.12/site-packages/airflow/example_dags/example_nested_branch_dag.py for tasks to queue
[2024-06-01T00:34:59.053+0000] {logging_mixin.py:188} INFO - [2024-06-01T00:34:59.053+0000] {dagbag.py:545} INFO - Filling up the DagBag from /home/airflow/.local/lib/python3.12/site-packages/airflow/example_dags/example_nested_branch_dag.py
[2024-06-01T00:34:59.062+0000] {processor.py:840} INFO - DAG(s) 'example_nested_branch_dag' retrieved from /home/airflow/.local/lib/python3.12/site-packages/airflow/example_dags/example_nested_branch_dag.py
[2024-06-01T00:34:59.080+0000] {logging_mixin.py:188} INFO - [2024-06-01T00:34:59.080+0000] {dag.py:3096} INFO - Sync 1 DAGs
[2024-06-01T00:34:59.099+0000] {logging_mixin.py:188} INFO - [2024-06-01T00:34:59.099+0000] {dag.py:3954} INFO - Setting next_dagrun for example_nested_branch_dag to 2024-05-31 00:00:00+00:00, run_after=2024-06-01 00:00:00+00:00
[2024-06-01T00:34:59.116+0000] {processor.py:183} INFO - Processing /home/airflow/.local/lib/python3.12/site-packages/airflow/example_dags/example_nested_branch_dag.py took 0.073 seconds
[2024-06-01T00:40:44.546+0000] {processor.py:161} INFO - Started process (PID=9662) to work on /home/airflow/.local/lib/python3.12/site-packages/airflow/example_dags/example_nested_branch_dag.py
[2024-06-01T00:40:44.547+0000] {processor.py:830} INFO - Processing file /home/airflow/.local/lib/python3.12/site-packages/airflow/example_dags/example_nested_branch_dag.py for tasks to queue
[2024-06-01T00:40:44.548+0000] {logging_mixin.py:188} INFO - [2024-06-01T00:40:44.548+0000] {dagbag.py:545} INFO - Filling up the DagBag from /home/airflow/.local/lib/python3.12/site-packages/airflow/example_dags/example_nested_branch_dag.py
[2024-06-01T00:40:44.558+0000] {processor.py:840} INFO - DAG(s) 'example_nested_branch_dag' retrieved from /home/airflow/.local/lib/python3.12/site-packages/airflow/example_dags/example_nested_branch_dag.py
[2024-06-01T00:40:44.579+0000] {logging_mixin.py:188} INFO - [2024-06-01T00:40:44.578+0000] {dag.py:3096} INFO - Sync 1 DAGs
[2024-06-01T00:40:44.602+0000] {logging_mixin.py:188} INFO - [2024-06-01T00:40:44.602+0000] {dag.py:3954} INFO - Setting next_dagrun for example_nested_branch_dag to 2024-05-31 00:00:00+00:00, run_after=2024-06-01 00:00:00+00:00
[2024-06-01T00:40:44.628+0000] {processor.py:183} INFO - Processing /home/airflow/.local/lib/python3.12/site-packages/airflow/example_dags/example_nested_branch_dag.py took 0.088 seconds
