[2024-06-01T00:00:27.446+0000] {processor.py:161} INFO - Started process (PID=5653) to work on /home/airflow/.local/lib/python3.12/site-packages/airflow/example_dags/example_task_group_decorator.py
[2024-06-01T00:00:27.447+0000] {processor.py:830} INFO - Processing file /home/airflow/.local/lib/python3.12/site-packages/airflow/example_dags/example_task_group_decorator.py for tasks to queue
[2024-06-01T00:00:27.449+0000] {logging_mixin.py:188} INFO - [2024-06-01T00:00:27.449+0000] {dagbag.py:545} INFO - Filling up the DagBag from /home/airflow/.local/lib/python3.12/site-packages/airflow/example_dags/example_task_group_decorator.py
[2024-06-01T00:00:27.460+0000] {processor.py:840} INFO - DAG(s) 'example_task_group_decorator' retrieved from /home/airflow/.local/lib/python3.12/site-packages/airflow/example_dags/example_task_group_decorator.py
[2024-06-01T00:00:27.482+0000] {logging_mixin.py:188} INFO - [2024-06-01T00:00:27.482+0000] {dag.py:3096} INFO - Sync 1 DAGs
[2024-06-01T00:00:27.499+0000] {logging_mixin.py:188} INFO - [2024-06-01T00:00:27.499+0000] {dag.py:3954} INFO - Setting next_dagrun for example_task_group_decorator to 2024-05-31 00:00:00+00:00, run_after=2024-06-01 00:00:00+00:00
[2024-06-01T00:00:27.516+0000] {processor.py:183} INFO - Processing /home/airflow/.local/lib/python3.12/site-packages/airflow/example_dags/example_task_group_decorator.py took 0.075 seconds
[2024-06-01T00:00:57.667+0000] {processor.py:161} INFO - Started process (PID=5711) to work on /home/airflow/.local/lib/python3.12/site-packages/airflow/example_dags/example_task_group_decorator.py
[2024-06-01T00:00:57.669+0000] {processor.py:830} INFO - Processing file /home/airflow/.local/lib/python3.12/site-packages/airflow/example_dags/example_task_group_decorator.py for tasks to queue
[2024-06-01T00:00:57.671+0000] {logging_mixin.py:188} INFO - [2024-06-01T00:00:57.670+0000] {dagbag.py:545} INFO - Filling up the DagBag from /home/airflow/.local/lib/python3.12/site-packages/airflow/example_dags/example_task_group_decorator.py
[2024-06-01T00:00:57.682+0000] {processor.py:840} INFO - DAG(s) 'example_task_group_decorator' retrieved from /home/airflow/.local/lib/python3.12/site-packages/airflow/example_dags/example_task_group_decorator.py
[2024-06-01T00:00:57.702+0000] {logging_mixin.py:188} INFO - [2024-06-01T00:00:57.702+0000] {dag.py:3096} INFO - Sync 1 DAGs
[2024-06-01T00:00:57.720+0000] {logging_mixin.py:188} INFO - [2024-06-01T00:00:57.719+0000] {dag.py:3954} INFO - Setting next_dagrun for example_task_group_decorator to 2024-05-31 00:00:00+00:00, run_after=2024-06-01 00:00:00+00:00
[2024-06-01T00:00:57.739+0000] {processor.py:183} INFO - Processing /home/airflow/.local/lib/python3.12/site-packages/airflow/example_dags/example_task_group_decorator.py took 0.078 seconds
[2024-06-01T00:01:28.107+0000] {processor.py:161} INFO - Started process (PID=5769) to work on /home/airflow/.local/lib/python3.12/site-packages/airflow/example_dags/example_task_group_decorator.py
[2024-06-01T00:01:28.109+0000] {processor.py:830} INFO - Processing file /home/airflow/.local/lib/python3.12/site-packages/airflow/example_dags/example_task_group_decorator.py for tasks to queue
[2024-06-01T00:01:28.111+0000] {logging_mixin.py:188} INFO - [2024-06-01T00:01:28.111+0000] {dagbag.py:545} INFO - Filling up the DagBag from /home/airflow/.local/lib/python3.12/site-packages/airflow/example_dags/example_task_group_decorator.py
[2024-06-01T00:01:28.124+0000] {processor.py:840} INFO - DAG(s) 'example_task_group_decorator' retrieved from /home/airflow/.local/lib/python3.12/site-packages/airflow/example_dags/example_task_group_decorator.py
[2024-06-01T00:01:28.144+0000] {logging_mixin.py:188} INFO - [2024-06-01T00:01:28.144+0000] {dag.py:3096} INFO - Sync 1 DAGs
[2024-06-01T00:01:28.162+0000] {logging_mixin.py:188} INFO - [2024-06-01T00:01:28.162+0000] {dag.py:3954} INFO - Setting next_dagrun for example_task_group_decorator to 2024-05-31 00:00:00+00:00, run_after=2024-06-01 00:00:00+00:00
[2024-06-01T00:01:28.179+0000] {processor.py:183} INFO - Processing /home/airflow/.local/lib/python3.12/site-packages/airflow/example_dags/example_task_group_decorator.py took 0.081 seconds
[2024-06-01T00:01:58.502+0000] {processor.py:161} INFO - Started process (PID=5827) to work on /home/airflow/.local/lib/python3.12/site-packages/airflow/example_dags/example_task_group_decorator.py
[2024-06-01T00:01:58.503+0000] {processor.py:830} INFO - Processing file /home/airflow/.local/lib/python3.12/site-packages/airflow/example_dags/example_task_group_decorator.py for tasks to queue
[2024-06-01T00:01:58.506+0000] {logging_mixin.py:188} INFO - [2024-06-01T00:01:58.505+0000] {dagbag.py:545} INFO - Filling up the DagBag from /home/airflow/.local/lib/python3.12/site-packages/airflow/example_dags/example_task_group_decorator.py
[2024-06-01T00:01:58.518+0000] {processor.py:840} INFO - DAG(s) 'example_task_group_decorator' retrieved from /home/airflow/.local/lib/python3.12/site-packages/airflow/example_dags/example_task_group_decorator.py
[2024-06-01T00:01:58.538+0000] {logging_mixin.py:188} INFO - [2024-06-01T00:01:58.538+0000] {dag.py:3096} INFO - Sync 1 DAGs
[2024-06-01T00:01:58.556+0000] {logging_mixin.py:188} INFO - [2024-06-01T00:01:58.556+0000] {dag.py:3954} INFO - Setting next_dagrun for example_task_group_decorator to 2024-05-31 00:00:00+00:00, run_after=2024-06-01 00:00:00+00:00
[2024-06-01T00:01:58.572+0000] {processor.py:183} INFO - Processing /home/airflow/.local/lib/python3.12/site-packages/airflow/example_dags/example_task_group_decorator.py took 0.076 seconds
[2024-06-01T00:02:28.796+0000] {processor.py:161} INFO - Started process (PID=5886) to work on /home/airflow/.local/lib/python3.12/site-packages/airflow/example_dags/example_task_group_decorator.py
[2024-06-01T00:02:28.798+0000] {processor.py:830} INFO - Processing file /home/airflow/.local/lib/python3.12/site-packages/airflow/example_dags/example_task_group_decorator.py for tasks to queue
[2024-06-01T00:02:28.800+0000] {logging_mixin.py:188} INFO - [2024-06-01T00:02:28.799+0000] {dagbag.py:545} INFO - Filling up the DagBag from /home/airflow/.local/lib/python3.12/site-packages/airflow/example_dags/example_task_group_decorator.py
[2024-06-01T00:02:28.812+0000] {processor.py:840} INFO - DAG(s) 'example_task_group_decorator' retrieved from /home/airflow/.local/lib/python3.12/site-packages/airflow/example_dags/example_task_group_decorator.py
[2024-06-01T00:02:28.833+0000] {logging_mixin.py:188} INFO - [2024-06-01T00:02:28.833+0000] {dag.py:3096} INFO - Sync 1 DAGs
[2024-06-01T00:02:28.852+0000] {logging_mixin.py:188} INFO - [2024-06-01T00:02:28.852+0000] {dag.py:3954} INFO - Setting next_dagrun for example_task_group_decorator to 2024-05-31 00:00:00+00:00, run_after=2024-06-01 00:00:00+00:00
[2024-06-01T00:02:28.873+0000] {processor.py:183} INFO - Processing /home/airflow/.local/lib/python3.12/site-packages/airflow/example_dags/example_task_group_decorator.py took 0.082 seconds
[2024-06-01T00:02:59.027+0000] {processor.py:161} INFO - Started process (PID=5944) to work on /home/airflow/.local/lib/python3.12/site-packages/airflow/example_dags/example_task_group_decorator.py
[2024-06-01T00:02:59.030+0000] {processor.py:830} INFO - Processing file /home/airflow/.local/lib/python3.12/site-packages/airflow/example_dags/example_task_group_decorator.py for tasks to queue
[2024-06-01T00:02:59.032+0000] {logging_mixin.py:188} INFO - [2024-06-01T00:02:59.032+0000] {dagbag.py:545} INFO - Filling up the DagBag from /home/airflow/.local/lib/python3.12/site-packages/airflow/example_dags/example_task_group_decorator.py
[2024-06-01T00:02:59.043+0000] {processor.py:840} INFO - DAG(s) 'example_task_group_decorator' retrieved from /home/airflow/.local/lib/python3.12/site-packages/airflow/example_dags/example_task_group_decorator.py
[2024-06-01T00:02:59.063+0000] {logging_mixin.py:188} INFO - [2024-06-01T00:02:59.063+0000] {dag.py:3096} INFO - Sync 1 DAGs
[2024-06-01T00:02:59.082+0000] {logging_mixin.py:188} INFO - [2024-06-01T00:02:59.081+0000] {dag.py:3954} INFO - Setting next_dagrun for example_task_group_decorator to 2024-05-31 00:00:00+00:00, run_after=2024-06-01 00:00:00+00:00
[2024-06-01T00:02:59.100+0000] {processor.py:183} INFO - Processing /home/airflow/.local/lib/python3.12/site-packages/airflow/example_dags/example_task_group_decorator.py took 0.079 seconds
[2024-06-01T00:03:29.319+0000] {processor.py:161} INFO - Started process (PID=6002) to work on /home/airflow/.local/lib/python3.12/site-packages/airflow/example_dags/example_task_group_decorator.py
[2024-06-01T00:03:29.321+0000] {processor.py:830} INFO - Processing file /home/airflow/.local/lib/python3.12/site-packages/airflow/example_dags/example_task_group_decorator.py for tasks to queue
[2024-06-01T00:03:29.324+0000] {logging_mixin.py:188} INFO - [2024-06-01T00:03:29.323+0000] {dagbag.py:545} INFO - Filling up the DagBag from /home/airflow/.local/lib/python3.12/site-packages/airflow/example_dags/example_task_group_decorator.py
[2024-06-01T00:03:29.335+0000] {processor.py:840} INFO - DAG(s) 'example_task_group_decorator' retrieved from /home/airflow/.local/lib/python3.12/site-packages/airflow/example_dags/example_task_group_decorator.py
[2024-06-01T00:03:29.356+0000] {logging_mixin.py:188} INFO - [2024-06-01T00:03:29.356+0000] {dag.py:3096} INFO - Sync 1 DAGs
[2024-06-01T00:03:29.374+0000] {logging_mixin.py:188} INFO - [2024-06-01T00:03:29.374+0000] {dag.py:3954} INFO - Setting next_dagrun for example_task_group_decorator to 2024-05-31 00:00:00+00:00, run_after=2024-06-01 00:00:00+00:00
[2024-06-01T00:03:29.390+0000] {processor.py:183} INFO - Processing /home/airflow/.local/lib/python3.12/site-packages/airflow/example_dags/example_task_group_decorator.py took 0.076 seconds
[2024-06-01T00:03:59.569+0000] {processor.py:161} INFO - Started process (PID=6060) to work on /home/airflow/.local/lib/python3.12/site-packages/airflow/example_dags/example_task_group_decorator.py
[2024-06-01T00:03:59.571+0000] {processor.py:830} INFO - Processing file /home/airflow/.local/lib/python3.12/site-packages/airflow/example_dags/example_task_group_decorator.py for tasks to queue
[2024-06-01T00:03:59.574+0000] {logging_mixin.py:188} INFO - [2024-06-01T00:03:59.574+0000] {dagbag.py:545} INFO - Filling up the DagBag from /home/airflow/.local/lib/python3.12/site-packages/airflow/example_dags/example_task_group_decorator.py
[2024-06-01T00:03:59.586+0000] {processor.py:840} INFO - DAG(s) 'example_task_group_decorator' retrieved from /home/airflow/.local/lib/python3.12/site-packages/airflow/example_dags/example_task_group_decorator.py
[2024-06-01T00:03:59.609+0000] {logging_mixin.py:188} INFO - [2024-06-01T00:03:59.609+0000] {dag.py:3096} INFO - Sync 1 DAGs
[2024-06-01T00:03:59.627+0000] {logging_mixin.py:188} INFO - [2024-06-01T00:03:59.627+0000] {dag.py:3954} INFO - Setting next_dagrun for example_task_group_decorator to 2024-05-31 00:00:00+00:00, run_after=2024-06-01 00:00:00+00:00
[2024-06-01T00:03:59.648+0000] {processor.py:183} INFO - Processing /home/airflow/.local/lib/python3.12/site-packages/airflow/example_dags/example_task_group_decorator.py took 0.084 seconds
[2024-06-01T00:04:29.972+0000] {processor.py:161} INFO - Started process (PID=6117) to work on /home/airflow/.local/lib/python3.12/site-packages/airflow/example_dags/example_task_group_decorator.py
[2024-06-01T00:04:29.974+0000] {processor.py:830} INFO - Processing file /home/airflow/.local/lib/python3.12/site-packages/airflow/example_dags/example_task_group_decorator.py for tasks to queue
[2024-06-01T00:04:29.977+0000] {logging_mixin.py:188} INFO - [2024-06-01T00:04:29.977+0000] {dagbag.py:545} INFO - Filling up the DagBag from /home/airflow/.local/lib/python3.12/site-packages/airflow/example_dags/example_task_group_decorator.py
[2024-06-01T00:04:29.988+0000] {processor.py:840} INFO - DAG(s) 'example_task_group_decorator' retrieved from /home/airflow/.local/lib/python3.12/site-packages/airflow/example_dags/example_task_group_decorator.py
[2024-06-01T00:04:30.009+0000] {logging_mixin.py:188} INFO - [2024-06-01T00:04:30.009+0000] {dag.py:3096} INFO - Sync 1 DAGs
[2024-06-01T00:04:30.027+0000] {logging_mixin.py:188} INFO - [2024-06-01T00:04:30.027+0000] {dag.py:3954} INFO - Setting next_dagrun for example_task_group_decorator to 2024-05-31 00:00:00+00:00, run_after=2024-06-01 00:00:00+00:00
[2024-06-01T00:04:30.044+0000] {processor.py:183} INFO - Processing /home/airflow/.local/lib/python3.12/site-packages/airflow/example_dags/example_task_group_decorator.py took 0.079 seconds
[2024-06-01T00:05:00.346+0000] {processor.py:161} INFO - Started process (PID=6175) to work on /home/airflow/.local/lib/python3.12/site-packages/airflow/example_dags/example_task_group_decorator.py
[2024-06-01T00:05:00.347+0000] {processor.py:830} INFO - Processing file /home/airflow/.local/lib/python3.12/site-packages/airflow/example_dags/example_task_group_decorator.py for tasks to queue
[2024-06-01T00:05:00.350+0000] {logging_mixin.py:188} INFO - [2024-06-01T00:05:00.349+0000] {dagbag.py:545} INFO - Filling up the DagBag from /home/airflow/.local/lib/python3.12/site-packages/airflow/example_dags/example_task_group_decorator.py
[2024-06-01T00:05:00.362+0000] {processor.py:840} INFO - DAG(s) 'example_task_group_decorator' retrieved from /home/airflow/.local/lib/python3.12/site-packages/airflow/example_dags/example_task_group_decorator.py
[2024-06-01T00:05:00.384+0000] {logging_mixin.py:188} INFO - [2024-06-01T00:05:00.384+0000] {dag.py:3096} INFO - Sync 1 DAGs
[2024-06-01T00:05:00.402+0000] {logging_mixin.py:188} INFO - [2024-06-01T00:05:00.402+0000] {dag.py:3954} INFO - Setting next_dagrun for example_task_group_decorator to 2024-05-31 00:00:00+00:00, run_after=2024-06-01 00:00:00+00:00
[2024-06-01T00:05:00.421+0000] {processor.py:183} INFO - Processing /home/airflow/.local/lib/python3.12/site-packages/airflow/example_dags/example_task_group_decorator.py took 0.081 seconds
[2024-06-01T00:05:30.881+0000] {processor.py:161} INFO - Started process (PID=6233) to work on /home/airflow/.local/lib/python3.12/site-packages/airflow/example_dags/example_task_group_decorator.py
[2024-06-01T00:05:30.883+0000] {processor.py:830} INFO - Processing file /home/airflow/.local/lib/python3.12/site-packages/airflow/example_dags/example_task_group_decorator.py for tasks to queue
[2024-06-01T00:05:30.885+0000] {logging_mixin.py:188} INFO - [2024-06-01T00:05:30.885+0000] {dagbag.py:545} INFO - Filling up the DagBag from /home/airflow/.local/lib/python3.12/site-packages/airflow/example_dags/example_task_group_decorator.py
[2024-06-01T00:05:30.898+0000] {processor.py:840} INFO - DAG(s) 'example_task_group_decorator' retrieved from /home/airflow/.local/lib/python3.12/site-packages/airflow/example_dags/example_task_group_decorator.py
[2024-06-01T00:05:30.918+0000] {logging_mixin.py:188} INFO - [2024-06-01T00:05:30.918+0000] {dag.py:3096} INFO - Sync 1 DAGs
[2024-06-01T00:05:30.935+0000] {logging_mixin.py:188} INFO - [2024-06-01T00:05:30.934+0000] {dag.py:3954} INFO - Setting next_dagrun for example_task_group_decorator to 2024-05-31 00:00:00+00:00, run_after=2024-06-01 00:00:00+00:00
[2024-06-01T00:05:30.951+0000] {processor.py:183} INFO - Processing /home/airflow/.local/lib/python3.12/site-packages/airflow/example_dags/example_task_group_decorator.py took 0.078 seconds
[2024-06-01T00:06:01.305+0000] {processor.py:161} INFO - Started process (PID=6291) to work on /home/airflow/.local/lib/python3.12/site-packages/airflow/example_dags/example_task_group_decorator.py
[2024-06-01T00:06:01.306+0000] {processor.py:830} INFO - Processing file /home/airflow/.local/lib/python3.12/site-packages/airflow/example_dags/example_task_group_decorator.py for tasks to queue
[2024-06-01T00:06:01.308+0000] {logging_mixin.py:188} INFO - [2024-06-01T00:06:01.308+0000] {dagbag.py:545} INFO - Filling up the DagBag from /home/airflow/.local/lib/python3.12/site-packages/airflow/example_dags/example_task_group_decorator.py
[2024-06-01T00:06:01.320+0000] {processor.py:840} INFO - DAG(s) 'example_task_group_decorator' retrieved from /home/airflow/.local/lib/python3.12/site-packages/airflow/example_dags/example_task_group_decorator.py
[2024-06-01T00:06:01.339+0000] {logging_mixin.py:188} INFO - [2024-06-01T00:06:01.339+0000] {dag.py:3096} INFO - Sync 1 DAGs
[2024-06-01T00:06:01.358+0000] {logging_mixin.py:188} INFO - [2024-06-01T00:06:01.357+0000] {dag.py:3954} INFO - Setting next_dagrun for example_task_group_decorator to 2024-05-31 00:00:00+00:00, run_after=2024-06-01 00:00:00+00:00
[2024-06-01T00:06:01.377+0000] {processor.py:183} INFO - Processing /home/airflow/.local/lib/python3.12/site-packages/airflow/example_dags/example_task_group_decorator.py took 0.077 seconds
[2024-06-01T00:06:32.537+0000] {processor.py:161} INFO - Started process (PID=6350) to work on /home/airflow/.local/lib/python3.12/site-packages/airflow/example_dags/example_task_group_decorator.py
[2024-06-01T00:06:32.539+0000] {processor.py:830} INFO - Processing file /home/airflow/.local/lib/python3.12/site-packages/airflow/example_dags/example_task_group_decorator.py for tasks to queue
[2024-06-01T00:06:32.542+0000] {logging_mixin.py:188} INFO - [2024-06-01T00:06:32.542+0000] {dagbag.py:545} INFO - Filling up the DagBag from /home/airflow/.local/lib/python3.12/site-packages/airflow/example_dags/example_task_group_decorator.py
[2024-06-01T00:06:32.553+0000] {processor.py:840} INFO - DAG(s) 'example_task_group_decorator' retrieved from /home/airflow/.local/lib/python3.12/site-packages/airflow/example_dags/example_task_group_decorator.py
[2024-06-01T00:06:32.576+0000] {logging_mixin.py:188} INFO - [2024-06-01T00:06:32.576+0000] {dag.py:3096} INFO - Sync 1 DAGs
[2024-06-01T00:06:32.595+0000] {logging_mixin.py:188} INFO - [2024-06-01T00:06:32.595+0000] {dag.py:3954} INFO - Setting next_dagrun for example_task_group_decorator to 2024-05-31 00:00:00+00:00, run_after=2024-06-01 00:00:00+00:00
[2024-06-01T00:06:32.612+0000] {processor.py:183} INFO - Processing /home/airflow/.local/lib/python3.12/site-packages/airflow/example_dags/example_task_group_decorator.py took 0.080 seconds
[2024-06-01T00:07:03.186+0000] {processor.py:161} INFO - Started process (PID=6408) to work on /home/airflow/.local/lib/python3.12/site-packages/airflow/example_dags/example_task_group_decorator.py
[2024-06-01T00:07:03.188+0000] {processor.py:830} INFO - Processing file /home/airflow/.local/lib/python3.12/site-packages/airflow/example_dags/example_task_group_decorator.py for tasks to queue
[2024-06-01T00:07:03.191+0000] {logging_mixin.py:188} INFO - [2024-06-01T00:07:03.191+0000] {dagbag.py:545} INFO - Filling up the DagBag from /home/airflow/.local/lib/python3.12/site-packages/airflow/example_dags/example_task_group_decorator.py
[2024-06-01T00:07:03.202+0000] {processor.py:840} INFO - DAG(s) 'example_task_group_decorator' retrieved from /home/airflow/.local/lib/python3.12/site-packages/airflow/example_dags/example_task_group_decorator.py
[2024-06-01T00:07:03.224+0000] {logging_mixin.py:188} INFO - [2024-06-01T00:07:03.223+0000] {dag.py:3096} INFO - Sync 1 DAGs
[2024-06-01T00:07:03.241+0000] {logging_mixin.py:188} INFO - [2024-06-01T00:07:03.241+0000] {dag.py:3954} INFO - Setting next_dagrun for example_task_group_decorator to 2024-05-31 00:00:00+00:00, run_after=2024-06-01 00:00:00+00:00
[2024-06-01T00:07:03.259+0000] {processor.py:183} INFO - Processing /home/airflow/.local/lib/python3.12/site-packages/airflow/example_dags/example_task_group_decorator.py took 0.078 seconds
[2024-06-01T00:07:34.145+0000] {processor.py:161} INFO - Started process (PID=6466) to work on /home/airflow/.local/lib/python3.12/site-packages/airflow/example_dags/example_task_group_decorator.py
[2024-06-01T00:07:34.147+0000] {processor.py:830} INFO - Processing file /home/airflow/.local/lib/python3.12/site-packages/airflow/example_dags/example_task_group_decorator.py for tasks to queue
[2024-06-01T00:07:34.150+0000] {logging_mixin.py:188} INFO - [2024-06-01T00:07:34.150+0000] {dagbag.py:545} INFO - Filling up the DagBag from /home/airflow/.local/lib/python3.12/site-packages/airflow/example_dags/example_task_group_decorator.py
[2024-06-01T00:07:34.162+0000] {processor.py:840} INFO - DAG(s) 'example_task_group_decorator' retrieved from /home/airflow/.local/lib/python3.12/site-packages/airflow/example_dags/example_task_group_decorator.py
[2024-06-01T00:07:34.185+0000] {logging_mixin.py:188} INFO - [2024-06-01T00:07:34.185+0000] {dag.py:3096} INFO - Sync 1 DAGs
[2024-06-01T00:07:34.311+0000] {logging_mixin.py:188} INFO - [2024-06-01T00:07:34.311+0000] {dag.py:3954} INFO - Setting next_dagrun for example_task_group_decorator to 2024-05-31 00:00:00+00:00, run_after=2024-06-01 00:00:00+00:00
[2024-06-01T00:07:34.328+0000] {processor.py:183} INFO - Processing /home/airflow/.local/lib/python3.12/site-packages/airflow/example_dags/example_task_group_decorator.py took 0.188 seconds
[2024-06-01T00:08:04.483+0000] {processor.py:161} INFO - Started process (PID=6523) to work on /home/airflow/.local/lib/python3.12/site-packages/airflow/example_dags/example_task_group_decorator.py
[2024-06-01T00:08:04.486+0000] {processor.py:830} INFO - Processing file /home/airflow/.local/lib/python3.12/site-packages/airflow/example_dags/example_task_group_decorator.py for tasks to queue
[2024-06-01T00:08:04.488+0000] {logging_mixin.py:188} INFO - [2024-06-01T00:08:04.488+0000] {dagbag.py:545} INFO - Filling up the DagBag from /home/airflow/.local/lib/python3.12/site-packages/airflow/example_dags/example_task_group_decorator.py
[2024-06-01T00:08:04.500+0000] {processor.py:840} INFO - DAG(s) 'example_task_group_decorator' retrieved from /home/airflow/.local/lib/python3.12/site-packages/airflow/example_dags/example_task_group_decorator.py
[2024-06-01T00:08:04.522+0000] {logging_mixin.py:188} INFO - [2024-06-01T00:08:04.522+0000] {dag.py:3096} INFO - Sync 1 DAGs
[2024-06-01T00:08:04.540+0000] {logging_mixin.py:188} INFO - [2024-06-01T00:08:04.540+0000] {dag.py:3954} INFO - Setting next_dagrun for example_task_group_decorator to 2024-05-31 00:00:00+00:00, run_after=2024-06-01 00:00:00+00:00
[2024-06-01T00:08:04.656+0000] {processor.py:183} INFO - Processing /home/airflow/.local/lib/python3.12/site-packages/airflow/example_dags/example_task_group_decorator.py took 0.178 seconds
[2024-06-01T00:08:35.314+0000] {processor.py:161} INFO - Started process (PID=6581) to work on /home/airflow/.local/lib/python3.12/site-packages/airflow/example_dags/example_task_group_decorator.py
[2024-06-01T00:08:35.316+0000] {processor.py:830} INFO - Processing file /home/airflow/.local/lib/python3.12/site-packages/airflow/example_dags/example_task_group_decorator.py for tasks to queue
[2024-06-01T00:08:35.319+0000] {logging_mixin.py:188} INFO - [2024-06-01T00:08:35.318+0000] {dagbag.py:545} INFO - Filling up the DagBag from /home/airflow/.local/lib/python3.12/site-packages/airflow/example_dags/example_task_group_decorator.py
[2024-06-01T00:08:35.331+0000] {processor.py:840} INFO - DAG(s) 'example_task_group_decorator' retrieved from /home/airflow/.local/lib/python3.12/site-packages/airflow/example_dags/example_task_group_decorator.py
[2024-06-01T00:08:35.354+0000] {logging_mixin.py:188} INFO - [2024-06-01T00:08:35.354+0000] {dag.py:3096} INFO - Sync 1 DAGs
[2024-06-01T00:08:35.373+0000] {logging_mixin.py:188} INFO - [2024-06-01T00:08:35.372+0000] {dag.py:3954} INFO - Setting next_dagrun for example_task_group_decorator to 2024-05-31 00:00:00+00:00, run_after=2024-06-01 00:00:00+00:00
[2024-06-01T00:08:35.395+0000] {processor.py:183} INFO - Processing /home/airflow/.local/lib/python3.12/site-packages/airflow/example_dags/example_task_group_decorator.py took 0.085 seconds
[2024-06-01T00:09:06.257+0000] {processor.py:161} INFO - Started process (PID=6639) to work on /home/airflow/.local/lib/python3.12/site-packages/airflow/example_dags/example_task_group_decorator.py
[2024-06-01T00:09:06.259+0000] {processor.py:830} INFO - Processing file /home/airflow/.local/lib/python3.12/site-packages/airflow/example_dags/example_task_group_decorator.py for tasks to queue
[2024-06-01T00:09:06.262+0000] {logging_mixin.py:188} INFO - [2024-06-01T00:09:06.262+0000] {dagbag.py:545} INFO - Filling up the DagBag from /home/airflow/.local/lib/python3.12/site-packages/airflow/example_dags/example_task_group_decorator.py
[2024-06-01T00:09:06.273+0000] {processor.py:840} INFO - DAG(s) 'example_task_group_decorator' retrieved from /home/airflow/.local/lib/python3.12/site-packages/airflow/example_dags/example_task_group_decorator.py
[2024-06-01T00:09:06.294+0000] {logging_mixin.py:188} INFO - [2024-06-01T00:09:06.294+0000] {dag.py:3096} INFO - Sync 1 DAGs
[2024-06-01T00:09:06.311+0000] {logging_mixin.py:188} INFO - [2024-06-01T00:09:06.311+0000] {dag.py:3954} INFO - Setting next_dagrun for example_task_group_decorator to 2024-05-31 00:00:00+00:00, run_after=2024-06-01 00:00:00+00:00
[2024-06-01T00:09:06.330+0000] {processor.py:183} INFO - Processing /home/airflow/.local/lib/python3.12/site-packages/airflow/example_dags/example_task_group_decorator.py took 0.079 seconds
[2024-06-01T00:09:36.884+0000] {processor.py:161} INFO - Started process (PID=6697) to work on /home/airflow/.local/lib/python3.12/site-packages/airflow/example_dags/example_task_group_decorator.py
[2024-06-01T00:09:36.887+0000] {processor.py:830} INFO - Processing file /home/airflow/.local/lib/python3.12/site-packages/airflow/example_dags/example_task_group_decorator.py for tasks to queue
[2024-06-01T00:09:36.889+0000] {logging_mixin.py:188} INFO - [2024-06-01T00:09:36.889+0000] {dagbag.py:545} INFO - Filling up the DagBag from /home/airflow/.local/lib/python3.12/site-packages/airflow/example_dags/example_task_group_decorator.py
[2024-06-01T00:09:36.900+0000] {processor.py:840} INFO - DAG(s) 'example_task_group_decorator' retrieved from /home/airflow/.local/lib/python3.12/site-packages/airflow/example_dags/example_task_group_decorator.py
[2024-06-01T00:09:36.920+0000] {logging_mixin.py:188} INFO - [2024-06-01T00:09:36.920+0000] {dag.py:3096} INFO - Sync 1 DAGs
[2024-06-01T00:09:36.939+0000] {logging_mixin.py:188} INFO - [2024-06-01T00:09:36.938+0000] {dag.py:3954} INFO - Setting next_dagrun for example_task_group_decorator to 2024-05-31 00:00:00+00:00, run_after=2024-06-01 00:00:00+00:00
[2024-06-01T00:09:36.956+0000] {processor.py:183} INFO - Processing /home/airflow/.local/lib/python3.12/site-packages/airflow/example_dags/example_task_group_decorator.py took 0.077 seconds
[2024-06-01T00:10:07.328+0000] {processor.py:161} INFO - Started process (PID=6755) to work on /home/airflow/.local/lib/python3.12/site-packages/airflow/example_dags/example_task_group_decorator.py
[2024-06-01T00:10:07.329+0000] {processor.py:830} INFO - Processing file /home/airflow/.local/lib/python3.12/site-packages/airflow/example_dags/example_task_group_decorator.py for tasks to queue
[2024-06-01T00:10:07.331+0000] {logging_mixin.py:188} INFO - [2024-06-01T00:10:07.331+0000] {dagbag.py:545} INFO - Filling up the DagBag from /home/airflow/.local/lib/python3.12/site-packages/airflow/example_dags/example_task_group_decorator.py
[2024-06-01T00:10:07.342+0000] {processor.py:840} INFO - DAG(s) 'example_task_group_decorator' retrieved from /home/airflow/.local/lib/python3.12/site-packages/airflow/example_dags/example_task_group_decorator.py
[2024-06-01T00:10:07.363+0000] {logging_mixin.py:188} INFO - [2024-06-01T00:10:07.363+0000] {dag.py:3096} INFO - Sync 1 DAGs
[2024-06-01T00:10:07.381+0000] {logging_mixin.py:188} INFO - [2024-06-01T00:10:07.381+0000] {dag.py:3954} INFO - Setting next_dagrun for example_task_group_decorator to 2024-05-31 00:00:00+00:00, run_after=2024-06-01 00:00:00+00:00
[2024-06-01T00:10:07.398+0000] {processor.py:183} INFO - Processing /home/airflow/.local/lib/python3.12/site-packages/airflow/example_dags/example_task_group_decorator.py took 0.076 seconds
[2024-06-01T00:10:37.623+0000] {processor.py:161} INFO - Started process (PID=6813) to work on /home/airflow/.local/lib/python3.12/site-packages/airflow/example_dags/example_task_group_decorator.py
[2024-06-01T00:10:37.624+0000] {processor.py:830} INFO - Processing file /home/airflow/.local/lib/python3.12/site-packages/airflow/example_dags/example_task_group_decorator.py for tasks to queue
[2024-06-01T00:10:37.627+0000] {logging_mixin.py:188} INFO - [2024-06-01T00:10:37.627+0000] {dagbag.py:545} INFO - Filling up the DagBag from /home/airflow/.local/lib/python3.12/site-packages/airflow/example_dags/example_task_group_decorator.py
[2024-06-01T00:10:37.639+0000] {processor.py:840} INFO - DAG(s) 'example_task_group_decorator' retrieved from /home/airflow/.local/lib/python3.12/site-packages/airflow/example_dags/example_task_group_decorator.py
[2024-06-01T00:10:37.662+0000] {logging_mixin.py:188} INFO - [2024-06-01T00:10:37.662+0000] {dag.py:3096} INFO - Sync 1 DAGs
[2024-06-01T00:10:37.679+0000] {logging_mixin.py:188} INFO - [2024-06-01T00:10:37.679+0000] {dag.py:3954} INFO - Setting next_dagrun for example_task_group_decorator to 2024-05-31 00:00:00+00:00, run_after=2024-06-01 00:00:00+00:00
[2024-06-01T00:10:37.698+0000] {processor.py:183} INFO - Processing /home/airflow/.local/lib/python3.12/site-packages/airflow/example_dags/example_task_group_decorator.py took 0.080 seconds
[2024-06-01T00:11:07.895+0000] {processor.py:161} INFO - Started process (PID=6871) to work on /home/airflow/.local/lib/python3.12/site-packages/airflow/example_dags/example_task_group_decorator.py
[2024-06-01T00:11:07.897+0000] {processor.py:830} INFO - Processing file /home/airflow/.local/lib/python3.12/site-packages/airflow/example_dags/example_task_group_decorator.py for tasks to queue
[2024-06-01T00:11:07.900+0000] {logging_mixin.py:188} INFO - [2024-06-01T00:11:07.900+0000] {dagbag.py:545} INFO - Filling up the DagBag from /home/airflow/.local/lib/python3.12/site-packages/airflow/example_dags/example_task_group_decorator.py
[2024-06-01T00:11:07.913+0000] {processor.py:840} INFO - DAG(s) 'example_task_group_decorator' retrieved from /home/airflow/.local/lib/python3.12/site-packages/airflow/example_dags/example_task_group_decorator.py
[2024-06-01T00:11:07.936+0000] {logging_mixin.py:188} INFO - [2024-06-01T00:11:07.936+0000] {dag.py:3096} INFO - Sync 1 DAGs
[2024-06-01T00:11:07.956+0000] {logging_mixin.py:188} INFO - [2024-06-01T00:11:07.956+0000] {dag.py:3954} INFO - Setting next_dagrun for example_task_group_decorator to 2024-05-31 00:00:00+00:00, run_after=2024-06-01 00:00:00+00:00
[2024-06-01T00:11:07.973+0000] {processor.py:183} INFO - Processing /home/airflow/.local/lib/python3.12/site-packages/airflow/example_dags/example_task_group_decorator.py took 0.084 seconds
[2024-06-01T00:11:38.141+0000] {processor.py:161} INFO - Started process (PID=6929) to work on /home/airflow/.local/lib/python3.12/site-packages/airflow/example_dags/example_task_group_decorator.py
[2024-06-01T00:11:38.143+0000] {processor.py:830} INFO - Processing file /home/airflow/.local/lib/python3.12/site-packages/airflow/example_dags/example_task_group_decorator.py for tasks to queue
[2024-06-01T00:11:38.146+0000] {logging_mixin.py:188} INFO - [2024-06-01T00:11:38.145+0000] {dagbag.py:545} INFO - Filling up the DagBag from /home/airflow/.local/lib/python3.12/site-packages/airflow/example_dags/example_task_group_decorator.py
[2024-06-01T00:11:38.157+0000] {processor.py:840} INFO - DAG(s) 'example_task_group_decorator' retrieved from /home/airflow/.local/lib/python3.12/site-packages/airflow/example_dags/example_task_group_decorator.py
[2024-06-01T00:11:38.178+0000] {logging_mixin.py:188} INFO - [2024-06-01T00:11:38.178+0000] {dag.py:3096} INFO - Sync 1 DAGs
[2024-06-01T00:11:38.196+0000] {logging_mixin.py:188} INFO - [2024-06-01T00:11:38.196+0000] {dag.py:3954} INFO - Setting next_dagrun for example_task_group_decorator to 2024-05-31 00:00:00+00:00, run_after=2024-06-01 00:00:00+00:00
[2024-06-01T00:11:38.213+0000] {processor.py:183} INFO - Processing /home/airflow/.local/lib/python3.12/site-packages/airflow/example_dags/example_task_group_decorator.py took 0.076 seconds
[2024-06-01T00:12:08.522+0000] {processor.py:161} INFO - Started process (PID=6986) to work on /home/airflow/.local/lib/python3.12/site-packages/airflow/example_dags/example_task_group_decorator.py
[2024-06-01T00:12:08.524+0000] {processor.py:830} INFO - Processing file /home/airflow/.local/lib/python3.12/site-packages/airflow/example_dags/example_task_group_decorator.py for tasks to queue
[2024-06-01T00:12:08.525+0000] {logging_mixin.py:188} INFO - [2024-06-01T00:12:08.525+0000] {dagbag.py:545} INFO - Filling up the DagBag from /home/airflow/.local/lib/python3.12/site-packages/airflow/example_dags/example_task_group_decorator.py
[2024-06-01T00:12:08.536+0000] {processor.py:840} INFO - DAG(s) 'example_task_group_decorator' retrieved from /home/airflow/.local/lib/python3.12/site-packages/airflow/example_dags/example_task_group_decorator.py
[2024-06-01T00:12:08.557+0000] {logging_mixin.py:188} INFO - [2024-06-01T00:12:08.557+0000] {dag.py:3096} INFO - Sync 1 DAGs
[2024-06-01T00:12:08.574+0000] {logging_mixin.py:188} INFO - [2024-06-01T00:12:08.574+0000] {dag.py:3954} INFO - Setting next_dagrun for example_task_group_decorator to 2024-05-31 00:00:00+00:00, run_after=2024-06-01 00:00:00+00:00
[2024-06-01T00:12:08.591+0000] {processor.py:183} INFO - Processing /home/airflow/.local/lib/python3.12/site-packages/airflow/example_dags/example_task_group_decorator.py took 0.074 seconds
[2024-06-01T00:12:39.187+0000] {processor.py:161} INFO - Started process (PID=7044) to work on /home/airflow/.local/lib/python3.12/site-packages/airflow/example_dags/example_task_group_decorator.py
[2024-06-01T00:12:39.189+0000] {processor.py:830} INFO - Processing file /home/airflow/.local/lib/python3.12/site-packages/airflow/example_dags/example_task_group_decorator.py for tasks to queue
[2024-06-01T00:12:39.192+0000] {logging_mixin.py:188} INFO - [2024-06-01T00:12:39.191+0000] {dagbag.py:545} INFO - Filling up the DagBag from /home/airflow/.local/lib/python3.12/site-packages/airflow/example_dags/example_task_group_decorator.py
[2024-06-01T00:12:39.202+0000] {processor.py:840} INFO - DAG(s) 'example_task_group_decorator' retrieved from /home/airflow/.local/lib/python3.12/site-packages/airflow/example_dags/example_task_group_decorator.py
[2024-06-01T00:12:39.224+0000] {logging_mixin.py:188} INFO - [2024-06-01T00:12:39.223+0000] {dag.py:3096} INFO - Sync 1 DAGs
[2024-06-01T00:12:39.240+0000] {logging_mixin.py:188} INFO - [2024-06-01T00:12:39.240+0000] {dag.py:3954} INFO - Setting next_dagrun for example_task_group_decorator to 2024-05-31 00:00:00+00:00, run_after=2024-06-01 00:00:00+00:00
[2024-06-01T00:12:39.258+0000] {processor.py:183} INFO - Processing /home/airflow/.local/lib/python3.12/site-packages/airflow/example_dags/example_task_group_decorator.py took 0.075 seconds
[2024-06-01T00:13:09.635+0000] {processor.py:161} INFO - Started process (PID=7102) to work on /home/airflow/.local/lib/python3.12/site-packages/airflow/example_dags/example_task_group_decorator.py
[2024-06-01T00:13:09.637+0000] {processor.py:830} INFO - Processing file /home/airflow/.local/lib/python3.12/site-packages/airflow/example_dags/example_task_group_decorator.py for tasks to queue
[2024-06-01T00:13:09.639+0000] {logging_mixin.py:188} INFO - [2024-06-01T00:13:09.639+0000] {dagbag.py:545} INFO - Filling up the DagBag from /home/airflow/.local/lib/python3.12/site-packages/airflow/example_dags/example_task_group_decorator.py
[2024-06-01T00:13:09.651+0000] {processor.py:840} INFO - DAG(s) 'example_task_group_decorator' retrieved from /home/airflow/.local/lib/python3.12/site-packages/airflow/example_dags/example_task_group_decorator.py
[2024-06-01T00:13:09.671+0000] {logging_mixin.py:188} INFO - [2024-06-01T00:13:09.671+0000] {dag.py:3096} INFO - Sync 1 DAGs
[2024-06-01T00:13:09.689+0000] {logging_mixin.py:188} INFO - [2024-06-01T00:13:09.689+0000] {dag.py:3954} INFO - Setting next_dagrun for example_task_group_decorator to 2024-05-31 00:00:00+00:00, run_after=2024-06-01 00:00:00+00:00
[2024-06-01T00:13:09.706+0000] {processor.py:183} INFO - Processing /home/airflow/.local/lib/python3.12/site-packages/airflow/example_dags/example_task_group_decorator.py took 0.076 seconds
[2024-06-01T00:13:40.026+0000] {processor.py:161} INFO - Started process (PID=7160) to work on /home/airflow/.local/lib/python3.12/site-packages/airflow/example_dags/example_task_group_decorator.py
[2024-06-01T00:13:40.028+0000] {processor.py:830} INFO - Processing file /home/airflow/.local/lib/python3.12/site-packages/airflow/example_dags/example_task_group_decorator.py for tasks to queue
[2024-06-01T00:13:40.030+0000] {logging_mixin.py:188} INFO - [2024-06-01T00:13:40.030+0000] {dagbag.py:545} INFO - Filling up the DagBag from /home/airflow/.local/lib/python3.12/site-packages/airflow/example_dags/example_task_group_decorator.py
[2024-06-01T00:13:40.043+0000] {processor.py:840} INFO - DAG(s) 'example_task_group_decorator' retrieved from /home/airflow/.local/lib/python3.12/site-packages/airflow/example_dags/example_task_group_decorator.py
[2024-06-01T00:13:40.066+0000] {logging_mixin.py:188} INFO - [2024-06-01T00:13:40.066+0000] {dag.py:3096} INFO - Sync 1 DAGs
[2024-06-01T00:13:40.085+0000] {logging_mixin.py:188} INFO - [2024-06-01T00:13:40.085+0000] {dag.py:3954} INFO - Setting next_dagrun for example_task_group_decorator to 2024-05-31 00:00:00+00:00, run_after=2024-06-01 00:00:00+00:00
[2024-06-01T00:13:40.101+0000] {processor.py:183} INFO - Processing /home/airflow/.local/lib/python3.12/site-packages/airflow/example_dags/example_task_group_decorator.py took 0.081 seconds
[2024-06-01T00:14:10.850+0000] {processor.py:161} INFO - Started process (PID=7218) to work on /home/airflow/.local/lib/python3.12/site-packages/airflow/example_dags/example_task_group_decorator.py
[2024-06-01T00:14:10.852+0000] {processor.py:830} INFO - Processing file /home/airflow/.local/lib/python3.12/site-packages/airflow/example_dags/example_task_group_decorator.py for tasks to queue
[2024-06-01T00:14:10.855+0000] {logging_mixin.py:188} INFO - [2024-06-01T00:14:10.854+0000] {dagbag.py:545} INFO - Filling up the DagBag from /home/airflow/.local/lib/python3.12/site-packages/airflow/example_dags/example_task_group_decorator.py
[2024-06-01T00:14:10.866+0000] {processor.py:840} INFO - DAG(s) 'example_task_group_decorator' retrieved from /home/airflow/.local/lib/python3.12/site-packages/airflow/example_dags/example_task_group_decorator.py
[2024-06-01T00:14:10.888+0000] {logging_mixin.py:188} INFO - [2024-06-01T00:14:10.887+0000] {dag.py:3096} INFO - Sync 1 DAGs
[2024-06-01T00:14:10.904+0000] {logging_mixin.py:188} INFO - [2024-06-01T00:14:10.904+0000] {dag.py:3954} INFO - Setting next_dagrun for example_task_group_decorator to 2024-05-31 00:00:00+00:00, run_after=2024-06-01 00:00:00+00:00
[2024-06-01T00:14:10.924+0000] {processor.py:183} INFO - Processing /home/airflow/.local/lib/python3.12/site-packages/airflow/example_dags/example_task_group_decorator.py took 0.078 seconds
[2024-06-01T00:14:41.477+0000] {processor.py:161} INFO - Started process (PID=7276) to work on /home/airflow/.local/lib/python3.12/site-packages/airflow/example_dags/example_task_group_decorator.py
[2024-06-01T00:14:41.478+0000] {processor.py:830} INFO - Processing file /home/airflow/.local/lib/python3.12/site-packages/airflow/example_dags/example_task_group_decorator.py for tasks to queue
[2024-06-01T00:14:41.481+0000] {logging_mixin.py:188} INFO - [2024-06-01T00:14:41.481+0000] {dagbag.py:545} INFO - Filling up the DagBag from /home/airflow/.local/lib/python3.12/site-packages/airflow/example_dags/example_task_group_decorator.py
[2024-06-01T00:14:41.492+0000] {processor.py:840} INFO - DAG(s) 'example_task_group_decorator' retrieved from /home/airflow/.local/lib/python3.12/site-packages/airflow/example_dags/example_task_group_decorator.py
[2024-06-01T00:14:41.511+0000] {logging_mixin.py:188} INFO - [2024-06-01T00:14:41.511+0000] {dag.py:3096} INFO - Sync 1 DAGs
[2024-06-01T00:14:41.528+0000] {logging_mixin.py:188} INFO - [2024-06-01T00:14:41.528+0000] {dag.py:3954} INFO - Setting next_dagrun for example_task_group_decorator to 2024-05-31 00:00:00+00:00, run_after=2024-06-01 00:00:00+00:00
[2024-06-01T00:14:41.545+0000] {processor.py:183} INFO - Processing /home/airflow/.local/lib/python3.12/site-packages/airflow/example_dags/example_task_group_decorator.py took 0.073 seconds
[2024-06-01T00:15:12.120+0000] {processor.py:161} INFO - Started process (PID=7334) to work on /home/airflow/.local/lib/python3.12/site-packages/airflow/example_dags/example_task_group_decorator.py
[2024-06-01T00:15:12.123+0000] {processor.py:830} INFO - Processing file /home/airflow/.local/lib/python3.12/site-packages/airflow/example_dags/example_task_group_decorator.py for tasks to queue
[2024-06-01T00:15:12.125+0000] {logging_mixin.py:188} INFO - [2024-06-01T00:15:12.125+0000] {dagbag.py:545} INFO - Filling up the DagBag from /home/airflow/.local/lib/python3.12/site-packages/airflow/example_dags/example_task_group_decorator.py
[2024-06-01T00:15:12.136+0000] {processor.py:840} INFO - DAG(s) 'example_task_group_decorator' retrieved from /home/airflow/.local/lib/python3.12/site-packages/airflow/example_dags/example_task_group_decorator.py
[2024-06-01T00:15:12.156+0000] {logging_mixin.py:188} INFO - [2024-06-01T00:15:12.156+0000] {dag.py:3096} INFO - Sync 1 DAGs
[2024-06-01T00:15:12.173+0000] {logging_mixin.py:188} INFO - [2024-06-01T00:15:12.173+0000] {dag.py:3954} INFO - Setting next_dagrun for example_task_group_decorator to 2024-05-31 00:00:00+00:00, run_after=2024-06-01 00:00:00+00:00
[2024-06-01T00:15:12.188+0000] {processor.py:183} INFO - Processing /home/airflow/.local/lib/python3.12/site-packages/airflow/example_dags/example_task_group_decorator.py took 0.073 seconds
[2024-06-01T00:15:42.633+0000] {processor.py:161} INFO - Started process (PID=7392) to work on /home/airflow/.local/lib/python3.12/site-packages/airflow/example_dags/example_task_group_decorator.py
[2024-06-01T00:15:42.635+0000] {processor.py:830} INFO - Processing file /home/airflow/.local/lib/python3.12/site-packages/airflow/example_dags/example_task_group_decorator.py for tasks to queue
[2024-06-01T00:15:42.638+0000] {logging_mixin.py:188} INFO - [2024-06-01T00:15:42.638+0000] {dagbag.py:545} INFO - Filling up the DagBag from /home/airflow/.local/lib/python3.12/site-packages/airflow/example_dags/example_task_group_decorator.py
[2024-06-01T00:15:42.649+0000] {processor.py:840} INFO - DAG(s) 'example_task_group_decorator' retrieved from /home/airflow/.local/lib/python3.12/site-packages/airflow/example_dags/example_task_group_decorator.py
[2024-06-01T00:15:42.668+0000] {logging_mixin.py:188} INFO - [2024-06-01T00:15:42.668+0000] {dag.py:3096} INFO - Sync 1 DAGs
[2024-06-01T00:15:42.686+0000] {logging_mixin.py:188} INFO - [2024-06-01T00:15:42.686+0000] {dag.py:3954} INFO - Setting next_dagrun for example_task_group_decorator to 2024-05-31 00:00:00+00:00, run_after=2024-06-01 00:00:00+00:00
[2024-06-01T00:15:42.703+0000] {processor.py:183} INFO - Processing /home/airflow/.local/lib/python3.12/site-packages/airflow/example_dags/example_task_group_decorator.py took 0.075 seconds
[2024-06-01T00:16:12.812+0000] {processor.py:161} INFO - Started process (PID=7450) to work on /home/airflow/.local/lib/python3.12/site-packages/airflow/example_dags/example_task_group_decorator.py
[2024-06-01T00:16:12.814+0000] {processor.py:830} INFO - Processing file /home/airflow/.local/lib/python3.12/site-packages/airflow/example_dags/example_task_group_decorator.py for tasks to queue
[2024-06-01T00:16:12.817+0000] {logging_mixin.py:188} INFO - [2024-06-01T00:16:12.816+0000] {dagbag.py:545} INFO - Filling up the DagBag from /home/airflow/.local/lib/python3.12/site-packages/airflow/example_dags/example_task_group_decorator.py
[2024-06-01T00:16:12.829+0000] {processor.py:840} INFO - DAG(s) 'example_task_group_decorator' retrieved from /home/airflow/.local/lib/python3.12/site-packages/airflow/example_dags/example_task_group_decorator.py
[2024-06-01T00:16:12.852+0000] {logging_mixin.py:188} INFO - [2024-06-01T00:16:12.852+0000] {dag.py:3096} INFO - Sync 1 DAGs
[2024-06-01T00:16:12.872+0000] {logging_mixin.py:188} INFO - [2024-06-01T00:16:12.872+0000] {dag.py:3954} INFO - Setting next_dagrun for example_task_group_decorator to 2024-05-31 00:00:00+00:00, run_after=2024-06-01 00:00:00+00:00
[2024-06-01T00:16:12.890+0000] {processor.py:183} INFO - Processing /home/airflow/.local/lib/python3.12/site-packages/airflow/example_dags/example_task_group_decorator.py took 0.084 seconds
[2024-06-01T00:16:43.537+0000] {processor.py:161} INFO - Started process (PID=7508) to work on /home/airflow/.local/lib/python3.12/site-packages/airflow/example_dags/example_task_group_decorator.py
[2024-06-01T00:16:43.538+0000] {processor.py:830} INFO - Processing file /home/airflow/.local/lib/python3.12/site-packages/airflow/example_dags/example_task_group_decorator.py for tasks to queue
[2024-06-01T00:16:43.540+0000] {logging_mixin.py:188} INFO - [2024-06-01T00:16:43.540+0000] {dagbag.py:545} INFO - Filling up the DagBag from /home/airflow/.local/lib/python3.12/site-packages/airflow/example_dags/example_task_group_decorator.py
[2024-06-01T00:16:43.552+0000] {processor.py:840} INFO - DAG(s) 'example_task_group_decorator' retrieved from /home/airflow/.local/lib/python3.12/site-packages/airflow/example_dags/example_task_group_decorator.py
[2024-06-01T00:16:43.573+0000] {logging_mixin.py:188} INFO - [2024-06-01T00:16:43.573+0000] {dag.py:3096} INFO - Sync 1 DAGs
[2024-06-01T00:16:43.591+0000] {logging_mixin.py:188} INFO - [2024-06-01T00:16:43.591+0000] {dag.py:3954} INFO - Setting next_dagrun for example_task_group_decorator to 2024-05-31 00:00:00+00:00, run_after=2024-06-01 00:00:00+00:00
[2024-06-01T00:16:43.607+0000] {processor.py:183} INFO - Processing /home/airflow/.local/lib/python3.12/site-packages/airflow/example_dags/example_task_group_decorator.py took 0.076 seconds
[2024-06-01T00:17:14.089+0000] {processor.py:161} INFO - Started process (PID=7566) to work on /home/airflow/.local/lib/python3.12/site-packages/airflow/example_dags/example_task_group_decorator.py
[2024-06-01T00:17:14.092+0000] {processor.py:830} INFO - Processing file /home/airflow/.local/lib/python3.12/site-packages/airflow/example_dags/example_task_group_decorator.py for tasks to queue
[2024-06-01T00:17:14.094+0000] {logging_mixin.py:188} INFO - [2024-06-01T00:17:14.094+0000] {dagbag.py:545} INFO - Filling up the DagBag from /home/airflow/.local/lib/python3.12/site-packages/airflow/example_dags/example_task_group_decorator.py
[2024-06-01T00:17:14.107+0000] {processor.py:840} INFO - DAG(s) 'example_task_group_decorator' retrieved from /home/airflow/.local/lib/python3.12/site-packages/airflow/example_dags/example_task_group_decorator.py
[2024-06-01T00:17:14.130+0000] {logging_mixin.py:188} INFO - [2024-06-01T00:17:14.130+0000] {dag.py:3096} INFO - Sync 1 DAGs
[2024-06-01T00:17:14.150+0000] {logging_mixin.py:188} INFO - [2024-06-01T00:17:14.149+0000] {dag.py:3954} INFO - Setting next_dagrun for example_task_group_decorator to 2024-05-31 00:00:00+00:00, run_after=2024-06-01 00:00:00+00:00
[2024-06-01T00:17:14.164+0000] {processor.py:183} INFO - Processing /home/airflow/.local/lib/python3.12/site-packages/airflow/example_dags/example_task_group_decorator.py took 0.080 seconds
[2024-06-01T00:17:44.220+0000] {processor.py:161} INFO - Started process (PID=7624) to work on /home/airflow/.local/lib/python3.12/site-packages/airflow/example_dags/example_task_group_decorator.py
[2024-06-01T00:17:44.222+0000] {processor.py:830} INFO - Processing file /home/airflow/.local/lib/python3.12/site-packages/airflow/example_dags/example_task_group_decorator.py for tasks to queue
[2024-06-01T00:17:44.224+0000] {logging_mixin.py:188} INFO - [2024-06-01T00:17:44.224+0000] {dagbag.py:545} INFO - Filling up the DagBag from /home/airflow/.local/lib/python3.12/site-packages/airflow/example_dags/example_task_group_decorator.py
[2024-06-01T00:17:44.236+0000] {processor.py:840} INFO - DAG(s) 'example_task_group_decorator' retrieved from /home/airflow/.local/lib/python3.12/site-packages/airflow/example_dags/example_task_group_decorator.py
[2024-06-01T00:17:44.257+0000] {logging_mixin.py:188} INFO - [2024-06-01T00:17:44.257+0000] {dag.py:3096} INFO - Sync 1 DAGs
[2024-06-01T00:17:44.274+0000] {logging_mixin.py:188} INFO - [2024-06-01T00:17:44.274+0000] {dag.py:3954} INFO - Setting next_dagrun for example_task_group_decorator to 2024-05-31 00:00:00+00:00, run_after=2024-06-01 00:00:00+00:00
[2024-06-01T00:17:44.292+0000] {processor.py:183} INFO - Processing /home/airflow/.local/lib/python3.12/site-packages/airflow/example_dags/example_task_group_decorator.py took 0.077 seconds
[2024-06-01T00:18:14.893+0000] {processor.py:161} INFO - Started process (PID=7688) to work on /home/airflow/.local/lib/python3.12/site-packages/airflow/example_dags/example_task_group_decorator.py
[2024-06-01T00:18:14.895+0000] {processor.py:830} INFO - Processing file /home/airflow/.local/lib/python3.12/site-packages/airflow/example_dags/example_task_group_decorator.py for tasks to queue
[2024-06-01T00:18:14.897+0000] {logging_mixin.py:188} INFO - [2024-06-01T00:18:14.897+0000] {dagbag.py:545} INFO - Filling up the DagBag from /home/airflow/.local/lib/python3.12/site-packages/airflow/example_dags/example_task_group_decorator.py
[2024-06-01T00:18:14.908+0000] {processor.py:840} INFO - DAG(s) 'example_task_group_decorator' retrieved from /home/airflow/.local/lib/python3.12/site-packages/airflow/example_dags/example_task_group_decorator.py
[2024-06-01T00:18:14.928+0000] {logging_mixin.py:188} INFO - [2024-06-01T00:18:14.928+0000] {dag.py:3096} INFO - Sync 1 DAGs
[2024-06-01T00:18:14.945+0000] {logging_mixin.py:188} INFO - [2024-06-01T00:18:14.945+0000] {dag.py:3954} INFO - Setting next_dagrun for example_task_group_decorator to 2024-05-31 00:00:00+00:00, run_after=2024-06-01 00:00:00+00:00
[2024-06-01T00:18:14.964+0000] {processor.py:183} INFO - Processing /home/airflow/.local/lib/python3.12/site-packages/airflow/example_dags/example_task_group_decorator.py took 0.077 seconds
[2024-06-01T00:18:45.460+0000] {processor.py:161} INFO - Started process (PID=7746) to work on /home/airflow/.local/lib/python3.12/site-packages/airflow/example_dags/example_task_group_decorator.py
[2024-06-01T00:18:45.463+0000] {processor.py:830} INFO - Processing file /home/airflow/.local/lib/python3.12/site-packages/airflow/example_dags/example_task_group_decorator.py for tasks to queue
[2024-06-01T00:18:45.466+0000] {logging_mixin.py:188} INFO - [2024-06-01T00:18:45.465+0000] {dagbag.py:545} INFO - Filling up the DagBag from /home/airflow/.local/lib/python3.12/site-packages/airflow/example_dags/example_task_group_decorator.py
[2024-06-01T00:18:45.480+0000] {processor.py:840} INFO - DAG(s) 'example_task_group_decorator' retrieved from /home/airflow/.local/lib/python3.12/site-packages/airflow/example_dags/example_task_group_decorator.py
[2024-06-01T00:18:45.502+0000] {logging_mixin.py:188} INFO - [2024-06-01T00:18:45.502+0000] {dag.py:3096} INFO - Sync 1 DAGs
[2024-06-01T00:18:45.520+0000] {logging_mixin.py:188} INFO - [2024-06-01T00:18:45.520+0000] {dag.py:3954} INFO - Setting next_dagrun for example_task_group_decorator to 2024-05-31 00:00:00+00:00, run_after=2024-06-01 00:00:00+00:00
[2024-06-01T00:18:45.540+0000] {processor.py:183} INFO - Processing /home/airflow/.local/lib/python3.12/site-packages/airflow/example_dags/example_task_group_decorator.py took 0.087 seconds
[2024-06-01T00:19:15.803+0000] {processor.py:161} INFO - Started process (PID=7804) to work on /home/airflow/.local/lib/python3.12/site-packages/airflow/example_dags/example_task_group_decorator.py
[2024-06-01T00:19:15.804+0000] {processor.py:830} INFO - Processing file /home/airflow/.local/lib/python3.12/site-packages/airflow/example_dags/example_task_group_decorator.py for tasks to queue
[2024-06-01T00:19:15.806+0000] {logging_mixin.py:188} INFO - [2024-06-01T00:19:15.806+0000] {dagbag.py:545} INFO - Filling up the DagBag from /home/airflow/.local/lib/python3.12/site-packages/airflow/example_dags/example_task_group_decorator.py
[2024-06-01T00:19:15.817+0000] {processor.py:840} INFO - DAG(s) 'example_task_group_decorator' retrieved from /home/airflow/.local/lib/python3.12/site-packages/airflow/example_dags/example_task_group_decorator.py
[2024-06-01T00:19:15.838+0000] {logging_mixin.py:188} INFO - [2024-06-01T00:19:15.838+0000] {dag.py:3096} INFO - Sync 1 DAGs
[2024-06-01T00:19:15.854+0000] {logging_mixin.py:188} INFO - [2024-06-01T00:19:15.854+0000] {dag.py:3954} INFO - Setting next_dagrun for example_task_group_decorator to 2024-05-31 00:00:00+00:00, run_after=2024-06-01 00:00:00+00:00
[2024-06-01T00:19:15.872+0000] {processor.py:183} INFO - Processing /home/airflow/.local/lib/python3.12/site-packages/airflow/example_dags/example_task_group_decorator.py took 0.074 seconds
[2024-06-01T00:19:46.274+0000] {processor.py:161} INFO - Started process (PID=7862) to work on /home/airflow/.local/lib/python3.12/site-packages/airflow/example_dags/example_task_group_decorator.py
[2024-06-01T00:19:46.277+0000] {processor.py:830} INFO - Processing file /home/airflow/.local/lib/python3.12/site-packages/airflow/example_dags/example_task_group_decorator.py for tasks to queue
[2024-06-01T00:19:46.279+0000] {logging_mixin.py:188} INFO - [2024-06-01T00:19:46.279+0000] {dagbag.py:545} INFO - Filling up the DagBag from /home/airflow/.local/lib/python3.12/site-packages/airflow/example_dags/example_task_group_decorator.py
[2024-06-01T00:19:46.291+0000] {processor.py:840} INFO - DAG(s) 'example_task_group_decorator' retrieved from /home/airflow/.local/lib/python3.12/site-packages/airflow/example_dags/example_task_group_decorator.py
[2024-06-01T00:19:46.312+0000] {logging_mixin.py:188} INFO - [2024-06-01T00:19:46.312+0000] {dag.py:3096} INFO - Sync 1 DAGs
[2024-06-01T00:19:46.329+0000] {logging_mixin.py:188} INFO - [2024-06-01T00:19:46.329+0000] {dag.py:3954} INFO - Setting next_dagrun for example_task_group_decorator to 2024-05-31 00:00:00+00:00, run_after=2024-06-01 00:00:00+00:00
[2024-06-01T00:19:46.348+0000] {processor.py:183} INFO - Processing /home/airflow/.local/lib/python3.12/site-packages/airflow/example_dags/example_task_group_decorator.py took 0.079 seconds
[2024-06-01T00:20:16.767+0000] {processor.py:161} INFO - Started process (PID=7920) to work on /home/airflow/.local/lib/python3.12/site-packages/airflow/example_dags/example_task_group_decorator.py
[2024-06-01T00:20:16.768+0000] {processor.py:830} INFO - Processing file /home/airflow/.local/lib/python3.12/site-packages/airflow/example_dags/example_task_group_decorator.py for tasks to queue
[2024-06-01T00:20:16.770+0000] {logging_mixin.py:188} INFO - [2024-06-01T00:20:16.770+0000] {dagbag.py:545} INFO - Filling up the DagBag from /home/airflow/.local/lib/python3.12/site-packages/airflow/example_dags/example_task_group_decorator.py
[2024-06-01T00:20:16.781+0000] {processor.py:840} INFO - DAG(s) 'example_task_group_decorator' retrieved from /home/airflow/.local/lib/python3.12/site-packages/airflow/example_dags/example_task_group_decorator.py
[2024-06-01T00:20:16.801+0000] {logging_mixin.py:188} INFO - [2024-06-01T00:20:16.801+0000] {dag.py:3096} INFO - Sync 1 DAGs
[2024-06-01T00:20:16.820+0000] {logging_mixin.py:188} INFO - [2024-06-01T00:20:16.820+0000] {dag.py:3954} INFO - Setting next_dagrun for example_task_group_decorator to 2024-05-31 00:00:00+00:00, run_after=2024-06-01 00:00:00+00:00
[2024-06-01T00:20:16.837+0000] {processor.py:183} INFO - Processing /home/airflow/.local/lib/python3.12/site-packages/airflow/example_dags/example_task_group_decorator.py took 0.076 seconds
[2024-06-01T00:20:47.279+0000] {processor.py:161} INFO - Started process (PID=7978) to work on /home/airflow/.local/lib/python3.12/site-packages/airflow/example_dags/example_task_group_decorator.py
[2024-06-01T00:20:47.281+0000] {processor.py:830} INFO - Processing file /home/airflow/.local/lib/python3.12/site-packages/airflow/example_dags/example_task_group_decorator.py for tasks to queue
[2024-06-01T00:20:47.284+0000] {logging_mixin.py:188} INFO - [2024-06-01T00:20:47.284+0000] {dagbag.py:545} INFO - Filling up the DagBag from /home/airflow/.local/lib/python3.12/site-packages/airflow/example_dags/example_task_group_decorator.py
[2024-06-01T00:20:47.296+0000] {processor.py:840} INFO - DAG(s) 'example_task_group_decorator' retrieved from /home/airflow/.local/lib/python3.12/site-packages/airflow/example_dags/example_task_group_decorator.py
[2024-06-01T00:20:47.316+0000] {logging_mixin.py:188} INFO - [2024-06-01T00:20:47.316+0000] {dag.py:3096} INFO - Sync 1 DAGs
[2024-06-01T00:20:47.334+0000] {logging_mixin.py:188} INFO - [2024-06-01T00:20:47.333+0000] {dag.py:3954} INFO - Setting next_dagrun for example_task_group_decorator to 2024-05-31 00:00:00+00:00, run_after=2024-06-01 00:00:00+00:00
[2024-06-01T00:20:47.352+0000] {processor.py:183} INFO - Processing /home/airflow/.local/lib/python3.12/site-packages/airflow/example_dags/example_task_group_decorator.py took 0.080 seconds
[2024-06-01T00:21:17.726+0000] {processor.py:161} INFO - Started process (PID=8036) to work on /home/airflow/.local/lib/python3.12/site-packages/airflow/example_dags/example_task_group_decorator.py
[2024-06-01T00:21:17.727+0000] {processor.py:830} INFO - Processing file /home/airflow/.local/lib/python3.12/site-packages/airflow/example_dags/example_task_group_decorator.py for tasks to queue
[2024-06-01T00:21:17.729+0000] {logging_mixin.py:188} INFO - [2024-06-01T00:21:17.729+0000] {dagbag.py:545} INFO - Filling up the DagBag from /home/airflow/.local/lib/python3.12/site-packages/airflow/example_dags/example_task_group_decorator.py
[2024-06-01T00:21:17.742+0000] {processor.py:840} INFO - DAG(s) 'example_task_group_decorator' retrieved from /home/airflow/.local/lib/python3.12/site-packages/airflow/example_dags/example_task_group_decorator.py
[2024-06-01T00:21:17.771+0000] {logging_mixin.py:188} INFO - [2024-06-01T00:21:17.771+0000] {dag.py:3096} INFO - Sync 1 DAGs
[2024-06-01T00:21:17.794+0000] {logging_mixin.py:188} INFO - [2024-06-01T00:21:17.794+0000] {dag.py:3954} INFO - Setting next_dagrun for example_task_group_decorator to 2024-05-31 00:00:00+00:00, run_after=2024-06-01 00:00:00+00:00
[2024-06-01T00:21:17.813+0000] {processor.py:183} INFO - Processing /home/airflow/.local/lib/python3.12/site-packages/airflow/example_dags/example_task_group_decorator.py took 0.093 seconds
[2024-06-01T00:21:48.358+0000] {processor.py:161} INFO - Started process (PID=8094) to work on /home/airflow/.local/lib/python3.12/site-packages/airflow/example_dags/example_task_group_decorator.py
[2024-06-01T00:21:48.360+0000] {processor.py:830} INFO - Processing file /home/airflow/.local/lib/python3.12/site-packages/airflow/example_dags/example_task_group_decorator.py for tasks to queue
[2024-06-01T00:21:48.363+0000] {logging_mixin.py:188} INFO - [2024-06-01T00:21:48.362+0000] {dagbag.py:545} INFO - Filling up the DagBag from /home/airflow/.local/lib/python3.12/site-packages/airflow/example_dags/example_task_group_decorator.py
[2024-06-01T00:21:48.374+0000] {processor.py:840} INFO - DAG(s) 'example_task_group_decorator' retrieved from /home/airflow/.local/lib/python3.12/site-packages/airflow/example_dags/example_task_group_decorator.py
[2024-06-01T00:21:48.394+0000] {logging_mixin.py:188} INFO - [2024-06-01T00:21:48.394+0000] {dag.py:3096} INFO - Sync 1 DAGs
[2024-06-01T00:21:48.412+0000] {logging_mixin.py:188} INFO - [2024-06-01T00:21:48.412+0000] {dag.py:3954} INFO - Setting next_dagrun for example_task_group_decorator to 2024-05-31 00:00:00+00:00, run_after=2024-06-01 00:00:00+00:00
[2024-06-01T00:21:48.431+0000] {processor.py:183} INFO - Processing /home/airflow/.local/lib/python3.12/site-packages/airflow/example_dags/example_task_group_decorator.py took 0.078 seconds
[2024-06-01T00:22:18.911+0000] {processor.py:161} INFO - Started process (PID=8152) to work on /home/airflow/.local/lib/python3.12/site-packages/airflow/example_dags/example_task_group_decorator.py
[2024-06-01T00:22:18.913+0000] {processor.py:830} INFO - Processing file /home/airflow/.local/lib/python3.12/site-packages/airflow/example_dags/example_task_group_decorator.py for tasks to queue
[2024-06-01T00:22:18.915+0000] {logging_mixin.py:188} INFO - [2024-06-01T00:22:18.915+0000] {dagbag.py:545} INFO - Filling up the DagBag from /home/airflow/.local/lib/python3.12/site-packages/airflow/example_dags/example_task_group_decorator.py
[2024-06-01T00:22:18.926+0000] {processor.py:840} INFO - DAG(s) 'example_task_group_decorator' retrieved from /home/airflow/.local/lib/python3.12/site-packages/airflow/example_dags/example_task_group_decorator.py
[2024-06-01T00:22:18.947+0000] {logging_mixin.py:188} INFO - [2024-06-01T00:22:18.946+0000] {dag.py:3096} INFO - Sync 1 DAGs
[2024-06-01T00:22:18.964+0000] {logging_mixin.py:188} INFO - [2024-06-01T00:22:18.964+0000] {dag.py:3954} INFO - Setting next_dagrun for example_task_group_decorator to 2024-05-31 00:00:00+00:00, run_after=2024-06-01 00:00:00+00:00
[2024-06-01T00:22:18.982+0000] {processor.py:183} INFO - Processing /home/airflow/.local/lib/python3.12/site-packages/airflow/example_dags/example_task_group_decorator.py took 0.075 seconds
[2024-06-01T00:22:49.198+0000] {processor.py:161} INFO - Started process (PID=8209) to work on /home/airflow/.local/lib/python3.12/site-packages/airflow/example_dags/example_task_group_decorator.py
[2024-06-01T00:22:49.200+0000] {processor.py:830} INFO - Processing file /home/airflow/.local/lib/python3.12/site-packages/airflow/example_dags/example_task_group_decorator.py for tasks to queue
[2024-06-01T00:22:49.202+0000] {logging_mixin.py:188} INFO - [2024-06-01T00:22:49.201+0000] {dagbag.py:545} INFO - Filling up the DagBag from /home/airflow/.local/lib/python3.12/site-packages/airflow/example_dags/example_task_group_decorator.py
[2024-06-01T00:22:49.216+0000] {processor.py:840} INFO - DAG(s) 'example_task_group_decorator' retrieved from /home/airflow/.local/lib/python3.12/site-packages/airflow/example_dags/example_task_group_decorator.py
[2024-06-01T00:22:49.240+0000] {logging_mixin.py:188} INFO - [2024-06-01T00:22:49.240+0000] {dag.py:3096} INFO - Sync 1 DAGs
[2024-06-01T00:22:49.261+0000] {logging_mixin.py:188} INFO - [2024-06-01T00:22:49.260+0000] {dag.py:3954} INFO - Setting next_dagrun for example_task_group_decorator to 2024-05-31 00:00:00+00:00, run_after=2024-06-01 00:00:00+00:00
[2024-06-01T00:22:49.278+0000] {processor.py:183} INFO - Processing /home/airflow/.local/lib/python3.12/site-packages/airflow/example_dags/example_task_group_decorator.py took 0.085 seconds
[2024-06-01T00:23:19.569+0000] {processor.py:161} INFO - Started process (PID=8267) to work on /home/airflow/.local/lib/python3.12/site-packages/airflow/example_dags/example_task_group_decorator.py
[2024-06-01T00:23:19.571+0000] {processor.py:830} INFO - Processing file /home/airflow/.local/lib/python3.12/site-packages/airflow/example_dags/example_task_group_decorator.py for tasks to queue
[2024-06-01T00:23:19.574+0000] {logging_mixin.py:188} INFO - [2024-06-01T00:23:19.574+0000] {dagbag.py:545} INFO - Filling up the DagBag from /home/airflow/.local/lib/python3.12/site-packages/airflow/example_dags/example_task_group_decorator.py
[2024-06-01T00:23:19.585+0000] {processor.py:840} INFO - DAG(s) 'example_task_group_decorator' retrieved from /home/airflow/.local/lib/python3.12/site-packages/airflow/example_dags/example_task_group_decorator.py
[2024-06-01T00:23:19.607+0000] {logging_mixin.py:188} INFO - [2024-06-01T00:23:19.607+0000] {dag.py:3096} INFO - Sync 1 DAGs
[2024-06-01T00:23:19.624+0000] {logging_mixin.py:188} INFO - [2024-06-01T00:23:19.624+0000] {dag.py:3954} INFO - Setting next_dagrun for example_task_group_decorator to 2024-05-31 00:00:00+00:00, run_after=2024-06-01 00:00:00+00:00
[2024-06-01T00:23:19.640+0000] {processor.py:183} INFO - Processing /home/airflow/.local/lib/python3.12/site-packages/airflow/example_dags/example_task_group_decorator.py took 0.076 seconds
[2024-06-01T00:23:49.810+0000] {processor.py:161} INFO - Started process (PID=8325) to work on /home/airflow/.local/lib/python3.12/site-packages/airflow/example_dags/example_task_group_decorator.py
[2024-06-01T00:23:49.812+0000] {processor.py:830} INFO - Processing file /home/airflow/.local/lib/python3.12/site-packages/airflow/example_dags/example_task_group_decorator.py for tasks to queue
[2024-06-01T00:23:49.815+0000] {logging_mixin.py:188} INFO - [2024-06-01T00:23:49.815+0000] {dagbag.py:545} INFO - Filling up the DagBag from /home/airflow/.local/lib/python3.12/site-packages/airflow/example_dags/example_task_group_decorator.py
[2024-06-01T00:23:49.827+0000] {processor.py:840} INFO - DAG(s) 'example_task_group_decorator' retrieved from /home/airflow/.local/lib/python3.12/site-packages/airflow/example_dags/example_task_group_decorator.py
[2024-06-01T00:23:49.849+0000] {logging_mixin.py:188} INFO - [2024-06-01T00:23:49.849+0000] {dag.py:3096} INFO - Sync 1 DAGs
[2024-06-01T00:23:49.868+0000] {logging_mixin.py:188} INFO - [2024-06-01T00:23:49.868+0000] {dag.py:3954} INFO - Setting next_dagrun for example_task_group_decorator to 2024-05-31 00:00:00+00:00, run_after=2024-06-01 00:00:00+00:00
[2024-06-01T00:23:49.886+0000] {processor.py:183} INFO - Processing /home/airflow/.local/lib/python3.12/site-packages/airflow/example_dags/example_task_group_decorator.py took 0.080 seconds
[2024-06-01T00:24:20.113+0000] {processor.py:161} INFO - Started process (PID=8383) to work on /home/airflow/.local/lib/python3.12/site-packages/airflow/example_dags/example_task_group_decorator.py
[2024-06-01T00:24:20.115+0000] {processor.py:830} INFO - Processing file /home/airflow/.local/lib/python3.12/site-packages/airflow/example_dags/example_task_group_decorator.py for tasks to queue
[2024-06-01T00:24:20.118+0000] {logging_mixin.py:188} INFO - [2024-06-01T00:24:20.117+0000] {dagbag.py:545} INFO - Filling up the DagBag from /home/airflow/.local/lib/python3.12/site-packages/airflow/example_dags/example_task_group_decorator.py
[2024-06-01T00:24:20.130+0000] {processor.py:840} INFO - DAG(s) 'example_task_group_decorator' retrieved from /home/airflow/.local/lib/python3.12/site-packages/airflow/example_dags/example_task_group_decorator.py
[2024-06-01T00:24:20.154+0000] {logging_mixin.py:188} INFO - [2024-06-01T00:24:20.154+0000] {dag.py:3096} INFO - Sync 1 DAGs
[2024-06-01T00:24:20.173+0000] {logging_mixin.py:188} INFO - [2024-06-01T00:24:20.173+0000] {dag.py:3954} INFO - Setting next_dagrun for example_task_group_decorator to 2024-05-31 00:00:00+00:00, run_after=2024-06-01 00:00:00+00:00
[2024-06-01T00:24:20.191+0000] {processor.py:183} INFO - Processing /home/airflow/.local/lib/python3.12/site-packages/airflow/example_dags/example_task_group_decorator.py took 0.085 seconds
[2024-06-01T00:24:50.670+0000] {processor.py:161} INFO - Started process (PID=8441) to work on /home/airflow/.local/lib/python3.12/site-packages/airflow/example_dags/example_task_group_decorator.py
[2024-06-01T00:24:50.672+0000] {processor.py:830} INFO - Processing file /home/airflow/.local/lib/python3.12/site-packages/airflow/example_dags/example_task_group_decorator.py for tasks to queue
[2024-06-01T00:24:50.675+0000] {logging_mixin.py:188} INFO - [2024-06-01T00:24:50.674+0000] {dagbag.py:545} INFO - Filling up the DagBag from /home/airflow/.local/lib/python3.12/site-packages/airflow/example_dags/example_task_group_decorator.py
[2024-06-01T00:24:50.688+0000] {processor.py:840} INFO - DAG(s) 'example_task_group_decorator' retrieved from /home/airflow/.local/lib/python3.12/site-packages/airflow/example_dags/example_task_group_decorator.py
[2024-06-01T00:24:50.712+0000] {logging_mixin.py:188} INFO - [2024-06-01T00:24:50.712+0000] {dag.py:3096} INFO - Sync 1 DAGs
[2024-06-01T00:24:50.731+0000] {logging_mixin.py:188} INFO - [2024-06-01T00:24:50.730+0000] {dag.py:3954} INFO - Setting next_dagrun for example_task_group_decorator to 2024-05-31 00:00:00+00:00, run_after=2024-06-01 00:00:00+00:00
[2024-06-01T00:24:50.749+0000] {processor.py:183} INFO - Processing /home/airflow/.local/lib/python3.12/site-packages/airflow/example_dags/example_task_group_decorator.py took 0.084 seconds
[2024-06-01T00:25:21.004+0000] {processor.py:161} INFO - Started process (PID=8499) to work on /home/airflow/.local/lib/python3.12/site-packages/airflow/example_dags/example_task_group_decorator.py
[2024-06-01T00:25:21.006+0000] {processor.py:830} INFO - Processing file /home/airflow/.local/lib/python3.12/site-packages/airflow/example_dags/example_task_group_decorator.py for tasks to queue
[2024-06-01T00:25:21.008+0000] {logging_mixin.py:188} INFO - [2024-06-01T00:25:21.008+0000] {dagbag.py:545} INFO - Filling up the DagBag from /home/airflow/.local/lib/python3.12/site-packages/airflow/example_dags/example_task_group_decorator.py
[2024-06-01T00:25:21.020+0000] {processor.py:840} INFO - DAG(s) 'example_task_group_decorator' retrieved from /home/airflow/.local/lib/python3.12/site-packages/airflow/example_dags/example_task_group_decorator.py
[2024-06-01T00:25:21.040+0000] {logging_mixin.py:188} INFO - [2024-06-01T00:25:21.040+0000] {dag.py:3096} INFO - Sync 1 DAGs
[2024-06-01T00:25:21.056+0000] {logging_mixin.py:188} INFO - [2024-06-01T00:25:21.056+0000] {dag.py:3954} INFO - Setting next_dagrun for example_task_group_decorator to 2024-05-31 00:00:00+00:00, run_after=2024-06-01 00:00:00+00:00
[2024-06-01T00:25:21.073+0000] {processor.py:183} INFO - Processing /home/airflow/.local/lib/python3.12/site-packages/airflow/example_dags/example_task_group_decorator.py took 0.074 seconds
[2024-06-01T00:25:51.504+0000] {processor.py:161} INFO - Started process (PID=8557) to work on /home/airflow/.local/lib/python3.12/site-packages/airflow/example_dags/example_task_group_decorator.py
[2024-06-01T00:25:51.506+0000] {processor.py:830} INFO - Processing file /home/airflow/.local/lib/python3.12/site-packages/airflow/example_dags/example_task_group_decorator.py for tasks to queue
[2024-06-01T00:25:51.509+0000] {logging_mixin.py:188} INFO - [2024-06-01T00:25:51.509+0000] {dagbag.py:545} INFO - Filling up the DagBag from /home/airflow/.local/lib/python3.12/site-packages/airflow/example_dags/example_task_group_decorator.py
[2024-06-01T00:25:51.520+0000] {processor.py:840} INFO - DAG(s) 'example_task_group_decorator' retrieved from /home/airflow/.local/lib/python3.12/site-packages/airflow/example_dags/example_task_group_decorator.py
[2024-06-01T00:25:51.541+0000] {logging_mixin.py:188} INFO - [2024-06-01T00:25:51.541+0000] {dag.py:3096} INFO - Sync 1 DAGs
[2024-06-01T00:25:51.558+0000] {logging_mixin.py:188} INFO - [2024-06-01T00:25:51.557+0000] {dag.py:3954} INFO - Setting next_dagrun for example_task_group_decorator to 2024-05-31 00:00:00+00:00, run_after=2024-06-01 00:00:00+00:00
[2024-06-01T00:25:51.574+0000] {processor.py:183} INFO - Processing /home/airflow/.local/lib/python3.12/site-packages/airflow/example_dags/example_task_group_decorator.py took 0.075 seconds
[2024-06-01T00:26:22.004+0000] {processor.py:161} INFO - Started process (PID=8615) to work on /home/airflow/.local/lib/python3.12/site-packages/airflow/example_dags/example_task_group_decorator.py
[2024-06-01T00:26:22.005+0000] {processor.py:830} INFO - Processing file /home/airflow/.local/lib/python3.12/site-packages/airflow/example_dags/example_task_group_decorator.py for tasks to queue
[2024-06-01T00:26:22.007+0000] {logging_mixin.py:188} INFO - [2024-06-01T00:26:22.006+0000] {dagbag.py:545} INFO - Filling up the DagBag from /home/airflow/.local/lib/python3.12/site-packages/airflow/example_dags/example_task_group_decorator.py
[2024-06-01T00:26:22.017+0000] {processor.py:840} INFO - DAG(s) 'example_task_group_decorator' retrieved from /home/airflow/.local/lib/python3.12/site-packages/airflow/example_dags/example_task_group_decorator.py
[2024-06-01T00:26:22.037+0000] {logging_mixin.py:188} INFO - [2024-06-01T00:26:22.037+0000] {dag.py:3096} INFO - Sync 1 DAGs
[2024-06-01T00:26:22.053+0000] {logging_mixin.py:188} INFO - [2024-06-01T00:26:22.053+0000] {dag.py:3954} INFO - Setting next_dagrun for example_task_group_decorator to 2024-05-31 00:00:00+00:00, run_after=2024-06-01 00:00:00+00:00
[2024-06-01T00:26:22.069+0000] {processor.py:183} INFO - Processing /home/airflow/.local/lib/python3.12/site-packages/airflow/example_dags/example_task_group_decorator.py took 0.071 seconds
[2024-06-01T00:26:52.337+0000] {processor.py:161} INFO - Started process (PID=8673) to work on /home/airflow/.local/lib/python3.12/site-packages/airflow/example_dags/example_task_group_decorator.py
[2024-06-01T00:26:52.339+0000] {processor.py:830} INFO - Processing file /home/airflow/.local/lib/python3.12/site-packages/airflow/example_dags/example_task_group_decorator.py for tasks to queue
[2024-06-01T00:26:52.341+0000] {logging_mixin.py:188} INFO - [2024-06-01T00:26:52.341+0000] {dagbag.py:545} INFO - Filling up the DagBag from /home/airflow/.local/lib/python3.12/site-packages/airflow/example_dags/example_task_group_decorator.py
[2024-06-01T00:26:52.353+0000] {processor.py:840} INFO - DAG(s) 'example_task_group_decorator' retrieved from /home/airflow/.local/lib/python3.12/site-packages/airflow/example_dags/example_task_group_decorator.py
[2024-06-01T00:26:52.376+0000] {logging_mixin.py:188} INFO - [2024-06-01T00:26:52.375+0000] {dag.py:3096} INFO - Sync 1 DAGs
[2024-06-01T00:26:52.392+0000] {logging_mixin.py:188} INFO - [2024-06-01T00:26:52.391+0000] {dag.py:3954} INFO - Setting next_dagrun for example_task_group_decorator to 2024-05-31 00:00:00+00:00, run_after=2024-06-01 00:00:00+00:00
[2024-06-01T00:26:52.408+0000] {processor.py:183} INFO - Processing /home/airflow/.local/lib/python3.12/site-packages/airflow/example_dags/example_task_group_decorator.py took 0.076 seconds
[2024-06-01T00:27:22.815+0000] {processor.py:161} INFO - Started process (PID=8731) to work on /home/airflow/.local/lib/python3.12/site-packages/airflow/example_dags/example_task_group_decorator.py
[2024-06-01T00:27:22.817+0000] {processor.py:830} INFO - Processing file /home/airflow/.local/lib/python3.12/site-packages/airflow/example_dags/example_task_group_decorator.py for tasks to queue
[2024-06-01T00:27:22.819+0000] {logging_mixin.py:188} INFO - [2024-06-01T00:27:22.819+0000] {dagbag.py:545} INFO - Filling up the DagBag from /home/airflow/.local/lib/python3.12/site-packages/airflow/example_dags/example_task_group_decorator.py
[2024-06-01T00:27:22.832+0000] {processor.py:840} INFO - DAG(s) 'example_task_group_decorator' retrieved from /home/airflow/.local/lib/python3.12/site-packages/airflow/example_dags/example_task_group_decorator.py
[2024-06-01T00:27:22.855+0000] {logging_mixin.py:188} INFO - [2024-06-01T00:27:22.855+0000] {dag.py:3096} INFO - Sync 1 DAGs
[2024-06-01T00:27:22.874+0000] {logging_mixin.py:188} INFO - [2024-06-01T00:27:22.873+0000] {dag.py:3954} INFO - Setting next_dagrun for example_task_group_decorator to 2024-05-31 00:00:00+00:00, run_after=2024-06-01 00:00:00+00:00
[2024-06-01T00:27:22.892+0000] {processor.py:183} INFO - Processing /home/airflow/.local/lib/python3.12/site-packages/airflow/example_dags/example_task_group_decorator.py took 0.082 seconds
[2024-06-01T00:27:53.541+0000] {processor.py:161} INFO - Started process (PID=8789) to work on /home/airflow/.local/lib/python3.12/site-packages/airflow/example_dags/example_task_group_decorator.py
[2024-06-01T00:27:53.544+0000] {processor.py:830} INFO - Processing file /home/airflow/.local/lib/python3.12/site-packages/airflow/example_dags/example_task_group_decorator.py for tasks to queue
[2024-06-01T00:27:53.546+0000] {logging_mixin.py:188} INFO - [2024-06-01T00:27:53.546+0000] {dagbag.py:545} INFO - Filling up the DagBag from /home/airflow/.local/lib/python3.12/site-packages/airflow/example_dags/example_task_group_decorator.py
[2024-06-01T00:27:53.557+0000] {processor.py:840} INFO - DAG(s) 'example_task_group_decorator' retrieved from /home/airflow/.local/lib/python3.12/site-packages/airflow/example_dags/example_task_group_decorator.py
[2024-06-01T00:27:53.581+0000] {logging_mixin.py:188} INFO - [2024-06-01T00:27:53.581+0000] {dag.py:3096} INFO - Sync 1 DAGs
[2024-06-01T00:27:53.602+0000] {logging_mixin.py:188} INFO - [2024-06-01T00:27:53.601+0000] {dag.py:3954} INFO - Setting next_dagrun for example_task_group_decorator to 2024-05-31 00:00:00+00:00, run_after=2024-06-01 00:00:00+00:00
[2024-06-01T00:27:53.616+0000] {processor.py:183} INFO - Processing /home/airflow/.local/lib/python3.12/site-packages/airflow/example_dags/example_task_group_decorator.py took 0.081 seconds
[2024-06-01T00:28:23.811+0000] {processor.py:161} INFO - Started process (PID=8847) to work on /home/airflow/.local/lib/python3.12/site-packages/airflow/example_dags/example_task_group_decorator.py
[2024-06-01T00:28:23.813+0000] {processor.py:830} INFO - Processing file /home/airflow/.local/lib/python3.12/site-packages/airflow/example_dags/example_task_group_decorator.py for tasks to queue
[2024-06-01T00:28:23.815+0000] {logging_mixin.py:188} INFO - [2024-06-01T00:28:23.815+0000] {dagbag.py:545} INFO - Filling up the DagBag from /home/airflow/.local/lib/python3.12/site-packages/airflow/example_dags/example_task_group_decorator.py
[2024-06-01T00:28:23.826+0000] {processor.py:840} INFO - DAG(s) 'example_task_group_decorator' retrieved from /home/airflow/.local/lib/python3.12/site-packages/airflow/example_dags/example_task_group_decorator.py
[2024-06-01T00:28:23.849+0000] {logging_mixin.py:188} INFO - [2024-06-01T00:28:23.848+0000] {dag.py:3096} INFO - Sync 1 DAGs
[2024-06-01T00:28:23.867+0000] {logging_mixin.py:188} INFO - [2024-06-01T00:28:23.867+0000] {dag.py:3954} INFO - Setting next_dagrun for example_task_group_decorator to 2024-05-31 00:00:00+00:00, run_after=2024-06-01 00:00:00+00:00
[2024-06-01T00:28:23.884+0000] {processor.py:183} INFO - Processing /home/airflow/.local/lib/python3.12/site-packages/airflow/example_dags/example_task_group_decorator.py took 0.077 seconds
[2024-06-01T00:28:54.329+0000] {processor.py:161} INFO - Started process (PID=8905) to work on /home/airflow/.local/lib/python3.12/site-packages/airflow/example_dags/example_task_group_decorator.py
[2024-06-01T00:28:54.331+0000] {processor.py:830} INFO - Processing file /home/airflow/.local/lib/python3.12/site-packages/airflow/example_dags/example_task_group_decorator.py for tasks to queue
[2024-06-01T00:28:54.333+0000] {logging_mixin.py:188} INFO - [2024-06-01T00:28:54.333+0000] {dagbag.py:545} INFO - Filling up the DagBag from /home/airflow/.local/lib/python3.12/site-packages/airflow/example_dags/example_task_group_decorator.py
[2024-06-01T00:28:54.345+0000] {processor.py:840} INFO - DAG(s) 'example_task_group_decorator' retrieved from /home/airflow/.local/lib/python3.12/site-packages/airflow/example_dags/example_task_group_decorator.py
[2024-06-01T00:28:54.367+0000] {logging_mixin.py:188} INFO - [2024-06-01T00:28:54.367+0000] {dag.py:3096} INFO - Sync 1 DAGs
[2024-06-01T00:28:54.386+0000] {logging_mixin.py:188} INFO - [2024-06-01T00:28:54.385+0000] {dag.py:3954} INFO - Setting next_dagrun for example_task_group_decorator to 2024-05-31 00:00:00+00:00, run_after=2024-06-01 00:00:00+00:00
[2024-06-01T00:28:54.401+0000] {processor.py:183} INFO - Processing /home/airflow/.local/lib/python3.12/site-packages/airflow/example_dags/example_task_group_decorator.py took 0.079 seconds
[2024-06-01T00:29:24.762+0000] {processor.py:161} INFO - Started process (PID=8963) to work on /home/airflow/.local/lib/python3.12/site-packages/airflow/example_dags/example_task_group_decorator.py
[2024-06-01T00:29:24.763+0000] {processor.py:830} INFO - Processing file /home/airflow/.local/lib/python3.12/site-packages/airflow/example_dags/example_task_group_decorator.py for tasks to queue
[2024-06-01T00:29:24.765+0000] {logging_mixin.py:188} INFO - [2024-06-01T00:29:24.765+0000] {dagbag.py:545} INFO - Filling up the DagBag from /home/airflow/.local/lib/python3.12/site-packages/airflow/example_dags/example_task_group_decorator.py
[2024-06-01T00:29:24.777+0000] {processor.py:840} INFO - DAG(s) 'example_task_group_decorator' retrieved from /home/airflow/.local/lib/python3.12/site-packages/airflow/example_dags/example_task_group_decorator.py
[2024-06-01T00:29:24.798+0000] {logging_mixin.py:188} INFO - [2024-06-01T00:29:24.797+0000] {dag.py:3096} INFO - Sync 1 DAGs
[2024-06-01T00:29:24.817+0000] {logging_mixin.py:188} INFO - [2024-06-01T00:29:24.816+0000] {dag.py:3954} INFO - Setting next_dagrun for example_task_group_decorator to 2024-05-31 00:00:00+00:00, run_after=2024-06-01 00:00:00+00:00
[2024-06-01T00:29:24.835+0000] {processor.py:183} INFO - Processing /home/airflow/.local/lib/python3.12/site-packages/airflow/example_dags/example_task_group_decorator.py took 0.079 seconds
[2024-06-01T00:29:54.970+0000] {processor.py:161} INFO - Started process (PID=9021) to work on /home/airflow/.local/lib/python3.12/site-packages/airflow/example_dags/example_task_group_decorator.py
[2024-06-01T00:29:54.972+0000] {processor.py:830} INFO - Processing file /home/airflow/.local/lib/python3.12/site-packages/airflow/example_dags/example_task_group_decorator.py for tasks to queue
[2024-06-01T00:29:54.974+0000] {logging_mixin.py:188} INFO - [2024-06-01T00:29:54.974+0000] {dagbag.py:545} INFO - Filling up the DagBag from /home/airflow/.local/lib/python3.12/site-packages/airflow/example_dags/example_task_group_decorator.py
[2024-06-01T00:29:54.985+0000] {processor.py:840} INFO - DAG(s) 'example_task_group_decorator' retrieved from /home/airflow/.local/lib/python3.12/site-packages/airflow/example_dags/example_task_group_decorator.py
[2024-06-01T00:29:55.008+0000] {logging_mixin.py:188} INFO - [2024-06-01T00:29:55.008+0000] {dag.py:3096} INFO - Sync 1 DAGs
[2024-06-01T00:29:55.028+0000] {logging_mixin.py:188} INFO - [2024-06-01T00:29:55.028+0000] {dag.py:3954} INFO - Setting next_dagrun for example_task_group_decorator to 2024-05-31 00:00:00+00:00, run_after=2024-06-01 00:00:00+00:00
[2024-06-01T00:29:55.049+0000] {processor.py:183} INFO - Processing /home/airflow/.local/lib/python3.12/site-packages/airflow/example_dags/example_task_group_decorator.py took 0.084 seconds
[2024-06-01T00:30:25.435+0000] {processor.py:161} INFO - Started process (PID=9079) to work on /home/airflow/.local/lib/python3.12/site-packages/airflow/example_dags/example_task_group_decorator.py
[2024-06-01T00:30:25.437+0000] {processor.py:830} INFO - Processing file /home/airflow/.local/lib/python3.12/site-packages/airflow/example_dags/example_task_group_decorator.py for tasks to queue
[2024-06-01T00:30:25.440+0000] {logging_mixin.py:188} INFO - [2024-06-01T00:30:25.440+0000] {dagbag.py:545} INFO - Filling up the DagBag from /home/airflow/.local/lib/python3.12/site-packages/airflow/example_dags/example_task_group_decorator.py
[2024-06-01T00:30:25.451+0000] {processor.py:840} INFO - DAG(s) 'example_task_group_decorator' retrieved from /home/airflow/.local/lib/python3.12/site-packages/airflow/example_dags/example_task_group_decorator.py
[2024-06-01T00:30:25.474+0000] {logging_mixin.py:188} INFO - [2024-06-01T00:30:25.474+0000] {dag.py:3096} INFO - Sync 1 DAGs
[2024-06-01T00:30:25.492+0000] {logging_mixin.py:188} INFO - [2024-06-01T00:30:25.491+0000] {dag.py:3954} INFO - Setting next_dagrun for example_task_group_decorator to 2024-05-31 00:00:00+00:00, run_after=2024-06-01 00:00:00+00:00
[2024-06-01T00:30:25.513+0000] {processor.py:183} INFO - Processing /home/airflow/.local/lib/python3.12/site-packages/airflow/example_dags/example_task_group_decorator.py took 0.084 seconds
[2024-06-01T00:30:55.644+0000] {processor.py:161} INFO - Started process (PID=9137) to work on /home/airflow/.local/lib/python3.12/site-packages/airflow/example_dags/example_task_group_decorator.py
[2024-06-01T00:30:55.646+0000] {processor.py:830} INFO - Processing file /home/airflow/.local/lib/python3.12/site-packages/airflow/example_dags/example_task_group_decorator.py for tasks to queue
[2024-06-01T00:30:55.648+0000] {logging_mixin.py:188} INFO - [2024-06-01T00:30:55.648+0000] {dagbag.py:545} INFO - Filling up the DagBag from /home/airflow/.local/lib/python3.12/site-packages/airflow/example_dags/example_task_group_decorator.py
[2024-06-01T00:30:55.660+0000] {processor.py:840} INFO - DAG(s) 'example_task_group_decorator' retrieved from /home/airflow/.local/lib/python3.12/site-packages/airflow/example_dags/example_task_group_decorator.py
[2024-06-01T00:30:55.680+0000] {logging_mixin.py:188} INFO - [2024-06-01T00:30:55.680+0000] {dag.py:3096} INFO - Sync 1 DAGs
[2024-06-01T00:30:55.697+0000] {logging_mixin.py:188} INFO - [2024-06-01T00:30:55.696+0000] {dag.py:3954} INFO - Setting next_dagrun for example_task_group_decorator to 2024-05-31 00:00:00+00:00, run_after=2024-06-01 00:00:00+00:00
[2024-06-01T00:30:55.712+0000] {processor.py:183} INFO - Processing /home/airflow/.local/lib/python3.12/site-packages/airflow/example_dags/example_task_group_decorator.py took 0.073 seconds
[2024-06-01T00:31:26.036+0000] {processor.py:161} INFO - Started process (PID=9196) to work on /home/airflow/.local/lib/python3.12/site-packages/airflow/example_dags/example_task_group_decorator.py
[2024-06-01T00:31:26.038+0000] {processor.py:830} INFO - Processing file /home/airflow/.local/lib/python3.12/site-packages/airflow/example_dags/example_task_group_decorator.py for tasks to queue
[2024-06-01T00:31:26.041+0000] {logging_mixin.py:188} INFO - [2024-06-01T00:31:26.041+0000] {dagbag.py:545} INFO - Filling up the DagBag from /home/airflow/.local/lib/python3.12/site-packages/airflow/example_dags/example_task_group_decorator.py
[2024-06-01T00:31:26.052+0000] {processor.py:840} INFO - DAG(s) 'example_task_group_decorator' retrieved from /home/airflow/.local/lib/python3.12/site-packages/airflow/example_dags/example_task_group_decorator.py
[2024-06-01T00:31:26.075+0000] {logging_mixin.py:188} INFO - [2024-06-01T00:31:26.075+0000] {dag.py:3096} INFO - Sync 1 DAGs
[2024-06-01T00:31:26.092+0000] {logging_mixin.py:188} INFO - [2024-06-01T00:31:26.092+0000] {dag.py:3954} INFO - Setting next_dagrun for example_task_group_decorator to 2024-05-31 00:00:00+00:00, run_after=2024-06-01 00:00:00+00:00
[2024-06-01T00:31:26.108+0000] {processor.py:183} INFO - Processing /home/airflow/.local/lib/python3.12/site-packages/airflow/example_dags/example_task_group_decorator.py took 0.078 seconds
[2024-06-01T00:31:56.603+0000] {processor.py:161} INFO - Started process (PID=9254) to work on /home/airflow/.local/lib/python3.12/site-packages/airflow/example_dags/example_task_group_decorator.py
[2024-06-01T00:31:56.605+0000] {processor.py:830} INFO - Processing file /home/airflow/.local/lib/python3.12/site-packages/airflow/example_dags/example_task_group_decorator.py for tasks to queue
[2024-06-01T00:31:56.608+0000] {logging_mixin.py:188} INFO - [2024-06-01T00:31:56.608+0000] {dagbag.py:545} INFO - Filling up the DagBag from /home/airflow/.local/lib/python3.12/site-packages/airflow/example_dags/example_task_group_decorator.py
[2024-06-01T00:31:56.620+0000] {processor.py:840} INFO - DAG(s) 'example_task_group_decorator' retrieved from /home/airflow/.local/lib/python3.12/site-packages/airflow/example_dags/example_task_group_decorator.py
[2024-06-01T00:31:56.642+0000] {logging_mixin.py:188} INFO - [2024-06-01T00:31:56.642+0000] {dag.py:3096} INFO - Sync 1 DAGs
[2024-06-01T00:31:56.659+0000] {logging_mixin.py:188} INFO - [2024-06-01T00:31:56.659+0000] {dag.py:3954} INFO - Setting next_dagrun for example_task_group_decorator to 2024-05-31 00:00:00+00:00, run_after=2024-06-01 00:00:00+00:00
[2024-06-01T00:31:56.676+0000] {processor.py:183} INFO - Processing /home/airflow/.local/lib/python3.12/site-packages/airflow/example_dags/example_task_group_decorator.py took 0.079 seconds
[2024-06-01T00:32:26.830+0000] {processor.py:161} INFO - Started process (PID=9312) to work on /home/airflow/.local/lib/python3.12/site-packages/airflow/example_dags/example_task_group_decorator.py
[2024-06-01T00:32:26.833+0000] {processor.py:830} INFO - Processing file /home/airflow/.local/lib/python3.12/site-packages/airflow/example_dags/example_task_group_decorator.py for tasks to queue
[2024-06-01T00:32:26.836+0000] {logging_mixin.py:188} INFO - [2024-06-01T00:32:26.836+0000] {dagbag.py:545} INFO - Filling up the DagBag from /home/airflow/.local/lib/python3.12/site-packages/airflow/example_dags/example_task_group_decorator.py
[2024-06-01T00:32:26.848+0000] {processor.py:840} INFO - DAG(s) 'example_task_group_decorator' retrieved from /home/airflow/.local/lib/python3.12/site-packages/airflow/example_dags/example_task_group_decorator.py
[2024-06-01T00:32:26.869+0000] {logging_mixin.py:188} INFO - [2024-06-01T00:32:26.869+0000] {dag.py:3096} INFO - Sync 1 DAGs
[2024-06-01T00:32:26.886+0000] {logging_mixin.py:188} INFO - [2024-06-01T00:32:26.885+0000] {dag.py:3954} INFO - Setting next_dagrun for example_task_group_decorator to 2024-05-31 00:00:00+00:00, run_after=2024-06-01 00:00:00+00:00
[2024-06-01T00:32:26.903+0000] {processor.py:183} INFO - Processing /home/airflow/.local/lib/python3.12/site-packages/airflow/example_dags/example_task_group_decorator.py took 0.082 seconds
[2024-06-01T00:32:57.600+0000] {processor.py:161} INFO - Started process (PID=9370) to work on /home/airflow/.local/lib/python3.12/site-packages/airflow/example_dags/example_task_group_decorator.py
[2024-06-01T00:32:57.603+0000] {processor.py:830} INFO - Processing file /home/airflow/.local/lib/python3.12/site-packages/airflow/example_dags/example_task_group_decorator.py for tasks to queue
[2024-06-01T00:32:57.605+0000] {logging_mixin.py:188} INFO - [2024-06-01T00:32:57.605+0000] {dagbag.py:545} INFO - Filling up the DagBag from /home/airflow/.local/lib/python3.12/site-packages/airflow/example_dags/example_task_group_decorator.py
[2024-06-01T00:32:57.616+0000] {processor.py:840} INFO - DAG(s) 'example_task_group_decorator' retrieved from /home/airflow/.local/lib/python3.12/site-packages/airflow/example_dags/example_task_group_decorator.py
[2024-06-01T00:32:57.638+0000] {logging_mixin.py:188} INFO - [2024-06-01T00:32:57.638+0000] {dag.py:3096} INFO - Sync 1 DAGs
[2024-06-01T00:32:57.657+0000] {logging_mixin.py:188} INFO - [2024-06-01T00:32:57.657+0000] {dag.py:3954} INFO - Setting next_dagrun for example_task_group_decorator to 2024-05-31 00:00:00+00:00, run_after=2024-06-01 00:00:00+00:00
[2024-06-01T00:32:57.677+0000] {processor.py:183} INFO - Processing /home/airflow/.local/lib/python3.12/site-packages/airflow/example_dags/example_task_group_decorator.py took 0.081 seconds
[2024-06-01T00:33:28.342+0000] {processor.py:161} INFO - Started process (PID=9428) to work on /home/airflow/.local/lib/python3.12/site-packages/airflow/example_dags/example_task_group_decorator.py
[2024-06-01T00:33:28.344+0000] {processor.py:830} INFO - Processing file /home/airflow/.local/lib/python3.12/site-packages/airflow/example_dags/example_task_group_decorator.py for tasks to queue
[2024-06-01T00:33:28.346+0000] {logging_mixin.py:188} INFO - [2024-06-01T00:33:28.345+0000] {dagbag.py:545} INFO - Filling up the DagBag from /home/airflow/.local/lib/python3.12/site-packages/airflow/example_dags/example_task_group_decorator.py
[2024-06-01T00:33:28.356+0000] {processor.py:840} INFO - DAG(s) 'example_task_group_decorator' retrieved from /home/airflow/.local/lib/python3.12/site-packages/airflow/example_dags/example_task_group_decorator.py
[2024-06-01T00:33:28.377+0000] {logging_mixin.py:188} INFO - [2024-06-01T00:33:28.376+0000] {dag.py:3096} INFO - Sync 1 DAGs
[2024-06-01T00:33:28.393+0000] {logging_mixin.py:188} INFO - [2024-06-01T00:33:28.393+0000] {dag.py:3954} INFO - Setting next_dagrun for example_task_group_decorator to 2024-05-31 00:00:00+00:00, run_after=2024-06-01 00:00:00+00:00
[2024-06-01T00:33:28.409+0000] {processor.py:183} INFO - Processing /home/airflow/.local/lib/python3.12/site-packages/airflow/example_dags/example_task_group_decorator.py took 0.072 seconds
[2024-06-01T00:33:58.601+0000] {processor.py:161} INFO - Started process (PID=9486) to work on /home/airflow/.local/lib/python3.12/site-packages/airflow/example_dags/example_task_group_decorator.py
[2024-06-01T00:33:58.603+0000] {processor.py:830} INFO - Processing file /home/airflow/.local/lib/python3.12/site-packages/airflow/example_dags/example_task_group_decorator.py for tasks to queue
[2024-06-01T00:33:58.606+0000] {logging_mixin.py:188} INFO - [2024-06-01T00:33:58.606+0000] {dagbag.py:545} INFO - Filling up the DagBag from /home/airflow/.local/lib/python3.12/site-packages/airflow/example_dags/example_task_group_decorator.py
[2024-06-01T00:33:58.618+0000] {processor.py:840} INFO - DAG(s) 'example_task_group_decorator' retrieved from /home/airflow/.local/lib/python3.12/site-packages/airflow/example_dags/example_task_group_decorator.py
[2024-06-01T00:33:58.642+0000] {logging_mixin.py:188} INFO - [2024-06-01T00:33:58.641+0000] {dag.py:3096} INFO - Sync 1 DAGs
[2024-06-01T00:33:58.660+0000] {logging_mixin.py:188} INFO - [2024-06-01T00:33:58.660+0000] {dag.py:3954} INFO - Setting next_dagrun for example_task_group_decorator to 2024-05-31 00:00:00+00:00, run_after=2024-06-01 00:00:00+00:00
[2024-06-01T00:33:58.677+0000] {processor.py:183} INFO - Processing /home/airflow/.local/lib/python3.12/site-packages/airflow/example_dags/example_task_group_decorator.py took 0.082 seconds
[2024-06-01T00:34:28.958+0000] {processor.py:161} INFO - Started process (PID=9544) to work on /home/airflow/.local/lib/python3.12/site-packages/airflow/example_dags/example_task_group_decorator.py
[2024-06-01T00:34:28.960+0000] {processor.py:830} INFO - Processing file /home/airflow/.local/lib/python3.12/site-packages/airflow/example_dags/example_task_group_decorator.py for tasks to queue
[2024-06-01T00:34:28.963+0000] {logging_mixin.py:188} INFO - [2024-06-01T00:34:28.962+0000] {dagbag.py:545} INFO - Filling up the DagBag from /home/airflow/.local/lib/python3.12/site-packages/airflow/example_dags/example_task_group_decorator.py
[2024-06-01T00:34:28.974+0000] {processor.py:840} INFO - DAG(s) 'example_task_group_decorator' retrieved from /home/airflow/.local/lib/python3.12/site-packages/airflow/example_dags/example_task_group_decorator.py
[2024-06-01T00:34:28.995+0000] {logging_mixin.py:188} INFO - [2024-06-01T00:34:28.995+0000] {dag.py:3096} INFO - Sync 1 DAGs
[2024-06-01T00:34:29.011+0000] {logging_mixin.py:188} INFO - [2024-06-01T00:34:29.011+0000] {dag.py:3954} INFO - Setting next_dagrun for example_task_group_decorator to 2024-05-31 00:00:00+00:00, run_after=2024-06-01 00:00:00+00:00
[2024-06-01T00:34:29.028+0000] {processor.py:183} INFO - Processing /home/airflow/.local/lib/python3.12/site-packages/airflow/example_dags/example_task_group_decorator.py took 0.076 seconds
[2024-06-01T00:34:59.446+0000] {processor.py:161} INFO - Started process (PID=9601) to work on /home/airflow/.local/lib/python3.12/site-packages/airflow/example_dags/example_task_group_decorator.py
[2024-06-01T00:34:59.448+0000] {processor.py:830} INFO - Processing file /home/airflow/.local/lib/python3.12/site-packages/airflow/example_dags/example_task_group_decorator.py for tasks to queue
[2024-06-01T00:34:59.450+0000] {logging_mixin.py:188} INFO - [2024-06-01T00:34:59.450+0000] {dagbag.py:545} INFO - Filling up the DagBag from /home/airflow/.local/lib/python3.12/site-packages/airflow/example_dags/example_task_group_decorator.py
[2024-06-01T00:34:59.461+0000] {processor.py:840} INFO - DAG(s) 'example_task_group_decorator' retrieved from /home/airflow/.local/lib/python3.12/site-packages/airflow/example_dags/example_task_group_decorator.py
[2024-06-01T00:34:59.486+0000] {logging_mixin.py:188} INFO - [2024-06-01T00:34:59.485+0000] {dag.py:3096} INFO - Sync 1 DAGs
[2024-06-01T00:34:59.503+0000] {logging_mixin.py:188} INFO - [2024-06-01T00:34:59.503+0000] {dag.py:3954} INFO - Setting next_dagrun for example_task_group_decorator to 2024-05-31 00:00:00+00:00, run_after=2024-06-01 00:00:00+00:00
[2024-06-01T00:34:59.522+0000] {processor.py:183} INFO - Processing /home/airflow/.local/lib/python3.12/site-packages/airflow/example_dags/example_task_group_decorator.py took 0.082 seconds
[2024-06-01T00:40:44.797+0000] {processor.py:161} INFO - Started process (PID=9666) to work on /home/airflow/.local/lib/python3.12/site-packages/airflow/example_dags/example_task_group_decorator.py
[2024-06-01T00:40:44.799+0000] {processor.py:830} INFO - Processing file /home/airflow/.local/lib/python3.12/site-packages/airflow/example_dags/example_task_group_decorator.py for tasks to queue
[2024-06-01T00:40:44.801+0000] {logging_mixin.py:188} INFO - [2024-06-01T00:40:44.800+0000] {dagbag.py:545} INFO - Filling up the DagBag from /home/airflow/.local/lib/python3.12/site-packages/airflow/example_dags/example_task_group_decorator.py
[2024-06-01T00:40:44.821+0000] {processor.py:840} INFO - DAG(s) 'example_task_group_decorator' retrieved from /home/airflow/.local/lib/python3.12/site-packages/airflow/example_dags/example_task_group_decorator.py
[2024-06-01T00:40:44.856+0000] {logging_mixin.py:188} INFO - [2024-06-01T00:40:44.855+0000] {dag.py:3096} INFO - Sync 1 DAGs
[2024-06-01T00:40:44.895+0000] {logging_mixin.py:188} INFO - [2024-06-01T00:40:44.894+0000] {dag.py:3954} INFO - Setting next_dagrun for example_task_group_decorator to 2024-05-31 00:00:00+00:00, run_after=2024-06-01 00:00:00+00:00
[2024-06-01T00:40:44.931+0000] {processor.py:183} INFO - Processing /home/airflow/.local/lib/python3.12/site-packages/airflow/example_dags/example_task_group_decorator.py took 0.143 seconds
