[2024-06-01T00:00:27.322+0000] {processor.py:161} INFO - Started process (PID=5651) to work on /home/airflow/.local/lib/python3.12/site-packages/airflow/example_dags/example_bash_operator.py
[2024-06-01T00:00:27.324+0000] {processor.py:830} INFO - Processing file /home/airflow/.local/lib/python3.12/site-packages/airflow/example_dags/example_bash_operator.py for tasks to queue
[2024-06-01T00:00:27.327+0000] {logging_mixin.py:188} INFO - [2024-06-01T00:00:27.327+0000] {dagbag.py:545} INFO - Filling up the DagBag from /home/airflow/.local/lib/python3.12/site-packages/airflow/example_dags/example_bash_operator.py
[2024-06-01T00:00:27.338+0000] {processor.py:840} INFO - DAG(s) 'example_bash_operator' retrieved from /home/airflow/.local/lib/python3.12/site-packages/airflow/example_dags/example_bash_operator.py
[2024-06-01T00:00:27.361+0000] {logging_mixin.py:188} INFO - [2024-06-01T00:00:27.361+0000] {dag.py:3096} INFO - Sync 1 DAGs
[2024-06-01T00:00:27.381+0000] {logging_mixin.py:188} INFO - [2024-06-01T00:00:27.380+0000] {dag.py:3954} INFO - Setting next_dagrun for example_bash_operator to 2024-05-31 00:00:00+00:00, run_after=2024-06-01 00:00:00+00:00
[2024-06-01T00:00:27.399+0000] {processor.py:183} INFO - Processing /home/airflow/.local/lib/python3.12/site-packages/airflow/example_dags/example_bash_operator.py took 0.082 seconds
[2024-06-01T00:00:57.535+0000] {processor.py:161} INFO - Started process (PID=5709) to work on /home/airflow/.local/lib/python3.12/site-packages/airflow/example_dags/example_bash_operator.py
[2024-06-01T00:00:57.538+0000] {processor.py:830} INFO - Processing file /home/airflow/.local/lib/python3.12/site-packages/airflow/example_dags/example_bash_operator.py for tasks to queue
[2024-06-01T00:00:57.542+0000] {logging_mixin.py:188} INFO - [2024-06-01T00:00:57.541+0000] {dagbag.py:545} INFO - Filling up the DagBag from /home/airflow/.local/lib/python3.12/site-packages/airflow/example_dags/example_bash_operator.py
[2024-06-01T00:00:57.552+0000] {processor.py:840} INFO - DAG(s) 'example_bash_operator' retrieved from /home/airflow/.local/lib/python3.12/site-packages/airflow/example_dags/example_bash_operator.py
[2024-06-01T00:00:57.576+0000] {logging_mixin.py:188} INFO - [2024-06-01T00:00:57.576+0000] {dag.py:3096} INFO - Sync 1 DAGs
[2024-06-01T00:00:57.595+0000] {logging_mixin.py:188} INFO - [2024-06-01T00:00:57.595+0000] {dag.py:3954} INFO - Setting next_dagrun for example_bash_operator to 2024-05-31 00:00:00+00:00, run_after=2024-06-01 00:00:00+00:00
[2024-06-01T00:00:57.614+0000] {processor.py:183} INFO - Processing /home/airflow/.local/lib/python3.12/site-packages/airflow/example_dags/example_bash_operator.py took 0.084 seconds
[2024-06-01T00:01:27.943+0000] {processor.py:161} INFO - Started process (PID=5767) to work on /home/airflow/.local/lib/python3.12/site-packages/airflow/example_dags/example_bash_operator.py
[2024-06-01T00:01:27.945+0000] {processor.py:830} INFO - Processing file /home/airflow/.local/lib/python3.12/site-packages/airflow/example_dags/example_bash_operator.py for tasks to queue
[2024-06-01T00:01:27.947+0000] {logging_mixin.py:188} INFO - [2024-06-01T00:01:27.947+0000] {dagbag.py:545} INFO - Filling up the DagBag from /home/airflow/.local/lib/python3.12/site-packages/airflow/example_dags/example_bash_operator.py
[2024-06-01T00:01:27.957+0000] {processor.py:840} INFO - DAG(s) 'example_bash_operator' retrieved from /home/airflow/.local/lib/python3.12/site-packages/airflow/example_dags/example_bash_operator.py
[2024-06-01T00:01:27.982+0000] {logging_mixin.py:188} INFO - [2024-06-01T00:01:27.982+0000] {dag.py:3096} INFO - Sync 1 DAGs
[2024-06-01T00:01:28.002+0000] {logging_mixin.py:188} INFO - [2024-06-01T00:01:28.002+0000] {dag.py:3954} INFO - Setting next_dagrun for example_bash_operator to 2024-05-31 00:00:00+00:00, run_after=2024-06-01 00:00:00+00:00
[2024-06-01T00:01:28.018+0000] {processor.py:183} INFO - Processing /home/airflow/.local/lib/python3.12/site-packages/airflow/example_dags/example_bash_operator.py took 0.080 seconds
[2024-06-01T00:01:58.378+0000] {processor.py:161} INFO - Started process (PID=5825) to work on /home/airflow/.local/lib/python3.12/site-packages/airflow/example_dags/example_bash_operator.py
[2024-06-01T00:01:58.380+0000] {processor.py:830} INFO - Processing file /home/airflow/.local/lib/python3.12/site-packages/airflow/example_dags/example_bash_operator.py for tasks to queue
[2024-06-01T00:01:58.382+0000] {logging_mixin.py:188} INFO - [2024-06-01T00:01:58.382+0000] {dagbag.py:545} INFO - Filling up the DagBag from /home/airflow/.local/lib/python3.12/site-packages/airflow/example_dags/example_bash_operator.py
[2024-06-01T00:01:58.393+0000] {processor.py:840} INFO - DAG(s) 'example_bash_operator' retrieved from /home/airflow/.local/lib/python3.12/site-packages/airflow/example_dags/example_bash_operator.py
[2024-06-01T00:01:58.417+0000] {logging_mixin.py:188} INFO - [2024-06-01T00:01:58.417+0000] {dag.py:3096} INFO - Sync 1 DAGs
[2024-06-01T00:01:58.438+0000] {logging_mixin.py:188} INFO - [2024-06-01T00:01:58.437+0000] {dag.py:3954} INFO - Setting next_dagrun for example_bash_operator to 2024-05-31 00:00:00+00:00, run_after=2024-06-01 00:00:00+00:00
[2024-06-01T00:01:58.458+0000] {processor.py:183} INFO - Processing /home/airflow/.local/lib/python3.12/site-packages/airflow/example_dags/example_bash_operator.py took 0.086 seconds
[2024-06-01T00:02:28.678+0000] {processor.py:161} INFO - Started process (PID=5884) to work on /home/airflow/.local/lib/python3.12/site-packages/airflow/example_dags/example_bash_operator.py
[2024-06-01T00:02:28.680+0000] {processor.py:830} INFO - Processing file /home/airflow/.local/lib/python3.12/site-packages/airflow/example_dags/example_bash_operator.py for tasks to queue
[2024-06-01T00:02:28.682+0000] {logging_mixin.py:188} INFO - [2024-06-01T00:02:28.681+0000] {dagbag.py:545} INFO - Filling up the DagBag from /home/airflow/.local/lib/python3.12/site-packages/airflow/example_dags/example_bash_operator.py
[2024-06-01T00:02:28.691+0000] {processor.py:840} INFO - DAG(s) 'example_bash_operator' retrieved from /home/airflow/.local/lib/python3.12/site-packages/airflow/example_dags/example_bash_operator.py
[2024-06-01T00:02:28.715+0000] {logging_mixin.py:188} INFO - [2024-06-01T00:02:28.714+0000] {dag.py:3096} INFO - Sync 1 DAGs
[2024-06-01T00:02:28.734+0000] {logging_mixin.py:188} INFO - [2024-06-01T00:02:28.734+0000] {dag.py:3954} INFO - Setting next_dagrun for example_bash_operator to 2024-05-31 00:00:00+00:00, run_after=2024-06-01 00:00:00+00:00
[2024-06-01T00:02:28.751+0000] {processor.py:183} INFO - Processing /home/airflow/.local/lib/python3.12/site-packages/airflow/example_dags/example_bash_operator.py took 0.079 seconds
[2024-06-01T00:02:58.872+0000] {processor.py:161} INFO - Started process (PID=5942) to work on /home/airflow/.local/lib/python3.12/site-packages/airflow/example_dags/example_bash_operator.py
[2024-06-01T00:02:58.874+0000] {processor.py:830} INFO - Processing file /home/airflow/.local/lib/python3.12/site-packages/airflow/example_dags/example_bash_operator.py for tasks to queue
[2024-06-01T00:02:58.877+0000] {logging_mixin.py:188} INFO - [2024-06-01T00:02:58.877+0000] {dagbag.py:545} INFO - Filling up the DagBag from /home/airflow/.local/lib/python3.12/site-packages/airflow/example_dags/example_bash_operator.py
[2024-06-01T00:02:58.887+0000] {processor.py:840} INFO - DAG(s) 'example_bash_operator' retrieved from /home/airflow/.local/lib/python3.12/site-packages/airflow/example_dags/example_bash_operator.py
[2024-06-01T00:02:58.910+0000] {logging_mixin.py:188} INFO - [2024-06-01T00:02:58.910+0000] {dag.py:3096} INFO - Sync 1 DAGs
[2024-06-01T00:02:58.928+0000] {logging_mixin.py:188} INFO - [2024-06-01T00:02:58.928+0000] {dag.py:3954} INFO - Setting next_dagrun for example_bash_operator to 2024-05-31 00:00:00+00:00, run_after=2024-06-01 00:00:00+00:00
[2024-06-01T00:02:58.949+0000] {processor.py:183} INFO - Processing /home/airflow/.local/lib/python3.12/site-packages/airflow/example_dags/example_bash_operator.py took 0.084 seconds
[2024-06-01T00:03:29.071+0000] {processor.py:161} INFO - Started process (PID=6000) to work on /home/airflow/.local/lib/python3.12/site-packages/airflow/example_dags/example_bash_operator.py
[2024-06-01T00:03:29.072+0000] {processor.py:830} INFO - Processing file /home/airflow/.local/lib/python3.12/site-packages/airflow/example_dags/example_bash_operator.py for tasks to queue
[2024-06-01T00:03:29.075+0000] {logging_mixin.py:188} INFO - [2024-06-01T00:03:29.075+0000] {dagbag.py:545} INFO - Filling up the DagBag from /home/airflow/.local/lib/python3.12/site-packages/airflow/example_dags/example_bash_operator.py
[2024-06-01T00:03:29.086+0000] {processor.py:840} INFO - DAG(s) 'example_bash_operator' retrieved from /home/airflow/.local/lib/python3.12/site-packages/airflow/example_dags/example_bash_operator.py
[2024-06-01T00:03:29.111+0000] {logging_mixin.py:188} INFO - [2024-06-01T00:03:29.111+0000] {dag.py:3096} INFO - Sync 1 DAGs
[2024-06-01T00:03:29.131+0000] {logging_mixin.py:188} INFO - [2024-06-01T00:03:29.131+0000] {dag.py:3954} INFO - Setting next_dagrun for example_bash_operator to 2024-05-31 00:00:00+00:00, run_after=2024-06-01 00:00:00+00:00
[2024-06-01T00:03:29.150+0000] {processor.py:183} INFO - Processing /home/airflow/.local/lib/python3.12/site-packages/airflow/example_dags/example_bash_operator.py took 0.084 seconds
[2024-06-01T00:03:59.319+0000] {processor.py:161} INFO - Started process (PID=6057) to work on /home/airflow/.local/lib/python3.12/site-packages/airflow/example_dags/example_bash_operator.py
[2024-06-01T00:03:59.321+0000] {processor.py:830} INFO - Processing file /home/airflow/.local/lib/python3.12/site-packages/airflow/example_dags/example_bash_operator.py for tasks to queue
[2024-06-01T00:03:59.324+0000] {logging_mixin.py:188} INFO - [2024-06-01T00:03:59.324+0000] {dagbag.py:545} INFO - Filling up the DagBag from /home/airflow/.local/lib/python3.12/site-packages/airflow/example_dags/example_bash_operator.py
[2024-06-01T00:03:59.334+0000] {processor.py:840} INFO - DAG(s) 'example_bash_operator' retrieved from /home/airflow/.local/lib/python3.12/site-packages/airflow/example_dags/example_bash_operator.py
[2024-06-01T00:03:59.357+0000] {logging_mixin.py:188} INFO - [2024-06-01T00:03:59.356+0000] {dag.py:3096} INFO - Sync 1 DAGs
[2024-06-01T00:03:59.374+0000] {logging_mixin.py:188} INFO - [2024-06-01T00:03:59.374+0000] {dag.py:3954} INFO - Setting next_dagrun for example_bash_operator to 2024-05-31 00:00:00+00:00, run_after=2024-06-01 00:00:00+00:00
[2024-06-01T00:03:59.394+0000] {processor.py:183} INFO - Processing /home/airflow/.local/lib/python3.12/site-packages/airflow/example_dags/example_bash_operator.py took 0.080 seconds
[2024-06-01T00:04:29.792+0000] {processor.py:161} INFO - Started process (PID=6115) to work on /home/airflow/.local/lib/python3.12/site-packages/airflow/example_dags/example_bash_operator.py
[2024-06-01T00:04:29.795+0000] {processor.py:830} INFO - Processing file /home/airflow/.local/lib/python3.12/site-packages/airflow/example_dags/example_bash_operator.py for tasks to queue
[2024-06-01T00:04:29.798+0000] {logging_mixin.py:188} INFO - [2024-06-01T00:04:29.797+0000] {dagbag.py:545} INFO - Filling up the DagBag from /home/airflow/.local/lib/python3.12/site-packages/airflow/example_dags/example_bash_operator.py
[2024-06-01T00:04:29.808+0000] {processor.py:840} INFO - DAG(s) 'example_bash_operator' retrieved from /home/airflow/.local/lib/python3.12/site-packages/airflow/example_dags/example_bash_operator.py
[2024-06-01T00:04:29.831+0000] {logging_mixin.py:188} INFO - [2024-06-01T00:04:29.831+0000] {dag.py:3096} INFO - Sync 1 DAGs
[2024-06-01T00:04:29.848+0000] {logging_mixin.py:188} INFO - [2024-06-01T00:04:29.848+0000] {dag.py:3954} INFO - Setting next_dagrun for example_bash_operator to 2024-05-31 00:00:00+00:00, run_after=2024-06-01 00:00:00+00:00
[2024-06-01T00:04:29.867+0000] {processor.py:183} INFO - Processing /home/airflow/.local/lib/python3.12/site-packages/airflow/example_dags/example_bash_operator.py took 0.080 seconds
[2024-06-01T00:05:00.199+0000] {processor.py:161} INFO - Started process (PID=6173) to work on /home/airflow/.local/lib/python3.12/site-packages/airflow/example_dags/example_bash_operator.py
[2024-06-01T00:05:00.200+0000] {processor.py:830} INFO - Processing file /home/airflow/.local/lib/python3.12/site-packages/airflow/example_dags/example_bash_operator.py for tasks to queue
[2024-06-01T00:05:00.202+0000] {logging_mixin.py:188} INFO - [2024-06-01T00:05:00.202+0000] {dagbag.py:545} INFO - Filling up the DagBag from /home/airflow/.local/lib/python3.12/site-packages/airflow/example_dags/example_bash_operator.py
[2024-06-01T00:05:00.213+0000] {processor.py:840} INFO - DAG(s) 'example_bash_operator' retrieved from /home/airflow/.local/lib/python3.12/site-packages/airflow/example_dags/example_bash_operator.py
[2024-06-01T00:05:00.238+0000] {logging_mixin.py:188} INFO - [2024-06-01T00:05:00.238+0000] {dag.py:3096} INFO - Sync 1 DAGs
[2024-06-01T00:05:00.260+0000] {logging_mixin.py:188} INFO - [2024-06-01T00:05:00.260+0000] {dag.py:3954} INFO - Setting next_dagrun for example_bash_operator to 2024-05-31 00:00:00+00:00, run_after=2024-06-01 00:00:00+00:00
[2024-06-01T00:05:00.281+0000] {processor.py:183} INFO - Processing /home/airflow/.local/lib/python3.12/site-packages/airflow/example_dags/example_bash_operator.py took 0.087 seconds
[2024-06-01T00:05:30.725+0000] {processor.py:161} INFO - Started process (PID=6231) to work on /home/airflow/.local/lib/python3.12/site-packages/airflow/example_dags/example_bash_operator.py
[2024-06-01T00:05:30.728+0000] {processor.py:830} INFO - Processing file /home/airflow/.local/lib/python3.12/site-packages/airflow/example_dags/example_bash_operator.py for tasks to queue
[2024-06-01T00:05:30.731+0000] {logging_mixin.py:188} INFO - [2024-06-01T00:05:30.731+0000] {dagbag.py:545} INFO - Filling up the DagBag from /home/airflow/.local/lib/python3.12/site-packages/airflow/example_dags/example_bash_operator.py
[2024-06-01T00:05:30.740+0000] {processor.py:840} INFO - DAG(s) 'example_bash_operator' retrieved from /home/airflow/.local/lib/python3.12/site-packages/airflow/example_dags/example_bash_operator.py
[2024-06-01T00:05:30.762+0000] {logging_mixin.py:188} INFO - [2024-06-01T00:05:30.762+0000] {dag.py:3096} INFO - Sync 1 DAGs
[2024-06-01T00:05:30.780+0000] {logging_mixin.py:188} INFO - [2024-06-01T00:05:30.779+0000] {dag.py:3954} INFO - Setting next_dagrun for example_bash_operator to 2024-05-31 00:00:00+00:00, run_after=2024-06-01 00:00:00+00:00
[2024-06-01T00:05:30.798+0000] {processor.py:183} INFO - Processing /home/airflow/.local/lib/python3.12/site-packages/airflow/example_dags/example_bash_operator.py took 0.078 seconds
[2024-06-01T00:06:01.203+0000] {processor.py:161} INFO - Started process (PID=6289) to work on /home/airflow/.local/lib/python3.12/site-packages/airflow/example_dags/example_bash_operator.py
[2024-06-01T00:06:01.204+0000] {processor.py:830} INFO - Processing file /home/airflow/.local/lib/python3.12/site-packages/airflow/example_dags/example_bash_operator.py for tasks to queue
[2024-06-01T00:06:01.206+0000] {logging_mixin.py:188} INFO - [2024-06-01T00:06:01.206+0000] {dagbag.py:545} INFO - Filling up the DagBag from /home/airflow/.local/lib/python3.12/site-packages/airflow/example_dags/example_bash_operator.py
[2024-06-01T00:06:01.216+0000] {processor.py:840} INFO - DAG(s) 'example_bash_operator' retrieved from /home/airflow/.local/lib/python3.12/site-packages/airflow/example_dags/example_bash_operator.py
[2024-06-01T00:06:01.239+0000] {logging_mixin.py:188} INFO - [2024-06-01T00:06:01.239+0000] {dag.py:3096} INFO - Sync 1 DAGs
[2024-06-01T00:06:01.257+0000] {logging_mixin.py:188} INFO - [2024-06-01T00:06:01.256+0000] {dag.py:3954} INFO - Setting next_dagrun for example_bash_operator to 2024-05-31 00:00:00+00:00, run_after=2024-06-01 00:00:00+00:00
[2024-06-01T00:06:01.276+0000] {processor.py:183} INFO - Processing /home/airflow/.local/lib/python3.12/site-packages/airflow/example_dags/example_bash_operator.py took 0.078 seconds
[2024-06-01T00:06:32.286+0000] {processor.py:161} INFO - Started process (PID=6348) to work on /home/airflow/.local/lib/python3.12/site-packages/airflow/example_dags/example_bash_operator.py
[2024-06-01T00:06:32.287+0000] {processor.py:830} INFO - Processing file /home/airflow/.local/lib/python3.12/site-packages/airflow/example_dags/example_bash_operator.py for tasks to queue
[2024-06-01T00:06:32.290+0000] {logging_mixin.py:188} INFO - [2024-06-01T00:06:32.289+0000] {dagbag.py:545} INFO - Filling up the DagBag from /home/airflow/.local/lib/python3.12/site-packages/airflow/example_dags/example_bash_operator.py
[2024-06-01T00:06:32.300+0000] {processor.py:840} INFO - DAG(s) 'example_bash_operator' retrieved from /home/airflow/.local/lib/python3.12/site-packages/airflow/example_dags/example_bash_operator.py
[2024-06-01T00:06:32.321+0000] {logging_mixin.py:188} INFO - [2024-06-01T00:06:32.321+0000] {dag.py:3096} INFO - Sync 1 DAGs
[2024-06-01T00:06:32.339+0000] {logging_mixin.py:188} INFO - [2024-06-01T00:06:32.339+0000] {dag.py:3954} INFO - Setting next_dagrun for example_bash_operator to 2024-05-31 00:00:00+00:00, run_after=2024-06-01 00:00:00+00:00
[2024-06-01T00:06:32.358+0000] {processor.py:183} INFO - Processing /home/airflow/.local/lib/python3.12/site-packages/airflow/example_dags/example_bash_operator.py took 0.077 seconds
[2024-06-01T00:07:02.734+0000] {processor.py:161} INFO - Started process (PID=6405) to work on /home/airflow/.local/lib/python3.12/site-packages/airflow/example_dags/example_bash_operator.py
[2024-06-01T00:07:02.735+0000] {processor.py:830} INFO - Processing file /home/airflow/.local/lib/python3.12/site-packages/airflow/example_dags/example_bash_operator.py for tasks to queue
[2024-06-01T00:07:02.738+0000] {logging_mixin.py:188} INFO - [2024-06-01T00:07:02.738+0000] {dagbag.py:545} INFO - Filling up the DagBag from /home/airflow/.local/lib/python3.12/site-packages/airflow/example_dags/example_bash_operator.py
[2024-06-01T00:07:02.748+0000] {processor.py:840} INFO - DAG(s) 'example_bash_operator' retrieved from /home/airflow/.local/lib/python3.12/site-packages/airflow/example_dags/example_bash_operator.py
[2024-06-01T00:07:02.773+0000] {logging_mixin.py:188} INFO - [2024-06-01T00:07:02.773+0000] {dag.py:3096} INFO - Sync 1 DAGs
[2024-06-01T00:07:02.899+0000] {logging_mixin.py:188} INFO - [2024-06-01T00:07:02.899+0000] {dag.py:3954} INFO - Setting next_dagrun for example_bash_operator to 2024-05-31 00:00:00+00:00, run_after=2024-06-01 00:00:00+00:00
[2024-06-01T00:07:02.917+0000] {processor.py:183} INFO - Processing /home/airflow/.local/lib/python3.12/site-packages/airflow/example_dags/example_bash_operator.py took 0.188 seconds
[2024-06-01T00:07:33.925+0000] {processor.py:161} INFO - Started process (PID=6464) to work on /home/airflow/.local/lib/python3.12/site-packages/airflow/example_dags/example_bash_operator.py
[2024-06-01T00:07:33.927+0000] {processor.py:830} INFO - Processing file /home/airflow/.local/lib/python3.12/site-packages/airflow/example_dags/example_bash_operator.py for tasks to queue
[2024-06-01T00:07:33.930+0000] {logging_mixin.py:188} INFO - [2024-06-01T00:07:33.929+0000] {dagbag.py:545} INFO - Filling up the DagBag from /home/airflow/.local/lib/python3.12/site-packages/airflow/example_dags/example_bash_operator.py
[2024-06-01T00:07:33.939+0000] {processor.py:840} INFO - DAG(s) 'example_bash_operator' retrieved from /home/airflow/.local/lib/python3.12/site-packages/airflow/example_dags/example_bash_operator.py
[2024-06-01T00:07:33.962+0000] {logging_mixin.py:188} INFO - [2024-06-01T00:07:33.962+0000] {dag.py:3096} INFO - Sync 1 DAGs
[2024-06-01T00:07:34.078+0000] {logging_mixin.py:188} INFO - [2024-06-01T00:07:34.078+0000] {dag.py:3954} INFO - Setting next_dagrun for example_bash_operator to 2024-05-31 00:00:00+00:00, run_after=2024-06-01 00:00:00+00:00
[2024-06-01T00:07:34.093+0000] {processor.py:183} INFO - Processing /home/airflow/.local/lib/python3.12/site-packages/airflow/example_dags/example_bash_operator.py took 0.173 seconds
[2024-06-01T00:08:04.264+0000] {processor.py:161} INFO - Started process (PID=6521) to work on /home/airflow/.local/lib/python3.12/site-packages/airflow/example_dags/example_bash_operator.py
[2024-06-01T00:08:04.266+0000] {processor.py:830} INFO - Processing file /home/airflow/.local/lib/python3.12/site-packages/airflow/example_dags/example_bash_operator.py for tasks to queue
[2024-06-01T00:08:04.269+0000] {logging_mixin.py:188} INFO - [2024-06-01T00:08:04.269+0000] {dagbag.py:545} INFO - Filling up the DagBag from /home/airflow/.local/lib/python3.12/site-packages/airflow/example_dags/example_bash_operator.py
[2024-06-01T00:08:04.279+0000] {processor.py:840} INFO - DAG(s) 'example_bash_operator' retrieved from /home/airflow/.local/lib/python3.12/site-packages/airflow/example_dags/example_bash_operator.py
[2024-06-01T00:08:04.301+0000] {logging_mixin.py:188} INFO - [2024-06-01T00:08:04.300+0000] {dag.py:3096} INFO - Sync 1 DAGs
[2024-06-01T00:08:04.321+0000] {logging_mixin.py:188} INFO - [2024-06-01T00:08:04.320+0000] {dag.py:3954} INFO - Setting next_dagrun for example_bash_operator to 2024-05-31 00:00:00+00:00, run_after=2024-06-01 00:00:00+00:00
[2024-06-01T00:08:04.435+0000] {processor.py:183} INFO - Processing /home/airflow/.local/lib/python3.12/site-packages/airflow/example_dags/example_bash_operator.py took 0.175 seconds
[2024-06-01T00:08:35.202+0000] {processor.py:161} INFO - Started process (PID=6579) to work on /home/airflow/.local/lib/python3.12/site-packages/airflow/example_dags/example_bash_operator.py
[2024-06-01T00:08:35.204+0000] {processor.py:830} INFO - Processing file /home/airflow/.local/lib/python3.12/site-packages/airflow/example_dags/example_bash_operator.py for tasks to queue
[2024-06-01T00:08:35.207+0000] {logging_mixin.py:188} INFO - [2024-06-01T00:08:35.207+0000] {dagbag.py:545} INFO - Filling up the DagBag from /home/airflow/.local/lib/python3.12/site-packages/airflow/example_dags/example_bash_operator.py
[2024-06-01T00:08:35.217+0000] {processor.py:840} INFO - DAG(s) 'example_bash_operator' retrieved from /home/airflow/.local/lib/python3.12/site-packages/airflow/example_dags/example_bash_operator.py
[2024-06-01T00:08:35.239+0000] {logging_mixin.py:188} INFO - [2024-06-01T00:08:35.239+0000] {dag.py:3096} INFO - Sync 1 DAGs
[2024-06-01T00:08:35.258+0000] {logging_mixin.py:188} INFO - [2024-06-01T00:08:35.258+0000] {dag.py:3954} INFO - Setting next_dagrun for example_bash_operator to 2024-05-31 00:00:00+00:00, run_after=2024-06-01 00:00:00+00:00
[2024-06-01T00:08:35.277+0000] {processor.py:183} INFO - Processing /home/airflow/.local/lib/python3.12/site-packages/airflow/example_dags/example_bash_operator.py took 0.079 seconds
[2024-06-01T00:09:06.115+0000] {processor.py:161} INFO - Started process (PID=6637) to work on /home/airflow/.local/lib/python3.12/site-packages/airflow/example_dags/example_bash_operator.py
[2024-06-01T00:09:06.117+0000] {processor.py:830} INFO - Processing file /home/airflow/.local/lib/python3.12/site-packages/airflow/example_dags/example_bash_operator.py for tasks to queue
[2024-06-01T00:09:06.120+0000] {logging_mixin.py:188} INFO - [2024-06-01T00:09:06.120+0000] {dagbag.py:545} INFO - Filling up the DagBag from /home/airflow/.local/lib/python3.12/site-packages/airflow/example_dags/example_bash_operator.py
[2024-06-01T00:09:06.131+0000] {processor.py:840} INFO - DAG(s) 'example_bash_operator' retrieved from /home/airflow/.local/lib/python3.12/site-packages/airflow/example_dags/example_bash_operator.py
[2024-06-01T00:09:06.156+0000] {logging_mixin.py:188} INFO - [2024-06-01T00:09:06.156+0000] {dag.py:3096} INFO - Sync 1 DAGs
[2024-06-01T00:09:06.176+0000] {logging_mixin.py:188} INFO - [2024-06-01T00:09:06.176+0000] {dag.py:3954} INFO - Setting next_dagrun for example_bash_operator to 2024-05-31 00:00:00+00:00, run_after=2024-06-01 00:00:00+00:00
[2024-06-01T00:09:06.198+0000] {processor.py:183} INFO - Processing /home/airflow/.local/lib/python3.12/site-packages/airflow/example_dags/example_bash_operator.py took 0.087 seconds
[2024-06-01T00:09:36.746+0000] {processor.py:161} INFO - Started process (PID=6695) to work on /home/airflow/.local/lib/python3.12/site-packages/airflow/example_dags/example_bash_operator.py
[2024-06-01T00:09:36.749+0000] {processor.py:830} INFO - Processing file /home/airflow/.local/lib/python3.12/site-packages/airflow/example_dags/example_bash_operator.py for tasks to queue
[2024-06-01T00:09:36.752+0000] {logging_mixin.py:188} INFO - [2024-06-01T00:09:36.751+0000] {dagbag.py:545} INFO - Filling up the DagBag from /home/airflow/.local/lib/python3.12/site-packages/airflow/example_dags/example_bash_operator.py
[2024-06-01T00:09:36.761+0000] {processor.py:840} INFO - DAG(s) 'example_bash_operator' retrieved from /home/airflow/.local/lib/python3.12/site-packages/airflow/example_dags/example_bash_operator.py
[2024-06-01T00:09:36.784+0000] {logging_mixin.py:188} INFO - [2024-06-01T00:09:36.784+0000] {dag.py:3096} INFO - Sync 1 DAGs
[2024-06-01T00:09:36.804+0000] {logging_mixin.py:188} INFO - [2024-06-01T00:09:36.804+0000] {dag.py:3954} INFO - Setting next_dagrun for example_bash_operator to 2024-05-31 00:00:00+00:00, run_after=2024-06-01 00:00:00+00:00
[2024-06-01T00:09:36.821+0000] {processor.py:183} INFO - Processing /home/airflow/.local/lib/python3.12/site-packages/airflow/example_dags/example_bash_operator.py took 0.085 seconds
[2024-06-01T00:10:07.217+0000] {processor.py:161} INFO - Started process (PID=6753) to work on /home/airflow/.local/lib/python3.12/site-packages/airflow/example_dags/example_bash_operator.py
[2024-06-01T00:10:07.218+0000] {processor.py:830} INFO - Processing file /home/airflow/.local/lib/python3.12/site-packages/airflow/example_dags/example_bash_operator.py for tasks to queue
[2024-06-01T00:10:07.220+0000] {logging_mixin.py:188} INFO - [2024-06-01T00:10:07.220+0000] {dagbag.py:545} INFO - Filling up the DagBag from /home/airflow/.local/lib/python3.12/site-packages/airflow/example_dags/example_bash_operator.py
[2024-06-01T00:10:07.229+0000] {processor.py:840} INFO - DAG(s) 'example_bash_operator' retrieved from /home/airflow/.local/lib/python3.12/site-packages/airflow/example_dags/example_bash_operator.py
[2024-06-01T00:10:07.251+0000] {logging_mixin.py:188} INFO - [2024-06-01T00:10:07.251+0000] {dag.py:3096} INFO - Sync 1 DAGs
[2024-06-01T00:10:07.269+0000] {logging_mixin.py:188} INFO - [2024-06-01T00:10:07.269+0000] {dag.py:3954} INFO - Setting next_dagrun for example_bash_operator to 2024-05-31 00:00:00+00:00, run_after=2024-06-01 00:00:00+00:00
[2024-06-01T00:10:07.286+0000] {processor.py:183} INFO - Processing /home/airflow/.local/lib/python3.12/site-packages/airflow/example_dags/example_bash_operator.py took 0.075 seconds
[2024-06-01T00:10:37.514+0000] {processor.py:161} INFO - Started process (PID=6811) to work on /home/airflow/.local/lib/python3.12/site-packages/airflow/example_dags/example_bash_operator.py
[2024-06-01T00:10:37.516+0000] {processor.py:830} INFO - Processing file /home/airflow/.local/lib/python3.12/site-packages/airflow/example_dags/example_bash_operator.py for tasks to queue
[2024-06-01T00:10:37.518+0000] {logging_mixin.py:188} INFO - [2024-06-01T00:10:37.518+0000] {dagbag.py:545} INFO - Filling up the DagBag from /home/airflow/.local/lib/python3.12/site-packages/airflow/example_dags/example_bash_operator.py
[2024-06-01T00:10:37.528+0000] {processor.py:840} INFO - DAG(s) 'example_bash_operator' retrieved from /home/airflow/.local/lib/python3.12/site-packages/airflow/example_dags/example_bash_operator.py
[2024-06-01T00:10:37.550+0000] {logging_mixin.py:188} INFO - [2024-06-01T00:10:37.550+0000] {dag.py:3096} INFO - Sync 1 DAGs
[2024-06-01T00:10:37.570+0000] {logging_mixin.py:188} INFO - [2024-06-01T00:10:37.570+0000] {dag.py:3954} INFO - Setting next_dagrun for example_bash_operator to 2024-05-31 00:00:00+00:00, run_after=2024-06-01 00:00:00+00:00
[2024-06-01T00:10:37.587+0000] {processor.py:183} INFO - Processing /home/airflow/.local/lib/python3.12/site-packages/airflow/example_dags/example_bash_operator.py took 0.078 seconds
[2024-06-01T00:11:07.750+0000] {processor.py:161} INFO - Started process (PID=6869) to work on /home/airflow/.local/lib/python3.12/site-packages/airflow/example_dags/example_bash_operator.py
[2024-06-01T00:11:07.751+0000] {processor.py:830} INFO - Processing file /home/airflow/.local/lib/python3.12/site-packages/airflow/example_dags/example_bash_operator.py for tasks to queue
[2024-06-01T00:11:07.754+0000] {logging_mixin.py:188} INFO - [2024-06-01T00:11:07.753+0000] {dagbag.py:545} INFO - Filling up the DagBag from /home/airflow/.local/lib/python3.12/site-packages/airflow/example_dags/example_bash_operator.py
[2024-06-01T00:11:07.763+0000] {processor.py:840} INFO - DAG(s) 'example_bash_operator' retrieved from /home/airflow/.local/lib/python3.12/site-packages/airflow/example_dags/example_bash_operator.py
[2024-06-01T00:11:07.787+0000] {logging_mixin.py:188} INFO - [2024-06-01T00:11:07.787+0000] {dag.py:3096} INFO - Sync 1 DAGs
[2024-06-01T00:11:07.808+0000] {logging_mixin.py:188} INFO - [2024-06-01T00:11:07.807+0000] {dag.py:3954} INFO - Setting next_dagrun for example_bash_operator to 2024-05-31 00:00:00+00:00, run_after=2024-06-01 00:00:00+00:00
[2024-06-01T00:11:07.826+0000] {processor.py:183} INFO - Processing /home/airflow/.local/lib/python3.12/site-packages/airflow/example_dags/example_bash_operator.py took 0.081 seconds
[2024-06-01T00:11:37.996+0000] {processor.py:161} INFO - Started process (PID=6927) to work on /home/airflow/.local/lib/python3.12/site-packages/airflow/example_dags/example_bash_operator.py
[2024-06-01T00:11:37.998+0000] {processor.py:830} INFO - Processing file /home/airflow/.local/lib/python3.12/site-packages/airflow/example_dags/example_bash_operator.py for tasks to queue
[2024-06-01T00:11:38.000+0000] {logging_mixin.py:188} INFO - [2024-06-01T00:11:37.999+0000] {dagbag.py:545} INFO - Filling up the DagBag from /home/airflow/.local/lib/python3.12/site-packages/airflow/example_dags/example_bash_operator.py
[2024-06-01T00:11:38.010+0000] {processor.py:840} INFO - DAG(s) 'example_bash_operator' retrieved from /home/airflow/.local/lib/python3.12/site-packages/airflow/example_dags/example_bash_operator.py
[2024-06-01T00:11:38.032+0000] {logging_mixin.py:188} INFO - [2024-06-01T00:11:38.032+0000] {dag.py:3096} INFO - Sync 1 DAGs
[2024-06-01T00:11:38.051+0000] {logging_mixin.py:188} INFO - [2024-06-01T00:11:38.051+0000] {dag.py:3954} INFO - Setting next_dagrun for example_bash_operator to 2024-05-31 00:00:00+00:00, run_after=2024-06-01 00:00:00+00:00
[2024-06-01T00:11:38.069+0000] {processor.py:183} INFO - Processing /home/airflow/.local/lib/python3.12/site-packages/airflow/example_dags/example_bash_operator.py took 0.079 seconds
[2024-06-01T00:12:08.272+0000] {processor.py:161} INFO - Started process (PID=6984) to work on /home/airflow/.local/lib/python3.12/site-packages/airflow/example_dags/example_bash_operator.py
[2024-06-01T00:12:08.274+0000] {processor.py:830} INFO - Processing file /home/airflow/.local/lib/python3.12/site-packages/airflow/example_dags/example_bash_operator.py for tasks to queue
[2024-06-01T00:12:08.276+0000] {logging_mixin.py:188} INFO - [2024-06-01T00:12:08.276+0000] {dagbag.py:545} INFO - Filling up the DagBag from /home/airflow/.local/lib/python3.12/site-packages/airflow/example_dags/example_bash_operator.py
[2024-06-01T00:12:08.286+0000] {processor.py:840} INFO - DAG(s) 'example_bash_operator' retrieved from /home/airflow/.local/lib/python3.12/site-packages/airflow/example_dags/example_bash_operator.py
[2024-06-01T00:12:08.309+0000] {logging_mixin.py:188} INFO - [2024-06-01T00:12:08.309+0000] {dag.py:3096} INFO - Sync 1 DAGs
[2024-06-01T00:12:08.327+0000] {logging_mixin.py:188} INFO - [2024-06-01T00:12:08.327+0000] {dag.py:3954} INFO - Setting next_dagrun for example_bash_operator to 2024-05-31 00:00:00+00:00, run_after=2024-06-01 00:00:00+00:00
[2024-06-01T00:12:08.344+0000] {processor.py:183} INFO - Processing /home/airflow/.local/lib/python3.12/site-packages/airflow/example_dags/example_bash_operator.py took 0.082 seconds
[2024-06-01T00:12:39.059+0000] {processor.py:161} INFO - Started process (PID=7042) to work on /home/airflow/.local/lib/python3.12/site-packages/airflow/example_dags/example_bash_operator.py
[2024-06-01T00:12:39.061+0000] {processor.py:830} INFO - Processing file /home/airflow/.local/lib/python3.12/site-packages/airflow/example_dags/example_bash_operator.py for tasks to queue
[2024-06-01T00:12:39.064+0000] {logging_mixin.py:188} INFO - [2024-06-01T00:12:39.064+0000] {dagbag.py:545} INFO - Filling up the DagBag from /home/airflow/.local/lib/python3.12/site-packages/airflow/example_dags/example_bash_operator.py
[2024-06-01T00:12:39.074+0000] {processor.py:840} INFO - DAG(s) 'example_bash_operator' retrieved from /home/airflow/.local/lib/python3.12/site-packages/airflow/example_dags/example_bash_operator.py
[2024-06-01T00:12:39.098+0000] {logging_mixin.py:188} INFO - [2024-06-01T00:12:39.098+0000] {dag.py:3096} INFO - Sync 1 DAGs
[2024-06-01T00:12:39.119+0000] {logging_mixin.py:188} INFO - [2024-06-01T00:12:39.119+0000] {dag.py:3954} INFO - Setting next_dagrun for example_bash_operator to 2024-05-31 00:00:00+00:00, run_after=2024-06-01 00:00:00+00:00
[2024-06-01T00:12:39.137+0000] {processor.py:183} INFO - Processing /home/airflow/.local/lib/python3.12/site-packages/airflow/example_dags/example_bash_operator.py took 0.083 seconds
[2024-06-01T00:13:09.518+0000] {processor.py:161} INFO - Started process (PID=7100) to work on /home/airflow/.local/lib/python3.12/site-packages/airflow/example_dags/example_bash_operator.py
[2024-06-01T00:13:09.520+0000] {processor.py:830} INFO - Processing file /home/airflow/.local/lib/python3.12/site-packages/airflow/example_dags/example_bash_operator.py for tasks to queue
[2024-06-01T00:13:09.522+0000] {logging_mixin.py:188} INFO - [2024-06-01T00:13:09.522+0000] {dagbag.py:545} INFO - Filling up the DagBag from /home/airflow/.local/lib/python3.12/site-packages/airflow/example_dags/example_bash_operator.py
[2024-06-01T00:13:09.533+0000] {processor.py:840} INFO - DAG(s) 'example_bash_operator' retrieved from /home/airflow/.local/lib/python3.12/site-packages/airflow/example_dags/example_bash_operator.py
[2024-06-01T00:13:09.555+0000] {logging_mixin.py:188} INFO - [2024-06-01T00:13:09.555+0000] {dag.py:3096} INFO - Sync 1 DAGs
[2024-06-01T00:13:09.574+0000] {logging_mixin.py:188} INFO - [2024-06-01T00:13:09.573+0000] {dag.py:3954} INFO - Setting next_dagrun for example_bash_operator to 2024-05-31 00:00:00+00:00, run_after=2024-06-01 00:00:00+00:00
[2024-06-01T00:13:09.588+0000] {processor.py:183} INFO - Processing /home/airflow/.local/lib/python3.12/site-packages/airflow/example_dags/example_bash_operator.py took 0.076 seconds
[2024-06-01T00:13:39.900+0000] {processor.py:161} INFO - Started process (PID=7158) to work on /home/airflow/.local/lib/python3.12/site-packages/airflow/example_dags/example_bash_operator.py
[2024-06-01T00:13:39.901+0000] {processor.py:830} INFO - Processing file /home/airflow/.local/lib/python3.12/site-packages/airflow/example_dags/example_bash_operator.py for tasks to queue
[2024-06-01T00:13:39.903+0000] {logging_mixin.py:188} INFO - [2024-06-01T00:13:39.903+0000] {dagbag.py:545} INFO - Filling up the DagBag from /home/airflow/.local/lib/python3.12/site-packages/airflow/example_dags/example_bash_operator.py
[2024-06-01T00:13:39.912+0000] {processor.py:840} INFO - DAG(s) 'example_bash_operator' retrieved from /home/airflow/.local/lib/python3.12/site-packages/airflow/example_dags/example_bash_operator.py
[2024-06-01T00:13:39.936+0000] {logging_mixin.py:188} INFO - [2024-06-01T00:13:39.936+0000] {dag.py:3096} INFO - Sync 1 DAGs
[2024-06-01T00:13:39.955+0000] {logging_mixin.py:188} INFO - [2024-06-01T00:13:39.955+0000] {dag.py:3954} INFO - Setting next_dagrun for example_bash_operator to 2024-05-31 00:00:00+00:00, run_after=2024-06-01 00:00:00+00:00
[2024-06-01T00:13:39.972+0000] {processor.py:183} INFO - Processing /home/airflow/.local/lib/python3.12/site-packages/airflow/example_dags/example_bash_operator.py took 0.079 seconds
[2024-06-01T00:14:10.685+0000] {processor.py:161} INFO - Started process (PID=7216) to work on /home/airflow/.local/lib/python3.12/site-packages/airflow/example_dags/example_bash_operator.py
[2024-06-01T00:14:10.687+0000] {processor.py:830} INFO - Processing file /home/airflow/.local/lib/python3.12/site-packages/airflow/example_dags/example_bash_operator.py for tasks to queue
[2024-06-01T00:14:10.690+0000] {logging_mixin.py:188} INFO - [2024-06-01T00:14:10.689+0000] {dagbag.py:545} INFO - Filling up the DagBag from /home/airflow/.local/lib/python3.12/site-packages/airflow/example_dags/example_bash_operator.py
[2024-06-01T00:14:10.700+0000] {processor.py:840} INFO - DAG(s) 'example_bash_operator' retrieved from /home/airflow/.local/lib/python3.12/site-packages/airflow/example_dags/example_bash_operator.py
[2024-06-01T00:14:10.724+0000] {logging_mixin.py:188} INFO - [2024-06-01T00:14:10.724+0000] {dag.py:3096} INFO - Sync 1 DAGs
[2024-06-01T00:14:10.742+0000] {logging_mixin.py:188} INFO - [2024-06-01T00:14:10.742+0000] {dag.py:3954} INFO - Setting next_dagrun for example_bash_operator to 2024-05-31 00:00:00+00:00, run_after=2024-06-01 00:00:00+00:00
[2024-06-01T00:14:10.762+0000] {processor.py:183} INFO - Processing /home/airflow/.local/lib/python3.12/site-packages/airflow/example_dags/example_bash_operator.py took 0.082 seconds
[2024-06-01T00:14:41.332+0000] {processor.py:161} INFO - Started process (PID=7274) to work on /home/airflow/.local/lib/python3.12/site-packages/airflow/example_dags/example_bash_operator.py
[2024-06-01T00:14:41.335+0000] {processor.py:830} INFO - Processing file /home/airflow/.local/lib/python3.12/site-packages/airflow/example_dags/example_bash_operator.py for tasks to queue
[2024-06-01T00:14:41.337+0000] {logging_mixin.py:188} INFO - [2024-06-01T00:14:41.337+0000] {dagbag.py:545} INFO - Filling up the DagBag from /home/airflow/.local/lib/python3.12/site-packages/airflow/example_dags/example_bash_operator.py
[2024-06-01T00:14:41.346+0000] {processor.py:840} INFO - DAG(s) 'example_bash_operator' retrieved from /home/airflow/.local/lib/python3.12/site-packages/airflow/example_dags/example_bash_operator.py
[2024-06-01T00:14:41.369+0000] {logging_mixin.py:188} INFO - [2024-06-01T00:14:41.369+0000] {dag.py:3096} INFO - Sync 1 DAGs
[2024-06-01T00:14:41.387+0000] {logging_mixin.py:188} INFO - [2024-06-01T00:14:41.387+0000] {dag.py:3954} INFO - Setting next_dagrun for example_bash_operator to 2024-05-31 00:00:00+00:00, run_after=2024-06-01 00:00:00+00:00
[2024-06-01T00:14:41.404+0000] {processor.py:183} INFO - Processing /home/airflow/.local/lib/python3.12/site-packages/airflow/example_dags/example_bash_operator.py took 0.076 seconds
[2024-06-01T00:15:11.984+0000] {processor.py:161} INFO - Started process (PID=7332) to work on /home/airflow/.local/lib/python3.12/site-packages/airflow/example_dags/example_bash_operator.py
[2024-06-01T00:15:11.985+0000] {processor.py:830} INFO - Processing file /home/airflow/.local/lib/python3.12/site-packages/airflow/example_dags/example_bash_operator.py for tasks to queue
[2024-06-01T00:15:11.988+0000] {logging_mixin.py:188} INFO - [2024-06-01T00:15:11.988+0000] {dagbag.py:545} INFO - Filling up the DagBag from /home/airflow/.local/lib/python3.12/site-packages/airflow/example_dags/example_bash_operator.py
[2024-06-01T00:15:11.997+0000] {processor.py:840} INFO - DAG(s) 'example_bash_operator' retrieved from /home/airflow/.local/lib/python3.12/site-packages/airflow/example_dags/example_bash_operator.py
[2024-06-01T00:15:12.019+0000] {logging_mixin.py:188} INFO - [2024-06-01T00:15:12.019+0000] {dag.py:3096} INFO - Sync 1 DAGs
[2024-06-01T00:15:12.036+0000] {logging_mixin.py:188} INFO - [2024-06-01T00:15:12.036+0000] {dag.py:3954} INFO - Setting next_dagrun for example_bash_operator to 2024-05-31 00:00:00+00:00, run_after=2024-06-01 00:00:00+00:00
[2024-06-01T00:15:12.054+0000] {processor.py:183} INFO - Processing /home/airflow/.local/lib/python3.12/site-packages/airflow/example_dags/example_bash_operator.py took 0.075 seconds
[2024-06-01T00:15:42.479+0000] {processor.py:161} INFO - Started process (PID=7390) to work on /home/airflow/.local/lib/python3.12/site-packages/airflow/example_dags/example_bash_operator.py
[2024-06-01T00:15:42.481+0000] {processor.py:830} INFO - Processing file /home/airflow/.local/lib/python3.12/site-packages/airflow/example_dags/example_bash_operator.py for tasks to queue
[2024-06-01T00:15:42.483+0000] {logging_mixin.py:188} INFO - [2024-06-01T00:15:42.482+0000] {dagbag.py:545} INFO - Filling up the DagBag from /home/airflow/.local/lib/python3.12/site-packages/airflow/example_dags/example_bash_operator.py
[2024-06-01T00:15:42.491+0000] {processor.py:840} INFO - DAG(s) 'example_bash_operator' retrieved from /home/airflow/.local/lib/python3.12/site-packages/airflow/example_dags/example_bash_operator.py
[2024-06-01T00:15:42.514+0000] {logging_mixin.py:188} INFO - [2024-06-01T00:15:42.514+0000] {dag.py:3096} INFO - Sync 1 DAGs
[2024-06-01T00:15:42.531+0000] {logging_mixin.py:188} INFO - [2024-06-01T00:15:42.531+0000] {dag.py:3954} INFO - Setting next_dagrun for example_bash_operator to 2024-05-31 00:00:00+00:00, run_after=2024-06-01 00:00:00+00:00
[2024-06-01T00:15:42.550+0000] {processor.py:183} INFO - Processing /home/airflow/.local/lib/python3.12/site-packages/airflow/example_dags/example_bash_operator.py took 0.076 seconds
[2024-06-01T00:16:12.687+0000] {processor.py:161} INFO - Started process (PID=7448) to work on /home/airflow/.local/lib/python3.12/site-packages/airflow/example_dags/example_bash_operator.py
[2024-06-01T00:16:12.689+0000] {processor.py:830} INFO - Processing file /home/airflow/.local/lib/python3.12/site-packages/airflow/example_dags/example_bash_operator.py for tasks to queue
[2024-06-01T00:16:12.692+0000] {logging_mixin.py:188} INFO - [2024-06-01T00:16:12.691+0000] {dagbag.py:545} INFO - Filling up the DagBag from /home/airflow/.local/lib/python3.12/site-packages/airflow/example_dags/example_bash_operator.py
[2024-06-01T00:16:12.702+0000] {processor.py:840} INFO - DAG(s) 'example_bash_operator' retrieved from /home/airflow/.local/lib/python3.12/site-packages/airflow/example_dags/example_bash_operator.py
[2024-06-01T00:16:12.725+0000] {logging_mixin.py:188} INFO - [2024-06-01T00:16:12.725+0000] {dag.py:3096} INFO - Sync 1 DAGs
[2024-06-01T00:16:12.743+0000] {logging_mixin.py:188} INFO - [2024-06-01T00:16:12.743+0000] {dag.py:3954} INFO - Setting next_dagrun for example_bash_operator to 2024-05-31 00:00:00+00:00, run_after=2024-06-01 00:00:00+00:00
[2024-06-01T00:16:12.763+0000] {processor.py:183} INFO - Processing /home/airflow/.local/lib/python3.12/site-packages/airflow/example_dags/example_bash_operator.py took 0.082 seconds
[2024-06-01T00:16:43.431+0000] {processor.py:161} INFO - Started process (PID=7506) to work on /home/airflow/.local/lib/python3.12/site-packages/airflow/example_dags/example_bash_operator.py
[2024-06-01T00:16:43.433+0000] {processor.py:830} INFO - Processing file /home/airflow/.local/lib/python3.12/site-packages/airflow/example_dags/example_bash_operator.py for tasks to queue
[2024-06-01T00:16:43.435+0000] {logging_mixin.py:188} INFO - [2024-06-01T00:16:43.435+0000] {dagbag.py:545} INFO - Filling up the DagBag from /home/airflow/.local/lib/python3.12/site-packages/airflow/example_dags/example_bash_operator.py
[2024-06-01T00:16:43.445+0000] {processor.py:840} INFO - DAG(s) 'example_bash_operator' retrieved from /home/airflow/.local/lib/python3.12/site-packages/airflow/example_dags/example_bash_operator.py
[2024-06-01T00:16:43.469+0000] {logging_mixin.py:188} INFO - [2024-06-01T00:16:43.468+0000] {dag.py:3096} INFO - Sync 1 DAGs
[2024-06-01T00:16:43.487+0000] {logging_mixin.py:188} INFO - [2024-06-01T00:16:43.487+0000] {dag.py:3954} INFO - Setting next_dagrun for example_bash_operator to 2024-05-31 00:00:00+00:00, run_after=2024-06-01 00:00:00+00:00
[2024-06-01T00:16:43.503+0000] {processor.py:183} INFO - Processing /home/airflow/.local/lib/python3.12/site-packages/airflow/example_dags/example_bash_operator.py took 0.077 seconds
[2024-06-01T00:17:13.940+0000] {processor.py:161} INFO - Started process (PID=7564) to work on /home/airflow/.local/lib/python3.12/site-packages/airflow/example_dags/example_bash_operator.py
[2024-06-01T00:17:13.942+0000] {processor.py:830} INFO - Processing file /home/airflow/.local/lib/python3.12/site-packages/airflow/example_dags/example_bash_operator.py for tasks to queue
[2024-06-01T00:17:13.945+0000] {logging_mixin.py:188} INFO - [2024-06-01T00:17:13.945+0000] {dagbag.py:545} INFO - Filling up the DagBag from /home/airflow/.local/lib/python3.12/site-packages/airflow/example_dags/example_bash_operator.py
[2024-06-01T00:17:13.956+0000] {processor.py:840} INFO - DAG(s) 'example_bash_operator' retrieved from /home/airflow/.local/lib/python3.12/site-packages/airflow/example_dags/example_bash_operator.py
[2024-06-01T00:17:13.979+0000] {logging_mixin.py:188} INFO - [2024-06-01T00:17:13.979+0000] {dag.py:3096} INFO - Sync 1 DAGs
[2024-06-01T00:17:13.996+0000] {logging_mixin.py:188} INFO - [2024-06-01T00:17:13.996+0000] {dag.py:3954} INFO - Setting next_dagrun for example_bash_operator to 2024-05-31 00:00:00+00:00, run_after=2024-06-01 00:00:00+00:00
[2024-06-01T00:17:14.014+0000] {processor.py:183} INFO - Processing /home/airflow/.local/lib/python3.12/site-packages/airflow/example_dags/example_bash_operator.py took 0.078 seconds
[2024-06-01T00:17:44.084+0000] {processor.py:161} INFO - Started process (PID=7622) to work on /home/airflow/.local/lib/python3.12/site-packages/airflow/example_dags/example_bash_operator.py
[2024-06-01T00:17:44.086+0000] {processor.py:830} INFO - Processing file /home/airflow/.local/lib/python3.12/site-packages/airflow/example_dags/example_bash_operator.py for tasks to queue
[2024-06-01T00:17:44.089+0000] {logging_mixin.py:188} INFO - [2024-06-01T00:17:44.088+0000] {dagbag.py:545} INFO - Filling up the DagBag from /home/airflow/.local/lib/python3.12/site-packages/airflow/example_dags/example_bash_operator.py
[2024-06-01T00:17:44.099+0000] {processor.py:840} INFO - DAG(s) 'example_bash_operator' retrieved from /home/airflow/.local/lib/python3.12/site-packages/airflow/example_dags/example_bash_operator.py
[2024-06-01T00:17:44.127+0000] {logging_mixin.py:188} INFO - [2024-06-01T00:17:44.126+0000] {dag.py:3096} INFO - Sync 1 DAGs
[2024-06-01T00:17:44.147+0000] {logging_mixin.py:188} INFO - [2024-06-01T00:17:44.147+0000] {dag.py:3954} INFO - Setting next_dagrun for example_bash_operator to 2024-05-31 00:00:00+00:00, run_after=2024-06-01 00:00:00+00:00
[2024-06-01T00:17:44.164+0000] {processor.py:183} INFO - Processing /home/airflow/.local/lib/python3.12/site-packages/airflow/example_dags/example_bash_operator.py took 0.085 seconds
[2024-06-01T00:18:14.760+0000] {processor.py:161} INFO - Started process (PID=7686) to work on /home/airflow/.local/lib/python3.12/site-packages/airflow/example_dags/example_bash_operator.py
[2024-06-01T00:18:14.763+0000] {processor.py:830} INFO - Processing file /home/airflow/.local/lib/python3.12/site-packages/airflow/example_dags/example_bash_operator.py for tasks to queue
[2024-06-01T00:18:14.765+0000] {logging_mixin.py:188} INFO - [2024-06-01T00:18:14.765+0000] {dagbag.py:545} INFO - Filling up the DagBag from /home/airflow/.local/lib/python3.12/site-packages/airflow/example_dags/example_bash_operator.py
[2024-06-01T00:18:14.775+0000] {processor.py:840} INFO - DAG(s) 'example_bash_operator' retrieved from /home/airflow/.local/lib/python3.12/site-packages/airflow/example_dags/example_bash_operator.py
[2024-06-01T00:18:14.798+0000] {logging_mixin.py:188} INFO - [2024-06-01T00:18:14.798+0000] {dag.py:3096} INFO - Sync 1 DAGs
[2024-06-01T00:18:14.816+0000] {logging_mixin.py:188} INFO - [2024-06-01T00:18:14.815+0000] {dag.py:3954} INFO - Setting next_dagrun for example_bash_operator to 2024-05-31 00:00:00+00:00, run_after=2024-06-01 00:00:00+00:00
[2024-06-01T00:18:14.830+0000] {processor.py:183} INFO - Processing /home/airflow/.local/lib/python3.12/site-packages/airflow/example_dags/example_bash_operator.py took 0.078 seconds
[2024-06-01T00:18:45.326+0000] {processor.py:161} INFO - Started process (PID=7744) to work on /home/airflow/.local/lib/python3.12/site-packages/airflow/example_dags/example_bash_operator.py
[2024-06-01T00:18:45.327+0000] {processor.py:830} INFO - Processing file /home/airflow/.local/lib/python3.12/site-packages/airflow/example_dags/example_bash_operator.py for tasks to queue
[2024-06-01T00:18:45.329+0000] {logging_mixin.py:188} INFO - [2024-06-01T00:18:45.329+0000] {dagbag.py:545} INFO - Filling up the DagBag from /home/airflow/.local/lib/python3.12/site-packages/airflow/example_dags/example_bash_operator.py
[2024-06-01T00:18:45.338+0000] {processor.py:840} INFO - DAG(s) 'example_bash_operator' retrieved from /home/airflow/.local/lib/python3.12/site-packages/airflow/example_dags/example_bash_operator.py
[2024-06-01T00:18:45.359+0000] {logging_mixin.py:188} INFO - [2024-06-01T00:18:45.359+0000] {dag.py:3096} INFO - Sync 1 DAGs
[2024-06-01T00:18:45.376+0000] {logging_mixin.py:188} INFO - [2024-06-01T00:18:45.375+0000] {dag.py:3954} INFO - Setting next_dagrun for example_bash_operator to 2024-05-31 00:00:00+00:00, run_after=2024-06-01 00:00:00+00:00
[2024-06-01T00:18:45.393+0000] {processor.py:183} INFO - Processing /home/airflow/.local/lib/python3.12/site-packages/airflow/example_dags/example_bash_operator.py took 0.074 seconds
[2024-06-01T00:19:15.689+0000] {processor.py:161} INFO - Started process (PID=7802) to work on /home/airflow/.local/lib/python3.12/site-packages/airflow/example_dags/example_bash_operator.py
[2024-06-01T00:19:15.690+0000] {processor.py:830} INFO - Processing file /home/airflow/.local/lib/python3.12/site-packages/airflow/example_dags/example_bash_operator.py for tasks to queue
[2024-06-01T00:19:15.692+0000] {logging_mixin.py:188} INFO - [2024-06-01T00:19:15.692+0000] {dagbag.py:545} INFO - Filling up the DagBag from /home/airflow/.local/lib/python3.12/site-packages/airflow/example_dags/example_bash_operator.py
[2024-06-01T00:19:15.703+0000] {processor.py:840} INFO - DAG(s) 'example_bash_operator' retrieved from /home/airflow/.local/lib/python3.12/site-packages/airflow/example_dags/example_bash_operator.py
[2024-06-01T00:19:15.726+0000] {logging_mixin.py:188} INFO - [2024-06-01T00:19:15.725+0000] {dag.py:3096} INFO - Sync 1 DAGs
[2024-06-01T00:19:15.743+0000] {logging_mixin.py:188} INFO - [2024-06-01T00:19:15.743+0000] {dag.py:3954} INFO - Setting next_dagrun for example_bash_operator to 2024-05-31 00:00:00+00:00, run_after=2024-06-01 00:00:00+00:00
[2024-06-01T00:19:15.763+0000] {processor.py:183} INFO - Processing /home/airflow/.local/lib/python3.12/site-packages/airflow/example_dags/example_bash_operator.py took 0.079 seconds
[2024-06-01T00:19:46.120+0000] {processor.py:161} INFO - Started process (PID=7860) to work on /home/airflow/.local/lib/python3.12/site-packages/airflow/example_dags/example_bash_operator.py
[2024-06-01T00:19:46.123+0000] {processor.py:830} INFO - Processing file /home/airflow/.local/lib/python3.12/site-packages/airflow/example_dags/example_bash_operator.py for tasks to queue
[2024-06-01T00:19:46.126+0000] {logging_mixin.py:188} INFO - [2024-06-01T00:19:46.125+0000] {dagbag.py:545} INFO - Filling up the DagBag from /home/airflow/.local/lib/python3.12/site-packages/airflow/example_dags/example_bash_operator.py
[2024-06-01T00:19:46.136+0000] {processor.py:840} INFO - DAG(s) 'example_bash_operator' retrieved from /home/airflow/.local/lib/python3.12/site-packages/airflow/example_dags/example_bash_operator.py
[2024-06-01T00:19:46.159+0000] {logging_mixin.py:188} INFO - [2024-06-01T00:19:46.159+0000] {dag.py:3096} INFO - Sync 1 DAGs
[2024-06-01T00:19:46.178+0000] {logging_mixin.py:188} INFO - [2024-06-01T00:19:46.177+0000] {dag.py:3954} INFO - Setting next_dagrun for example_bash_operator to 2024-05-31 00:00:00+00:00, run_after=2024-06-01 00:00:00+00:00
[2024-06-01T00:19:46.198+0000] {processor.py:183} INFO - Processing /home/airflow/.local/lib/python3.12/site-packages/airflow/example_dags/example_bash_operator.py took 0.082 seconds
[2024-06-01T00:20:16.639+0000] {processor.py:161} INFO - Started process (PID=7918) to work on /home/airflow/.local/lib/python3.12/site-packages/airflow/example_dags/example_bash_operator.py
[2024-06-01T00:20:16.642+0000] {processor.py:830} INFO - Processing file /home/airflow/.local/lib/python3.12/site-packages/airflow/example_dags/example_bash_operator.py for tasks to queue
[2024-06-01T00:20:16.645+0000] {logging_mixin.py:188} INFO - [2024-06-01T00:20:16.645+0000] {dagbag.py:545} INFO - Filling up the DagBag from /home/airflow/.local/lib/python3.12/site-packages/airflow/example_dags/example_bash_operator.py
[2024-06-01T00:20:16.654+0000] {processor.py:840} INFO - DAG(s) 'example_bash_operator' retrieved from /home/airflow/.local/lib/python3.12/site-packages/airflow/example_dags/example_bash_operator.py
[2024-06-01T00:20:16.677+0000] {logging_mixin.py:188} INFO - [2024-06-01T00:20:16.677+0000] {dag.py:3096} INFO - Sync 1 DAGs
[2024-06-01T00:20:16.695+0000] {logging_mixin.py:188} INFO - [2024-06-01T00:20:16.695+0000] {dag.py:3954} INFO - Setting next_dagrun for example_bash_operator to 2024-05-31 00:00:00+00:00, run_after=2024-06-01 00:00:00+00:00
[2024-06-01T00:20:16.714+0000] {processor.py:183} INFO - Processing /home/airflow/.local/lib/python3.12/site-packages/airflow/example_dags/example_bash_operator.py took 0.080 seconds
[2024-06-01T00:20:47.101+0000] {processor.py:161} INFO - Started process (PID=7976) to work on /home/airflow/.local/lib/python3.12/site-packages/airflow/example_dags/example_bash_operator.py
[2024-06-01T00:20:47.103+0000] {processor.py:830} INFO - Processing file /home/airflow/.local/lib/python3.12/site-packages/airflow/example_dags/example_bash_operator.py for tasks to queue
[2024-06-01T00:20:47.106+0000] {logging_mixin.py:188} INFO - [2024-06-01T00:20:47.106+0000] {dagbag.py:545} INFO - Filling up the DagBag from /home/airflow/.local/lib/python3.12/site-packages/airflow/example_dags/example_bash_operator.py
[2024-06-01T00:20:47.116+0000] {processor.py:840} INFO - DAG(s) 'example_bash_operator' retrieved from /home/airflow/.local/lib/python3.12/site-packages/airflow/example_dags/example_bash_operator.py
[2024-06-01T00:20:47.140+0000] {logging_mixin.py:188} INFO - [2024-06-01T00:20:47.139+0000] {dag.py:3096} INFO - Sync 1 DAGs
[2024-06-01T00:20:47.158+0000] {logging_mixin.py:188} INFO - [2024-06-01T00:20:47.157+0000] {dag.py:3954} INFO - Setting next_dagrun for example_bash_operator to 2024-05-31 00:00:00+00:00, run_after=2024-06-01 00:00:00+00:00
[2024-06-01T00:20:47.175+0000] {processor.py:183} INFO - Processing /home/airflow/.local/lib/python3.12/site-packages/airflow/example_dags/example_bash_operator.py took 0.078 seconds
[2024-06-01T00:21:17.602+0000] {processor.py:161} INFO - Started process (PID=8034) to work on /home/airflow/.local/lib/python3.12/site-packages/airflow/example_dags/example_bash_operator.py
[2024-06-01T00:21:17.603+0000] {processor.py:830} INFO - Processing file /home/airflow/.local/lib/python3.12/site-packages/airflow/example_dags/example_bash_operator.py for tasks to queue
[2024-06-01T00:21:17.606+0000] {logging_mixin.py:188} INFO - [2024-06-01T00:21:17.605+0000] {dagbag.py:545} INFO - Filling up the DagBag from /home/airflow/.local/lib/python3.12/site-packages/airflow/example_dags/example_bash_operator.py
[2024-06-01T00:21:17.615+0000] {processor.py:840} INFO - DAG(s) 'example_bash_operator' retrieved from /home/airflow/.local/lib/python3.12/site-packages/airflow/example_dags/example_bash_operator.py
[2024-06-01T00:21:17.638+0000] {logging_mixin.py:188} INFO - [2024-06-01T00:21:17.638+0000] {dag.py:3096} INFO - Sync 1 DAGs
[2024-06-01T00:21:17.657+0000] {logging_mixin.py:188} INFO - [2024-06-01T00:21:17.656+0000] {dag.py:3954} INFO - Setting next_dagrun for example_bash_operator to 2024-05-31 00:00:00+00:00, run_after=2024-06-01 00:00:00+00:00
[2024-06-01T00:21:17.675+0000] {processor.py:183} INFO - Processing /home/airflow/.local/lib/python3.12/site-packages/airflow/example_dags/example_bash_operator.py took 0.079 seconds
[2024-06-01T00:21:48.192+0000] {processor.py:161} INFO - Started process (PID=8092) to work on /home/airflow/.local/lib/python3.12/site-packages/airflow/example_dags/example_bash_operator.py
[2024-06-01T00:21:48.195+0000] {processor.py:830} INFO - Processing file /home/airflow/.local/lib/python3.12/site-packages/airflow/example_dags/example_bash_operator.py for tasks to queue
[2024-06-01T00:21:48.197+0000] {logging_mixin.py:188} INFO - [2024-06-01T00:21:48.197+0000] {dagbag.py:545} INFO - Filling up the DagBag from /home/airflow/.local/lib/python3.12/site-packages/airflow/example_dags/example_bash_operator.py
[2024-06-01T00:21:48.207+0000] {processor.py:840} INFO - DAG(s) 'example_bash_operator' retrieved from /home/airflow/.local/lib/python3.12/site-packages/airflow/example_dags/example_bash_operator.py
[2024-06-01T00:21:48.230+0000] {logging_mixin.py:188} INFO - [2024-06-01T00:21:48.230+0000] {dag.py:3096} INFO - Sync 1 DAGs
[2024-06-01T00:21:48.248+0000] {logging_mixin.py:188} INFO - [2024-06-01T00:21:48.248+0000] {dag.py:3954} INFO - Setting next_dagrun for example_bash_operator to 2024-05-31 00:00:00+00:00, run_after=2024-06-01 00:00:00+00:00
[2024-06-01T00:21:48.267+0000] {processor.py:183} INFO - Processing /home/airflow/.local/lib/python3.12/site-packages/airflow/example_dags/example_bash_operator.py took 0.080 seconds
[2024-06-01T00:22:18.798+0000] {processor.py:161} INFO - Started process (PID=8150) to work on /home/airflow/.local/lib/python3.12/site-packages/airflow/example_dags/example_bash_operator.py
[2024-06-01T00:22:18.801+0000] {processor.py:830} INFO - Processing file /home/airflow/.local/lib/python3.12/site-packages/airflow/example_dags/example_bash_operator.py for tasks to queue
[2024-06-01T00:22:18.803+0000] {logging_mixin.py:188} INFO - [2024-06-01T00:22:18.803+0000] {dagbag.py:545} INFO - Filling up the DagBag from /home/airflow/.local/lib/python3.12/site-packages/airflow/example_dags/example_bash_operator.py
[2024-06-01T00:22:18.813+0000] {processor.py:840} INFO - DAG(s) 'example_bash_operator' retrieved from /home/airflow/.local/lib/python3.12/site-packages/airflow/example_dags/example_bash_operator.py
[2024-06-01T00:22:18.834+0000] {logging_mixin.py:188} INFO - [2024-06-01T00:22:18.834+0000] {dag.py:3096} INFO - Sync 1 DAGs
[2024-06-01T00:22:18.851+0000] {logging_mixin.py:188} INFO - [2024-06-01T00:22:18.851+0000] {dag.py:3954} INFO - Setting next_dagrun for example_bash_operator to 2024-05-31 00:00:00+00:00, run_after=2024-06-01 00:00:00+00:00
[2024-06-01T00:22:18.870+0000] {processor.py:183} INFO - Processing /home/airflow/.local/lib/python3.12/site-packages/airflow/example_dags/example_bash_operator.py took 0.077 seconds
[2024-06-01T00:22:49.080+0000] {processor.py:161} INFO - Started process (PID=8207) to work on /home/airflow/.local/lib/python3.12/site-packages/airflow/example_dags/example_bash_operator.py
[2024-06-01T00:22:49.081+0000] {processor.py:830} INFO - Processing file /home/airflow/.local/lib/python3.12/site-packages/airflow/example_dags/example_bash_operator.py for tasks to queue
[2024-06-01T00:22:49.083+0000] {logging_mixin.py:188} INFO - [2024-06-01T00:22:49.083+0000] {dagbag.py:545} INFO - Filling up the DagBag from /home/airflow/.local/lib/python3.12/site-packages/airflow/example_dags/example_bash_operator.py
[2024-06-01T00:22:49.094+0000] {processor.py:840} INFO - DAG(s) 'example_bash_operator' retrieved from /home/airflow/.local/lib/python3.12/site-packages/airflow/example_dags/example_bash_operator.py
[2024-06-01T00:22:49.118+0000] {logging_mixin.py:188} INFO - [2024-06-01T00:22:49.118+0000] {dag.py:3096} INFO - Sync 1 DAGs
[2024-06-01T00:22:49.143+0000] {logging_mixin.py:188} INFO - [2024-06-01T00:22:49.143+0000] {dag.py:3954} INFO - Setting next_dagrun for example_bash_operator to 2024-05-31 00:00:00+00:00, run_after=2024-06-01 00:00:00+00:00
[2024-06-01T00:22:49.161+0000] {processor.py:183} INFO - Processing /home/airflow/.local/lib/python3.12/site-packages/airflow/example_dags/example_bash_operator.py took 0.086 seconds
[2024-06-01T00:23:19.448+0000] {processor.py:161} INFO - Started process (PID=8265) to work on /home/airflow/.local/lib/python3.12/site-packages/airflow/example_dags/example_bash_operator.py
[2024-06-01T00:23:19.450+0000] {processor.py:830} INFO - Processing file /home/airflow/.local/lib/python3.12/site-packages/airflow/example_dags/example_bash_operator.py for tasks to queue
[2024-06-01T00:23:19.452+0000] {logging_mixin.py:188} INFO - [2024-06-01T00:23:19.452+0000] {dagbag.py:545} INFO - Filling up the DagBag from /home/airflow/.local/lib/python3.12/site-packages/airflow/example_dags/example_bash_operator.py
[2024-06-01T00:23:19.462+0000] {processor.py:840} INFO - DAG(s) 'example_bash_operator' retrieved from /home/airflow/.local/lib/python3.12/site-packages/airflow/example_dags/example_bash_operator.py
[2024-06-01T00:23:19.487+0000] {logging_mixin.py:188} INFO - [2024-06-01T00:23:19.487+0000] {dag.py:3096} INFO - Sync 1 DAGs
[2024-06-01T00:23:19.505+0000] {logging_mixin.py:188} INFO - [2024-06-01T00:23:19.505+0000] {dag.py:3954} INFO - Setting next_dagrun for example_bash_operator to 2024-05-31 00:00:00+00:00, run_after=2024-06-01 00:00:00+00:00
[2024-06-01T00:23:19.521+0000] {processor.py:183} INFO - Processing /home/airflow/.local/lib/python3.12/site-packages/airflow/example_dags/example_bash_operator.py took 0.078 seconds
[2024-06-01T00:23:49.683+0000] {processor.py:161} INFO - Started process (PID=8323) to work on /home/airflow/.local/lib/python3.12/site-packages/airflow/example_dags/example_bash_operator.py
[2024-06-01T00:23:49.685+0000] {processor.py:830} INFO - Processing file /home/airflow/.local/lib/python3.12/site-packages/airflow/example_dags/example_bash_operator.py for tasks to queue
[2024-06-01T00:23:49.688+0000] {logging_mixin.py:188} INFO - [2024-06-01T00:23:49.687+0000] {dagbag.py:545} INFO - Filling up the DagBag from /home/airflow/.local/lib/python3.12/site-packages/airflow/example_dags/example_bash_operator.py
[2024-06-01T00:23:49.698+0000] {processor.py:840} INFO - DAG(s) 'example_bash_operator' retrieved from /home/airflow/.local/lib/python3.12/site-packages/airflow/example_dags/example_bash_operator.py
[2024-06-01T00:23:49.724+0000] {logging_mixin.py:188} INFO - [2024-06-01T00:23:49.724+0000] {dag.py:3096} INFO - Sync 1 DAGs
[2024-06-01T00:23:49.744+0000] {logging_mixin.py:188} INFO - [2024-06-01T00:23:49.744+0000] {dag.py:3954} INFO - Setting next_dagrun for example_bash_operator to 2024-05-31 00:00:00+00:00, run_after=2024-06-01 00:00:00+00:00
[2024-06-01T00:23:49.761+0000] {processor.py:183} INFO - Processing /home/airflow/.local/lib/python3.12/site-packages/airflow/example_dags/example_bash_operator.py took 0.083 seconds
[2024-06-01T00:24:20.003+0000] {processor.py:161} INFO - Started process (PID=8381) to work on /home/airflow/.local/lib/python3.12/site-packages/airflow/example_dags/example_bash_operator.py
[2024-06-01T00:24:20.005+0000] {processor.py:830} INFO - Processing file /home/airflow/.local/lib/python3.12/site-packages/airflow/example_dags/example_bash_operator.py for tasks to queue
[2024-06-01T00:24:20.008+0000] {logging_mixin.py:188} INFO - [2024-06-01T00:24:20.008+0000] {dagbag.py:545} INFO - Filling up the DagBag from /home/airflow/.local/lib/python3.12/site-packages/airflow/example_dags/example_bash_operator.py
[2024-06-01T00:24:20.017+0000] {processor.py:840} INFO - DAG(s) 'example_bash_operator' retrieved from /home/airflow/.local/lib/python3.12/site-packages/airflow/example_dags/example_bash_operator.py
[2024-06-01T00:24:20.042+0000] {logging_mixin.py:188} INFO - [2024-06-01T00:24:20.041+0000] {dag.py:3096} INFO - Sync 1 DAGs
[2024-06-01T00:24:20.058+0000] {logging_mixin.py:188} INFO - [2024-06-01T00:24:20.058+0000] {dag.py:3954} INFO - Setting next_dagrun for example_bash_operator to 2024-05-31 00:00:00+00:00, run_after=2024-06-01 00:00:00+00:00
[2024-06-01T00:24:20.076+0000] {processor.py:183} INFO - Processing /home/airflow/.local/lib/python3.12/site-packages/airflow/example_dags/example_bash_operator.py took 0.078 seconds
[2024-06-01T00:24:50.521+0000] {processor.py:161} INFO - Started process (PID=8439) to work on /home/airflow/.local/lib/python3.12/site-packages/airflow/example_dags/example_bash_operator.py
[2024-06-01T00:24:50.523+0000] {processor.py:830} INFO - Processing file /home/airflow/.local/lib/python3.12/site-packages/airflow/example_dags/example_bash_operator.py for tasks to queue
[2024-06-01T00:24:50.526+0000] {logging_mixin.py:188} INFO - [2024-06-01T00:24:50.526+0000] {dagbag.py:545} INFO - Filling up the DagBag from /home/airflow/.local/lib/python3.12/site-packages/airflow/example_dags/example_bash_operator.py
[2024-06-01T00:24:50.535+0000] {processor.py:840} INFO - DAG(s) 'example_bash_operator' retrieved from /home/airflow/.local/lib/python3.12/site-packages/airflow/example_dags/example_bash_operator.py
[2024-06-01T00:24:50.560+0000] {logging_mixin.py:188} INFO - [2024-06-01T00:24:50.560+0000] {dag.py:3096} INFO - Sync 1 DAGs
[2024-06-01T00:24:50.578+0000] {logging_mixin.py:188} INFO - [2024-06-01T00:24:50.578+0000] {dag.py:3954} INFO - Setting next_dagrun for example_bash_operator to 2024-05-31 00:00:00+00:00, run_after=2024-06-01 00:00:00+00:00
[2024-06-01T00:24:50.595+0000] {processor.py:183} INFO - Processing /home/airflow/.local/lib/python3.12/site-packages/airflow/example_dags/example_bash_operator.py took 0.079 seconds
[2024-06-01T00:25:20.896+0000] {processor.py:161} INFO - Started process (PID=8497) to work on /home/airflow/.local/lib/python3.12/site-packages/airflow/example_dags/example_bash_operator.py
[2024-06-01T00:25:20.897+0000] {processor.py:830} INFO - Processing file /home/airflow/.local/lib/python3.12/site-packages/airflow/example_dags/example_bash_operator.py for tasks to queue
[2024-06-01T00:25:20.899+0000] {logging_mixin.py:188} INFO - [2024-06-01T00:25:20.899+0000] {dagbag.py:545} INFO - Filling up the DagBag from /home/airflow/.local/lib/python3.12/site-packages/airflow/example_dags/example_bash_operator.py
[2024-06-01T00:25:20.908+0000] {processor.py:840} INFO - DAG(s) 'example_bash_operator' retrieved from /home/airflow/.local/lib/python3.12/site-packages/airflow/example_dags/example_bash_operator.py
[2024-06-01T00:25:20.931+0000] {logging_mixin.py:188} INFO - [2024-06-01T00:25:20.931+0000] {dag.py:3096} INFO - Sync 1 DAGs
[2024-06-01T00:25:20.948+0000] {logging_mixin.py:188} INFO - [2024-06-01T00:25:20.948+0000] {dag.py:3954} INFO - Setting next_dagrun for example_bash_operator to 2024-05-31 00:00:00+00:00, run_after=2024-06-01 00:00:00+00:00
[2024-06-01T00:25:20.963+0000] {processor.py:183} INFO - Processing /home/airflow/.local/lib/python3.12/site-packages/airflow/example_dags/example_bash_operator.py took 0.072 seconds
[2024-06-01T00:25:51.378+0000] {processor.py:161} INFO - Started process (PID=8555) to work on /home/airflow/.local/lib/python3.12/site-packages/airflow/example_dags/example_bash_operator.py
[2024-06-01T00:25:51.380+0000] {processor.py:830} INFO - Processing file /home/airflow/.local/lib/python3.12/site-packages/airflow/example_dags/example_bash_operator.py for tasks to queue
[2024-06-01T00:25:51.383+0000] {logging_mixin.py:188} INFO - [2024-06-01T00:25:51.382+0000] {dagbag.py:545} INFO - Filling up the DagBag from /home/airflow/.local/lib/python3.12/site-packages/airflow/example_dags/example_bash_operator.py
[2024-06-01T00:25:51.393+0000] {processor.py:840} INFO - DAG(s) 'example_bash_operator' retrieved from /home/airflow/.local/lib/python3.12/site-packages/airflow/example_dags/example_bash_operator.py
[2024-06-01T00:25:51.415+0000] {logging_mixin.py:188} INFO - [2024-06-01T00:25:51.415+0000] {dag.py:3096} INFO - Sync 1 DAGs
[2024-06-01T00:25:51.432+0000] {logging_mixin.py:188} INFO - [2024-06-01T00:25:51.432+0000] {dag.py:3954} INFO - Setting next_dagrun for example_bash_operator to 2024-05-31 00:00:00+00:00, run_after=2024-06-01 00:00:00+00:00
[2024-06-01T00:25:51.451+0000] {processor.py:183} INFO - Processing /home/airflow/.local/lib/python3.12/site-packages/airflow/example_dags/example_bash_operator.py took 0.078 seconds
[2024-06-01T00:26:21.897+0000] {processor.py:161} INFO - Started process (PID=8613) to work on /home/airflow/.local/lib/python3.12/site-packages/airflow/example_dags/example_bash_operator.py
[2024-06-01T00:26:21.898+0000] {processor.py:830} INFO - Processing file /home/airflow/.local/lib/python3.12/site-packages/airflow/example_dags/example_bash_operator.py for tasks to queue
[2024-06-01T00:26:21.901+0000] {logging_mixin.py:188} INFO - [2024-06-01T00:26:21.900+0000] {dagbag.py:545} INFO - Filling up the DagBag from /home/airflow/.local/lib/python3.12/site-packages/airflow/example_dags/example_bash_operator.py
[2024-06-01T00:26:21.911+0000] {processor.py:840} INFO - DAG(s) 'example_bash_operator' retrieved from /home/airflow/.local/lib/python3.12/site-packages/airflow/example_dags/example_bash_operator.py
[2024-06-01T00:26:21.932+0000] {logging_mixin.py:188} INFO - [2024-06-01T00:26:21.932+0000] {dag.py:3096} INFO - Sync 1 DAGs
[2024-06-01T00:26:21.950+0000] {logging_mixin.py:188} INFO - [2024-06-01T00:26:21.950+0000] {dag.py:3954} INFO - Setting next_dagrun for example_bash_operator to 2024-05-31 00:00:00+00:00, run_after=2024-06-01 00:00:00+00:00
[2024-06-01T00:26:21.965+0000] {processor.py:183} INFO - Processing /home/airflow/.local/lib/python3.12/site-packages/airflow/example_dags/example_bash_operator.py took 0.073 seconds
[2024-06-01T00:26:52.211+0000] {processor.py:161} INFO - Started process (PID=8671) to work on /home/airflow/.local/lib/python3.12/site-packages/airflow/example_dags/example_bash_operator.py
[2024-06-01T00:26:52.213+0000] {processor.py:830} INFO - Processing file /home/airflow/.local/lib/python3.12/site-packages/airflow/example_dags/example_bash_operator.py for tasks to queue
[2024-06-01T00:26:52.216+0000] {logging_mixin.py:188} INFO - [2024-06-01T00:26:52.216+0000] {dagbag.py:545} INFO - Filling up the DagBag from /home/airflow/.local/lib/python3.12/site-packages/airflow/example_dags/example_bash_operator.py
[2024-06-01T00:26:52.226+0000] {processor.py:840} INFO - DAG(s) 'example_bash_operator' retrieved from /home/airflow/.local/lib/python3.12/site-packages/airflow/example_dags/example_bash_operator.py
[2024-06-01T00:26:52.250+0000] {logging_mixin.py:188} INFO - [2024-06-01T00:26:52.249+0000] {dag.py:3096} INFO - Sync 1 DAGs
[2024-06-01T00:26:52.267+0000] {logging_mixin.py:188} INFO - [2024-06-01T00:26:52.267+0000] {dag.py:3954} INFO - Setting next_dagrun for example_bash_operator to 2024-05-31 00:00:00+00:00, run_after=2024-06-01 00:00:00+00:00
[2024-06-01T00:26:52.284+0000] {processor.py:183} INFO - Processing /home/airflow/.local/lib/python3.12/site-packages/airflow/example_dags/example_bash_operator.py took 0.078 seconds
[2024-06-01T00:27:22.666+0000] {processor.py:161} INFO - Started process (PID=8729) to work on /home/airflow/.local/lib/python3.12/site-packages/airflow/example_dags/example_bash_operator.py
[2024-06-01T00:27:22.668+0000] {processor.py:830} INFO - Processing file /home/airflow/.local/lib/python3.12/site-packages/airflow/example_dags/example_bash_operator.py for tasks to queue
[2024-06-01T00:27:22.672+0000] {logging_mixin.py:188} INFO - [2024-06-01T00:27:22.671+0000] {dagbag.py:545} INFO - Filling up the DagBag from /home/airflow/.local/lib/python3.12/site-packages/airflow/example_dags/example_bash_operator.py
[2024-06-01T00:27:22.681+0000] {processor.py:840} INFO - DAG(s) 'example_bash_operator' retrieved from /home/airflow/.local/lib/python3.12/site-packages/airflow/example_dags/example_bash_operator.py
[2024-06-01T00:27:22.704+0000] {logging_mixin.py:188} INFO - [2024-06-01T00:27:22.704+0000] {dag.py:3096} INFO - Sync 1 DAGs
[2024-06-01T00:27:22.721+0000] {logging_mixin.py:188} INFO - [2024-06-01T00:27:22.721+0000] {dag.py:3954} INFO - Setting next_dagrun for example_bash_operator to 2024-05-31 00:00:00+00:00, run_after=2024-06-01 00:00:00+00:00
[2024-06-01T00:27:22.741+0000] {processor.py:183} INFO - Processing /home/airflow/.local/lib/python3.12/site-packages/airflow/example_dags/example_bash_operator.py took 0.081 seconds
[2024-06-01T00:27:53.387+0000] {processor.py:161} INFO - Started process (PID=8787) to work on /home/airflow/.local/lib/python3.12/site-packages/airflow/example_dags/example_bash_operator.py
[2024-06-01T00:27:53.389+0000] {processor.py:830} INFO - Processing file /home/airflow/.local/lib/python3.12/site-packages/airflow/example_dags/example_bash_operator.py for tasks to queue
[2024-06-01T00:27:53.392+0000] {logging_mixin.py:188} INFO - [2024-06-01T00:27:53.391+0000] {dagbag.py:545} INFO - Filling up the DagBag from /home/airflow/.local/lib/python3.12/site-packages/airflow/example_dags/example_bash_operator.py
[2024-06-01T00:27:53.401+0000] {processor.py:840} INFO - DAG(s) 'example_bash_operator' retrieved from /home/airflow/.local/lib/python3.12/site-packages/airflow/example_dags/example_bash_operator.py
[2024-06-01T00:27:53.423+0000] {logging_mixin.py:188} INFO - [2024-06-01T00:27:53.423+0000] {dag.py:3096} INFO - Sync 1 DAGs
[2024-06-01T00:27:53.442+0000] {logging_mixin.py:188} INFO - [2024-06-01T00:27:53.441+0000] {dag.py:3954} INFO - Setting next_dagrun for example_bash_operator to 2024-05-31 00:00:00+00:00, run_after=2024-06-01 00:00:00+00:00
[2024-06-01T00:27:53.459+0000] {processor.py:183} INFO - Processing /home/airflow/.local/lib/python3.12/site-packages/airflow/example_dags/example_bash_operator.py took 0.077 seconds
[2024-06-01T00:28:23.697+0000] {processor.py:161} INFO - Started process (PID=8845) to work on /home/airflow/.local/lib/python3.12/site-packages/airflow/example_dags/example_bash_operator.py
[2024-06-01T00:28:23.699+0000] {processor.py:830} INFO - Processing file /home/airflow/.local/lib/python3.12/site-packages/airflow/example_dags/example_bash_operator.py for tasks to queue
[2024-06-01T00:28:23.702+0000] {logging_mixin.py:188} INFO - [2024-06-01T00:28:23.701+0000] {dagbag.py:545} INFO - Filling up the DagBag from /home/airflow/.local/lib/python3.12/site-packages/airflow/example_dags/example_bash_operator.py
[2024-06-01T00:28:23.711+0000] {processor.py:840} INFO - DAG(s) 'example_bash_operator' retrieved from /home/airflow/.local/lib/python3.12/site-packages/airflow/example_dags/example_bash_operator.py
[2024-06-01T00:28:23.732+0000] {logging_mixin.py:188} INFO - [2024-06-01T00:28:23.732+0000] {dag.py:3096} INFO - Sync 1 DAGs
[2024-06-01T00:28:23.750+0000] {logging_mixin.py:188} INFO - [2024-06-01T00:28:23.750+0000] {dag.py:3954} INFO - Setting next_dagrun for example_bash_operator to 2024-05-31 00:00:00+00:00, run_after=2024-06-01 00:00:00+00:00
[2024-06-01T00:28:23.766+0000] {processor.py:183} INFO - Processing /home/airflow/.local/lib/python3.12/site-packages/airflow/example_dags/example_bash_operator.py took 0.074 seconds
[2024-06-01T00:28:54.211+0000] {processor.py:161} INFO - Started process (PID=8903) to work on /home/airflow/.local/lib/python3.12/site-packages/airflow/example_dags/example_bash_operator.py
[2024-06-01T00:28:54.213+0000] {processor.py:830} INFO - Processing file /home/airflow/.local/lib/python3.12/site-packages/airflow/example_dags/example_bash_operator.py for tasks to queue
[2024-06-01T00:28:54.215+0000] {logging_mixin.py:188} INFO - [2024-06-01T00:28:54.214+0000] {dagbag.py:545} INFO - Filling up the DagBag from /home/airflow/.local/lib/python3.12/site-packages/airflow/example_dags/example_bash_operator.py
[2024-06-01T00:28:54.225+0000] {processor.py:840} INFO - DAG(s) 'example_bash_operator' retrieved from /home/airflow/.local/lib/python3.12/site-packages/airflow/example_dags/example_bash_operator.py
[2024-06-01T00:28:54.250+0000] {logging_mixin.py:188} INFO - [2024-06-01T00:28:54.250+0000] {dag.py:3096} INFO - Sync 1 DAGs
[2024-06-01T00:28:54.275+0000] {logging_mixin.py:188} INFO - [2024-06-01T00:28:54.275+0000] {dag.py:3954} INFO - Setting next_dagrun for example_bash_operator to 2024-05-31 00:00:00+00:00, run_after=2024-06-01 00:00:00+00:00
[2024-06-01T00:28:54.293+0000] {processor.py:183} INFO - Processing /home/airflow/.local/lib/python3.12/site-packages/airflow/example_dags/example_bash_operator.py took 0.089 seconds
[2024-06-01T00:29:24.628+0000] {processor.py:161} INFO - Started process (PID=8961) to work on /home/airflow/.local/lib/python3.12/site-packages/airflow/example_dags/example_bash_operator.py
[2024-06-01T00:29:24.629+0000] {processor.py:830} INFO - Processing file /home/airflow/.local/lib/python3.12/site-packages/airflow/example_dags/example_bash_operator.py for tasks to queue
[2024-06-01T00:29:24.632+0000] {logging_mixin.py:188} INFO - [2024-06-01T00:29:24.632+0000] {dagbag.py:545} INFO - Filling up the DagBag from /home/airflow/.local/lib/python3.12/site-packages/airflow/example_dags/example_bash_operator.py
[2024-06-01T00:29:24.641+0000] {processor.py:840} INFO - DAG(s) 'example_bash_operator' retrieved from /home/airflow/.local/lib/python3.12/site-packages/airflow/example_dags/example_bash_operator.py
[2024-06-01T00:29:24.663+0000] {logging_mixin.py:188} INFO - [2024-06-01T00:29:24.663+0000] {dag.py:3096} INFO - Sync 1 DAGs
[2024-06-01T00:29:24.683+0000] {logging_mixin.py:188} INFO - [2024-06-01T00:29:24.683+0000] {dag.py:3954} INFO - Setting next_dagrun for example_bash_operator to 2024-05-31 00:00:00+00:00, run_after=2024-06-01 00:00:00+00:00
[2024-06-01T00:29:24.701+0000] {processor.py:183} INFO - Processing /home/airflow/.local/lib/python3.12/site-packages/airflow/example_dags/example_bash_operator.py took 0.078 seconds
[2024-06-01T00:29:54.855+0000] {processor.py:161} INFO - Started process (PID=9019) to work on /home/airflow/.local/lib/python3.12/site-packages/airflow/example_dags/example_bash_operator.py
[2024-06-01T00:29:54.856+0000] {processor.py:830} INFO - Processing file /home/airflow/.local/lib/python3.12/site-packages/airflow/example_dags/example_bash_operator.py for tasks to queue
[2024-06-01T00:29:54.858+0000] {logging_mixin.py:188} INFO - [2024-06-01T00:29:54.858+0000] {dagbag.py:545} INFO - Filling up the DagBag from /home/airflow/.local/lib/python3.12/site-packages/airflow/example_dags/example_bash_operator.py
[2024-06-01T00:29:54.868+0000] {processor.py:840} INFO - DAG(s) 'example_bash_operator' retrieved from /home/airflow/.local/lib/python3.12/site-packages/airflow/example_dags/example_bash_operator.py
[2024-06-01T00:29:54.892+0000] {logging_mixin.py:188} INFO - [2024-06-01T00:29:54.892+0000] {dag.py:3096} INFO - Sync 1 DAGs
[2024-06-01T00:29:54.911+0000] {logging_mixin.py:188} INFO - [2024-06-01T00:29:54.911+0000] {dag.py:3954} INFO - Setting next_dagrun for example_bash_operator to 2024-05-31 00:00:00+00:00, run_after=2024-06-01 00:00:00+00:00
[2024-06-01T00:29:54.930+0000] {processor.py:183} INFO - Processing /home/airflow/.local/lib/python3.12/site-packages/airflow/example_dags/example_bash_operator.py took 0.081 seconds
[2024-06-01T00:30:25.309+0000] {processor.py:161} INFO - Started process (PID=9077) to work on /home/airflow/.local/lib/python3.12/site-packages/airflow/example_dags/example_bash_operator.py
[2024-06-01T00:30:25.311+0000] {processor.py:830} INFO - Processing file /home/airflow/.local/lib/python3.12/site-packages/airflow/example_dags/example_bash_operator.py for tasks to queue
[2024-06-01T00:30:25.314+0000] {logging_mixin.py:188} INFO - [2024-06-01T00:30:25.314+0000] {dagbag.py:545} INFO - Filling up the DagBag from /home/airflow/.local/lib/python3.12/site-packages/airflow/example_dags/example_bash_operator.py
[2024-06-01T00:30:25.323+0000] {processor.py:840} INFO - DAG(s) 'example_bash_operator' retrieved from /home/airflow/.local/lib/python3.12/site-packages/airflow/example_dags/example_bash_operator.py
[2024-06-01T00:30:25.347+0000] {logging_mixin.py:188} INFO - [2024-06-01T00:30:25.346+0000] {dag.py:3096} INFO - Sync 1 DAGs
[2024-06-01T00:30:25.365+0000] {logging_mixin.py:188} INFO - [2024-06-01T00:30:25.365+0000] {dag.py:3954} INFO - Setting next_dagrun for example_bash_operator to 2024-05-31 00:00:00+00:00, run_after=2024-06-01 00:00:00+00:00
[2024-06-01T00:30:25.384+0000] {processor.py:183} INFO - Processing /home/airflow/.local/lib/python3.12/site-packages/airflow/example_dags/example_bash_operator.py took 0.080 seconds
[2024-06-01T00:30:55.496+0000] {processor.py:161} INFO - Started process (PID=9135) to work on /home/airflow/.local/lib/python3.12/site-packages/airflow/example_dags/example_bash_operator.py
[2024-06-01T00:30:55.498+0000] {processor.py:830} INFO - Processing file /home/airflow/.local/lib/python3.12/site-packages/airflow/example_dags/example_bash_operator.py for tasks to queue
[2024-06-01T00:30:55.501+0000] {logging_mixin.py:188} INFO - [2024-06-01T00:30:55.501+0000] {dagbag.py:545} INFO - Filling up the DagBag from /home/airflow/.local/lib/python3.12/site-packages/airflow/example_dags/example_bash_operator.py
[2024-06-01T00:30:55.511+0000] {processor.py:840} INFO - DAG(s) 'example_bash_operator' retrieved from /home/airflow/.local/lib/python3.12/site-packages/airflow/example_dags/example_bash_operator.py
[2024-06-01T00:30:55.535+0000] {logging_mixin.py:188} INFO - [2024-06-01T00:30:55.535+0000] {dag.py:3096} INFO - Sync 1 DAGs
[2024-06-01T00:30:55.552+0000] {logging_mixin.py:188} INFO - [2024-06-01T00:30:55.551+0000] {dag.py:3954} INFO - Setting next_dagrun for example_bash_operator to 2024-05-31 00:00:00+00:00, run_after=2024-06-01 00:00:00+00:00
[2024-06-01T00:30:55.569+0000] {processor.py:183} INFO - Processing /home/airflow/.local/lib/python3.12/site-packages/airflow/example_dags/example_bash_operator.py took 0.078 seconds
[2024-06-01T00:31:25.893+0000] {processor.py:161} INFO - Started process (PID=9194) to work on /home/airflow/.local/lib/python3.12/site-packages/airflow/example_dags/example_bash_operator.py
[2024-06-01T00:31:25.895+0000] {processor.py:830} INFO - Processing file /home/airflow/.local/lib/python3.12/site-packages/airflow/example_dags/example_bash_operator.py for tasks to queue
[2024-06-01T00:31:25.898+0000] {logging_mixin.py:188} INFO - [2024-06-01T00:31:25.898+0000] {dagbag.py:545} INFO - Filling up the DagBag from /home/airflow/.local/lib/python3.12/site-packages/airflow/example_dags/example_bash_operator.py
[2024-06-01T00:31:25.906+0000] {processor.py:840} INFO - DAG(s) 'example_bash_operator' retrieved from /home/airflow/.local/lib/python3.12/site-packages/airflow/example_dags/example_bash_operator.py
[2024-06-01T00:31:25.928+0000] {logging_mixin.py:188} INFO - [2024-06-01T00:31:25.928+0000] {dag.py:3096} INFO - Sync 1 DAGs
[2024-06-01T00:31:25.945+0000] {logging_mixin.py:188} INFO - [2024-06-01T00:31:25.945+0000] {dag.py:3954} INFO - Setting next_dagrun for example_bash_operator to 2024-05-31 00:00:00+00:00, run_after=2024-06-01 00:00:00+00:00
[2024-06-01T00:31:25.964+0000] {processor.py:183} INFO - Processing /home/airflow/.local/lib/python3.12/site-packages/airflow/example_dags/example_bash_operator.py took 0.076 seconds
[2024-06-01T00:31:56.431+0000] {processor.py:161} INFO - Started process (PID=9252) to work on /home/airflow/.local/lib/python3.12/site-packages/airflow/example_dags/example_bash_operator.py
[2024-06-01T00:31:56.433+0000] {processor.py:830} INFO - Processing file /home/airflow/.local/lib/python3.12/site-packages/airflow/example_dags/example_bash_operator.py for tasks to queue
[2024-06-01T00:31:56.436+0000] {logging_mixin.py:188} INFO - [2024-06-01T00:31:56.435+0000] {dagbag.py:545} INFO - Filling up the DagBag from /home/airflow/.local/lib/python3.12/site-packages/airflow/example_dags/example_bash_operator.py
[2024-06-01T00:31:56.445+0000] {processor.py:840} INFO - DAG(s) 'example_bash_operator' retrieved from /home/airflow/.local/lib/python3.12/site-packages/airflow/example_dags/example_bash_operator.py
[2024-06-01T00:31:56.471+0000] {logging_mixin.py:188} INFO - [2024-06-01T00:31:56.471+0000] {dag.py:3096} INFO - Sync 1 DAGs
[2024-06-01T00:31:56.489+0000] {logging_mixin.py:188} INFO - [2024-06-01T00:31:56.489+0000] {dag.py:3954} INFO - Setting next_dagrun for example_bash_operator to 2024-05-31 00:00:00+00:00, run_after=2024-06-01 00:00:00+00:00
[2024-06-01T00:31:56.507+0000] {processor.py:183} INFO - Processing /home/airflow/.local/lib/python3.12/site-packages/airflow/example_dags/example_bash_operator.py took 0.082 seconds
[2024-06-01T00:32:26.570+0000] {processor.py:161} INFO - Started process (PID=9310) to work on /home/airflow/.local/lib/python3.12/site-packages/airflow/example_dags/example_bash_operator.py
[2024-06-01T00:32:26.571+0000] {processor.py:830} INFO - Processing file /home/airflow/.local/lib/python3.12/site-packages/airflow/example_dags/example_bash_operator.py for tasks to queue
[2024-06-01T00:32:26.574+0000] {logging_mixin.py:188} INFO - [2024-06-01T00:32:26.573+0000] {dagbag.py:545} INFO - Filling up the DagBag from /home/airflow/.local/lib/python3.12/site-packages/airflow/example_dags/example_bash_operator.py
[2024-06-01T00:32:26.583+0000] {processor.py:840} INFO - DAG(s) 'example_bash_operator' retrieved from /home/airflow/.local/lib/python3.12/site-packages/airflow/example_dags/example_bash_operator.py
[2024-06-01T00:32:26.608+0000] {logging_mixin.py:188} INFO - [2024-06-01T00:32:26.608+0000] {dag.py:3096} INFO - Sync 1 DAGs
[2024-06-01T00:32:26.628+0000] {logging_mixin.py:188} INFO - [2024-06-01T00:32:26.628+0000] {dag.py:3954} INFO - Setting next_dagrun for example_bash_operator to 2024-05-31 00:00:00+00:00, run_after=2024-06-01 00:00:00+00:00
[2024-06-01T00:32:26.647+0000] {processor.py:183} INFO - Processing /home/airflow/.local/lib/python3.12/site-packages/airflow/example_dags/example_bash_operator.py took 0.082 seconds
[2024-06-01T00:32:57.448+0000] {processor.py:161} INFO - Started process (PID=9368) to work on /home/airflow/.local/lib/python3.12/site-packages/airflow/example_dags/example_bash_operator.py
[2024-06-01T00:32:57.451+0000] {processor.py:830} INFO - Processing file /home/airflow/.local/lib/python3.12/site-packages/airflow/example_dags/example_bash_operator.py for tasks to queue
[2024-06-01T00:32:57.454+0000] {logging_mixin.py:188} INFO - [2024-06-01T00:32:57.453+0000] {dagbag.py:545} INFO - Filling up the DagBag from /home/airflow/.local/lib/python3.12/site-packages/airflow/example_dags/example_bash_operator.py
[2024-06-01T00:32:57.462+0000] {processor.py:840} INFO - DAG(s) 'example_bash_operator' retrieved from /home/airflow/.local/lib/python3.12/site-packages/airflow/example_dags/example_bash_operator.py
[2024-06-01T00:32:57.486+0000] {logging_mixin.py:188} INFO - [2024-06-01T00:32:57.485+0000] {dag.py:3096} INFO - Sync 1 DAGs
[2024-06-01T00:32:57.502+0000] {logging_mixin.py:188} INFO - [2024-06-01T00:32:57.502+0000] {dag.py:3954} INFO - Setting next_dagrun for example_bash_operator to 2024-05-31 00:00:00+00:00, run_after=2024-06-01 00:00:00+00:00
[2024-06-01T00:32:57.522+0000] {processor.py:183} INFO - Processing /home/airflow/.local/lib/python3.12/site-packages/airflow/example_dags/example_bash_operator.py took 0.080 seconds
[2024-06-01T00:33:28.232+0000] {processor.py:161} INFO - Started process (PID=9426) to work on /home/airflow/.local/lib/python3.12/site-packages/airflow/example_dags/example_bash_operator.py
[2024-06-01T00:33:28.233+0000] {processor.py:830} INFO - Processing file /home/airflow/.local/lib/python3.12/site-packages/airflow/example_dags/example_bash_operator.py for tasks to queue
[2024-06-01T00:33:28.236+0000] {logging_mixin.py:188} INFO - [2024-06-01T00:33:28.235+0000] {dagbag.py:545} INFO - Filling up the DagBag from /home/airflow/.local/lib/python3.12/site-packages/airflow/example_dags/example_bash_operator.py
[2024-06-01T00:33:28.245+0000] {processor.py:840} INFO - DAG(s) 'example_bash_operator' retrieved from /home/airflow/.local/lib/python3.12/site-packages/airflow/example_dags/example_bash_operator.py
[2024-06-01T00:33:28.270+0000] {logging_mixin.py:188} INFO - [2024-06-01T00:33:28.269+0000] {dag.py:3096} INFO - Sync 1 DAGs
[2024-06-01T00:33:28.287+0000] {logging_mixin.py:188} INFO - [2024-06-01T00:33:28.287+0000] {dag.py:3954} INFO - Setting next_dagrun for example_bash_operator to 2024-05-31 00:00:00+00:00, run_after=2024-06-01 00:00:00+00:00
[2024-06-01T00:33:28.303+0000] {processor.py:183} INFO - Processing /home/airflow/.local/lib/python3.12/site-packages/airflow/example_dags/example_bash_operator.py took 0.077 seconds
[2024-06-01T00:33:58.475+0000] {processor.py:161} INFO - Started process (PID=9484) to work on /home/airflow/.local/lib/python3.12/site-packages/airflow/example_dags/example_bash_operator.py
[2024-06-01T00:33:58.476+0000] {processor.py:830} INFO - Processing file /home/airflow/.local/lib/python3.12/site-packages/airflow/example_dags/example_bash_operator.py for tasks to queue
[2024-06-01T00:33:58.479+0000] {logging_mixin.py:188} INFO - [2024-06-01T00:33:58.478+0000] {dagbag.py:545} INFO - Filling up the DagBag from /home/airflow/.local/lib/python3.12/site-packages/airflow/example_dags/example_bash_operator.py
[2024-06-01T00:33:58.489+0000] {processor.py:840} INFO - DAG(s) 'example_bash_operator' retrieved from /home/airflow/.local/lib/python3.12/site-packages/airflow/example_dags/example_bash_operator.py
[2024-06-01T00:33:58.514+0000] {logging_mixin.py:188} INFO - [2024-06-01T00:33:58.513+0000] {dag.py:3096} INFO - Sync 1 DAGs
[2024-06-01T00:33:58.534+0000] {logging_mixin.py:188} INFO - [2024-06-01T00:33:58.534+0000] {dag.py:3954} INFO - Setting next_dagrun for example_bash_operator to 2024-05-31 00:00:00+00:00, run_after=2024-06-01 00:00:00+00:00
[2024-06-01T00:33:58.553+0000] {processor.py:183} INFO - Processing /home/airflow/.local/lib/python3.12/site-packages/airflow/example_dags/example_bash_operator.py took 0.084 seconds
[2024-06-01T00:34:28.834+0000] {processor.py:161} INFO - Started process (PID=9542) to work on /home/airflow/.local/lib/python3.12/site-packages/airflow/example_dags/example_bash_operator.py
[2024-06-01T00:34:28.836+0000] {processor.py:830} INFO - Processing file /home/airflow/.local/lib/python3.12/site-packages/airflow/example_dags/example_bash_operator.py for tasks to queue
[2024-06-01T00:34:28.839+0000] {logging_mixin.py:188} INFO - [2024-06-01T00:34:28.839+0000] {dagbag.py:545} INFO - Filling up the DagBag from /home/airflow/.local/lib/python3.12/site-packages/airflow/example_dags/example_bash_operator.py
[2024-06-01T00:34:28.849+0000] {processor.py:840} INFO - DAG(s) 'example_bash_operator' retrieved from /home/airflow/.local/lib/python3.12/site-packages/airflow/example_dags/example_bash_operator.py
[2024-06-01T00:34:28.873+0000] {logging_mixin.py:188} INFO - [2024-06-01T00:34:28.873+0000] {dag.py:3096} INFO - Sync 1 DAGs
[2024-06-01T00:34:28.891+0000] {logging_mixin.py:188} INFO - [2024-06-01T00:34:28.890+0000] {dag.py:3954} INFO - Setting next_dagrun for example_bash_operator to 2024-05-31 00:00:00+00:00, run_after=2024-06-01 00:00:00+00:00
[2024-06-01T00:34:28.908+0000] {processor.py:183} INFO - Processing /home/airflow/.local/lib/python3.12/site-packages/airflow/example_dags/example_bash_operator.py took 0.079 seconds
[2024-06-01T00:34:59.301+0000] {processor.py:161} INFO - Started process (PID=9599) to work on /home/airflow/.local/lib/python3.12/site-packages/airflow/example_dags/example_bash_operator.py
[2024-06-01T00:34:59.303+0000] {processor.py:830} INFO - Processing file /home/airflow/.local/lib/python3.12/site-packages/airflow/example_dags/example_bash_operator.py for tasks to queue
[2024-06-01T00:34:59.305+0000] {logging_mixin.py:188} INFO - [2024-06-01T00:34:59.305+0000] {dagbag.py:545} INFO - Filling up the DagBag from /home/airflow/.local/lib/python3.12/site-packages/airflow/example_dags/example_bash_operator.py
[2024-06-01T00:34:59.315+0000] {processor.py:840} INFO - DAG(s) 'example_bash_operator' retrieved from /home/airflow/.local/lib/python3.12/site-packages/airflow/example_dags/example_bash_operator.py
[2024-06-01T00:34:59.341+0000] {logging_mixin.py:188} INFO - [2024-06-01T00:34:59.341+0000] {dag.py:3096} INFO - Sync 1 DAGs
[2024-06-01T00:34:59.371+0000] {logging_mixin.py:188} INFO - [2024-06-01T00:34:59.371+0000] {dag.py:3954} INFO - Setting next_dagrun for example_bash_operator to 2024-05-31 00:00:00+00:00, run_after=2024-06-01 00:00:00+00:00
[2024-06-01T00:34:59.393+0000] {processor.py:183} INFO - Processing /home/airflow/.local/lib/python3.12/site-packages/airflow/example_dags/example_bash_operator.py took 0.097 seconds
[2024-06-01T00:40:44.664+0000] {processor.py:161} INFO - Started process (PID=9664) to work on /home/airflow/.local/lib/python3.12/site-packages/airflow/example_dags/example_bash_operator.py
[2024-06-01T00:40:44.665+0000] {processor.py:830} INFO - Processing file /home/airflow/.local/lib/python3.12/site-packages/airflow/example_dags/example_bash_operator.py for tasks to queue
[2024-06-01T00:40:44.666+0000] {logging_mixin.py:188} INFO - [2024-06-01T00:40:44.666+0000] {dagbag.py:545} INFO - Filling up the DagBag from /home/airflow/.local/lib/python3.12/site-packages/airflow/example_dags/example_bash_operator.py
[2024-06-01T00:40:44.679+0000] {processor.py:840} INFO - DAG(s) 'example_bash_operator' retrieved from /home/airflow/.local/lib/python3.12/site-packages/airflow/example_dags/example_bash_operator.py
[2024-06-01T00:40:44.710+0000] {logging_mixin.py:188} INFO - [2024-06-01T00:40:44.710+0000] {dag.py:3096} INFO - Sync 1 DAGs
[2024-06-01T00:40:44.737+0000] {logging_mixin.py:188} INFO - [2024-06-01T00:40:44.737+0000] {dag.py:3954} INFO - Setting next_dagrun for example_bash_operator to 2024-05-31 00:00:00+00:00, run_after=2024-06-01 00:00:00+00:00
[2024-06-01T00:40:44.762+0000] {processor.py:183} INFO - Processing /home/airflow/.local/lib/python3.12/site-packages/airflow/example_dags/example_bash_operator.py took 0.106 seconds
