[2024-06-01T00:00:19.185+0000] {processor.py:161} INFO - Started process (PID=5622) to work on /home/airflow/.local/lib/python3.12/site-packages/airflow/example_dags/example_kubernetes_executor.py
[2024-06-01T00:00:19.187+0000] {processor.py:830} INFO - Processing file /home/airflow/.local/lib/python3.12/site-packages/airflow/example_dags/example_kubernetes_executor.py for tasks to queue
[2024-06-01T00:00:19.189+0000] {logging_mixin.py:188} INFO - [2024-06-01T00:00:19.189+0000] {dagbag.py:545} INFO - Filling up the DagBag from /home/airflow/.local/lib/python3.12/site-packages/airflow/example_dags/example_kubernetes_executor.py
[2024-06-01T00:00:19.200+0000] {processor.py:840} INFO - DAG(s) 'example_kubernetes_executor' retrieved from /home/airflow/.local/lib/python3.12/site-packages/airflow/example_dags/example_kubernetes_executor.py
[2024-06-01T00:00:19.232+0000] {logging_mixin.py:188} INFO - [2024-06-01T00:00:19.232+0000] {dag.py:3096} INFO - Sync 1 DAGs
[2024-06-01T00:00:19.243+0000] {logging_mixin.py:188} INFO - [2024-06-01T00:00:19.242+0000] {dag.py:3954} INFO - Setting next_dagrun for example_kubernetes_executor to None, run_after=None
[2024-06-01T00:00:19.259+0000] {processor.py:183} INFO - Processing /home/airflow/.local/lib/python3.12/site-packages/airflow/example_dags/example_kubernetes_executor.py took 0.080 seconds
[2024-06-01T00:00:49.710+0000] {processor.py:161} INFO - Started process (PID=5680) to work on /home/airflow/.local/lib/python3.12/site-packages/airflow/example_dags/example_kubernetes_executor.py
[2024-06-01T00:00:49.712+0000] {processor.py:830} INFO - Processing file /home/airflow/.local/lib/python3.12/site-packages/airflow/example_dags/example_kubernetes_executor.py for tasks to queue
[2024-06-01T00:00:49.715+0000] {logging_mixin.py:188} INFO - [2024-06-01T00:00:49.715+0000] {dagbag.py:545} INFO - Filling up the DagBag from /home/airflow/.local/lib/python3.12/site-packages/airflow/example_dags/example_kubernetes_executor.py
[2024-06-01T00:00:49.725+0000] {processor.py:840} INFO - DAG(s) 'example_kubernetes_executor' retrieved from /home/airflow/.local/lib/python3.12/site-packages/airflow/example_dags/example_kubernetes_executor.py
[2024-06-01T00:00:49.757+0000] {logging_mixin.py:188} INFO - [2024-06-01T00:00:49.756+0000] {dag.py:3096} INFO - Sync 1 DAGs
[2024-06-01T00:00:49.767+0000] {logging_mixin.py:188} INFO - [2024-06-01T00:00:49.767+0000] {dag.py:3954} INFO - Setting next_dagrun for example_kubernetes_executor to None, run_after=None
[2024-06-01T00:00:49.786+0000] {processor.py:183} INFO - Processing /home/airflow/.local/lib/python3.12/site-packages/airflow/example_dags/example_kubernetes_executor.py took 0.081 seconds
[2024-06-01T00:01:20.225+0000] {processor.py:161} INFO - Started process (PID=5738) to work on /home/airflow/.local/lib/python3.12/site-packages/airflow/example_dags/example_kubernetes_executor.py
[2024-06-01T00:01:20.227+0000] {processor.py:830} INFO - Processing file /home/airflow/.local/lib/python3.12/site-packages/airflow/example_dags/example_kubernetes_executor.py for tasks to queue
[2024-06-01T00:01:20.229+0000] {logging_mixin.py:188} INFO - [2024-06-01T00:01:20.229+0000] {dagbag.py:545} INFO - Filling up the DagBag from /home/airflow/.local/lib/python3.12/site-packages/airflow/example_dags/example_kubernetes_executor.py
[2024-06-01T00:01:20.241+0000] {processor.py:840} INFO - DAG(s) 'example_kubernetes_executor' retrieved from /home/airflow/.local/lib/python3.12/site-packages/airflow/example_dags/example_kubernetes_executor.py
[2024-06-01T00:01:20.269+0000] {logging_mixin.py:188} INFO - [2024-06-01T00:01:20.269+0000] {dag.py:3096} INFO - Sync 1 DAGs
[2024-06-01T00:01:20.280+0000] {logging_mixin.py:188} INFO - [2024-06-01T00:01:20.279+0000] {dag.py:3954} INFO - Setting next_dagrun for example_kubernetes_executor to None, run_after=None
[2024-06-01T00:01:20.296+0000] {processor.py:183} INFO - Processing /home/airflow/.local/lib/python3.12/site-packages/airflow/example_dags/example_kubernetes_executor.py took 0.076 seconds
[2024-06-01T00:01:50.506+0000] {processor.py:161} INFO - Started process (PID=5796) to work on /home/airflow/.local/lib/python3.12/site-packages/airflow/example_dags/example_kubernetes_executor.py
[2024-06-01T00:01:50.508+0000] {processor.py:830} INFO - Processing file /home/airflow/.local/lib/python3.12/site-packages/airflow/example_dags/example_kubernetes_executor.py for tasks to queue
[2024-06-01T00:01:50.511+0000] {logging_mixin.py:188} INFO - [2024-06-01T00:01:50.511+0000] {dagbag.py:545} INFO - Filling up the DagBag from /home/airflow/.local/lib/python3.12/site-packages/airflow/example_dags/example_kubernetes_executor.py
[2024-06-01T00:01:50.523+0000] {processor.py:840} INFO - DAG(s) 'example_kubernetes_executor' retrieved from /home/airflow/.local/lib/python3.12/site-packages/airflow/example_dags/example_kubernetes_executor.py
[2024-06-01T00:01:50.555+0000] {logging_mixin.py:188} INFO - [2024-06-01T00:01:50.555+0000] {dag.py:3096} INFO - Sync 1 DAGs
[2024-06-01T00:01:50.566+0000] {logging_mixin.py:188} INFO - [2024-06-01T00:01:50.566+0000] {dag.py:3954} INFO - Setting next_dagrun for example_kubernetes_executor to None, run_after=None
[2024-06-01T00:01:50.585+0000] {processor.py:183} INFO - Processing /home/airflow/.local/lib/python3.12/site-packages/airflow/example_dags/example_kubernetes_executor.py took 0.084 seconds
[2024-06-01T00:02:20.823+0000] {processor.py:161} INFO - Started process (PID=5855) to work on /home/airflow/.local/lib/python3.12/site-packages/airflow/example_dags/example_kubernetes_executor.py
[2024-06-01T00:02:20.826+0000] {processor.py:830} INFO - Processing file /home/airflow/.local/lib/python3.12/site-packages/airflow/example_dags/example_kubernetes_executor.py for tasks to queue
[2024-06-01T00:02:20.828+0000] {logging_mixin.py:188} INFO - [2024-06-01T00:02:20.828+0000] {dagbag.py:545} INFO - Filling up the DagBag from /home/airflow/.local/lib/python3.12/site-packages/airflow/example_dags/example_kubernetes_executor.py
[2024-06-01T00:02:20.839+0000] {processor.py:840} INFO - DAG(s) 'example_kubernetes_executor' retrieved from /home/airflow/.local/lib/python3.12/site-packages/airflow/example_dags/example_kubernetes_executor.py
[2024-06-01T00:02:20.868+0000] {logging_mixin.py:188} INFO - [2024-06-01T00:02:20.868+0000] {dag.py:3096} INFO - Sync 1 DAGs
[2024-06-01T00:02:20.878+0000] {logging_mixin.py:188} INFO - [2024-06-01T00:02:20.878+0000] {dag.py:3954} INFO - Setting next_dagrun for example_kubernetes_executor to None, run_after=None
[2024-06-01T00:02:20.895+0000] {processor.py:183} INFO - Processing /home/airflow/.local/lib/python3.12/site-packages/airflow/example_dags/example_kubernetes_executor.py took 0.077 seconds
[2024-06-01T00:02:51.048+0000] {processor.py:161} INFO - Started process (PID=5913) to work on /home/airflow/.local/lib/python3.12/site-packages/airflow/example_dags/example_kubernetes_executor.py
[2024-06-01T00:02:51.050+0000] {processor.py:830} INFO - Processing file /home/airflow/.local/lib/python3.12/site-packages/airflow/example_dags/example_kubernetes_executor.py for tasks to queue
[2024-06-01T00:02:51.053+0000] {logging_mixin.py:188} INFO - [2024-06-01T00:02:51.053+0000] {dagbag.py:545} INFO - Filling up the DagBag from /home/airflow/.local/lib/python3.12/site-packages/airflow/example_dags/example_kubernetes_executor.py
[2024-06-01T00:02:51.066+0000] {processor.py:840} INFO - DAG(s) 'example_kubernetes_executor' retrieved from /home/airflow/.local/lib/python3.12/site-packages/airflow/example_dags/example_kubernetes_executor.py
[2024-06-01T00:02:51.100+0000] {logging_mixin.py:188} INFO - [2024-06-01T00:02:51.100+0000] {dag.py:3096} INFO - Sync 1 DAGs
[2024-06-01T00:02:51.111+0000] {logging_mixin.py:188} INFO - [2024-06-01T00:02:51.110+0000] {dag.py:3954} INFO - Setting next_dagrun for example_kubernetes_executor to None, run_after=None
[2024-06-01T00:02:51.129+0000] {processor.py:183} INFO - Processing /home/airflow/.local/lib/python3.12/site-packages/airflow/example_dags/example_kubernetes_executor.py took 0.086 seconds
[2024-06-01T00:03:21.400+0000] {processor.py:161} INFO - Started process (PID=5971) to work on /home/airflow/.local/lib/python3.12/site-packages/airflow/example_dags/example_kubernetes_executor.py
[2024-06-01T00:03:21.401+0000] {processor.py:830} INFO - Processing file /home/airflow/.local/lib/python3.12/site-packages/airflow/example_dags/example_kubernetes_executor.py for tasks to queue
[2024-06-01T00:03:21.404+0000] {logging_mixin.py:188} INFO - [2024-06-01T00:03:21.403+0000] {dagbag.py:545} INFO - Filling up the DagBag from /home/airflow/.local/lib/python3.12/site-packages/airflow/example_dags/example_kubernetes_executor.py
[2024-06-01T00:03:21.415+0000] {processor.py:840} INFO - DAG(s) 'example_kubernetes_executor' retrieved from /home/airflow/.local/lib/python3.12/site-packages/airflow/example_dags/example_kubernetes_executor.py
[2024-06-01T00:03:21.445+0000] {logging_mixin.py:188} INFO - [2024-06-01T00:03:21.445+0000] {dag.py:3096} INFO - Sync 1 DAGs
[2024-06-01T00:03:21.455+0000] {logging_mixin.py:188} INFO - [2024-06-01T00:03:21.455+0000] {dag.py:3954} INFO - Setting next_dagrun for example_kubernetes_executor to None, run_after=None
[2024-06-01T00:03:21.470+0000] {processor.py:183} INFO - Processing /home/airflow/.local/lib/python3.12/site-packages/airflow/example_dags/example_kubernetes_executor.py took 0.076 seconds
[2024-06-01T00:03:51.534+0000] {processor.py:161} INFO - Started process (PID=6029) to work on /home/airflow/.local/lib/python3.12/site-packages/airflow/example_dags/example_kubernetes_executor.py
[2024-06-01T00:03:51.535+0000] {processor.py:830} INFO - Processing file /home/airflow/.local/lib/python3.12/site-packages/airflow/example_dags/example_kubernetes_executor.py for tasks to queue
[2024-06-01T00:03:51.538+0000] {logging_mixin.py:188} INFO - [2024-06-01T00:03:51.537+0000] {dagbag.py:545} INFO - Filling up the DagBag from /home/airflow/.local/lib/python3.12/site-packages/airflow/example_dags/example_kubernetes_executor.py
[2024-06-01T00:03:51.548+0000] {processor.py:840} INFO - DAG(s) 'example_kubernetes_executor' retrieved from /home/airflow/.local/lib/python3.12/site-packages/airflow/example_dags/example_kubernetes_executor.py
[2024-06-01T00:03:51.581+0000] {logging_mixin.py:188} INFO - [2024-06-01T00:03:51.581+0000] {dag.py:3096} INFO - Sync 1 DAGs
[2024-06-01T00:03:51.592+0000] {logging_mixin.py:188} INFO - [2024-06-01T00:03:51.592+0000] {dag.py:3954} INFO - Setting next_dagrun for example_kubernetes_executor to None, run_after=None
[2024-06-01T00:03:51.611+0000] {processor.py:183} INFO - Processing /home/airflow/.local/lib/python3.12/site-packages/airflow/example_dags/example_kubernetes_executor.py took 0.083 seconds
[2024-06-01T00:04:22.122+0000] {processor.py:161} INFO - Started process (PID=6087) to work on /home/airflow/.local/lib/python3.12/site-packages/airflow/example_dags/example_kubernetes_executor.py
[2024-06-01T00:04:22.123+0000] {processor.py:830} INFO - Processing file /home/airflow/.local/lib/python3.12/site-packages/airflow/example_dags/example_kubernetes_executor.py for tasks to queue
[2024-06-01T00:04:22.126+0000] {logging_mixin.py:188} INFO - [2024-06-01T00:04:22.126+0000] {dagbag.py:545} INFO - Filling up the DagBag from /home/airflow/.local/lib/python3.12/site-packages/airflow/example_dags/example_kubernetes_executor.py
[2024-06-01T00:04:22.138+0000] {processor.py:840} INFO - DAG(s) 'example_kubernetes_executor' retrieved from /home/airflow/.local/lib/python3.12/site-packages/airflow/example_dags/example_kubernetes_executor.py
[2024-06-01T00:04:22.167+0000] {logging_mixin.py:188} INFO - [2024-06-01T00:04:22.166+0000] {dag.py:3096} INFO - Sync 1 DAGs
[2024-06-01T00:04:22.178+0000] {logging_mixin.py:188} INFO - [2024-06-01T00:04:22.177+0000] {dag.py:3954} INFO - Setting next_dagrun for example_kubernetes_executor to None, run_after=None
[2024-06-01T00:04:22.193+0000] {processor.py:183} INFO - Processing /home/airflow/.local/lib/python3.12/site-packages/airflow/example_dags/example_kubernetes_executor.py took 0.077 seconds
[2024-06-01T00:04:52.584+0000] {processor.py:161} INFO - Started process (PID=6145) to work on /home/airflow/.local/lib/python3.12/site-packages/airflow/example_dags/example_kubernetes_executor.py
[2024-06-01T00:04:52.587+0000] {processor.py:830} INFO - Processing file /home/airflow/.local/lib/python3.12/site-packages/airflow/example_dags/example_kubernetes_executor.py for tasks to queue
[2024-06-01T00:04:52.589+0000] {logging_mixin.py:188} INFO - [2024-06-01T00:04:52.589+0000] {dagbag.py:545} INFO - Filling up the DagBag from /home/airflow/.local/lib/python3.12/site-packages/airflow/example_dags/example_kubernetes_executor.py
[2024-06-01T00:04:52.601+0000] {processor.py:840} INFO - DAG(s) 'example_kubernetes_executor' retrieved from /home/airflow/.local/lib/python3.12/site-packages/airflow/example_dags/example_kubernetes_executor.py
[2024-06-01T00:04:52.634+0000] {logging_mixin.py:188} INFO - [2024-06-01T00:04:52.634+0000] {dag.py:3096} INFO - Sync 1 DAGs
[2024-06-01T00:04:52.647+0000] {logging_mixin.py:188} INFO - [2024-06-01T00:04:52.647+0000] {dag.py:3954} INFO - Setting next_dagrun for example_kubernetes_executor to None, run_after=None
[2024-06-01T00:04:52.665+0000] {processor.py:183} INFO - Processing /home/airflow/.local/lib/python3.12/site-packages/airflow/example_dags/example_kubernetes_executor.py took 0.087 seconds
[2024-06-01T00:05:23.089+0000] {processor.py:161} INFO - Started process (PID=6203) to work on /home/airflow/.local/lib/python3.12/site-packages/airflow/example_dags/example_kubernetes_executor.py
[2024-06-01T00:05:23.090+0000] {processor.py:830} INFO - Processing file /home/airflow/.local/lib/python3.12/site-packages/airflow/example_dags/example_kubernetes_executor.py for tasks to queue
[2024-06-01T00:05:23.093+0000] {logging_mixin.py:188} INFO - [2024-06-01T00:05:23.093+0000] {dagbag.py:545} INFO - Filling up the DagBag from /home/airflow/.local/lib/python3.12/site-packages/airflow/example_dags/example_kubernetes_executor.py
[2024-06-01T00:05:23.104+0000] {processor.py:840} INFO - DAG(s) 'example_kubernetes_executor' retrieved from /home/airflow/.local/lib/python3.12/site-packages/airflow/example_dags/example_kubernetes_executor.py
[2024-06-01T00:05:23.136+0000] {logging_mixin.py:188} INFO - [2024-06-01T00:05:23.136+0000] {dag.py:3096} INFO - Sync 1 DAGs
[2024-06-01T00:05:23.149+0000] {logging_mixin.py:188} INFO - [2024-06-01T00:05:23.149+0000] {dag.py:3954} INFO - Setting next_dagrun for example_kubernetes_executor to None, run_after=None
[2024-06-01T00:05:23.168+0000] {processor.py:183} INFO - Processing /home/airflow/.local/lib/python3.12/site-packages/airflow/example_dags/example_kubernetes_executor.py took 0.085 seconds
[2024-06-01T00:05:53.506+0000] {processor.py:161} INFO - Started process (PID=6261) to work on /home/airflow/.local/lib/python3.12/site-packages/airflow/example_dags/example_kubernetes_executor.py
[2024-06-01T00:05:53.508+0000] {processor.py:830} INFO - Processing file /home/airflow/.local/lib/python3.12/site-packages/airflow/example_dags/example_kubernetes_executor.py for tasks to queue
[2024-06-01T00:05:53.511+0000] {logging_mixin.py:188} INFO - [2024-06-01T00:05:53.511+0000] {dagbag.py:545} INFO - Filling up the DagBag from /home/airflow/.local/lib/python3.12/site-packages/airflow/example_dags/example_kubernetes_executor.py
[2024-06-01T00:05:53.523+0000] {processor.py:840} INFO - DAG(s) 'example_kubernetes_executor' retrieved from /home/airflow/.local/lib/python3.12/site-packages/airflow/example_dags/example_kubernetes_executor.py
[2024-06-01T00:05:53.602+0000] {logging_mixin.py:188} INFO - [2024-06-01T00:05:53.602+0000] {dag.py:3096} INFO - Sync 1 DAGs
[2024-06-01T00:05:53.613+0000] {logging_mixin.py:188} INFO - [2024-06-01T00:05:53.613+0000] {dag.py:3954} INFO - Setting next_dagrun for example_kubernetes_executor to None, run_after=None
[2024-06-01T00:05:53.631+0000] {processor.py:183} INFO - Processing /home/airflow/.local/lib/python3.12/site-packages/airflow/example_dags/example_kubernetes_executor.py took 0.134 seconds
[2024-06-01T00:06:23.789+0000] {processor.py:161} INFO - Started process (PID=6319) to work on /home/airflow/.local/lib/python3.12/site-packages/airflow/example_dags/example_kubernetes_executor.py
[2024-06-01T00:06:23.791+0000] {processor.py:830} INFO - Processing file /home/airflow/.local/lib/python3.12/site-packages/airflow/example_dags/example_kubernetes_executor.py for tasks to queue
[2024-06-01T00:06:23.794+0000] {logging_mixin.py:188} INFO - [2024-06-01T00:06:23.793+0000] {dagbag.py:545} INFO - Filling up the DagBag from /home/airflow/.local/lib/python3.12/site-packages/airflow/example_dags/example_kubernetes_executor.py
[2024-06-01T00:06:23.804+0000] {processor.py:840} INFO - DAG(s) 'example_kubernetes_executor' retrieved from /home/airflow/.local/lib/python3.12/site-packages/airflow/example_dags/example_kubernetes_executor.py
[2024-06-01T00:06:23.834+0000] {logging_mixin.py:188} INFO - [2024-06-01T00:06:23.834+0000] {dag.py:3096} INFO - Sync 1 DAGs
[2024-06-01T00:06:23.844+0000] {logging_mixin.py:188} INFO - [2024-06-01T00:06:23.844+0000] {dag.py:3954} INFO - Setting next_dagrun for example_kubernetes_executor to None, run_after=None
[2024-06-01T00:06:23.861+0000] {processor.py:183} INFO - Processing /home/airflow/.local/lib/python3.12/site-packages/airflow/example_dags/example_kubernetes_executor.py took 0.077 seconds
[2024-06-01T00:06:54.037+0000] {processor.py:161} INFO - Started process (PID=6377) to work on /home/airflow/.local/lib/python3.12/site-packages/airflow/example_dags/example_kubernetes_executor.py
[2024-06-01T00:06:54.040+0000] {processor.py:830} INFO - Processing file /home/airflow/.local/lib/python3.12/site-packages/airflow/example_dags/example_kubernetes_executor.py for tasks to queue
[2024-06-01T00:06:54.042+0000] {logging_mixin.py:188} INFO - [2024-06-01T00:06:54.042+0000] {dagbag.py:545} INFO - Filling up the DagBag from /home/airflow/.local/lib/python3.12/site-packages/airflow/example_dags/example_kubernetes_executor.py
[2024-06-01T00:06:54.054+0000] {processor.py:840} INFO - DAG(s) 'example_kubernetes_executor' retrieved from /home/airflow/.local/lib/python3.12/site-packages/airflow/example_dags/example_kubernetes_executor.py
[2024-06-01T00:06:54.086+0000] {logging_mixin.py:188} INFO - [2024-06-01T00:06:54.085+0000] {dag.py:3096} INFO - Sync 1 DAGs
[2024-06-01T00:06:54.097+0000] {logging_mixin.py:188} INFO - [2024-06-01T00:06:54.097+0000] {dag.py:3954} INFO - Setting next_dagrun for example_kubernetes_executor to None, run_after=None
[2024-06-01T00:06:54.115+0000] {processor.py:183} INFO - Processing /home/airflow/.local/lib/python3.12/site-packages/airflow/example_dags/example_kubernetes_executor.py took 0.084 seconds
[2024-06-01T00:07:24.710+0000] {processor.py:161} INFO - Started process (PID=6435) to work on /home/airflow/.local/lib/python3.12/site-packages/airflow/example_dags/example_kubernetes_executor.py
[2024-06-01T00:07:24.712+0000] {processor.py:830} INFO - Processing file /home/airflow/.local/lib/python3.12/site-packages/airflow/example_dags/example_kubernetes_executor.py for tasks to queue
[2024-06-01T00:07:24.714+0000] {logging_mixin.py:188} INFO - [2024-06-01T00:07:24.714+0000] {dagbag.py:545} INFO - Filling up the DagBag from /home/airflow/.local/lib/python3.12/site-packages/airflow/example_dags/example_kubernetes_executor.py
[2024-06-01T00:07:24.726+0000] {processor.py:840} INFO - DAG(s) 'example_kubernetes_executor' retrieved from /home/airflow/.local/lib/python3.12/site-packages/airflow/example_dags/example_kubernetes_executor.py
[2024-06-01T00:07:24.757+0000] {logging_mixin.py:188} INFO - [2024-06-01T00:07:24.757+0000] {dag.py:3096} INFO - Sync 1 DAGs
[2024-06-01T00:07:24.767+0000] {logging_mixin.py:188} INFO - [2024-06-01T00:07:24.767+0000] {dag.py:3954} INFO - Setting next_dagrun for example_kubernetes_executor to None, run_after=None
[2024-06-01T00:07:24.781+0000] {processor.py:183} INFO - Processing /home/airflow/.local/lib/python3.12/site-packages/airflow/example_dags/example_kubernetes_executor.py took 0.077 seconds
[2024-06-01T00:07:54.890+0000] {processor.py:161} INFO - Started process (PID=6492) to work on /home/airflow/.local/lib/python3.12/site-packages/airflow/example_dags/example_kubernetes_executor.py
[2024-06-01T00:07:54.892+0000] {processor.py:830} INFO - Processing file /home/airflow/.local/lib/python3.12/site-packages/airflow/example_dags/example_kubernetes_executor.py for tasks to queue
[2024-06-01T00:07:54.896+0000] {logging_mixin.py:188} INFO - [2024-06-01T00:07:54.896+0000] {dagbag.py:545} INFO - Filling up the DagBag from /home/airflow/.local/lib/python3.12/site-packages/airflow/example_dags/example_kubernetes_executor.py
[2024-06-01T00:07:54.907+0000] {processor.py:840} INFO - DAG(s) 'example_kubernetes_executor' retrieved from /home/airflow/.local/lib/python3.12/site-packages/airflow/example_dags/example_kubernetes_executor.py
[2024-06-01T00:07:54.937+0000] {logging_mixin.py:188} INFO - [2024-06-01T00:07:54.937+0000] {dag.py:3096} INFO - Sync 1 DAGs
[2024-06-01T00:07:54.947+0000] {logging_mixin.py:188} INFO - [2024-06-01T00:07:54.947+0000] {dag.py:3954} INFO - Setting next_dagrun for example_kubernetes_executor to None, run_after=None
[2024-06-01T00:07:54.963+0000] {processor.py:183} INFO - Processing /home/airflow/.local/lib/python3.12/site-packages/airflow/example_dags/example_kubernetes_executor.py took 0.078 seconds
[2024-06-01T00:08:25.724+0000] {processor.py:161} INFO - Started process (PID=6550) to work on /home/airflow/.local/lib/python3.12/site-packages/airflow/example_dags/example_kubernetes_executor.py
[2024-06-01T00:08:25.726+0000] {processor.py:830} INFO - Processing file /home/airflow/.local/lib/python3.12/site-packages/airflow/example_dags/example_kubernetes_executor.py for tasks to queue
[2024-06-01T00:08:25.729+0000] {logging_mixin.py:188} INFO - [2024-06-01T00:08:25.729+0000] {dagbag.py:545} INFO - Filling up the DagBag from /home/airflow/.local/lib/python3.12/site-packages/airflow/example_dags/example_kubernetes_executor.py
[2024-06-01T00:08:25.740+0000] {processor.py:840} INFO - DAG(s) 'example_kubernetes_executor' retrieved from /home/airflow/.local/lib/python3.12/site-packages/airflow/example_dags/example_kubernetes_executor.py
[2024-06-01T00:08:25.866+0000] {logging_mixin.py:188} INFO - [2024-06-01T00:08:25.866+0000] {dag.py:3096} INFO - Sync 1 DAGs
[2024-06-01T00:08:25.876+0000] {logging_mixin.py:188} INFO - [2024-06-01T00:08:25.876+0000] {dag.py:3954} INFO - Setting next_dagrun for example_kubernetes_executor to None, run_after=None
[2024-06-01T00:08:25.891+0000] {processor.py:183} INFO - Processing /home/airflow/.local/lib/python3.12/site-packages/airflow/example_dags/example_kubernetes_executor.py took 0.172 seconds
[2024-06-01T00:08:56.030+0000] {processor.py:161} INFO - Started process (PID=6608) to work on /home/airflow/.local/lib/python3.12/site-packages/airflow/example_dags/example_kubernetes_executor.py
[2024-06-01T00:08:56.032+0000] {processor.py:830} INFO - Processing file /home/airflow/.local/lib/python3.12/site-packages/airflow/example_dags/example_kubernetes_executor.py for tasks to queue
[2024-06-01T00:08:56.035+0000] {logging_mixin.py:188} INFO - [2024-06-01T00:08:56.035+0000] {dagbag.py:545} INFO - Filling up the DagBag from /home/airflow/.local/lib/python3.12/site-packages/airflow/example_dags/example_kubernetes_executor.py
[2024-06-01T00:08:56.047+0000] {processor.py:840} INFO - DAG(s) 'example_kubernetes_executor' retrieved from /home/airflow/.local/lib/python3.12/site-packages/airflow/example_dags/example_kubernetes_executor.py
[2024-06-01T00:08:56.077+0000] {logging_mixin.py:188} INFO - [2024-06-01T00:08:56.077+0000] {dag.py:3096} INFO - Sync 1 DAGs
[2024-06-01T00:08:56.088+0000] {logging_mixin.py:188} INFO - [2024-06-01T00:08:56.088+0000] {dag.py:3954} INFO - Setting next_dagrun for example_kubernetes_executor to None, run_after=None
[2024-06-01T00:08:56.103+0000] {processor.py:183} INFO - Processing /home/airflow/.local/lib/python3.12/site-packages/airflow/example_dags/example_kubernetes_executor.py took 0.077 seconds
[2024-06-01T00:09:26.752+0000] {processor.py:161} INFO - Started process (PID=6666) to work on /home/airflow/.local/lib/python3.12/site-packages/airflow/example_dags/example_kubernetes_executor.py
[2024-06-01T00:09:26.754+0000] {processor.py:830} INFO - Processing file /home/airflow/.local/lib/python3.12/site-packages/airflow/example_dags/example_kubernetes_executor.py for tasks to queue
[2024-06-01T00:09:26.757+0000] {logging_mixin.py:188} INFO - [2024-06-01T00:09:26.756+0000] {dagbag.py:545} INFO - Filling up the DagBag from /home/airflow/.local/lib/python3.12/site-packages/airflow/example_dags/example_kubernetes_executor.py
[2024-06-01T00:09:26.767+0000] {processor.py:840} INFO - DAG(s) 'example_kubernetes_executor' retrieved from /home/airflow/.local/lib/python3.12/site-packages/airflow/example_dags/example_kubernetes_executor.py
[2024-06-01T00:09:26.796+0000] {logging_mixin.py:188} INFO - [2024-06-01T00:09:26.796+0000] {dag.py:3096} INFO - Sync 1 DAGs
[2024-06-01T00:09:26.806+0000] {logging_mixin.py:188} INFO - [2024-06-01T00:09:26.806+0000] {dag.py:3954} INFO - Setting next_dagrun for example_kubernetes_executor to None, run_after=None
[2024-06-01T00:09:26.822+0000] {processor.py:183} INFO - Processing /home/airflow/.local/lib/python3.12/site-packages/airflow/example_dags/example_kubernetes_executor.py took 0.075 seconds
[2024-06-01T00:09:57.337+0000] {processor.py:161} INFO - Started process (PID=6724) to work on /home/airflow/.local/lib/python3.12/site-packages/airflow/example_dags/example_kubernetes_executor.py
[2024-06-01T00:09:57.339+0000] {processor.py:830} INFO - Processing file /home/airflow/.local/lib/python3.12/site-packages/airflow/example_dags/example_kubernetes_executor.py for tasks to queue
[2024-06-01T00:09:57.342+0000] {logging_mixin.py:188} INFO - [2024-06-01T00:09:57.342+0000] {dagbag.py:545} INFO - Filling up the DagBag from /home/airflow/.local/lib/python3.12/site-packages/airflow/example_dags/example_kubernetes_executor.py
[2024-06-01T00:09:57.354+0000] {processor.py:840} INFO - DAG(s) 'example_kubernetes_executor' retrieved from /home/airflow/.local/lib/python3.12/site-packages/airflow/example_dags/example_kubernetes_executor.py
[2024-06-01T00:09:57.387+0000] {logging_mixin.py:188} INFO - [2024-06-01T00:09:57.387+0000] {dag.py:3096} INFO - Sync 1 DAGs
[2024-06-01T00:09:57.399+0000] {logging_mixin.py:188} INFO - [2024-06-01T00:09:57.399+0000] {dag.py:3954} INFO - Setting next_dagrun for example_kubernetes_executor to None, run_after=None
[2024-06-01T00:09:57.415+0000] {processor.py:183} INFO - Processing /home/airflow/.local/lib/python3.12/site-packages/airflow/example_dags/example_kubernetes_executor.py took 0.083 seconds
[2024-06-01T00:10:27.459+0000] {processor.py:161} INFO - Started process (PID=6782) to work on /home/airflow/.local/lib/python3.12/site-packages/airflow/example_dags/example_kubernetes_executor.py
[2024-06-01T00:10:27.460+0000] {processor.py:830} INFO - Processing file /home/airflow/.local/lib/python3.12/site-packages/airflow/example_dags/example_kubernetes_executor.py for tasks to queue
[2024-06-01T00:10:27.461+0000] {logging_mixin.py:188} INFO - [2024-06-01T00:10:27.461+0000] {dagbag.py:545} INFO - Filling up the DagBag from /home/airflow/.local/lib/python3.12/site-packages/airflow/example_dags/example_kubernetes_executor.py
[2024-06-01T00:10:27.472+0000] {processor.py:840} INFO - DAG(s) 'example_kubernetes_executor' retrieved from /home/airflow/.local/lib/python3.12/site-packages/airflow/example_dags/example_kubernetes_executor.py
[2024-06-01T00:10:27.502+0000] {logging_mixin.py:188} INFO - [2024-06-01T00:10:27.502+0000] {dag.py:3096} INFO - Sync 1 DAGs
[2024-06-01T00:10:27.513+0000] {logging_mixin.py:188} INFO - [2024-06-01T00:10:27.513+0000] {dag.py:3954} INFO - Setting next_dagrun for example_kubernetes_executor to None, run_after=None
[2024-06-01T00:10:27.529+0000] {processor.py:183} INFO - Processing /home/airflow/.local/lib/python3.12/site-packages/airflow/example_dags/example_kubernetes_executor.py took 0.076 seconds
[2024-06-01T00:10:57.934+0000] {processor.py:161} INFO - Started process (PID=6840) to work on /home/airflow/.local/lib/python3.12/site-packages/airflow/example_dags/example_kubernetes_executor.py
[2024-06-01T00:10:57.935+0000] {processor.py:830} INFO - Processing file /home/airflow/.local/lib/python3.12/site-packages/airflow/example_dags/example_kubernetes_executor.py for tasks to queue
[2024-06-01T00:10:57.938+0000] {logging_mixin.py:188} INFO - [2024-06-01T00:10:57.937+0000] {dagbag.py:545} INFO - Filling up the DagBag from /home/airflow/.local/lib/python3.12/site-packages/airflow/example_dags/example_kubernetes_executor.py
[2024-06-01T00:10:57.949+0000] {processor.py:840} INFO - DAG(s) 'example_kubernetes_executor' retrieved from /home/airflow/.local/lib/python3.12/site-packages/airflow/example_dags/example_kubernetes_executor.py
[2024-06-01T00:10:57.995+0000] {logging_mixin.py:188} INFO - [2024-06-01T00:10:57.995+0000] {dag.py:3096} INFO - Sync 1 DAGs
[2024-06-01T00:10:58.007+0000] {logging_mixin.py:188} INFO - [2024-06-01T00:10:58.007+0000] {dag.py:3954} INFO - Setting next_dagrun for example_kubernetes_executor to None, run_after=None
[2024-06-01T00:10:58.025+0000] {processor.py:183} INFO - Processing /home/airflow/.local/lib/python3.12/site-packages/airflow/example_dags/example_kubernetes_executor.py took 0.096 seconds
[2024-06-01T00:11:28.079+0000] {processor.py:161} INFO - Started process (PID=6898) to work on /home/airflow/.local/lib/python3.12/site-packages/airflow/example_dags/example_kubernetes_executor.py
[2024-06-01T00:11:28.081+0000] {processor.py:830} INFO - Processing file /home/airflow/.local/lib/python3.12/site-packages/airflow/example_dags/example_kubernetes_executor.py for tasks to queue
[2024-06-01T00:11:28.083+0000] {logging_mixin.py:188} INFO - [2024-06-01T00:11:28.082+0000] {dagbag.py:545} INFO - Filling up the DagBag from /home/airflow/.local/lib/python3.12/site-packages/airflow/example_dags/example_kubernetes_executor.py
[2024-06-01T00:11:28.092+0000] {processor.py:840} INFO - DAG(s) 'example_kubernetes_executor' retrieved from /home/airflow/.local/lib/python3.12/site-packages/airflow/example_dags/example_kubernetes_executor.py
[2024-06-01T00:11:28.122+0000] {logging_mixin.py:188} INFO - [2024-06-01T00:11:28.121+0000] {dag.py:3096} INFO - Sync 1 DAGs
[2024-06-01T00:11:28.132+0000] {logging_mixin.py:188} INFO - [2024-06-01T00:11:28.131+0000] {dag.py:3954} INFO - Setting next_dagrun for example_kubernetes_executor to None, run_after=None
[2024-06-01T00:11:28.150+0000] {processor.py:183} INFO - Processing /home/airflow/.local/lib/python3.12/site-packages/airflow/example_dags/example_kubernetes_executor.py took 0.075 seconds
[2024-06-01T00:11:58.433+0000] {processor.py:161} INFO - Started process (PID=6955) to work on /home/airflow/.local/lib/python3.12/site-packages/airflow/example_dags/example_kubernetes_executor.py
[2024-06-01T00:11:58.435+0000] {processor.py:830} INFO - Processing file /home/airflow/.local/lib/python3.12/site-packages/airflow/example_dags/example_kubernetes_executor.py for tasks to queue
[2024-06-01T00:11:58.438+0000] {logging_mixin.py:188} INFO - [2024-06-01T00:11:58.438+0000] {dagbag.py:545} INFO - Filling up the DagBag from /home/airflow/.local/lib/python3.12/site-packages/airflow/example_dags/example_kubernetes_executor.py
[2024-06-01T00:11:58.449+0000] {processor.py:840} INFO - DAG(s) 'example_kubernetes_executor' retrieved from /home/airflow/.local/lib/python3.12/site-packages/airflow/example_dags/example_kubernetes_executor.py
[2024-06-01T00:11:58.482+0000] {logging_mixin.py:188} INFO - [2024-06-01T00:11:58.482+0000] {dag.py:3096} INFO - Sync 1 DAGs
[2024-06-01T00:11:58.493+0000] {logging_mixin.py:188} INFO - [2024-06-01T00:11:58.493+0000] {dag.py:3954} INFO - Setting next_dagrun for example_kubernetes_executor to None, run_after=None
[2024-06-01T00:11:58.510+0000] {processor.py:183} INFO - Processing /home/airflow/.local/lib/python3.12/site-packages/airflow/example_dags/example_kubernetes_executor.py took 0.082 seconds
[2024-06-01T00:12:29.046+0000] {processor.py:161} INFO - Started process (PID=7013) to work on /home/airflow/.local/lib/python3.12/site-packages/airflow/example_dags/example_kubernetes_executor.py
[2024-06-01T00:12:29.048+0000] {processor.py:830} INFO - Processing file /home/airflow/.local/lib/python3.12/site-packages/airflow/example_dags/example_kubernetes_executor.py for tasks to queue
[2024-06-01T00:12:29.050+0000] {logging_mixin.py:188} INFO - [2024-06-01T00:12:29.050+0000] {dagbag.py:545} INFO - Filling up the DagBag from /home/airflow/.local/lib/python3.12/site-packages/airflow/example_dags/example_kubernetes_executor.py
[2024-06-01T00:12:29.062+0000] {processor.py:840} INFO - DAG(s) 'example_kubernetes_executor' retrieved from /home/airflow/.local/lib/python3.12/site-packages/airflow/example_dags/example_kubernetes_executor.py
[2024-06-01T00:12:29.098+0000] {logging_mixin.py:188} INFO - [2024-06-01T00:12:29.098+0000] {dag.py:3096} INFO - Sync 1 DAGs
[2024-06-01T00:12:29.109+0000] {logging_mixin.py:188} INFO - [2024-06-01T00:12:29.109+0000] {dag.py:3954} INFO - Setting next_dagrun for example_kubernetes_executor to None, run_after=None
[2024-06-01T00:12:29.129+0000] {processor.py:183} INFO - Processing /home/airflow/.local/lib/python3.12/site-packages/airflow/example_dags/example_kubernetes_executor.py took 0.090 seconds
[2024-06-01T00:12:59.736+0000] {processor.py:161} INFO - Started process (PID=7071) to work on /home/airflow/.local/lib/python3.12/site-packages/airflow/example_dags/example_kubernetes_executor.py
[2024-06-01T00:12:59.737+0000] {processor.py:830} INFO - Processing file /home/airflow/.local/lib/python3.12/site-packages/airflow/example_dags/example_kubernetes_executor.py for tasks to queue
[2024-06-01T00:12:59.739+0000] {logging_mixin.py:188} INFO - [2024-06-01T00:12:59.739+0000] {dagbag.py:545} INFO - Filling up the DagBag from /home/airflow/.local/lib/python3.12/site-packages/airflow/example_dags/example_kubernetes_executor.py
[2024-06-01T00:12:59.749+0000] {processor.py:840} INFO - DAG(s) 'example_kubernetes_executor' retrieved from /home/airflow/.local/lib/python3.12/site-packages/airflow/example_dags/example_kubernetes_executor.py
[2024-06-01T00:12:59.779+0000] {logging_mixin.py:188} INFO - [2024-06-01T00:12:59.779+0000] {dag.py:3096} INFO - Sync 1 DAGs
[2024-06-01T00:12:59.789+0000] {logging_mixin.py:188} INFO - [2024-06-01T00:12:59.788+0000] {dag.py:3954} INFO - Setting next_dagrun for example_kubernetes_executor to None, run_after=None
[2024-06-01T00:12:59.805+0000] {processor.py:183} INFO - Processing /home/airflow/.local/lib/python3.12/site-packages/airflow/example_dags/example_kubernetes_executor.py took 0.075 seconds
[2024-06-01T00:13:29.964+0000] {processor.py:161} INFO - Started process (PID=7129) to work on /home/airflow/.local/lib/python3.12/site-packages/airflow/example_dags/example_kubernetes_executor.py
[2024-06-01T00:13:29.967+0000] {processor.py:830} INFO - Processing file /home/airflow/.local/lib/python3.12/site-packages/airflow/example_dags/example_kubernetes_executor.py for tasks to queue
[2024-06-01T00:13:29.969+0000] {logging_mixin.py:188} INFO - [2024-06-01T00:13:29.969+0000] {dagbag.py:545} INFO - Filling up the DagBag from /home/airflow/.local/lib/python3.12/site-packages/airflow/example_dags/example_kubernetes_executor.py
[2024-06-01T00:13:29.980+0000] {processor.py:840} INFO - DAG(s) 'example_kubernetes_executor' retrieved from /home/airflow/.local/lib/python3.12/site-packages/airflow/example_dags/example_kubernetes_executor.py
[2024-06-01T00:13:30.013+0000] {logging_mixin.py:188} INFO - [2024-06-01T00:13:30.013+0000] {dag.py:3096} INFO - Sync 1 DAGs
[2024-06-01T00:13:30.024+0000] {logging_mixin.py:188} INFO - [2024-06-01T00:13:30.024+0000] {dag.py:3954} INFO - Setting next_dagrun for example_kubernetes_executor to None, run_after=None
[2024-06-01T00:13:30.042+0000] {processor.py:183} INFO - Processing /home/airflow/.local/lib/python3.12/site-packages/airflow/example_dags/example_kubernetes_executor.py took 0.082 seconds
[2024-06-01T00:14:00.748+0000] {processor.py:161} INFO - Started process (PID=7187) to work on /home/airflow/.local/lib/python3.12/site-packages/airflow/example_dags/example_kubernetes_executor.py
[2024-06-01T00:14:00.750+0000] {processor.py:830} INFO - Processing file /home/airflow/.local/lib/python3.12/site-packages/airflow/example_dags/example_kubernetes_executor.py for tasks to queue
[2024-06-01T00:14:00.752+0000] {logging_mixin.py:188} INFO - [2024-06-01T00:14:00.752+0000] {dagbag.py:545} INFO - Filling up the DagBag from /home/airflow/.local/lib/python3.12/site-packages/airflow/example_dags/example_kubernetes_executor.py
[2024-06-01T00:14:00.762+0000] {processor.py:840} INFO - DAG(s) 'example_kubernetes_executor' retrieved from /home/airflow/.local/lib/python3.12/site-packages/airflow/example_dags/example_kubernetes_executor.py
[2024-06-01T00:14:00.792+0000] {logging_mixin.py:188} INFO - [2024-06-01T00:14:00.792+0000] {dag.py:3096} INFO - Sync 1 DAGs
[2024-06-01T00:14:00.804+0000] {logging_mixin.py:188} INFO - [2024-06-01T00:14:00.804+0000] {dag.py:3954} INFO - Setting next_dagrun for example_kubernetes_executor to None, run_after=None
[2024-06-01T00:14:00.824+0000] {processor.py:183} INFO - Processing /home/airflow/.local/lib/python3.12/site-packages/airflow/example_dags/example_kubernetes_executor.py took 0.080 seconds
[2024-06-01T00:14:31.267+0000] {processor.py:161} INFO - Started process (PID=7245) to work on /home/airflow/.local/lib/python3.12/site-packages/airflow/example_dags/example_kubernetes_executor.py
[2024-06-01T00:14:31.268+0000] {processor.py:830} INFO - Processing file /home/airflow/.local/lib/python3.12/site-packages/airflow/example_dags/example_kubernetes_executor.py for tasks to queue
[2024-06-01T00:14:31.270+0000] {logging_mixin.py:188} INFO - [2024-06-01T00:14:31.270+0000] {dagbag.py:545} INFO - Filling up the DagBag from /home/airflow/.local/lib/python3.12/site-packages/airflow/example_dags/example_kubernetes_executor.py
[2024-06-01T00:14:31.280+0000] {processor.py:840} INFO - DAG(s) 'example_kubernetes_executor' retrieved from /home/airflow/.local/lib/python3.12/site-packages/airflow/example_dags/example_kubernetes_executor.py
[2024-06-01T00:14:31.311+0000] {logging_mixin.py:188} INFO - [2024-06-01T00:14:31.311+0000] {dag.py:3096} INFO - Sync 1 DAGs
[2024-06-01T00:14:31.321+0000] {logging_mixin.py:188} INFO - [2024-06-01T00:14:31.321+0000] {dag.py:3954} INFO - Setting next_dagrun for example_kubernetes_executor to None, run_after=None
[2024-06-01T00:14:31.338+0000] {processor.py:183} INFO - Processing /home/airflow/.local/lib/python3.12/site-packages/airflow/example_dags/example_kubernetes_executor.py took 0.076 seconds
[2024-06-01T00:15:01.967+0000] {processor.py:161} INFO - Started process (PID=7303) to work on /home/airflow/.local/lib/python3.12/site-packages/airflow/example_dags/example_kubernetes_executor.py
[2024-06-01T00:15:01.969+0000] {processor.py:830} INFO - Processing file /home/airflow/.local/lib/python3.12/site-packages/airflow/example_dags/example_kubernetes_executor.py for tasks to queue
[2024-06-01T00:15:01.972+0000] {logging_mixin.py:188} INFO - [2024-06-01T00:15:01.972+0000] {dagbag.py:545} INFO - Filling up the DagBag from /home/airflow/.local/lib/python3.12/site-packages/airflow/example_dags/example_kubernetes_executor.py
[2024-06-01T00:15:01.982+0000] {processor.py:840} INFO - DAG(s) 'example_kubernetes_executor' retrieved from /home/airflow/.local/lib/python3.12/site-packages/airflow/example_dags/example_kubernetes_executor.py
[2024-06-01T00:15:02.014+0000] {logging_mixin.py:188} INFO - [2024-06-01T00:15:02.014+0000] {dag.py:3096} INFO - Sync 1 DAGs
[2024-06-01T00:15:02.024+0000] {logging_mixin.py:188} INFO - [2024-06-01T00:15:02.024+0000] {dag.py:3954} INFO - Setting next_dagrun for example_kubernetes_executor to None, run_after=None
[2024-06-01T00:15:02.041+0000] {processor.py:183} INFO - Processing /home/airflow/.local/lib/python3.12/site-packages/airflow/example_dags/example_kubernetes_executor.py took 0.080 seconds
[2024-06-01T00:15:32.557+0000] {processor.py:161} INFO - Started process (PID=7361) to work on /home/airflow/.local/lib/python3.12/site-packages/airflow/example_dags/example_kubernetes_executor.py
[2024-06-01T00:15:32.559+0000] {processor.py:830} INFO - Processing file /home/airflow/.local/lib/python3.12/site-packages/airflow/example_dags/example_kubernetes_executor.py for tasks to queue
[2024-06-01T00:15:32.561+0000] {logging_mixin.py:188} INFO - [2024-06-01T00:15:32.560+0000] {dagbag.py:545} INFO - Filling up the DagBag from /home/airflow/.local/lib/python3.12/site-packages/airflow/example_dags/example_kubernetes_executor.py
[2024-06-01T00:15:32.571+0000] {processor.py:840} INFO - DAG(s) 'example_kubernetes_executor' retrieved from /home/airflow/.local/lib/python3.12/site-packages/airflow/example_dags/example_kubernetes_executor.py
[2024-06-01T00:15:32.605+0000] {logging_mixin.py:188} INFO - [2024-06-01T00:15:32.605+0000] {dag.py:3096} INFO - Sync 1 DAGs
[2024-06-01T00:15:32.616+0000] {logging_mixin.py:188} INFO - [2024-06-01T00:15:32.616+0000] {dag.py:3954} INFO - Setting next_dagrun for example_kubernetes_executor to None, run_after=None
[2024-06-01T00:15:32.632+0000] {processor.py:183} INFO - Processing /home/airflow/.local/lib/python3.12/site-packages/airflow/example_dags/example_kubernetes_executor.py took 0.080 seconds
[2024-06-01T00:16:03.010+0000] {processor.py:161} INFO - Started process (PID=7419) to work on /home/airflow/.local/lib/python3.12/site-packages/airflow/example_dags/example_kubernetes_executor.py
[2024-06-01T00:16:03.012+0000] {processor.py:830} INFO - Processing file /home/airflow/.local/lib/python3.12/site-packages/airflow/example_dags/example_kubernetes_executor.py for tasks to queue
[2024-06-01T00:16:03.014+0000] {logging_mixin.py:188} INFO - [2024-06-01T00:16:03.014+0000] {dagbag.py:545} INFO - Filling up the DagBag from /home/airflow/.local/lib/python3.12/site-packages/airflow/example_dags/example_kubernetes_executor.py
[2024-06-01T00:16:03.024+0000] {processor.py:840} INFO - DAG(s) 'example_kubernetes_executor' retrieved from /home/airflow/.local/lib/python3.12/site-packages/airflow/example_dags/example_kubernetes_executor.py
[2024-06-01T00:16:03.056+0000] {logging_mixin.py:188} INFO - [2024-06-01T00:16:03.056+0000] {dag.py:3096} INFO - Sync 1 DAGs
[2024-06-01T00:16:03.070+0000] {logging_mixin.py:188} INFO - [2024-06-01T00:16:03.069+0000] {dag.py:3954} INFO - Setting next_dagrun for example_kubernetes_executor to None, run_after=None
[2024-06-01T00:16:03.096+0000] {processor.py:183} INFO - Processing /home/airflow/.local/lib/python3.12/site-packages/airflow/example_dags/example_kubernetes_executor.py took 0.091 seconds
[2024-06-01T00:16:33.515+0000] {processor.py:161} INFO - Started process (PID=7477) to work on /home/airflow/.local/lib/python3.12/site-packages/airflow/example_dags/example_kubernetes_executor.py
[2024-06-01T00:16:33.518+0000] {processor.py:830} INFO - Processing file /home/airflow/.local/lib/python3.12/site-packages/airflow/example_dags/example_kubernetes_executor.py for tasks to queue
[2024-06-01T00:16:33.521+0000] {logging_mixin.py:188} INFO - [2024-06-01T00:16:33.520+0000] {dagbag.py:545} INFO - Filling up the DagBag from /home/airflow/.local/lib/python3.12/site-packages/airflow/example_dags/example_kubernetes_executor.py
[2024-06-01T00:16:33.532+0000] {processor.py:840} INFO - DAG(s) 'example_kubernetes_executor' retrieved from /home/airflow/.local/lib/python3.12/site-packages/airflow/example_dags/example_kubernetes_executor.py
[2024-06-01T00:16:33.565+0000] {logging_mixin.py:188} INFO - [2024-06-01T00:16:33.565+0000] {dag.py:3096} INFO - Sync 1 DAGs
[2024-06-01T00:16:33.575+0000] {logging_mixin.py:188} INFO - [2024-06-01T00:16:33.575+0000] {dag.py:3954} INFO - Setting next_dagrun for example_kubernetes_executor to None, run_after=None
[2024-06-01T00:16:33.589+0000] {processor.py:183} INFO - Processing /home/airflow/.local/lib/python3.12/site-packages/airflow/example_dags/example_kubernetes_executor.py took 0.082 seconds
[2024-06-01T00:17:03.988+0000] {processor.py:161} INFO - Started process (PID=7535) to work on /home/airflow/.local/lib/python3.12/site-packages/airflow/example_dags/example_kubernetes_executor.py
[2024-06-01T00:17:03.989+0000] {processor.py:830} INFO - Processing file /home/airflow/.local/lib/python3.12/site-packages/airflow/example_dags/example_kubernetes_executor.py for tasks to queue
[2024-06-01T00:17:03.991+0000] {logging_mixin.py:188} INFO - [2024-06-01T00:17:03.991+0000] {dagbag.py:545} INFO - Filling up the DagBag from /home/airflow/.local/lib/python3.12/site-packages/airflow/example_dags/example_kubernetes_executor.py
[2024-06-01T00:17:04.003+0000] {processor.py:840} INFO - DAG(s) 'example_kubernetes_executor' retrieved from /home/airflow/.local/lib/python3.12/site-packages/airflow/example_dags/example_kubernetes_executor.py
[2024-06-01T00:17:04.035+0000] {logging_mixin.py:188} INFO - [2024-06-01T00:17:04.035+0000] {dag.py:3096} INFO - Sync 1 DAGs
[2024-06-01T00:17:04.047+0000] {logging_mixin.py:188} INFO - [2024-06-01T00:17:04.047+0000] {dag.py:3954} INFO - Setting next_dagrun for example_kubernetes_executor to None, run_after=None
[2024-06-01T00:17:04.067+0000] {processor.py:183} INFO - Processing /home/airflow/.local/lib/python3.12/site-packages/airflow/example_dags/example_kubernetes_executor.py took 0.084 seconds
[2024-06-01T00:17:34.825+0000] {processor.py:161} INFO - Started process (PID=7593) to work on /home/airflow/.local/lib/python3.12/site-packages/airflow/example_dags/example_kubernetes_executor.py
[2024-06-01T00:17:34.827+0000] {processor.py:830} INFO - Processing file /home/airflow/.local/lib/python3.12/site-packages/airflow/example_dags/example_kubernetes_executor.py for tasks to queue
[2024-06-01T00:17:34.830+0000] {logging_mixin.py:188} INFO - [2024-06-01T00:17:34.829+0000] {dagbag.py:545} INFO - Filling up the DagBag from /home/airflow/.local/lib/python3.12/site-packages/airflow/example_dags/example_kubernetes_executor.py
[2024-06-01T00:17:34.840+0000] {processor.py:840} INFO - DAG(s) 'example_kubernetes_executor' retrieved from /home/airflow/.local/lib/python3.12/site-packages/airflow/example_dags/example_kubernetes_executor.py
[2024-06-01T00:17:34.869+0000] {logging_mixin.py:188} INFO - [2024-06-01T00:17:34.869+0000] {dag.py:3096} INFO - Sync 1 DAGs
[2024-06-01T00:17:34.880+0000] {logging_mixin.py:188} INFO - [2024-06-01T00:17:34.880+0000] {dag.py:3954} INFO - Setting next_dagrun for example_kubernetes_executor to None, run_after=None
[2024-06-01T00:17:34.899+0000] {processor.py:183} INFO - Processing /home/airflow/.local/lib/python3.12/site-packages/airflow/example_dags/example_kubernetes_executor.py took 0.080 seconds
[2024-06-01T00:18:05.545+0000] {processor.py:161} INFO - Started process (PID=7651) to work on /home/airflow/.local/lib/python3.12/site-packages/airflow/example_dags/example_kubernetes_executor.py
[2024-06-01T00:18:05.547+0000] {processor.py:830} INFO - Processing file /home/airflow/.local/lib/python3.12/site-packages/airflow/example_dags/example_kubernetes_executor.py for tasks to queue
[2024-06-01T00:18:05.549+0000] {logging_mixin.py:188} INFO - [2024-06-01T00:18:05.549+0000] {dagbag.py:545} INFO - Filling up the DagBag from /home/airflow/.local/lib/python3.12/site-packages/airflow/example_dags/example_kubernetes_executor.py
[2024-06-01T00:18:05.561+0000] {processor.py:840} INFO - DAG(s) 'example_kubernetes_executor' retrieved from /home/airflow/.local/lib/python3.12/site-packages/airflow/example_dags/example_kubernetes_executor.py
[2024-06-01T00:18:05.592+0000] {logging_mixin.py:188} INFO - [2024-06-01T00:18:05.591+0000] {dag.py:3096} INFO - Sync 1 DAGs
[2024-06-01T00:18:05.602+0000] {logging_mixin.py:188} INFO - [2024-06-01T00:18:05.602+0000] {dag.py:3954} INFO - Setting next_dagrun for example_kubernetes_executor to None, run_after=None
[2024-06-01T00:18:05.618+0000] {processor.py:183} INFO - Processing /home/airflow/.local/lib/python3.12/site-packages/airflow/example_dags/example_kubernetes_executor.py took 0.079 seconds
[2024-06-01T00:18:36.346+0000] {processor.py:161} INFO - Started process (PID=7709) to work on /home/airflow/.local/lib/python3.12/site-packages/airflow/example_dags/example_kubernetes_executor.py
[2024-06-01T00:18:36.348+0000] {processor.py:830} INFO - Processing file /home/airflow/.local/lib/python3.12/site-packages/airflow/example_dags/example_kubernetes_executor.py for tasks to queue
[2024-06-01T00:18:36.351+0000] {logging_mixin.py:188} INFO - [2024-06-01T00:18:36.350+0000] {dagbag.py:545} INFO - Filling up the DagBag from /home/airflow/.local/lib/python3.12/site-packages/airflow/example_dags/example_kubernetes_executor.py
[2024-06-01T00:18:36.361+0000] {processor.py:840} INFO - DAG(s) 'example_kubernetes_executor' retrieved from /home/airflow/.local/lib/python3.12/site-packages/airflow/example_dags/example_kubernetes_executor.py
[2024-06-01T00:18:36.392+0000] {logging_mixin.py:188} INFO - [2024-06-01T00:18:36.392+0000] {dag.py:3096} INFO - Sync 1 DAGs
[2024-06-01T00:18:36.403+0000] {logging_mixin.py:188} INFO - [2024-06-01T00:18:36.403+0000] {dag.py:3954} INFO - Setting next_dagrun for example_kubernetes_executor to None, run_after=None
[2024-06-01T00:18:36.420+0000] {processor.py:183} INFO - Processing /home/airflow/.local/lib/python3.12/site-packages/airflow/example_dags/example_kubernetes_executor.py took 0.079 seconds
[2024-06-01T00:19:06.885+0000] {processor.py:161} INFO - Started process (PID=7767) to work on /home/airflow/.local/lib/python3.12/site-packages/airflow/example_dags/example_kubernetes_executor.py
[2024-06-01T00:19:06.888+0000] {processor.py:830} INFO - Processing file /home/airflow/.local/lib/python3.12/site-packages/airflow/example_dags/example_kubernetes_executor.py for tasks to queue
[2024-06-01T00:19:06.891+0000] {logging_mixin.py:188} INFO - [2024-06-01T00:19:06.891+0000] {dagbag.py:545} INFO - Filling up the DagBag from /home/airflow/.local/lib/python3.12/site-packages/airflow/example_dags/example_kubernetes_executor.py
[2024-06-01T00:19:06.901+0000] {processor.py:840} INFO - DAG(s) 'example_kubernetes_executor' retrieved from /home/airflow/.local/lib/python3.12/site-packages/airflow/example_dags/example_kubernetes_executor.py
[2024-06-01T00:19:06.933+0000] {logging_mixin.py:188} INFO - [2024-06-01T00:19:06.932+0000] {dag.py:3096} INFO - Sync 1 DAGs
[2024-06-01T00:19:06.943+0000] {logging_mixin.py:188} INFO - [2024-06-01T00:19:06.943+0000] {dag.py:3954} INFO - Setting next_dagrun for example_kubernetes_executor to None, run_after=None
[2024-06-01T00:19:06.962+0000] {processor.py:183} INFO - Processing /home/airflow/.local/lib/python3.12/site-packages/airflow/example_dags/example_kubernetes_executor.py took 0.081 seconds
[2024-06-01T00:19:37.105+0000] {processor.py:161} INFO - Started process (PID=7825) to work on /home/airflow/.local/lib/python3.12/site-packages/airflow/example_dags/example_kubernetes_executor.py
[2024-06-01T00:19:37.106+0000] {processor.py:830} INFO - Processing file /home/airflow/.local/lib/python3.12/site-packages/airflow/example_dags/example_kubernetes_executor.py for tasks to queue
[2024-06-01T00:19:37.108+0000] {logging_mixin.py:188} INFO - [2024-06-01T00:19:37.108+0000] {dagbag.py:545} INFO - Filling up the DagBag from /home/airflow/.local/lib/python3.12/site-packages/airflow/example_dags/example_kubernetes_executor.py
[2024-06-01T00:19:37.119+0000] {processor.py:840} INFO - DAG(s) 'example_kubernetes_executor' retrieved from /home/airflow/.local/lib/python3.12/site-packages/airflow/example_dags/example_kubernetes_executor.py
[2024-06-01T00:19:37.151+0000] {logging_mixin.py:188} INFO - [2024-06-01T00:19:37.150+0000] {dag.py:3096} INFO - Sync 1 DAGs
[2024-06-01T00:19:37.161+0000] {logging_mixin.py:188} INFO - [2024-06-01T00:19:37.161+0000] {dag.py:3954} INFO - Setting next_dagrun for example_kubernetes_executor to None, run_after=None
[2024-06-01T00:19:37.178+0000] {processor.py:183} INFO - Processing /home/airflow/.local/lib/python3.12/site-packages/airflow/example_dags/example_kubernetes_executor.py took 0.078 seconds
[2024-06-01T00:20:07.499+0000] {processor.py:161} INFO - Started process (PID=7883) to work on /home/airflow/.local/lib/python3.12/site-packages/airflow/example_dags/example_kubernetes_executor.py
[2024-06-01T00:20:07.501+0000] {processor.py:830} INFO - Processing file /home/airflow/.local/lib/python3.12/site-packages/airflow/example_dags/example_kubernetes_executor.py for tasks to queue
[2024-06-01T00:20:07.503+0000] {logging_mixin.py:188} INFO - [2024-06-01T00:20:07.503+0000] {dagbag.py:545} INFO - Filling up the DagBag from /home/airflow/.local/lib/python3.12/site-packages/airflow/example_dags/example_kubernetes_executor.py
[2024-06-01T00:20:07.515+0000] {processor.py:840} INFO - DAG(s) 'example_kubernetes_executor' retrieved from /home/airflow/.local/lib/python3.12/site-packages/airflow/example_dags/example_kubernetes_executor.py
[2024-06-01T00:20:07.546+0000] {logging_mixin.py:188} INFO - [2024-06-01T00:20:07.546+0000] {dag.py:3096} INFO - Sync 1 DAGs
[2024-06-01T00:20:07.558+0000] {logging_mixin.py:188} INFO - [2024-06-01T00:20:07.558+0000] {dag.py:3954} INFO - Setting next_dagrun for example_kubernetes_executor to None, run_after=None
[2024-06-01T00:20:07.574+0000] {processor.py:183} INFO - Processing /home/airflow/.local/lib/python3.12/site-packages/airflow/example_dags/example_kubernetes_executor.py took 0.080 seconds
[2024-06-01T00:20:38.021+0000] {processor.py:161} INFO - Started process (PID=7941) to work on /home/airflow/.local/lib/python3.12/site-packages/airflow/example_dags/example_kubernetes_executor.py
[2024-06-01T00:20:38.022+0000] {processor.py:830} INFO - Processing file /home/airflow/.local/lib/python3.12/site-packages/airflow/example_dags/example_kubernetes_executor.py for tasks to queue
[2024-06-01T00:20:38.024+0000] {logging_mixin.py:188} INFO - [2024-06-01T00:20:38.024+0000] {dagbag.py:545} INFO - Filling up the DagBag from /home/airflow/.local/lib/python3.12/site-packages/airflow/example_dags/example_kubernetes_executor.py
[2024-06-01T00:20:38.037+0000] {processor.py:840} INFO - DAG(s) 'example_kubernetes_executor' retrieved from /home/airflow/.local/lib/python3.12/site-packages/airflow/example_dags/example_kubernetes_executor.py
[2024-06-01T00:20:38.069+0000] {logging_mixin.py:188} INFO - [2024-06-01T00:20:38.069+0000] {dag.py:3096} INFO - Sync 1 DAGs
[2024-06-01T00:20:38.080+0000] {logging_mixin.py:188} INFO - [2024-06-01T00:20:38.080+0000] {dag.py:3954} INFO - Setting next_dagrun for example_kubernetes_executor to None, run_after=None
[2024-06-01T00:20:38.099+0000] {processor.py:183} INFO - Processing /home/airflow/.local/lib/python3.12/site-packages/airflow/example_dags/example_kubernetes_executor.py took 0.084 seconds
[2024-06-01T00:21:08.611+0000] {processor.py:161} INFO - Started process (PID=7999) to work on /home/airflow/.local/lib/python3.12/site-packages/airflow/example_dags/example_kubernetes_executor.py
[2024-06-01T00:21:08.613+0000] {processor.py:830} INFO - Processing file /home/airflow/.local/lib/python3.12/site-packages/airflow/example_dags/example_kubernetes_executor.py for tasks to queue
[2024-06-01T00:21:08.615+0000] {logging_mixin.py:188} INFO - [2024-06-01T00:21:08.614+0000] {dagbag.py:545} INFO - Filling up the DagBag from /home/airflow/.local/lib/python3.12/site-packages/airflow/example_dags/example_kubernetes_executor.py
[2024-06-01T00:21:08.625+0000] {processor.py:840} INFO - DAG(s) 'example_kubernetes_executor' retrieved from /home/airflow/.local/lib/python3.12/site-packages/airflow/example_dags/example_kubernetes_executor.py
[2024-06-01T00:21:08.657+0000] {logging_mixin.py:188} INFO - [2024-06-01T00:21:08.657+0000] {dag.py:3096} INFO - Sync 1 DAGs
[2024-06-01T00:21:08.668+0000] {logging_mixin.py:188} INFO - [2024-06-01T00:21:08.668+0000] {dag.py:3954} INFO - Setting next_dagrun for example_kubernetes_executor to None, run_after=None
[2024-06-01T00:21:08.687+0000] {processor.py:183} INFO - Processing /home/airflow/.local/lib/python3.12/site-packages/airflow/example_dags/example_kubernetes_executor.py took 0.081 seconds
[2024-06-01T00:21:39.126+0000] {processor.py:161} INFO - Started process (PID=8057) to work on /home/airflow/.local/lib/python3.12/site-packages/airflow/example_dags/example_kubernetes_executor.py
[2024-06-01T00:21:39.127+0000] {processor.py:830} INFO - Processing file /home/airflow/.local/lib/python3.12/site-packages/airflow/example_dags/example_kubernetes_executor.py for tasks to queue
[2024-06-01T00:21:39.130+0000] {logging_mixin.py:188} INFO - [2024-06-01T00:21:39.129+0000] {dagbag.py:545} INFO - Filling up the DagBag from /home/airflow/.local/lib/python3.12/site-packages/airflow/example_dags/example_kubernetes_executor.py
[2024-06-01T00:21:39.139+0000] {processor.py:840} INFO - DAG(s) 'example_kubernetes_executor' retrieved from /home/airflow/.local/lib/python3.12/site-packages/airflow/example_dags/example_kubernetes_executor.py
[2024-06-01T00:21:39.170+0000] {logging_mixin.py:188} INFO - [2024-06-01T00:21:39.170+0000] {dag.py:3096} INFO - Sync 1 DAGs
[2024-06-01T00:21:39.181+0000] {logging_mixin.py:188} INFO - [2024-06-01T00:21:39.181+0000] {dag.py:3954} INFO - Setting next_dagrun for example_kubernetes_executor to None, run_after=None
[2024-06-01T00:21:39.200+0000] {processor.py:183} INFO - Processing /home/airflow/.local/lib/python3.12/site-packages/airflow/example_dags/example_kubernetes_executor.py took 0.078 seconds
[2024-06-01T00:22:09.852+0000] {processor.py:161} INFO - Started process (PID=8115) to work on /home/airflow/.local/lib/python3.12/site-packages/airflow/example_dags/example_kubernetes_executor.py
[2024-06-01T00:22:09.855+0000] {processor.py:830} INFO - Processing file /home/airflow/.local/lib/python3.12/site-packages/airflow/example_dags/example_kubernetes_executor.py for tasks to queue
[2024-06-01T00:22:09.858+0000] {logging_mixin.py:188} INFO - [2024-06-01T00:22:09.858+0000] {dagbag.py:545} INFO - Filling up the DagBag from /home/airflow/.local/lib/python3.12/site-packages/airflow/example_dags/example_kubernetes_executor.py
[2024-06-01T00:22:09.871+0000] {processor.py:840} INFO - DAG(s) 'example_kubernetes_executor' retrieved from /home/airflow/.local/lib/python3.12/site-packages/airflow/example_dags/example_kubernetes_executor.py
[2024-06-01T00:22:09.901+0000] {logging_mixin.py:188} INFO - [2024-06-01T00:22:09.901+0000] {dag.py:3096} INFO - Sync 1 DAGs
[2024-06-01T00:22:09.911+0000] {logging_mixin.py:188} INFO - [2024-06-01T00:22:09.911+0000] {dag.py:3954} INFO - Setting next_dagrun for example_kubernetes_executor to None, run_after=None
[2024-06-01T00:22:09.930+0000] {processor.py:183} INFO - Processing /home/airflow/.local/lib/python3.12/site-packages/airflow/example_dags/example_kubernetes_executor.py took 0.084 seconds
[2024-06-01T00:22:40.146+0000] {processor.py:161} INFO - Started process (PID=8173) to work on /home/airflow/.local/lib/python3.12/site-packages/airflow/example_dags/example_kubernetes_executor.py
[2024-06-01T00:22:40.148+0000] {processor.py:830} INFO - Processing file /home/airflow/.local/lib/python3.12/site-packages/airflow/example_dags/example_kubernetes_executor.py for tasks to queue
[2024-06-01T00:22:40.152+0000] {logging_mixin.py:188} INFO - [2024-06-01T00:22:40.151+0000] {dagbag.py:545} INFO - Filling up the DagBag from /home/airflow/.local/lib/python3.12/site-packages/airflow/example_dags/example_kubernetes_executor.py
[2024-06-01T00:22:40.162+0000] {processor.py:840} INFO - DAG(s) 'example_kubernetes_executor' retrieved from /home/airflow/.local/lib/python3.12/site-packages/airflow/example_dags/example_kubernetes_executor.py
[2024-06-01T00:22:40.193+0000] {logging_mixin.py:188} INFO - [2024-06-01T00:22:40.192+0000] {dag.py:3096} INFO - Sync 1 DAGs
[2024-06-01T00:22:40.203+0000] {logging_mixin.py:188} INFO - [2024-06-01T00:22:40.203+0000] {dag.py:3954} INFO - Setting next_dagrun for example_kubernetes_executor to None, run_after=None
[2024-06-01T00:22:40.221+0000] {processor.py:183} INFO - Processing /home/airflow/.local/lib/python3.12/site-packages/airflow/example_dags/example_kubernetes_executor.py took 0.080 seconds
[2024-06-01T00:23:10.433+0000] {processor.py:161} INFO - Started process (PID=8230) to work on /home/airflow/.local/lib/python3.12/site-packages/airflow/example_dags/example_kubernetes_executor.py
[2024-06-01T00:23:10.435+0000] {processor.py:830} INFO - Processing file /home/airflow/.local/lib/python3.12/site-packages/airflow/example_dags/example_kubernetes_executor.py for tasks to queue
[2024-06-01T00:23:10.437+0000] {logging_mixin.py:188} INFO - [2024-06-01T00:23:10.437+0000] {dagbag.py:545} INFO - Filling up the DagBag from /home/airflow/.local/lib/python3.12/site-packages/airflow/example_dags/example_kubernetes_executor.py
[2024-06-01T00:23:10.451+0000] {processor.py:840} INFO - DAG(s) 'example_kubernetes_executor' retrieved from /home/airflow/.local/lib/python3.12/site-packages/airflow/example_dags/example_kubernetes_executor.py
[2024-06-01T00:23:10.485+0000] {logging_mixin.py:188} INFO - [2024-06-01T00:23:10.485+0000] {dag.py:3096} INFO - Sync 1 DAGs
[2024-06-01T00:23:10.496+0000] {logging_mixin.py:188} INFO - [2024-06-01T00:23:10.495+0000] {dag.py:3954} INFO - Setting next_dagrun for example_kubernetes_executor to None, run_after=None
[2024-06-01T00:23:10.514+0000] {processor.py:183} INFO - Processing /home/airflow/.local/lib/python3.12/site-packages/airflow/example_dags/example_kubernetes_executor.py took 0.088 seconds
[2024-06-01T00:23:40.746+0000] {processor.py:161} INFO - Started process (PID=8288) to work on /home/airflow/.local/lib/python3.12/site-packages/airflow/example_dags/example_kubernetes_executor.py
[2024-06-01T00:23:40.747+0000] {processor.py:830} INFO - Processing file /home/airflow/.local/lib/python3.12/site-packages/airflow/example_dags/example_kubernetes_executor.py for tasks to queue
[2024-06-01T00:23:40.749+0000] {logging_mixin.py:188} INFO - [2024-06-01T00:23:40.749+0000] {dagbag.py:545} INFO - Filling up the DagBag from /home/airflow/.local/lib/python3.12/site-packages/airflow/example_dags/example_kubernetes_executor.py
[2024-06-01T00:23:40.760+0000] {processor.py:840} INFO - DAG(s) 'example_kubernetes_executor' retrieved from /home/airflow/.local/lib/python3.12/site-packages/airflow/example_dags/example_kubernetes_executor.py
[2024-06-01T00:23:40.792+0000] {logging_mixin.py:188} INFO - [2024-06-01T00:23:40.792+0000] {dag.py:3096} INFO - Sync 1 DAGs
[2024-06-01T00:23:40.802+0000] {logging_mixin.py:188} INFO - [2024-06-01T00:23:40.802+0000] {dag.py:3954} INFO - Setting next_dagrun for example_kubernetes_executor to None, run_after=None
[2024-06-01T00:23:40.819+0000] {processor.py:183} INFO - Processing /home/airflow/.local/lib/python3.12/site-packages/airflow/example_dags/example_kubernetes_executor.py took 0.078 seconds
[2024-06-01T00:24:11.112+0000] {processor.py:161} INFO - Started process (PID=8346) to work on /home/airflow/.local/lib/python3.12/site-packages/airflow/example_dags/example_kubernetes_executor.py
[2024-06-01T00:24:11.115+0000] {processor.py:830} INFO - Processing file /home/airflow/.local/lib/python3.12/site-packages/airflow/example_dags/example_kubernetes_executor.py for tasks to queue
[2024-06-01T00:24:11.117+0000] {logging_mixin.py:188} INFO - [2024-06-01T00:24:11.117+0000] {dagbag.py:545} INFO - Filling up the DagBag from /home/airflow/.local/lib/python3.12/site-packages/airflow/example_dags/example_kubernetes_executor.py
[2024-06-01T00:24:11.127+0000] {processor.py:840} INFO - DAG(s) 'example_kubernetes_executor' retrieved from /home/airflow/.local/lib/python3.12/site-packages/airflow/example_dags/example_kubernetes_executor.py
[2024-06-01T00:24:11.159+0000] {logging_mixin.py:188} INFO - [2024-06-01T00:24:11.159+0000] {dag.py:3096} INFO - Sync 1 DAGs
[2024-06-01T00:24:11.170+0000] {logging_mixin.py:188} INFO - [2024-06-01T00:24:11.170+0000] {dag.py:3954} INFO - Setting next_dagrun for example_kubernetes_executor to None, run_after=None
[2024-06-01T00:24:11.185+0000] {processor.py:183} INFO - Processing /home/airflow/.local/lib/python3.12/site-packages/airflow/example_dags/example_kubernetes_executor.py took 0.078 seconds
[2024-06-01T00:24:41.411+0000] {processor.py:161} INFO - Started process (PID=8404) to work on /home/airflow/.local/lib/python3.12/site-packages/airflow/example_dags/example_kubernetes_executor.py
[2024-06-01T00:24:41.414+0000] {processor.py:830} INFO - Processing file /home/airflow/.local/lib/python3.12/site-packages/airflow/example_dags/example_kubernetes_executor.py for tasks to queue
[2024-06-01T00:24:41.417+0000] {logging_mixin.py:188} INFO - [2024-06-01T00:24:41.417+0000] {dagbag.py:545} INFO - Filling up the DagBag from /home/airflow/.local/lib/python3.12/site-packages/airflow/example_dags/example_kubernetes_executor.py
[2024-06-01T00:24:41.430+0000] {processor.py:840} INFO - DAG(s) 'example_kubernetes_executor' retrieved from /home/airflow/.local/lib/python3.12/site-packages/airflow/example_dags/example_kubernetes_executor.py
[2024-06-01T00:24:41.466+0000] {logging_mixin.py:188} INFO - [2024-06-01T00:24:41.465+0000] {dag.py:3096} INFO - Sync 1 DAGs
[2024-06-01T00:24:41.478+0000] {logging_mixin.py:188} INFO - [2024-06-01T00:24:41.478+0000] {dag.py:3954} INFO - Setting next_dagrun for example_kubernetes_executor to None, run_after=None
[2024-06-01T00:24:41.494+0000] {processor.py:183} INFO - Processing /home/airflow/.local/lib/python3.12/site-packages/airflow/example_dags/example_kubernetes_executor.py took 0.091 seconds
[2024-06-01T00:25:12.168+0000] {processor.py:161} INFO - Started process (PID=8462) to work on /home/airflow/.local/lib/python3.12/site-packages/airflow/example_dags/example_kubernetes_executor.py
[2024-06-01T00:25:12.170+0000] {processor.py:830} INFO - Processing file /home/airflow/.local/lib/python3.12/site-packages/airflow/example_dags/example_kubernetes_executor.py for tasks to queue
[2024-06-01T00:25:12.173+0000] {logging_mixin.py:188} INFO - [2024-06-01T00:25:12.173+0000] {dagbag.py:545} INFO - Filling up the DagBag from /home/airflow/.local/lib/python3.12/site-packages/airflow/example_dags/example_kubernetes_executor.py
[2024-06-01T00:25:12.184+0000] {processor.py:840} INFO - DAG(s) 'example_kubernetes_executor' retrieved from /home/airflow/.local/lib/python3.12/site-packages/airflow/example_dags/example_kubernetes_executor.py
[2024-06-01T00:25:12.218+0000] {logging_mixin.py:188} INFO - [2024-06-01T00:25:12.218+0000] {dag.py:3096} INFO - Sync 1 DAGs
[2024-06-01T00:25:12.230+0000] {logging_mixin.py:188} INFO - [2024-06-01T00:25:12.229+0000] {dag.py:3954} INFO - Setting next_dagrun for example_kubernetes_executor to None, run_after=None
[2024-06-01T00:25:12.245+0000] {processor.py:183} INFO - Processing /home/airflow/.local/lib/python3.12/site-packages/airflow/example_dags/example_kubernetes_executor.py took 0.082 seconds
[2024-06-01T00:25:42.426+0000] {processor.py:161} INFO - Started process (PID=8520) to work on /home/airflow/.local/lib/python3.12/site-packages/airflow/example_dags/example_kubernetes_executor.py
[2024-06-01T00:25:42.428+0000] {processor.py:830} INFO - Processing file /home/airflow/.local/lib/python3.12/site-packages/airflow/example_dags/example_kubernetes_executor.py for tasks to queue
[2024-06-01T00:25:42.431+0000] {logging_mixin.py:188} INFO - [2024-06-01T00:25:42.430+0000] {dagbag.py:545} INFO - Filling up the DagBag from /home/airflow/.local/lib/python3.12/site-packages/airflow/example_dags/example_kubernetes_executor.py
[2024-06-01T00:25:42.442+0000] {processor.py:840} INFO - DAG(s) 'example_kubernetes_executor' retrieved from /home/airflow/.local/lib/python3.12/site-packages/airflow/example_dags/example_kubernetes_executor.py
[2024-06-01T00:25:42.476+0000] {logging_mixin.py:188} INFO - [2024-06-01T00:25:42.476+0000] {dag.py:3096} INFO - Sync 1 DAGs
[2024-06-01T00:25:42.488+0000] {logging_mixin.py:188} INFO - [2024-06-01T00:25:42.488+0000] {dag.py:3954} INFO - Setting next_dagrun for example_kubernetes_executor to None, run_after=None
[2024-06-01T00:25:42.503+0000] {processor.py:183} INFO - Processing /home/airflow/.local/lib/python3.12/site-packages/airflow/example_dags/example_kubernetes_executor.py took 0.083 seconds
[2024-06-01T00:26:12.816+0000] {processor.py:161} INFO - Started process (PID=8576) to work on /home/airflow/.local/lib/python3.12/site-packages/airflow/example_dags/example_kubernetes_executor.py
[2024-06-01T00:26:12.817+0000] {processor.py:830} INFO - Processing file /home/airflow/.local/lib/python3.12/site-packages/airflow/example_dags/example_kubernetes_executor.py for tasks to queue
[2024-06-01T00:26:12.820+0000] {logging_mixin.py:188} INFO - [2024-06-01T00:26:12.819+0000] {dagbag.py:545} INFO - Filling up the DagBag from /home/airflow/.local/lib/python3.12/site-packages/airflow/example_dags/example_kubernetes_executor.py
[2024-06-01T00:26:12.832+0000] {processor.py:840} INFO - DAG(s) 'example_kubernetes_executor' retrieved from /home/airflow/.local/lib/python3.12/site-packages/airflow/example_dags/example_kubernetes_executor.py
[2024-06-01T00:26:12.867+0000] {logging_mixin.py:188} INFO - [2024-06-01T00:26:12.867+0000] {dag.py:3096} INFO - Sync 1 DAGs
[2024-06-01T00:26:12.879+0000] {logging_mixin.py:188} INFO - [2024-06-01T00:26:12.878+0000] {dag.py:3954} INFO - Setting next_dagrun for example_kubernetes_executor to None, run_after=None
[2024-06-01T00:26:12.898+0000] {processor.py:183} INFO - Processing /home/airflow/.local/lib/python3.12/site-packages/airflow/example_dags/example_kubernetes_executor.py took 0.088 seconds
[2024-06-01T00:26:43.200+0000] {processor.py:161} INFO - Started process (PID=8634) to work on /home/airflow/.local/lib/python3.12/site-packages/airflow/example_dags/example_kubernetes_executor.py
[2024-06-01T00:26:43.201+0000] {processor.py:830} INFO - Processing file /home/airflow/.local/lib/python3.12/site-packages/airflow/example_dags/example_kubernetes_executor.py for tasks to queue
[2024-06-01T00:26:43.204+0000] {logging_mixin.py:188} INFO - [2024-06-01T00:26:43.204+0000] {dagbag.py:545} INFO - Filling up the DagBag from /home/airflow/.local/lib/python3.12/site-packages/airflow/example_dags/example_kubernetes_executor.py
[2024-06-01T00:26:43.214+0000] {processor.py:840} INFO - DAG(s) 'example_kubernetes_executor' retrieved from /home/airflow/.local/lib/python3.12/site-packages/airflow/example_dags/example_kubernetes_executor.py
[2024-06-01T00:26:43.247+0000] {logging_mixin.py:188} INFO - [2024-06-01T00:26:43.246+0000] {dag.py:3096} INFO - Sync 1 DAGs
[2024-06-01T00:26:43.257+0000] {logging_mixin.py:188} INFO - [2024-06-01T00:26:43.256+0000] {dag.py:3954} INFO - Setting next_dagrun for example_kubernetes_executor to None, run_after=None
[2024-06-01T00:26:43.273+0000] {processor.py:183} INFO - Processing /home/airflow/.local/lib/python3.12/site-packages/airflow/example_dags/example_kubernetes_executor.py took 0.078 seconds
[2024-06-01T00:27:13.554+0000] {processor.py:161} INFO - Started process (PID=8692) to work on /home/airflow/.local/lib/python3.12/site-packages/airflow/example_dags/example_kubernetes_executor.py
[2024-06-01T00:27:13.555+0000] {processor.py:830} INFO - Processing file /home/airflow/.local/lib/python3.12/site-packages/airflow/example_dags/example_kubernetes_executor.py for tasks to queue
[2024-06-01T00:27:13.557+0000] {logging_mixin.py:188} INFO - [2024-06-01T00:27:13.557+0000] {dagbag.py:545} INFO - Filling up the DagBag from /home/airflow/.local/lib/python3.12/site-packages/airflow/example_dags/example_kubernetes_executor.py
[2024-06-01T00:27:13.568+0000] {processor.py:840} INFO - DAG(s) 'example_kubernetes_executor' retrieved from /home/airflow/.local/lib/python3.12/site-packages/airflow/example_dags/example_kubernetes_executor.py
[2024-06-01T00:27:13.599+0000] {logging_mixin.py:188} INFO - [2024-06-01T00:27:13.598+0000] {dag.py:3096} INFO - Sync 1 DAGs
[2024-06-01T00:27:13.609+0000] {logging_mixin.py:188} INFO - [2024-06-01T00:27:13.609+0000] {dag.py:3954} INFO - Setting next_dagrun for example_kubernetes_executor to None, run_after=None
[2024-06-01T00:27:13.627+0000] {processor.py:183} INFO - Processing /home/airflow/.local/lib/python3.12/site-packages/airflow/example_dags/example_kubernetes_executor.py took 0.078 seconds
[2024-06-01T00:27:44.143+0000] {processor.py:161} INFO - Started process (PID=8750) to work on /home/airflow/.local/lib/python3.12/site-packages/airflow/example_dags/example_kubernetes_executor.py
[2024-06-01T00:27:44.145+0000] {processor.py:830} INFO - Processing file /home/airflow/.local/lib/python3.12/site-packages/airflow/example_dags/example_kubernetes_executor.py for tasks to queue
[2024-06-01T00:27:44.148+0000] {logging_mixin.py:188} INFO - [2024-06-01T00:27:44.147+0000] {dagbag.py:545} INFO - Filling up the DagBag from /home/airflow/.local/lib/python3.12/site-packages/airflow/example_dags/example_kubernetes_executor.py
[2024-06-01T00:27:44.160+0000] {processor.py:840} INFO - DAG(s) 'example_kubernetes_executor' retrieved from /home/airflow/.local/lib/python3.12/site-packages/airflow/example_dags/example_kubernetes_executor.py
[2024-06-01T00:27:44.200+0000] {logging_mixin.py:188} INFO - [2024-06-01T00:27:44.199+0000] {dag.py:3096} INFO - Sync 1 DAGs
[2024-06-01T00:27:44.211+0000] {logging_mixin.py:188} INFO - [2024-06-01T00:27:44.211+0000] {dag.py:3954} INFO - Setting next_dagrun for example_kubernetes_executor to None, run_after=None
[2024-06-01T00:27:44.229+0000] {processor.py:183} INFO - Processing /home/airflow/.local/lib/python3.12/site-packages/airflow/example_dags/example_kubernetes_executor.py took 0.091 seconds
[2024-06-01T00:28:14.825+0000] {processor.py:161} INFO - Started process (PID=8808) to work on /home/airflow/.local/lib/python3.12/site-packages/airflow/example_dags/example_kubernetes_executor.py
[2024-06-01T00:28:14.827+0000] {processor.py:830} INFO - Processing file /home/airflow/.local/lib/python3.12/site-packages/airflow/example_dags/example_kubernetes_executor.py for tasks to queue
[2024-06-01T00:28:14.829+0000] {logging_mixin.py:188} INFO - [2024-06-01T00:28:14.829+0000] {dagbag.py:545} INFO - Filling up the DagBag from /home/airflow/.local/lib/python3.12/site-packages/airflow/example_dags/example_kubernetes_executor.py
[2024-06-01T00:28:14.841+0000] {processor.py:840} INFO - DAG(s) 'example_kubernetes_executor' retrieved from /home/airflow/.local/lib/python3.12/site-packages/airflow/example_dags/example_kubernetes_executor.py
[2024-06-01T00:28:14.915+0000] {logging_mixin.py:188} INFO - [2024-06-01T00:28:14.915+0000] {dag.py:3096} INFO - Sync 1 DAGs
[2024-06-01T00:28:14.927+0000] {logging_mixin.py:188} INFO - [2024-06-01T00:28:14.926+0000] {dag.py:3954} INFO - Setting next_dagrun for example_kubernetes_executor to None, run_after=None
[2024-06-01T00:28:14.945+0000] {processor.py:183} INFO - Processing /home/airflow/.local/lib/python3.12/site-packages/airflow/example_dags/example_kubernetes_executor.py took 0.125 seconds
[2024-06-01T00:28:45.311+0000] {processor.py:161} INFO - Started process (PID=8866) to work on /home/airflow/.local/lib/python3.12/site-packages/airflow/example_dags/example_kubernetes_executor.py
[2024-06-01T00:28:45.313+0000] {processor.py:830} INFO - Processing file /home/airflow/.local/lib/python3.12/site-packages/airflow/example_dags/example_kubernetes_executor.py for tasks to queue
[2024-06-01T00:28:45.317+0000] {logging_mixin.py:188} INFO - [2024-06-01T00:28:45.317+0000] {dagbag.py:545} INFO - Filling up the DagBag from /home/airflow/.local/lib/python3.12/site-packages/airflow/example_dags/example_kubernetes_executor.py
[2024-06-01T00:28:45.329+0000] {processor.py:840} INFO - DAG(s) 'example_kubernetes_executor' retrieved from /home/airflow/.local/lib/python3.12/site-packages/airflow/example_dags/example_kubernetes_executor.py
[2024-06-01T00:28:45.359+0000] {logging_mixin.py:188} INFO - [2024-06-01T00:28:45.359+0000] {dag.py:3096} INFO - Sync 1 DAGs
[2024-06-01T00:28:45.369+0000] {logging_mixin.py:188} INFO - [2024-06-01T00:28:45.369+0000] {dag.py:3954} INFO - Setting next_dagrun for example_kubernetes_executor to None, run_after=None
[2024-06-01T00:28:45.386+0000] {processor.py:183} INFO - Processing /home/airflow/.local/lib/python3.12/site-packages/airflow/example_dags/example_kubernetes_executor.py took 0.083 seconds
[2024-06-01T00:29:15.626+0000] {processor.py:161} INFO - Started process (PID=8924) to work on /home/airflow/.local/lib/python3.12/site-packages/airflow/example_dags/example_kubernetes_executor.py
[2024-06-01T00:29:15.629+0000] {processor.py:830} INFO - Processing file /home/airflow/.local/lib/python3.12/site-packages/airflow/example_dags/example_kubernetes_executor.py for tasks to queue
[2024-06-01T00:29:15.632+0000] {logging_mixin.py:188} INFO - [2024-06-01T00:29:15.631+0000] {dagbag.py:545} INFO - Filling up the DagBag from /home/airflow/.local/lib/python3.12/site-packages/airflow/example_dags/example_kubernetes_executor.py
[2024-06-01T00:29:15.641+0000] {processor.py:840} INFO - DAG(s) 'example_kubernetes_executor' retrieved from /home/airflow/.local/lib/python3.12/site-packages/airflow/example_dags/example_kubernetes_executor.py
[2024-06-01T00:29:15.672+0000] {logging_mixin.py:188} INFO - [2024-06-01T00:29:15.671+0000] {dag.py:3096} INFO - Sync 1 DAGs
[2024-06-01T00:29:15.682+0000] {logging_mixin.py:188} INFO - [2024-06-01T00:29:15.682+0000] {dag.py:3954} INFO - Setting next_dagrun for example_kubernetes_executor to None, run_after=None
[2024-06-01T00:29:15.699+0000] {processor.py:183} INFO - Processing /home/airflow/.local/lib/python3.12/site-packages/airflow/example_dags/example_kubernetes_executor.py took 0.078 seconds
[2024-06-01T00:29:46.015+0000] {processor.py:161} INFO - Started process (PID=8982) to work on /home/airflow/.local/lib/python3.12/site-packages/airflow/example_dags/example_kubernetes_executor.py
[2024-06-01T00:29:46.017+0000] {processor.py:830} INFO - Processing file /home/airflow/.local/lib/python3.12/site-packages/airflow/example_dags/example_kubernetes_executor.py for tasks to queue
[2024-06-01T00:29:46.020+0000] {logging_mixin.py:188} INFO - [2024-06-01T00:29:46.020+0000] {dagbag.py:545} INFO - Filling up the DagBag from /home/airflow/.local/lib/python3.12/site-packages/airflow/example_dags/example_kubernetes_executor.py
[2024-06-01T00:29:46.031+0000] {processor.py:840} INFO - DAG(s) 'example_kubernetes_executor' retrieved from /home/airflow/.local/lib/python3.12/site-packages/airflow/example_dags/example_kubernetes_executor.py
[2024-06-01T00:29:46.064+0000] {logging_mixin.py:188} INFO - [2024-06-01T00:29:46.064+0000] {dag.py:3096} INFO - Sync 1 DAGs
[2024-06-01T00:29:46.076+0000] {logging_mixin.py:188} INFO - [2024-06-01T00:29:46.076+0000] {dag.py:3954} INFO - Setting next_dagrun for example_kubernetes_executor to None, run_after=None
[2024-06-01T00:29:46.093+0000] {processor.py:183} INFO - Processing /home/airflow/.local/lib/python3.12/site-packages/airflow/example_dags/example_kubernetes_executor.py took 0.083 seconds
[2024-06-01T00:30:16.358+0000] {processor.py:161} INFO - Started process (PID=9040) to work on /home/airflow/.local/lib/python3.12/site-packages/airflow/example_dags/example_kubernetes_executor.py
[2024-06-01T00:30:16.360+0000] {processor.py:830} INFO - Processing file /home/airflow/.local/lib/python3.12/site-packages/airflow/example_dags/example_kubernetes_executor.py for tasks to queue
[2024-06-01T00:30:16.362+0000] {logging_mixin.py:188} INFO - [2024-06-01T00:30:16.362+0000] {dagbag.py:545} INFO - Filling up the DagBag from /home/airflow/.local/lib/python3.12/site-packages/airflow/example_dags/example_kubernetes_executor.py
[2024-06-01T00:30:16.373+0000] {processor.py:840} INFO - DAG(s) 'example_kubernetes_executor' retrieved from /home/airflow/.local/lib/python3.12/site-packages/airflow/example_dags/example_kubernetes_executor.py
[2024-06-01T00:30:16.405+0000] {logging_mixin.py:188} INFO - [2024-06-01T00:30:16.405+0000] {dag.py:3096} INFO - Sync 1 DAGs
[2024-06-01T00:30:16.416+0000] {logging_mixin.py:188} INFO - [2024-06-01T00:30:16.416+0000] {dag.py:3954} INFO - Setting next_dagrun for example_kubernetes_executor to None, run_after=None
[2024-06-01T00:30:16.434+0000] {processor.py:183} INFO - Processing /home/airflow/.local/lib/python3.12/site-packages/airflow/example_dags/example_kubernetes_executor.py took 0.082 seconds
[2024-06-01T00:30:46.615+0000] {processor.py:161} INFO - Started process (PID=9098) to work on /home/airflow/.local/lib/python3.12/site-packages/airflow/example_dags/example_kubernetes_executor.py
[2024-06-01T00:30:46.617+0000] {processor.py:830} INFO - Processing file /home/airflow/.local/lib/python3.12/site-packages/airflow/example_dags/example_kubernetes_executor.py for tasks to queue
[2024-06-01T00:30:46.619+0000] {logging_mixin.py:188} INFO - [2024-06-01T00:30:46.619+0000] {dagbag.py:545} INFO - Filling up the DagBag from /home/airflow/.local/lib/python3.12/site-packages/airflow/example_dags/example_kubernetes_executor.py
[2024-06-01T00:30:46.633+0000] {processor.py:840} INFO - DAG(s) 'example_kubernetes_executor' retrieved from /home/airflow/.local/lib/python3.12/site-packages/airflow/example_dags/example_kubernetes_executor.py
[2024-06-01T00:30:46.666+0000] {logging_mixin.py:188} INFO - [2024-06-01T00:30:46.666+0000] {dag.py:3096} INFO - Sync 1 DAGs
[2024-06-01T00:30:46.677+0000] {logging_mixin.py:188} INFO - [2024-06-01T00:30:46.677+0000] {dag.py:3954} INFO - Setting next_dagrun for example_kubernetes_executor to None, run_after=None
[2024-06-01T00:30:46.696+0000] {processor.py:183} INFO - Processing /home/airflow/.local/lib/python3.12/site-packages/airflow/example_dags/example_kubernetes_executor.py took 0.085 seconds
[2024-06-01T00:31:16.986+0000] {processor.py:161} INFO - Started process (PID=9156) to work on /home/airflow/.local/lib/python3.12/site-packages/airflow/example_dags/example_kubernetes_executor.py
[2024-06-01T00:31:16.987+0000] {processor.py:830} INFO - Processing file /home/airflow/.local/lib/python3.12/site-packages/airflow/example_dags/example_kubernetes_executor.py for tasks to queue
[2024-06-01T00:31:16.989+0000] {logging_mixin.py:188} INFO - [2024-06-01T00:31:16.989+0000] {dagbag.py:545} INFO - Filling up the DagBag from /home/airflow/.local/lib/python3.12/site-packages/airflow/example_dags/example_kubernetes_executor.py
[2024-06-01T00:31:17.000+0000] {processor.py:840} INFO - DAG(s) 'example_kubernetes_executor' retrieved from /home/airflow/.local/lib/python3.12/site-packages/airflow/example_dags/example_kubernetes_executor.py
[2024-06-01T00:31:17.031+0000] {logging_mixin.py:188} INFO - [2024-06-01T00:31:17.031+0000] {dag.py:3096} INFO - Sync 1 DAGs
[2024-06-01T00:31:17.042+0000] {logging_mixin.py:188} INFO - [2024-06-01T00:31:17.042+0000] {dag.py:3954} INFO - Setting next_dagrun for example_kubernetes_executor to None, run_after=None
[2024-06-01T00:31:17.059+0000] {processor.py:183} INFO - Processing /home/airflow/.local/lib/python3.12/site-packages/airflow/example_dags/example_kubernetes_executor.py took 0.081 seconds
[2024-06-01T00:31:47.312+0000] {processor.py:161} INFO - Started process (PID=9215) to work on /home/airflow/.local/lib/python3.12/site-packages/airflow/example_dags/example_kubernetes_executor.py
[2024-06-01T00:31:47.314+0000] {processor.py:830} INFO - Processing file /home/airflow/.local/lib/python3.12/site-packages/airflow/example_dags/example_kubernetes_executor.py for tasks to queue
[2024-06-01T00:31:47.317+0000] {logging_mixin.py:188} INFO - [2024-06-01T00:31:47.317+0000] {dagbag.py:545} INFO - Filling up the DagBag from /home/airflow/.local/lib/python3.12/site-packages/airflow/example_dags/example_kubernetes_executor.py
[2024-06-01T00:31:47.327+0000] {processor.py:840} INFO - DAG(s) 'example_kubernetes_executor' retrieved from /home/airflow/.local/lib/python3.12/site-packages/airflow/example_dags/example_kubernetes_executor.py
[2024-06-01T00:31:47.360+0000] {logging_mixin.py:188} INFO - [2024-06-01T00:31:47.360+0000] {dag.py:3096} INFO - Sync 1 DAGs
[2024-06-01T00:31:47.371+0000] {logging_mixin.py:188} INFO - [2024-06-01T00:31:47.370+0000] {dag.py:3954} INFO - Setting next_dagrun for example_kubernetes_executor to None, run_after=None
[2024-06-01T00:31:47.391+0000] {processor.py:183} INFO - Processing /home/airflow/.local/lib/python3.12/site-packages/airflow/example_dags/example_kubernetes_executor.py took 0.084 seconds
[2024-06-01T00:32:17.903+0000] {processor.py:161} INFO - Started process (PID=9279) to work on /home/airflow/.local/lib/python3.12/site-packages/airflow/example_dags/example_kubernetes_executor.py
[2024-06-01T00:32:17.905+0000] {processor.py:830} INFO - Processing file /home/airflow/.local/lib/python3.12/site-packages/airflow/example_dags/example_kubernetes_executor.py for tasks to queue
[2024-06-01T00:32:17.907+0000] {logging_mixin.py:188} INFO - [2024-06-01T00:32:17.907+0000] {dagbag.py:545} INFO - Filling up the DagBag from /home/airflow/.local/lib/python3.12/site-packages/airflow/example_dags/example_kubernetes_executor.py
[2024-06-01T00:32:17.918+0000] {processor.py:840} INFO - DAG(s) 'example_kubernetes_executor' retrieved from /home/airflow/.local/lib/python3.12/site-packages/airflow/example_dags/example_kubernetes_executor.py
[2024-06-01T00:32:17.953+0000] {logging_mixin.py:188} INFO - [2024-06-01T00:32:17.952+0000] {dag.py:3096} INFO - Sync 1 DAGs
[2024-06-01T00:32:17.964+0000] {logging_mixin.py:188} INFO - [2024-06-01T00:32:17.964+0000] {dag.py:3954} INFO - Setting next_dagrun for example_kubernetes_executor to None, run_after=None
[2024-06-01T00:32:17.982+0000] {processor.py:183} INFO - Processing /home/airflow/.local/lib/python3.12/site-packages/airflow/example_dags/example_kubernetes_executor.py took 0.085 seconds
[2024-06-01T00:32:48.111+0000] {processor.py:161} INFO - Started process (PID=9337) to work on /home/airflow/.local/lib/python3.12/site-packages/airflow/example_dags/example_kubernetes_executor.py
[2024-06-01T00:32:48.113+0000] {processor.py:830} INFO - Processing file /home/airflow/.local/lib/python3.12/site-packages/airflow/example_dags/example_kubernetes_executor.py for tasks to queue
[2024-06-01T00:32:48.115+0000] {logging_mixin.py:188} INFO - [2024-06-01T00:32:48.115+0000] {dagbag.py:545} INFO - Filling up the DagBag from /home/airflow/.local/lib/python3.12/site-packages/airflow/example_dags/example_kubernetes_executor.py
[2024-06-01T00:32:48.127+0000] {processor.py:840} INFO - DAG(s) 'example_kubernetes_executor' retrieved from /home/airflow/.local/lib/python3.12/site-packages/airflow/example_dags/example_kubernetes_executor.py
[2024-06-01T00:32:48.160+0000] {logging_mixin.py:188} INFO - [2024-06-01T00:32:48.159+0000] {dag.py:3096} INFO - Sync 1 DAGs
[2024-06-01T00:32:48.173+0000] {logging_mixin.py:188} INFO - [2024-06-01T00:32:48.173+0000] {dag.py:3954} INFO - Setting next_dagrun for example_kubernetes_executor to None, run_after=None
[2024-06-01T00:32:48.191+0000] {processor.py:183} INFO - Processing /home/airflow/.local/lib/python3.12/site-packages/airflow/example_dags/example_kubernetes_executor.py took 0.085 seconds
[2024-06-01T00:33:18.958+0000] {processor.py:161} INFO - Started process (PID=9395) to work on /home/airflow/.local/lib/python3.12/site-packages/airflow/example_dags/example_kubernetes_executor.py
[2024-06-01T00:33:18.960+0000] {processor.py:830} INFO - Processing file /home/airflow/.local/lib/python3.12/site-packages/airflow/example_dags/example_kubernetes_executor.py for tasks to queue
[2024-06-01T00:33:18.962+0000] {logging_mixin.py:188} INFO - [2024-06-01T00:33:18.962+0000] {dagbag.py:545} INFO - Filling up the DagBag from /home/airflow/.local/lib/python3.12/site-packages/airflow/example_dags/example_kubernetes_executor.py
[2024-06-01T00:33:18.973+0000] {processor.py:840} INFO - DAG(s) 'example_kubernetes_executor' retrieved from /home/airflow/.local/lib/python3.12/site-packages/airflow/example_dags/example_kubernetes_executor.py
[2024-06-01T00:33:19.004+0000] {logging_mixin.py:188} INFO - [2024-06-01T00:33:19.004+0000] {dag.py:3096} INFO - Sync 1 DAGs
[2024-06-01T00:33:19.015+0000] {logging_mixin.py:188} INFO - [2024-06-01T00:33:19.015+0000] {dag.py:3954} INFO - Setting next_dagrun for example_kubernetes_executor to None, run_after=None
[2024-06-01T00:33:19.030+0000] {processor.py:183} INFO - Processing /home/airflow/.local/lib/python3.12/site-packages/airflow/example_dags/example_kubernetes_executor.py took 0.081 seconds
[2024-06-01T00:33:49.700+0000] {processor.py:161} INFO - Started process (PID=9453) to work on /home/airflow/.local/lib/python3.12/site-packages/airflow/example_dags/example_kubernetes_executor.py
[2024-06-01T00:33:49.702+0000] {processor.py:830} INFO - Processing file /home/airflow/.local/lib/python3.12/site-packages/airflow/example_dags/example_kubernetes_executor.py for tasks to queue
[2024-06-01T00:33:49.705+0000] {logging_mixin.py:188} INFO - [2024-06-01T00:33:49.704+0000] {dagbag.py:545} INFO - Filling up the DagBag from /home/airflow/.local/lib/python3.12/site-packages/airflow/example_dags/example_kubernetes_executor.py
[2024-06-01T00:33:49.715+0000] {processor.py:840} INFO - DAG(s) 'example_kubernetes_executor' retrieved from /home/airflow/.local/lib/python3.12/site-packages/airflow/example_dags/example_kubernetes_executor.py
[2024-06-01T00:33:49.746+0000] {logging_mixin.py:188} INFO - [2024-06-01T00:33:49.746+0000] {dag.py:3096} INFO - Sync 1 DAGs
[2024-06-01T00:33:49.757+0000] {logging_mixin.py:188} INFO - [2024-06-01T00:33:49.756+0000] {dag.py:3954} INFO - Setting next_dagrun for example_kubernetes_executor to None, run_after=None
[2024-06-01T00:33:49.774+0000] {processor.py:183} INFO - Processing /home/airflow/.local/lib/python3.12/site-packages/airflow/example_dags/example_kubernetes_executor.py took 0.080 seconds
[2024-06-01T00:34:19.886+0000] {processor.py:161} INFO - Started process (PID=9511) to work on /home/airflow/.local/lib/python3.12/site-packages/airflow/example_dags/example_kubernetes_executor.py
[2024-06-01T00:34:19.889+0000] {processor.py:830} INFO - Processing file /home/airflow/.local/lib/python3.12/site-packages/airflow/example_dags/example_kubernetes_executor.py for tasks to queue
[2024-06-01T00:34:19.891+0000] {logging_mixin.py:188} INFO - [2024-06-01T00:34:19.891+0000] {dagbag.py:545} INFO - Filling up the DagBag from /home/airflow/.local/lib/python3.12/site-packages/airflow/example_dags/example_kubernetes_executor.py
[2024-06-01T00:34:19.902+0000] {processor.py:840} INFO - DAG(s) 'example_kubernetes_executor' retrieved from /home/airflow/.local/lib/python3.12/site-packages/airflow/example_dags/example_kubernetes_executor.py
[2024-06-01T00:34:19.933+0000] {logging_mixin.py:188} INFO - [2024-06-01T00:34:19.933+0000] {dag.py:3096} INFO - Sync 1 DAGs
[2024-06-01T00:34:19.943+0000] {logging_mixin.py:188} INFO - [2024-06-01T00:34:19.943+0000] {dag.py:3954} INFO - Setting next_dagrun for example_kubernetes_executor to None, run_after=None
[2024-06-01T00:34:19.962+0000] {processor.py:183} INFO - Processing /home/airflow/.local/lib/python3.12/site-packages/airflow/example_dags/example_kubernetes_executor.py took 0.081 seconds
[2024-06-01T00:34:50.333+0000] {processor.py:161} INFO - Started process (PID=9568) to work on /home/airflow/.local/lib/python3.12/site-packages/airflow/example_dags/example_kubernetes_executor.py
[2024-06-01T00:34:50.334+0000] {processor.py:830} INFO - Processing file /home/airflow/.local/lib/python3.12/site-packages/airflow/example_dags/example_kubernetes_executor.py for tasks to queue
[2024-06-01T00:34:50.336+0000] {logging_mixin.py:188} INFO - [2024-06-01T00:34:50.336+0000] {dagbag.py:545} INFO - Filling up the DagBag from /home/airflow/.local/lib/python3.12/site-packages/airflow/example_dags/example_kubernetes_executor.py
[2024-06-01T00:34:50.347+0000] {processor.py:840} INFO - DAG(s) 'example_kubernetes_executor' retrieved from /home/airflow/.local/lib/python3.12/site-packages/airflow/example_dags/example_kubernetes_executor.py
[2024-06-01T00:34:50.378+0000] {logging_mixin.py:188} INFO - [2024-06-01T00:34:50.378+0000] {dag.py:3096} INFO - Sync 1 DAGs
[2024-06-01T00:34:50.389+0000] {logging_mixin.py:188} INFO - [2024-06-01T00:34:50.389+0000] {dag.py:3954} INFO - Setting next_dagrun for example_kubernetes_executor to None, run_after=None
[2024-06-01T00:34:50.405+0000] {processor.py:183} INFO - Processing /home/airflow/.local/lib/python3.12/site-packages/airflow/example_dags/example_kubernetes_executor.py took 0.077 seconds
[2024-06-01T00:35:20.807+0000] {processor.py:161} INFO - Started process (PID=9626) to work on /home/airflow/.local/lib/python3.12/site-packages/airflow/example_dags/example_kubernetes_executor.py
[2024-06-01T00:35:20.809+0000] {processor.py:830} INFO - Processing file /home/airflow/.local/lib/python3.12/site-packages/airflow/example_dags/example_kubernetes_executor.py for tasks to queue
[2024-06-01T00:35:20.811+0000] {logging_mixin.py:188} INFO - [2024-06-01T00:35:20.810+0000] {dagbag.py:545} INFO - Filling up the DagBag from /home/airflow/.local/lib/python3.12/site-packages/airflow/example_dags/example_kubernetes_executor.py
[2024-06-01T00:35:20.823+0000] {processor.py:840} INFO - DAG(s) 'example_kubernetes_executor' retrieved from /home/airflow/.local/lib/python3.12/site-packages/airflow/example_dags/example_kubernetes_executor.py
[2024-06-01T00:35:20.856+0000] {logging_mixin.py:188} INFO - [2024-06-01T00:35:20.856+0000] {dag.py:3096} INFO - Sync 1 DAGs
[2024-06-01T00:35:20.868+0000] {logging_mixin.py:188} INFO - [2024-06-01T00:35:20.868+0000] {dag.py:3954} INFO - Setting next_dagrun for example_kubernetes_executor to None, run_after=None
[2024-06-01T00:35:20.886+0000] {processor.py:183} INFO - Processing /home/airflow/.local/lib/python3.12/site-packages/airflow/example_dags/example_kubernetes_executor.py took 0.084 seconds
[2024-06-01T00:40:42.899+0000] {processor.py:161} INFO - Started process (PID=9638) to work on /home/airflow/.local/lib/python3.12/site-packages/airflow/example_dags/example_kubernetes_executor.py
[2024-06-01T00:40:42.900+0000] {processor.py:830} INFO - Processing file /home/airflow/.local/lib/python3.12/site-packages/airflow/example_dags/example_kubernetes_executor.py for tasks to queue
[2024-06-01T00:40:42.901+0000] {logging_mixin.py:188} INFO - [2024-06-01T00:40:42.900+0000] {dagbag.py:545} INFO - Filling up the DagBag from /home/airflow/.local/lib/python3.12/site-packages/airflow/example_dags/example_kubernetes_executor.py
[2024-06-01T00:40:42.912+0000] {processor.py:840} INFO - DAG(s) 'example_kubernetes_executor' retrieved from /home/airflow/.local/lib/python3.12/site-packages/airflow/example_dags/example_kubernetes_executor.py
[2024-06-01T00:40:42.945+0000] {logging_mixin.py:188} INFO - [2024-06-01T00:40:42.945+0000] {dag.py:3096} INFO - Sync 1 DAGs
[2024-06-01T00:40:42.957+0000] {logging_mixin.py:188} INFO - [2024-06-01T00:40:42.956+0000] {dag.py:3954} INFO - Setting next_dagrun for example_kubernetes_executor to None, run_after=None
[2024-06-01T00:40:42.992+0000] {processor.py:183} INFO - Processing /home/airflow/.local/lib/python3.12/site-packages/airflow/example_dags/example_kubernetes_executor.py took 0.099 seconds
