[2024-06-01T00:00:27.828+0000] {processor.py:161} INFO - Started process (PID=5658) to work on /home/airflow/.local/lib/python3.12/site-packages/airflow/example_dags/example_latest_only_with_trigger.py
[2024-06-01T00:00:27.829+0000] {processor.py:830} INFO - Processing file /home/airflow/.local/lib/python3.12/site-packages/airflow/example_dags/example_latest_only_with_trigger.py for tasks to queue
[2024-06-01T00:00:27.832+0000] {logging_mixin.py:188} INFO - [2024-06-01T00:00:27.832+0000] {dagbag.py:545} INFO - Filling up the DagBag from /home/airflow/.local/lib/python3.12/site-packages/airflow/example_dags/example_latest_only_with_trigger.py
[2024-06-01T00:00:27.837+0000] {processor.py:840} INFO - DAG(s) 'latest_only_with_trigger' retrieved from /home/airflow/.local/lib/python3.12/site-packages/airflow/example_dags/example_latest_only_with_trigger.py
[2024-06-01T00:00:27.856+0000] {logging_mixin.py:188} INFO - [2024-06-01T00:00:27.856+0000] {dag.py:3096} INFO - Sync 1 DAGs
[2024-06-01T00:00:27.875+0000] {logging_mixin.py:188} INFO - [2024-06-01T00:00:27.875+0000] {dag.py:3954} INFO - Setting next_dagrun for latest_only_with_trigger to 2024-05-31 20:00:00+00:00, run_after=2024-06-01 00:00:00+00:00
[2024-06-01T00:00:27.891+0000] {processor.py:183} INFO - Processing /home/airflow/.local/lib/python3.12/site-packages/airflow/example_dags/example_latest_only_with_trigger.py took 0.069 seconds
[2024-06-01T00:00:58.044+0000] {processor.py:161} INFO - Started process (PID=5716) to work on /home/airflow/.local/lib/python3.12/site-packages/airflow/example_dags/example_latest_only_with_trigger.py
[2024-06-01T00:00:58.046+0000] {processor.py:830} INFO - Processing file /home/airflow/.local/lib/python3.12/site-packages/airflow/example_dags/example_latest_only_with_trigger.py for tasks to queue
[2024-06-01T00:00:58.048+0000] {logging_mixin.py:188} INFO - [2024-06-01T00:00:58.048+0000] {dagbag.py:545} INFO - Filling up the DagBag from /home/airflow/.local/lib/python3.12/site-packages/airflow/example_dags/example_latest_only_with_trigger.py
[2024-06-01T00:00:58.053+0000] {processor.py:840} INFO - DAG(s) 'latest_only_with_trigger' retrieved from /home/airflow/.local/lib/python3.12/site-packages/airflow/example_dags/example_latest_only_with_trigger.py
[2024-06-01T00:00:58.073+0000] {logging_mixin.py:188} INFO - [2024-06-01T00:00:58.072+0000] {dag.py:3096} INFO - Sync 1 DAGs
[2024-06-01T00:00:58.091+0000] {logging_mixin.py:188} INFO - [2024-06-01T00:00:58.091+0000] {dag.py:3954} INFO - Setting next_dagrun for latest_only_with_trigger to 2024-05-31 20:00:00+00:00, run_after=2024-06-01 00:00:00+00:00
[2024-06-01T00:00:58.109+0000] {processor.py:183} INFO - Processing /home/airflow/.local/lib/python3.12/site-packages/airflow/example_dags/example_latest_only_with_trigger.py took 0.070 seconds
[2024-06-01T00:01:28.546+0000] {processor.py:161} INFO - Started process (PID=5774) to work on /home/airflow/.local/lib/python3.12/site-packages/airflow/example_dags/example_latest_only_with_trigger.py
[2024-06-01T00:01:28.548+0000] {processor.py:830} INFO - Processing file /home/airflow/.local/lib/python3.12/site-packages/airflow/example_dags/example_latest_only_with_trigger.py for tasks to queue
[2024-06-01T00:01:28.551+0000] {logging_mixin.py:188} INFO - [2024-06-01T00:01:28.551+0000] {dagbag.py:545} INFO - Filling up the DagBag from /home/airflow/.local/lib/python3.12/site-packages/airflow/example_dags/example_latest_only_with_trigger.py
[2024-06-01T00:01:28.557+0000] {processor.py:840} INFO - DAG(s) 'latest_only_with_trigger' retrieved from /home/airflow/.local/lib/python3.12/site-packages/airflow/example_dags/example_latest_only_with_trigger.py
[2024-06-01T00:01:28.575+0000] {logging_mixin.py:188} INFO - [2024-06-01T00:01:28.574+0000] {dag.py:3096} INFO - Sync 1 DAGs
[2024-06-01T00:01:28.593+0000] {logging_mixin.py:188} INFO - [2024-06-01T00:01:28.592+0000] {dag.py:3954} INFO - Setting next_dagrun for latest_only_with_trigger to 2024-05-31 20:00:00+00:00, run_after=2024-06-01 00:00:00+00:00
[2024-06-01T00:01:28.611+0000] {processor.py:183} INFO - Processing /home/airflow/.local/lib/python3.12/site-packages/airflow/example_dags/example_latest_only_with_trigger.py took 0.070 seconds
[2024-06-01T00:01:58.911+0000] {processor.py:161} INFO - Started process (PID=5832) to work on /home/airflow/.local/lib/python3.12/site-packages/airflow/example_dags/example_latest_only_with_trigger.py
[2024-06-01T00:01:58.913+0000] {processor.py:830} INFO - Processing file /home/airflow/.local/lib/python3.12/site-packages/airflow/example_dags/example_latest_only_with_trigger.py for tasks to queue
[2024-06-01T00:01:58.917+0000] {logging_mixin.py:188} INFO - [2024-06-01T00:01:58.917+0000] {dagbag.py:545} INFO - Filling up the DagBag from /home/airflow/.local/lib/python3.12/site-packages/airflow/example_dags/example_latest_only_with_trigger.py
[2024-06-01T00:01:58.922+0000] {processor.py:840} INFO - DAG(s) 'latest_only_with_trigger' retrieved from /home/airflow/.local/lib/python3.12/site-packages/airflow/example_dags/example_latest_only_with_trigger.py
[2024-06-01T00:01:58.941+0000] {logging_mixin.py:188} INFO - [2024-06-01T00:01:58.941+0000] {dag.py:3096} INFO - Sync 1 DAGs
[2024-06-01T00:01:58.958+0000] {logging_mixin.py:188} INFO - [2024-06-01T00:01:58.957+0000] {dag.py:3954} INFO - Setting next_dagrun for latest_only_with_trigger to 2024-05-31 20:00:00+00:00, run_after=2024-06-01 00:00:00+00:00
[2024-06-01T00:01:58.976+0000] {processor.py:183} INFO - Processing /home/airflow/.local/lib/python3.12/site-packages/airflow/example_dags/example_latest_only_with_trigger.py took 0.070 seconds
[2024-06-01T00:02:29.162+0000] {processor.py:161} INFO - Started process (PID=5891) to work on /home/airflow/.local/lib/python3.12/site-packages/airflow/example_dags/example_latest_only_with_trigger.py
[2024-06-01T00:02:29.163+0000] {processor.py:830} INFO - Processing file /home/airflow/.local/lib/python3.12/site-packages/airflow/example_dags/example_latest_only_with_trigger.py for tasks to queue
[2024-06-01T00:02:29.165+0000] {logging_mixin.py:188} INFO - [2024-06-01T00:02:29.165+0000] {dagbag.py:545} INFO - Filling up the DagBag from /home/airflow/.local/lib/python3.12/site-packages/airflow/example_dags/example_latest_only_with_trigger.py
[2024-06-01T00:02:29.171+0000] {processor.py:840} INFO - DAG(s) 'latest_only_with_trigger' retrieved from /home/airflow/.local/lib/python3.12/site-packages/airflow/example_dags/example_latest_only_with_trigger.py
[2024-06-01T00:02:29.191+0000] {logging_mixin.py:188} INFO - [2024-06-01T00:02:29.190+0000] {dag.py:3096} INFO - Sync 1 DAGs
[2024-06-01T00:02:29.211+0000] {logging_mixin.py:188} INFO - [2024-06-01T00:02:29.210+0000] {dag.py:3954} INFO - Setting next_dagrun for latest_only_with_trigger to 2024-05-31 20:00:00+00:00, run_after=2024-06-01 00:00:00+00:00
[2024-06-01T00:02:29.229+0000] {processor.py:183} INFO - Processing /home/airflow/.local/lib/python3.12/site-packages/airflow/example_dags/example_latest_only_with_trigger.py took 0.073 seconds
[2024-06-01T00:02:59.507+0000] {processor.py:161} INFO - Started process (PID=5949) to work on /home/airflow/.local/lib/python3.12/site-packages/airflow/example_dags/example_latest_only_with_trigger.py
[2024-06-01T00:02:59.508+0000] {processor.py:830} INFO - Processing file /home/airflow/.local/lib/python3.12/site-packages/airflow/example_dags/example_latest_only_with_trigger.py for tasks to queue
[2024-06-01T00:02:59.510+0000] {logging_mixin.py:188} INFO - [2024-06-01T00:02:59.510+0000] {dagbag.py:545} INFO - Filling up the DagBag from /home/airflow/.local/lib/python3.12/site-packages/airflow/example_dags/example_latest_only_with_trigger.py
[2024-06-01T00:02:59.516+0000] {processor.py:840} INFO - DAG(s) 'latest_only_with_trigger' retrieved from /home/airflow/.local/lib/python3.12/site-packages/airflow/example_dags/example_latest_only_with_trigger.py
[2024-06-01T00:02:59.533+0000] {logging_mixin.py:188} INFO - [2024-06-01T00:02:59.532+0000] {dag.py:3096} INFO - Sync 1 DAGs
[2024-06-01T00:02:59.549+0000] {logging_mixin.py:188} INFO - [2024-06-01T00:02:59.549+0000] {dag.py:3954} INFO - Setting next_dagrun for latest_only_with_trigger to 2024-05-31 20:00:00+00:00, run_after=2024-06-01 00:00:00+00:00
[2024-06-01T00:02:59.564+0000] {processor.py:183} INFO - Processing /home/airflow/.local/lib/python3.12/site-packages/airflow/example_dags/example_latest_only_with_trigger.py took 0.062 seconds
[2024-06-01T00:03:29.632+0000] {processor.py:161} INFO - Started process (PID=6007) to work on /home/airflow/.local/lib/python3.12/site-packages/airflow/example_dags/example_latest_only_with_trigger.py
[2024-06-01T00:03:29.633+0000] {processor.py:830} INFO - Processing file /home/airflow/.local/lib/python3.12/site-packages/airflow/example_dags/example_latest_only_with_trigger.py for tasks to queue
[2024-06-01T00:03:29.635+0000] {logging_mixin.py:188} INFO - [2024-06-01T00:03:29.635+0000] {dagbag.py:545} INFO - Filling up the DagBag from /home/airflow/.local/lib/python3.12/site-packages/airflow/example_dags/example_latest_only_with_trigger.py
[2024-06-01T00:03:29.641+0000] {processor.py:840} INFO - DAG(s) 'latest_only_with_trigger' retrieved from /home/airflow/.local/lib/python3.12/site-packages/airflow/example_dags/example_latest_only_with_trigger.py
[2024-06-01T00:03:29.657+0000] {logging_mixin.py:188} INFO - [2024-06-01T00:03:29.657+0000] {dag.py:3096} INFO - Sync 1 DAGs
[2024-06-01T00:03:29.673+0000] {logging_mixin.py:188} INFO - [2024-06-01T00:03:29.673+0000] {dag.py:3954} INFO - Setting next_dagrun for latest_only_with_trigger to 2024-05-31 20:00:00+00:00, run_after=2024-06-01 00:00:00+00:00
[2024-06-01T00:03:29.690+0000] {processor.py:183} INFO - Processing /home/airflow/.local/lib/python3.12/site-packages/airflow/example_dags/example_latest_only_with_trigger.py took 0.063 seconds
[2024-06-01T00:04:00.042+0000] {processor.py:161} INFO - Started process (PID=6065) to work on /home/airflow/.local/lib/python3.12/site-packages/airflow/example_dags/example_latest_only_with_trigger.py
[2024-06-01T00:04:00.043+0000] {processor.py:830} INFO - Processing file /home/airflow/.local/lib/python3.12/site-packages/airflow/example_dags/example_latest_only_with_trigger.py for tasks to queue
[2024-06-01T00:04:00.045+0000] {logging_mixin.py:188} INFO - [2024-06-01T00:04:00.045+0000] {dagbag.py:545} INFO - Filling up the DagBag from /home/airflow/.local/lib/python3.12/site-packages/airflow/example_dags/example_latest_only_with_trigger.py
[2024-06-01T00:04:00.051+0000] {processor.py:840} INFO - DAG(s) 'latest_only_with_trigger' retrieved from /home/airflow/.local/lib/python3.12/site-packages/airflow/example_dags/example_latest_only_with_trigger.py
[2024-06-01T00:04:00.070+0000] {logging_mixin.py:188} INFO - [2024-06-01T00:04:00.070+0000] {dag.py:3096} INFO - Sync 1 DAGs
[2024-06-01T00:04:00.088+0000] {logging_mixin.py:188} INFO - [2024-06-01T00:04:00.088+0000] {dag.py:3954} INFO - Setting next_dagrun for latest_only_with_trigger to 2024-05-31 20:00:00+00:00, run_after=2024-06-01 00:00:00+00:00
[2024-06-01T00:04:00.106+0000] {processor.py:183} INFO - Processing /home/airflow/.local/lib/python3.12/site-packages/airflow/example_dags/example_latest_only_with_trigger.py took 0.070 seconds
[2024-06-01T00:04:30.427+0000] {processor.py:161} INFO - Started process (PID=6123) to work on /home/airflow/.local/lib/python3.12/site-packages/airflow/example_dags/example_latest_only_with_trigger.py
[2024-06-01T00:04:30.429+0000] {processor.py:830} INFO - Processing file /home/airflow/.local/lib/python3.12/site-packages/airflow/example_dags/example_latest_only_with_trigger.py for tasks to queue
[2024-06-01T00:04:30.431+0000] {logging_mixin.py:188} INFO - [2024-06-01T00:04:30.431+0000] {dagbag.py:545} INFO - Filling up the DagBag from /home/airflow/.local/lib/python3.12/site-packages/airflow/example_dags/example_latest_only_with_trigger.py
[2024-06-01T00:04:30.436+0000] {processor.py:840} INFO - DAG(s) 'latest_only_with_trigger' retrieved from /home/airflow/.local/lib/python3.12/site-packages/airflow/example_dags/example_latest_only_with_trigger.py
[2024-06-01T00:04:30.454+0000] {logging_mixin.py:188} INFO - [2024-06-01T00:04:30.453+0000] {dag.py:3096} INFO - Sync 1 DAGs
[2024-06-01T00:04:30.470+0000] {logging_mixin.py:188} INFO - [2024-06-01T00:04:30.470+0000] {dag.py:3954} INFO - Setting next_dagrun for latest_only_with_trigger to 2024-05-31 20:00:00+00:00, run_after=2024-06-01 00:00:00+00:00
[2024-06-01T00:04:30.486+0000] {processor.py:183} INFO - Processing /home/airflow/.local/lib/python3.12/site-packages/airflow/example_dags/example_latest_only_with_trigger.py took 0.063 seconds
[2024-06-01T00:05:00.947+0000] {processor.py:161} INFO - Started process (PID=6181) to work on /home/airflow/.local/lib/python3.12/site-packages/airflow/example_dags/example_latest_only_with_trigger.py
[2024-06-01T00:05:00.948+0000] {processor.py:830} INFO - Processing file /home/airflow/.local/lib/python3.12/site-packages/airflow/example_dags/example_latest_only_with_trigger.py for tasks to queue
[2024-06-01T00:05:00.950+0000] {logging_mixin.py:188} INFO - [2024-06-01T00:05:00.950+0000] {dagbag.py:545} INFO - Filling up the DagBag from /home/airflow/.local/lib/python3.12/site-packages/airflow/example_dags/example_latest_only_with_trigger.py
[2024-06-01T00:05:00.957+0000] {processor.py:840} INFO - DAG(s) 'latest_only_with_trigger' retrieved from /home/airflow/.local/lib/python3.12/site-packages/airflow/example_dags/example_latest_only_with_trigger.py
[2024-06-01T00:05:00.975+0000] {logging_mixin.py:188} INFO - [2024-06-01T00:05:00.975+0000] {dag.py:3096} INFO - Sync 1 DAGs
[2024-06-01T00:05:00.995+0000] {logging_mixin.py:188} INFO - [2024-06-01T00:05:00.995+0000] {dag.py:3954} INFO - Setting next_dagrun for latest_only_with_trigger to 2024-05-31 20:00:00+00:00, run_after=2024-06-01 00:00:00+00:00
[2024-06-01T00:05:01.012+0000] {processor.py:183} INFO - Processing /home/airflow/.local/lib/python3.12/site-packages/airflow/example_dags/example_latest_only_with_trigger.py took 0.071 seconds
[2024-06-01T00:05:31.329+0000] {processor.py:161} INFO - Started process (PID=6239) to work on /home/airflow/.local/lib/python3.12/site-packages/airflow/example_dags/example_latest_only_with_trigger.py
[2024-06-01T00:05:31.331+0000] {processor.py:830} INFO - Processing file /home/airflow/.local/lib/python3.12/site-packages/airflow/example_dags/example_latest_only_with_trigger.py for tasks to queue
[2024-06-01T00:05:31.333+0000] {logging_mixin.py:188} INFO - [2024-06-01T00:05:31.333+0000] {dagbag.py:545} INFO - Filling up the DagBag from /home/airflow/.local/lib/python3.12/site-packages/airflow/example_dags/example_latest_only_with_trigger.py
[2024-06-01T00:05:31.339+0000] {processor.py:840} INFO - DAG(s) 'latest_only_with_trigger' retrieved from /home/airflow/.local/lib/python3.12/site-packages/airflow/example_dags/example_latest_only_with_trigger.py
[2024-06-01T00:05:31.357+0000] {logging_mixin.py:188} INFO - [2024-06-01T00:05:31.357+0000] {dag.py:3096} INFO - Sync 1 DAGs
[2024-06-01T00:05:31.374+0000] {logging_mixin.py:188} INFO - [2024-06-01T00:05:31.373+0000] {dag.py:3954} INFO - Setting next_dagrun for latest_only_with_trigger to 2024-05-31 20:00:00+00:00, run_after=2024-06-01 00:00:00+00:00
[2024-06-01T00:05:31.392+0000] {processor.py:183} INFO - Processing /home/airflow/.local/lib/python3.12/site-packages/airflow/example_dags/example_latest_only_with_trigger.py took 0.068 seconds
[2024-06-01T00:06:01.749+0000] {processor.py:161} INFO - Started process (PID=6297) to work on /home/airflow/.local/lib/python3.12/site-packages/airflow/example_dags/example_latest_only_with_trigger.py
[2024-06-01T00:06:01.751+0000] {processor.py:830} INFO - Processing file /home/airflow/.local/lib/python3.12/site-packages/airflow/example_dags/example_latest_only_with_trigger.py for tasks to queue
[2024-06-01T00:06:01.754+0000] {logging_mixin.py:188} INFO - [2024-06-01T00:06:01.753+0000] {dagbag.py:545} INFO - Filling up the DagBag from /home/airflow/.local/lib/python3.12/site-packages/airflow/example_dags/example_latest_only_with_trigger.py
[2024-06-01T00:06:01.759+0000] {processor.py:840} INFO - DAG(s) 'latest_only_with_trigger' retrieved from /home/airflow/.local/lib/python3.12/site-packages/airflow/example_dags/example_latest_only_with_trigger.py
[2024-06-01T00:06:01.777+0000] {logging_mixin.py:188} INFO - [2024-06-01T00:06:01.777+0000] {dag.py:3096} INFO - Sync 1 DAGs
[2024-06-01T00:06:01.795+0000] {logging_mixin.py:188} INFO - [2024-06-01T00:06:01.795+0000] {dag.py:3954} INFO - Setting next_dagrun for latest_only_with_trigger to 2024-05-31 20:00:00+00:00, run_after=2024-06-01 00:00:00+00:00
[2024-06-01T00:06:01.811+0000] {processor.py:183} INFO - Processing /home/airflow/.local/lib/python3.12/site-packages/airflow/example_dags/example_latest_only_with_trigger.py took 0.067 seconds
[2024-06-01T00:06:32.823+0000] {processor.py:161} INFO - Started process (PID=6355) to work on /home/airflow/.local/lib/python3.12/site-packages/airflow/example_dags/example_latest_only_with_trigger.py
[2024-06-01T00:06:32.825+0000] {processor.py:830} INFO - Processing file /home/airflow/.local/lib/python3.12/site-packages/airflow/example_dags/example_latest_only_with_trigger.py for tasks to queue
[2024-06-01T00:06:32.827+0000] {logging_mixin.py:188} INFO - [2024-06-01T00:06:32.827+0000] {dagbag.py:545} INFO - Filling up the DagBag from /home/airflow/.local/lib/python3.12/site-packages/airflow/example_dags/example_latest_only_with_trigger.py
[2024-06-01T00:06:32.833+0000] {processor.py:840} INFO - DAG(s) 'latest_only_with_trigger' retrieved from /home/airflow/.local/lib/python3.12/site-packages/airflow/example_dags/example_latest_only_with_trigger.py
[2024-06-01T00:06:32.852+0000] {logging_mixin.py:188} INFO - [2024-06-01T00:06:32.851+0000] {dag.py:3096} INFO - Sync 1 DAGs
[2024-06-01T00:06:32.871+0000] {logging_mixin.py:188} INFO - [2024-06-01T00:06:32.871+0000] {dag.py:3954} INFO - Setting next_dagrun for latest_only_with_trigger to 2024-05-31 20:00:00+00:00, run_after=2024-06-01 00:00:00+00:00
[2024-06-01T00:06:32.888+0000] {processor.py:183} INFO - Processing /home/airflow/.local/lib/python3.12/site-packages/airflow/example_dags/example_latest_only_with_trigger.py took 0.070 seconds
[2024-06-01T00:07:03.695+0000] {processor.py:161} INFO - Started process (PID=6413) to work on /home/airflow/.local/lib/python3.12/site-packages/airflow/example_dags/example_latest_only_with_trigger.py
[2024-06-01T00:07:03.697+0000] {processor.py:830} INFO - Processing file /home/airflow/.local/lib/python3.12/site-packages/airflow/example_dags/example_latest_only_with_trigger.py for tasks to queue
[2024-06-01T00:07:03.700+0000] {logging_mixin.py:188} INFO - [2024-06-01T00:07:03.700+0000] {dagbag.py:545} INFO - Filling up the DagBag from /home/airflow/.local/lib/python3.12/site-packages/airflow/example_dags/example_latest_only_with_trigger.py
[2024-06-01T00:07:03.706+0000] {processor.py:840} INFO - DAG(s) 'latest_only_with_trigger' retrieved from /home/airflow/.local/lib/python3.12/site-packages/airflow/example_dags/example_latest_only_with_trigger.py
[2024-06-01T00:07:03.723+0000] {logging_mixin.py:188} INFO - [2024-06-01T00:07:03.723+0000] {dag.py:3096} INFO - Sync 1 DAGs
[2024-06-01T00:07:03.840+0000] {logging_mixin.py:188} INFO - [2024-06-01T00:07:03.840+0000] {dag.py:3954} INFO - Setting next_dagrun for latest_only_with_trigger to 2024-05-31 20:00:00+00:00, run_after=2024-06-01 00:00:00+00:00
[2024-06-01T00:07:03.858+0000] {processor.py:183} INFO - Processing /home/airflow/.local/lib/python3.12/site-packages/airflow/example_dags/example_latest_only_with_trigger.py took 0.168 seconds
[2024-06-01T00:07:34.628+0000] {processor.py:161} INFO - Started process (PID=6471) to work on /home/airflow/.local/lib/python3.12/site-packages/airflow/example_dags/example_latest_only_with_trigger.py
[2024-06-01T00:07:34.630+0000] {processor.py:830} INFO - Processing file /home/airflow/.local/lib/python3.12/site-packages/airflow/example_dags/example_latest_only_with_trigger.py for tasks to queue
[2024-06-01T00:07:34.632+0000] {logging_mixin.py:188} INFO - [2024-06-01T00:07:34.631+0000] {dagbag.py:545} INFO - Filling up the DagBag from /home/airflow/.local/lib/python3.12/site-packages/airflow/example_dags/example_latest_only_with_trigger.py
[2024-06-01T00:07:34.637+0000] {processor.py:840} INFO - DAG(s) 'latest_only_with_trigger' retrieved from /home/airflow/.local/lib/python3.12/site-packages/airflow/example_dags/example_latest_only_with_trigger.py
[2024-06-01T00:07:34.656+0000] {logging_mixin.py:188} INFO - [2024-06-01T00:07:34.656+0000] {dag.py:3096} INFO - Sync 1 DAGs
[2024-06-01T00:07:34.770+0000] {logging_mixin.py:188} INFO - [2024-06-01T00:07:34.770+0000] {dag.py:3954} INFO - Setting next_dagrun for latest_only_with_trigger to 2024-05-31 20:00:00+00:00, run_after=2024-06-01 00:00:00+00:00
[2024-06-01T00:07:34.785+0000] {processor.py:183} INFO - Processing /home/airflow/.local/lib/python3.12/site-packages/airflow/example_dags/example_latest_only_with_trigger.py took 0.162 seconds
[2024-06-01T00:08:05.217+0000] {processor.py:161} INFO - Started process (PID=6528) to work on /home/airflow/.local/lib/python3.12/site-packages/airflow/example_dags/example_latest_only_with_trigger.py
[2024-06-01T00:08:05.219+0000] {processor.py:830} INFO - Processing file /home/airflow/.local/lib/python3.12/site-packages/airflow/example_dags/example_latest_only_with_trigger.py for tasks to queue
[2024-06-01T00:08:05.221+0000] {logging_mixin.py:188} INFO - [2024-06-01T00:08:05.221+0000] {dagbag.py:545} INFO - Filling up the DagBag from /home/airflow/.local/lib/python3.12/site-packages/airflow/example_dags/example_latest_only_with_trigger.py
[2024-06-01T00:08:05.227+0000] {processor.py:840} INFO - DAG(s) 'latest_only_with_trigger' retrieved from /home/airflow/.local/lib/python3.12/site-packages/airflow/example_dags/example_latest_only_with_trigger.py
[2024-06-01T00:08:05.245+0000] {logging_mixin.py:188} INFO - [2024-06-01T00:08:05.244+0000] {dag.py:3096} INFO - Sync 1 DAGs
[2024-06-01T00:08:05.262+0000] {logging_mixin.py:188} INFO - [2024-06-01T00:08:05.262+0000] {dag.py:3954} INFO - Setting next_dagrun for latest_only_with_trigger to 2024-05-31 20:00:00+00:00, run_after=2024-06-01 00:00:00+00:00
[2024-06-01T00:08:05.366+0000] {processor.py:183} INFO - Processing /home/airflow/.local/lib/python3.12/site-packages/airflow/example_dags/example_latest_only_with_trigger.py took 0.154 seconds
[2024-06-01T00:08:35.793+0000] {processor.py:161} INFO - Started process (PID=6586) to work on /home/airflow/.local/lib/python3.12/site-packages/airflow/example_dags/example_latest_only_with_trigger.py
[2024-06-01T00:08:35.795+0000] {processor.py:830} INFO - Processing file /home/airflow/.local/lib/python3.12/site-packages/airflow/example_dags/example_latest_only_with_trigger.py for tasks to queue
[2024-06-01T00:08:35.797+0000] {logging_mixin.py:188} INFO - [2024-06-01T00:08:35.796+0000] {dagbag.py:545} INFO - Filling up the DagBag from /home/airflow/.local/lib/python3.12/site-packages/airflow/example_dags/example_latest_only_with_trigger.py
[2024-06-01T00:08:35.801+0000] {processor.py:840} INFO - DAG(s) 'latest_only_with_trigger' retrieved from /home/airflow/.local/lib/python3.12/site-packages/airflow/example_dags/example_latest_only_with_trigger.py
[2024-06-01T00:08:35.819+0000] {logging_mixin.py:188} INFO - [2024-06-01T00:08:35.819+0000] {dag.py:3096} INFO - Sync 1 DAGs
[2024-06-01T00:08:35.836+0000] {logging_mixin.py:188} INFO - [2024-06-01T00:08:35.836+0000] {dag.py:3954} INFO - Setting next_dagrun for latest_only_with_trigger to 2024-05-31 20:00:00+00:00, run_after=2024-06-01 00:00:00+00:00
[2024-06-01T00:08:35.852+0000] {processor.py:183} INFO - Processing /home/airflow/.local/lib/python3.12/site-packages/airflow/example_dags/example_latest_only_with_trigger.py took 0.063 seconds
[2024-06-01T00:09:06.635+0000] {processor.py:161} INFO - Started process (PID=6644) to work on /home/airflow/.local/lib/python3.12/site-packages/airflow/example_dags/example_latest_only_with_trigger.py
[2024-06-01T00:09:06.636+0000] {processor.py:830} INFO - Processing file /home/airflow/.local/lib/python3.12/site-packages/airflow/example_dags/example_latest_only_with_trigger.py for tasks to queue
[2024-06-01T00:09:06.638+0000] {logging_mixin.py:188} INFO - [2024-06-01T00:09:06.638+0000] {dagbag.py:545} INFO - Filling up the DagBag from /home/airflow/.local/lib/python3.12/site-packages/airflow/example_dags/example_latest_only_with_trigger.py
[2024-06-01T00:09:06.644+0000] {processor.py:840} INFO - DAG(s) 'latest_only_with_trigger' retrieved from /home/airflow/.local/lib/python3.12/site-packages/airflow/example_dags/example_latest_only_with_trigger.py
[2024-06-01T00:09:06.664+0000] {logging_mixin.py:188} INFO - [2024-06-01T00:09:06.663+0000] {dag.py:3096} INFO - Sync 1 DAGs
[2024-06-01T00:09:06.683+0000] {logging_mixin.py:188} INFO - [2024-06-01T00:09:06.683+0000] {dag.py:3954} INFO - Setting next_dagrun for latest_only_with_trigger to 2024-05-31 20:00:00+00:00, run_after=2024-06-01 00:00:00+00:00
[2024-06-01T00:09:06.701+0000] {processor.py:183} INFO - Processing /home/airflow/.local/lib/python3.12/site-packages/airflow/example_dags/example_latest_only_with_trigger.py took 0.073 seconds
[2024-06-01T00:09:37.228+0000] {processor.py:161} INFO - Started process (PID=6702) to work on /home/airflow/.local/lib/python3.12/site-packages/airflow/example_dags/example_latest_only_with_trigger.py
[2024-06-01T00:09:37.229+0000] {processor.py:830} INFO - Processing file /home/airflow/.local/lib/python3.12/site-packages/airflow/example_dags/example_latest_only_with_trigger.py for tasks to queue
[2024-06-01T00:09:37.230+0000] {logging_mixin.py:188} INFO - [2024-06-01T00:09:37.230+0000] {dagbag.py:545} INFO - Filling up the DagBag from /home/airflow/.local/lib/python3.12/site-packages/airflow/example_dags/example_latest_only_with_trigger.py
[2024-06-01T00:09:37.235+0000] {processor.py:840} INFO - DAG(s) 'latest_only_with_trigger' retrieved from /home/airflow/.local/lib/python3.12/site-packages/airflow/example_dags/example_latest_only_with_trigger.py
[2024-06-01T00:09:37.252+0000] {logging_mixin.py:188} INFO - [2024-06-01T00:09:37.252+0000] {dag.py:3096} INFO - Sync 1 DAGs
[2024-06-01T00:09:37.268+0000] {logging_mixin.py:188} INFO - [2024-06-01T00:09:37.268+0000] {dag.py:3954} INFO - Setting next_dagrun for latest_only_with_trigger to 2024-05-31 20:00:00+00:00, run_after=2024-06-01 00:00:00+00:00
[2024-06-01T00:09:37.286+0000] {processor.py:183} INFO - Processing /home/airflow/.local/lib/python3.12/site-packages/airflow/example_dags/example_latest_only_with_trigger.py took 0.063 seconds
[2024-06-01T00:10:07.634+0000] {processor.py:161} INFO - Started process (PID=6760) to work on /home/airflow/.local/lib/python3.12/site-packages/airflow/example_dags/example_latest_only_with_trigger.py
[2024-06-01T00:10:07.635+0000] {processor.py:830} INFO - Processing file /home/airflow/.local/lib/python3.12/site-packages/airflow/example_dags/example_latest_only_with_trigger.py for tasks to queue
[2024-06-01T00:10:07.637+0000] {logging_mixin.py:188} INFO - [2024-06-01T00:10:07.636+0000] {dagbag.py:545} INFO - Filling up the DagBag from /home/airflow/.local/lib/python3.12/site-packages/airflow/example_dags/example_latest_only_with_trigger.py
[2024-06-01T00:10:07.641+0000] {processor.py:840} INFO - DAG(s) 'latest_only_with_trigger' retrieved from /home/airflow/.local/lib/python3.12/site-packages/airflow/example_dags/example_latest_only_with_trigger.py
[2024-06-01T00:10:07.657+0000] {logging_mixin.py:188} INFO - [2024-06-01T00:10:07.657+0000] {dag.py:3096} INFO - Sync 1 DAGs
[2024-06-01T00:10:07.674+0000] {logging_mixin.py:188} INFO - [2024-06-01T00:10:07.674+0000] {dag.py:3954} INFO - Setting next_dagrun for latest_only_with_trigger to 2024-05-31 20:00:00+00:00, run_after=2024-06-01 00:00:00+00:00
[2024-06-01T00:10:07.688+0000] {processor.py:183} INFO - Processing /home/airflow/.local/lib/python3.12/site-packages/airflow/example_dags/example_latest_only_with_trigger.py took 0.060 seconds
[2024-06-01T00:10:37.903+0000] {processor.py:161} INFO - Started process (PID=6818) to work on /home/airflow/.local/lib/python3.12/site-packages/airflow/example_dags/example_latest_only_with_trigger.py
[2024-06-01T00:10:37.905+0000] {processor.py:830} INFO - Processing file /home/airflow/.local/lib/python3.12/site-packages/airflow/example_dags/example_latest_only_with_trigger.py for tasks to queue
[2024-06-01T00:10:37.908+0000] {logging_mixin.py:188} INFO - [2024-06-01T00:10:37.907+0000] {dagbag.py:545} INFO - Filling up the DagBag from /home/airflow/.local/lib/python3.12/site-packages/airflow/example_dags/example_latest_only_with_trigger.py
[2024-06-01T00:10:37.914+0000] {processor.py:840} INFO - DAG(s) 'latest_only_with_trigger' retrieved from /home/airflow/.local/lib/python3.12/site-packages/airflow/example_dags/example_latest_only_with_trigger.py
[2024-06-01T00:10:37.934+0000] {logging_mixin.py:188} INFO - [2024-06-01T00:10:37.933+0000] {dag.py:3096} INFO - Sync 1 DAGs
[2024-06-01T00:10:37.954+0000] {logging_mixin.py:188} INFO - [2024-06-01T00:10:37.954+0000] {dag.py:3954} INFO - Setting next_dagrun for latest_only_with_trigger to 2024-05-31 20:00:00+00:00, run_after=2024-06-01 00:00:00+00:00
[2024-06-01T00:10:37.973+0000] {processor.py:183} INFO - Processing /home/airflow/.local/lib/python3.12/site-packages/airflow/example_dags/example_latest_only_with_trigger.py took 0.075 seconds
[2024-06-01T00:11:08.211+0000] {processor.py:161} INFO - Started process (PID=6876) to work on /home/airflow/.local/lib/python3.12/site-packages/airflow/example_dags/example_latest_only_with_trigger.py
[2024-06-01T00:11:08.213+0000] {processor.py:830} INFO - Processing file /home/airflow/.local/lib/python3.12/site-packages/airflow/example_dags/example_latest_only_with_trigger.py for tasks to queue
[2024-06-01T00:11:08.216+0000] {logging_mixin.py:188} INFO - [2024-06-01T00:11:08.215+0000] {dagbag.py:545} INFO - Filling up the DagBag from /home/airflow/.local/lib/python3.12/site-packages/airflow/example_dags/example_latest_only_with_trigger.py
[2024-06-01T00:11:08.221+0000] {processor.py:840} INFO - DAG(s) 'latest_only_with_trigger' retrieved from /home/airflow/.local/lib/python3.12/site-packages/airflow/example_dags/example_latest_only_with_trigger.py
[2024-06-01T00:11:08.237+0000] {logging_mixin.py:188} INFO - [2024-06-01T00:11:08.237+0000] {dag.py:3096} INFO - Sync 1 DAGs
[2024-06-01T00:11:08.255+0000] {logging_mixin.py:188} INFO - [2024-06-01T00:11:08.255+0000] {dag.py:3954} INFO - Setting next_dagrun for latest_only_with_trigger to 2024-05-31 20:00:00+00:00, run_after=2024-06-01 00:00:00+00:00
[2024-06-01T00:11:08.272+0000] {processor.py:183} INFO - Processing /home/airflow/.local/lib/python3.12/site-packages/airflow/example_dags/example_latest_only_with_trigger.py took 0.065 seconds
[2024-06-01T00:11:38.457+0000] {processor.py:161} INFO - Started process (PID=6934) to work on /home/airflow/.local/lib/python3.12/site-packages/airflow/example_dags/example_latest_only_with_trigger.py
[2024-06-01T00:11:38.460+0000] {processor.py:830} INFO - Processing file /home/airflow/.local/lib/python3.12/site-packages/airflow/example_dags/example_latest_only_with_trigger.py for tasks to queue
[2024-06-01T00:11:38.462+0000] {logging_mixin.py:188} INFO - [2024-06-01T00:11:38.462+0000] {dagbag.py:545} INFO - Filling up the DagBag from /home/airflow/.local/lib/python3.12/site-packages/airflow/example_dags/example_latest_only_with_trigger.py
[2024-06-01T00:11:38.468+0000] {processor.py:840} INFO - DAG(s) 'latest_only_with_trigger' retrieved from /home/airflow/.local/lib/python3.12/site-packages/airflow/example_dags/example_latest_only_with_trigger.py
[2024-06-01T00:11:38.487+0000] {logging_mixin.py:188} INFO - [2024-06-01T00:11:38.487+0000] {dag.py:3096} INFO - Sync 1 DAGs
[2024-06-01T00:11:38.507+0000] {logging_mixin.py:188} INFO - [2024-06-01T00:11:38.506+0000] {dag.py:3954} INFO - Setting next_dagrun for latest_only_with_trigger to 2024-05-31 20:00:00+00:00, run_after=2024-06-01 00:00:00+00:00
[2024-06-01T00:11:38.523+0000] {processor.py:183} INFO - Processing /home/airflow/.local/lib/python3.12/site-packages/airflow/example_dags/example_latest_only_with_trigger.py took 0.071 seconds
[2024-06-01T00:12:09.029+0000] {processor.py:161} INFO - Started process (PID=6991) to work on /home/airflow/.local/lib/python3.12/site-packages/airflow/example_dags/example_latest_only_with_trigger.py
[2024-06-01T00:12:09.031+0000] {processor.py:830} INFO - Processing file /home/airflow/.local/lib/python3.12/site-packages/airflow/example_dags/example_latest_only_with_trigger.py for tasks to queue
[2024-06-01T00:12:09.033+0000] {logging_mixin.py:188} INFO - [2024-06-01T00:12:09.033+0000] {dagbag.py:545} INFO - Filling up the DagBag from /home/airflow/.local/lib/python3.12/site-packages/airflow/example_dags/example_latest_only_with_trigger.py
[2024-06-01T00:12:09.039+0000] {processor.py:840} INFO - DAG(s) 'latest_only_with_trigger' retrieved from /home/airflow/.local/lib/python3.12/site-packages/airflow/example_dags/example_latest_only_with_trigger.py
[2024-06-01T00:12:09.059+0000] {logging_mixin.py:188} INFO - [2024-06-01T00:12:09.059+0000] {dag.py:3096} INFO - Sync 1 DAGs
[2024-06-01T00:12:09.078+0000] {logging_mixin.py:188} INFO - [2024-06-01T00:12:09.078+0000] {dag.py:3954} INFO - Setting next_dagrun for latest_only_with_trigger to 2024-05-31 20:00:00+00:00, run_after=2024-06-01 00:00:00+00:00
[2024-06-01T00:12:09.098+0000] {processor.py:183} INFO - Processing /home/airflow/.local/lib/python3.12/site-packages/airflow/example_dags/example_latest_only_with_trigger.py took 0.075 seconds
[2024-06-01T00:12:39.585+0000] {processor.py:161} INFO - Started process (PID=7049) to work on /home/airflow/.local/lib/python3.12/site-packages/airflow/example_dags/example_latest_only_with_trigger.py
[2024-06-01T00:12:39.586+0000] {processor.py:830} INFO - Processing file /home/airflow/.local/lib/python3.12/site-packages/airflow/example_dags/example_latest_only_with_trigger.py for tasks to queue
[2024-06-01T00:12:39.588+0000] {logging_mixin.py:188} INFO - [2024-06-01T00:12:39.588+0000] {dagbag.py:545} INFO - Filling up the DagBag from /home/airflow/.local/lib/python3.12/site-packages/airflow/example_dags/example_latest_only_with_trigger.py
[2024-06-01T00:12:39.594+0000] {processor.py:840} INFO - DAG(s) 'latest_only_with_trigger' retrieved from /home/airflow/.local/lib/python3.12/site-packages/airflow/example_dags/example_latest_only_with_trigger.py
[2024-06-01T00:12:39.611+0000] {logging_mixin.py:188} INFO - [2024-06-01T00:12:39.611+0000] {dag.py:3096} INFO - Sync 1 DAGs
[2024-06-01T00:12:39.628+0000] {logging_mixin.py:188} INFO - [2024-06-01T00:12:39.628+0000] {dag.py:3954} INFO - Setting next_dagrun for latest_only_with_trigger to 2024-05-31 20:00:00+00:00, run_after=2024-06-01 00:00:00+00:00
[2024-06-01T00:12:39.646+0000] {processor.py:183} INFO - Processing /home/airflow/.local/lib/python3.12/site-packages/airflow/example_dags/example_latest_only_with_trigger.py took 0.067 seconds
[2024-06-01T00:13:09.977+0000] {processor.py:161} INFO - Started process (PID=7107) to work on /home/airflow/.local/lib/python3.12/site-packages/airflow/example_dags/example_latest_only_with_trigger.py
[2024-06-01T00:13:09.978+0000] {processor.py:830} INFO - Processing file /home/airflow/.local/lib/python3.12/site-packages/airflow/example_dags/example_latest_only_with_trigger.py for tasks to queue
[2024-06-01T00:13:09.980+0000] {logging_mixin.py:188} INFO - [2024-06-01T00:13:09.980+0000] {dagbag.py:545} INFO - Filling up the DagBag from /home/airflow/.local/lib/python3.12/site-packages/airflow/example_dags/example_latest_only_with_trigger.py
[2024-06-01T00:13:09.986+0000] {processor.py:840} INFO - DAG(s) 'latest_only_with_trigger' retrieved from /home/airflow/.local/lib/python3.12/site-packages/airflow/example_dags/example_latest_only_with_trigger.py
[2024-06-01T00:13:10.004+0000] {logging_mixin.py:188} INFO - [2024-06-01T00:13:10.004+0000] {dag.py:3096} INFO - Sync 1 DAGs
[2024-06-01T00:13:10.022+0000] {logging_mixin.py:188} INFO - [2024-06-01T00:13:10.021+0000] {dag.py:3954} INFO - Setting next_dagrun for latest_only_with_trigger to 2024-05-31 20:00:00+00:00, run_after=2024-06-01 00:00:00+00:00
[2024-06-01T00:13:10.038+0000] {processor.py:183} INFO - Processing /home/airflow/.local/lib/python3.12/site-packages/airflow/example_dags/example_latest_only_with_trigger.py took 0.066 seconds
[2024-06-01T00:13:40.560+0000] {processor.py:161} INFO - Started process (PID=7165) to work on /home/airflow/.local/lib/python3.12/site-packages/airflow/example_dags/example_latest_only_with_trigger.py
[2024-06-01T00:13:40.561+0000] {processor.py:830} INFO - Processing file /home/airflow/.local/lib/python3.12/site-packages/airflow/example_dags/example_latest_only_with_trigger.py for tasks to queue
[2024-06-01T00:13:40.564+0000] {logging_mixin.py:188} INFO - [2024-06-01T00:13:40.564+0000] {dagbag.py:545} INFO - Filling up the DagBag from /home/airflow/.local/lib/python3.12/site-packages/airflow/example_dags/example_latest_only_with_trigger.py
[2024-06-01T00:13:40.570+0000] {processor.py:840} INFO - DAG(s) 'latest_only_with_trigger' retrieved from /home/airflow/.local/lib/python3.12/site-packages/airflow/example_dags/example_latest_only_with_trigger.py
[2024-06-01T00:13:40.589+0000] {logging_mixin.py:188} INFO - [2024-06-01T00:13:40.589+0000] {dag.py:3096} INFO - Sync 1 DAGs
[2024-06-01T00:13:40.606+0000] {logging_mixin.py:188} INFO - [2024-06-01T00:13:40.606+0000] {dag.py:3954} INFO - Setting next_dagrun for latest_only_with_trigger to 2024-05-31 20:00:00+00:00, run_after=2024-06-01 00:00:00+00:00
[2024-06-01T00:13:40.623+0000] {processor.py:183} INFO - Processing /home/airflow/.local/lib/python3.12/site-packages/airflow/example_dags/example_latest_only_with_trigger.py took 0.069 seconds
[2024-06-01T00:14:11.367+0000] {processor.py:161} INFO - Started process (PID=7223) to work on /home/airflow/.local/lib/python3.12/site-packages/airflow/example_dags/example_latest_only_with_trigger.py
[2024-06-01T00:14:11.369+0000] {processor.py:830} INFO - Processing file /home/airflow/.local/lib/python3.12/site-packages/airflow/example_dags/example_latest_only_with_trigger.py for tasks to queue
[2024-06-01T00:14:11.372+0000] {logging_mixin.py:188} INFO - [2024-06-01T00:14:11.371+0000] {dagbag.py:545} INFO - Filling up the DagBag from /home/airflow/.local/lib/python3.12/site-packages/airflow/example_dags/example_latest_only_with_trigger.py
[2024-06-01T00:14:11.377+0000] {processor.py:840} INFO - DAG(s) 'latest_only_with_trigger' retrieved from /home/airflow/.local/lib/python3.12/site-packages/airflow/example_dags/example_latest_only_with_trigger.py
[2024-06-01T00:14:11.395+0000] {logging_mixin.py:188} INFO - [2024-06-01T00:14:11.395+0000] {dag.py:3096} INFO - Sync 1 DAGs
[2024-06-01T00:14:11.414+0000] {logging_mixin.py:188} INFO - [2024-06-01T00:14:11.413+0000] {dag.py:3954} INFO - Setting next_dagrun for latest_only_with_trigger to 2024-05-31 20:00:00+00:00, run_after=2024-06-01 00:00:00+00:00
[2024-06-01T00:14:11.431+0000] {processor.py:183} INFO - Processing /home/airflow/.local/lib/python3.12/site-packages/airflow/example_dags/example_latest_only_with_trigger.py took 0.069 seconds
[2024-06-01T00:14:41.846+0000] {processor.py:161} INFO - Started process (PID=7281) to work on /home/airflow/.local/lib/python3.12/site-packages/airflow/example_dags/example_latest_only_with_trigger.py
[2024-06-01T00:14:41.848+0000] {processor.py:830} INFO - Processing file /home/airflow/.local/lib/python3.12/site-packages/airflow/example_dags/example_latest_only_with_trigger.py for tasks to queue
[2024-06-01T00:14:41.850+0000] {logging_mixin.py:188} INFO - [2024-06-01T00:14:41.850+0000] {dagbag.py:545} INFO - Filling up the DagBag from /home/airflow/.local/lib/python3.12/site-packages/airflow/example_dags/example_latest_only_with_trigger.py
[2024-06-01T00:14:41.855+0000] {processor.py:840} INFO - DAG(s) 'latest_only_with_trigger' retrieved from /home/airflow/.local/lib/python3.12/site-packages/airflow/example_dags/example_latest_only_with_trigger.py
[2024-06-01T00:14:41.929+0000] {logging_mixin.py:188} INFO - [2024-06-01T00:14:41.929+0000] {dag.py:3096} INFO - Sync 1 DAGs
[2024-06-01T00:14:41.947+0000] {logging_mixin.py:188} INFO - [2024-06-01T00:14:41.947+0000] {dag.py:3954} INFO - Setting next_dagrun for latest_only_with_trigger to 2024-05-31 20:00:00+00:00, run_after=2024-06-01 00:00:00+00:00
[2024-06-01T00:14:41.966+0000] {processor.py:183} INFO - Processing /home/airflow/.local/lib/python3.12/site-packages/airflow/example_dags/example_latest_only_with_trigger.py took 0.125 seconds
[2024-06-01T00:15:12.459+0000] {processor.py:161} INFO - Started process (PID=7339) to work on /home/airflow/.local/lib/python3.12/site-packages/airflow/example_dags/example_latest_only_with_trigger.py
[2024-06-01T00:15:12.462+0000] {processor.py:830} INFO - Processing file /home/airflow/.local/lib/python3.12/site-packages/airflow/example_dags/example_latest_only_with_trigger.py for tasks to queue
[2024-06-01T00:15:12.465+0000] {logging_mixin.py:188} INFO - [2024-06-01T00:15:12.464+0000] {dagbag.py:545} INFO - Filling up the DagBag from /home/airflow/.local/lib/python3.12/site-packages/airflow/example_dags/example_latest_only_with_trigger.py
[2024-06-01T00:15:12.470+0000] {processor.py:840} INFO - DAG(s) 'latest_only_with_trigger' retrieved from /home/airflow/.local/lib/python3.12/site-packages/airflow/example_dags/example_latest_only_with_trigger.py
[2024-06-01T00:15:12.487+0000] {logging_mixin.py:188} INFO - [2024-06-01T00:15:12.487+0000] {dag.py:3096} INFO - Sync 1 DAGs
[2024-06-01T00:15:12.503+0000] {logging_mixin.py:188} INFO - [2024-06-01T00:15:12.503+0000] {dag.py:3954} INFO - Setting next_dagrun for latest_only_with_trigger to 2024-05-31 20:00:00+00:00, run_after=2024-06-01 00:00:00+00:00
[2024-06-01T00:15:12.522+0000] {processor.py:183} INFO - Processing /home/airflow/.local/lib/python3.12/site-packages/airflow/example_dags/example_latest_only_with_trigger.py took 0.068 seconds
[2024-06-01T00:15:42.983+0000] {processor.py:161} INFO - Started process (PID=7397) to work on /home/airflow/.local/lib/python3.12/site-packages/airflow/example_dags/example_latest_only_with_trigger.py
[2024-06-01T00:15:42.984+0000] {processor.py:830} INFO - Processing file /home/airflow/.local/lib/python3.12/site-packages/airflow/example_dags/example_latest_only_with_trigger.py for tasks to queue
[2024-06-01T00:15:42.987+0000] {logging_mixin.py:188} INFO - [2024-06-01T00:15:42.986+0000] {dagbag.py:545} INFO - Filling up the DagBag from /home/airflow/.local/lib/python3.12/site-packages/airflow/example_dags/example_latest_only_with_trigger.py
[2024-06-01T00:15:42.993+0000] {processor.py:840} INFO - DAG(s) 'latest_only_with_trigger' retrieved from /home/airflow/.local/lib/python3.12/site-packages/airflow/example_dags/example_latest_only_with_trigger.py
[2024-06-01T00:15:43.012+0000] {logging_mixin.py:188} INFO - [2024-06-01T00:15:43.012+0000] {dag.py:3096} INFO - Sync 1 DAGs
[2024-06-01T00:15:43.029+0000] {logging_mixin.py:188} INFO - [2024-06-01T00:15:43.029+0000] {dag.py:3954} INFO - Setting next_dagrun for latest_only_with_trigger to 2024-05-31 20:00:00+00:00, run_after=2024-06-01 00:00:00+00:00
[2024-06-01T00:15:43.045+0000] {processor.py:183} INFO - Processing /home/airflow/.local/lib/python3.12/site-packages/airflow/example_dags/example_latest_only_with_trigger.py took 0.068 seconds
[2024-06-01T00:16:13.399+0000] {processor.py:161} INFO - Started process (PID=7455) to work on /home/airflow/.local/lib/python3.12/site-packages/airflow/example_dags/example_latest_only_with_trigger.py
[2024-06-01T00:16:13.401+0000] {processor.py:830} INFO - Processing file /home/airflow/.local/lib/python3.12/site-packages/airflow/example_dags/example_latest_only_with_trigger.py for tasks to queue
[2024-06-01T00:16:13.404+0000] {logging_mixin.py:188} INFO - [2024-06-01T00:16:13.404+0000] {dagbag.py:545} INFO - Filling up the DagBag from /home/airflow/.local/lib/python3.12/site-packages/airflow/example_dags/example_latest_only_with_trigger.py
[2024-06-01T00:16:13.409+0000] {processor.py:840} INFO - DAG(s) 'latest_only_with_trigger' retrieved from /home/airflow/.local/lib/python3.12/site-packages/airflow/example_dags/example_latest_only_with_trigger.py
[2024-06-01T00:16:13.426+0000] {logging_mixin.py:188} INFO - [2024-06-01T00:16:13.426+0000] {dag.py:3096} INFO - Sync 1 DAGs
[2024-06-01T00:16:13.443+0000] {logging_mixin.py:188} INFO - [2024-06-01T00:16:13.443+0000] {dag.py:3954} INFO - Setting next_dagrun for latest_only_with_trigger to 2024-05-31 20:00:00+00:00, run_after=2024-06-01 00:00:00+00:00
[2024-06-01T00:16:13.460+0000] {processor.py:183} INFO - Processing /home/airflow/.local/lib/python3.12/site-packages/airflow/example_dags/example_latest_only_with_trigger.py took 0.066 seconds
[2024-06-01T00:16:43.892+0000] {processor.py:161} INFO - Started process (PID=7513) to work on /home/airflow/.local/lib/python3.12/site-packages/airflow/example_dags/example_latest_only_with_trigger.py
[2024-06-01T00:16:43.894+0000] {processor.py:830} INFO - Processing file /home/airflow/.local/lib/python3.12/site-packages/airflow/example_dags/example_latest_only_with_trigger.py for tasks to queue
[2024-06-01T00:16:43.897+0000] {logging_mixin.py:188} INFO - [2024-06-01T00:16:43.897+0000] {dagbag.py:545} INFO - Filling up the DagBag from /home/airflow/.local/lib/python3.12/site-packages/airflow/example_dags/example_latest_only_with_trigger.py
[2024-06-01T00:16:43.903+0000] {processor.py:840} INFO - DAG(s) 'latest_only_with_trigger' retrieved from /home/airflow/.local/lib/python3.12/site-packages/airflow/example_dags/example_latest_only_with_trigger.py
[2024-06-01T00:16:43.921+0000] {logging_mixin.py:188} INFO - [2024-06-01T00:16:43.920+0000] {dag.py:3096} INFO - Sync 1 DAGs
[2024-06-01T00:16:43.937+0000] {logging_mixin.py:188} INFO - [2024-06-01T00:16:43.937+0000] {dag.py:3954} INFO - Setting next_dagrun for latest_only_with_trigger to 2024-05-31 20:00:00+00:00, run_after=2024-06-01 00:00:00+00:00
[2024-06-01T00:16:43.954+0000] {processor.py:183} INFO - Processing /home/airflow/.local/lib/python3.12/site-packages/airflow/example_dags/example_latest_only_with_trigger.py took 0.067 seconds
[2024-06-01T00:17:14.573+0000] {processor.py:161} INFO - Started process (PID=7577) to work on /home/airflow/.local/lib/python3.12/site-packages/airflow/example_dags/example_latest_only_with_trigger.py
[2024-06-01T00:17:14.575+0000] {processor.py:830} INFO - Processing file /home/airflow/.local/lib/python3.12/site-packages/airflow/example_dags/example_latest_only_with_trigger.py for tasks to queue
[2024-06-01T00:17:14.578+0000] {logging_mixin.py:188} INFO - [2024-06-01T00:17:14.577+0000] {dagbag.py:545} INFO - Filling up the DagBag from /home/airflow/.local/lib/python3.12/site-packages/airflow/example_dags/example_latest_only_with_trigger.py
[2024-06-01T00:17:14.583+0000] {processor.py:840} INFO - DAG(s) 'latest_only_with_trigger' retrieved from /home/airflow/.local/lib/python3.12/site-packages/airflow/example_dags/example_latest_only_with_trigger.py
[2024-06-01T00:17:14.600+0000] {logging_mixin.py:188} INFO - [2024-06-01T00:17:14.600+0000] {dag.py:3096} INFO - Sync 1 DAGs
[2024-06-01T00:17:14.617+0000] {logging_mixin.py:188} INFO - [2024-06-01T00:17:14.617+0000] {dag.py:3954} INFO - Setting next_dagrun for latest_only_with_trigger to 2024-05-31 20:00:00+00:00, run_after=2024-06-01 00:00:00+00:00
[2024-06-01T00:17:14.632+0000] {processor.py:183} INFO - Processing /home/airflow/.local/lib/python3.12/site-packages/airflow/example_dags/example_latest_only_with_trigger.py took 0.064 seconds
[2024-06-01T00:17:44.727+0000] {processor.py:161} INFO - Started process (PID=7635) to work on /home/airflow/.local/lib/python3.12/site-packages/airflow/example_dags/example_latest_only_with_trigger.py
[2024-06-01T00:17:44.729+0000] {processor.py:830} INFO - Processing file /home/airflow/.local/lib/python3.12/site-packages/airflow/example_dags/example_latest_only_with_trigger.py for tasks to queue
[2024-06-01T00:17:44.731+0000] {logging_mixin.py:188} INFO - [2024-06-01T00:17:44.731+0000] {dagbag.py:545} INFO - Filling up the DagBag from /home/airflow/.local/lib/python3.12/site-packages/airflow/example_dags/example_latest_only_with_trigger.py
[2024-06-01T00:17:44.737+0000] {processor.py:840} INFO - DAG(s) 'latest_only_with_trigger' retrieved from /home/airflow/.local/lib/python3.12/site-packages/airflow/example_dags/example_latest_only_with_trigger.py
[2024-06-01T00:17:44.755+0000] {logging_mixin.py:188} INFO - [2024-06-01T00:17:44.755+0000] {dag.py:3096} INFO - Sync 1 DAGs
[2024-06-01T00:17:44.774+0000] {logging_mixin.py:188} INFO - [2024-06-01T00:17:44.774+0000] {dag.py:3954} INFO - Setting next_dagrun for latest_only_with_trigger to 2024-05-31 20:00:00+00:00, run_after=2024-06-01 00:00:00+00:00
[2024-06-01T00:17:44.791+0000] {processor.py:183} INFO - Processing /home/airflow/.local/lib/python3.12/site-packages/airflow/example_dags/example_latest_only_with_trigger.py took 0.069 seconds
[2024-06-01T00:18:15.458+0000] {processor.py:161} INFO - Started process (PID=7693) to work on /home/airflow/.local/lib/python3.12/site-packages/airflow/example_dags/example_latest_only_with_trigger.py
[2024-06-01T00:18:15.460+0000] {processor.py:830} INFO - Processing file /home/airflow/.local/lib/python3.12/site-packages/airflow/example_dags/example_latest_only_with_trigger.py for tasks to queue
[2024-06-01T00:18:15.463+0000] {logging_mixin.py:188} INFO - [2024-06-01T00:18:15.463+0000] {dagbag.py:545} INFO - Filling up the DagBag from /home/airflow/.local/lib/python3.12/site-packages/airflow/example_dags/example_latest_only_with_trigger.py
[2024-06-01T00:18:15.469+0000] {processor.py:840} INFO - DAG(s) 'latest_only_with_trigger' retrieved from /home/airflow/.local/lib/python3.12/site-packages/airflow/example_dags/example_latest_only_with_trigger.py
[2024-06-01T00:18:15.487+0000] {logging_mixin.py:188} INFO - [2024-06-01T00:18:15.487+0000] {dag.py:3096} INFO - Sync 1 DAGs
[2024-06-01T00:18:15.504+0000] {logging_mixin.py:188} INFO - [2024-06-01T00:18:15.504+0000] {dag.py:3954} INFO - Setting next_dagrun for latest_only_with_trigger to 2024-05-31 20:00:00+00:00, run_after=2024-06-01 00:00:00+00:00
[2024-06-01T00:18:15.520+0000] {processor.py:183} INFO - Processing /home/airflow/.local/lib/python3.12/site-packages/airflow/example_dags/example_latest_only_with_trigger.py took 0.066 seconds
[2024-06-01T00:18:45.866+0000] {processor.py:161} INFO - Started process (PID=7751) to work on /home/airflow/.local/lib/python3.12/site-packages/airflow/example_dags/example_latest_only_with_trigger.py
[2024-06-01T00:18:45.868+0000] {processor.py:830} INFO - Processing file /home/airflow/.local/lib/python3.12/site-packages/airflow/example_dags/example_latest_only_with_trigger.py for tasks to queue
[2024-06-01T00:18:45.871+0000] {logging_mixin.py:188} INFO - [2024-06-01T00:18:45.870+0000] {dagbag.py:545} INFO - Filling up the DagBag from /home/airflow/.local/lib/python3.12/site-packages/airflow/example_dags/example_latest_only_with_trigger.py
[2024-06-01T00:18:45.876+0000] {processor.py:840} INFO - DAG(s) 'latest_only_with_trigger' retrieved from /home/airflow/.local/lib/python3.12/site-packages/airflow/example_dags/example_latest_only_with_trigger.py
[2024-06-01T00:18:45.894+0000] {logging_mixin.py:188} INFO - [2024-06-01T00:18:45.894+0000] {dag.py:3096} INFO - Sync 1 DAGs
[2024-06-01T00:18:45.911+0000] {logging_mixin.py:188} INFO - [2024-06-01T00:18:45.911+0000] {dag.py:3954} INFO - Setting next_dagrun for latest_only_with_trigger to 2024-05-31 20:00:00+00:00, run_after=2024-06-01 00:00:00+00:00
[2024-06-01T00:18:45.929+0000] {processor.py:183} INFO - Processing /home/airflow/.local/lib/python3.12/site-packages/airflow/example_dags/example_latest_only_with_trigger.py took 0.068 seconds
[2024-06-01T00:19:16.123+0000] {processor.py:161} INFO - Started process (PID=7809) to work on /home/airflow/.local/lib/python3.12/site-packages/airflow/example_dags/example_latest_only_with_trigger.py
[2024-06-01T00:19:16.126+0000] {processor.py:830} INFO - Processing file /home/airflow/.local/lib/python3.12/site-packages/airflow/example_dags/example_latest_only_with_trigger.py for tasks to queue
[2024-06-01T00:19:16.128+0000] {logging_mixin.py:188} INFO - [2024-06-01T00:19:16.127+0000] {dagbag.py:545} INFO - Filling up the DagBag from /home/airflow/.local/lib/python3.12/site-packages/airflow/example_dags/example_latest_only_with_trigger.py
[2024-06-01T00:19:16.132+0000] {processor.py:840} INFO - DAG(s) 'latest_only_with_trigger' retrieved from /home/airflow/.local/lib/python3.12/site-packages/airflow/example_dags/example_latest_only_with_trigger.py
[2024-06-01T00:19:16.150+0000] {logging_mixin.py:188} INFO - [2024-06-01T00:19:16.150+0000] {dag.py:3096} INFO - Sync 1 DAGs
[2024-06-01T00:19:16.167+0000] {logging_mixin.py:188} INFO - [2024-06-01T00:19:16.166+0000] {dag.py:3954} INFO - Setting next_dagrun for latest_only_with_trigger to 2024-05-31 20:00:00+00:00, run_after=2024-06-01 00:00:00+00:00
[2024-06-01T00:19:16.184+0000] {processor.py:183} INFO - Processing /home/airflow/.local/lib/python3.12/site-packages/airflow/example_dags/example_latest_only_with_trigger.py took 0.066 seconds
[2024-06-01T00:19:46.642+0000] {processor.py:161} INFO - Started process (PID=7867) to work on /home/airflow/.local/lib/python3.12/site-packages/airflow/example_dags/example_latest_only_with_trigger.py
[2024-06-01T00:19:46.644+0000] {processor.py:830} INFO - Processing file /home/airflow/.local/lib/python3.12/site-packages/airflow/example_dags/example_latest_only_with_trigger.py for tasks to queue
[2024-06-01T00:19:46.646+0000] {logging_mixin.py:188} INFO - [2024-06-01T00:19:46.646+0000] {dagbag.py:545} INFO - Filling up the DagBag from /home/airflow/.local/lib/python3.12/site-packages/airflow/example_dags/example_latest_only_with_trigger.py
[2024-06-01T00:19:46.652+0000] {processor.py:840} INFO - DAG(s) 'latest_only_with_trigger' retrieved from /home/airflow/.local/lib/python3.12/site-packages/airflow/example_dags/example_latest_only_with_trigger.py
[2024-06-01T00:19:46.670+0000] {logging_mixin.py:188} INFO - [2024-06-01T00:19:46.670+0000] {dag.py:3096} INFO - Sync 1 DAGs
[2024-06-01T00:19:46.689+0000] {logging_mixin.py:188} INFO - [2024-06-01T00:19:46.689+0000] {dag.py:3954} INFO - Setting next_dagrun for latest_only_with_trigger to 2024-05-31 20:00:00+00:00, run_after=2024-06-01 00:00:00+00:00
[2024-06-01T00:19:46.709+0000] {processor.py:183} INFO - Processing /home/airflow/.local/lib/python3.12/site-packages/airflow/example_dags/example_latest_only_with_trigger.py took 0.072 seconds
[2024-06-01T00:20:17.102+0000] {processor.py:161} INFO - Started process (PID=7925) to work on /home/airflow/.local/lib/python3.12/site-packages/airflow/example_dags/example_latest_only_with_trigger.py
[2024-06-01T00:20:17.104+0000] {processor.py:830} INFO - Processing file /home/airflow/.local/lib/python3.12/site-packages/airflow/example_dags/example_latest_only_with_trigger.py for tasks to queue
[2024-06-01T00:20:17.107+0000] {logging_mixin.py:188} INFO - [2024-06-01T00:20:17.107+0000] {dagbag.py:545} INFO - Filling up the DagBag from /home/airflow/.local/lib/python3.12/site-packages/airflow/example_dags/example_latest_only_with_trigger.py
[2024-06-01T00:20:17.112+0000] {processor.py:840} INFO - DAG(s) 'latest_only_with_trigger' retrieved from /home/airflow/.local/lib/python3.12/site-packages/airflow/example_dags/example_latest_only_with_trigger.py
[2024-06-01T00:20:17.131+0000] {logging_mixin.py:188} INFO - [2024-06-01T00:20:17.131+0000] {dag.py:3096} INFO - Sync 1 DAGs
[2024-06-01T00:20:17.150+0000] {logging_mixin.py:188} INFO - [2024-06-01T00:20:17.150+0000] {dag.py:3954} INFO - Setting next_dagrun for latest_only_with_trigger to 2024-05-31 20:00:00+00:00, run_after=2024-06-01 00:00:00+00:00
[2024-06-01T00:20:17.171+0000] {processor.py:183} INFO - Processing /home/airflow/.local/lib/python3.12/site-packages/airflow/example_dags/example_latest_only_with_trigger.py took 0.074 seconds
[2024-06-01T00:20:47.697+0000] {processor.py:161} INFO - Started process (PID=7983) to work on /home/airflow/.local/lib/python3.12/site-packages/airflow/example_dags/example_latest_only_with_trigger.py
[2024-06-01T00:20:47.698+0000] {processor.py:830} INFO - Processing file /home/airflow/.local/lib/python3.12/site-packages/airflow/example_dags/example_latest_only_with_trigger.py for tasks to queue
[2024-06-01T00:20:47.701+0000] {logging_mixin.py:188} INFO - [2024-06-01T00:20:47.700+0000] {dagbag.py:545} INFO - Filling up the DagBag from /home/airflow/.local/lib/python3.12/site-packages/airflow/example_dags/example_latest_only_with_trigger.py
[2024-06-01T00:20:47.706+0000] {processor.py:840} INFO - DAG(s) 'latest_only_with_trigger' retrieved from /home/airflow/.local/lib/python3.12/site-packages/airflow/example_dags/example_latest_only_with_trigger.py
[2024-06-01T00:20:47.724+0000] {logging_mixin.py:188} INFO - [2024-06-01T00:20:47.724+0000] {dag.py:3096} INFO - Sync 1 DAGs
[2024-06-01T00:20:47.740+0000] {logging_mixin.py:188} INFO - [2024-06-01T00:20:47.740+0000] {dag.py:3954} INFO - Setting next_dagrun for latest_only_with_trigger to 2024-05-31 20:00:00+00:00, run_after=2024-06-01 00:00:00+00:00
[2024-06-01T00:20:47.760+0000] {processor.py:183} INFO - Processing /home/airflow/.local/lib/python3.12/site-packages/airflow/example_dags/example_latest_only_with_trigger.py took 0.069 seconds
[2024-06-01T00:21:18.117+0000] {processor.py:161} INFO - Started process (PID=8041) to work on /home/airflow/.local/lib/python3.12/site-packages/airflow/example_dags/example_latest_only_with_trigger.py
[2024-06-01T00:21:18.119+0000] {processor.py:830} INFO - Processing file /home/airflow/.local/lib/python3.12/site-packages/airflow/example_dags/example_latest_only_with_trigger.py for tasks to queue
[2024-06-01T00:21:18.122+0000] {logging_mixin.py:188} INFO - [2024-06-01T00:21:18.122+0000] {dagbag.py:545} INFO - Filling up the DagBag from /home/airflow/.local/lib/python3.12/site-packages/airflow/example_dags/example_latest_only_with_trigger.py
[2024-06-01T00:21:18.127+0000] {processor.py:840} INFO - DAG(s) 'latest_only_with_trigger' retrieved from /home/airflow/.local/lib/python3.12/site-packages/airflow/example_dags/example_latest_only_with_trigger.py
[2024-06-01T00:21:18.146+0000] {logging_mixin.py:188} INFO - [2024-06-01T00:21:18.146+0000] {dag.py:3096} INFO - Sync 1 DAGs
[2024-06-01T00:21:18.165+0000] {logging_mixin.py:188} INFO - [2024-06-01T00:21:18.165+0000] {dag.py:3954} INFO - Setting next_dagrun for latest_only_with_trigger to 2024-05-31 20:00:00+00:00, run_after=2024-06-01 00:00:00+00:00
[2024-06-01T00:21:18.183+0000] {processor.py:183} INFO - Processing /home/airflow/.local/lib/python3.12/site-packages/airflow/example_dags/example_latest_only_with_trigger.py took 0.070 seconds
[2024-06-01T00:21:48.741+0000] {processor.py:161} INFO - Started process (PID=8099) to work on /home/airflow/.local/lib/python3.12/site-packages/airflow/example_dags/example_latest_only_with_trigger.py
[2024-06-01T00:21:48.743+0000] {processor.py:830} INFO - Processing file /home/airflow/.local/lib/python3.12/site-packages/airflow/example_dags/example_latest_only_with_trigger.py for tasks to queue
[2024-06-01T00:21:48.745+0000] {logging_mixin.py:188} INFO - [2024-06-01T00:21:48.745+0000] {dagbag.py:545} INFO - Filling up the DagBag from /home/airflow/.local/lib/python3.12/site-packages/airflow/example_dags/example_latest_only_with_trigger.py
[2024-06-01T00:21:48.751+0000] {processor.py:840} INFO - DAG(s) 'latest_only_with_trigger' retrieved from /home/airflow/.local/lib/python3.12/site-packages/airflow/example_dags/example_latest_only_with_trigger.py
[2024-06-01T00:21:48.770+0000] {logging_mixin.py:188} INFO - [2024-06-01T00:21:48.769+0000] {dag.py:3096} INFO - Sync 1 DAGs
[2024-06-01T00:21:48.786+0000] {logging_mixin.py:188} INFO - [2024-06-01T00:21:48.786+0000] {dag.py:3954} INFO - Setting next_dagrun for latest_only_with_trigger to 2024-05-31 20:00:00+00:00, run_after=2024-06-01 00:00:00+00:00
[2024-06-01T00:21:48.805+0000] {processor.py:183} INFO - Processing /home/airflow/.local/lib/python3.12/site-packages/airflow/example_dags/example_latest_only_with_trigger.py took 0.069 seconds
[2024-06-01T00:22:19.220+0000] {processor.py:161} INFO - Started process (PID=8157) to work on /home/airflow/.local/lib/python3.12/site-packages/airflow/example_dags/example_latest_only_with_trigger.py
[2024-06-01T00:22:19.222+0000] {processor.py:830} INFO - Processing file /home/airflow/.local/lib/python3.12/site-packages/airflow/example_dags/example_latest_only_with_trigger.py for tasks to queue
[2024-06-01T00:22:19.225+0000] {logging_mixin.py:188} INFO - [2024-06-01T00:22:19.224+0000] {dagbag.py:545} INFO - Filling up the DagBag from /home/airflow/.local/lib/python3.12/site-packages/airflow/example_dags/example_latest_only_with_trigger.py
[2024-06-01T00:22:19.230+0000] {processor.py:840} INFO - DAG(s) 'latest_only_with_trigger' retrieved from /home/airflow/.local/lib/python3.12/site-packages/airflow/example_dags/example_latest_only_with_trigger.py
[2024-06-01T00:22:19.251+0000] {logging_mixin.py:188} INFO - [2024-06-01T00:22:19.251+0000] {dag.py:3096} INFO - Sync 1 DAGs
[2024-06-01T00:22:19.271+0000] {logging_mixin.py:188} INFO - [2024-06-01T00:22:19.271+0000] {dag.py:3954} INFO - Setting next_dagrun for latest_only_with_trigger to 2024-05-31 20:00:00+00:00, run_after=2024-06-01 00:00:00+00:00
[2024-06-01T00:22:19.289+0000] {processor.py:183} INFO - Processing /home/airflow/.local/lib/python3.12/site-packages/airflow/example_dags/example_latest_only_with_trigger.py took 0.076 seconds
[2024-06-01T00:22:49.490+0000] {processor.py:161} INFO - Started process (PID=8214) to work on /home/airflow/.local/lib/python3.12/site-packages/airflow/example_dags/example_latest_only_with_trigger.py
[2024-06-01T00:22:49.491+0000] {processor.py:830} INFO - Processing file /home/airflow/.local/lib/python3.12/site-packages/airflow/example_dags/example_latest_only_with_trigger.py for tasks to queue
[2024-06-01T00:22:49.494+0000] {logging_mixin.py:188} INFO - [2024-06-01T00:22:49.494+0000] {dagbag.py:545} INFO - Filling up the DagBag from /home/airflow/.local/lib/python3.12/site-packages/airflow/example_dags/example_latest_only_with_trigger.py
[2024-06-01T00:22:49.500+0000] {processor.py:840} INFO - DAG(s) 'latest_only_with_trigger' retrieved from /home/airflow/.local/lib/python3.12/site-packages/airflow/example_dags/example_latest_only_with_trigger.py
[2024-06-01T00:22:49.519+0000] {logging_mixin.py:188} INFO - [2024-06-01T00:22:49.519+0000] {dag.py:3096} INFO - Sync 1 DAGs
[2024-06-01T00:22:49.538+0000] {logging_mixin.py:188} INFO - [2024-06-01T00:22:49.538+0000] {dag.py:3954} INFO - Setting next_dagrun for latest_only_with_trigger to 2024-05-31 20:00:00+00:00, run_after=2024-06-01 00:00:00+00:00
[2024-06-01T00:22:49.555+0000] {processor.py:183} INFO - Processing /home/airflow/.local/lib/python3.12/site-packages/airflow/example_dags/example_latest_only_with_trigger.py took 0.071 seconds
[2024-06-01T00:23:19.881+0000] {processor.py:161} INFO - Started process (PID=8272) to work on /home/airflow/.local/lib/python3.12/site-packages/airflow/example_dags/example_latest_only_with_trigger.py
[2024-06-01T00:23:19.882+0000] {processor.py:830} INFO - Processing file /home/airflow/.local/lib/python3.12/site-packages/airflow/example_dags/example_latest_only_with_trigger.py for tasks to queue
[2024-06-01T00:23:19.884+0000] {logging_mixin.py:188} INFO - [2024-06-01T00:23:19.884+0000] {dagbag.py:545} INFO - Filling up the DagBag from /home/airflow/.local/lib/python3.12/site-packages/airflow/example_dags/example_latest_only_with_trigger.py
[2024-06-01T00:23:19.889+0000] {processor.py:840} INFO - DAG(s) 'latest_only_with_trigger' retrieved from /home/airflow/.local/lib/python3.12/site-packages/airflow/example_dags/example_latest_only_with_trigger.py
[2024-06-01T00:23:19.909+0000] {logging_mixin.py:188} INFO - [2024-06-01T00:23:19.909+0000] {dag.py:3096} INFO - Sync 1 DAGs
[2024-06-01T00:23:19.927+0000] {logging_mixin.py:188} INFO - [2024-06-01T00:23:19.927+0000] {dag.py:3954} INFO - Setting next_dagrun for latest_only_with_trigger to 2024-05-31 20:00:00+00:00, run_after=2024-06-01 00:00:00+00:00
[2024-06-01T00:23:19.944+0000] {processor.py:183} INFO - Processing /home/airflow/.local/lib/python3.12/site-packages/airflow/example_dags/example_latest_only_with_trigger.py took 0.067 seconds
[2024-06-01T00:23:50.090+0000] {processor.py:161} INFO - Started process (PID=8330) to work on /home/airflow/.local/lib/python3.12/site-packages/airflow/example_dags/example_latest_only_with_trigger.py
[2024-06-01T00:23:50.092+0000] {processor.py:830} INFO - Processing file /home/airflow/.local/lib/python3.12/site-packages/airflow/example_dags/example_latest_only_with_trigger.py for tasks to queue
[2024-06-01T00:23:50.094+0000] {logging_mixin.py:188} INFO - [2024-06-01T00:23:50.094+0000] {dagbag.py:545} INFO - Filling up the DagBag from /home/airflow/.local/lib/python3.12/site-packages/airflow/example_dags/example_latest_only_with_trigger.py
[2024-06-01T00:23:50.100+0000] {processor.py:840} INFO - DAG(s) 'latest_only_with_trigger' retrieved from /home/airflow/.local/lib/python3.12/site-packages/airflow/example_dags/example_latest_only_with_trigger.py
[2024-06-01T00:23:50.122+0000] {logging_mixin.py:188} INFO - [2024-06-01T00:23:50.121+0000] {dag.py:3096} INFO - Sync 1 DAGs
[2024-06-01T00:23:50.141+0000] {logging_mixin.py:188} INFO - [2024-06-01T00:23:50.141+0000] {dag.py:3954} INFO - Setting next_dagrun for latest_only_with_trigger to 2024-05-31 20:00:00+00:00, run_after=2024-06-01 00:00:00+00:00
[2024-06-01T00:23:50.161+0000] {processor.py:183} INFO - Processing /home/airflow/.local/lib/python3.12/site-packages/airflow/example_dags/example_latest_only_with_trigger.py took 0.075 seconds
[2024-06-01T00:24:20.511+0000] {processor.py:161} INFO - Started process (PID=8388) to work on /home/airflow/.local/lib/python3.12/site-packages/airflow/example_dags/example_latest_only_with_trigger.py
[2024-06-01T00:24:20.513+0000] {processor.py:830} INFO - Processing file /home/airflow/.local/lib/python3.12/site-packages/airflow/example_dags/example_latest_only_with_trigger.py for tasks to queue
[2024-06-01T00:24:20.516+0000] {logging_mixin.py:188} INFO - [2024-06-01T00:24:20.515+0000] {dagbag.py:545} INFO - Filling up the DagBag from /home/airflow/.local/lib/python3.12/site-packages/airflow/example_dags/example_latest_only_with_trigger.py
[2024-06-01T00:24:20.521+0000] {processor.py:840} INFO - DAG(s) 'latest_only_with_trigger' retrieved from /home/airflow/.local/lib/python3.12/site-packages/airflow/example_dags/example_latest_only_with_trigger.py
[2024-06-01T00:24:20.539+0000] {logging_mixin.py:188} INFO - [2024-06-01T00:24:20.539+0000] {dag.py:3096} INFO - Sync 1 DAGs
[2024-06-01T00:24:20.556+0000] {logging_mixin.py:188} INFO - [2024-06-01T00:24:20.556+0000] {dag.py:3954} INFO - Setting next_dagrun for latest_only_with_trigger to 2024-05-31 20:00:00+00:00, run_after=2024-06-01 00:00:00+00:00
[2024-06-01T00:24:20.575+0000] {processor.py:183} INFO - Processing /home/airflow/.local/lib/python3.12/site-packages/airflow/example_dags/example_latest_only_with_trigger.py took 0.068 seconds
[2024-06-01T00:24:51.247+0000] {processor.py:161} INFO - Started process (PID=8446) to work on /home/airflow/.local/lib/python3.12/site-packages/airflow/example_dags/example_latest_only_with_trigger.py
[2024-06-01T00:24:51.249+0000] {processor.py:830} INFO - Processing file /home/airflow/.local/lib/python3.12/site-packages/airflow/example_dags/example_latest_only_with_trigger.py for tasks to queue
[2024-06-01T00:24:51.252+0000] {logging_mixin.py:188} INFO - [2024-06-01T00:24:51.252+0000] {dagbag.py:545} INFO - Filling up the DagBag from /home/airflow/.local/lib/python3.12/site-packages/airflow/example_dags/example_latest_only_with_trigger.py
[2024-06-01T00:24:51.259+0000] {processor.py:840} INFO - DAG(s) 'latest_only_with_trigger' retrieved from /home/airflow/.local/lib/python3.12/site-packages/airflow/example_dags/example_latest_only_with_trigger.py
[2024-06-01T00:24:51.277+0000] {logging_mixin.py:188} INFO - [2024-06-01T00:24:51.277+0000] {dag.py:3096} INFO - Sync 1 DAGs
[2024-06-01T00:24:51.294+0000] {logging_mixin.py:188} INFO - [2024-06-01T00:24:51.294+0000] {dag.py:3954} INFO - Setting next_dagrun for latest_only_with_trigger to 2024-05-31 20:00:00+00:00, run_after=2024-06-01 00:00:00+00:00
[2024-06-01T00:24:51.310+0000] {processor.py:183} INFO - Processing /home/airflow/.local/lib/python3.12/site-packages/airflow/example_dags/example_latest_only_with_trigger.py took 0.068 seconds
[2024-06-01T00:25:22.314+0000] {processor.py:161} INFO - Started process (PID=8504) to work on /home/airflow/.local/lib/python3.12/site-packages/airflow/example_dags/example_latest_only_with_trigger.py
[2024-06-01T00:25:22.316+0000] {processor.py:830} INFO - Processing file /home/airflow/.local/lib/python3.12/site-packages/airflow/example_dags/example_latest_only_with_trigger.py for tasks to queue
[2024-06-01T00:25:22.318+0000] {logging_mixin.py:188} INFO - [2024-06-01T00:25:22.318+0000] {dagbag.py:545} INFO - Filling up the DagBag from /home/airflow/.local/lib/python3.12/site-packages/airflow/example_dags/example_latest_only_with_trigger.py
[2024-06-01T00:25:22.324+0000] {processor.py:840} INFO - DAG(s) 'latest_only_with_trigger' retrieved from /home/airflow/.local/lib/python3.12/site-packages/airflow/example_dags/example_latest_only_with_trigger.py
[2024-06-01T00:25:22.341+0000] {logging_mixin.py:188} INFO - [2024-06-01T00:25:22.341+0000] {dag.py:3096} INFO - Sync 1 DAGs
[2024-06-01T00:25:22.360+0000] {logging_mixin.py:188} INFO - [2024-06-01T00:25:22.359+0000] {dag.py:3954} INFO - Setting next_dagrun for latest_only_with_trigger to 2024-05-31 20:00:00+00:00, run_after=2024-06-01 00:00:00+00:00
[2024-06-01T00:25:22.376+0000] {processor.py:183} INFO - Processing /home/airflow/.local/lib/python3.12/site-packages/airflow/example_dags/example_latest_only_with_trigger.py took 0.067 seconds
[2024-06-01T00:25:52.900+0000] {processor.py:161} INFO - Started process (PID=8562) to work on /home/airflow/.local/lib/python3.12/site-packages/airflow/example_dags/example_latest_only_with_trigger.py
[2024-06-01T00:25:52.901+0000] {processor.py:830} INFO - Processing file /home/airflow/.local/lib/python3.12/site-packages/airflow/example_dags/example_latest_only_with_trigger.py for tasks to queue
[2024-06-01T00:25:52.903+0000] {logging_mixin.py:188} INFO - [2024-06-01T00:25:52.903+0000] {dagbag.py:545} INFO - Filling up the DagBag from /home/airflow/.local/lib/python3.12/site-packages/airflow/example_dags/example_latest_only_with_trigger.py
[2024-06-01T00:25:52.909+0000] {processor.py:840} INFO - DAG(s) 'latest_only_with_trigger' retrieved from /home/airflow/.local/lib/python3.12/site-packages/airflow/example_dags/example_latest_only_with_trigger.py
[2024-06-01T00:25:52.928+0000] {logging_mixin.py:188} INFO - [2024-06-01T00:25:52.927+0000] {dag.py:3096} INFO - Sync 1 DAGs
[2024-06-01T00:25:52.947+0000] {logging_mixin.py:188} INFO - [2024-06-01T00:25:52.947+0000] {dag.py:3954} INFO - Setting next_dagrun for latest_only_with_trigger to 2024-05-31 20:00:00+00:00, run_after=2024-06-01 00:00:00+00:00
[2024-06-01T00:25:52.965+0000] {processor.py:183} INFO - Processing /home/airflow/.local/lib/python3.12/site-packages/airflow/example_dags/example_latest_only_with_trigger.py took 0.071 seconds
[2024-06-01T00:26:23.317+0000] {processor.py:161} INFO - Started process (PID=8620) to work on /home/airflow/.local/lib/python3.12/site-packages/airflow/example_dags/example_latest_only_with_trigger.py
[2024-06-01T00:26:23.319+0000] {processor.py:830} INFO - Processing file /home/airflow/.local/lib/python3.12/site-packages/airflow/example_dags/example_latest_only_with_trigger.py for tasks to queue
[2024-06-01T00:26:23.322+0000] {logging_mixin.py:188} INFO - [2024-06-01T00:26:23.322+0000] {dagbag.py:545} INFO - Filling up the DagBag from /home/airflow/.local/lib/python3.12/site-packages/airflow/example_dags/example_latest_only_with_trigger.py
[2024-06-01T00:26:23.328+0000] {processor.py:840} INFO - DAG(s) 'latest_only_with_trigger' retrieved from /home/airflow/.local/lib/python3.12/site-packages/airflow/example_dags/example_latest_only_with_trigger.py
[2024-06-01T00:26:23.347+0000] {logging_mixin.py:188} INFO - [2024-06-01T00:26:23.347+0000] {dag.py:3096} INFO - Sync 1 DAGs
[2024-06-01T00:26:23.363+0000] {logging_mixin.py:188} INFO - [2024-06-01T00:26:23.363+0000] {dag.py:3954} INFO - Setting next_dagrun for latest_only_with_trigger to 2024-05-31 20:00:00+00:00, run_after=2024-06-01 00:00:00+00:00
[2024-06-01T00:26:23.378+0000] {processor.py:183} INFO - Processing /home/airflow/.local/lib/python3.12/site-packages/airflow/example_dags/example_latest_only_with_trigger.py took 0.067 seconds
[2024-06-01T00:26:53.627+0000] {processor.py:161} INFO - Started process (PID=8678) to work on /home/airflow/.local/lib/python3.12/site-packages/airflow/example_dags/example_latest_only_with_trigger.py
[2024-06-01T00:26:53.629+0000] {processor.py:830} INFO - Processing file /home/airflow/.local/lib/python3.12/site-packages/airflow/example_dags/example_latest_only_with_trigger.py for tasks to queue
[2024-06-01T00:26:53.632+0000] {logging_mixin.py:188} INFO - [2024-06-01T00:26:53.632+0000] {dagbag.py:545} INFO - Filling up the DagBag from /home/airflow/.local/lib/python3.12/site-packages/airflow/example_dags/example_latest_only_with_trigger.py
[2024-06-01T00:26:53.638+0000] {processor.py:840} INFO - DAG(s) 'latest_only_with_trigger' retrieved from /home/airflow/.local/lib/python3.12/site-packages/airflow/example_dags/example_latest_only_with_trigger.py
[2024-06-01T00:26:53.656+0000] {logging_mixin.py:188} INFO - [2024-06-01T00:26:53.656+0000] {dag.py:3096} INFO - Sync 1 DAGs
[2024-06-01T00:26:53.672+0000] {logging_mixin.py:188} INFO - [2024-06-01T00:26:53.672+0000] {dag.py:3954} INFO - Setting next_dagrun for latest_only_with_trigger to 2024-05-31 20:00:00+00:00, run_after=2024-06-01 00:00:00+00:00
[2024-06-01T00:26:53.689+0000] {processor.py:183} INFO - Processing /home/airflow/.local/lib/python3.12/site-packages/airflow/example_dags/example_latest_only_with_trigger.py took 0.066 seconds
[2024-06-01T00:27:24.197+0000] {processor.py:161} INFO - Started process (PID=8736) to work on /home/airflow/.local/lib/python3.12/site-packages/airflow/example_dags/example_latest_only_with_trigger.py
[2024-06-01T00:27:24.199+0000] {processor.py:830} INFO - Processing file /home/airflow/.local/lib/python3.12/site-packages/airflow/example_dags/example_latest_only_with_trigger.py for tasks to queue
[2024-06-01T00:27:24.201+0000] {logging_mixin.py:188} INFO - [2024-06-01T00:27:24.200+0000] {dagbag.py:545} INFO - Filling up the DagBag from /home/airflow/.local/lib/python3.12/site-packages/airflow/example_dags/example_latest_only_with_trigger.py
[2024-06-01T00:27:24.206+0000] {processor.py:840} INFO - DAG(s) 'latest_only_with_trigger' retrieved from /home/airflow/.local/lib/python3.12/site-packages/airflow/example_dags/example_latest_only_with_trigger.py
[2024-06-01T00:27:24.225+0000] {logging_mixin.py:188} INFO - [2024-06-01T00:27:24.224+0000] {dag.py:3096} INFO - Sync 1 DAGs
[2024-06-01T00:27:24.245+0000] {logging_mixin.py:188} INFO - [2024-06-01T00:27:24.244+0000] {dag.py:3954} INFO - Setting next_dagrun for latest_only_with_trigger to 2024-05-31 20:00:00+00:00, run_after=2024-06-01 00:00:00+00:00
[2024-06-01T00:27:24.261+0000] {processor.py:183} INFO - Processing /home/airflow/.local/lib/python3.12/site-packages/airflow/example_dags/example_latest_only_with_trigger.py took 0.069 seconds
[2024-06-01T00:27:54.958+0000] {processor.py:161} INFO - Started process (PID=8794) to work on /home/airflow/.local/lib/python3.12/site-packages/airflow/example_dags/example_latest_only_with_trigger.py
[2024-06-01T00:27:54.960+0000] {processor.py:830} INFO - Processing file /home/airflow/.local/lib/python3.12/site-packages/airflow/example_dags/example_latest_only_with_trigger.py for tasks to queue
[2024-06-01T00:27:54.962+0000] {logging_mixin.py:188} INFO - [2024-06-01T00:27:54.962+0000] {dagbag.py:545} INFO - Filling up the DagBag from /home/airflow/.local/lib/python3.12/site-packages/airflow/example_dags/example_latest_only_with_trigger.py
[2024-06-01T00:27:54.967+0000] {processor.py:840} INFO - DAG(s) 'latest_only_with_trigger' retrieved from /home/airflow/.local/lib/python3.12/site-packages/airflow/example_dags/example_latest_only_with_trigger.py
[2024-06-01T00:27:54.987+0000] {logging_mixin.py:188} INFO - [2024-06-01T00:27:54.987+0000] {dag.py:3096} INFO - Sync 1 DAGs
[2024-06-01T00:27:55.004+0000] {logging_mixin.py:188} INFO - [2024-06-01T00:27:55.003+0000] {dag.py:3954} INFO - Setting next_dagrun for latest_only_with_trigger to 2024-05-31 20:00:00+00:00, run_after=2024-06-01 00:00:00+00:00
[2024-06-01T00:27:55.021+0000] {processor.py:183} INFO - Processing /home/airflow/.local/lib/python3.12/site-packages/airflow/example_dags/example_latest_only_with_trigger.py took 0.069 seconds
[2024-06-01T00:28:25.137+0000] {processor.py:161} INFO - Started process (PID=8852) to work on /home/airflow/.local/lib/python3.12/site-packages/airflow/example_dags/example_latest_only_with_trigger.py
[2024-06-01T00:28:25.140+0000] {processor.py:830} INFO - Processing file /home/airflow/.local/lib/python3.12/site-packages/airflow/example_dags/example_latest_only_with_trigger.py for tasks to queue
[2024-06-01T00:28:25.143+0000] {logging_mixin.py:188} INFO - [2024-06-01T00:28:25.142+0000] {dagbag.py:545} INFO - Filling up the DagBag from /home/airflow/.local/lib/python3.12/site-packages/airflow/example_dags/example_latest_only_with_trigger.py
[2024-06-01T00:28:25.148+0000] {processor.py:840} INFO - DAG(s) 'latest_only_with_trigger' retrieved from /home/airflow/.local/lib/python3.12/site-packages/airflow/example_dags/example_latest_only_with_trigger.py
[2024-06-01T00:28:25.165+0000] {logging_mixin.py:188} INFO - [2024-06-01T00:28:25.165+0000] {dag.py:3096} INFO - Sync 1 DAGs
[2024-06-01T00:28:25.182+0000] {logging_mixin.py:188} INFO - [2024-06-01T00:28:25.181+0000] {dag.py:3954} INFO - Setting next_dagrun for latest_only_with_trigger to 2024-05-31 20:00:00+00:00, run_after=2024-06-01 00:00:00+00:00
[2024-06-01T00:28:25.197+0000] {processor.py:183} INFO - Processing /home/airflow/.local/lib/python3.12/site-packages/airflow/example_dags/example_latest_only_with_trigger.py took 0.065 seconds
[2024-06-01T00:28:55.663+0000] {processor.py:161} INFO - Started process (PID=8910) to work on /home/airflow/.local/lib/python3.12/site-packages/airflow/example_dags/example_latest_only_with_trigger.py
[2024-06-01T00:28:55.665+0000] {processor.py:830} INFO - Processing file /home/airflow/.local/lib/python3.12/site-packages/airflow/example_dags/example_latest_only_with_trigger.py for tasks to queue
[2024-06-01T00:28:55.667+0000] {logging_mixin.py:188} INFO - [2024-06-01T00:28:55.667+0000] {dagbag.py:545} INFO - Filling up the DagBag from /home/airflow/.local/lib/python3.12/site-packages/airflow/example_dags/example_latest_only_with_trigger.py
[2024-06-01T00:28:55.673+0000] {processor.py:840} INFO - DAG(s) 'latest_only_with_trigger' retrieved from /home/airflow/.local/lib/python3.12/site-packages/airflow/example_dags/example_latest_only_with_trigger.py
[2024-06-01T00:28:55.691+0000] {logging_mixin.py:188} INFO - [2024-06-01T00:28:55.691+0000] {dag.py:3096} INFO - Sync 1 DAGs
[2024-06-01T00:28:55.711+0000] {logging_mixin.py:188} INFO - [2024-06-01T00:28:55.711+0000] {dag.py:3954} INFO - Setting next_dagrun for latest_only_with_trigger to 2024-05-31 20:00:00+00:00, run_after=2024-06-01 00:00:00+00:00
[2024-06-01T00:28:55.728+0000] {processor.py:183} INFO - Processing /home/airflow/.local/lib/python3.12/site-packages/airflow/example_dags/example_latest_only_with_trigger.py took 0.070 seconds
[2024-06-01T00:29:26.121+0000] {processor.py:161} INFO - Started process (PID=8968) to work on /home/airflow/.local/lib/python3.12/site-packages/airflow/example_dags/example_latest_only_with_trigger.py
[2024-06-01T00:29:26.123+0000] {processor.py:830} INFO - Processing file /home/airflow/.local/lib/python3.12/site-packages/airflow/example_dags/example_latest_only_with_trigger.py for tasks to queue
[2024-06-01T00:29:26.126+0000] {logging_mixin.py:188} INFO - [2024-06-01T00:29:26.125+0000] {dagbag.py:545} INFO - Filling up the DagBag from /home/airflow/.local/lib/python3.12/site-packages/airflow/example_dags/example_latest_only_with_trigger.py
[2024-06-01T00:29:26.132+0000] {processor.py:840} INFO - DAG(s) 'latest_only_with_trigger' retrieved from /home/airflow/.local/lib/python3.12/site-packages/airflow/example_dags/example_latest_only_with_trigger.py
[2024-06-01T00:29:26.150+0000] {logging_mixin.py:188} INFO - [2024-06-01T00:29:26.150+0000] {dag.py:3096} INFO - Sync 1 DAGs
[2024-06-01T00:29:26.167+0000] {logging_mixin.py:188} INFO - [2024-06-01T00:29:26.167+0000] {dag.py:3954} INFO - Setting next_dagrun for latest_only_with_trigger to 2024-05-31 20:00:00+00:00, run_after=2024-06-01 00:00:00+00:00
[2024-06-01T00:29:26.183+0000] {processor.py:183} INFO - Processing /home/airflow/.local/lib/python3.12/site-packages/airflow/example_dags/example_latest_only_with_trigger.py took 0.068 seconds
[2024-06-01T00:29:56.306+0000] {processor.py:161} INFO - Started process (PID=9026) to work on /home/airflow/.local/lib/python3.12/site-packages/airflow/example_dags/example_latest_only_with_trigger.py
[2024-06-01T00:29:56.308+0000] {processor.py:830} INFO - Processing file /home/airflow/.local/lib/python3.12/site-packages/airflow/example_dags/example_latest_only_with_trigger.py for tasks to queue
[2024-06-01T00:29:56.311+0000] {logging_mixin.py:188} INFO - [2024-06-01T00:29:56.311+0000] {dagbag.py:545} INFO - Filling up the DagBag from /home/airflow/.local/lib/python3.12/site-packages/airflow/example_dags/example_latest_only_with_trigger.py
[2024-06-01T00:29:56.316+0000] {processor.py:840} INFO - DAG(s) 'latest_only_with_trigger' retrieved from /home/airflow/.local/lib/python3.12/site-packages/airflow/example_dags/example_latest_only_with_trigger.py
[2024-06-01T00:29:56.334+0000] {logging_mixin.py:188} INFO - [2024-06-01T00:29:56.334+0000] {dag.py:3096} INFO - Sync 1 DAGs
[2024-06-01T00:29:56.353+0000] {logging_mixin.py:188} INFO - [2024-06-01T00:29:56.352+0000] {dag.py:3954} INFO - Setting next_dagrun for latest_only_with_trigger to 2024-05-31 20:00:00+00:00, run_after=2024-06-01 00:00:00+00:00
[2024-06-01T00:29:56.371+0000] {processor.py:183} INFO - Processing /home/airflow/.local/lib/python3.12/site-packages/airflow/example_dags/example_latest_only_with_trigger.py took 0.069 seconds
[2024-06-01T00:30:26.714+0000] {processor.py:161} INFO - Started process (PID=9084) to work on /home/airflow/.local/lib/python3.12/site-packages/airflow/example_dags/example_latest_only_with_trigger.py
[2024-06-01T00:30:26.716+0000] {processor.py:830} INFO - Processing file /home/airflow/.local/lib/python3.12/site-packages/airflow/example_dags/example_latest_only_with_trigger.py for tasks to queue
[2024-06-01T00:30:26.719+0000] {logging_mixin.py:188} INFO - [2024-06-01T00:30:26.719+0000] {dagbag.py:545} INFO - Filling up the DagBag from /home/airflow/.local/lib/python3.12/site-packages/airflow/example_dags/example_latest_only_with_trigger.py
[2024-06-01T00:30:26.725+0000] {processor.py:840} INFO - DAG(s) 'latest_only_with_trigger' retrieved from /home/airflow/.local/lib/python3.12/site-packages/airflow/example_dags/example_latest_only_with_trigger.py
[2024-06-01T00:30:26.746+0000] {logging_mixin.py:188} INFO - [2024-06-01T00:30:26.745+0000] {dag.py:3096} INFO - Sync 1 DAGs
[2024-06-01T00:30:26.762+0000] {logging_mixin.py:188} INFO - [2024-06-01T00:30:26.762+0000] {dag.py:3954} INFO - Setting next_dagrun for latest_only_with_trigger to 2024-05-31 20:00:00+00:00, run_after=2024-06-01 00:00:00+00:00
[2024-06-01T00:30:26.782+0000] {processor.py:183} INFO - Processing /home/airflow/.local/lib/python3.12/site-packages/airflow/example_dags/example_latest_only_with_trigger.py took 0.073 seconds
[2024-06-01T00:30:56.920+0000] {processor.py:161} INFO - Started process (PID=9142) to work on /home/airflow/.local/lib/python3.12/site-packages/airflow/example_dags/example_latest_only_with_trigger.py
[2024-06-01T00:30:56.922+0000] {processor.py:830} INFO - Processing file /home/airflow/.local/lib/python3.12/site-packages/airflow/example_dags/example_latest_only_with_trigger.py for tasks to queue
[2024-06-01T00:30:56.925+0000] {logging_mixin.py:188} INFO - [2024-06-01T00:30:56.925+0000] {dagbag.py:545} INFO - Filling up the DagBag from /home/airflow/.local/lib/python3.12/site-packages/airflow/example_dags/example_latest_only_with_trigger.py
[2024-06-01T00:30:56.931+0000] {processor.py:840} INFO - DAG(s) 'latest_only_with_trigger' retrieved from /home/airflow/.local/lib/python3.12/site-packages/airflow/example_dags/example_latest_only_with_trigger.py
[2024-06-01T00:30:56.948+0000] {logging_mixin.py:188} INFO - [2024-06-01T00:30:56.948+0000] {dag.py:3096} INFO - Sync 1 DAGs
[2024-06-01T00:30:56.964+0000] {logging_mixin.py:188} INFO - [2024-06-01T00:30:56.964+0000] {dag.py:3954} INFO - Setting next_dagrun for latest_only_with_trigger to 2024-05-31 20:00:00+00:00, run_after=2024-06-01 00:00:00+00:00
[2024-06-01T00:30:56.981+0000] {processor.py:183} INFO - Processing /home/airflow/.local/lib/python3.12/site-packages/airflow/example_dags/example_latest_only_with_trigger.py took 0.066 seconds
[2024-06-01T00:31:27.463+0000] {processor.py:161} INFO - Started process (PID=9201) to work on /home/airflow/.local/lib/python3.12/site-packages/airflow/example_dags/example_latest_only_with_trigger.py
[2024-06-01T00:31:27.466+0000] {processor.py:830} INFO - Processing file /home/airflow/.local/lib/python3.12/site-packages/airflow/example_dags/example_latest_only_with_trigger.py for tasks to queue
[2024-06-01T00:31:27.469+0000] {logging_mixin.py:188} INFO - [2024-06-01T00:31:27.469+0000] {dagbag.py:545} INFO - Filling up the DagBag from /home/airflow/.local/lib/python3.12/site-packages/airflow/example_dags/example_latest_only_with_trigger.py
[2024-06-01T00:31:27.475+0000] {processor.py:840} INFO - DAG(s) 'latest_only_with_trigger' retrieved from /home/airflow/.local/lib/python3.12/site-packages/airflow/example_dags/example_latest_only_with_trigger.py
[2024-06-01T00:31:27.492+0000] {logging_mixin.py:188} INFO - [2024-06-01T00:31:27.492+0000] {dag.py:3096} INFO - Sync 1 DAGs
[2024-06-01T00:31:27.509+0000] {logging_mixin.py:188} INFO - [2024-06-01T00:31:27.508+0000] {dag.py:3954} INFO - Setting next_dagrun for latest_only_with_trigger to 2024-05-31 20:00:00+00:00, run_after=2024-06-01 00:00:00+00:00
[2024-06-01T00:31:27.524+0000] {processor.py:183} INFO - Processing /home/airflow/.local/lib/python3.12/site-packages/airflow/example_dags/example_latest_only_with_trigger.py took 0.066 seconds
[2024-06-01T00:31:57.992+0000] {processor.py:161} INFO - Started process (PID=9259) to work on /home/airflow/.local/lib/python3.12/site-packages/airflow/example_dags/example_latest_only_with_trigger.py
[2024-06-01T00:31:57.995+0000] {processor.py:830} INFO - Processing file /home/airflow/.local/lib/python3.12/site-packages/airflow/example_dags/example_latest_only_with_trigger.py for tasks to queue
[2024-06-01T00:31:57.997+0000] {logging_mixin.py:188} INFO - [2024-06-01T00:31:57.997+0000] {dagbag.py:545} INFO - Filling up the DagBag from /home/airflow/.local/lib/python3.12/site-packages/airflow/example_dags/example_latest_only_with_trigger.py
[2024-06-01T00:31:58.002+0000] {processor.py:840} INFO - DAG(s) 'latest_only_with_trigger' retrieved from /home/airflow/.local/lib/python3.12/site-packages/airflow/example_dags/example_latest_only_with_trigger.py
[2024-06-01T00:31:58.020+0000] {logging_mixin.py:188} INFO - [2024-06-01T00:31:58.020+0000] {dag.py:3096} INFO - Sync 1 DAGs
[2024-06-01T00:31:58.038+0000] {logging_mixin.py:188} INFO - [2024-06-01T00:31:58.038+0000] {dag.py:3954} INFO - Setting next_dagrun for latest_only_with_trigger to 2024-05-31 20:00:00+00:00, run_after=2024-06-01 00:00:00+00:00
[2024-06-01T00:31:58.054+0000] {processor.py:183} INFO - Processing /home/airflow/.local/lib/python3.12/site-packages/airflow/example_dags/example_latest_only_with_trigger.py took 0.067 seconds
[2024-06-01T00:32:28.256+0000] {processor.py:161} INFO - Started process (PID=9317) to work on /home/airflow/.local/lib/python3.12/site-packages/airflow/example_dags/example_latest_only_with_trigger.py
[2024-06-01T00:32:28.258+0000] {processor.py:830} INFO - Processing file /home/airflow/.local/lib/python3.12/site-packages/airflow/example_dags/example_latest_only_with_trigger.py for tasks to queue
[2024-06-01T00:32:28.261+0000] {logging_mixin.py:188} INFO - [2024-06-01T00:32:28.260+0000] {dagbag.py:545} INFO - Filling up the DagBag from /home/airflow/.local/lib/python3.12/site-packages/airflow/example_dags/example_latest_only_with_trigger.py
[2024-06-01T00:32:28.266+0000] {processor.py:840} INFO - DAG(s) 'latest_only_with_trigger' retrieved from /home/airflow/.local/lib/python3.12/site-packages/airflow/example_dags/example_latest_only_with_trigger.py
[2024-06-01T00:32:28.285+0000] {logging_mixin.py:188} INFO - [2024-06-01T00:32:28.285+0000] {dag.py:3096} INFO - Sync 1 DAGs
[2024-06-01T00:32:28.302+0000] {logging_mixin.py:188} INFO - [2024-06-01T00:32:28.302+0000] {dag.py:3954} INFO - Setting next_dagrun for latest_only_with_trigger to 2024-05-31 20:00:00+00:00, run_after=2024-06-01 00:00:00+00:00
[2024-06-01T00:32:28.318+0000] {processor.py:183} INFO - Processing /home/airflow/.local/lib/python3.12/site-packages/airflow/example_dags/example_latest_only_with_trigger.py took 0.068 seconds
[2024-06-01T00:32:59.025+0000] {processor.py:161} INFO - Started process (PID=9375) to work on /home/airflow/.local/lib/python3.12/site-packages/airflow/example_dags/example_latest_only_with_trigger.py
[2024-06-01T00:32:59.027+0000] {processor.py:830} INFO - Processing file /home/airflow/.local/lib/python3.12/site-packages/airflow/example_dags/example_latest_only_with_trigger.py for tasks to queue
[2024-06-01T00:32:59.029+0000] {logging_mixin.py:188} INFO - [2024-06-01T00:32:59.028+0000] {dagbag.py:545} INFO - Filling up the DagBag from /home/airflow/.local/lib/python3.12/site-packages/airflow/example_dags/example_latest_only_with_trigger.py
[2024-06-01T00:32:59.034+0000] {processor.py:840} INFO - DAG(s) 'latest_only_with_trigger' retrieved from /home/airflow/.local/lib/python3.12/site-packages/airflow/example_dags/example_latest_only_with_trigger.py
[2024-06-01T00:32:59.053+0000] {logging_mixin.py:188} INFO - [2024-06-01T00:32:59.052+0000] {dag.py:3096} INFO - Sync 1 DAGs
[2024-06-01T00:32:59.072+0000] {logging_mixin.py:188} INFO - [2024-06-01T00:32:59.072+0000] {dag.py:3954} INFO - Setting next_dagrun for latest_only_with_trigger to 2024-05-31 20:00:00+00:00, run_after=2024-06-01 00:00:00+00:00
[2024-06-01T00:32:59.092+0000] {processor.py:183} INFO - Processing /home/airflow/.local/lib/python3.12/site-packages/airflow/example_dags/example_latest_only_with_trigger.py took 0.072 seconds
[2024-06-01T00:33:29.745+0000] {processor.py:161} INFO - Started process (PID=9433) to work on /home/airflow/.local/lib/python3.12/site-packages/airflow/example_dags/example_latest_only_with_trigger.py
[2024-06-01T00:33:29.747+0000] {processor.py:830} INFO - Processing file /home/airflow/.local/lib/python3.12/site-packages/airflow/example_dags/example_latest_only_with_trigger.py for tasks to queue
[2024-06-01T00:33:29.749+0000] {logging_mixin.py:188} INFO - [2024-06-01T00:33:29.749+0000] {dagbag.py:545} INFO - Filling up the DagBag from /home/airflow/.local/lib/python3.12/site-packages/airflow/example_dags/example_latest_only_with_trigger.py
[2024-06-01T00:33:29.755+0000] {processor.py:840} INFO - DAG(s) 'latest_only_with_trigger' retrieved from /home/airflow/.local/lib/python3.12/site-packages/airflow/example_dags/example_latest_only_with_trigger.py
[2024-06-01T00:33:29.774+0000] {logging_mixin.py:188} INFO - [2024-06-01T00:33:29.773+0000] {dag.py:3096} INFO - Sync 1 DAGs
[2024-06-01T00:33:29.790+0000] {logging_mixin.py:188} INFO - [2024-06-01T00:33:29.790+0000] {dag.py:3954} INFO - Setting next_dagrun for latest_only_with_trigger to 2024-05-31 20:00:00+00:00, run_after=2024-06-01 00:00:00+00:00
[2024-06-01T00:33:29.806+0000] {processor.py:183} INFO - Processing /home/airflow/.local/lib/python3.12/site-packages/airflow/example_dags/example_latest_only_with_trigger.py took 0.066 seconds
[2024-06-01T00:33:59.926+0000] {processor.py:161} INFO - Started process (PID=9491) to work on /home/airflow/.local/lib/python3.12/site-packages/airflow/example_dags/example_latest_only_with_trigger.py
[2024-06-01T00:33:59.927+0000] {processor.py:830} INFO - Processing file /home/airflow/.local/lib/python3.12/site-packages/airflow/example_dags/example_latest_only_with_trigger.py for tasks to queue
[2024-06-01T00:33:59.929+0000] {logging_mixin.py:188} INFO - [2024-06-01T00:33:59.929+0000] {dagbag.py:545} INFO - Filling up the DagBag from /home/airflow/.local/lib/python3.12/site-packages/airflow/example_dags/example_latest_only_with_trigger.py
[2024-06-01T00:33:59.934+0000] {processor.py:840} INFO - DAG(s) 'latest_only_with_trigger' retrieved from /home/airflow/.local/lib/python3.12/site-packages/airflow/example_dags/example_latest_only_with_trigger.py
[2024-06-01T00:33:59.955+0000] {logging_mixin.py:188} INFO - [2024-06-01T00:33:59.955+0000] {dag.py:3096} INFO - Sync 1 DAGs
[2024-06-01T00:33:59.974+0000] {logging_mixin.py:188} INFO - [2024-06-01T00:33:59.973+0000] {dag.py:3954} INFO - Setting next_dagrun for latest_only_with_trigger to 2024-05-31 20:00:00+00:00, run_after=2024-06-01 00:00:00+00:00
[2024-06-01T00:33:59.991+0000] {processor.py:183} INFO - Processing /home/airflow/.local/lib/python3.12/site-packages/airflow/example_dags/example_latest_only_with_trigger.py took 0.070 seconds
[2024-06-01T00:34:30.304+0000] {processor.py:161} INFO - Started process (PID=9549) to work on /home/airflow/.local/lib/python3.12/site-packages/airflow/example_dags/example_latest_only_with_trigger.py
[2024-06-01T00:34:30.307+0000] {processor.py:830} INFO - Processing file /home/airflow/.local/lib/python3.12/site-packages/airflow/example_dags/example_latest_only_with_trigger.py for tasks to queue
[2024-06-01T00:34:30.310+0000] {logging_mixin.py:188} INFO - [2024-06-01T00:34:30.309+0000] {dagbag.py:545} INFO - Filling up the DagBag from /home/airflow/.local/lib/python3.12/site-packages/airflow/example_dags/example_latest_only_with_trigger.py
[2024-06-01T00:34:30.316+0000] {processor.py:840} INFO - DAG(s) 'latest_only_with_trigger' retrieved from /home/airflow/.local/lib/python3.12/site-packages/airflow/example_dags/example_latest_only_with_trigger.py
[2024-06-01T00:34:30.334+0000] {logging_mixin.py:188} INFO - [2024-06-01T00:34:30.334+0000] {dag.py:3096} INFO - Sync 1 DAGs
[2024-06-01T00:34:30.351+0000] {logging_mixin.py:188} INFO - [2024-06-01T00:34:30.351+0000] {dag.py:3954} INFO - Setting next_dagrun for latest_only_with_trigger to 2024-05-31 20:00:00+00:00, run_after=2024-06-01 00:00:00+00:00
[2024-06-01T00:34:30.367+0000] {processor.py:183} INFO - Processing /home/airflow/.local/lib/python3.12/site-packages/airflow/example_dags/example_latest_only_with_trigger.py took 0.067 seconds
[2024-06-01T00:35:00.862+0000] {processor.py:161} INFO - Started process (PID=9606) to work on /home/airflow/.local/lib/python3.12/site-packages/airflow/example_dags/example_latest_only_with_trigger.py
[2024-06-01T00:35:00.864+0000] {processor.py:830} INFO - Processing file /home/airflow/.local/lib/python3.12/site-packages/airflow/example_dags/example_latest_only_with_trigger.py for tasks to queue
[2024-06-01T00:35:00.866+0000] {logging_mixin.py:188} INFO - [2024-06-01T00:35:00.865+0000] {dagbag.py:545} INFO - Filling up the DagBag from /home/airflow/.local/lib/python3.12/site-packages/airflow/example_dags/example_latest_only_with_trigger.py
[2024-06-01T00:35:00.871+0000] {processor.py:840} INFO - DAG(s) 'latest_only_with_trigger' retrieved from /home/airflow/.local/lib/python3.12/site-packages/airflow/example_dags/example_latest_only_with_trigger.py
[2024-06-01T00:35:00.891+0000] {logging_mixin.py:188} INFO - [2024-06-01T00:35:00.890+0000] {dag.py:3096} INFO - Sync 1 DAGs
[2024-06-01T00:35:00.909+0000] {logging_mixin.py:188} INFO - [2024-06-01T00:35:00.909+0000] {dag.py:3954} INFO - Setting next_dagrun for latest_only_with_trigger to 2024-05-31 20:00:00+00:00, run_after=2024-06-01 00:00:00+00:00
[2024-06-01T00:35:00.927+0000] {processor.py:183} INFO - Processing /home/airflow/.local/lib/python3.12/site-packages/airflow/example_dags/example_latest_only_with_trigger.py took 0.069 seconds
[2024-06-01T00:40:45.219+0000] {processor.py:161} INFO - Started process (PID=9671) to work on /home/airflow/.local/lib/python3.12/site-packages/airflow/example_dags/example_latest_only_with_trigger.py
[2024-06-01T00:40:45.220+0000] {processor.py:830} INFO - Processing file /home/airflow/.local/lib/python3.12/site-packages/airflow/example_dags/example_latest_only_with_trigger.py for tasks to queue
[2024-06-01T00:40:45.221+0000] {logging_mixin.py:188} INFO - [2024-06-01T00:40:45.221+0000] {dagbag.py:545} INFO - Filling up the DagBag from /home/airflow/.local/lib/python3.12/site-packages/airflow/example_dags/example_latest_only_with_trigger.py
[2024-06-01T00:40:45.231+0000] {processor.py:840} INFO - DAG(s) 'latest_only_with_trigger' retrieved from /home/airflow/.local/lib/python3.12/site-packages/airflow/example_dags/example_latest_only_with_trigger.py
[2024-06-01T00:40:45.254+0000] {logging_mixin.py:188} INFO - [2024-06-01T00:40:45.254+0000] {dag.py:3096} INFO - Sync 1 DAGs
[2024-06-01T00:40:45.281+0000] {logging_mixin.py:188} INFO - [2024-06-01T00:40:45.281+0000] {dag.py:3954} INFO - Setting next_dagrun for latest_only_with_trigger to 2024-05-31 20:00:00+00:00, run_after=2024-06-01 00:00:00+00:00
[2024-06-01T00:40:45.312+0000] {processor.py:183} INFO - Processing /home/airflow/.local/lib/python3.12/site-packages/airflow/example_dags/example_latest_only_with_trigger.py took 0.101 seconds
