[2024-06-04T22:37:40.633+0000] {processor.py:161} INFO - Started process (PID=55) to work on /home/airflow/.local/lib/python3.12/site-packages/airflow/example_dags/example_task_group.py
[2024-06-04T22:37:40.635+0000] {processor.py:830} INFO - Processing file /home/airflow/.local/lib/python3.12/site-packages/airflow/example_dags/example_task_group.py for tasks to queue
[2024-06-04T22:37:40.638+0000] {logging_mixin.py:188} INFO - [2024-06-04T22:37:40.638+0000] {dagbag.py:545} INFO - Filling up the DagBag from /home/airflow/.local/lib/python3.12/site-packages/airflow/example_dags/example_task_group.py
[2024-06-04T22:37:40.653+0000] {processor.py:840} INFO - DAG(s) 'example_task_group' retrieved from /home/airflow/.local/lib/python3.12/site-packages/airflow/example_dags/example_task_group.py
[2024-06-04T22:37:40.708+0000] {logging_mixin.py:188} INFO - [2024-06-04T22:37:40.707+0000] {dag.py:3096} INFO - Sync 1 DAGs
[2024-06-04T22:37:40.751+0000] {logging_mixin.py:188} INFO - [2024-06-04T22:37:40.750+0000] {dag.py:3954} INFO - Setting next_dagrun for example_task_group to 2024-06-03 00:00:00+00:00, run_after=2024-06-04 00:00:00+00:00
[2024-06-04T22:37:40.786+0000] {processor.py:183} INFO - Processing /home/airflow/.local/lib/python3.12/site-packages/airflow/example_dags/example_task_group.py took 0.163 seconds
[2024-06-04T22:38:11.494+0000] {processor.py:161} INFO - Started process (PID=113) to work on /home/airflow/.local/lib/python3.12/site-packages/airflow/example_dags/example_task_group.py
[2024-06-04T22:38:11.495+0000] {processor.py:830} INFO - Processing file /home/airflow/.local/lib/python3.12/site-packages/airflow/example_dags/example_task_group.py for tasks to queue
[2024-06-04T22:38:11.497+0000] {logging_mixin.py:188} INFO - [2024-06-04T22:38:11.497+0000] {dagbag.py:545} INFO - Filling up the DagBag from /home/airflow/.local/lib/python3.12/site-packages/airflow/example_dags/example_task_group.py
[2024-06-04T22:38:11.504+0000] {processor.py:840} INFO - DAG(s) 'example_task_group' retrieved from /home/airflow/.local/lib/python3.12/site-packages/airflow/example_dags/example_task_group.py
[2024-06-04T22:38:11.523+0000] {logging_mixin.py:188} INFO - [2024-06-04T22:38:11.523+0000] {dag.py:3096} INFO - Sync 1 DAGs
[2024-06-04T22:38:11.544+0000] {logging_mixin.py:188} INFO - [2024-06-04T22:38:11.544+0000] {dag.py:3954} INFO - Setting next_dagrun for example_task_group to 2024-06-03 00:00:00+00:00, run_after=2024-06-04 00:00:00+00:00
[2024-06-04T22:38:11.562+0000] {processor.py:183} INFO - Processing /home/airflow/.local/lib/python3.12/site-packages/airflow/example_dags/example_task_group.py took 0.073 seconds
[2024-06-04T22:38:41.835+0000] {processor.py:161} INFO - Started process (PID=171) to work on /home/airflow/.local/lib/python3.12/site-packages/airflow/example_dags/example_task_group.py
[2024-06-04T22:38:41.836+0000] {processor.py:830} INFO - Processing file /home/airflow/.local/lib/python3.12/site-packages/airflow/example_dags/example_task_group.py for tasks to queue
[2024-06-04T22:38:41.839+0000] {logging_mixin.py:188} INFO - [2024-06-04T22:38:41.838+0000] {dagbag.py:545} INFO - Filling up the DagBag from /home/airflow/.local/lib/python3.12/site-packages/airflow/example_dags/example_task_group.py
[2024-06-04T22:38:41.849+0000] {processor.py:840} INFO - DAG(s) 'example_task_group' retrieved from /home/airflow/.local/lib/python3.12/site-packages/airflow/example_dags/example_task_group.py
[2024-06-04T22:38:41.877+0000] {logging_mixin.py:188} INFO - [2024-06-04T22:38:41.876+0000] {dag.py:3096} INFO - Sync 1 DAGs
[2024-06-04T22:38:41.905+0000] {logging_mixin.py:188} INFO - [2024-06-04T22:38:41.905+0000] {dag.py:3954} INFO - Setting next_dagrun for example_task_group to 2024-06-03 00:00:00+00:00, run_after=2024-06-04 00:00:00+00:00
[2024-06-04T22:38:41.927+0000] {processor.py:183} INFO - Processing /home/airflow/.local/lib/python3.12/site-packages/airflow/example_dags/example_task_group.py took 0.099 seconds
[2024-06-04T22:39:12.221+0000] {processor.py:161} INFO - Started process (PID=229) to work on /home/airflow/.local/lib/python3.12/site-packages/airflow/example_dags/example_task_group.py
[2024-06-04T22:39:12.222+0000] {processor.py:830} INFO - Processing file /home/airflow/.local/lib/python3.12/site-packages/airflow/example_dags/example_task_group.py for tasks to queue
[2024-06-04T22:39:12.224+0000] {logging_mixin.py:188} INFO - [2024-06-04T22:39:12.224+0000] {dagbag.py:545} INFO - Filling up the DagBag from /home/airflow/.local/lib/python3.12/site-packages/airflow/example_dags/example_task_group.py
[2024-06-04T22:39:12.231+0000] {processor.py:840} INFO - DAG(s) 'example_task_group' retrieved from /home/airflow/.local/lib/python3.12/site-packages/airflow/example_dags/example_task_group.py
[2024-06-04T22:39:12.251+0000] {logging_mixin.py:188} INFO - [2024-06-04T22:39:12.251+0000] {dag.py:3096} INFO - Sync 1 DAGs
[2024-06-04T22:39:12.271+0000] {logging_mixin.py:188} INFO - [2024-06-04T22:39:12.271+0000] {dag.py:3954} INFO - Setting next_dagrun for example_task_group to 2024-06-03 00:00:00+00:00, run_after=2024-06-04 00:00:00+00:00
[2024-06-04T22:39:12.289+0000] {processor.py:183} INFO - Processing /home/airflow/.local/lib/python3.12/site-packages/airflow/example_dags/example_task_group.py took 0.074 seconds
[2024-06-04T22:39:42.849+0000] {processor.py:161} INFO - Started process (PID=287) to work on /home/airflow/.local/lib/python3.12/site-packages/airflow/example_dags/example_task_group.py
[2024-06-04T22:39:42.851+0000] {processor.py:830} INFO - Processing file /home/airflow/.local/lib/python3.12/site-packages/airflow/example_dags/example_task_group.py for tasks to queue
[2024-06-04T22:39:42.854+0000] {logging_mixin.py:188} INFO - [2024-06-04T22:39:42.853+0000] {dagbag.py:545} INFO - Filling up the DagBag from /home/airflow/.local/lib/python3.12/site-packages/airflow/example_dags/example_task_group.py
[2024-06-04T22:39:42.861+0000] {processor.py:840} INFO - DAG(s) 'example_task_group' retrieved from /home/airflow/.local/lib/python3.12/site-packages/airflow/example_dags/example_task_group.py
[2024-06-04T22:39:42.890+0000] {logging_mixin.py:188} INFO - [2024-06-04T22:39:42.890+0000] {dag.py:3096} INFO - Sync 1 DAGs
[2024-06-04T22:39:42.917+0000] {logging_mixin.py:188} INFO - [2024-06-04T22:39:42.917+0000] {dag.py:3954} INFO - Setting next_dagrun for example_task_group to 2024-06-03 00:00:00+00:00, run_after=2024-06-04 00:00:00+00:00
[2024-06-04T22:39:42.945+0000] {processor.py:183} INFO - Processing /home/airflow/.local/lib/python3.12/site-packages/airflow/example_dags/example_task_group.py took 0.102 seconds
[2024-06-04T22:40:13.369+0000] {processor.py:161} INFO - Started process (PID=345) to work on /home/airflow/.local/lib/python3.12/site-packages/airflow/example_dags/example_task_group.py
[2024-06-04T22:40:13.371+0000] {processor.py:830} INFO - Processing file /home/airflow/.local/lib/python3.12/site-packages/airflow/example_dags/example_task_group.py for tasks to queue
[2024-06-04T22:40:13.374+0000] {logging_mixin.py:188} INFO - [2024-06-04T22:40:13.373+0000] {dagbag.py:545} INFO - Filling up the DagBag from /home/airflow/.local/lib/python3.12/site-packages/airflow/example_dags/example_task_group.py
[2024-06-04T22:40:13.385+0000] {processor.py:840} INFO - DAG(s) 'example_task_group' retrieved from /home/airflow/.local/lib/python3.12/site-packages/airflow/example_dags/example_task_group.py
[2024-06-04T22:40:13.412+0000] {logging_mixin.py:188} INFO - [2024-06-04T22:40:13.412+0000] {dag.py:3096} INFO - Sync 1 DAGs
[2024-06-04T22:40:13.442+0000] {logging_mixin.py:188} INFO - [2024-06-04T22:40:13.442+0000] {dag.py:3954} INFO - Setting next_dagrun for example_task_group to 2024-06-03 00:00:00+00:00, run_after=2024-06-04 00:00:00+00:00
[2024-06-04T22:40:13.465+0000] {processor.py:183} INFO - Processing /home/airflow/.local/lib/python3.12/site-packages/airflow/example_dags/example_task_group.py took 0.103 seconds
[2024-06-04T22:40:44.209+0000] {processor.py:161} INFO - Started process (PID=403) to work on /home/airflow/.local/lib/python3.12/site-packages/airflow/example_dags/example_task_group.py
[2024-06-04T22:40:44.211+0000] {processor.py:830} INFO - Processing file /home/airflow/.local/lib/python3.12/site-packages/airflow/example_dags/example_task_group.py for tasks to queue
[2024-06-04T22:40:44.215+0000] {logging_mixin.py:188} INFO - [2024-06-04T22:40:44.215+0000] {dagbag.py:545} INFO - Filling up the DagBag from /home/airflow/.local/lib/python3.12/site-packages/airflow/example_dags/example_task_group.py
[2024-06-04T22:40:44.224+0000] {processor.py:840} INFO - DAG(s) 'example_task_group' retrieved from /home/airflow/.local/lib/python3.12/site-packages/airflow/example_dags/example_task_group.py
[2024-06-04T22:40:44.248+0000] {logging_mixin.py:188} INFO - [2024-06-04T22:40:44.247+0000] {dag.py:3096} INFO - Sync 1 DAGs
[2024-06-04T22:40:44.267+0000] {logging_mixin.py:188} INFO - [2024-06-04T22:40:44.267+0000] {dag.py:3954} INFO - Setting next_dagrun for example_task_group to 2024-06-03 00:00:00+00:00, run_after=2024-06-04 00:00:00+00:00
[2024-06-04T22:40:44.286+0000] {processor.py:183} INFO - Processing /home/airflow/.local/lib/python3.12/site-packages/airflow/example_dags/example_task_group.py took 0.082 seconds
[2024-06-04T22:41:14.685+0000] {processor.py:161} INFO - Started process (PID=461) to work on /home/airflow/.local/lib/python3.12/site-packages/airflow/example_dags/example_task_group.py
[2024-06-04T22:41:14.686+0000] {processor.py:830} INFO - Processing file /home/airflow/.local/lib/python3.12/site-packages/airflow/example_dags/example_task_group.py for tasks to queue
[2024-06-04T22:41:14.688+0000] {logging_mixin.py:188} INFO - [2024-06-04T22:41:14.688+0000] {dagbag.py:545} INFO - Filling up the DagBag from /home/airflow/.local/lib/python3.12/site-packages/airflow/example_dags/example_task_group.py
[2024-06-04T22:41:14.695+0000] {processor.py:840} INFO - DAG(s) 'example_task_group' retrieved from /home/airflow/.local/lib/python3.12/site-packages/airflow/example_dags/example_task_group.py
[2024-06-04T22:41:14.717+0000] {logging_mixin.py:188} INFO - [2024-06-04T22:41:14.717+0000] {dag.py:3096} INFO - Sync 1 DAGs
[2024-06-04T22:41:14.743+0000] {logging_mixin.py:188} INFO - [2024-06-04T22:41:14.743+0000] {dag.py:3954} INFO - Setting next_dagrun for example_task_group to 2024-06-03 00:00:00+00:00, run_after=2024-06-04 00:00:00+00:00
[2024-06-04T22:41:14.764+0000] {processor.py:183} INFO - Processing /home/airflow/.local/lib/python3.12/site-packages/airflow/example_dags/example_task_group.py took 0.084 seconds
