[2024-06-04T22:37:41.285+0000] {processor.py:161} INFO - Started process (PID=59) to work on /home/airflow/.local/lib/python3.12/site-packages/airflow/example_dags/example_sensors.py
[2024-06-04T22:37:41.288+0000] {processor.py:830} INFO - Processing file /home/airflow/.local/lib/python3.12/site-packages/airflow/example_dags/example_sensors.py for tasks to queue
[2024-06-04T22:37:41.291+0000] {logging_mixin.py:188} INFO - [2024-06-04T22:37:41.291+0000] {dagbag.py:545} INFO - Filling up the DagBag from /home/airflow/.local/lib/python3.12/site-packages/airflow/example_dags/example_sensors.py
[2024-06-04T22:37:41.312+0000] {processor.py:840} INFO - DAG(s) 'example_sensors' retrieved from /home/airflow/.local/lib/python3.12/site-packages/airflow/example_dags/example_sensors.py
[2024-06-04T22:37:41.375+0000] {logging_mixin.py:188} INFO - [2024-06-04T22:37:41.374+0000] {dag.py:3096} INFO - Sync 1 DAGs
[2024-06-04T22:37:41.399+0000] {logging_mixin.py:188} INFO - [2024-06-04T22:37:41.398+0000] {dag.py:3954} INFO - Setting next_dagrun for example_sensors to None, run_after=None
[2024-06-04T22:37:41.432+0000] {processor.py:183} INFO - Processing /home/airflow/.local/lib/python3.12/site-packages/airflow/example_dags/example_sensors.py took 0.159 seconds
[2024-06-04T22:38:11.762+0000] {processor.py:161} INFO - Started process (PID=117) to work on /home/airflow/.local/lib/python3.12/site-packages/airflow/example_dags/example_sensors.py
[2024-06-04T22:38:11.764+0000] {processor.py:830} INFO - Processing file /home/airflow/.local/lib/python3.12/site-packages/airflow/example_dags/example_sensors.py for tasks to queue
[2024-06-04T22:38:11.766+0000] {logging_mixin.py:188} INFO - [2024-06-04T22:38:11.766+0000] {dagbag.py:545} INFO - Filling up the DagBag from /home/airflow/.local/lib/python3.12/site-packages/airflow/example_dags/example_sensors.py
[2024-06-04T22:38:11.775+0000] {processor.py:840} INFO - DAG(s) 'example_sensors' retrieved from /home/airflow/.local/lib/python3.12/site-packages/airflow/example_dags/example_sensors.py
[2024-06-04T22:38:11.808+0000] {logging_mixin.py:188} INFO - [2024-06-04T22:38:11.807+0000] {dag.py:3096} INFO - Sync 1 DAGs
[2024-06-04T22:38:11.821+0000] {logging_mixin.py:188} INFO - [2024-06-04T22:38:11.821+0000] {dag.py:3954} INFO - Setting next_dagrun for example_sensors to None, run_after=None
[2024-06-04T22:38:11.846+0000] {processor.py:183} INFO - Processing /home/airflow/.local/lib/python3.12/site-packages/airflow/example_dags/example_sensors.py took 0.091 seconds
[2024-06-04T22:38:42.205+0000] {processor.py:161} INFO - Started process (PID=175) to work on /home/airflow/.local/lib/python3.12/site-packages/airflow/example_dags/example_sensors.py
[2024-06-04T22:38:42.206+0000] {processor.py:830} INFO - Processing file /home/airflow/.local/lib/python3.12/site-packages/airflow/example_dags/example_sensors.py for tasks to queue
[2024-06-04T22:38:42.209+0000] {logging_mixin.py:188} INFO - [2024-06-04T22:38:42.208+0000] {dagbag.py:545} INFO - Filling up the DagBag from /home/airflow/.local/lib/python3.12/site-packages/airflow/example_dags/example_sensors.py
[2024-06-04T22:38:42.217+0000] {processor.py:840} INFO - DAG(s) 'example_sensors' retrieved from /home/airflow/.local/lib/python3.12/site-packages/airflow/example_dags/example_sensors.py
[2024-06-04T22:38:42.242+0000] {logging_mixin.py:188} INFO - [2024-06-04T22:38:42.242+0000] {dag.py:3096} INFO - Sync 1 DAGs
[2024-06-04T22:38:42.253+0000] {logging_mixin.py:188} INFO - [2024-06-04T22:38:42.253+0000] {dag.py:3954} INFO - Setting next_dagrun for example_sensors to None, run_after=None
[2024-06-04T22:38:42.277+0000] {processor.py:183} INFO - Processing /home/airflow/.local/lib/python3.12/site-packages/airflow/example_dags/example_sensors.py took 0.078 seconds
[2024-06-04T22:39:12.565+0000] {processor.py:161} INFO - Started process (PID=233) to work on /home/airflow/.local/lib/python3.12/site-packages/airflow/example_dags/example_sensors.py
[2024-06-04T22:39:12.566+0000] {processor.py:830} INFO - Processing file /home/airflow/.local/lib/python3.12/site-packages/airflow/example_dags/example_sensors.py for tasks to queue
[2024-06-04T22:39:12.568+0000] {logging_mixin.py:188} INFO - [2024-06-04T22:39:12.568+0000] {dagbag.py:545} INFO - Filling up the DagBag from /home/airflow/.local/lib/python3.12/site-packages/airflow/example_dags/example_sensors.py
[2024-06-04T22:39:12.576+0000] {processor.py:840} INFO - DAG(s) 'example_sensors' retrieved from /home/airflow/.local/lib/python3.12/site-packages/airflow/example_dags/example_sensors.py
[2024-06-04T22:39:12.602+0000] {logging_mixin.py:188} INFO - [2024-06-04T22:39:12.602+0000] {dag.py:3096} INFO - Sync 1 DAGs
[2024-06-04T22:39:12.614+0000] {logging_mixin.py:188} INFO - [2024-06-04T22:39:12.613+0000] {dag.py:3954} INFO - Setting next_dagrun for example_sensors to None, run_after=None
[2024-06-04T22:39:12.633+0000] {processor.py:183} INFO - Processing /home/airflow/.local/lib/python3.12/site-packages/airflow/example_dags/example_sensors.py took 0.073 seconds
[2024-06-04T22:39:43.240+0000] {processor.py:161} INFO - Started process (PID=291) to work on /home/airflow/.local/lib/python3.12/site-packages/airflow/example_dags/example_sensors.py
[2024-06-04T22:39:43.242+0000] {processor.py:830} INFO - Processing file /home/airflow/.local/lib/python3.12/site-packages/airflow/example_dags/example_sensors.py for tasks to queue
[2024-06-04T22:39:43.245+0000] {logging_mixin.py:188} INFO - [2024-06-04T22:39:43.245+0000] {dagbag.py:545} INFO - Filling up the DagBag from /home/airflow/.local/lib/python3.12/site-packages/airflow/example_dags/example_sensors.py
[2024-06-04T22:39:43.257+0000] {processor.py:840} INFO - DAG(s) 'example_sensors' retrieved from /home/airflow/.local/lib/python3.12/site-packages/airflow/example_dags/example_sensors.py
[2024-06-04T22:39:43.293+0000] {logging_mixin.py:188} INFO - [2024-06-04T22:39:43.293+0000] {dag.py:3096} INFO - Sync 1 DAGs
[2024-06-04T22:39:43.310+0000] {logging_mixin.py:188} INFO - [2024-06-04T22:39:43.310+0000] {dag.py:3954} INFO - Setting next_dagrun for example_sensors to None, run_after=None
[2024-06-04T22:39:43.335+0000] {processor.py:183} INFO - Processing /home/airflow/.local/lib/python3.12/site-packages/airflow/example_dags/example_sensors.py took 0.102 seconds
[2024-06-04T22:40:13.689+0000] {processor.py:161} INFO - Started process (PID=349) to work on /home/airflow/.local/lib/python3.12/site-packages/airflow/example_dags/example_sensors.py
[2024-06-04T22:40:13.690+0000] {processor.py:830} INFO - Processing file /home/airflow/.local/lib/python3.12/site-packages/airflow/example_dags/example_sensors.py for tasks to queue
[2024-06-04T22:40:13.692+0000] {logging_mixin.py:188} INFO - [2024-06-04T22:40:13.692+0000] {dagbag.py:545} INFO - Filling up the DagBag from /home/airflow/.local/lib/python3.12/site-packages/airflow/example_dags/example_sensors.py
[2024-06-04T22:40:13.701+0000] {processor.py:840} INFO - DAG(s) 'example_sensors' retrieved from /home/airflow/.local/lib/python3.12/site-packages/airflow/example_dags/example_sensors.py
[2024-06-04T22:40:13.728+0000] {logging_mixin.py:188} INFO - [2024-06-04T22:40:13.728+0000] {dag.py:3096} INFO - Sync 1 DAGs
[2024-06-04T22:40:13.743+0000] {logging_mixin.py:188} INFO - [2024-06-04T22:40:13.742+0000] {dag.py:3954} INFO - Setting next_dagrun for example_sensors to None, run_after=None
[2024-06-04T22:40:13.763+0000] {processor.py:183} INFO - Processing /home/airflow/.local/lib/python3.12/site-packages/airflow/example_dags/example_sensors.py took 0.080 seconds
[2024-06-04T22:40:44.463+0000] {processor.py:161} INFO - Started process (PID=407) to work on /home/airflow/.local/lib/python3.12/site-packages/airflow/example_dags/example_sensors.py
[2024-06-04T22:40:44.464+0000] {processor.py:830} INFO - Processing file /home/airflow/.local/lib/python3.12/site-packages/airflow/example_dags/example_sensors.py for tasks to queue
[2024-06-04T22:40:44.467+0000] {logging_mixin.py:188} INFO - [2024-06-04T22:40:44.466+0000] {dagbag.py:545} INFO - Filling up the DagBag from /home/airflow/.local/lib/python3.12/site-packages/airflow/example_dags/example_sensors.py
[2024-06-04T22:40:44.476+0000] {processor.py:840} INFO - DAG(s) 'example_sensors' retrieved from /home/airflow/.local/lib/python3.12/site-packages/airflow/example_dags/example_sensors.py
[2024-06-04T22:40:44.501+0000] {logging_mixin.py:188} INFO - [2024-06-04T22:40:44.501+0000] {dag.py:3096} INFO - Sync 1 DAGs
[2024-06-04T22:40:44.513+0000] {logging_mixin.py:188} INFO - [2024-06-04T22:40:44.513+0000] {dag.py:3954} INFO - Setting next_dagrun for example_sensors to None, run_after=None
[2024-06-04T22:40:44.534+0000] {processor.py:183} INFO - Processing /home/airflow/.local/lib/python3.12/site-packages/airflow/example_dags/example_sensors.py took 0.077 seconds
[2024-06-04T22:41:15.043+0000] {processor.py:161} INFO - Started process (PID=465) to work on /home/airflow/.local/lib/python3.12/site-packages/airflow/example_dags/example_sensors.py
[2024-06-04T22:41:15.044+0000] {processor.py:830} INFO - Processing file /home/airflow/.local/lib/python3.12/site-packages/airflow/example_dags/example_sensors.py for tasks to queue
[2024-06-04T22:41:15.047+0000] {logging_mixin.py:188} INFO - [2024-06-04T22:41:15.046+0000] {dagbag.py:545} INFO - Filling up the DagBag from /home/airflow/.local/lib/python3.12/site-packages/airflow/example_dags/example_sensors.py
[2024-06-04T22:41:15.056+0000] {processor.py:840} INFO - DAG(s) 'example_sensors' retrieved from /home/airflow/.local/lib/python3.12/site-packages/airflow/example_dags/example_sensors.py
[2024-06-04T22:41:15.080+0000] {logging_mixin.py:188} INFO - [2024-06-04T22:41:15.080+0000] {dag.py:3096} INFO - Sync 1 DAGs
[2024-06-04T22:41:15.095+0000] {logging_mixin.py:188} INFO - [2024-06-04T22:41:15.095+0000] {dag.py:3954} INFO - Setting next_dagrun for example_sensors to None, run_after=None
[2024-06-04T22:41:15.116+0000] {processor.py:183} INFO - Processing /home/airflow/.local/lib/python3.12/site-packages/airflow/example_dags/example_sensors.py took 0.080 seconds
