[2024-06-04T22:37:43.103+0000] {processor.py:161} INFO - Started process (PID=77) to work on /home/airflow/.local/lib/python3.12/site-packages/airflow/example_dags/example_task_group_decorator.py
[2024-06-04T22:37:43.105+0000] {processor.py:830} INFO - Processing file /home/airflow/.local/lib/python3.12/site-packages/airflow/example_dags/example_task_group_decorator.py for tasks to queue
[2024-06-04T22:37:43.108+0000] {logging_mixin.py:188} INFO - [2024-06-04T22:37:43.108+0000] {dagbag.py:545} INFO - Filling up the DagBag from /home/airflow/.local/lib/python3.12/site-packages/airflow/example_dags/example_task_group_decorator.py
[2024-06-04T22:37:43.130+0000] {processor.py:840} INFO - DAG(s) 'example_task_group_decorator' retrieved from /home/airflow/.local/lib/python3.12/site-packages/airflow/example_dags/example_task_group_decorator.py
[2024-06-04T22:37:43.183+0000] {logging_mixin.py:188} INFO - [2024-06-04T22:37:43.183+0000] {dag.py:3096} INFO - Sync 1 DAGs
[2024-06-04T22:37:43.213+0000] {logging_mixin.py:188} INFO - [2024-06-04T22:37:43.213+0000] {dag.py:3954} INFO - Setting next_dagrun for example_task_group_decorator to 2024-06-03 00:00:00+00:00, run_after=2024-06-04 00:00:00+00:00
[2024-06-04T22:37:43.251+0000] {processor.py:183} INFO - Processing /home/airflow/.local/lib/python3.12/site-packages/airflow/example_dags/example_task_group_decorator.py took 0.155 seconds
[2024-06-04T22:38:14.033+0000] {processor.py:161} INFO - Started process (PID=135) to work on /home/airflow/.local/lib/python3.12/site-packages/airflow/example_dags/example_task_group_decorator.py
[2024-06-04T22:38:14.034+0000] {processor.py:830} INFO - Processing file /home/airflow/.local/lib/python3.12/site-packages/airflow/example_dags/example_task_group_decorator.py for tasks to queue
[2024-06-04T22:38:14.037+0000] {logging_mixin.py:188} INFO - [2024-06-04T22:38:14.036+0000] {dagbag.py:545} INFO - Filling up the DagBag from /home/airflow/.local/lib/python3.12/site-packages/airflow/example_dags/example_task_group_decorator.py
[2024-06-04T22:38:14.049+0000] {processor.py:840} INFO - DAG(s) 'example_task_group_decorator' retrieved from /home/airflow/.local/lib/python3.12/site-packages/airflow/example_dags/example_task_group_decorator.py
[2024-06-04T22:38:14.074+0000] {logging_mixin.py:188} INFO - [2024-06-04T22:38:14.073+0000] {dag.py:3096} INFO - Sync 1 DAGs
[2024-06-04T22:38:14.095+0000] {logging_mixin.py:188} INFO - [2024-06-04T22:38:14.095+0000] {dag.py:3954} INFO - Setting next_dagrun for example_task_group_decorator to 2024-06-03 00:00:00+00:00, run_after=2024-06-04 00:00:00+00:00
[2024-06-04T22:38:14.117+0000] {processor.py:183} INFO - Processing /home/airflow/.local/lib/python3.12/site-packages/airflow/example_dags/example_task_group_decorator.py took 0.090 seconds
[2024-06-04T22:38:44.355+0000] {processor.py:161} INFO - Started process (PID=193) to work on /home/airflow/.local/lib/python3.12/site-packages/airflow/example_dags/example_task_group_decorator.py
[2024-06-04T22:38:44.356+0000] {processor.py:830} INFO - Processing file /home/airflow/.local/lib/python3.12/site-packages/airflow/example_dags/example_task_group_decorator.py for tasks to queue
[2024-06-04T22:38:44.359+0000] {logging_mixin.py:188} INFO - [2024-06-04T22:38:44.358+0000] {dagbag.py:545} INFO - Filling up the DagBag from /home/airflow/.local/lib/python3.12/site-packages/airflow/example_dags/example_task_group_decorator.py
[2024-06-04T22:38:44.373+0000] {processor.py:840} INFO - DAG(s) 'example_task_group_decorator' retrieved from /home/airflow/.local/lib/python3.12/site-packages/airflow/example_dags/example_task_group_decorator.py
[2024-06-04T22:38:44.397+0000] {logging_mixin.py:188} INFO - [2024-06-04T22:38:44.397+0000] {dag.py:3096} INFO - Sync 1 DAGs
[2024-06-04T22:38:44.416+0000] {logging_mixin.py:188} INFO - [2024-06-04T22:38:44.416+0000] {dag.py:3954} INFO - Setting next_dagrun for example_task_group_decorator to 2024-06-03 00:00:00+00:00, run_after=2024-06-04 00:00:00+00:00
[2024-06-04T22:38:44.436+0000] {processor.py:183} INFO - Processing /home/airflow/.local/lib/python3.12/site-packages/airflow/example_dags/example_task_group_decorator.py took 0.086 seconds
[2024-06-04T22:39:14.810+0000] {processor.py:161} INFO - Started process (PID=251) to work on /home/airflow/.local/lib/python3.12/site-packages/airflow/example_dags/example_task_group_decorator.py
[2024-06-04T22:39:14.811+0000] {processor.py:830} INFO - Processing file /home/airflow/.local/lib/python3.12/site-packages/airflow/example_dags/example_task_group_decorator.py for tasks to queue
[2024-06-04T22:39:14.814+0000] {logging_mixin.py:188} INFO - [2024-06-04T22:39:14.813+0000] {dagbag.py:545} INFO - Filling up the DagBag from /home/airflow/.local/lib/python3.12/site-packages/airflow/example_dags/example_task_group_decorator.py
[2024-06-04T22:39:14.827+0000] {processor.py:840} INFO - DAG(s) 'example_task_group_decorator' retrieved from /home/airflow/.local/lib/python3.12/site-packages/airflow/example_dags/example_task_group_decorator.py
[2024-06-04T22:39:14.850+0000] {logging_mixin.py:188} INFO - [2024-06-04T22:39:14.850+0000] {dag.py:3096} INFO - Sync 1 DAGs
[2024-06-04T22:39:14.869+0000] {logging_mixin.py:188} INFO - [2024-06-04T22:39:14.869+0000] {dag.py:3954} INFO - Setting next_dagrun for example_task_group_decorator to 2024-06-03 00:00:00+00:00, run_after=2024-06-04 00:00:00+00:00
[2024-06-04T22:39:14.889+0000] {processor.py:183} INFO - Processing /home/airflow/.local/lib/python3.12/site-packages/airflow/example_dags/example_task_group_decorator.py took 0.084 seconds
[2024-06-04T22:39:45.612+0000] {processor.py:161} INFO - Started process (PID=309) to work on /home/airflow/.local/lib/python3.12/site-packages/airflow/example_dags/example_task_group_decorator.py
[2024-06-04T22:39:45.614+0000] {processor.py:830} INFO - Processing file /home/airflow/.local/lib/python3.12/site-packages/airflow/example_dags/example_task_group_decorator.py for tasks to queue
[2024-06-04T22:39:45.616+0000] {logging_mixin.py:188} INFO - [2024-06-04T22:39:45.616+0000] {dagbag.py:545} INFO - Filling up the DagBag from /home/airflow/.local/lib/python3.12/site-packages/airflow/example_dags/example_task_group_decorator.py
[2024-06-04T22:39:45.629+0000] {processor.py:840} INFO - DAG(s) 'example_task_group_decorator' retrieved from /home/airflow/.local/lib/python3.12/site-packages/airflow/example_dags/example_task_group_decorator.py
[2024-06-04T22:39:45.654+0000] {logging_mixin.py:188} INFO - [2024-06-04T22:39:45.653+0000] {dag.py:3096} INFO - Sync 1 DAGs
[2024-06-04T22:39:45.675+0000] {logging_mixin.py:188} INFO - [2024-06-04T22:39:45.674+0000] {dag.py:3954} INFO - Setting next_dagrun for example_task_group_decorator to 2024-06-03 00:00:00+00:00, run_after=2024-06-04 00:00:00+00:00
[2024-06-04T22:39:45.695+0000] {processor.py:183} INFO - Processing /home/airflow/.local/lib/python3.12/site-packages/airflow/example_dags/example_task_group_decorator.py took 0.090 seconds
[2024-06-04T22:40:16.450+0000] {processor.py:161} INFO - Started process (PID=367) to work on /home/airflow/.local/lib/python3.12/site-packages/airflow/example_dags/example_task_group_decorator.py
[2024-06-04T22:40:16.453+0000] {processor.py:830} INFO - Processing file /home/airflow/.local/lib/python3.12/site-packages/airflow/example_dags/example_task_group_decorator.py for tasks to queue
[2024-06-04T22:40:16.458+0000] {logging_mixin.py:188} INFO - [2024-06-04T22:40:16.457+0000] {dagbag.py:545} INFO - Filling up the DagBag from /home/airflow/.local/lib/python3.12/site-packages/airflow/example_dags/example_task_group_decorator.py
[2024-06-04T22:40:16.474+0000] {processor.py:840} INFO - DAG(s) 'example_task_group_decorator' retrieved from /home/airflow/.local/lib/python3.12/site-packages/airflow/example_dags/example_task_group_decorator.py
[2024-06-04T22:40:16.497+0000] {logging_mixin.py:188} INFO - [2024-06-04T22:40:16.497+0000] {dag.py:3096} INFO - Sync 1 DAGs
[2024-06-04T22:40:16.516+0000] {logging_mixin.py:188} INFO - [2024-06-04T22:40:16.516+0000] {dag.py:3954} INFO - Setting next_dagrun for example_task_group_decorator to 2024-06-03 00:00:00+00:00, run_after=2024-06-04 00:00:00+00:00
[2024-06-04T22:40:16.537+0000] {processor.py:183} INFO - Processing /home/airflow/.local/lib/python3.12/site-packages/airflow/example_dags/example_task_group_decorator.py took 0.099 seconds
[2024-06-04T22:40:47.234+0000] {processor.py:161} INFO - Started process (PID=425) to work on /home/airflow/.local/lib/python3.12/site-packages/airflow/example_dags/example_task_group_decorator.py
[2024-06-04T22:40:47.236+0000] {processor.py:830} INFO - Processing file /home/airflow/.local/lib/python3.12/site-packages/airflow/example_dags/example_task_group_decorator.py for tasks to queue
[2024-06-04T22:40:47.239+0000] {logging_mixin.py:188} INFO - [2024-06-04T22:40:47.238+0000] {dagbag.py:545} INFO - Filling up the DagBag from /home/airflow/.local/lib/python3.12/site-packages/airflow/example_dags/example_task_group_decorator.py
[2024-06-04T22:40:47.255+0000] {processor.py:840} INFO - DAG(s) 'example_task_group_decorator' retrieved from /home/airflow/.local/lib/python3.12/site-packages/airflow/example_dags/example_task_group_decorator.py
[2024-06-04T22:40:47.286+0000] {logging_mixin.py:188} INFO - [2024-06-04T22:40:47.286+0000] {dag.py:3096} INFO - Sync 1 DAGs
[2024-06-04T22:40:47.320+0000] {logging_mixin.py:188} INFO - [2024-06-04T22:40:47.319+0000] {dag.py:3954} INFO - Setting next_dagrun for example_task_group_decorator to 2024-06-03 00:00:00+00:00, run_after=2024-06-04 00:00:00+00:00
[2024-06-04T22:40:47.354+0000] {processor.py:183} INFO - Processing /home/airflow/.local/lib/python3.12/site-packages/airflow/example_dags/example_task_group_decorator.py took 0.127 seconds
[2024-06-04T22:41:17.578+0000] {processor.py:161} INFO - Started process (PID=483) to work on /home/airflow/.local/lib/python3.12/site-packages/airflow/example_dags/example_task_group_decorator.py
[2024-06-04T22:41:17.580+0000] {processor.py:830} INFO - Processing file /home/airflow/.local/lib/python3.12/site-packages/airflow/example_dags/example_task_group_decorator.py for tasks to queue
[2024-06-04T22:41:17.587+0000] {logging_mixin.py:188} INFO - [2024-06-04T22:41:17.586+0000] {dagbag.py:545} INFO - Filling up the DagBag from /home/airflow/.local/lib/python3.12/site-packages/airflow/example_dags/example_task_group_decorator.py
[2024-06-04T22:41:17.617+0000] {processor.py:840} INFO - DAG(s) 'example_task_group_decorator' retrieved from /home/airflow/.local/lib/python3.12/site-packages/airflow/example_dags/example_task_group_decorator.py
[2024-06-04T22:41:17.674+0000] {logging_mixin.py:188} INFO - [2024-06-04T22:41:17.673+0000] {dag.py:3096} INFO - Sync 1 DAGs
[2024-06-04T22:41:17.699+0000] {logging_mixin.py:188} INFO - [2024-06-04T22:41:17.699+0000] {dag.py:3954} INFO - Setting next_dagrun for example_task_group_decorator to 2024-06-03 00:00:00+00:00, run_after=2024-06-04 00:00:00+00:00
[2024-06-04T22:41:17.726+0000] {processor.py:183} INFO - Processing /home/airflow/.local/lib/python3.12/site-packages/airflow/example_dags/example_task_group_decorator.py took 0.165 seconds
