[2024-06-04T22:37:43.804+0000] {processor.py:161} INFO - Started process (PID=85) to work on /home/airflow/.local/lib/python3.12/site-packages/airflow/example_dags/example_subdag_operator.py
[2024-06-04T22:37:43.806+0000] {processor.py:830} INFO - Processing file /home/airflow/.local/lib/python3.12/site-packages/airflow/example_dags/example_subdag_operator.py for tasks to queue
[2024-06-04T22:37:43.809+0000] {logging_mixin.py:188} INFO - [2024-06-04T22:37:43.809+0000] {dagbag.py:545} INFO - Filling up the DagBag from /home/airflow/.local/lib/python3.12/site-packages/airflow/example_dags/example_subdag_operator.py
[2024-06-04T22:37:43.838+0000] {processor.py:840} INFO - DAG(s) 'example_subdag_operator.section-1', 'example_subdag_operator.section-2', 'example_subdag_operator' retrieved from /home/airflow/.local/lib/python3.12/site-packages/airflow/example_dags/example_subdag_operator.py
[2024-06-04T22:37:43.861+0000] {logging_mixin.py:188} INFO - [2024-06-04T22:37:43.860+0000] {dag.py:3096} INFO - Sync 3 DAGs
[2024-06-04T22:37:43.902+0000] {logging_mixin.py:188} INFO - [2024-06-04T22:37:43.901+0000] {dag.py:3954} INFO - Setting next_dagrun for example_subdag_operator to 2022-01-01 00:00:00+00:00, run_after=2022-01-01 00:00:00+00:00
[2024-06-04T22:37:43.912+0000] {logging_mixin.py:188} INFO - [2024-06-04T22:37:43.911+0000] {dag.py:3954} INFO - Setting next_dagrun for example_subdag_operator.section-1 to None, run_after=None
[2024-06-04T22:37:43.916+0000] {logging_mixin.py:188} INFO - [2024-06-04T22:37:43.915+0000] {dag.py:3954} INFO - Setting next_dagrun for example_subdag_operator.section-2 to None, run_after=None
[2024-06-04T22:37:43.932+0000] {logging_mixin.py:188} INFO - [2024-06-04T22:37:43.931+0000] {dag.py:3096} INFO - Sync 2 DAGs
[2024-06-04T22:37:43.946+0000] {logging_mixin.py:188} INFO - [2024-06-04T22:37:43.946+0000] {dag.py:3954} INFO - Setting next_dagrun for example_subdag_operator.section-1 to None, run_after=None
[2024-06-04T22:37:43.948+0000] {logging_mixin.py:188} INFO - [2024-06-04T22:37:43.947+0000] {dag.py:3954} INFO - Setting next_dagrun for example_subdag_operator.section-2 to None, run_after=None
[2024-06-04T22:37:43.973+0000] {processor.py:183} INFO - Processing /home/airflow/.local/lib/python3.12/site-packages/airflow/example_dags/example_subdag_operator.py took 0.175 seconds
[2024-06-04T22:38:14.493+0000] {processor.py:161} INFO - Started process (PID=143) to work on /home/airflow/.local/lib/python3.12/site-packages/airflow/example_dags/example_subdag_operator.py
[2024-06-04T22:38:14.495+0000] {processor.py:830} INFO - Processing file /home/airflow/.local/lib/python3.12/site-packages/airflow/example_dags/example_subdag_operator.py for tasks to queue
[2024-06-04T22:38:14.498+0000] {logging_mixin.py:188} INFO - [2024-06-04T22:38:14.497+0000] {dagbag.py:545} INFO - Filling up the DagBag from /home/airflow/.local/lib/python3.12/site-packages/airflow/example_dags/example_subdag_operator.py
[2024-06-04T22:38:14.528+0000] {processor.py:840} INFO - DAG(s) 'example_subdag_operator.section-1', 'example_subdag_operator.section-2', 'example_subdag_operator' retrieved from /home/airflow/.local/lib/python3.12/site-packages/airflow/example_dags/example_subdag_operator.py
[2024-06-04T22:38:14.548+0000] {logging_mixin.py:188} INFO - [2024-06-04T22:38:14.547+0000] {dag.py:3096} INFO - Sync 3 DAGs
[2024-06-04T22:38:14.570+0000] {logging_mixin.py:188} INFO - [2024-06-04T22:38:14.570+0000] {dag.py:3954} INFO - Setting next_dagrun for example_subdag_operator to 2022-01-01 00:00:00+00:00, run_after=2022-01-01 00:00:00+00:00
[2024-06-04T22:38:14.573+0000] {logging_mixin.py:188} INFO - [2024-06-04T22:38:14.573+0000] {dag.py:3954} INFO - Setting next_dagrun for example_subdag_operator.section-1 to None, run_after=None
[2024-06-04T22:38:14.575+0000] {logging_mixin.py:188} INFO - [2024-06-04T22:38:14.575+0000] {dag.py:3954} INFO - Setting next_dagrun for example_subdag_operator.section-2 to None, run_after=None
[2024-06-04T22:38:14.584+0000] {logging_mixin.py:188} INFO - [2024-06-04T22:38:14.584+0000] {dag.py:3096} INFO - Sync 2 DAGs
[2024-06-04T22:38:14.592+0000] {logging_mixin.py:188} INFO - [2024-06-04T22:38:14.591+0000] {dag.py:3954} INFO - Setting next_dagrun for example_subdag_operator.section-1 to None, run_after=None
[2024-06-04T22:38:14.593+0000] {logging_mixin.py:188} INFO - [2024-06-04T22:38:14.592+0000] {dag.py:3954} INFO - Setting next_dagrun for example_subdag_operator.section-2 to None, run_after=None
[2024-06-04T22:38:14.608+0000] {processor.py:183} INFO - Processing /home/airflow/.local/lib/python3.12/site-packages/airflow/example_dags/example_subdag_operator.py took 0.120 seconds
[2024-06-04T22:38:44.768+0000] {processor.py:161} INFO - Started process (PID=201) to work on /home/airflow/.local/lib/python3.12/site-packages/airflow/example_dags/example_subdag_operator.py
[2024-06-04T22:38:44.769+0000] {processor.py:830} INFO - Processing file /home/airflow/.local/lib/python3.12/site-packages/airflow/example_dags/example_subdag_operator.py for tasks to queue
[2024-06-04T22:38:44.772+0000] {logging_mixin.py:188} INFO - [2024-06-04T22:38:44.771+0000] {dagbag.py:545} INFO - Filling up the DagBag from /home/airflow/.local/lib/python3.12/site-packages/airflow/example_dags/example_subdag_operator.py
[2024-06-04T22:38:44.795+0000] {processor.py:840} INFO - DAG(s) 'example_subdag_operator.section-1', 'example_subdag_operator.section-2', 'example_subdag_operator' retrieved from /home/airflow/.local/lib/python3.12/site-packages/airflow/example_dags/example_subdag_operator.py
[2024-06-04T22:38:44.810+0000] {logging_mixin.py:188} INFO - [2024-06-04T22:38:44.809+0000] {dag.py:3096} INFO - Sync 3 DAGs
[2024-06-04T22:38:44.830+0000] {logging_mixin.py:188} INFO - [2024-06-04T22:38:44.830+0000] {dag.py:3954} INFO - Setting next_dagrun for example_subdag_operator to 2022-01-01 00:00:00+00:00, run_after=2022-01-01 00:00:00+00:00
[2024-06-04T22:38:44.834+0000] {logging_mixin.py:188} INFO - [2024-06-04T22:38:44.834+0000] {dag.py:3954} INFO - Setting next_dagrun for example_subdag_operator.section-1 to None, run_after=None
[2024-06-04T22:38:44.836+0000] {logging_mixin.py:188} INFO - [2024-06-04T22:38:44.835+0000] {dag.py:3954} INFO - Setting next_dagrun for example_subdag_operator.section-2 to None, run_after=None
[2024-06-04T22:38:44.843+0000] {logging_mixin.py:188} INFO - [2024-06-04T22:38:44.843+0000] {dag.py:3096} INFO - Sync 2 DAGs
[2024-06-04T22:38:44.848+0000] {logging_mixin.py:188} INFO - [2024-06-04T22:38:44.848+0000] {dag.py:3954} INFO - Setting next_dagrun for example_subdag_operator.section-1 to None, run_after=None
[2024-06-04T22:38:44.849+0000] {logging_mixin.py:188} INFO - [2024-06-04T22:38:44.849+0000] {dag.py:3954} INFO - Setting next_dagrun for example_subdag_operator.section-2 to None, run_after=None
[2024-06-04T22:38:44.862+0000] {processor.py:183} INFO - Processing /home/airflow/.local/lib/python3.12/site-packages/airflow/example_dags/example_subdag_operator.py took 0.099 seconds
[2024-06-04T22:39:15.271+0000] {processor.py:161} INFO - Started process (PID=259) to work on /home/airflow/.local/lib/python3.12/site-packages/airflow/example_dags/example_subdag_operator.py
[2024-06-04T22:39:15.272+0000] {processor.py:830} INFO - Processing file /home/airflow/.local/lib/python3.12/site-packages/airflow/example_dags/example_subdag_operator.py for tasks to queue
[2024-06-04T22:39:15.274+0000] {logging_mixin.py:188} INFO - [2024-06-04T22:39:15.274+0000] {dagbag.py:545} INFO - Filling up the DagBag from /home/airflow/.local/lib/python3.12/site-packages/airflow/example_dags/example_subdag_operator.py
[2024-06-04T22:39:15.296+0000] {processor.py:840} INFO - DAG(s) 'example_subdag_operator.section-1', 'example_subdag_operator.section-2', 'example_subdag_operator' retrieved from /home/airflow/.local/lib/python3.12/site-packages/airflow/example_dags/example_subdag_operator.py
[2024-06-04T22:39:15.311+0000] {logging_mixin.py:188} INFO - [2024-06-04T22:39:15.311+0000] {dag.py:3096} INFO - Sync 3 DAGs
[2024-06-04T22:39:15.330+0000] {logging_mixin.py:188} INFO - [2024-06-04T22:39:15.330+0000] {dag.py:3954} INFO - Setting next_dagrun for example_subdag_operator to 2022-01-01 00:00:00+00:00, run_after=2022-01-01 00:00:00+00:00
[2024-06-04T22:39:15.334+0000] {logging_mixin.py:188} INFO - [2024-06-04T22:39:15.334+0000] {dag.py:3954} INFO - Setting next_dagrun for example_subdag_operator.section-1 to None, run_after=None
[2024-06-04T22:39:15.336+0000] {logging_mixin.py:188} INFO - [2024-06-04T22:39:15.336+0000] {dag.py:3954} INFO - Setting next_dagrun for example_subdag_operator.section-2 to None, run_after=None
[2024-06-04T22:39:15.343+0000] {logging_mixin.py:188} INFO - [2024-06-04T22:39:15.342+0000] {dag.py:3096} INFO - Sync 2 DAGs
[2024-06-04T22:39:15.348+0000] {logging_mixin.py:188} INFO - [2024-06-04T22:39:15.348+0000] {dag.py:3954} INFO - Setting next_dagrun for example_subdag_operator.section-1 to None, run_after=None
[2024-06-04T22:39:15.349+0000] {logging_mixin.py:188} INFO - [2024-06-04T22:39:15.349+0000] {dag.py:3954} INFO - Setting next_dagrun for example_subdag_operator.section-2 to None, run_after=None
[2024-06-04T22:39:15.362+0000] {processor.py:183} INFO - Processing /home/airflow/.local/lib/python3.12/site-packages/airflow/example_dags/example_subdag_operator.py took 0.097 seconds
[2024-06-04T22:39:46.453+0000] {processor.py:161} INFO - Started process (PID=317) to work on /home/airflow/.local/lib/python3.12/site-packages/airflow/example_dags/example_subdag_operator.py
[2024-06-04T22:39:46.461+0000] {processor.py:830} INFO - Processing file /home/airflow/.local/lib/python3.12/site-packages/airflow/example_dags/example_subdag_operator.py for tasks to queue
[2024-06-04T22:39:46.467+0000] {logging_mixin.py:188} INFO - [2024-06-04T22:39:46.466+0000] {dagbag.py:545} INFO - Filling up the DagBag from /home/airflow/.local/lib/python3.12/site-packages/airflow/example_dags/example_subdag_operator.py
[2024-06-04T22:39:46.499+0000] {processor.py:840} INFO - DAG(s) 'example_subdag_operator.section-1', 'example_subdag_operator.section-2', 'example_subdag_operator' retrieved from /home/airflow/.local/lib/python3.12/site-packages/airflow/example_dags/example_subdag_operator.py
[2024-06-04T22:39:46.520+0000] {logging_mixin.py:188} INFO - [2024-06-04T22:39:46.520+0000] {dag.py:3096} INFO - Sync 3 DAGs
[2024-06-04T22:39:46.542+0000] {logging_mixin.py:188} INFO - [2024-06-04T22:39:46.542+0000] {dag.py:3954} INFO - Setting next_dagrun for example_subdag_operator to 2022-01-01 00:00:00+00:00, run_after=2022-01-01 00:00:00+00:00
[2024-06-04T22:39:46.560+0000] {logging_mixin.py:188} INFO - [2024-06-04T22:39:46.560+0000] {dag.py:3954} INFO - Setting next_dagrun for example_subdag_operator.section-1 to None, run_after=None
[2024-06-04T22:39:46.565+0000] {logging_mixin.py:188} INFO - [2024-06-04T22:39:46.565+0000] {dag.py:3954} INFO - Setting next_dagrun for example_subdag_operator.section-2 to None, run_after=None
[2024-06-04T22:39:46.586+0000] {logging_mixin.py:188} INFO - [2024-06-04T22:39:46.585+0000] {dag.py:3096} INFO - Sync 2 DAGs
[2024-06-04T22:39:46.600+0000] {logging_mixin.py:188} INFO - [2024-06-04T22:39:46.599+0000] {dag.py:3954} INFO - Setting next_dagrun for example_subdag_operator.section-1 to None, run_after=None
[2024-06-04T22:39:46.601+0000] {logging_mixin.py:188} INFO - [2024-06-04T22:39:46.601+0000] {dag.py:3954} INFO - Setting next_dagrun for example_subdag_operator.section-2 to None, run_after=None
[2024-06-04T22:39:46.621+0000] {processor.py:183} INFO - Processing /home/airflow/.local/lib/python3.12/site-packages/airflow/example_dags/example_subdag_operator.py took 0.186 seconds
[2024-06-04T22:40:17.215+0000] {processor.py:161} INFO - Started process (PID=375) to work on /home/airflow/.local/lib/python3.12/site-packages/airflow/example_dags/example_subdag_operator.py
[2024-06-04T22:40:17.216+0000] {processor.py:830} INFO - Processing file /home/airflow/.local/lib/python3.12/site-packages/airflow/example_dags/example_subdag_operator.py for tasks to queue
[2024-06-04T22:40:17.219+0000] {logging_mixin.py:188} INFO - [2024-06-04T22:40:17.219+0000] {dagbag.py:545} INFO - Filling up the DagBag from /home/airflow/.local/lib/python3.12/site-packages/airflow/example_dags/example_subdag_operator.py
[2024-06-04T22:40:17.250+0000] {processor.py:840} INFO - DAG(s) 'example_subdag_operator.section-1', 'example_subdag_operator.section-2', 'example_subdag_operator' retrieved from /home/airflow/.local/lib/python3.12/site-packages/airflow/example_dags/example_subdag_operator.py
[2024-06-04T22:40:17.272+0000] {logging_mixin.py:188} INFO - [2024-06-04T22:40:17.272+0000] {dag.py:3096} INFO - Sync 3 DAGs
[2024-06-04T22:40:17.310+0000] {logging_mixin.py:188} INFO - [2024-06-04T22:40:17.309+0000] {dag.py:3954} INFO - Setting next_dagrun for example_subdag_operator to 2022-01-01 00:00:00+00:00, run_after=2022-01-01 00:00:00+00:00
[2024-06-04T22:40:17.315+0000] {logging_mixin.py:188} INFO - [2024-06-04T22:40:17.315+0000] {dag.py:3954} INFO - Setting next_dagrun for example_subdag_operator.section-1 to None, run_after=None
[2024-06-04T22:40:17.318+0000] {logging_mixin.py:188} INFO - [2024-06-04T22:40:17.318+0000] {dag.py:3954} INFO - Setting next_dagrun for example_subdag_operator.section-2 to None, run_after=None
[2024-06-04T22:40:17.326+0000] {logging_mixin.py:188} INFO - [2024-06-04T22:40:17.326+0000] {dag.py:3096} INFO - Sync 2 DAGs
[2024-06-04T22:40:17.334+0000] {logging_mixin.py:188} INFO - [2024-06-04T22:40:17.333+0000] {dag.py:3954} INFO - Setting next_dagrun for example_subdag_operator.section-1 to None, run_after=None
[2024-06-04T22:40:17.335+0000] {logging_mixin.py:188} INFO - [2024-06-04T22:40:17.335+0000] {dag.py:3954} INFO - Setting next_dagrun for example_subdag_operator.section-2 to None, run_after=None
[2024-06-04T22:40:17.354+0000] {processor.py:183} INFO - Processing /home/airflow/.local/lib/python3.12/site-packages/airflow/example_dags/example_subdag_operator.py took 0.145 seconds
[2024-06-04T22:40:47.758+0000] {processor.py:161} INFO - Started process (PID=433) to work on /home/airflow/.local/lib/python3.12/site-packages/airflow/example_dags/example_subdag_operator.py
[2024-06-04T22:40:47.762+0000] {processor.py:830} INFO - Processing file /home/airflow/.local/lib/python3.12/site-packages/airflow/example_dags/example_subdag_operator.py for tasks to queue
[2024-06-04T22:40:47.765+0000] {logging_mixin.py:188} INFO - [2024-06-04T22:40:47.765+0000] {dagbag.py:545} INFO - Filling up the DagBag from /home/airflow/.local/lib/python3.12/site-packages/airflow/example_dags/example_subdag_operator.py
[2024-06-04T22:40:47.794+0000] {processor.py:840} INFO - DAG(s) 'example_subdag_operator.section-1', 'example_subdag_operator.section-2', 'example_subdag_operator' retrieved from /home/airflow/.local/lib/python3.12/site-packages/airflow/example_dags/example_subdag_operator.py
[2024-06-04T22:40:47.813+0000] {logging_mixin.py:188} INFO - [2024-06-04T22:40:47.813+0000] {dag.py:3096} INFO - Sync 3 DAGs
[2024-06-04T22:40:47.837+0000] {logging_mixin.py:188} INFO - [2024-06-04T22:40:47.837+0000] {dag.py:3954} INFO - Setting next_dagrun for example_subdag_operator to 2022-01-01 00:00:00+00:00, run_after=2022-01-01 00:00:00+00:00
[2024-06-04T22:40:47.843+0000] {logging_mixin.py:188} INFO - [2024-06-04T22:40:47.842+0000] {dag.py:3954} INFO - Setting next_dagrun for example_subdag_operator.section-1 to None, run_after=None
[2024-06-04T22:40:47.845+0000] {logging_mixin.py:188} INFO - [2024-06-04T22:40:47.844+0000] {dag.py:3954} INFO - Setting next_dagrun for example_subdag_operator.section-2 to None, run_after=None
[2024-06-04T22:40:47.854+0000] {logging_mixin.py:188} INFO - [2024-06-04T22:40:47.854+0000] {dag.py:3096} INFO - Sync 2 DAGs
[2024-06-04T22:40:47.863+0000] {logging_mixin.py:188} INFO - [2024-06-04T22:40:47.863+0000] {dag.py:3954} INFO - Setting next_dagrun for example_subdag_operator.section-1 to None, run_after=None
[2024-06-04T22:40:47.864+0000] {logging_mixin.py:188} INFO - [2024-06-04T22:40:47.864+0000] {dag.py:3954} INFO - Setting next_dagrun for example_subdag_operator.section-2 to None, run_after=None
[2024-06-04T22:40:47.878+0000] {processor.py:183} INFO - Processing /home/airflow/.local/lib/python3.12/site-packages/airflow/example_dags/example_subdag_operator.py took 0.127 seconds
[2024-06-04T22:41:18.443+0000] {processor.py:161} INFO - Started process (PID=497) to work on /home/airflow/.local/lib/python3.12/site-packages/airflow/example_dags/example_subdag_operator.py
[2024-06-04T22:41:18.445+0000] {processor.py:830} INFO - Processing file /home/airflow/.local/lib/python3.12/site-packages/airflow/example_dags/example_subdag_operator.py for tasks to queue
[2024-06-04T22:41:18.447+0000] {logging_mixin.py:188} INFO - [2024-06-04T22:41:18.447+0000] {dagbag.py:545} INFO - Filling up the DagBag from /home/airflow/.local/lib/python3.12/site-packages/airflow/example_dags/example_subdag_operator.py
[2024-06-04T22:41:18.479+0000] {processor.py:840} INFO - DAG(s) 'example_subdag_operator.section-1', 'example_subdag_operator.section-2', 'example_subdag_operator' retrieved from /home/airflow/.local/lib/python3.12/site-packages/airflow/example_dags/example_subdag_operator.py
[2024-06-04T22:41:18.499+0000] {logging_mixin.py:188} INFO - [2024-06-04T22:41:18.499+0000] {dag.py:3096} INFO - Sync 3 DAGs
[2024-06-04T22:41:18.532+0000] {logging_mixin.py:188} INFO - [2024-06-04T22:41:18.532+0000] {dag.py:3954} INFO - Setting next_dagrun for example_subdag_operator to 2022-01-01 00:00:00+00:00, run_after=2022-01-01 00:00:00+00:00
[2024-06-04T22:41:18.538+0000] {logging_mixin.py:188} INFO - [2024-06-04T22:41:18.538+0000] {dag.py:3954} INFO - Setting next_dagrun for example_subdag_operator.section-1 to None, run_after=None
[2024-06-04T22:41:18.541+0000] {logging_mixin.py:188} INFO - [2024-06-04T22:41:18.540+0000] {dag.py:3954} INFO - Setting next_dagrun for example_subdag_operator.section-2 to None, run_after=None
[2024-06-04T22:41:18.552+0000] {logging_mixin.py:188} INFO - [2024-06-04T22:41:18.551+0000] {dag.py:3096} INFO - Sync 2 DAGs
[2024-06-04T22:41:18.560+0000] {logging_mixin.py:188} INFO - [2024-06-04T22:41:18.559+0000] {dag.py:3954} INFO - Setting next_dagrun for example_subdag_operator.section-1 to None, run_after=None
[2024-06-04T22:41:18.561+0000] {logging_mixin.py:188} INFO - [2024-06-04T22:41:18.560+0000] {dag.py:3954} INFO - Setting next_dagrun for example_subdag_operator.section-2 to None, run_after=None
[2024-06-04T22:41:18.577+0000] {processor.py:183} INFO - Processing /home/airflow/.local/lib/python3.12/site-packages/airflow/example_dags/example_subdag_operator.py took 0.142 seconds
