[2024-06-04T22:37:42.375+0000] {processor.py:161} INFO - Started process (PID=70) to work on /home/airflow/.local/lib/python3.12/site-packages/airflow/example_dags/example_python_operator.py
[2024-06-04T22:37:42.377+0000] {processor.py:830} INFO - Processing file /home/airflow/.local/lib/python3.12/site-packages/airflow/example_dags/example_python_operator.py for tasks to queue
[2024-06-04T22:37:42.379+0000] {logging_mixin.py:188} INFO - [2024-06-04T22:37:42.379+0000] {dagbag.py:545} INFO - Filling up the DagBag from /home/airflow/.local/lib/python3.12/site-packages/airflow/example_dags/example_python_operator.py
[2024-06-04T22:37:42.398+0000] {processor.py:840} INFO - DAG(s) 'example_python_operator' retrieved from /home/airflow/.local/lib/python3.12/site-packages/airflow/example_dags/example_python_operator.py
[2024-06-04T22:37:42.551+0000] {logging_mixin.py:188} INFO - [2024-06-04T22:37:42.551+0000] {dag.py:3096} INFO - Sync 1 DAGs
[2024-06-04T22:37:42.567+0000] {logging_mixin.py:188} INFO - [2024-06-04T22:37:42.567+0000] {dag.py:3954} INFO - Setting next_dagrun for example_python_operator to None, run_after=None
[2024-06-04T22:37:42.593+0000] {processor.py:183} INFO - Processing /home/airflow/.local/lib/python3.12/site-packages/airflow/example_dags/example_python_operator.py took 0.225 seconds
[2024-06-04T22:38:12.680+0000] {processor.py:161} INFO - Started process (PID=128) to work on /home/airflow/.local/lib/python3.12/site-packages/airflow/example_dags/example_python_operator.py
[2024-06-04T22:38:12.681+0000] {processor.py:830} INFO - Processing file /home/airflow/.local/lib/python3.12/site-packages/airflow/example_dags/example_python_operator.py for tasks to queue
[2024-06-04T22:38:12.684+0000] {logging_mixin.py:188} INFO - [2024-06-04T22:38:12.684+0000] {dagbag.py:545} INFO - Filling up the DagBag from /home/airflow/.local/lib/python3.12/site-packages/airflow/example_dags/example_python_operator.py
[2024-06-04T22:38:12.702+0000] {processor.py:840} INFO - DAG(s) 'example_python_operator' retrieved from /home/airflow/.local/lib/python3.12/site-packages/airflow/example_dags/example_python_operator.py
[2024-06-04T22:38:12.726+0000] {logging_mixin.py:188} INFO - [2024-06-04T22:38:12.726+0000] {dag.py:3096} INFO - Sync 1 DAGs
[2024-06-04T22:38:12.738+0000] {logging_mixin.py:188} INFO - [2024-06-04T22:38:12.737+0000] {dag.py:3954} INFO - Setting next_dagrun for example_python_operator to None, run_after=None
[2024-06-04T22:38:12.760+0000] {processor.py:183} INFO - Processing /home/airflow/.local/lib/python3.12/site-packages/airflow/example_dags/example_python_operator.py took 0.092 seconds
[2024-06-04T22:38:42.999+0000] {processor.py:161} INFO - Started process (PID=186) to work on /home/airflow/.local/lib/python3.12/site-packages/airflow/example_dags/example_python_operator.py
[2024-06-04T22:38:43.000+0000] {processor.py:830} INFO - Processing file /home/airflow/.local/lib/python3.12/site-packages/airflow/example_dags/example_python_operator.py for tasks to queue
[2024-06-04T22:38:43.003+0000] {logging_mixin.py:188} INFO - [2024-06-04T22:38:43.002+0000] {dagbag.py:545} INFO - Filling up the DagBag from /home/airflow/.local/lib/python3.12/site-packages/airflow/example_dags/example_python_operator.py
[2024-06-04T22:38:43.013+0000] {processor.py:840} INFO - DAG(s) 'example_python_operator' retrieved from /home/airflow/.local/lib/python3.12/site-packages/airflow/example_dags/example_python_operator.py
[2024-06-04T22:38:43.039+0000] {logging_mixin.py:188} INFO - [2024-06-04T22:38:43.039+0000] {dag.py:3096} INFO - Sync 1 DAGs
[2024-06-04T22:38:43.055+0000] {logging_mixin.py:188} INFO - [2024-06-04T22:38:43.054+0000] {dag.py:3954} INFO - Setting next_dagrun for example_python_operator to None, run_after=None
[2024-06-04T22:38:43.076+0000] {processor.py:183} INFO - Processing /home/airflow/.local/lib/python3.12/site-packages/airflow/example_dags/example_python_operator.py took 0.084 seconds
[2024-06-04T22:39:13.317+0000] {processor.py:161} INFO - Started process (PID=244) to work on /home/airflow/.local/lib/python3.12/site-packages/airflow/example_dags/example_python_operator.py
[2024-06-04T22:39:13.318+0000] {processor.py:830} INFO - Processing file /home/airflow/.local/lib/python3.12/site-packages/airflow/example_dags/example_python_operator.py for tasks to queue
[2024-06-04T22:39:13.320+0000] {logging_mixin.py:188} INFO - [2024-06-04T22:39:13.320+0000] {dagbag.py:545} INFO - Filling up the DagBag from /home/airflow/.local/lib/python3.12/site-packages/airflow/example_dags/example_python_operator.py
[2024-06-04T22:39:13.330+0000] {processor.py:840} INFO - DAG(s) 'example_python_operator' retrieved from /home/airflow/.local/lib/python3.12/site-packages/airflow/example_dags/example_python_operator.py
[2024-06-04T22:39:13.352+0000] {logging_mixin.py:188} INFO - [2024-06-04T22:39:13.352+0000] {dag.py:3096} INFO - Sync 1 DAGs
[2024-06-04T22:39:13.364+0000] {logging_mixin.py:188} INFO - [2024-06-04T22:39:13.364+0000] {dag.py:3954} INFO - Setting next_dagrun for example_python_operator to None, run_after=None
[2024-06-04T22:39:13.384+0000] {processor.py:183} INFO - Processing /home/airflow/.local/lib/python3.12/site-packages/airflow/example_dags/example_python_operator.py took 0.073 seconds
[2024-06-04T22:39:44.040+0000] {processor.py:161} INFO - Started process (PID=302) to work on /home/airflow/.local/lib/python3.12/site-packages/airflow/example_dags/example_python_operator.py
[2024-06-04T22:39:44.041+0000] {processor.py:830} INFO - Processing file /home/airflow/.local/lib/python3.12/site-packages/airflow/example_dags/example_python_operator.py for tasks to queue
[2024-06-04T22:39:44.045+0000] {logging_mixin.py:188} INFO - [2024-06-04T22:39:44.045+0000] {dagbag.py:545} INFO - Filling up the DagBag from /home/airflow/.local/lib/python3.12/site-packages/airflow/example_dags/example_python_operator.py
[2024-06-04T22:39:44.059+0000] {processor.py:840} INFO - DAG(s) 'example_python_operator' retrieved from /home/airflow/.local/lib/python3.12/site-packages/airflow/example_dags/example_python_operator.py
[2024-06-04T22:39:44.084+0000] {logging_mixin.py:188} INFO - [2024-06-04T22:39:44.084+0000] {dag.py:3096} INFO - Sync 1 DAGs
[2024-06-04T22:39:44.098+0000] {logging_mixin.py:188} INFO - [2024-06-04T22:39:44.098+0000] {dag.py:3954} INFO - Setting next_dagrun for example_python_operator to None, run_after=None
[2024-06-04T22:39:44.125+0000] {processor.py:183} INFO - Processing /home/airflow/.local/lib/python3.12/site-packages/airflow/example_dags/example_python_operator.py took 0.091 seconds
[2024-06-04T22:40:14.744+0000] {processor.py:161} INFO - Started process (PID=360) to work on /home/airflow/.local/lib/python3.12/site-packages/airflow/example_dags/example_python_operator.py
[2024-06-04T22:40:14.746+0000] {processor.py:830} INFO - Processing file /home/airflow/.local/lib/python3.12/site-packages/airflow/example_dags/example_python_operator.py for tasks to queue
[2024-06-04T22:40:14.750+0000] {logging_mixin.py:188} INFO - [2024-06-04T22:40:14.749+0000] {dagbag.py:545} INFO - Filling up the DagBag from /home/airflow/.local/lib/python3.12/site-packages/airflow/example_dags/example_python_operator.py
[2024-06-04T22:40:14.764+0000] {processor.py:840} INFO - DAG(s) 'example_python_operator' retrieved from /home/airflow/.local/lib/python3.12/site-packages/airflow/example_dags/example_python_operator.py
[2024-06-04T22:40:14.791+0000] {logging_mixin.py:188} INFO - [2024-06-04T22:40:14.791+0000] {dag.py:3096} INFO - Sync 1 DAGs
[2024-06-04T22:40:14.804+0000] {logging_mixin.py:188} INFO - [2024-06-04T22:40:14.804+0000] {dag.py:3954} INFO - Setting next_dagrun for example_python_operator to None, run_after=None
[2024-06-04T22:40:14.827+0000] {processor.py:183} INFO - Processing /home/airflow/.local/lib/python3.12/site-packages/airflow/example_dags/example_python_operator.py took 0.091 seconds
[2024-06-04T22:40:45.556+0000] {processor.py:161} INFO - Started process (PID=418) to work on /home/airflow/.local/lib/python3.12/site-packages/airflow/example_dags/example_python_operator.py
[2024-06-04T22:40:45.558+0000] {processor.py:830} INFO - Processing file /home/airflow/.local/lib/python3.12/site-packages/airflow/example_dags/example_python_operator.py for tasks to queue
[2024-06-04T22:40:45.561+0000] {logging_mixin.py:188} INFO - [2024-06-04T22:40:45.560+0000] {dagbag.py:545} INFO - Filling up the DagBag from /home/airflow/.local/lib/python3.12/site-packages/airflow/example_dags/example_python_operator.py
[2024-06-04T22:40:45.573+0000] {processor.py:840} INFO - DAG(s) 'example_python_operator' retrieved from /home/airflow/.local/lib/python3.12/site-packages/airflow/example_dags/example_python_operator.py
[2024-06-04T22:40:45.601+0000] {logging_mixin.py:188} INFO - [2024-06-04T22:40:45.600+0000] {dag.py:3096} INFO - Sync 1 DAGs
[2024-06-04T22:40:45.614+0000] {logging_mixin.py:188} INFO - [2024-06-04T22:40:45.613+0000] {dag.py:3954} INFO - Setting next_dagrun for example_python_operator to None, run_after=None
[2024-06-04T22:40:45.637+0000] {processor.py:183} INFO - Processing /home/airflow/.local/lib/python3.12/site-packages/airflow/example_dags/example_python_operator.py took 0.091 seconds
[2024-06-04T22:41:15.696+0000] {processor.py:161} INFO - Started process (PID=475) to work on /home/airflow/.local/lib/python3.12/site-packages/airflow/example_dags/example_python_operator.py
[2024-06-04T22:41:15.698+0000] {processor.py:830} INFO - Processing file /home/airflow/.local/lib/python3.12/site-packages/airflow/example_dags/example_python_operator.py for tasks to queue
[2024-06-04T22:41:15.702+0000] {logging_mixin.py:188} INFO - [2024-06-04T22:41:15.702+0000] {dagbag.py:545} INFO - Filling up the DagBag from /home/airflow/.local/lib/python3.12/site-packages/airflow/example_dags/example_python_operator.py
[2024-06-04T22:41:15.724+0000] {processor.py:840} INFO - DAG(s) 'example_python_operator' retrieved from /home/airflow/.local/lib/python3.12/site-packages/airflow/example_dags/example_python_operator.py
[2024-06-04T22:41:15.756+0000] {logging_mixin.py:188} INFO - [2024-06-04T22:41:15.756+0000] {dag.py:3096} INFO - Sync 1 DAGs
[2024-06-04T22:41:15.770+0000] {logging_mixin.py:188} INFO - [2024-06-04T22:41:15.769+0000] {dag.py:3954} INFO - Setting next_dagrun for example_python_operator to None, run_after=None
[2024-06-04T22:41:15.790+0000] {processor.py:183} INFO - Processing /home/airflow/.local/lib/python3.12/site-packages/airflow/example_dags/example_python_operator.py took 0.107 seconds
