[2024-06-04T22:37:43.147+0000] {processor.py:161} INFO - Started process (PID=78) to work on /home/airflow/.local/lib/python3.12/site-packages/airflow/example_dags/example_branch_python_dop_operator_3.py
[2024-06-04T22:37:43.149+0000] {processor.py:830} INFO - Processing file /home/airflow/.local/lib/python3.12/site-packages/airflow/example_dags/example_branch_python_dop_operator_3.py for tasks to queue
[2024-06-04T22:37:43.153+0000] {logging_mixin.py:188} INFO - [2024-06-04T22:37:43.152+0000] {dagbag.py:545} INFO - Filling up the DagBag from /home/airflow/.local/lib/python3.12/site-packages/airflow/example_dags/example_branch_python_dop_operator_3.py
[2024-06-04T22:37:43.172+0000] {processor.py:840} INFO - DAG(s) 'example_branch_dop_operator_v3' retrieved from /home/airflow/.local/lib/python3.12/site-packages/airflow/example_dags/example_branch_python_dop_operator_3.py
[2024-06-04T22:37:43.215+0000] {logging_mixin.py:188} INFO - [2024-06-04T22:37:43.215+0000] {dag.py:3096} INFO - Sync 1 DAGs
[2024-06-04T22:37:43.256+0000] {logging_mixin.py:188} INFO - [2024-06-04T22:37:43.255+0000] {dag.py:3954} INFO - Setting next_dagrun for example_branch_dop_operator_v3 to 2024-06-04 22:36:00+00:00, run_after=2024-06-04 22:37:00+00:00
[2024-06-04T22:37:43.288+0000] {processor.py:183} INFO - Processing /home/airflow/.local/lib/python3.12/site-packages/airflow/example_dags/example_branch_python_dop_operator_3.py took 0.149 seconds
[2024-06-04T22:38:14.073+0000] {processor.py:161} INFO - Started process (PID=136) to work on /home/airflow/.local/lib/python3.12/site-packages/airflow/example_dags/example_branch_python_dop_operator_3.py
[2024-06-04T22:38:14.075+0000] {processor.py:830} INFO - Processing file /home/airflow/.local/lib/python3.12/site-packages/airflow/example_dags/example_branch_python_dop_operator_3.py for tasks to queue
[2024-06-04T22:38:14.077+0000] {logging_mixin.py:188} INFO - [2024-06-04T22:38:14.076+0000] {dagbag.py:545} INFO - Filling up the DagBag from /home/airflow/.local/lib/python3.12/site-packages/airflow/example_dags/example_branch_python_dop_operator_3.py
[2024-06-04T22:38:14.086+0000] {processor.py:840} INFO - DAG(s) 'example_branch_dop_operator_v3' retrieved from /home/airflow/.local/lib/python3.12/site-packages/airflow/example_dags/example_branch_python_dop_operator_3.py
[2024-06-04T22:38:14.105+0000] {logging_mixin.py:188} INFO - [2024-06-04T22:38:14.105+0000] {dag.py:3096} INFO - Sync 1 DAGs
[2024-06-04T22:38:14.130+0000] {logging_mixin.py:188} INFO - [2024-06-04T22:38:14.130+0000] {dag.py:3954} INFO - Setting next_dagrun for example_branch_dop_operator_v3 to 2024-06-04 22:37:00+00:00, run_after=2024-06-04 22:38:00+00:00
[2024-06-04T22:38:14.149+0000] {processor.py:183} INFO - Processing /home/airflow/.local/lib/python3.12/site-packages/airflow/example_dags/example_branch_python_dop_operator_3.py took 0.081 seconds
[2024-06-04T22:38:44.388+0000] {processor.py:161} INFO - Started process (PID=194) to work on /home/airflow/.local/lib/python3.12/site-packages/airflow/example_dags/example_branch_python_dop_operator_3.py
[2024-06-04T22:38:44.390+0000] {processor.py:830} INFO - Processing file /home/airflow/.local/lib/python3.12/site-packages/airflow/example_dags/example_branch_python_dop_operator_3.py for tasks to queue
[2024-06-04T22:38:44.392+0000] {logging_mixin.py:188} INFO - [2024-06-04T22:38:44.392+0000] {dagbag.py:545} INFO - Filling up the DagBag from /home/airflow/.local/lib/python3.12/site-packages/airflow/example_dags/example_branch_python_dop_operator_3.py
[2024-06-04T22:38:44.401+0000] {processor.py:840} INFO - DAG(s) 'example_branch_dop_operator_v3' retrieved from /home/airflow/.local/lib/python3.12/site-packages/airflow/example_dags/example_branch_python_dop_operator_3.py
[2024-06-04T22:38:44.419+0000] {logging_mixin.py:188} INFO - [2024-06-04T22:38:44.419+0000] {dag.py:3096} INFO - Sync 1 DAGs
[2024-06-04T22:38:44.441+0000] {logging_mixin.py:188} INFO - [2024-06-04T22:38:44.441+0000] {dag.py:3954} INFO - Setting next_dagrun for example_branch_dop_operator_v3 to 2024-06-04 22:37:00+00:00, run_after=2024-06-04 22:38:00+00:00
[2024-06-04T22:38:44.461+0000] {processor.py:183} INFO - Processing /home/airflow/.local/lib/python3.12/site-packages/airflow/example_dags/example_branch_python_dop_operator_3.py took 0.078 seconds
[2024-06-04T22:39:14.847+0000] {processor.py:161} INFO - Started process (PID=252) to work on /home/airflow/.local/lib/python3.12/site-packages/airflow/example_dags/example_branch_python_dop_operator_3.py
[2024-06-04T22:39:14.848+0000] {processor.py:830} INFO - Processing file /home/airflow/.local/lib/python3.12/site-packages/airflow/example_dags/example_branch_python_dop_operator_3.py for tasks to queue
[2024-06-04T22:39:14.850+0000] {logging_mixin.py:188} INFO - [2024-06-04T22:39:14.850+0000] {dagbag.py:545} INFO - Filling up the DagBag from /home/airflow/.local/lib/python3.12/site-packages/airflow/example_dags/example_branch_python_dop_operator_3.py
[2024-06-04T22:39:14.858+0000] {processor.py:840} INFO - DAG(s) 'example_branch_dop_operator_v3' retrieved from /home/airflow/.local/lib/python3.12/site-packages/airflow/example_dags/example_branch_python_dop_operator_3.py
[2024-06-04T22:39:14.876+0000] {logging_mixin.py:188} INFO - [2024-06-04T22:39:14.876+0000] {dag.py:3096} INFO - Sync 1 DAGs
[2024-06-04T22:39:14.898+0000] {logging_mixin.py:188} INFO - [2024-06-04T22:39:14.898+0000] {dag.py:3954} INFO - Setting next_dagrun for example_branch_dop_operator_v3 to 2024-06-04 22:38:00+00:00, run_after=2024-06-04 22:39:00+00:00
[2024-06-04T22:39:14.917+0000] {processor.py:183} INFO - Processing /home/airflow/.local/lib/python3.12/site-packages/airflow/example_dags/example_branch_python_dop_operator_3.py took 0.076 seconds
[2024-06-04T22:39:45.622+0000] {processor.py:161} INFO - Started process (PID=310) to work on /home/airflow/.local/lib/python3.12/site-packages/airflow/example_dags/example_branch_python_dop_operator_3.py
[2024-06-04T22:39:45.630+0000] {processor.py:830} INFO - Processing file /home/airflow/.local/lib/python3.12/site-packages/airflow/example_dags/example_branch_python_dop_operator_3.py for tasks to queue
[2024-06-04T22:39:45.633+0000] {logging_mixin.py:188} INFO - [2024-06-04T22:39:45.632+0000] {dagbag.py:545} INFO - Filling up the DagBag from /home/airflow/.local/lib/python3.12/site-packages/airflow/example_dags/example_branch_python_dop_operator_3.py
[2024-06-04T22:39:45.642+0000] {processor.py:840} INFO - DAG(s) 'example_branch_dop_operator_v3' retrieved from /home/airflow/.local/lib/python3.12/site-packages/airflow/example_dags/example_branch_python_dop_operator_3.py
[2024-06-04T22:39:45.662+0000] {logging_mixin.py:188} INFO - [2024-06-04T22:39:45.661+0000] {dag.py:3096} INFO - Sync 1 DAGs
[2024-06-04T22:39:45.685+0000] {logging_mixin.py:188} INFO - [2024-06-04T22:39:45.684+0000] {dag.py:3954} INFO - Setting next_dagrun for example_branch_dop_operator_v3 to 2024-06-04 22:38:00+00:00, run_after=2024-06-04 22:39:00+00:00
[2024-06-04T22:39:45.709+0000] {processor.py:183} INFO - Processing /home/airflow/.local/lib/python3.12/site-packages/airflow/example_dags/example_branch_python_dop_operator_3.py took 0.092 seconds
[2024-06-04T22:40:16.603+0000] {processor.py:161} INFO - Started process (PID=368) to work on /home/airflow/.local/lib/python3.12/site-packages/airflow/example_dags/example_branch_python_dop_operator_3.py
[2024-06-04T22:40:16.605+0000] {processor.py:830} INFO - Processing file /home/airflow/.local/lib/python3.12/site-packages/airflow/example_dags/example_branch_python_dop_operator_3.py for tasks to queue
[2024-06-04T22:40:16.608+0000] {logging_mixin.py:188} INFO - [2024-06-04T22:40:16.607+0000] {dagbag.py:545} INFO - Filling up the DagBag from /home/airflow/.local/lib/python3.12/site-packages/airflow/example_dags/example_branch_python_dop_operator_3.py
[2024-06-04T22:40:16.617+0000] {processor.py:840} INFO - DAG(s) 'example_branch_dop_operator_v3' retrieved from /home/airflow/.local/lib/python3.12/site-packages/airflow/example_dags/example_branch_python_dop_operator_3.py
[2024-06-04T22:40:16.644+0000] {logging_mixin.py:188} INFO - [2024-06-04T22:40:16.644+0000] {dag.py:3096} INFO - Sync 1 DAGs
[2024-06-04T22:40:16.677+0000] {logging_mixin.py:188} INFO - [2024-06-04T22:40:16.677+0000] {dag.py:3954} INFO - Setting next_dagrun for example_branch_dop_operator_v3 to 2024-06-04 22:39:00+00:00, run_after=2024-06-04 22:40:00+00:00
[2024-06-04T22:40:16.703+0000] {processor.py:183} INFO - Processing /home/airflow/.local/lib/python3.12/site-packages/airflow/example_dags/example_branch_python_dop_operator_3.py took 0.108 seconds
[2024-06-04T22:40:47.283+0000] {processor.py:161} INFO - Started process (PID=426) to work on /home/airflow/.local/lib/python3.12/site-packages/airflow/example_dags/example_branch_python_dop_operator_3.py
[2024-06-04T22:40:47.284+0000] {processor.py:830} INFO - Processing file /home/airflow/.local/lib/python3.12/site-packages/airflow/example_dags/example_branch_python_dop_operator_3.py for tasks to queue
[2024-06-04T22:40:47.287+0000] {logging_mixin.py:188} INFO - [2024-06-04T22:40:47.286+0000] {dagbag.py:545} INFO - Filling up the DagBag from /home/airflow/.local/lib/python3.12/site-packages/airflow/example_dags/example_branch_python_dop_operator_3.py
[2024-06-04T22:40:47.298+0000] {processor.py:840} INFO - DAG(s) 'example_branch_dop_operator_v3' retrieved from /home/airflow/.local/lib/python3.12/site-packages/airflow/example_dags/example_branch_python_dop_operator_3.py
[2024-06-04T22:40:47.330+0000] {logging_mixin.py:188} INFO - [2024-06-04T22:40:47.330+0000] {dag.py:3096} INFO - Sync 1 DAGs
[2024-06-04T22:40:47.369+0000] {logging_mixin.py:188} INFO - [2024-06-04T22:40:47.368+0000] {dag.py:3954} INFO - Setting next_dagrun for example_branch_dop_operator_v3 to 2024-06-04 22:39:00+00:00, run_after=2024-06-04 22:40:00+00:00
[2024-06-04T22:40:47.397+0000] {processor.py:183} INFO - Processing /home/airflow/.local/lib/python3.12/site-packages/airflow/example_dags/example_branch_python_dop_operator_3.py took 0.122 seconds
[2024-06-04T22:41:17.783+0000] {processor.py:161} INFO - Started process (PID=484) to work on /home/airflow/.local/lib/python3.12/site-packages/airflow/example_dags/example_branch_python_dop_operator_3.py
[2024-06-04T22:41:17.785+0000] {processor.py:830} INFO - Processing file /home/airflow/.local/lib/python3.12/site-packages/airflow/example_dags/example_branch_python_dop_operator_3.py for tasks to queue
[2024-06-04T22:41:17.788+0000] {logging_mixin.py:188} INFO - [2024-06-04T22:41:17.787+0000] {dagbag.py:545} INFO - Filling up the DagBag from /home/airflow/.local/lib/python3.12/site-packages/airflow/example_dags/example_branch_python_dop_operator_3.py
[2024-06-04T22:41:17.799+0000] {processor.py:840} INFO - DAG(s) 'example_branch_dop_operator_v3' retrieved from /home/airflow/.local/lib/python3.12/site-packages/airflow/example_dags/example_branch_python_dop_operator_3.py
[2024-06-04T22:41:17.820+0000] {logging_mixin.py:188} INFO - [2024-06-04T22:41:17.820+0000] {dag.py:3096} INFO - Sync 1 DAGs
[2024-06-04T22:41:17.842+0000] {logging_mixin.py:188} INFO - [2024-06-04T22:41:17.842+0000] {dag.py:3954} INFO - Setting next_dagrun for example_branch_dop_operator_v3 to 2024-06-04 22:40:00+00:00, run_after=2024-06-04 22:41:00+00:00
[2024-06-04T22:41:17.865+0000] {processor.py:183} INFO - Processing /home/airflow/.local/lib/python3.12/site-packages/airflow/example_dags/example_branch_python_dop_operator_3.py took 0.088 seconds
