[2024-06-04T22:37:40.812+0000] {processor.py:161} INFO - Started process (PID=56) to work on /home/airflow/.local/lib/python3.12/site-packages/airflow/example_dags/example_datasets.py
[2024-06-04T22:37:40.814+0000] {processor.py:830} INFO - Processing file /home/airflow/.local/lib/python3.12/site-packages/airflow/example_dags/example_datasets.py for tasks to queue
[2024-06-04T22:37:40.819+0000] {logging_mixin.py:188} INFO - [2024-06-04T22:37:40.818+0000] {dagbag.py:545} INFO - Filling up the DagBag from /home/airflow/.local/lib/python3.12/site-packages/airflow/example_dags/example_datasets.py
[2024-06-04T22:37:40.853+0000] {processor.py:840} INFO - DAG(s) 'consume_1_and_2_with_dataset_expressions', 'dataset_consumes_1_never_scheduled', 'dataset_consumes_unknown_never_scheduled', 'dataset_consumes_1', 'consume_1_or_2_with_dataset_expressions', 'dataset_consumes_1_and_2', 'dataset_produces_1', 'conditional_dataset_and_time_based_timetable', 'consume_1_or_both_2_and_3_with_dataset_expressions', 'dataset_produces_2' retrieved from /home/airflow/.local/lib/python3.12/site-packages/airflow/example_dags/example_datasets.py
[2024-06-04T22:37:41.023+0000] {logging_mixin.py:188} INFO - [2024-06-04T22:37:41.023+0000] {dag.py:3096} INFO - Sync 10 DAGs
[2024-06-04T22:37:41.088+0000] {logging_mixin.py:188} INFO - [2024-06-04T22:37:41.088+0000] {dag.py:3954} INFO - Setting next_dagrun for conditional_dataset_and_time_based_timetable to 2024-05-29 01:00:00+00:00, run_after=2024-05-29 01:00:00+00:00
[2024-06-04T22:37:41.095+0000] {logging_mixin.py:188} INFO - [2024-06-04T22:37:41.095+0000] {dag.py:3954} INFO - Setting next_dagrun for consume_1_and_2_with_dataset_expressions to None, run_after=None
[2024-06-04T22:37:41.100+0000] {logging_mixin.py:188} INFO - [2024-06-04T22:37:41.099+0000] {dag.py:3954} INFO - Setting next_dagrun for consume_1_or_2_with_dataset_expressions to None, run_after=None
[2024-06-04T22:37:41.103+0000] {logging_mixin.py:188} INFO - [2024-06-04T22:37:41.103+0000] {dag.py:3954} INFO - Setting next_dagrun for consume_1_or_both_2_and_3_with_dataset_expressions to None, run_after=None
[2024-06-04T22:37:41.107+0000] {logging_mixin.py:188} INFO - [2024-06-04T22:37:41.106+0000] {dag.py:3954} INFO - Setting next_dagrun for dataset_consumes_1 to None, run_after=None
[2024-06-04T22:37:41.111+0000] {logging_mixin.py:188} INFO - [2024-06-04T22:37:41.111+0000] {dag.py:3954} INFO - Setting next_dagrun for dataset_consumes_1_and_2 to None, run_after=None
[2024-06-04T22:37:41.115+0000] {logging_mixin.py:188} INFO - [2024-06-04T22:37:41.115+0000] {dag.py:3954} INFO - Setting next_dagrun for dataset_consumes_1_never_scheduled to None, run_after=None
[2024-06-04T22:37:41.118+0000] {logging_mixin.py:188} INFO - [2024-06-04T22:37:41.118+0000] {dag.py:3954} INFO - Setting next_dagrun for dataset_consumes_unknown_never_scheduled to None, run_after=None
[2024-06-04T22:37:41.127+0000] {logging_mixin.py:188} INFO - [2024-06-04T22:37:41.127+0000] {dag.py:3954} INFO - Setting next_dagrun for dataset_produces_1 to 2024-06-03 00:00:00+00:00, run_after=2024-06-04 00:00:00+00:00
[2024-06-04T22:37:41.130+0000] {logging_mixin.py:188} INFO - [2024-06-04T22:37:41.130+0000] {dag.py:3954} INFO - Setting next_dagrun for dataset_produces_2 to None, run_after=None
[2024-06-04T22:37:41.212+0000] {processor.py:183} INFO - Processing /home/airflow/.local/lib/python3.12/site-packages/airflow/example_dags/example_datasets.py took 0.408 seconds
[2024-06-04T22:38:11.546+0000] {processor.py:161} INFO - Started process (PID=114) to work on /home/airflow/.local/lib/python3.12/site-packages/airflow/example_dags/example_datasets.py
[2024-06-04T22:38:11.547+0000] {processor.py:830} INFO - Processing file /home/airflow/.local/lib/python3.12/site-packages/airflow/example_dags/example_datasets.py for tasks to queue
[2024-06-04T22:38:11.549+0000] {logging_mixin.py:188} INFO - [2024-06-04T22:38:11.549+0000] {dagbag.py:545} INFO - Filling up the DagBag from /home/airflow/.local/lib/python3.12/site-packages/airflow/example_dags/example_datasets.py
[2024-06-04T22:38:11.562+0000] {processor.py:840} INFO - DAG(s) 'consume_1_and_2_with_dataset_expressions', 'dataset_consumes_1', 'consume_1_or_2_with_dataset_expressions', 'conditional_dataset_and_time_based_timetable', 'dataset_consumes_unknown_never_scheduled', 'consume_1_or_both_2_and_3_with_dataset_expressions', 'dataset_produces_1', 'dataset_consumes_1_and_2', 'dataset_consumes_1_never_scheduled', 'dataset_produces_2' retrieved from /home/airflow/.local/lib/python3.12/site-packages/airflow/example_dags/example_datasets.py
[2024-06-04T22:38:11.618+0000] {logging_mixin.py:188} INFO - [2024-06-04T22:38:11.617+0000] {dag.py:3096} INFO - Sync 10 DAGs
[2024-06-04T22:38:11.649+0000] {logging_mixin.py:188} INFO - [2024-06-04T22:38:11.649+0000] {dag.py:3954} INFO - Setting next_dagrun for conditional_dataset_and_time_based_timetable to 2024-05-29 01:00:00+00:00, run_after=2024-05-29 01:00:00+00:00
[2024-06-04T22:38:11.655+0000] {logging_mixin.py:188} INFO - [2024-06-04T22:38:11.655+0000] {dag.py:3954} INFO - Setting next_dagrun for consume_1_and_2_with_dataset_expressions to None, run_after=None
[2024-06-04T22:38:11.658+0000] {logging_mixin.py:188} INFO - [2024-06-04T22:38:11.658+0000] {dag.py:3954} INFO - Setting next_dagrun for consume_1_or_2_with_dataset_expressions to None, run_after=None
[2024-06-04T22:38:11.660+0000] {logging_mixin.py:188} INFO - [2024-06-04T22:38:11.660+0000] {dag.py:3954} INFO - Setting next_dagrun for consume_1_or_both_2_and_3_with_dataset_expressions to None, run_after=None
[2024-06-04T22:38:11.662+0000] {logging_mixin.py:188} INFO - [2024-06-04T22:38:11.662+0000] {dag.py:3954} INFO - Setting next_dagrun for dataset_consumes_1 to None, run_after=None
[2024-06-04T22:38:11.665+0000] {logging_mixin.py:188} INFO - [2024-06-04T22:38:11.665+0000] {dag.py:3954} INFO - Setting next_dagrun for dataset_consumes_1_and_2 to None, run_after=None
[2024-06-04T22:38:11.667+0000] {logging_mixin.py:188} INFO - [2024-06-04T22:38:11.667+0000] {dag.py:3954} INFO - Setting next_dagrun for dataset_consumes_1_never_scheduled to None, run_after=None
[2024-06-04T22:38:11.670+0000] {logging_mixin.py:188} INFO - [2024-06-04T22:38:11.669+0000] {dag.py:3954} INFO - Setting next_dagrun for dataset_consumes_unknown_never_scheduled to None, run_after=None
[2024-06-04T22:38:11.673+0000] {logging_mixin.py:188} INFO - [2024-06-04T22:38:11.672+0000] {dag.py:3954} INFO - Setting next_dagrun for dataset_produces_1 to 2024-06-03 00:00:00+00:00, run_after=2024-06-04 00:00:00+00:00
[2024-06-04T22:38:11.675+0000] {logging_mixin.py:188} INFO - [2024-06-04T22:38:11.675+0000] {dag.py:3954} INFO - Setting next_dagrun for dataset_produces_2 to None, run_after=None
[2024-06-04T22:38:11.719+0000] {processor.py:183} INFO - Processing /home/airflow/.local/lib/python3.12/site-packages/airflow/example_dags/example_datasets.py took 0.178 seconds
[2024-06-04T22:38:41.910+0000] {processor.py:161} INFO - Started process (PID=172) to work on /home/airflow/.local/lib/python3.12/site-packages/airflow/example_dags/example_datasets.py
[2024-06-04T22:38:41.911+0000] {processor.py:830} INFO - Processing file /home/airflow/.local/lib/python3.12/site-packages/airflow/example_dags/example_datasets.py for tasks to queue
[2024-06-04T22:38:41.914+0000] {logging_mixin.py:188} INFO - [2024-06-04T22:38:41.913+0000] {dagbag.py:545} INFO - Filling up the DagBag from /home/airflow/.local/lib/python3.12/site-packages/airflow/example_dags/example_datasets.py
[2024-06-04T22:38:41.930+0000] {processor.py:840} INFO - DAG(s) 'dataset_produces_1', 'dataset_produces_2', 'consume_1_or_2_with_dataset_expressions', 'dataset_consumes_1_and_2', 'consume_1_or_both_2_and_3_with_dataset_expressions', 'dataset_consumes_1', 'conditional_dataset_and_time_based_timetable', 'consume_1_and_2_with_dataset_expressions', 'dataset_consumes_unknown_never_scheduled', 'dataset_consumes_1_never_scheduled' retrieved from /home/airflow/.local/lib/python3.12/site-packages/airflow/example_dags/example_datasets.py
[2024-06-04T22:38:41.977+0000] {logging_mixin.py:188} INFO - [2024-06-04T22:38:41.977+0000] {dag.py:3096} INFO - Sync 10 DAGs
[2024-06-04T22:38:41.999+0000] {logging_mixin.py:188} INFO - [2024-06-04T22:38:41.999+0000] {dag.py:3954} INFO - Setting next_dagrun for conditional_dataset_and_time_based_timetable to 2024-05-29 01:00:00+00:00, run_after=2024-05-29 01:00:00+00:00
[2024-06-04T22:38:42.003+0000] {logging_mixin.py:188} INFO - [2024-06-04T22:38:42.002+0000] {dag.py:3954} INFO - Setting next_dagrun for consume_1_and_2_with_dataset_expressions to None, run_after=None
[2024-06-04T22:38:42.005+0000] {logging_mixin.py:188} INFO - [2024-06-04T22:38:42.005+0000] {dag.py:3954} INFO - Setting next_dagrun for consume_1_or_2_with_dataset_expressions to None, run_after=None
[2024-06-04T22:38:42.007+0000] {logging_mixin.py:188} INFO - [2024-06-04T22:38:42.006+0000] {dag.py:3954} INFO - Setting next_dagrun for consume_1_or_both_2_and_3_with_dataset_expressions to None, run_after=None
[2024-06-04T22:38:42.008+0000] {logging_mixin.py:188} INFO - [2024-06-04T22:38:42.008+0000] {dag.py:3954} INFO - Setting next_dagrun for dataset_consumes_1 to None, run_after=None
[2024-06-04T22:38:42.010+0000] {logging_mixin.py:188} INFO - [2024-06-04T22:38:42.010+0000] {dag.py:3954} INFO - Setting next_dagrun for dataset_consumes_1_and_2 to None, run_after=None
[2024-06-04T22:38:42.012+0000] {logging_mixin.py:188} INFO - [2024-06-04T22:38:42.012+0000] {dag.py:3954} INFO - Setting next_dagrun for dataset_consumes_1_never_scheduled to None, run_after=None
[2024-06-04T22:38:42.014+0000] {logging_mixin.py:188} INFO - [2024-06-04T22:38:42.014+0000] {dag.py:3954} INFO - Setting next_dagrun for dataset_consumes_unknown_never_scheduled to None, run_after=None
[2024-06-04T22:38:42.017+0000] {logging_mixin.py:188} INFO - [2024-06-04T22:38:42.016+0000] {dag.py:3954} INFO - Setting next_dagrun for dataset_produces_1 to 2024-06-03 00:00:00+00:00, run_after=2024-06-04 00:00:00+00:00
[2024-06-04T22:38:42.019+0000] {logging_mixin.py:188} INFO - [2024-06-04T22:38:42.018+0000] {dag.py:3954} INFO - Setting next_dagrun for dataset_produces_2 to None, run_after=None
[2024-06-04T22:38:42.051+0000] {processor.py:183} INFO - Processing /home/airflow/.local/lib/python3.12/site-packages/airflow/example_dags/example_datasets.py took 0.147 seconds
[2024-06-04T22:39:12.269+0000] {processor.py:161} INFO - Started process (PID=230) to work on /home/airflow/.local/lib/python3.12/site-packages/airflow/example_dags/example_datasets.py
[2024-06-04T22:39:12.270+0000] {processor.py:830} INFO - Processing file /home/airflow/.local/lib/python3.12/site-packages/airflow/example_dags/example_datasets.py for tasks to queue
[2024-06-04T22:39:12.272+0000] {logging_mixin.py:188} INFO - [2024-06-04T22:39:12.272+0000] {dagbag.py:545} INFO - Filling up the DagBag from /home/airflow/.local/lib/python3.12/site-packages/airflow/example_dags/example_datasets.py
[2024-06-04T22:39:12.284+0000] {processor.py:840} INFO - DAG(s) 'dataset_consumes_1_and_2', 'dataset_produces_2', 'consume_1_or_2_with_dataset_expressions', 'conditional_dataset_and_time_based_timetable', 'dataset_consumes_unknown_never_scheduled', 'dataset_consumes_1_never_scheduled', 'consume_1_or_both_2_and_3_with_dataset_expressions', 'consume_1_and_2_with_dataset_expressions', 'dataset_produces_1', 'dataset_consumes_1' retrieved from /home/airflow/.local/lib/python3.12/site-packages/airflow/example_dags/example_datasets.py
[2024-06-04T22:39:12.331+0000] {logging_mixin.py:188} INFO - [2024-06-04T22:39:12.331+0000] {dag.py:3096} INFO - Sync 10 DAGs
[2024-06-04T22:39:12.358+0000] {logging_mixin.py:188} INFO - [2024-06-04T22:39:12.358+0000] {dag.py:3954} INFO - Setting next_dagrun for conditional_dataset_and_time_based_timetable to 2024-05-29 01:00:00+00:00, run_after=2024-05-29 01:00:00+00:00
[2024-06-04T22:39:12.362+0000] {logging_mixin.py:188} INFO - [2024-06-04T22:39:12.362+0000] {dag.py:3954} INFO - Setting next_dagrun for consume_1_and_2_with_dataset_expressions to None, run_after=None
[2024-06-04T22:39:12.364+0000] {logging_mixin.py:188} INFO - [2024-06-04T22:39:12.363+0000] {dag.py:3954} INFO - Setting next_dagrun for consume_1_or_2_with_dataset_expressions to None, run_after=None
[2024-06-04T22:39:12.365+0000] {logging_mixin.py:188} INFO - [2024-06-04T22:39:12.365+0000] {dag.py:3954} INFO - Setting next_dagrun for consume_1_or_both_2_and_3_with_dataset_expressions to None, run_after=None
[2024-06-04T22:39:12.367+0000] {logging_mixin.py:188} INFO - [2024-06-04T22:39:12.367+0000] {dag.py:3954} INFO - Setting next_dagrun for dataset_consumes_1 to None, run_after=None
[2024-06-04T22:39:12.368+0000] {logging_mixin.py:188} INFO - [2024-06-04T22:39:12.368+0000] {dag.py:3954} INFO - Setting next_dagrun for dataset_consumes_1_and_2 to None, run_after=None
[2024-06-04T22:39:12.370+0000] {logging_mixin.py:188} INFO - [2024-06-04T22:39:12.370+0000] {dag.py:3954} INFO - Setting next_dagrun for dataset_consumes_1_never_scheduled to None, run_after=None
[2024-06-04T22:39:12.371+0000] {logging_mixin.py:188} INFO - [2024-06-04T22:39:12.371+0000] {dag.py:3954} INFO - Setting next_dagrun for dataset_consumes_unknown_never_scheduled to None, run_after=None
[2024-06-04T22:39:12.374+0000] {logging_mixin.py:188} INFO - [2024-06-04T22:39:12.374+0000] {dag.py:3954} INFO - Setting next_dagrun for dataset_produces_1 to 2024-06-03 00:00:00+00:00, run_after=2024-06-04 00:00:00+00:00
[2024-06-04T22:39:12.376+0000] {logging_mixin.py:188} INFO - [2024-06-04T22:39:12.376+0000] {dag.py:3954} INFO - Setting next_dagrun for dataset_produces_2 to None, run_after=None
[2024-06-04T22:39:12.409+0000] {processor.py:183} INFO - Processing /home/airflow/.local/lib/python3.12/site-packages/airflow/example_dags/example_datasets.py took 0.146 seconds
[2024-06-04T22:39:42.995+0000] {processor.py:161} INFO - Started process (PID=288) to work on /home/airflow/.local/lib/python3.12/site-packages/airflow/example_dags/example_datasets.py
[2024-06-04T22:39:42.996+0000] {processor.py:830} INFO - Processing file /home/airflow/.local/lib/python3.12/site-packages/airflow/example_dags/example_datasets.py for tasks to queue
[2024-06-04T22:39:43.000+0000] {logging_mixin.py:188} INFO - [2024-06-04T22:39:42.999+0000] {dagbag.py:545} INFO - Filling up the DagBag from /home/airflow/.local/lib/python3.12/site-packages/airflow/example_dags/example_datasets.py
[2024-06-04T22:39:43.017+0000] {processor.py:840} INFO - DAG(s) 'dataset_produces_1', 'consume_1_or_2_with_dataset_expressions', 'consume_1_or_both_2_and_3_with_dataset_expressions', 'dataset_produces_2', 'dataset_consumes_1_never_scheduled', 'dataset_consumes_1', 'dataset_consumes_1_and_2', 'conditional_dataset_and_time_based_timetable', 'dataset_consumes_unknown_never_scheduled', 'consume_1_and_2_with_dataset_expressions' retrieved from /home/airflow/.local/lib/python3.12/site-packages/airflow/example_dags/example_datasets.py
[2024-06-04T22:39:43.083+0000] {logging_mixin.py:188} INFO - [2024-06-04T22:39:43.082+0000] {dag.py:3096} INFO - Sync 10 DAGs
[2024-06-04T22:39:43.116+0000] {logging_mixin.py:188} INFO - [2024-06-04T22:39:43.116+0000] {dag.py:3954} INFO - Setting next_dagrun for conditional_dataset_and_time_based_timetable to 2024-05-29 01:00:00+00:00, run_after=2024-05-29 01:00:00+00:00
[2024-06-04T22:39:43.122+0000] {logging_mixin.py:188} INFO - [2024-06-04T22:39:43.122+0000] {dag.py:3954} INFO - Setting next_dagrun for consume_1_and_2_with_dataset_expressions to None, run_after=None
[2024-06-04T22:39:43.124+0000] {logging_mixin.py:188} INFO - [2024-06-04T22:39:43.124+0000] {dag.py:3954} INFO - Setting next_dagrun for consume_1_or_2_with_dataset_expressions to None, run_after=None
[2024-06-04T22:39:43.127+0000] {logging_mixin.py:188} INFO - [2024-06-04T22:39:43.126+0000] {dag.py:3954} INFO - Setting next_dagrun for consume_1_or_both_2_and_3_with_dataset_expressions to None, run_after=None
[2024-06-04T22:39:43.129+0000] {logging_mixin.py:188} INFO - [2024-06-04T22:39:43.129+0000] {dag.py:3954} INFO - Setting next_dagrun for dataset_consumes_1 to None, run_after=None
[2024-06-04T22:39:43.131+0000] {logging_mixin.py:188} INFO - [2024-06-04T22:39:43.131+0000] {dag.py:3954} INFO - Setting next_dagrun for dataset_consumes_1_and_2 to None, run_after=None
[2024-06-04T22:39:43.133+0000] {logging_mixin.py:188} INFO - [2024-06-04T22:39:43.133+0000] {dag.py:3954} INFO - Setting next_dagrun for dataset_consumes_1_never_scheduled to None, run_after=None
[2024-06-04T22:39:43.136+0000] {logging_mixin.py:188} INFO - [2024-06-04T22:39:43.135+0000] {dag.py:3954} INFO - Setting next_dagrun for dataset_consumes_unknown_never_scheduled to None, run_after=None
[2024-06-04T22:39:43.140+0000] {logging_mixin.py:188} INFO - [2024-06-04T22:39:43.139+0000] {dag.py:3954} INFO - Setting next_dagrun for dataset_produces_1 to 2024-06-03 00:00:00+00:00, run_after=2024-06-04 00:00:00+00:00
[2024-06-04T22:39:43.142+0000] {logging_mixin.py:188} INFO - [2024-06-04T22:39:43.142+0000] {dag.py:3954} INFO - Setting next_dagrun for dataset_produces_2 to None, run_after=None
[2024-06-04T22:39:43.190+0000] {processor.py:183} INFO - Processing /home/airflow/.local/lib/python3.12/site-packages/airflow/example_dags/example_datasets.py took 0.202 seconds
[2024-06-04T22:40:13.443+0000] {processor.py:161} INFO - Started process (PID=346) to work on /home/airflow/.local/lib/python3.12/site-packages/airflow/example_dags/example_datasets.py
[2024-06-04T22:40:13.444+0000] {processor.py:830} INFO - Processing file /home/airflow/.local/lib/python3.12/site-packages/airflow/example_dags/example_datasets.py for tasks to queue
[2024-06-04T22:40:13.447+0000] {logging_mixin.py:188} INFO - [2024-06-04T22:40:13.446+0000] {dagbag.py:545} INFO - Filling up the DagBag from /home/airflow/.local/lib/python3.12/site-packages/airflow/example_dags/example_datasets.py
[2024-06-04T22:40:13.464+0000] {processor.py:840} INFO - DAG(s) 'conditional_dataset_and_time_based_timetable', 'dataset_consumes_1', 'dataset_produces_2', 'dataset_consumes_1_never_scheduled', 'dataset_produces_1', 'consume_1_or_2_with_dataset_expressions', 'dataset_consumes_unknown_never_scheduled', 'dataset_consumes_1_and_2', 'consume_1_and_2_with_dataset_expressions', 'consume_1_or_both_2_and_3_with_dataset_expressions' retrieved from /home/airflow/.local/lib/python3.12/site-packages/airflow/example_dags/example_datasets.py
[2024-06-04T22:40:13.533+0000] {logging_mixin.py:188} INFO - [2024-06-04T22:40:13.533+0000] {dag.py:3096} INFO - Sync 10 DAGs
[2024-06-04T22:40:13.564+0000] {logging_mixin.py:188} INFO - [2024-06-04T22:40:13.564+0000] {dag.py:3954} INFO - Setting next_dagrun for conditional_dataset_and_time_based_timetable to 2024-05-29 01:00:00+00:00, run_after=2024-05-29 01:00:00+00:00
[2024-06-04T22:40:13.572+0000] {logging_mixin.py:188} INFO - [2024-06-04T22:40:13.572+0000] {dag.py:3954} INFO - Setting next_dagrun for consume_1_and_2_with_dataset_expressions to None, run_after=None
[2024-06-04T22:40:13.575+0000] {logging_mixin.py:188} INFO - [2024-06-04T22:40:13.574+0000] {dag.py:3954} INFO - Setting next_dagrun for consume_1_or_2_with_dataset_expressions to None, run_after=None
[2024-06-04T22:40:13.576+0000] {logging_mixin.py:188} INFO - [2024-06-04T22:40:13.576+0000] {dag.py:3954} INFO - Setting next_dagrun for consume_1_or_both_2_and_3_with_dataset_expressions to None, run_after=None
[2024-06-04T22:40:13.578+0000] {logging_mixin.py:188} INFO - [2024-06-04T22:40:13.578+0000] {dag.py:3954} INFO - Setting next_dagrun for dataset_consumes_1 to None, run_after=None
[2024-06-04T22:40:13.581+0000] {logging_mixin.py:188} INFO - [2024-06-04T22:40:13.580+0000] {dag.py:3954} INFO - Setting next_dagrun for dataset_consumes_1_and_2 to None, run_after=None
[2024-06-04T22:40:13.585+0000] {logging_mixin.py:188} INFO - [2024-06-04T22:40:13.585+0000] {dag.py:3954} INFO - Setting next_dagrun for dataset_consumes_1_never_scheduled to None, run_after=None
[2024-06-04T22:40:13.587+0000] {logging_mixin.py:188} INFO - [2024-06-04T22:40:13.587+0000] {dag.py:3954} INFO - Setting next_dagrun for dataset_consumes_unknown_never_scheduled to None, run_after=None
[2024-06-04T22:40:13.590+0000] {logging_mixin.py:188} INFO - [2024-06-04T22:40:13.590+0000] {dag.py:3954} INFO - Setting next_dagrun for dataset_produces_1 to 2024-06-03 00:00:00+00:00, run_after=2024-06-04 00:00:00+00:00
[2024-06-04T22:40:13.597+0000] {logging_mixin.py:188} INFO - [2024-06-04T22:40:13.596+0000] {dag.py:3954} INFO - Setting next_dagrun for dataset_produces_2 to None, run_after=None
[2024-06-04T22:40:13.646+0000] {processor.py:183} INFO - Processing /home/airflow/.local/lib/python3.12/site-packages/airflow/example_dags/example_datasets.py took 0.210 seconds
[2024-06-04T22:40:44.258+0000] {processor.py:161} INFO - Started process (PID=404) to work on /home/airflow/.local/lib/python3.12/site-packages/airflow/example_dags/example_datasets.py
[2024-06-04T22:40:44.260+0000] {processor.py:830} INFO - Processing file /home/airflow/.local/lib/python3.12/site-packages/airflow/example_dags/example_datasets.py for tasks to queue
[2024-06-04T22:40:44.262+0000] {logging_mixin.py:188} INFO - [2024-06-04T22:40:44.262+0000] {dagbag.py:545} INFO - Filling up the DagBag from /home/airflow/.local/lib/python3.12/site-packages/airflow/example_dags/example_datasets.py
[2024-06-04T22:40:44.275+0000] {processor.py:840} INFO - DAG(s) 'consume_1_and_2_with_dataset_expressions', 'dataset_consumes_unknown_never_scheduled', 'conditional_dataset_and_time_based_timetable', 'dataset_produces_2', 'dataset_consumes_1_and_2', 'dataset_produces_1', 'consume_1_or_both_2_and_3_with_dataset_expressions', 'dataset_consumes_1', 'dataset_consumes_1_never_scheduled', 'consume_1_or_2_with_dataset_expressions' retrieved from /home/airflow/.local/lib/python3.12/site-packages/airflow/example_dags/example_datasets.py
[2024-06-04T22:40:44.321+0000] {logging_mixin.py:188} INFO - [2024-06-04T22:40:44.321+0000] {dag.py:3096} INFO - Sync 10 DAGs
[2024-06-04T22:40:44.346+0000] {logging_mixin.py:188} INFO - [2024-06-04T22:40:44.345+0000] {dag.py:3954} INFO - Setting next_dagrun for conditional_dataset_and_time_based_timetable to 2024-05-29 01:00:00+00:00, run_after=2024-05-29 01:00:00+00:00
[2024-06-04T22:40:44.350+0000] {logging_mixin.py:188} INFO - [2024-06-04T22:40:44.350+0000] {dag.py:3954} INFO - Setting next_dagrun for consume_1_and_2_with_dataset_expressions to None, run_after=None
[2024-06-04T22:40:44.352+0000] {logging_mixin.py:188} INFO - [2024-06-04T22:40:44.352+0000] {dag.py:3954} INFO - Setting next_dagrun for consume_1_or_2_with_dataset_expressions to None, run_after=None
[2024-06-04T22:40:44.353+0000] {logging_mixin.py:188} INFO - [2024-06-04T22:40:44.353+0000] {dag.py:3954} INFO - Setting next_dagrun for consume_1_or_both_2_and_3_with_dataset_expressions to None, run_after=None
[2024-06-04T22:40:44.355+0000] {logging_mixin.py:188} INFO - [2024-06-04T22:40:44.355+0000] {dag.py:3954} INFO - Setting next_dagrun for dataset_consumes_1 to None, run_after=None
[2024-06-04T22:40:44.357+0000] {logging_mixin.py:188} INFO - [2024-06-04T22:40:44.357+0000] {dag.py:3954} INFO - Setting next_dagrun for dataset_consumes_1_and_2 to None, run_after=None
[2024-06-04T22:40:44.359+0000] {logging_mixin.py:188} INFO - [2024-06-04T22:40:44.359+0000] {dag.py:3954} INFO - Setting next_dagrun for dataset_consumes_1_never_scheduled to None, run_after=None
[2024-06-04T22:40:44.361+0000] {logging_mixin.py:188} INFO - [2024-06-04T22:40:44.361+0000] {dag.py:3954} INFO - Setting next_dagrun for dataset_consumes_unknown_never_scheduled to None, run_after=None
[2024-06-04T22:40:44.364+0000] {logging_mixin.py:188} INFO - [2024-06-04T22:40:44.364+0000] {dag.py:3954} INFO - Setting next_dagrun for dataset_produces_1 to 2024-06-03 00:00:00+00:00, run_after=2024-06-04 00:00:00+00:00
[2024-06-04T22:40:44.366+0000] {logging_mixin.py:188} INFO - [2024-06-04T22:40:44.366+0000] {dag.py:3954} INFO - Setting next_dagrun for dataset_produces_2 to None, run_after=None
[2024-06-04T22:40:44.400+0000] {processor.py:183} INFO - Processing /home/airflow/.local/lib/python3.12/site-packages/airflow/example_dags/example_datasets.py took 0.147 seconds
[2024-06-04T22:41:14.777+0000] {processor.py:161} INFO - Started process (PID=462) to work on /home/airflow/.local/lib/python3.12/site-packages/airflow/example_dags/example_datasets.py
[2024-06-04T22:41:14.787+0000] {processor.py:830} INFO - Processing file /home/airflow/.local/lib/python3.12/site-packages/airflow/example_dags/example_datasets.py for tasks to queue
[2024-06-04T22:41:14.793+0000] {logging_mixin.py:188} INFO - [2024-06-04T22:41:14.793+0000] {dagbag.py:545} INFO - Filling up the DagBag from /home/airflow/.local/lib/python3.12/site-packages/airflow/example_dags/example_datasets.py
[2024-06-04T22:41:14.811+0000] {processor.py:840} INFO - DAG(s) 'conditional_dataset_and_time_based_timetable', 'dataset_consumes_1_never_scheduled', 'dataset_consumes_1_and_2', 'dataset_produces_1', 'dataset_consumes_1', 'consume_1_or_2_with_dataset_expressions', 'consume_1_or_both_2_and_3_with_dataset_expressions', 'consume_1_and_2_with_dataset_expressions', 'dataset_consumes_unknown_never_scheduled', 'dataset_produces_2' retrieved from /home/airflow/.local/lib/python3.12/site-packages/airflow/example_dags/example_datasets.py
[2024-06-04T22:41:14.865+0000] {logging_mixin.py:188} INFO - [2024-06-04T22:41:14.865+0000] {dag.py:3096} INFO - Sync 10 DAGs
[2024-06-04T22:41:14.891+0000] {logging_mixin.py:188} INFO - [2024-06-04T22:41:14.891+0000] {dag.py:3954} INFO - Setting next_dagrun for conditional_dataset_and_time_based_timetable to 2024-05-29 01:00:00+00:00, run_after=2024-05-29 01:00:00+00:00
[2024-06-04T22:41:14.913+0000] {logging_mixin.py:188} INFO - [2024-06-04T22:41:14.912+0000] {dag.py:3954} INFO - Setting next_dagrun for consume_1_and_2_with_dataset_expressions to None, run_after=None
[2024-06-04T22:41:14.919+0000] {logging_mixin.py:188} INFO - [2024-06-04T22:41:14.919+0000] {dag.py:3954} INFO - Setting next_dagrun for consume_1_or_2_with_dataset_expressions to None, run_after=None
[2024-06-04T22:41:14.938+0000] {logging_mixin.py:188} INFO - [2024-06-04T22:41:14.937+0000] {dag.py:3954} INFO - Setting next_dagrun for consume_1_or_both_2_and_3_with_dataset_expressions to None, run_after=None
[2024-06-04T22:41:14.943+0000] {logging_mixin.py:188} INFO - [2024-06-04T22:41:14.943+0000] {dag.py:3954} INFO - Setting next_dagrun for dataset_consumes_1 to None, run_after=None
[2024-06-04T22:41:14.946+0000] {logging_mixin.py:188} INFO - [2024-06-04T22:41:14.945+0000] {dag.py:3954} INFO - Setting next_dagrun for dataset_consumes_1_and_2 to None, run_after=None
[2024-06-04T22:41:14.950+0000] {logging_mixin.py:188} INFO - [2024-06-04T22:41:14.950+0000] {dag.py:3954} INFO - Setting next_dagrun for dataset_consumes_1_never_scheduled to None, run_after=None
[2024-06-04T22:41:14.953+0000] {logging_mixin.py:188} INFO - [2024-06-04T22:41:14.953+0000] {dag.py:3954} INFO - Setting next_dagrun for dataset_consumes_unknown_never_scheduled to None, run_after=None
[2024-06-04T22:41:14.957+0000] {logging_mixin.py:188} INFO - [2024-06-04T22:41:14.956+0000] {dag.py:3954} INFO - Setting next_dagrun for dataset_produces_1 to 2024-06-03 00:00:00+00:00, run_after=2024-06-04 00:00:00+00:00
[2024-06-04T22:41:14.959+0000] {logging_mixin.py:188} INFO - [2024-06-04T22:41:14.959+0000] {dag.py:3954} INFO - Setting next_dagrun for dataset_produces_2 to None, run_after=None
[2024-06-04T22:41:14.998+0000] {processor.py:183} INFO - Processing /home/airflow/.local/lib/python3.12/site-packages/airflow/example_dags/example_datasets.py took 0.226 seconds
