[2024-06-04T22:37:42.935+0000] {processor.py:161} INFO - Started process (PID=75) to work on /home/airflow/.local/lib/python3.12/site-packages/airflow/example_dags/example_bash_operator.py
[2024-06-04T22:37:42.937+0000] {processor.py:830} INFO - Processing file /home/airflow/.local/lib/python3.12/site-packages/airflow/example_dags/example_bash_operator.py for tasks to queue
[2024-06-04T22:37:42.940+0000] {logging_mixin.py:188} INFO - [2024-06-04T22:37:42.939+0000] {dagbag.py:545} INFO - Filling up the DagBag from /home/airflow/.local/lib/python3.12/site-packages/airflow/example_dags/example_bash_operator.py
[2024-06-04T22:37:42.958+0000] {processor.py:840} INFO - DAG(s) 'example_bash_operator' retrieved from /home/airflow/.local/lib/python3.12/site-packages/airflow/example_dags/example_bash_operator.py
[2024-06-04T22:37:43.003+0000] {logging_mixin.py:188} INFO - [2024-06-04T22:37:43.002+0000] {dag.py:3096} INFO - Sync 1 DAGs
[2024-06-04T22:37:43.030+0000] {logging_mixin.py:188} INFO - [2024-06-04T22:37:43.030+0000] {dag.py:3954} INFO - Setting next_dagrun for example_bash_operator to 2024-06-03 00:00:00+00:00, run_after=2024-06-04 00:00:00+00:00
[2024-06-04T22:37:43.054+0000] {processor.py:183} INFO - Processing /home/airflow/.local/lib/python3.12/site-packages/airflow/example_dags/example_bash_operator.py took 0.128 seconds
[2024-06-04T22:38:13.916+0000] {processor.py:161} INFO - Started process (PID=133) to work on /home/airflow/.local/lib/python3.12/site-packages/airflow/example_dags/example_bash_operator.py
[2024-06-04T22:38:13.918+0000] {processor.py:830} INFO - Processing file /home/airflow/.local/lib/python3.12/site-packages/airflow/example_dags/example_bash_operator.py for tasks to queue
[2024-06-04T22:38:13.920+0000] {logging_mixin.py:188} INFO - [2024-06-04T22:38:13.920+0000] {dagbag.py:545} INFO - Filling up the DagBag from /home/airflow/.local/lib/python3.12/site-packages/airflow/example_dags/example_bash_operator.py
[2024-06-04T22:38:13.931+0000] {processor.py:840} INFO - DAG(s) 'example_bash_operator' retrieved from /home/airflow/.local/lib/python3.12/site-packages/airflow/example_dags/example_bash_operator.py
[2024-06-04T22:38:13.957+0000] {logging_mixin.py:188} INFO - [2024-06-04T22:38:13.956+0000] {dag.py:3096} INFO - Sync 1 DAGs
[2024-06-04T22:38:13.977+0000] {logging_mixin.py:188} INFO - [2024-06-04T22:38:13.977+0000] {dag.py:3954} INFO - Setting next_dagrun for example_bash_operator to 2024-06-03 00:00:00+00:00, run_after=2024-06-04 00:00:00+00:00
[2024-06-04T22:38:13.995+0000] {processor.py:183} INFO - Processing /home/airflow/.local/lib/python3.12/site-packages/airflow/example_dags/example_bash_operator.py took 0.085 seconds
[2024-06-04T22:38:44.240+0000] {processor.py:161} INFO - Started process (PID=191) to work on /home/airflow/.local/lib/python3.12/site-packages/airflow/example_dags/example_bash_operator.py
[2024-06-04T22:38:44.241+0000] {processor.py:830} INFO - Processing file /home/airflow/.local/lib/python3.12/site-packages/airflow/example_dags/example_bash_operator.py for tasks to queue
[2024-06-04T22:38:44.243+0000] {logging_mixin.py:188} INFO - [2024-06-04T22:38:44.243+0000] {dagbag.py:545} INFO - Filling up the DagBag from /home/airflow/.local/lib/python3.12/site-packages/airflow/example_dags/example_bash_operator.py
[2024-06-04T22:38:44.256+0000] {processor.py:840} INFO - DAG(s) 'example_bash_operator' retrieved from /home/airflow/.local/lib/python3.12/site-packages/airflow/example_dags/example_bash_operator.py
[2024-06-04T22:38:44.284+0000] {logging_mixin.py:188} INFO - [2024-06-04T22:38:44.284+0000] {dag.py:3096} INFO - Sync 1 DAGs
[2024-06-04T22:38:44.304+0000] {logging_mixin.py:188} INFO - [2024-06-04T22:38:44.304+0000] {dag.py:3954} INFO - Setting next_dagrun for example_bash_operator to 2024-06-03 00:00:00+00:00, run_after=2024-06-04 00:00:00+00:00
[2024-06-04T22:38:44.322+0000] {processor.py:183} INFO - Processing /home/airflow/.local/lib/python3.12/site-packages/airflow/example_dags/example_bash_operator.py took 0.088 seconds
[2024-06-04T22:39:14.698+0000] {processor.py:161} INFO - Started process (PID=249) to work on /home/airflow/.local/lib/python3.12/site-packages/airflow/example_dags/example_bash_operator.py
[2024-06-04T22:39:14.699+0000] {processor.py:830} INFO - Processing file /home/airflow/.local/lib/python3.12/site-packages/airflow/example_dags/example_bash_operator.py for tasks to queue
[2024-06-04T22:39:14.702+0000] {logging_mixin.py:188} INFO - [2024-06-04T22:39:14.701+0000] {dagbag.py:545} INFO - Filling up the DagBag from /home/airflow/.local/lib/python3.12/site-packages/airflow/example_dags/example_bash_operator.py
[2024-06-04T22:39:14.713+0000] {processor.py:840} INFO - DAG(s) 'example_bash_operator' retrieved from /home/airflow/.local/lib/python3.12/site-packages/airflow/example_dags/example_bash_operator.py
[2024-06-04T22:39:14.739+0000] {logging_mixin.py:188} INFO - [2024-06-04T22:39:14.739+0000] {dag.py:3096} INFO - Sync 1 DAGs
[2024-06-04T22:39:14.759+0000] {logging_mixin.py:188} INFO - [2024-06-04T22:39:14.759+0000] {dag.py:3954} INFO - Setting next_dagrun for example_bash_operator to 2024-06-03 00:00:00+00:00, run_after=2024-06-04 00:00:00+00:00
[2024-06-04T22:39:14.778+0000] {processor.py:183} INFO - Processing /home/airflow/.local/lib/python3.12/site-packages/airflow/example_dags/example_bash_operator.py took 0.085 seconds
[2024-06-04T22:39:45.442+0000] {processor.py:161} INFO - Started process (PID=307) to work on /home/airflow/.local/lib/python3.12/site-packages/airflow/example_dags/example_bash_operator.py
[2024-06-04T22:39:45.445+0000] {processor.py:830} INFO - Processing file /home/airflow/.local/lib/python3.12/site-packages/airflow/example_dags/example_bash_operator.py for tasks to queue
[2024-06-04T22:39:45.448+0000] {logging_mixin.py:188} INFO - [2024-06-04T22:39:45.448+0000] {dagbag.py:545} INFO - Filling up the DagBag from /home/airflow/.local/lib/python3.12/site-packages/airflow/example_dags/example_bash_operator.py
[2024-06-04T22:39:45.464+0000] {processor.py:840} INFO - DAG(s) 'example_bash_operator' retrieved from /home/airflow/.local/lib/python3.12/site-packages/airflow/example_dags/example_bash_operator.py
[2024-06-04T22:39:45.506+0000] {logging_mixin.py:188} INFO - [2024-06-04T22:39:45.506+0000] {dag.py:3096} INFO - Sync 1 DAGs
[2024-06-04T22:39:45.535+0000] {logging_mixin.py:188} INFO - [2024-06-04T22:39:45.534+0000] {dag.py:3954} INFO - Setting next_dagrun for example_bash_operator to 2024-06-03 00:00:00+00:00, run_after=2024-06-04 00:00:00+00:00
[2024-06-04T22:39:45.555+0000] {processor.py:183} INFO - Processing /home/airflow/.local/lib/python3.12/site-packages/airflow/example_dags/example_bash_operator.py took 0.121 seconds
[2024-06-04T22:40:16.267+0000] {processor.py:161} INFO - Started process (PID=365) to work on /home/airflow/.local/lib/python3.12/site-packages/airflow/example_dags/example_bash_operator.py
[2024-06-04T22:40:16.269+0000] {processor.py:830} INFO - Processing file /home/airflow/.local/lib/python3.12/site-packages/airflow/example_dags/example_bash_operator.py for tasks to queue
[2024-06-04T22:40:16.278+0000] {logging_mixin.py:188} INFO - [2024-06-04T22:40:16.278+0000] {dagbag.py:545} INFO - Filling up the DagBag from /home/airflow/.local/lib/python3.12/site-packages/airflow/example_dags/example_bash_operator.py
[2024-06-04T22:40:16.292+0000] {processor.py:840} INFO - DAG(s) 'example_bash_operator' retrieved from /home/airflow/.local/lib/python3.12/site-packages/airflow/example_dags/example_bash_operator.py
[2024-06-04T22:40:16.320+0000] {logging_mixin.py:188} INFO - [2024-06-04T22:40:16.320+0000] {dag.py:3096} INFO - Sync 1 DAGs
[2024-06-04T22:40:16.341+0000] {logging_mixin.py:188} INFO - [2024-06-04T22:40:16.341+0000] {dag.py:3954} INFO - Setting next_dagrun for example_bash_operator to 2024-06-03 00:00:00+00:00, run_after=2024-06-04 00:00:00+00:00
[2024-06-04T22:40:16.360+0000] {processor.py:183} INFO - Processing /home/airflow/.local/lib/python3.12/site-packages/airflow/example_dags/example_bash_operator.py took 0.102 seconds
[2024-06-04T22:40:47.079+0000] {processor.py:161} INFO - Started process (PID=423) to work on /home/airflow/.local/lib/python3.12/site-packages/airflow/example_dags/example_bash_operator.py
[2024-06-04T22:40:47.081+0000] {processor.py:830} INFO - Processing file /home/airflow/.local/lib/python3.12/site-packages/airflow/example_dags/example_bash_operator.py for tasks to queue
[2024-06-04T22:40:47.084+0000] {logging_mixin.py:188} INFO - [2024-06-04T22:40:47.083+0000] {dagbag.py:545} INFO - Filling up the DagBag from /home/airflow/.local/lib/python3.12/site-packages/airflow/example_dags/example_bash_operator.py
[2024-06-04T22:40:47.104+0000] {processor.py:840} INFO - DAG(s) 'example_bash_operator' retrieved from /home/airflow/.local/lib/python3.12/site-packages/airflow/example_dags/example_bash_operator.py
[2024-06-04T22:40:47.142+0000] {logging_mixin.py:188} INFO - [2024-06-04T22:40:47.141+0000] {dag.py:3096} INFO - Sync 1 DAGs
[2024-06-04T22:40:47.167+0000] {logging_mixin.py:188} INFO - [2024-06-04T22:40:47.167+0000] {dag.py:3954} INFO - Setting next_dagrun for example_bash_operator to 2024-06-03 00:00:00+00:00, run_after=2024-06-04 00:00:00+00:00
[2024-06-04T22:40:47.190+0000] {processor.py:183} INFO - Processing /home/airflow/.local/lib/python3.12/site-packages/airflow/example_dags/example_bash_operator.py took 0.120 seconds
[2024-06-04T22:41:17.424+0000] {processor.py:161} INFO - Started process (PID=481) to work on /home/airflow/.local/lib/python3.12/site-packages/airflow/example_dags/example_bash_operator.py
[2024-06-04T22:41:17.426+0000] {processor.py:830} INFO - Processing file /home/airflow/.local/lib/python3.12/site-packages/airflow/example_dags/example_bash_operator.py for tasks to queue
[2024-06-04T22:41:17.429+0000] {logging_mixin.py:188} INFO - [2024-06-04T22:41:17.428+0000] {dagbag.py:545} INFO - Filling up the DagBag from /home/airflow/.local/lib/python3.12/site-packages/airflow/example_dags/example_bash_operator.py
[2024-06-04T22:41:17.439+0000] {processor.py:840} INFO - DAG(s) 'example_bash_operator' retrieved from /home/airflow/.local/lib/python3.12/site-packages/airflow/example_dags/example_bash_operator.py
[2024-06-04T22:41:17.466+0000] {logging_mixin.py:188} INFO - [2024-06-04T22:41:17.465+0000] {dag.py:3096} INFO - Sync 1 DAGs
[2024-06-04T22:41:17.493+0000] {logging_mixin.py:188} INFO - [2024-06-04T22:41:17.492+0000] {dag.py:3954} INFO - Setting next_dagrun for example_bash_operator to 2024-06-03 00:00:00+00:00, run_after=2024-06-04 00:00:00+00:00
[2024-06-04T22:41:17.512+0000] {processor.py:183} INFO - Processing /home/airflow/.local/lib/python3.12/site-packages/airflow/example_dags/example_bash_operator.py took 0.095 seconds
