[2024-06-04T22:37:43.971+0000] {processor.py:161} INFO - Started process (PID=86) to work on /home/airflow/.local/lib/python3.12/site-packages/airflow/example_dags/example_external_task_marker_dag.py
[2024-06-04T22:37:43.974+0000] {processor.py:830} INFO - Processing file /home/airflow/.local/lib/python3.12/site-packages/airflow/example_dags/example_external_task_marker_dag.py for tasks to queue
[2024-06-04T22:37:43.978+0000] {logging_mixin.py:188} INFO - [2024-06-04T22:37:43.977+0000] {dagbag.py:545} INFO - Filling up the DagBag from /home/airflow/.local/lib/python3.12/site-packages/airflow/example_dags/example_external_task_marker_dag.py
[2024-06-04T22:37:43.991+0000] {processor.py:840} INFO - DAG(s) 'example_external_task_marker_parent', 'example_external_task_marker_child' retrieved from /home/airflow/.local/lib/python3.12/site-packages/airflow/example_dags/example_external_task_marker_dag.py
[2024-06-04T22:37:44.028+0000] {logging_mixin.py:188} INFO - [2024-06-04T22:37:44.028+0000] {dag.py:3096} INFO - Sync 2 DAGs
[2024-06-04T22:37:44.046+0000] {logging_mixin.py:188} INFO - [2024-06-04T22:37:44.046+0000] {dag.py:3954} INFO - Setting next_dagrun for example_external_task_marker_child to None, run_after=None
[2024-06-04T22:37:44.053+0000] {logging_mixin.py:188} INFO - [2024-06-04T22:37:44.053+0000] {dag.py:3954} INFO - Setting next_dagrun for example_external_task_marker_parent to None, run_after=None
[2024-06-04T22:37:44.085+0000] {processor.py:183} INFO - Processing /home/airflow/.local/lib/python3.12/site-packages/airflow/example_dags/example_external_task_marker_dag.py took 0.125 seconds
[2024-06-04T22:38:14.535+0000] {processor.py:161} INFO - Started process (PID=144) to work on /home/airflow/.local/lib/python3.12/site-packages/airflow/example_dags/example_external_task_marker_dag.py
[2024-06-04T22:38:14.536+0000] {processor.py:830} INFO - Processing file /home/airflow/.local/lib/python3.12/site-packages/airflow/example_dags/example_external_task_marker_dag.py for tasks to queue
[2024-06-04T22:38:14.539+0000] {logging_mixin.py:188} INFO - [2024-06-04T22:38:14.539+0000] {dagbag.py:545} INFO - Filling up the DagBag from /home/airflow/.local/lib/python3.12/site-packages/airflow/example_dags/example_external_task_marker_dag.py
[2024-06-04T22:38:14.548+0000] {processor.py:840} INFO - DAG(s) 'example_external_task_marker_child', 'example_external_task_marker_parent' retrieved from /home/airflow/.local/lib/python3.12/site-packages/airflow/example_dags/example_external_task_marker_dag.py
[2024-06-04T22:38:14.574+0000] {logging_mixin.py:188} INFO - [2024-06-04T22:38:14.574+0000] {dag.py:3096} INFO - Sync 2 DAGs
[2024-06-04T22:38:14.592+0000] {logging_mixin.py:188} INFO - [2024-06-04T22:38:14.592+0000] {dag.py:3954} INFO - Setting next_dagrun for example_external_task_marker_child to None, run_after=None
[2024-06-04T22:38:14.597+0000] {logging_mixin.py:188} INFO - [2024-06-04T22:38:14.597+0000] {dag.py:3954} INFO - Setting next_dagrun for example_external_task_marker_parent to None, run_after=None
[2024-06-04T22:38:14.618+0000] {processor.py:183} INFO - Processing /home/airflow/.local/lib/python3.12/site-packages/airflow/example_dags/example_external_task_marker_dag.py took 0.090 seconds
[2024-06-04T22:38:44.806+0000] {processor.py:161} INFO - Started process (PID=202) to work on /home/airflow/.local/lib/python3.12/site-packages/airflow/example_dags/example_external_task_marker_dag.py
[2024-06-04T22:38:44.808+0000] {processor.py:830} INFO - Processing file /home/airflow/.local/lib/python3.12/site-packages/airflow/example_dags/example_external_task_marker_dag.py for tasks to queue
[2024-06-04T22:38:44.810+0000] {logging_mixin.py:188} INFO - [2024-06-04T22:38:44.809+0000] {dagbag.py:545} INFO - Filling up the DagBag from /home/airflow/.local/lib/python3.12/site-packages/airflow/example_dags/example_external_task_marker_dag.py
[2024-06-04T22:38:44.815+0000] {processor.py:840} INFO - DAG(s) 'example_external_task_marker_child', 'example_external_task_marker_parent' retrieved from /home/airflow/.local/lib/python3.12/site-packages/airflow/example_dags/example_external_task_marker_dag.py
[2024-06-04T22:38:44.837+0000] {logging_mixin.py:188} INFO - [2024-06-04T22:38:44.837+0000] {dag.py:3096} INFO - Sync 2 DAGs
[2024-06-04T22:38:44.848+0000] {logging_mixin.py:188} INFO - [2024-06-04T22:38:44.848+0000] {dag.py:3954} INFO - Setting next_dagrun for example_external_task_marker_child to None, run_after=None
[2024-06-04T22:38:44.852+0000] {logging_mixin.py:188} INFO - [2024-06-04T22:38:44.851+0000] {dag.py:3954} INFO - Setting next_dagrun for example_external_task_marker_parent to None, run_after=None
[2024-06-04T22:38:44.867+0000] {processor.py:183} INFO - Processing /home/airflow/.local/lib/python3.12/site-packages/airflow/example_dags/example_external_task_marker_dag.py took 0.065 seconds
[2024-06-04T22:39:15.302+0000] {processor.py:161} INFO - Started process (PID=260) to work on /home/airflow/.local/lib/python3.12/site-packages/airflow/example_dags/example_external_task_marker_dag.py
[2024-06-04T22:39:15.304+0000] {processor.py:830} INFO - Processing file /home/airflow/.local/lib/python3.12/site-packages/airflow/example_dags/example_external_task_marker_dag.py for tasks to queue
[2024-06-04T22:39:15.306+0000] {logging_mixin.py:188} INFO - [2024-06-04T22:39:15.305+0000] {dagbag.py:545} INFO - Filling up the DagBag from /home/airflow/.local/lib/python3.12/site-packages/airflow/example_dags/example_external_task_marker_dag.py
[2024-06-04T22:39:15.312+0000] {processor.py:840} INFO - DAG(s) 'example_external_task_marker_parent', 'example_external_task_marker_child' retrieved from /home/airflow/.local/lib/python3.12/site-packages/airflow/example_dags/example_external_task_marker_dag.py
[2024-06-04T22:39:15.334+0000] {logging_mixin.py:188} INFO - [2024-06-04T22:39:15.333+0000] {dag.py:3096} INFO - Sync 2 DAGs
[2024-06-04T22:39:15.346+0000] {logging_mixin.py:188} INFO - [2024-06-04T22:39:15.346+0000] {dag.py:3954} INFO - Setting next_dagrun for example_external_task_marker_child to None, run_after=None
[2024-06-04T22:39:15.350+0000] {logging_mixin.py:188} INFO - [2024-06-04T22:39:15.350+0000] {dag.py:3954} INFO - Setting next_dagrun for example_external_task_marker_parent to None, run_after=None
[2024-06-04T22:39:15.368+0000] {processor.py:183} INFO - Processing /home/airflow/.local/lib/python3.12/site-packages/airflow/example_dags/example_external_task_marker_dag.py took 0.071 seconds
[2024-06-04T22:39:46.689+0000] {processor.py:161} INFO - Started process (PID=318) to work on /home/airflow/.local/lib/python3.12/site-packages/airflow/example_dags/example_external_task_marker_dag.py
[2024-06-04T22:39:46.691+0000] {processor.py:830} INFO - Processing file /home/airflow/.local/lib/python3.12/site-packages/airflow/example_dags/example_external_task_marker_dag.py for tasks to queue
[2024-06-04T22:39:46.693+0000] {logging_mixin.py:188} INFO - [2024-06-04T22:39:46.693+0000] {dagbag.py:545} INFO - Filling up the DagBag from /home/airflow/.local/lib/python3.12/site-packages/airflow/example_dags/example_external_task_marker_dag.py
[2024-06-04T22:39:46.702+0000] {processor.py:840} INFO - DAG(s) 'example_external_task_marker_child', 'example_external_task_marker_parent' retrieved from /home/airflow/.local/lib/python3.12/site-packages/airflow/example_dags/example_external_task_marker_dag.py
[2024-06-04T22:39:46.737+0000] {logging_mixin.py:188} INFO - [2024-06-04T22:39:46.736+0000] {dag.py:3096} INFO - Sync 2 DAGs
[2024-06-04T22:39:46.756+0000] {logging_mixin.py:188} INFO - [2024-06-04T22:39:46.755+0000] {dag.py:3954} INFO - Setting next_dagrun for example_external_task_marker_child to None, run_after=None
[2024-06-04T22:39:46.761+0000] {logging_mixin.py:188} INFO - [2024-06-04T22:39:46.761+0000] {dag.py:3954} INFO - Setting next_dagrun for example_external_task_marker_parent to None, run_after=None
[2024-06-04T22:39:46.785+0000] {processor.py:183} INFO - Processing /home/airflow/.local/lib/python3.12/site-packages/airflow/example_dags/example_external_task_marker_dag.py took 0.105 seconds
[2024-06-04T22:40:17.324+0000] {processor.py:161} INFO - Started process (PID=376) to work on /home/airflow/.local/lib/python3.12/site-packages/airflow/example_dags/example_external_task_marker_dag.py
[2024-06-04T22:40:17.326+0000] {processor.py:830} INFO - Processing file /home/airflow/.local/lib/python3.12/site-packages/airflow/example_dags/example_external_task_marker_dag.py for tasks to queue
[2024-06-04T22:40:17.328+0000] {logging_mixin.py:188} INFO - [2024-06-04T22:40:17.328+0000] {dagbag.py:545} INFO - Filling up the DagBag from /home/airflow/.local/lib/python3.12/site-packages/airflow/example_dags/example_external_task_marker_dag.py
[2024-06-04T22:40:17.335+0000] {processor.py:840} INFO - DAG(s) 'example_external_task_marker_child', 'example_external_task_marker_parent' retrieved from /home/airflow/.local/lib/python3.12/site-packages/airflow/example_dags/example_external_task_marker_dag.py
[2024-06-04T22:40:17.366+0000] {logging_mixin.py:188} INFO - [2024-06-04T22:40:17.366+0000] {dag.py:3096} INFO - Sync 2 DAGs
[2024-06-04T22:40:17.384+0000] {logging_mixin.py:188} INFO - [2024-06-04T22:40:17.383+0000] {dag.py:3954} INFO - Setting next_dagrun for example_external_task_marker_child to None, run_after=None
[2024-06-04T22:40:17.389+0000] {logging_mixin.py:188} INFO - [2024-06-04T22:40:17.389+0000] {dag.py:3954} INFO - Setting next_dagrun for example_external_task_marker_parent to None, run_after=None
[2024-06-04T22:40:17.418+0000] {processor.py:183} INFO - Processing /home/airflow/.local/lib/python3.12/site-packages/airflow/example_dags/example_external_task_marker_dag.py took 0.100 seconds
[2024-06-04T22:40:47.827+0000] {processor.py:161} INFO - Started process (PID=434) to work on /home/airflow/.local/lib/python3.12/site-packages/airflow/example_dags/example_external_task_marker_dag.py
[2024-06-04T22:40:47.829+0000] {processor.py:830} INFO - Processing file /home/airflow/.local/lib/python3.12/site-packages/airflow/example_dags/example_external_task_marker_dag.py for tasks to queue
[2024-06-04T22:40:47.832+0000] {logging_mixin.py:188} INFO - [2024-06-04T22:40:47.832+0000] {dagbag.py:545} INFO - Filling up the DagBag from /home/airflow/.local/lib/python3.12/site-packages/airflow/example_dags/example_external_task_marker_dag.py
[2024-06-04T22:40:47.842+0000] {processor.py:840} INFO - DAG(s) 'example_external_task_marker_child', 'example_external_task_marker_parent' retrieved from /home/airflow/.local/lib/python3.12/site-packages/airflow/example_dags/example_external_task_marker_dag.py
[2024-06-04T22:40:47.871+0000] {logging_mixin.py:188} INFO - [2024-06-04T22:40:47.871+0000] {dag.py:3096} INFO - Sync 2 DAGs
[2024-06-04T22:40:47.885+0000] {logging_mixin.py:188} INFO - [2024-06-04T22:40:47.885+0000] {dag.py:3954} INFO - Setting next_dagrun for example_external_task_marker_child to None, run_after=None
[2024-06-04T22:40:47.891+0000] {logging_mixin.py:188} INFO - [2024-06-04T22:40:47.891+0000] {dag.py:3954} INFO - Setting next_dagrun for example_external_task_marker_parent to None, run_after=None
[2024-06-04T22:40:47.916+0000] {processor.py:183} INFO - Processing /home/airflow/.local/lib/python3.12/site-packages/airflow/example_dags/example_external_task_marker_dag.py took 0.095 seconds
[2024-06-04T22:41:18.579+0000] {processor.py:161} INFO - Started process (PID=498) to work on /home/airflow/.local/lib/python3.12/site-packages/airflow/example_dags/example_external_task_marker_dag.py
[2024-06-04T22:41:18.581+0000] {processor.py:830} INFO - Processing file /home/airflow/.local/lib/python3.12/site-packages/airflow/example_dags/example_external_task_marker_dag.py for tasks to queue
[2024-06-04T22:41:18.584+0000] {logging_mixin.py:188} INFO - [2024-06-04T22:41:18.583+0000] {dagbag.py:545} INFO - Filling up the DagBag from /home/airflow/.local/lib/python3.12/site-packages/airflow/example_dags/example_external_task_marker_dag.py
[2024-06-04T22:41:18.592+0000] {processor.py:840} INFO - DAG(s) 'example_external_task_marker_parent', 'example_external_task_marker_child' retrieved from /home/airflow/.local/lib/python3.12/site-packages/airflow/example_dags/example_external_task_marker_dag.py
[2024-06-04T22:41:18.623+0000] {logging_mixin.py:188} INFO - [2024-06-04T22:41:18.623+0000] {dag.py:3096} INFO - Sync 2 DAGs
[2024-06-04T22:41:18.638+0000] {logging_mixin.py:188} INFO - [2024-06-04T22:41:18.638+0000] {dag.py:3954} INFO - Setting next_dagrun for example_external_task_marker_child to None, run_after=None
[2024-06-04T22:41:18.643+0000] {logging_mixin.py:188} INFO - [2024-06-04T22:41:18.642+0000] {dag.py:3954} INFO - Setting next_dagrun for example_external_task_marker_parent to None, run_after=None
[2024-06-04T22:41:18.667+0000] {processor.py:183} INFO - Processing /home/airflow/.local/lib/python3.12/site-packages/airflow/example_dags/example_external_task_marker_dag.py took 0.095 seconds
