[2024-06-04T22:37:42.330+0000] {processor.py:161} INFO - Started process (PID=69) to work on /home/airflow/.local/lib/python3.12/site-packages/airflow/example_dags/example_latest_only.py
[2024-06-04T22:37:42.332+0000] {processor.py:830} INFO - Processing file /home/airflow/.local/lib/python3.12/site-packages/airflow/example_dags/example_latest_only.py for tasks to queue
[2024-06-04T22:37:42.335+0000] {logging_mixin.py:188} INFO - [2024-06-04T22:37:42.335+0000] {dagbag.py:545} INFO - Filling up the DagBag from /home/airflow/.local/lib/python3.12/site-packages/airflow/example_dags/example_latest_only.py
[2024-06-04T22:37:42.348+0000] {processor.py:840} INFO - DAG(s) 'latest_only' retrieved from /home/airflow/.local/lib/python3.12/site-packages/airflow/example_dags/example_latest_only.py
[2024-06-04T22:37:42.390+0000] {logging_mixin.py:188} INFO - [2024-06-04T22:37:42.390+0000] {dag.py:3096} INFO - Sync 1 DAGs
[2024-06-04T22:37:42.421+0000] {logging_mixin.py:188} INFO - [2024-06-04T22:37:42.421+0000] {dag.py:3954} INFO - Setting next_dagrun for latest_only to 2024-06-04 16:00:00+00:00, run_after=2024-06-04 20:00:00+00:00
[2024-06-04T22:37:42.448+0000] {processor.py:183} INFO - Processing /home/airflow/.local/lib/python3.12/site-packages/airflow/example_dags/example_latest_only.py took 0.126 seconds
[2024-06-04T22:38:12.536+0000] {processor.py:161} INFO - Started process (PID=127) to work on /home/airflow/.local/lib/python3.12/site-packages/airflow/example_dags/example_latest_only.py
[2024-06-04T22:38:12.537+0000] {processor.py:830} INFO - Processing file /home/airflow/.local/lib/python3.12/site-packages/airflow/example_dags/example_latest_only.py for tasks to queue
[2024-06-04T22:38:12.539+0000] {logging_mixin.py:188} INFO - [2024-06-04T22:38:12.539+0000] {dagbag.py:545} INFO - Filling up the DagBag from /home/airflow/.local/lib/python3.12/site-packages/airflow/example_dags/example_latest_only.py
[2024-06-04T22:38:12.544+0000] {processor.py:840} INFO - DAG(s) 'latest_only' retrieved from /home/airflow/.local/lib/python3.12/site-packages/airflow/example_dags/example_latest_only.py
[2024-06-04T22:38:12.564+0000] {logging_mixin.py:188} INFO - [2024-06-04T22:38:12.564+0000] {dag.py:3096} INFO - Sync 1 DAGs
[2024-06-04T22:38:12.584+0000] {logging_mixin.py:188} INFO - [2024-06-04T22:38:12.584+0000] {dag.py:3954} INFO - Setting next_dagrun for latest_only to 2024-06-04 16:00:00+00:00, run_after=2024-06-04 20:00:00+00:00
[2024-06-04T22:38:12.602+0000] {processor.py:183} INFO - Processing /home/airflow/.local/lib/python3.12/site-packages/airflow/example_dags/example_latest_only.py took 0.071 seconds
[2024-06-04T22:38:42.878+0000] {processor.py:161} INFO - Started process (PID=185) to work on /home/airflow/.local/lib/python3.12/site-packages/airflow/example_dags/example_latest_only.py
[2024-06-04T22:38:42.879+0000] {processor.py:830} INFO - Processing file /home/airflow/.local/lib/python3.12/site-packages/airflow/example_dags/example_latest_only.py for tasks to queue
[2024-06-04T22:38:42.882+0000] {logging_mixin.py:188} INFO - [2024-06-04T22:38:42.881+0000] {dagbag.py:545} INFO - Filling up the DagBag from /home/airflow/.local/lib/python3.12/site-packages/airflow/example_dags/example_latest_only.py
[2024-06-04T22:38:42.886+0000] {processor.py:840} INFO - DAG(s) 'latest_only' retrieved from /home/airflow/.local/lib/python3.12/site-packages/airflow/example_dags/example_latest_only.py
[2024-06-04T22:38:42.905+0000] {logging_mixin.py:188} INFO - [2024-06-04T22:38:42.905+0000] {dag.py:3096} INFO - Sync 1 DAGs
[2024-06-04T22:38:42.927+0000] {logging_mixin.py:188} INFO - [2024-06-04T22:38:42.927+0000] {dag.py:3954} INFO - Setting next_dagrun for latest_only to 2024-06-04 16:00:00+00:00, run_after=2024-06-04 20:00:00+00:00
[2024-06-04T22:38:42.949+0000] {processor.py:183} INFO - Processing /home/airflow/.local/lib/python3.12/site-packages/airflow/example_dags/example_latest_only.py took 0.076 seconds
[2024-06-04T22:39:13.314+0000] {processor.py:161} INFO - Started process (PID=243) to work on /home/airflow/.local/lib/python3.12/site-packages/airflow/example_dags/example_latest_only.py
[2024-06-04T22:39:13.316+0000] {processor.py:830} INFO - Processing file /home/airflow/.local/lib/python3.12/site-packages/airflow/example_dags/example_latest_only.py for tasks to queue
[2024-06-04T22:39:13.317+0000] {logging_mixin.py:188} INFO - [2024-06-04T22:39:13.317+0000] {dagbag.py:545} INFO - Filling up the DagBag from /home/airflow/.local/lib/python3.12/site-packages/airflow/example_dags/example_latest_only.py
[2024-06-04T22:39:13.322+0000] {processor.py:840} INFO - DAG(s) 'latest_only' retrieved from /home/airflow/.local/lib/python3.12/site-packages/airflow/example_dags/example_latest_only.py
[2024-06-04T22:39:13.341+0000] {logging_mixin.py:188} INFO - [2024-06-04T22:39:13.341+0000] {dag.py:3096} INFO - Sync 1 DAGs
[2024-06-04T22:39:13.362+0000] {logging_mixin.py:188} INFO - [2024-06-04T22:39:13.362+0000] {dag.py:3954} INFO - Setting next_dagrun for latest_only to 2024-06-04 16:00:00+00:00, run_after=2024-06-04 20:00:00+00:00
[2024-06-04T22:39:13.381+0000] {processor.py:183} INFO - Processing /home/airflow/.local/lib/python3.12/site-packages/airflow/example_dags/example_latest_only.py took 0.072 seconds
[2024-06-04T22:39:43.947+0000] {processor.py:161} INFO - Started process (PID=301) to work on /home/airflow/.local/lib/python3.12/site-packages/airflow/example_dags/example_latest_only.py
[2024-06-04T22:39:43.958+0000] {processor.py:830} INFO - Processing file /home/airflow/.local/lib/python3.12/site-packages/airflow/example_dags/example_latest_only.py for tasks to queue
[2024-06-04T22:39:43.964+0000] {logging_mixin.py:188} INFO - [2024-06-04T22:39:43.963+0000] {dagbag.py:545} INFO - Filling up the DagBag from /home/airflow/.local/lib/python3.12/site-packages/airflow/example_dags/example_latest_only.py
[2024-06-04T22:39:43.970+0000] {processor.py:840} INFO - DAG(s) 'latest_only' retrieved from /home/airflow/.local/lib/python3.12/site-packages/airflow/example_dags/example_latest_only.py
[2024-06-04T22:39:44.000+0000] {logging_mixin.py:188} INFO - [2024-06-04T22:39:44.000+0000] {dag.py:3096} INFO - Sync 1 DAGs
[2024-06-04T22:39:44.023+0000] {logging_mixin.py:188} INFO - [2024-06-04T22:39:44.023+0000] {dag.py:3954} INFO - Setting next_dagrun for latest_only to 2024-06-04 16:00:00+00:00, run_after=2024-06-04 20:00:00+00:00
[2024-06-04T22:39:44.043+0000] {processor.py:183} INFO - Processing /home/airflow/.local/lib/python3.12/site-packages/airflow/example_dags/example_latest_only.py took 0.103 seconds
[2024-06-04T22:40:14.744+0000] {processor.py:161} INFO - Started process (PID=359) to work on /home/airflow/.local/lib/python3.12/site-packages/airflow/example_dags/example_latest_only.py
[2024-06-04T22:40:14.746+0000] {processor.py:830} INFO - Processing file /home/airflow/.local/lib/python3.12/site-packages/airflow/example_dags/example_latest_only.py for tasks to queue
[2024-06-04T22:40:14.749+0000] {logging_mixin.py:188} INFO - [2024-06-04T22:40:14.749+0000] {dagbag.py:545} INFO - Filling up the DagBag from /home/airflow/.local/lib/python3.12/site-packages/airflow/example_dags/example_latest_only.py
[2024-06-04T22:40:14.756+0000] {processor.py:840} INFO - DAG(s) 'latest_only' retrieved from /home/airflow/.local/lib/python3.12/site-packages/airflow/example_dags/example_latest_only.py
[2024-06-04T22:40:14.783+0000] {logging_mixin.py:188} INFO - [2024-06-04T22:40:14.783+0000] {dag.py:3096} INFO - Sync 1 DAGs
[2024-06-04T22:40:14.804+0000] {logging_mixin.py:188} INFO - [2024-06-04T22:40:14.804+0000] {dag.py:3954} INFO - Setting next_dagrun for latest_only to 2024-06-04 16:00:00+00:00, run_after=2024-06-04 20:00:00+00:00
[2024-06-04T22:40:14.825+0000] {processor.py:183} INFO - Processing /home/airflow/.local/lib/python3.12/site-packages/airflow/example_dags/example_latest_only.py took 0.088 seconds
[2024-06-04T22:40:45.554+0000] {processor.py:161} INFO - Started process (PID=417) to work on /home/airflow/.local/lib/python3.12/site-packages/airflow/example_dags/example_latest_only.py
[2024-06-04T22:40:45.556+0000] {processor.py:830} INFO - Processing file /home/airflow/.local/lib/python3.12/site-packages/airflow/example_dags/example_latest_only.py for tasks to queue
[2024-06-04T22:40:45.560+0000] {logging_mixin.py:188} INFO - [2024-06-04T22:40:45.559+0000] {dagbag.py:545} INFO - Filling up the DagBag from /home/airflow/.local/lib/python3.12/site-packages/airflow/example_dags/example_latest_only.py
[2024-06-04T22:40:45.567+0000] {processor.py:840} INFO - DAG(s) 'latest_only' retrieved from /home/airflow/.local/lib/python3.12/site-packages/airflow/example_dags/example_latest_only.py
[2024-06-04T22:40:45.591+0000] {logging_mixin.py:188} INFO - [2024-06-04T22:40:45.591+0000] {dag.py:3096} INFO - Sync 1 DAGs
[2024-06-04T22:40:45.615+0000] {logging_mixin.py:188} INFO - [2024-06-04T22:40:45.615+0000] {dag.py:3954} INFO - Setting next_dagrun for latest_only to 2024-06-04 16:00:00+00:00, run_after=2024-06-04 20:00:00+00:00
[2024-06-04T22:40:45.639+0000] {processor.py:183} INFO - Processing /home/airflow/.local/lib/python3.12/site-packages/airflow/example_dags/example_latest_only.py took 0.094 seconds
[2024-06-04T22:41:15.778+0000] {processor.py:161} INFO - Started process (PID=476) to work on /home/airflow/.local/lib/python3.12/site-packages/airflow/example_dags/example_latest_only.py
[2024-06-04T22:41:15.779+0000] {processor.py:830} INFO - Processing file /home/airflow/.local/lib/python3.12/site-packages/airflow/example_dags/example_latest_only.py for tasks to queue
[2024-06-04T22:41:15.782+0000] {logging_mixin.py:188} INFO - [2024-06-04T22:41:15.781+0000] {dagbag.py:545} INFO - Filling up the DagBag from /home/airflow/.local/lib/python3.12/site-packages/airflow/example_dags/example_latest_only.py
[2024-06-04T22:41:15.786+0000] {processor.py:840} INFO - DAG(s) 'latest_only' retrieved from /home/airflow/.local/lib/python3.12/site-packages/airflow/example_dags/example_latest_only.py
[2024-06-04T22:41:15.807+0000] {logging_mixin.py:188} INFO - [2024-06-04T22:41:15.807+0000] {dag.py:3096} INFO - Sync 1 DAGs
[2024-06-04T22:41:15.826+0000] {logging_mixin.py:188} INFO - [2024-06-04T22:41:15.826+0000] {dag.py:3954} INFO - Setting next_dagrun for latest_only to 2024-06-04 16:00:00+00:00, run_after=2024-06-04 20:00:00+00:00
[2024-06-04T22:41:15.847+0000] {processor.py:183} INFO - Processing /home/airflow/.local/lib/python3.12/site-packages/airflow/example_dags/example_latest_only.py took 0.075 seconds
