[2024-06-04T22:37:38.457+0000] {processor.py:161} INFO - Started process (PID=48) to work on /home/airflow/.local/lib/python3.12/site-packages/airflow/example_dags/example_branch_labels.py
[2024-06-04T22:37:38.466+0000] {processor.py:830} INFO - Processing file /home/airflow/.local/lib/python3.12/site-packages/airflow/example_dags/example_branch_labels.py for tasks to queue
[2024-06-04T22:37:38.477+0000] {logging_mixin.py:188} INFO - [2024-06-04T22:37:38.476+0000] {dagbag.py:545} INFO - Filling up the DagBag from /home/airflow/.local/lib/python3.12/site-packages/airflow/example_dags/example_branch_labels.py
[2024-06-04T22:37:38.506+0000] {processor.py:840} INFO - DAG(s) 'example_branch_labels' retrieved from /home/airflow/.local/lib/python3.12/site-packages/airflow/example_dags/example_branch_labels.py
[2024-06-04T22:37:38.599+0000] {logging_mixin.py:188} INFO - [2024-06-04T22:37:38.598+0000] {dag.py:3096} INFO - Sync 1 DAGs
[2024-06-04T22:37:38.694+0000] {logging_mixin.py:188} INFO - [2024-06-04T22:37:38.693+0000] {dag.py:3954} INFO - Setting next_dagrun for example_branch_labels to 2024-06-03 00:00:00+00:00, run_after=2024-06-04 00:00:00+00:00
[2024-06-04T22:37:38.751+0000] {processor.py:183} INFO - Processing /home/airflow/.local/lib/python3.12/site-packages/airflow/example_dags/example_branch_labels.py took 0.312 seconds
[2024-06-04T22:38:09.028+0000] {processor.py:161} INFO - Started process (PID=105) to work on /home/airflow/.local/lib/python3.12/site-packages/airflow/example_dags/example_branch_labels.py
[2024-06-04T22:38:09.029+0000] {processor.py:830} INFO - Processing file /home/airflow/.local/lib/python3.12/site-packages/airflow/example_dags/example_branch_labels.py for tasks to queue
[2024-06-04T22:38:09.031+0000] {logging_mixin.py:188} INFO - [2024-06-04T22:38:09.031+0000] {dagbag.py:545} INFO - Filling up the DagBag from /home/airflow/.local/lib/python3.12/site-packages/airflow/example_dags/example_branch_labels.py
[2024-06-04T22:38:09.039+0000] {processor.py:840} INFO - DAG(s) 'example_branch_labels' retrieved from /home/airflow/.local/lib/python3.12/site-packages/airflow/example_dags/example_branch_labels.py
[2024-06-04T22:38:09.056+0000] {logging_mixin.py:188} INFO - [2024-06-04T22:38:09.056+0000] {dag.py:3096} INFO - Sync 1 DAGs
[2024-06-04T22:38:09.076+0000] {logging_mixin.py:188} INFO - [2024-06-04T22:38:09.075+0000] {dag.py:3954} INFO - Setting next_dagrun for example_branch_labels to 2024-06-03 00:00:00+00:00, run_after=2024-06-04 00:00:00+00:00
[2024-06-04T22:38:09.093+0000] {processor.py:183} INFO - Processing /home/airflow/.local/lib/python3.12/site-packages/airflow/example_dags/example_branch_labels.py took 0.070 seconds
[2024-06-04T22:38:39.381+0000] {processor.py:161} INFO - Started process (PID=163) to work on /home/airflow/.local/lib/python3.12/site-packages/airflow/example_dags/example_branch_labels.py
[2024-06-04T22:38:39.382+0000] {processor.py:830} INFO - Processing file /home/airflow/.local/lib/python3.12/site-packages/airflow/example_dags/example_branch_labels.py for tasks to queue
[2024-06-04T22:38:39.385+0000] {logging_mixin.py:188} INFO - [2024-06-04T22:38:39.384+0000] {dagbag.py:545} INFO - Filling up the DagBag from /home/airflow/.local/lib/python3.12/site-packages/airflow/example_dags/example_branch_labels.py
[2024-06-04T22:38:39.392+0000] {processor.py:840} INFO - DAG(s) 'example_branch_labels' retrieved from /home/airflow/.local/lib/python3.12/site-packages/airflow/example_dags/example_branch_labels.py
[2024-06-04T22:38:39.413+0000] {logging_mixin.py:188} INFO - [2024-06-04T22:38:39.413+0000] {dag.py:3096} INFO - Sync 1 DAGs
[2024-06-04T22:38:39.435+0000] {logging_mixin.py:188} INFO - [2024-06-04T22:38:39.435+0000] {dag.py:3954} INFO - Setting next_dagrun for example_branch_labels to 2024-06-03 00:00:00+00:00, run_after=2024-06-04 00:00:00+00:00
[2024-06-04T22:38:39.457+0000] {processor.py:183} INFO - Processing /home/airflow/.local/lib/python3.12/site-packages/airflow/example_dags/example_branch_labels.py took 0.081 seconds
[2024-06-04T22:39:09.744+0000] {processor.py:161} INFO - Started process (PID=222) to work on /home/airflow/.local/lib/python3.12/site-packages/airflow/example_dags/example_branch_labels.py
[2024-06-04T22:39:09.745+0000] {processor.py:830} INFO - Processing file /home/airflow/.local/lib/python3.12/site-packages/airflow/example_dags/example_branch_labels.py for tasks to queue
[2024-06-04T22:39:09.747+0000] {logging_mixin.py:188} INFO - [2024-06-04T22:39:09.747+0000] {dagbag.py:545} INFO - Filling up the DagBag from /home/airflow/.local/lib/python3.12/site-packages/airflow/example_dags/example_branch_labels.py
[2024-06-04T22:39:09.754+0000] {processor.py:840} INFO - DAG(s) 'example_branch_labels' retrieved from /home/airflow/.local/lib/python3.12/site-packages/airflow/example_dags/example_branch_labels.py
[2024-06-04T22:39:09.774+0000] {logging_mixin.py:188} INFO - [2024-06-04T22:39:09.774+0000] {dag.py:3096} INFO - Sync 1 DAGs
[2024-06-04T22:39:09.794+0000] {logging_mixin.py:188} INFO - [2024-06-04T22:39:09.793+0000] {dag.py:3954} INFO - Setting next_dagrun for example_branch_labels to 2024-06-03 00:00:00+00:00, run_after=2024-06-04 00:00:00+00:00
[2024-06-04T22:39:09.812+0000] {processor.py:183} INFO - Processing /home/airflow/.local/lib/python3.12/site-packages/airflow/example_dags/example_branch_labels.py took 0.073 seconds
[2024-06-04T22:39:40.284+0000] {processor.py:161} INFO - Started process (PID=280) to work on /home/airflow/.local/lib/python3.12/site-packages/airflow/example_dags/example_branch_labels.py
[2024-06-04T22:39:40.286+0000] {processor.py:830} INFO - Processing file /home/airflow/.local/lib/python3.12/site-packages/airflow/example_dags/example_branch_labels.py for tasks to queue
[2024-06-04T22:39:40.289+0000] {logging_mixin.py:188} INFO - [2024-06-04T22:39:40.289+0000] {dagbag.py:545} INFO - Filling up the DagBag from /home/airflow/.local/lib/python3.12/site-packages/airflow/example_dags/example_branch_labels.py
[2024-06-04T22:39:40.301+0000] {processor.py:840} INFO - DAG(s) 'example_branch_labels' retrieved from /home/airflow/.local/lib/python3.12/site-packages/airflow/example_dags/example_branch_labels.py
[2024-06-04T22:39:40.330+0000] {logging_mixin.py:188} INFO - [2024-06-04T22:39:40.329+0000] {dag.py:3096} INFO - Sync 1 DAGs
[2024-06-04T22:39:40.364+0000] {logging_mixin.py:188} INFO - [2024-06-04T22:39:40.363+0000] {dag.py:3954} INFO - Setting next_dagrun for example_branch_labels to 2024-06-03 00:00:00+00:00, run_after=2024-06-04 00:00:00+00:00
[2024-06-04T22:39:40.392+0000] {processor.py:183} INFO - Processing /home/airflow/.local/lib/python3.12/site-packages/airflow/example_dags/example_branch_labels.py took 0.115 seconds
[2024-06-04T22:40:10.697+0000] {processor.py:161} INFO - Started process (PID=338) to work on /home/airflow/.local/lib/python3.12/site-packages/airflow/example_dags/example_branch_labels.py
[2024-06-04T22:40:10.698+0000] {processor.py:830} INFO - Processing file /home/airflow/.local/lib/python3.12/site-packages/airflow/example_dags/example_branch_labels.py for tasks to queue
[2024-06-04T22:40:10.701+0000] {logging_mixin.py:188} INFO - [2024-06-04T22:40:10.701+0000] {dagbag.py:545} INFO - Filling up the DagBag from /home/airflow/.local/lib/python3.12/site-packages/airflow/example_dags/example_branch_labels.py
[2024-06-04T22:40:10.709+0000] {processor.py:840} INFO - DAG(s) 'example_branch_labels' retrieved from /home/airflow/.local/lib/python3.12/site-packages/airflow/example_dags/example_branch_labels.py
[2024-06-04T22:40:10.737+0000] {logging_mixin.py:188} INFO - [2024-06-04T22:40:10.737+0000] {dag.py:3096} INFO - Sync 1 DAGs
[2024-06-04T22:40:10.768+0000] {logging_mixin.py:188} INFO - [2024-06-04T22:40:10.768+0000] {dag.py:3954} INFO - Setting next_dagrun for example_branch_labels to 2024-06-03 00:00:00+00:00, run_after=2024-06-04 00:00:00+00:00
[2024-06-04T22:40:10.789+0000] {processor.py:183} INFO - Processing /home/airflow/.local/lib/python3.12/site-packages/airflow/example_dags/example_branch_labels.py took 0.098 seconds
[2024-06-04T22:40:41.773+0000] {processor.py:161} INFO - Started process (PID=396) to work on /home/airflow/.local/lib/python3.12/site-packages/airflow/example_dags/example_branch_labels.py
[2024-06-04T22:40:41.774+0000] {processor.py:830} INFO - Processing file /home/airflow/.local/lib/python3.12/site-packages/airflow/example_dags/example_branch_labels.py for tasks to queue
[2024-06-04T22:40:41.778+0000] {logging_mixin.py:188} INFO - [2024-06-04T22:40:41.777+0000] {dagbag.py:545} INFO - Filling up the DagBag from /home/airflow/.local/lib/python3.12/site-packages/airflow/example_dags/example_branch_labels.py
[2024-06-04T22:40:41.788+0000] {processor.py:840} INFO - DAG(s) 'example_branch_labels' retrieved from /home/airflow/.local/lib/python3.12/site-packages/airflow/example_dags/example_branch_labels.py
[2024-06-04T22:40:41.814+0000] {logging_mixin.py:188} INFO - [2024-06-04T22:40:41.814+0000] {dag.py:3096} INFO - Sync 1 DAGs
[2024-06-04T22:40:41.842+0000] {logging_mixin.py:188} INFO - [2024-06-04T22:40:41.841+0000] {dag.py:3954} INFO - Setting next_dagrun for example_branch_labels to 2024-06-03 00:00:00+00:00, run_after=2024-06-04 00:00:00+00:00
[2024-06-04T22:40:41.866+0000] {processor.py:183} INFO - Processing /home/airflow/.local/lib/python3.12/site-packages/airflow/example_dags/example_branch_labels.py took 0.102 seconds
[2024-06-04T22:41:12.091+0000] {processor.py:161} INFO - Started process (PID=454) to work on /home/airflow/.local/lib/python3.12/site-packages/airflow/example_dags/example_branch_labels.py
[2024-06-04T22:41:12.092+0000] {processor.py:830} INFO - Processing file /home/airflow/.local/lib/python3.12/site-packages/airflow/example_dags/example_branch_labels.py for tasks to queue
[2024-06-04T22:41:12.094+0000] {logging_mixin.py:188} INFO - [2024-06-04T22:41:12.094+0000] {dagbag.py:545} INFO - Filling up the DagBag from /home/airflow/.local/lib/python3.12/site-packages/airflow/example_dags/example_branch_labels.py
[2024-06-04T22:41:12.102+0000] {processor.py:840} INFO - DAG(s) 'example_branch_labels' retrieved from /home/airflow/.local/lib/python3.12/site-packages/airflow/example_dags/example_branch_labels.py
[2024-06-04T22:41:12.124+0000] {logging_mixin.py:188} INFO - [2024-06-04T22:41:12.124+0000] {dag.py:3096} INFO - Sync 1 DAGs
[2024-06-04T22:41:12.146+0000] {logging_mixin.py:188} INFO - [2024-06-04T22:41:12.145+0000] {dag.py:3954} INFO - Setting next_dagrun for example_branch_labels to 2024-06-03 00:00:00+00:00, run_after=2024-06-04 00:00:00+00:00
[2024-06-04T22:41:12.168+0000] {processor.py:183} INFO - Processing /home/airflow/.local/lib/python3.12/site-packages/airflow/example_dags/example_branch_labels.py took 0.085 seconds
