[2024-06-04T22:37:43.685+0000] {processor.py:161} INFO - Started process (PID=84) to work on /home/airflow/.local/lib/python3.12/site-packages/airflow/example_dags/example_python_decorator.py
[2024-06-04T22:37:43.687+0000] {processor.py:830} INFO - Processing file /home/airflow/.local/lib/python3.12/site-packages/airflow/example_dags/example_python_decorator.py for tasks to queue
[2024-06-04T22:37:43.691+0000] {logging_mixin.py:188} INFO - [2024-06-04T22:37:43.690+0000] {dagbag.py:545} INFO - Filling up the DagBag from /home/airflow/.local/lib/python3.12/site-packages/airflow/example_dags/example_python_decorator.py
[2024-06-04T22:37:43.714+0000] {processor.py:840} INFO - DAG(s) 'example_python_decorator' retrieved from /home/airflow/.local/lib/python3.12/site-packages/airflow/example_dags/example_python_decorator.py
[2024-06-04T22:37:43.840+0000] {logging_mixin.py:188} INFO - [2024-06-04T22:37:43.840+0000] {dag.py:3096} INFO - Sync 1 DAGs
[2024-06-04T22:37:43.856+0000] {logging_mixin.py:188} INFO - [2024-06-04T22:37:43.856+0000] {dag.py:3954} INFO - Setting next_dagrun for example_python_decorator to None, run_after=None
[2024-06-04T22:37:43.904+0000] {processor.py:183} INFO - Processing /home/airflow/.local/lib/python3.12/site-packages/airflow/example_dags/example_python_decorator.py took 0.226 seconds
[2024-06-04T22:38:14.409+0000] {processor.py:161} INFO - Started process (PID=142) to work on /home/airflow/.local/lib/python3.12/site-packages/airflow/example_dags/example_python_decorator.py
[2024-06-04T22:38:14.411+0000] {processor.py:830} INFO - Processing file /home/airflow/.local/lib/python3.12/site-packages/airflow/example_dags/example_python_decorator.py for tasks to queue
[2024-06-04T22:38:14.413+0000] {logging_mixin.py:188} INFO - [2024-06-04T22:38:14.413+0000] {dagbag.py:545} INFO - Filling up the DagBag from /home/airflow/.local/lib/python3.12/site-packages/airflow/example_dags/example_python_decorator.py
[2024-06-04T22:38:14.428+0000] {processor.py:840} INFO - DAG(s) 'example_python_decorator' retrieved from /home/airflow/.local/lib/python3.12/site-packages/airflow/example_dags/example_python_decorator.py
[2024-06-04T22:38:14.456+0000] {logging_mixin.py:188} INFO - [2024-06-04T22:38:14.456+0000] {dag.py:3096} INFO - Sync 1 DAGs
[2024-06-04T22:38:14.471+0000] {logging_mixin.py:188} INFO - [2024-06-04T22:38:14.471+0000] {dag.py:3954} INFO - Setting next_dagrun for example_python_decorator to None, run_after=None
[2024-06-04T22:38:14.494+0000] {processor.py:183} INFO - Processing /home/airflow/.local/lib/python3.12/site-packages/airflow/example_dags/example_python_decorator.py took 0.092 seconds
[2024-06-04T22:38:44.706+0000] {processor.py:161} INFO - Started process (PID=200) to work on /home/airflow/.local/lib/python3.12/site-packages/airflow/example_dags/example_python_decorator.py
[2024-06-04T22:38:44.708+0000] {processor.py:830} INFO - Processing file /home/airflow/.local/lib/python3.12/site-packages/airflow/example_dags/example_python_decorator.py for tasks to queue
[2024-06-04T22:38:44.710+0000] {logging_mixin.py:188} INFO - [2024-06-04T22:38:44.710+0000] {dagbag.py:545} INFO - Filling up the DagBag from /home/airflow/.local/lib/python3.12/site-packages/airflow/example_dags/example_python_decorator.py
[2024-06-04T22:38:44.721+0000] {processor.py:840} INFO - DAG(s) 'example_python_decorator' retrieved from /home/airflow/.local/lib/python3.12/site-packages/airflow/example_dags/example_python_decorator.py
[2024-06-04T22:38:44.743+0000] {logging_mixin.py:188} INFO - [2024-06-04T22:38:44.743+0000] {dag.py:3096} INFO - Sync 1 DAGs
[2024-06-04T22:38:44.755+0000] {logging_mixin.py:188} INFO - [2024-06-04T22:38:44.755+0000] {dag.py:3954} INFO - Setting next_dagrun for example_python_decorator to None, run_after=None
[2024-06-04T22:38:44.773+0000] {processor.py:183} INFO - Processing /home/airflow/.local/lib/python3.12/site-packages/airflow/example_dags/example_python_decorator.py took 0.072 seconds
[2024-06-04T22:39:15.196+0000] {processor.py:161} INFO - Started process (PID=258) to work on /home/airflow/.local/lib/python3.12/site-packages/airflow/example_dags/example_python_decorator.py
[2024-06-04T22:39:15.198+0000] {processor.py:830} INFO - Processing file /home/airflow/.local/lib/python3.12/site-packages/airflow/example_dags/example_python_decorator.py for tasks to queue
[2024-06-04T22:39:15.200+0000] {logging_mixin.py:188} INFO - [2024-06-04T22:39:15.200+0000] {dagbag.py:545} INFO - Filling up the DagBag from /home/airflow/.local/lib/python3.12/site-packages/airflow/example_dags/example_python_decorator.py
[2024-06-04T22:39:15.212+0000] {processor.py:840} INFO - DAG(s) 'example_python_decorator' retrieved from /home/airflow/.local/lib/python3.12/site-packages/airflow/example_dags/example_python_decorator.py
[2024-06-04T22:39:15.234+0000] {logging_mixin.py:188} INFO - [2024-06-04T22:39:15.234+0000] {dag.py:3096} INFO - Sync 1 DAGs
[2024-06-04T22:39:15.245+0000] {logging_mixin.py:188} INFO - [2024-06-04T22:39:15.245+0000] {dag.py:3954} INFO - Setting next_dagrun for example_python_decorator to None, run_after=None
[2024-06-04T22:39:15.265+0000] {processor.py:183} INFO - Processing /home/airflow/.local/lib/python3.12/site-packages/airflow/example_dags/example_python_decorator.py took 0.074 seconds
[2024-06-04T22:39:46.295+0000] {processor.py:161} INFO - Started process (PID=316) to work on /home/airflow/.local/lib/python3.12/site-packages/airflow/example_dags/example_python_decorator.py
[2024-06-04T22:39:46.301+0000] {processor.py:830} INFO - Processing file /home/airflow/.local/lib/python3.12/site-packages/airflow/example_dags/example_python_decorator.py for tasks to queue
[2024-06-04T22:39:46.304+0000] {logging_mixin.py:188} INFO - [2024-06-04T22:39:46.303+0000] {dagbag.py:545} INFO - Filling up the DagBag from /home/airflow/.local/lib/python3.12/site-packages/airflow/example_dags/example_python_decorator.py
[2024-06-04T22:39:46.323+0000] {processor.py:840} INFO - DAG(s) 'example_python_decorator' retrieved from /home/airflow/.local/lib/python3.12/site-packages/airflow/example_dags/example_python_decorator.py
[2024-06-04T22:39:46.347+0000] {logging_mixin.py:188} INFO - [2024-06-04T22:39:46.346+0000] {dag.py:3096} INFO - Sync 1 DAGs
[2024-06-04T22:39:46.358+0000] {logging_mixin.py:188} INFO - [2024-06-04T22:39:46.358+0000] {dag.py:3954} INFO - Setting next_dagrun for example_python_decorator to None, run_after=None
[2024-06-04T22:39:46.381+0000] {processor.py:183} INFO - Processing /home/airflow/.local/lib/python3.12/site-packages/airflow/example_dags/example_python_decorator.py took 0.096 seconds
[2024-06-04T22:40:17.187+0000] {processor.py:161} INFO - Started process (PID=374) to work on /home/airflow/.local/lib/python3.12/site-packages/airflow/example_dags/example_python_decorator.py
[2024-06-04T22:40:17.189+0000] {processor.py:830} INFO - Processing file /home/airflow/.local/lib/python3.12/site-packages/airflow/example_dags/example_python_decorator.py for tasks to queue
[2024-06-04T22:40:17.191+0000] {logging_mixin.py:188} INFO - [2024-06-04T22:40:17.191+0000] {dagbag.py:545} INFO - Filling up the DagBag from /home/airflow/.local/lib/python3.12/site-packages/airflow/example_dags/example_python_decorator.py
[2024-06-04T22:40:17.205+0000] {processor.py:840} INFO - DAG(s) 'example_python_decorator' retrieved from /home/airflow/.local/lib/python3.12/site-packages/airflow/example_dags/example_python_decorator.py
[2024-06-04T22:40:17.230+0000] {logging_mixin.py:188} INFO - [2024-06-04T22:40:17.230+0000] {dag.py:3096} INFO - Sync 1 DAGs
[2024-06-04T22:40:17.245+0000] {logging_mixin.py:188} INFO - [2024-06-04T22:40:17.245+0000] {dag.py:3954} INFO - Setting next_dagrun for example_python_decorator to None, run_after=None
[2024-06-04T22:40:17.276+0000] {processor.py:183} INFO - Processing /home/airflow/.local/lib/python3.12/site-packages/airflow/example_dags/example_python_decorator.py took 0.095 seconds
[2024-06-04T22:40:47.668+0000] {processor.py:161} INFO - Started process (PID=432) to work on /home/airflow/.local/lib/python3.12/site-packages/airflow/example_dags/example_python_decorator.py
[2024-06-04T22:40:47.673+0000] {processor.py:830} INFO - Processing file /home/airflow/.local/lib/python3.12/site-packages/airflow/example_dags/example_python_decorator.py for tasks to queue
[2024-06-04T22:40:47.676+0000] {logging_mixin.py:188} INFO - [2024-06-04T22:40:47.675+0000] {dagbag.py:545} INFO - Filling up the DagBag from /home/airflow/.local/lib/python3.12/site-packages/airflow/example_dags/example_python_decorator.py
[2024-06-04T22:40:47.689+0000] {processor.py:840} INFO - DAG(s) 'example_python_decorator' retrieved from /home/airflow/.local/lib/python3.12/site-packages/airflow/example_dags/example_python_decorator.py
[2024-06-04T22:40:47.711+0000] {logging_mixin.py:188} INFO - [2024-06-04T22:40:47.711+0000] {dag.py:3096} INFO - Sync 1 DAGs
[2024-06-04T22:40:47.730+0000] {logging_mixin.py:188} INFO - [2024-06-04T22:40:47.729+0000] {dag.py:3954} INFO - Setting next_dagrun for example_python_decorator to None, run_after=None
[2024-06-04T22:40:47.756+0000] {processor.py:183} INFO - Processing /home/airflow/.local/lib/python3.12/site-packages/airflow/example_dags/example_python_decorator.py took 0.094 seconds
[2024-06-04T22:41:18.441+0000] {processor.py:161} INFO - Started process (PID=496) to work on /home/airflow/.local/lib/python3.12/site-packages/airflow/example_dags/example_python_decorator.py
[2024-06-04T22:41:18.443+0000] {processor.py:830} INFO - Processing file /home/airflow/.local/lib/python3.12/site-packages/airflow/example_dags/example_python_decorator.py for tasks to queue
[2024-06-04T22:41:18.445+0000] {logging_mixin.py:188} INFO - [2024-06-04T22:41:18.445+0000] {dagbag.py:545} INFO - Filling up the DagBag from /home/airflow/.local/lib/python3.12/site-packages/airflow/example_dags/example_python_decorator.py
[2024-06-04T22:41:18.461+0000] {processor.py:840} INFO - DAG(s) 'example_python_decorator' retrieved from /home/airflow/.local/lib/python3.12/site-packages/airflow/example_dags/example_python_decorator.py
[2024-06-04T22:41:18.491+0000] {logging_mixin.py:188} INFO - [2024-06-04T22:41:18.491+0000] {dag.py:3096} INFO - Sync 1 DAGs
[2024-06-04T22:41:18.505+0000] {logging_mixin.py:188} INFO - [2024-06-04T22:41:18.505+0000] {dag.py:3954} INFO - Setting next_dagrun for example_python_decorator to None, run_after=None
[2024-06-04T22:41:18.538+0000] {processor.py:183} INFO - Processing /home/airflow/.local/lib/python3.12/site-packages/airflow/example_dags/example_python_decorator.py took 0.105 seconds
