[2024-05-15T12:39:55.786+0000] {processor.py:161} INFO - Started process (PID=70) to work on /home/airflow/.local/lib/python3.12/site-packages/airflow/example_dags/example_python_operator.py
[2024-05-15T12:39:55.787+0000] {processor.py:830} INFO - Processing file /home/airflow/.local/lib/python3.12/site-packages/airflow/example_dags/example_python_operator.py for tasks to queue
[2024-05-15T12:39:55.794+0000] {logging_mixin.py:188} INFO - [2024-05-15T12:39:55.792+0000] {dagbag.py:545} INFO - Filling up the DagBag from /home/airflow/.local/lib/python3.12/site-packages/airflow/example_dags/example_python_operator.py
[2024-05-15T12:39:55.867+0000] {processor.py:840} INFO - DAG(s) 'example_python_operator' retrieved from /home/airflow/.local/lib/python3.12/site-packages/airflow/example_dags/example_python_operator.py
[2024-05-15T12:39:56.026+0000] {logging_mixin.py:188} INFO - [2024-05-15T12:39:56.025+0000] {override.py:1829} INFO - Created Permission View: can delete on DAG:example_python_operator
[2024-05-15T12:39:56.040+0000] {logging_mixin.py:188} INFO - [2024-05-15T12:39:56.040+0000] {override.py:1829} INFO - Created Permission View: can read on DAG:example_python_operator
[2024-05-15T12:39:56.049+0000] {logging_mixin.py:188} INFO - [2024-05-15T12:39:56.048+0000] {override.py:1829} INFO - Created Permission View: can edit on DAG:example_python_operator
[2024-05-15T12:39:56.050+0000] {logging_mixin.py:188} INFO - [2024-05-15T12:39:56.050+0000] {dag.py:3096} INFO - Sync 1 DAGs
[2024-05-15T12:39:56.061+0000] {logging_mixin.py:188} INFO - [2024-05-15T12:39:56.061+0000] {dag.py:3118} INFO - Creating ORM DAG for example_python_operator
[2024-05-15T12:39:56.062+0000] {logging_mixin.py:188} INFO - [2024-05-15T12:39:56.062+0000] {dag.py:3954} INFO - Setting next_dagrun for example_python_operator to None, run_after=None
[2024-05-15T12:39:56.079+0000] {processor.py:183} INFO - Processing /home/airflow/.local/lib/python3.12/site-packages/airflow/example_dags/example_python_operator.py took 0.342 seconds
[2024-05-15T12:40:26.769+0000] {processor.py:161} INFO - Started process (PID=128) to work on /home/airflow/.local/lib/python3.12/site-packages/airflow/example_dags/example_python_operator.py
[2024-05-15T12:40:26.771+0000] {processor.py:830} INFO - Processing file /home/airflow/.local/lib/python3.12/site-packages/airflow/example_dags/example_python_operator.py for tasks to queue
[2024-05-15T12:40:26.774+0000] {logging_mixin.py:188} INFO - [2024-05-15T12:40:26.773+0000] {dagbag.py:545} INFO - Filling up the DagBag from /home/airflow/.local/lib/python3.12/site-packages/airflow/example_dags/example_python_operator.py
[2024-05-15T12:40:26.784+0000] {processor.py:840} INFO - DAG(s) 'example_python_operator' retrieved from /home/airflow/.local/lib/python3.12/site-packages/airflow/example_dags/example_python_operator.py
[2024-05-15T12:40:26.806+0000] {logging_mixin.py:188} INFO - [2024-05-15T12:40:26.806+0000] {dag.py:3096} INFO - Sync 1 DAGs
[2024-05-15T12:40:26.817+0000] {logging_mixin.py:188} INFO - [2024-05-15T12:40:26.817+0000] {dag.py:3954} INFO - Setting next_dagrun for example_python_operator to None, run_after=None
[2024-05-15T12:40:26.837+0000] {processor.py:183} INFO - Processing /home/airflow/.local/lib/python3.12/site-packages/airflow/example_dags/example_python_operator.py took 0.074 seconds
[2024-05-15T12:40:56.988+0000] {processor.py:161} INFO - Started process (PID=186) to work on /home/airflow/.local/lib/python3.12/site-packages/airflow/example_dags/example_python_operator.py
[2024-05-15T12:40:56.992+0000] {processor.py:830} INFO - Processing file /home/airflow/.local/lib/python3.12/site-packages/airflow/example_dags/example_python_operator.py for tasks to queue
[2024-05-15T12:40:56.994+0000] {logging_mixin.py:188} INFO - [2024-05-15T12:40:56.994+0000] {dagbag.py:545} INFO - Filling up the DagBag from /home/airflow/.local/lib/python3.12/site-packages/airflow/example_dags/example_python_operator.py
[2024-05-15T12:40:57.005+0000] {processor.py:840} INFO - DAG(s) 'example_python_operator' retrieved from /home/airflow/.local/lib/python3.12/site-packages/airflow/example_dags/example_python_operator.py
[2024-05-15T12:40:57.028+0000] {logging_mixin.py:188} INFO - [2024-05-15T12:40:57.027+0000] {dag.py:3096} INFO - Sync 1 DAGs
[2024-05-15T12:40:57.039+0000] {logging_mixin.py:188} INFO - [2024-05-15T12:40:57.039+0000] {dag.py:3954} INFO - Setting next_dagrun for example_python_operator to None, run_after=None
[2024-05-15T12:40:57.058+0000] {processor.py:183} INFO - Processing /home/airflow/.local/lib/python3.12/site-packages/airflow/example_dags/example_python_operator.py took 0.075 seconds
