[2024-05-15T12:39:51.529+0000] {processor.py:161} INFO - Started process (PID=52) to work on /home/airflow/.local/lib/python3.12/site-packages/airflow/example_dags/example_dag_decorator.py
[2024-05-15T12:39:51.536+0000] {processor.py:830} INFO - Processing file /home/airflow/.local/lib/python3.12/site-packages/airflow/example_dags/example_dag_decorator.py for tasks to queue
[2024-05-15T12:39:51.539+0000] {logging_mixin.py:188} INFO - [2024-05-15T12:39:51.538+0000] {dagbag.py:545} INFO - Filling up the DagBag from /home/airflow/.local/lib/python3.12/site-packages/airflow/example_dags/example_dag_decorator.py
[2024-05-15T12:39:52.055+0000] {processor.py:840} INFO - DAG(s) 'example_dag_decorator' retrieved from /home/airflow/.local/lib/python3.12/site-packages/airflow/example_dags/example_dag_decorator.py
[2024-05-15T12:39:52.269+0000] {logging_mixin.py:188} INFO - [2024-05-15T12:39:52.269+0000] {override.py:1829} INFO - Created Permission View: can delete on DAG:example_dag_decorator
[2024-05-15T12:39:52.284+0000] {logging_mixin.py:188} INFO - [2024-05-15T12:39:52.284+0000] {override.py:1829} INFO - Created Permission View: can read on DAG:example_dag_decorator
[2024-05-15T12:39:52.294+0000] {logging_mixin.py:188} INFO - [2024-05-15T12:39:52.293+0000] {override.py:1829} INFO - Created Permission View: can edit on DAG:example_dag_decorator
[2024-05-15T12:39:52.295+0000] {logging_mixin.py:188} INFO - [2024-05-15T12:39:52.295+0000] {dag.py:3096} INFO - Sync 1 DAGs
[2024-05-15T12:39:52.321+0000] {logging_mixin.py:188} INFO - [2024-05-15T12:39:52.320+0000] {dag.py:3118} INFO - Creating ORM DAG for example_dag_decorator
[2024-05-15T12:39:52.322+0000] {logging_mixin.py:188} INFO - [2024-05-15T12:39:52.322+0000] {dag.py:3954} INFO - Setting next_dagrun for example_dag_decorator to None, run_after=None
[2024-05-15T12:39:52.347+0000] {processor.py:183} INFO - Processing /home/airflow/.local/lib/python3.12/site-packages/airflow/example_dags/example_dag_decorator.py took 0.848 seconds
[2024-05-15T12:40:22.403+0000] {processor.py:161} INFO - Started process (PID=110) to work on /home/airflow/.local/lib/python3.12/site-packages/airflow/example_dags/example_dag_decorator.py
[2024-05-15T12:40:22.405+0000] {processor.py:830} INFO - Processing file /home/airflow/.local/lib/python3.12/site-packages/airflow/example_dags/example_dag_decorator.py for tasks to queue
[2024-05-15T12:40:22.408+0000] {logging_mixin.py:188} INFO - [2024-05-15T12:40:22.407+0000] {dagbag.py:545} INFO - Filling up the DagBag from /home/airflow/.local/lib/python3.12/site-packages/airflow/example_dags/example_dag_decorator.py
[2024-05-15T12:40:22.494+0000] {processor.py:840} INFO - DAG(s) 'example_dag_decorator' retrieved from /home/airflow/.local/lib/python3.12/site-packages/airflow/example_dags/example_dag_decorator.py
[2024-05-15T12:40:22.513+0000] {logging_mixin.py:188} INFO - [2024-05-15T12:40:22.513+0000] {dag.py:3096} INFO - Sync 1 DAGs
[2024-05-15T12:40:22.526+0000] {logging_mixin.py:188} INFO - [2024-05-15T12:40:22.526+0000] {dag.py:3954} INFO - Setting next_dagrun for example_dag_decorator to None, run_after=None
[2024-05-15T12:40:22.542+0000] {processor.py:183} INFO - Processing /home/airflow/.local/lib/python3.12/site-packages/airflow/example_dags/example_dag_decorator.py took 0.143 seconds
[2024-05-15T12:40:52.715+0000] {processor.py:161} INFO - Started process (PID=169) to work on /home/airflow/.local/lib/python3.12/site-packages/airflow/example_dags/example_dag_decorator.py
[2024-05-15T12:40:52.718+0000] {processor.py:830} INFO - Processing file /home/airflow/.local/lib/python3.12/site-packages/airflow/example_dags/example_dag_decorator.py for tasks to queue
[2024-05-15T12:40:52.721+0000] {logging_mixin.py:188} INFO - [2024-05-15T12:40:52.721+0000] {dagbag.py:545} INFO - Filling up the DagBag from /home/airflow/.local/lib/python3.12/site-packages/airflow/example_dags/example_dag_decorator.py
[2024-05-15T12:40:52.829+0000] {processor.py:840} INFO - DAG(s) 'example_dag_decorator' retrieved from /home/airflow/.local/lib/python3.12/site-packages/airflow/example_dags/example_dag_decorator.py
[2024-05-15T12:40:52.849+0000] {logging_mixin.py:188} INFO - [2024-05-15T12:40:52.849+0000] {dag.py:3096} INFO - Sync 1 DAGs
[2024-05-15T12:40:52.859+0000] {logging_mixin.py:188} INFO - [2024-05-15T12:40:52.859+0000] {dag.py:3954} INFO - Setting next_dagrun for example_dag_decorator to None, run_after=None
[2024-05-15T12:40:52.877+0000] {processor.py:183} INFO - Processing /home/airflow/.local/lib/python3.12/site-packages/airflow/example_dags/example_dag_decorator.py took 0.167 seconds
