[2024-05-15T12:39:50.722+0000] {processor.py:161} INFO - Started process (PID=50) to work on /home/airflow/.local/lib/python3.12/site-packages/airflow/example_dags/example_branch_operator_decorator.py
[2024-05-15T12:39:50.736+0000] {processor.py:830} INFO - Processing file /home/airflow/.local/lib/python3.12/site-packages/airflow/example_dags/example_branch_operator_decorator.py for tasks to queue
[2024-05-15T12:39:50.754+0000] {logging_mixin.py:188} INFO - [2024-05-15T12:39:50.753+0000] {dagbag.py:545} INFO - Filling up the DagBag from /home/airflow/.local/lib/python3.12/site-packages/airflow/example_dags/example_branch_operator_decorator.py
[2024-05-15T12:39:50.893+0000] {processor.py:840} INFO - DAG(s) 'example_branch_python_operator_decorator' retrieved from /home/airflow/.local/lib/python3.12/site-packages/airflow/example_dags/example_branch_operator_decorator.py
[2024-05-15T12:39:51.353+0000] {logging_mixin.py:188} INFO - [2024-05-15T12:39:51.351+0000] {override.py:1829} INFO - Created Permission View: can delete on DAG:example_branch_python_operator_decorator
[2024-05-15T12:39:51.363+0000] {logging_mixin.py:188} INFO - [2024-05-15T12:39:51.363+0000] {override.py:1829} INFO - Created Permission View: can read on DAG:example_branch_python_operator_decorator
[2024-05-15T12:39:51.371+0000] {logging_mixin.py:188} INFO - [2024-05-15T12:39:51.371+0000] {override.py:1829} INFO - Created Permission View: can edit on DAG:example_branch_python_operator_decorator
[2024-05-15T12:39:51.372+0000] {logging_mixin.py:188} INFO - [2024-05-15T12:39:51.372+0000] {dag.py:3096} INFO - Sync 1 DAGs
[2024-05-15T12:39:51.400+0000] {logging_mixin.py:188} INFO - [2024-05-15T12:39:51.400+0000] {dag.py:3118} INFO - Creating ORM DAG for example_branch_python_operator_decorator
[2024-05-15T12:39:51.426+0000] {logging_mixin.py:188} INFO - [2024-05-15T12:39:51.426+0000] {dag.py:3954} INFO - Setting next_dagrun for example_branch_python_operator_decorator to 2024-05-14 00:00:00+00:00, run_after=2024-05-15 00:00:00+00:00
[2024-05-15T12:39:51.453+0000] {processor.py:183} INFO - Processing /home/airflow/.local/lib/python3.12/site-packages/airflow/example_dags/example_branch_operator_decorator.py took 0.764 seconds
[2024-05-15T12:40:22.306+0000] {processor.py:161} INFO - Started process (PID=108) to work on /home/airflow/.local/lib/python3.12/site-packages/airflow/example_dags/example_branch_operator_decorator.py
[2024-05-15T12:40:22.308+0000] {processor.py:830} INFO - Processing file /home/airflow/.local/lib/python3.12/site-packages/airflow/example_dags/example_branch_operator_decorator.py for tasks to queue
[2024-05-15T12:40:22.310+0000] {logging_mixin.py:188} INFO - [2024-05-15T12:40:22.310+0000] {dagbag.py:545} INFO - Filling up the DagBag from /home/airflow/.local/lib/python3.12/site-packages/airflow/example_dags/example_branch_operator_decorator.py
[2024-05-15T12:40:22.327+0000] {processor.py:840} INFO - DAG(s) 'example_branch_python_operator_decorator' retrieved from /home/airflow/.local/lib/python3.12/site-packages/airflow/example_dags/example_branch_operator_decorator.py
[2024-05-15T12:40:22.350+0000] {logging_mixin.py:188} INFO - [2024-05-15T12:40:22.350+0000] {dag.py:3096} INFO - Sync 1 DAGs
[2024-05-15T12:40:22.369+0000] {logging_mixin.py:188} INFO - [2024-05-15T12:40:22.368+0000] {dag.py:3954} INFO - Setting next_dagrun for example_branch_python_operator_decorator to 2024-05-14 00:00:00+00:00, run_after=2024-05-15 00:00:00+00:00
[2024-05-15T12:40:22.388+0000] {processor.py:183} INFO - Processing /home/airflow/.local/lib/python3.12/site-packages/airflow/example_dags/example_branch_operator_decorator.py took 0.087 seconds
[2024-05-15T12:40:52.575+0000] {processor.py:161} INFO - Started process (PID=166) to work on /home/airflow/.local/lib/python3.12/site-packages/airflow/example_dags/example_branch_operator_decorator.py
[2024-05-15T12:40:52.578+0000] {processor.py:830} INFO - Processing file /home/airflow/.local/lib/python3.12/site-packages/airflow/example_dags/example_branch_operator_decorator.py for tasks to queue
[2024-05-15T12:40:52.581+0000] {logging_mixin.py:188} INFO - [2024-05-15T12:40:52.580+0000] {dagbag.py:545} INFO - Filling up the DagBag from /home/airflow/.local/lib/python3.12/site-packages/airflow/example_dags/example_branch_operator_decorator.py
[2024-05-15T12:40:52.599+0000] {processor.py:840} INFO - DAG(s) 'example_branch_python_operator_decorator' retrieved from /home/airflow/.local/lib/python3.12/site-packages/airflow/example_dags/example_branch_operator_decorator.py
[2024-05-15T12:40:52.623+0000] {logging_mixin.py:188} INFO - [2024-05-15T12:40:52.622+0000] {dag.py:3096} INFO - Sync 1 DAGs
[2024-05-15T12:40:52.643+0000] {logging_mixin.py:188} INFO - [2024-05-15T12:40:52.642+0000] {dag.py:3954} INFO - Setting next_dagrun for example_branch_python_operator_decorator to 2024-05-14 00:00:00+00:00, run_after=2024-05-15 00:00:00+00:00
[2024-05-15T12:40:52.661+0000] {processor.py:183} INFO - Processing /home/airflow/.local/lib/python3.12/site-packages/airflow/example_dags/example_branch_operator_decorator.py took 0.090 seconds
