[2024-05-15T12:39:56.426+0000] {processor.py:161} INFO - Started process (PID=74) to work on /home/airflow/.local/lib/python3.12/site-packages/airflow/example_dags/example_time_delta_sensor_async.py
[2024-05-15T12:39:56.429+0000] {processor.py:830} INFO - Processing file /home/airflow/.local/lib/python3.12/site-packages/airflow/example_dags/example_time_delta_sensor_async.py for tasks to queue
[2024-05-15T12:39:56.432+0000] {logging_mixin.py:188} INFO - [2024-05-15T12:39:56.432+0000] {dagbag.py:545} INFO - Filling up the DagBag from /home/airflow/.local/lib/python3.12/site-packages/airflow/example_dags/example_time_delta_sensor_async.py
[2024-05-15T12:39:56.440+0000] {processor.py:840} INFO - DAG(s) 'example_time_delta_sensor_async' retrieved from /home/airflow/.local/lib/python3.12/site-packages/airflow/example_dags/example_time_delta_sensor_async.py
[2024-05-15T12:39:56.536+0000] {logging_mixin.py:188} INFO - [2024-05-15T12:39:56.535+0000] {override.py:1829} INFO - Created Permission View: can delete on DAG:example_time_delta_sensor_async
[2024-05-15T12:39:56.548+0000] {logging_mixin.py:188} INFO - [2024-05-15T12:39:56.547+0000] {override.py:1829} INFO - Created Permission View: can read on DAG:example_time_delta_sensor_async
[2024-05-15T12:39:56.556+0000] {logging_mixin.py:188} INFO - [2024-05-15T12:39:56.555+0000] {override.py:1829} INFO - Created Permission View: can edit on DAG:example_time_delta_sensor_async
[2024-05-15T12:39:56.557+0000] {logging_mixin.py:188} INFO - [2024-05-15T12:39:56.557+0000] {dag.py:3096} INFO - Sync 1 DAGs
[2024-05-15T12:39:56.567+0000] {logging_mixin.py:188} INFO - [2024-05-15T12:39:56.567+0000] {dag.py:3118} INFO - Creating ORM DAG for example_time_delta_sensor_async
[2024-05-15T12:39:56.570+0000] {logging_mixin.py:188} INFO - [2024-05-15T12:39:56.569+0000] {dag.py:3954} INFO - Setting next_dagrun for example_time_delta_sensor_async to None, run_after=None
[2024-05-15T12:39:56.585+0000] {processor.py:183} INFO - Processing /home/airflow/.local/lib/python3.12/site-packages/airflow/example_dags/example_time_delta_sensor_async.py took 0.164 seconds
[2024-05-15T12:40:27.214+0000] {processor.py:161} INFO - Started process (PID=132) to work on /home/airflow/.local/lib/python3.12/site-packages/airflow/example_dags/example_time_delta_sensor_async.py
[2024-05-15T12:40:27.217+0000] {processor.py:830} INFO - Processing file /home/airflow/.local/lib/python3.12/site-packages/airflow/example_dags/example_time_delta_sensor_async.py for tasks to queue
[2024-05-15T12:40:27.220+0000] {logging_mixin.py:188} INFO - [2024-05-15T12:40:27.220+0000] {dagbag.py:545} INFO - Filling up the DagBag from /home/airflow/.local/lib/python3.12/site-packages/airflow/example_dags/example_time_delta_sensor_async.py
[2024-05-15T12:40:27.226+0000] {processor.py:840} INFO - DAG(s) 'example_time_delta_sensor_async' retrieved from /home/airflow/.local/lib/python3.12/site-packages/airflow/example_dags/example_time_delta_sensor_async.py
[2024-05-15T12:40:27.250+0000] {logging_mixin.py:188} INFO - [2024-05-15T12:40:27.250+0000] {dag.py:3096} INFO - Sync 1 DAGs
[2024-05-15T12:40:27.265+0000] {logging_mixin.py:188} INFO - [2024-05-15T12:40:27.265+0000] {dag.py:3954} INFO - Setting next_dagrun for example_time_delta_sensor_async to None, run_after=None
[2024-05-15T12:40:27.289+0000] {processor.py:183} INFO - Processing /home/airflow/.local/lib/python3.12/site-packages/airflow/example_dags/example_time_delta_sensor_async.py took 0.081 seconds
[2024-05-15T12:40:57.356+0000] {processor.py:161} INFO - Started process (PID=190) to work on /home/airflow/.local/lib/python3.12/site-packages/airflow/example_dags/example_time_delta_sensor_async.py
[2024-05-15T12:40:57.357+0000] {processor.py:830} INFO - Processing file /home/airflow/.local/lib/python3.12/site-packages/airflow/example_dags/example_time_delta_sensor_async.py for tasks to queue
[2024-05-15T12:40:57.359+0000] {logging_mixin.py:188} INFO - [2024-05-15T12:40:57.359+0000] {dagbag.py:545} INFO - Filling up the DagBag from /home/airflow/.local/lib/python3.12/site-packages/airflow/example_dags/example_time_delta_sensor_async.py
[2024-05-15T12:40:57.364+0000] {processor.py:840} INFO - DAG(s) 'example_time_delta_sensor_async' retrieved from /home/airflow/.local/lib/python3.12/site-packages/airflow/example_dags/example_time_delta_sensor_async.py
[2024-05-15T12:40:57.398+0000] {logging_mixin.py:188} INFO - [2024-05-15T12:40:57.397+0000] {dag.py:3096} INFO - Sync 1 DAGs
[2024-05-15T12:40:57.438+0000] {logging_mixin.py:188} INFO - [2024-05-15T12:40:57.438+0000] {dag.py:3954} INFO - Setting next_dagrun for example_time_delta_sensor_async to None, run_after=None
[2024-05-15T12:40:57.470+0000] {processor.py:183} INFO - Processing /home/airflow/.local/lib/python3.12/site-packages/airflow/example_dags/example_time_delta_sensor_async.py took 0.120 seconds
