[2024-05-15T12:39:52.776+0000] {processor.py:161} INFO - Started process (PID=56) to work on /home/airflow/.local/lib/python3.12/site-packages/airflow/example_dags/example_datasets.py
[2024-05-15T12:39:52.779+0000] {processor.py:830} INFO - Processing file /home/airflow/.local/lib/python3.12/site-packages/airflow/example_dags/example_datasets.py for tasks to queue
[2024-05-15T12:39:52.782+0000] {logging_mixin.py:188} INFO - [2024-05-15T12:39:52.782+0000] {dagbag.py:545} INFO - Filling up the DagBag from /home/airflow/.local/lib/python3.12/site-packages/airflow/example_dags/example_datasets.py
[2024-05-15T12:39:52.822+0000] {processor.py:840} INFO - DAG(s) 'dataset_produces_2', 'dataset_produces_1', 'dataset_consumes_1_never_scheduled', 'conditional_dataset_and_time_based_timetable', 'consume_1_and_2_with_dataset_expressions', 'dataset_consumes_1', 'consume_1_or_2_with_dataset_expressions', 'dataset_consumes_unknown_never_scheduled', 'dataset_consumes_1_and_2', 'consume_1_or_both_2_and_3_with_dataset_expressions' retrieved from /home/airflow/.local/lib/python3.12/site-packages/airflow/example_dags/example_datasets.py
[2024-05-15T12:39:52.978+0000] {logging_mixin.py:188} INFO - [2024-05-15T12:39:52.977+0000] {override.py:1829} INFO - Created Permission View: can delete on DAG:dataset_produces_2
[2024-05-15T12:39:52.992+0000] {logging_mixin.py:188} INFO - [2024-05-15T12:39:52.992+0000] {override.py:1829} INFO - Created Permission View: can read on DAG:dataset_produces_2
[2024-05-15T12:39:53.002+0000] {logging_mixin.py:188} INFO - [2024-05-15T12:39:53.001+0000] {override.py:1829} INFO - Created Permission View: can edit on DAG:dataset_produces_2
[2024-05-15T12:39:53.015+0000] {logging_mixin.py:188} INFO - [2024-05-15T12:39:53.014+0000] {override.py:1829} INFO - Created Permission View: can delete on DAG:dataset_produces_1
[2024-05-15T12:39:53.022+0000] {logging_mixin.py:188} INFO - [2024-05-15T12:39:53.022+0000] {override.py:1829} INFO - Created Permission View: can read on DAG:dataset_produces_1
[2024-05-15T12:39:53.030+0000] {logging_mixin.py:188} INFO - [2024-05-15T12:39:53.029+0000] {override.py:1829} INFO - Created Permission View: can edit on DAG:dataset_produces_1
[2024-05-15T12:39:53.046+0000] {logging_mixin.py:188} INFO - [2024-05-15T12:39:53.046+0000] {override.py:1829} INFO - Created Permission View: can delete on DAG:dataset_consumes_1_never_scheduled
[2024-05-15T12:39:53.056+0000] {logging_mixin.py:188} INFO - [2024-05-15T12:39:53.055+0000] {override.py:1829} INFO - Created Permission View: can read on DAG:dataset_consumes_1_never_scheduled
[2024-05-15T12:39:53.065+0000] {logging_mixin.py:188} INFO - [2024-05-15T12:39:53.064+0000] {override.py:1829} INFO - Created Permission View: can edit on DAG:dataset_consumes_1_never_scheduled
[2024-05-15T12:39:53.081+0000] {logging_mixin.py:188} INFO - [2024-05-15T12:39:53.080+0000] {override.py:1829} INFO - Created Permission View: can delete on DAG:conditional_dataset_and_time_based_timetable
[2024-05-15T12:39:53.091+0000] {logging_mixin.py:188} INFO - [2024-05-15T12:39:53.091+0000] {override.py:1829} INFO - Created Permission View: can read on DAG:conditional_dataset_and_time_based_timetable
[2024-05-15T12:39:53.098+0000] {logging_mixin.py:188} INFO - [2024-05-15T12:39:53.098+0000] {override.py:1829} INFO - Created Permission View: can edit on DAG:conditional_dataset_and_time_based_timetable
[2024-05-15T12:39:53.111+0000] {logging_mixin.py:188} INFO - [2024-05-15T12:39:53.111+0000] {override.py:1829} INFO - Created Permission View: can delete on DAG:consume_1_and_2_with_dataset_expressions
[2024-05-15T12:39:53.117+0000] {logging_mixin.py:188} INFO - [2024-05-15T12:39:53.117+0000] {override.py:1829} INFO - Created Permission View: can read on DAG:consume_1_and_2_with_dataset_expressions
[2024-05-15T12:39:53.124+0000] {logging_mixin.py:188} INFO - [2024-05-15T12:39:53.124+0000] {override.py:1829} INFO - Created Permission View: can edit on DAG:consume_1_and_2_with_dataset_expressions
[2024-05-15T12:39:53.140+0000] {logging_mixin.py:188} INFO - [2024-05-15T12:39:53.140+0000] {override.py:1829} INFO - Created Permission View: can delete on DAG:dataset_consumes_1
[2024-05-15T12:39:53.149+0000] {logging_mixin.py:188} INFO - [2024-05-15T12:39:53.148+0000] {override.py:1829} INFO - Created Permission View: can read on DAG:dataset_consumes_1
[2024-05-15T12:39:53.156+0000] {logging_mixin.py:188} INFO - [2024-05-15T12:39:53.156+0000] {override.py:1829} INFO - Created Permission View: can edit on DAG:dataset_consumes_1
[2024-05-15T12:39:53.170+0000] {logging_mixin.py:188} INFO - [2024-05-15T12:39:53.170+0000] {override.py:1829} INFO - Created Permission View: can delete on DAG:consume_1_or_2_with_dataset_expressions
[2024-05-15T12:39:53.179+0000] {logging_mixin.py:188} INFO - [2024-05-15T12:39:53.178+0000] {override.py:1829} INFO - Created Permission View: can read on DAG:consume_1_or_2_with_dataset_expressions
[2024-05-15T12:39:53.187+0000] {logging_mixin.py:188} INFO - [2024-05-15T12:39:53.187+0000] {override.py:1829} INFO - Created Permission View: can edit on DAG:consume_1_or_2_with_dataset_expressions
[2024-05-15T12:39:53.200+0000] {logging_mixin.py:188} INFO - [2024-05-15T12:39:53.200+0000] {override.py:1829} INFO - Created Permission View: can delete on DAG:dataset_consumes_unknown_never_scheduled
[2024-05-15T12:39:53.208+0000] {logging_mixin.py:188} INFO - [2024-05-15T12:39:53.207+0000] {override.py:1829} INFO - Created Permission View: can read on DAG:dataset_consumes_unknown_never_scheduled
[2024-05-15T12:39:53.215+0000] {logging_mixin.py:188} INFO - [2024-05-15T12:39:53.215+0000] {override.py:1829} INFO - Created Permission View: can edit on DAG:dataset_consumes_unknown_never_scheduled
[2024-05-15T12:39:53.229+0000] {logging_mixin.py:188} INFO - [2024-05-15T12:39:53.229+0000] {override.py:1829} INFO - Created Permission View: can delete on DAG:dataset_consumes_1_and_2
[2024-05-15T12:39:53.237+0000] {logging_mixin.py:188} INFO - [2024-05-15T12:39:53.237+0000] {override.py:1829} INFO - Created Permission View: can read on DAG:dataset_consumes_1_and_2
[2024-05-15T12:39:53.245+0000] {logging_mixin.py:188} INFO - [2024-05-15T12:39:53.244+0000] {override.py:1829} INFO - Created Permission View: can edit on DAG:dataset_consumes_1_and_2
[2024-05-15T12:39:53.260+0000] {logging_mixin.py:188} INFO - [2024-05-15T12:39:53.259+0000] {override.py:1829} INFO - Created Permission View: can delete on DAG:consume_1_or_both_2_and_3_with_dataset_expressions
[2024-05-15T12:39:53.269+0000] {logging_mixin.py:188} INFO - [2024-05-15T12:39:53.268+0000] {override.py:1829} INFO - Created Permission View: can read on DAG:consume_1_or_both_2_and_3_with_dataset_expressions
[2024-05-15T12:39:53.278+0000] {logging_mixin.py:188} INFO - [2024-05-15T12:39:53.277+0000] {override.py:1829} INFO - Created Permission View: can edit on DAG:consume_1_or_both_2_and_3_with_dataset_expressions
[2024-05-15T12:39:53.280+0000] {logging_mixin.py:188} INFO - [2024-05-15T12:39:53.280+0000] {dag.py:3096} INFO - Sync 10 DAGs
[2024-05-15T12:39:53.291+0000] {logging_mixin.py:188} INFO - [2024-05-15T12:39:53.291+0000] {dag.py:3118} INFO - Creating ORM DAG for dataset_produces_1
[2024-05-15T12:39:53.292+0000] {logging_mixin.py:188} INFO - [2024-05-15T12:39:53.292+0000] {dag.py:3118} INFO - Creating ORM DAG for dataset_consumes_1
[2024-05-15T12:39:53.294+0000] {logging_mixin.py:188} INFO - [2024-05-15T12:39:53.294+0000] {dag.py:3118} INFO - Creating ORM DAG for dataset_consumes_unknown_never_scheduled
[2024-05-15T12:39:53.296+0000] {logging_mixin.py:188} INFO - [2024-05-15T12:39:53.296+0000] {dag.py:3118} INFO - Creating ORM DAG for consume_1_or_both_2_and_3_with_dataset_expressions
[2024-05-15T12:39:53.297+0000] {logging_mixin.py:188} INFO - [2024-05-15T12:39:53.297+0000] {dag.py:3118} INFO - Creating ORM DAG for dataset_consumes_1_never_scheduled
[2024-05-15T12:39:53.299+0000] {logging_mixin.py:188} INFO - [2024-05-15T12:39:53.299+0000] {dag.py:3118} INFO - Creating ORM DAG for consume_1_or_2_with_dataset_expressions
[2024-05-15T12:39:53.301+0000] {logging_mixin.py:188} INFO - [2024-05-15T12:39:53.300+0000] {dag.py:3118} INFO - Creating ORM DAG for dataset_consumes_1_and_2
[2024-05-15T12:39:53.303+0000] {logging_mixin.py:188} INFO - [2024-05-15T12:39:53.302+0000] {dag.py:3118} INFO - Creating ORM DAG for dataset_produces_2
[2024-05-15T12:39:53.304+0000] {logging_mixin.py:188} INFO - [2024-05-15T12:39:53.304+0000] {dag.py:3118} INFO - Creating ORM DAG for conditional_dataset_and_time_based_timetable
[2024-05-15T12:39:53.306+0000] {logging_mixin.py:188} INFO - [2024-05-15T12:39:53.306+0000] {dag.py:3118} INFO - Creating ORM DAG for consume_1_and_2_with_dataset_expressions
[2024-05-15T12:39:53.316+0000] {logging_mixin.py:188} INFO - [2024-05-15T12:39:53.316+0000] {dag.py:3954} INFO - Setting next_dagrun for conditional_dataset_and_time_based_timetable to 2024-05-15 01:00:00+00:00, run_after=2024-05-15 01:00:00+00:00
[2024-05-15T12:39:53.319+0000] {logging_mixin.py:188} INFO - [2024-05-15T12:39:53.319+0000] {dag.py:3954} INFO - Setting next_dagrun for consume_1_and_2_with_dataset_expressions to None, run_after=None
[2024-05-15T12:39:53.320+0000] {logging_mixin.py:188} INFO - [2024-05-15T12:39:53.320+0000] {dag.py:3954} INFO - Setting next_dagrun for consume_1_or_2_with_dataset_expressions to None, run_after=None
[2024-05-15T12:39:53.322+0000] {logging_mixin.py:188} INFO - [2024-05-15T12:39:53.322+0000] {dag.py:3954} INFO - Setting next_dagrun for consume_1_or_both_2_and_3_with_dataset_expressions to None, run_after=None
[2024-05-15T12:39:53.324+0000] {logging_mixin.py:188} INFO - [2024-05-15T12:39:53.324+0000] {dag.py:3954} INFO - Setting next_dagrun for dataset_consumes_1 to None, run_after=None
[2024-05-15T12:39:53.325+0000] {logging_mixin.py:188} INFO - [2024-05-15T12:39:53.325+0000] {dag.py:3954} INFO - Setting next_dagrun for dataset_consumes_1_and_2 to None, run_after=None
[2024-05-15T12:39:53.327+0000] {logging_mixin.py:188} INFO - [2024-05-15T12:39:53.327+0000] {dag.py:3954} INFO - Setting next_dagrun for dataset_consumes_1_never_scheduled to None, run_after=None
[2024-05-15T12:39:53.328+0000] {logging_mixin.py:188} INFO - [2024-05-15T12:39:53.328+0000] {dag.py:3954} INFO - Setting next_dagrun for dataset_consumes_unknown_never_scheduled to None, run_after=None
[2024-05-15T12:39:53.331+0000] {logging_mixin.py:188} INFO - [2024-05-15T12:39:53.330+0000] {dag.py:3954} INFO - Setting next_dagrun for dataset_produces_1 to 2024-05-14 00:00:00+00:00, run_after=2024-05-15 00:00:00+00:00
[2024-05-15T12:39:53.332+0000] {logging_mixin.py:188} INFO - [2024-05-15T12:39:53.332+0000] {dag.py:3954} INFO - Setting next_dagrun for dataset_produces_2 to None, run_after=None
[2024-05-15T12:39:53.393+0000] {processor.py:183} INFO - Processing /home/airflow/.local/lib/python3.12/site-packages/airflow/example_dags/example_datasets.py took 0.633 seconds
[2024-05-15T12:40:23.653+0000] {processor.py:161} INFO - Started process (PID=114) to work on /home/airflow/.local/lib/python3.12/site-packages/airflow/example_dags/example_datasets.py
[2024-05-15T12:40:23.654+0000] {processor.py:830} INFO - Processing file /home/airflow/.local/lib/python3.12/site-packages/airflow/example_dags/example_datasets.py for tasks to queue
[2024-05-15T12:40:23.657+0000] {logging_mixin.py:188} INFO - [2024-05-15T12:40:23.656+0000] {dagbag.py:545} INFO - Filling up the DagBag from /home/airflow/.local/lib/python3.12/site-packages/airflow/example_dags/example_datasets.py
[2024-05-15T12:40:23.670+0000] {processor.py:840} INFO - DAG(s) 'dataset_consumes_1_and_2', 'dataset_produces_1', 'consume_1_or_2_with_dataset_expressions', 'consume_1_or_both_2_and_3_with_dataset_expressions', 'conditional_dataset_and_time_based_timetable', 'dataset_consumes_1_never_scheduled', 'dataset_produces_2', 'consume_1_and_2_with_dataset_expressions', 'dataset_consumes_1', 'dataset_consumes_unknown_never_scheduled' retrieved from /home/airflow/.local/lib/python3.12/site-packages/airflow/example_dags/example_datasets.py
[2024-05-15T12:40:23.723+0000] {logging_mixin.py:188} INFO - [2024-05-15T12:40:23.723+0000] {dag.py:3096} INFO - Sync 10 DAGs
[2024-05-15T12:40:23.747+0000] {logging_mixin.py:188} INFO - [2024-05-15T12:40:23.746+0000] {dag.py:3954} INFO - Setting next_dagrun for conditional_dataset_and_time_based_timetable to 2024-05-15 01:00:00+00:00, run_after=2024-05-15 01:00:00+00:00
[2024-05-15T12:40:23.752+0000] {logging_mixin.py:188} INFO - [2024-05-15T12:40:23.752+0000] {dag.py:3954} INFO - Setting next_dagrun for consume_1_and_2_with_dataset_expressions to None, run_after=None
[2024-05-15T12:40:23.754+0000] {logging_mixin.py:188} INFO - [2024-05-15T12:40:23.754+0000] {dag.py:3954} INFO - Setting next_dagrun for consume_1_or_2_with_dataset_expressions to None, run_after=None
[2024-05-15T12:40:23.756+0000] {logging_mixin.py:188} INFO - [2024-05-15T12:40:23.756+0000] {dag.py:3954} INFO - Setting next_dagrun for consume_1_or_both_2_and_3_with_dataset_expressions to None, run_after=None
[2024-05-15T12:40:23.758+0000] {logging_mixin.py:188} INFO - [2024-05-15T12:40:23.758+0000] {dag.py:3954} INFO - Setting next_dagrun for dataset_consumes_1 to None, run_after=None
[2024-05-15T12:40:23.760+0000] {logging_mixin.py:188} INFO - [2024-05-15T12:40:23.759+0000] {dag.py:3954} INFO - Setting next_dagrun for dataset_consumes_1_and_2 to None, run_after=None
[2024-05-15T12:40:23.762+0000] {logging_mixin.py:188} INFO - [2024-05-15T12:40:23.762+0000] {dag.py:3954} INFO - Setting next_dagrun for dataset_consumes_1_never_scheduled to None, run_after=None
[2024-05-15T12:40:23.763+0000] {logging_mixin.py:188} INFO - [2024-05-15T12:40:23.763+0000] {dag.py:3954} INFO - Setting next_dagrun for dataset_consumes_unknown_never_scheduled to None, run_after=None
[2024-05-15T12:40:23.766+0000] {logging_mixin.py:188} INFO - [2024-05-15T12:40:23.766+0000] {dag.py:3954} INFO - Setting next_dagrun for dataset_produces_1 to 2024-05-14 00:00:00+00:00, run_after=2024-05-15 00:00:00+00:00
[2024-05-15T12:40:23.768+0000] {logging_mixin.py:188} INFO - [2024-05-15T12:40:23.768+0000] {dag.py:3954} INFO - Setting next_dagrun for dataset_produces_2 to None, run_after=None
[2024-05-15T12:40:23.804+0000] {processor.py:183} INFO - Processing /home/airflow/.local/lib/python3.12/site-packages/airflow/example_dags/example_datasets.py took 0.157 seconds
[2024-05-15T12:40:53.990+0000] {processor.py:161} INFO - Started process (PID=172) to work on /home/airflow/.local/lib/python3.12/site-packages/airflow/example_dags/example_datasets.py
[2024-05-15T12:40:53.992+0000] {processor.py:830} INFO - Processing file /home/airflow/.local/lib/python3.12/site-packages/airflow/example_dags/example_datasets.py for tasks to queue
[2024-05-15T12:40:53.996+0000] {logging_mixin.py:188} INFO - [2024-05-15T12:40:53.995+0000] {dagbag.py:545} INFO - Filling up the DagBag from /home/airflow/.local/lib/python3.12/site-packages/airflow/example_dags/example_datasets.py
[2024-05-15T12:40:54.010+0000] {processor.py:840} INFO - DAG(s) 'dataset_consumes_1_never_scheduled', 'consume_1_or_2_with_dataset_expressions', 'dataset_consumes_1_and_2', 'dataset_produces_2', 'consume_1_and_2_with_dataset_expressions', 'dataset_produces_1', 'dataset_consumes_unknown_never_scheduled', 'conditional_dataset_and_time_based_timetable', 'consume_1_or_both_2_and_3_with_dataset_expressions', 'dataset_consumes_1' retrieved from /home/airflow/.local/lib/python3.12/site-packages/airflow/example_dags/example_datasets.py
[2024-05-15T12:40:54.054+0000] {logging_mixin.py:188} INFO - [2024-05-15T12:40:54.054+0000] {dag.py:3096} INFO - Sync 10 DAGs
[2024-05-15T12:40:54.078+0000] {logging_mixin.py:188} INFO - [2024-05-15T12:40:54.078+0000] {dag.py:3954} INFO - Setting next_dagrun for conditional_dataset_and_time_based_timetable to 2024-05-15 01:00:00+00:00, run_after=2024-05-15 01:00:00+00:00
[2024-05-15T12:40:54.083+0000] {logging_mixin.py:188} INFO - [2024-05-15T12:40:54.082+0000] {dag.py:3954} INFO - Setting next_dagrun for consume_1_and_2_with_dataset_expressions to None, run_after=None
[2024-05-15T12:40:54.084+0000] {logging_mixin.py:188} INFO - [2024-05-15T12:40:54.084+0000] {dag.py:3954} INFO - Setting next_dagrun for consume_1_or_2_with_dataset_expressions to None, run_after=None
[2024-05-15T12:40:54.086+0000] {logging_mixin.py:188} INFO - [2024-05-15T12:40:54.086+0000] {dag.py:3954} INFO - Setting next_dagrun for consume_1_or_both_2_and_3_with_dataset_expressions to None, run_after=None
[2024-05-15T12:40:54.087+0000] {logging_mixin.py:188} INFO - [2024-05-15T12:40:54.087+0000] {dag.py:3954} INFO - Setting next_dagrun for dataset_consumes_1 to None, run_after=None
[2024-05-15T12:40:54.089+0000] {logging_mixin.py:188} INFO - [2024-05-15T12:40:54.089+0000] {dag.py:3954} INFO - Setting next_dagrun for dataset_consumes_1_and_2 to None, run_after=None
[2024-05-15T12:40:54.091+0000] {logging_mixin.py:188} INFO - [2024-05-15T12:40:54.091+0000] {dag.py:3954} INFO - Setting next_dagrun for dataset_consumes_1_never_scheduled to None, run_after=None
[2024-05-15T12:40:54.093+0000] {logging_mixin.py:188} INFO - [2024-05-15T12:40:54.093+0000] {dag.py:3954} INFO - Setting next_dagrun for dataset_consumes_unknown_never_scheduled to None, run_after=None
[2024-05-15T12:40:54.096+0000] {logging_mixin.py:188} INFO - [2024-05-15T12:40:54.096+0000] {dag.py:3954} INFO - Setting next_dagrun for dataset_produces_1 to 2024-05-14 00:00:00+00:00, run_after=2024-05-15 00:00:00+00:00
[2024-05-15T12:40:54.098+0000] {logging_mixin.py:188} INFO - [2024-05-15T12:40:54.098+0000] {dag.py:3954} INFO - Setting next_dagrun for dataset_produces_2 to None, run_after=None
[2024-05-15T12:40:54.128+0000] {processor.py:183} INFO - Processing /home/airflow/.local/lib/python3.12/site-packages/airflow/example_dags/example_datasets.py took 0.145 seconds
