[2024-05-15T12:39:56.732+0000] {processor.py:161} INFO - Started process (PID=77) to work on /home/airflow/.local/lib/python3.12/site-packages/airflow/example_dags/example_task_group_decorator.py
[2024-05-15T12:39:56.734+0000] {processor.py:830} INFO - Processing file /home/airflow/.local/lib/python3.12/site-packages/airflow/example_dags/example_task_group_decorator.py for tasks to queue
[2024-05-15T12:39:56.736+0000] {logging_mixin.py:188} INFO - [2024-05-15T12:39:56.735+0000] {dagbag.py:545} INFO - Filling up the DagBag from /home/airflow/.local/lib/python3.12/site-packages/airflow/example_dags/example_task_group_decorator.py
[2024-05-15T12:39:56.753+0000] {processor.py:840} INFO - DAG(s) 'example_task_group_decorator' retrieved from /home/airflow/.local/lib/python3.12/site-packages/airflow/example_dags/example_task_group_decorator.py
[2024-05-15T12:39:56.881+0000] {logging_mixin.py:188} INFO - [2024-05-15T12:39:56.880+0000] {override.py:1829} INFO - Created Permission View: can delete on DAG:example_task_group_decorator
[2024-05-15T12:39:56.892+0000] {logging_mixin.py:188} INFO - [2024-05-15T12:39:56.892+0000] {override.py:1829} INFO - Created Permission View: can read on DAG:example_task_group_decorator
[2024-05-15T12:39:56.901+0000] {logging_mixin.py:188} INFO - [2024-05-15T12:39:56.900+0000] {override.py:1829} INFO - Created Permission View: can edit on DAG:example_task_group_decorator
[2024-05-15T12:39:56.903+0000] {logging_mixin.py:188} INFO - [2024-05-15T12:39:56.903+0000] {dag.py:3096} INFO - Sync 1 DAGs
[2024-05-15T12:39:56.914+0000] {logging_mixin.py:188} INFO - [2024-05-15T12:39:56.913+0000] {dag.py:3118} INFO - Creating ORM DAG for example_task_group_decorator
[2024-05-15T12:39:56.923+0000] {logging_mixin.py:188} INFO - [2024-05-15T12:39:56.923+0000] {dag.py:3954} INFO - Setting next_dagrun for example_task_group_decorator to 2024-05-14 00:00:00+00:00, run_after=2024-05-15 00:00:00+00:00
[2024-05-15T12:39:56.940+0000] {processor.py:183} INFO - Processing /home/airflow/.local/lib/python3.12/site-packages/airflow/example_dags/example_task_group_decorator.py took 0.213 seconds
[2024-05-15T12:40:27.500+0000] {processor.py:161} INFO - Started process (PID=135) to work on /home/airflow/.local/lib/python3.12/site-packages/airflow/example_dags/example_task_group_decorator.py
[2024-05-15T12:40:27.502+0000] {processor.py:830} INFO - Processing file /home/airflow/.local/lib/python3.12/site-packages/airflow/example_dags/example_task_group_decorator.py for tasks to queue
[2024-05-15T12:40:27.504+0000] {logging_mixin.py:188} INFO - [2024-05-15T12:40:27.504+0000] {dagbag.py:545} INFO - Filling up the DagBag from /home/airflow/.local/lib/python3.12/site-packages/airflow/example_dags/example_task_group_decorator.py
[2024-05-15T12:40:27.517+0000] {processor.py:840} INFO - DAG(s) 'example_task_group_decorator' retrieved from /home/airflow/.local/lib/python3.12/site-packages/airflow/example_dags/example_task_group_decorator.py
[2024-05-15T12:40:27.542+0000] {logging_mixin.py:188} INFO - [2024-05-15T12:40:27.542+0000] {dag.py:3096} INFO - Sync 1 DAGs
[2024-05-15T12:40:27.564+0000] {logging_mixin.py:188} INFO - [2024-05-15T12:40:27.564+0000] {dag.py:3954} INFO - Setting next_dagrun for example_task_group_decorator to 2024-05-14 00:00:00+00:00, run_after=2024-05-15 00:00:00+00:00
[2024-05-15T12:40:27.585+0000] {processor.py:183} INFO - Processing /home/airflow/.local/lib/python3.12/site-packages/airflow/example_dags/example_task_group_decorator.py took 0.090 seconds
[2024-05-15T12:40:57.890+0000] {processor.py:161} INFO - Started process (PID=193) to work on /home/airflow/.local/lib/python3.12/site-packages/airflow/example_dags/example_task_group_decorator.py
[2024-05-15T12:40:57.896+0000] {processor.py:830} INFO - Processing file /home/airflow/.local/lib/python3.12/site-packages/airflow/example_dags/example_task_group_decorator.py for tasks to queue
[2024-05-15T12:40:57.920+0000] {logging_mixin.py:188} INFO - [2024-05-15T12:40:57.919+0000] {dagbag.py:545} INFO - Filling up the DagBag from /home/airflow/.local/lib/python3.12/site-packages/airflow/example_dags/example_task_group_decorator.py
[2024-05-15T12:40:57.968+0000] {processor.py:840} INFO - DAG(s) 'example_task_group_decorator' retrieved from /home/airflow/.local/lib/python3.12/site-packages/airflow/example_dags/example_task_group_decorator.py
[2024-05-15T12:40:58.033+0000] {logging_mixin.py:188} INFO - [2024-05-15T12:40:58.032+0000] {dag.py:3096} INFO - Sync 1 DAGs
[2024-05-15T12:40:58.119+0000] {logging_mixin.py:188} INFO - [2024-05-15T12:40:58.119+0000] {dag.py:3954} INFO - Setting next_dagrun for example_task_group_decorator to 2024-05-14 00:00:00+00:00, run_after=2024-05-15 00:00:00+00:00
[2024-05-15T12:40:58.216+0000] {processor.py:183} INFO - Processing /home/airflow/.local/lib/python3.12/site-packages/airflow/example_dags/example_task_group_decorator.py took 0.353 seconds
