[2024-05-15T12:39:58.210+0000] {processor.py:161} INFO - Started process (PID=87) to work on /home/airflow/.local/lib/python3.12/site-packages/airflow/example_dags/example_xcomargs.py
[2024-05-15T12:39:58.211+0000] {processor.py:830} INFO - Processing file /home/airflow/.local/lib/python3.12/site-packages/airflow/example_dags/example_xcomargs.py for tasks to queue
[2024-05-15T12:39:58.213+0000] {logging_mixin.py:188} INFO - [2024-05-15T12:39:58.213+0000] {dagbag.py:545} INFO - Filling up the DagBag from /home/airflow/.local/lib/python3.12/site-packages/airflow/example_dags/example_xcomargs.py
[2024-05-15T12:39:58.222+0000] {processor.py:840} INFO - DAG(s) 'example_xcom_args', 'example_xcom_args_with_operators' retrieved from /home/airflow/.local/lib/python3.12/site-packages/airflow/example_dags/example_xcomargs.py
[2024-05-15T12:39:58.318+0000] {logging_mixin.py:188} INFO - [2024-05-15T12:39:58.317+0000] {override.py:1829} INFO - Created Permission View: can delete on DAG:example_xcom_args
[2024-05-15T12:39:58.327+0000] {logging_mixin.py:188} INFO - [2024-05-15T12:39:58.327+0000] {override.py:1829} INFO - Created Permission View: can read on DAG:example_xcom_args
[2024-05-15T12:39:58.335+0000] {logging_mixin.py:188} INFO - [2024-05-15T12:39:58.335+0000] {override.py:1829} INFO - Created Permission View: can edit on DAG:example_xcom_args
[2024-05-15T12:39:58.351+0000] {logging_mixin.py:188} INFO - [2024-05-15T12:39:58.351+0000] {override.py:1829} INFO - Created Permission View: can delete on DAG:example_xcom_args_with_operators
[2024-05-15T12:39:58.358+0000] {logging_mixin.py:188} INFO - [2024-05-15T12:39:58.358+0000] {override.py:1829} INFO - Created Permission View: can read on DAG:example_xcom_args_with_operators
[2024-05-15T12:39:58.366+0000] {logging_mixin.py:188} INFO - [2024-05-15T12:39:58.365+0000] {override.py:1829} INFO - Created Permission View: can edit on DAG:example_xcom_args_with_operators
[2024-05-15T12:39:58.367+0000] {logging_mixin.py:188} INFO - [2024-05-15T12:39:58.367+0000] {dag.py:3096} INFO - Sync 2 DAGs
[2024-05-15T12:39:58.377+0000] {logging_mixin.py:188} INFO - [2024-05-15T12:39:58.377+0000] {dag.py:3118} INFO - Creating ORM DAG for example_xcom_args
[2024-05-15T12:39:58.379+0000] {logging_mixin.py:188} INFO - [2024-05-15T12:39:58.379+0000] {dag.py:3118} INFO - Creating ORM DAG for example_xcom_args_with_operators
[2024-05-15T12:39:58.380+0000] {logging_mixin.py:188} INFO - [2024-05-15T12:39:58.380+0000] {dag.py:3954} INFO - Setting next_dagrun for example_xcom_args to None, run_after=None
[2024-05-15T12:39:58.381+0000] {logging_mixin.py:188} INFO - [2024-05-15T12:39:58.381+0000] {dag.py:3954} INFO - Setting next_dagrun for example_xcom_args_with_operators to None, run_after=None
[2024-05-15T12:39:58.400+0000] {processor.py:183} INFO - Processing /home/airflow/.local/lib/python3.12/site-packages/airflow/example_dags/example_xcomargs.py took 0.196 seconds
[2024-05-15T12:40:28.480+0000] {processor.py:161} INFO - Started process (PID=145) to work on /home/airflow/.local/lib/python3.12/site-packages/airflow/example_dags/example_xcomargs.py
[2024-05-15T12:40:28.482+0000] {processor.py:830} INFO - Processing file /home/airflow/.local/lib/python3.12/site-packages/airflow/example_dags/example_xcomargs.py for tasks to queue
[2024-05-15T12:40:28.484+0000] {logging_mixin.py:188} INFO - [2024-05-15T12:40:28.483+0000] {dagbag.py:545} INFO - Filling up the DagBag from /home/airflow/.local/lib/python3.12/site-packages/airflow/example_dags/example_xcomargs.py
[2024-05-15T12:40:28.491+0000] {processor.py:840} INFO - DAG(s) 'example_xcom_args_with_operators', 'example_xcom_args' retrieved from /home/airflow/.local/lib/python3.12/site-packages/airflow/example_dags/example_xcomargs.py
[2024-05-15T12:40:28.514+0000] {logging_mixin.py:188} INFO - [2024-05-15T12:40:28.513+0000] {dag.py:3096} INFO - Sync 2 DAGs
[2024-05-15T12:40:28.525+0000] {logging_mixin.py:188} INFO - [2024-05-15T12:40:28.525+0000] {dag.py:3954} INFO - Setting next_dagrun for example_xcom_args to None, run_after=None
[2024-05-15T12:40:28.529+0000] {logging_mixin.py:188} INFO - [2024-05-15T12:40:28.529+0000] {dag.py:3954} INFO - Setting next_dagrun for example_xcom_args_with_operators to None, run_after=None
[2024-05-15T12:40:28.546+0000] {processor.py:183} INFO - Processing /home/airflow/.local/lib/python3.12/site-packages/airflow/example_dags/example_xcomargs.py took 0.071 seconds
