[2024-05-15T12:39:56.493+0000] {processor.py:161} INFO - Started process (PID=75) to work on /home/airflow/.local/lib/python3.12/site-packages/airflow/example_dags/example_bash_operator.py
[2024-05-15T12:39:56.495+0000] {processor.py:830} INFO - Processing file /home/airflow/.local/lib/python3.12/site-packages/airflow/example_dags/example_bash_operator.py for tasks to queue
[2024-05-15T12:39:56.498+0000] {logging_mixin.py:188} INFO - [2024-05-15T12:39:56.498+0000] {dagbag.py:545} INFO - Filling up the DagBag from /home/airflow/.local/lib/python3.12/site-packages/airflow/example_dags/example_bash_operator.py
[2024-05-15T12:39:56.516+0000] {processor.py:840} INFO - DAG(s) 'example_bash_operator' retrieved from /home/airflow/.local/lib/python3.12/site-packages/airflow/example_dags/example_bash_operator.py
[2024-05-15T12:39:56.626+0000] {logging_mixin.py:188} INFO - [2024-05-15T12:39:56.626+0000] {override.py:1829} INFO - Created Permission View: can delete on DAG:example_bash_operator
[2024-05-15T12:39:56.639+0000] {logging_mixin.py:188} INFO - [2024-05-15T12:39:56.639+0000] {override.py:1829} INFO - Created Permission View: can read on DAG:example_bash_operator
[2024-05-15T12:39:56.648+0000] {logging_mixin.py:188} INFO - [2024-05-15T12:39:56.647+0000] {override.py:1829} INFO - Created Permission View: can edit on DAG:example_bash_operator
[2024-05-15T12:39:56.649+0000] {logging_mixin.py:188} INFO - [2024-05-15T12:39:56.649+0000] {dag.py:3096} INFO - Sync 1 DAGs
[2024-05-15T12:39:56.660+0000] {logging_mixin.py:188} INFO - [2024-05-15T12:39:56.660+0000] {dag.py:3118} INFO - Creating ORM DAG for example_bash_operator
[2024-05-15T12:39:56.671+0000] {logging_mixin.py:188} INFO - [2024-05-15T12:39:56.671+0000] {dag.py:3954} INFO - Setting next_dagrun for example_bash_operator to 2024-05-14 00:00:00+00:00, run_after=2024-05-15 00:00:00+00:00
[2024-05-15T12:39:56.690+0000] {processor.py:183} INFO - Processing /home/airflow/.local/lib/python3.12/site-packages/airflow/example_dags/example_bash_operator.py took 0.204 seconds
[2024-05-15T12:40:27.378+0000] {processor.py:161} INFO - Started process (PID=133) to work on /home/airflow/.local/lib/python3.12/site-packages/airflow/example_dags/example_bash_operator.py
[2024-05-15T12:40:27.382+0000] {processor.py:830} INFO - Processing file /home/airflow/.local/lib/python3.12/site-packages/airflow/example_dags/example_bash_operator.py for tasks to queue
[2024-05-15T12:40:27.385+0000] {logging_mixin.py:188} INFO - [2024-05-15T12:40:27.384+0000] {dagbag.py:545} INFO - Filling up the DagBag from /home/airflow/.local/lib/python3.12/site-packages/airflow/example_dags/example_bash_operator.py
[2024-05-15T12:40:27.396+0000] {processor.py:840} INFO - DAG(s) 'example_bash_operator' retrieved from /home/airflow/.local/lib/python3.12/site-packages/airflow/example_dags/example_bash_operator.py
[2024-05-15T12:40:27.422+0000] {logging_mixin.py:188} INFO - [2024-05-15T12:40:27.422+0000] {dag.py:3096} INFO - Sync 1 DAGs
[2024-05-15T12:40:27.443+0000] {logging_mixin.py:188} INFO - [2024-05-15T12:40:27.442+0000] {dag.py:3954} INFO - Setting next_dagrun for example_bash_operator to 2024-05-14 00:00:00+00:00, run_after=2024-05-15 00:00:00+00:00
[2024-05-15T12:40:27.462+0000] {processor.py:183} INFO - Processing /home/airflow/.local/lib/python3.12/site-packages/airflow/example_dags/example_bash_operator.py took 0.089 seconds
[2024-05-15T12:40:57.552+0000] {processor.py:161} INFO - Started process (PID=191) to work on /home/airflow/.local/lib/python3.12/site-packages/airflow/example_dags/example_bash_operator.py
[2024-05-15T12:40:57.559+0000] {processor.py:830} INFO - Processing file /home/airflow/.local/lib/python3.12/site-packages/airflow/example_dags/example_bash_operator.py for tasks to queue
[2024-05-15T12:40:57.569+0000] {logging_mixin.py:188} INFO - [2024-05-15T12:40:57.569+0000] {dagbag.py:545} INFO - Filling up the DagBag from /home/airflow/.local/lib/python3.12/site-packages/airflow/example_dags/example_bash_operator.py
[2024-05-15T12:40:57.612+0000] {processor.py:840} INFO - DAG(s) 'example_bash_operator' retrieved from /home/airflow/.local/lib/python3.12/site-packages/airflow/example_dags/example_bash_operator.py
[2024-05-15T12:40:57.670+0000] {logging_mixin.py:188} INFO - [2024-05-15T12:40:57.670+0000] {dag.py:3096} INFO - Sync 1 DAGs
[2024-05-15T12:40:57.752+0000] {logging_mixin.py:188} INFO - [2024-05-15T12:40:57.751+0000] {dag.py:3954} INFO - Setting next_dagrun for example_bash_operator to 2024-05-14 00:00:00+00:00, run_after=2024-05-15 00:00:00+00:00
[2024-05-15T12:40:57.800+0000] {processor.py:183} INFO - Processing /home/airflow/.local/lib/python3.12/site-packages/airflow/example_dags/example_bash_operator.py took 0.281 seconds
