[2024-05-15T12:39:55.566+0000] {processor.py:161} INFO - Started process (PID=69) to work on /home/airflow/.local/lib/python3.12/site-packages/airflow/example_dags/example_latest_only.py
[2024-05-15T12:39:55.568+0000] {processor.py:830} INFO - Processing file /home/airflow/.local/lib/python3.12/site-packages/airflow/example_dags/example_latest_only.py for tasks to queue
[2024-05-15T12:39:55.570+0000] {logging_mixin.py:188} INFO - [2024-05-15T12:39:55.570+0000] {dagbag.py:545} INFO - Filling up the DagBag from /home/airflow/.local/lib/python3.12/site-packages/airflow/example_dags/example_latest_only.py
[2024-05-15T12:39:55.580+0000] {processor.py:840} INFO - DAG(s) 'latest_only' retrieved from /home/airflow/.local/lib/python3.12/site-packages/airflow/example_dags/example_latest_only.py
[2024-05-15T12:39:55.736+0000] {logging_mixin.py:188} INFO - [2024-05-15T12:39:55.735+0000] {override.py:1829} INFO - Created Permission View: can delete on DAG:latest_only
[2024-05-15T12:39:55.761+0000] {logging_mixin.py:188} INFO - [2024-05-15T12:39:55.760+0000] {override.py:1829} INFO - Created Permission View: can read on DAG:latest_only
[2024-05-15T12:39:55.770+0000] {logging_mixin.py:188} INFO - [2024-05-15T12:39:55.770+0000] {override.py:1829} INFO - Created Permission View: can edit on DAG:latest_only
[2024-05-15T12:39:55.772+0000] {logging_mixin.py:188} INFO - [2024-05-15T12:39:55.771+0000] {dag.py:3096} INFO - Sync 1 DAGs
[2024-05-15T12:39:55.804+0000] {logging_mixin.py:188} INFO - [2024-05-15T12:39:55.804+0000] {dag.py:3118} INFO - Creating ORM DAG for latest_only
[2024-05-15T12:39:55.827+0000] {logging_mixin.py:188} INFO - [2024-05-15T12:39:55.827+0000] {dag.py:3954} INFO - Setting next_dagrun for latest_only to 2024-05-15 08:00:00+00:00, run_after=2024-05-15 12:00:00+00:00
[2024-05-15T12:39:55.860+0000] {processor.py:183} INFO - Processing /home/airflow/.local/lib/python3.12/site-packages/airflow/example_dags/example_latest_only.py took 0.303 seconds
[2024-05-15T12:40:26.771+0000] {processor.py:161} INFO - Started process (PID=127) to work on /home/airflow/.local/lib/python3.12/site-packages/airflow/example_dags/example_latest_only.py
[2024-05-15T12:40:26.773+0000] {processor.py:830} INFO - Processing file /home/airflow/.local/lib/python3.12/site-packages/airflow/example_dags/example_latest_only.py for tasks to queue
[2024-05-15T12:40:26.775+0000] {logging_mixin.py:188} INFO - [2024-05-15T12:40:26.775+0000] {dagbag.py:545} INFO - Filling up the DagBag from /home/airflow/.local/lib/python3.12/site-packages/airflow/example_dags/example_latest_only.py
[2024-05-15T12:40:26.780+0000] {processor.py:840} INFO - DAG(s) 'latest_only' retrieved from /home/airflow/.local/lib/python3.12/site-packages/airflow/example_dags/example_latest_only.py
[2024-05-15T12:40:26.799+0000] {logging_mixin.py:188} INFO - [2024-05-15T12:40:26.799+0000] {dag.py:3096} INFO - Sync 1 DAGs
[2024-05-15T12:40:26.820+0000] {logging_mixin.py:188} INFO - [2024-05-15T12:40:26.819+0000] {dag.py:3954} INFO - Setting next_dagrun for latest_only to 2024-05-15 08:00:00+00:00, run_after=2024-05-15 12:00:00+00:00
[2024-05-15T12:40:26.839+0000] {processor.py:183} INFO - Processing /home/airflow/.local/lib/python3.12/site-packages/airflow/example_dags/example_latest_only.py took 0.074 seconds
[2024-05-15T12:40:56.988+0000] {processor.py:161} INFO - Started process (PID=185) to work on /home/airflow/.local/lib/python3.12/site-packages/airflow/example_dags/example_latest_only.py
[2024-05-15T12:40:56.992+0000] {processor.py:830} INFO - Processing file /home/airflow/.local/lib/python3.12/site-packages/airflow/example_dags/example_latest_only.py for tasks to queue
[2024-05-15T12:40:56.994+0000] {logging_mixin.py:188} INFO - [2024-05-15T12:40:56.994+0000] {dagbag.py:545} INFO - Filling up the DagBag from /home/airflow/.local/lib/python3.12/site-packages/airflow/example_dags/example_latest_only.py
[2024-05-15T12:40:56.999+0000] {processor.py:840} INFO - DAG(s) 'latest_only' retrieved from /home/airflow/.local/lib/python3.12/site-packages/airflow/example_dags/example_latest_only.py
[2024-05-15T12:40:57.017+0000] {logging_mixin.py:188} INFO - [2024-05-15T12:40:57.017+0000] {dag.py:3096} INFO - Sync 1 DAGs
[2024-05-15T12:40:57.037+0000] {logging_mixin.py:188} INFO - [2024-05-15T12:40:57.037+0000] {dag.py:3954} INFO - Setting next_dagrun for latest_only to 2024-05-15 08:00:00+00:00, run_after=2024-05-15 12:00:00+00:00
[2024-05-15T12:40:57.055+0000] {processor.py:183} INFO - Processing /home/airflow/.local/lib/python3.12/site-packages/airflow/example_dags/example_latest_only.py took 0.071 seconds
