[2024-05-15T12:39:52.371+0000] {processor.py:161} INFO - Started process (PID=54) to work on /home/airflow/.local/lib/python3.12/site-packages/airflow/example_dags/example_bash_decorator.py
[2024-05-15T12:39:52.373+0000] {processor.py:830} INFO - Processing file /home/airflow/.local/lib/python3.12/site-packages/airflow/example_dags/example_bash_decorator.py for tasks to queue
[2024-05-15T12:39:52.376+0000] {logging_mixin.py:188} INFO - [2024-05-15T12:39:52.376+0000] {dagbag.py:545} INFO - Filling up the DagBag from /home/airflow/.local/lib/python3.12/site-packages/airflow/example_dags/example_bash_decorator.py
[2024-05-15T12:39:52.396+0000] {processor.py:840} INFO - DAG(s) 'example_bash_decorator' retrieved from /home/airflow/.local/lib/python3.12/site-packages/airflow/example_dags/example_bash_decorator.py
[2024-05-15T12:39:52.620+0000] {logging_mixin.py:188} INFO - [2024-05-15T12:39:52.619+0000] {override.py:1829} INFO - Created Permission View: can delete on DAG:example_bash_decorator
[2024-05-15T12:39:52.635+0000] {logging_mixin.py:188} INFO - [2024-05-15T12:39:52.635+0000] {override.py:1829} INFO - Created Permission View: can read on DAG:example_bash_decorator
[2024-05-15T12:39:52.652+0000] {logging_mixin.py:188} INFO - [2024-05-15T12:39:52.652+0000] {override.py:1829} INFO - Created Permission View: can edit on DAG:example_bash_decorator
[2024-05-15T12:39:52.653+0000] {logging_mixin.py:188} INFO - [2024-05-15T12:39:52.653+0000] {dag.py:3096} INFO - Sync 1 DAGs
[2024-05-15T12:39:52.666+0000] {logging_mixin.py:188} INFO - [2024-05-15T12:39:52.666+0000] {dag.py:3118} INFO - Creating ORM DAG for example_bash_decorator
[2024-05-15T12:39:52.667+0000] {logging_mixin.py:188} INFO - [2024-05-15T12:39:52.667+0000] {dag.py:3954} INFO - Setting next_dagrun for example_bash_decorator to None, run_after=None
[2024-05-15T12:39:52.692+0000] {processor.py:183} INFO - Processing /home/airflow/.local/lib/python3.12/site-packages/airflow/example_dags/example_bash_decorator.py took 0.330 seconds
[2024-05-15T12:40:23.525+0000] {processor.py:161} INFO - Started process (PID=112) to work on /home/airflow/.local/lib/python3.12/site-packages/airflow/example_dags/example_bash_decorator.py
[2024-05-15T12:40:23.527+0000] {processor.py:830} INFO - Processing file /home/airflow/.local/lib/python3.12/site-packages/airflow/example_dags/example_bash_decorator.py for tasks to queue
[2024-05-15T12:40:23.529+0000] {logging_mixin.py:188} INFO - [2024-05-15T12:40:23.529+0000] {dagbag.py:545} INFO - Filling up the DagBag from /home/airflow/.local/lib/python3.12/site-packages/airflow/example_dags/example_bash_decorator.py
[2024-05-15T12:40:23.542+0000] {processor.py:840} INFO - DAG(s) 'example_bash_decorator' retrieved from /home/airflow/.local/lib/python3.12/site-packages/airflow/example_dags/example_bash_decorator.py
[2024-05-15T12:40:23.562+0000] {logging_mixin.py:188} INFO - [2024-05-15T12:40:23.562+0000] {dag.py:3096} INFO - Sync 1 DAGs
[2024-05-15T12:40:23.574+0000] {logging_mixin.py:188} INFO - [2024-05-15T12:40:23.574+0000] {dag.py:3954} INFO - Setting next_dagrun for example_bash_decorator to None, run_after=None
[2024-05-15T12:40:23.593+0000] {processor.py:183} INFO - Processing /home/airflow/.local/lib/python3.12/site-packages/airflow/example_dags/example_bash_decorator.py took 0.073 seconds
[2024-05-15T12:40:53.821+0000] {processor.py:161} INFO - Started process (PID=170) to work on /home/airflow/.local/lib/python3.12/site-packages/airflow/example_dags/example_bash_decorator.py
[2024-05-15T12:40:53.823+0000] {processor.py:830} INFO - Processing file /home/airflow/.local/lib/python3.12/site-packages/airflow/example_dags/example_bash_decorator.py for tasks to queue
[2024-05-15T12:40:53.825+0000] {logging_mixin.py:188} INFO - [2024-05-15T12:40:53.825+0000] {dagbag.py:545} INFO - Filling up the DagBag from /home/airflow/.local/lib/python3.12/site-packages/airflow/example_dags/example_bash_decorator.py
[2024-05-15T12:40:53.838+0000] {processor.py:840} INFO - DAG(s) 'example_bash_decorator' retrieved from /home/airflow/.local/lib/python3.12/site-packages/airflow/example_dags/example_bash_decorator.py
[2024-05-15T12:40:53.857+0000] {logging_mixin.py:188} INFO - [2024-05-15T12:40:53.857+0000] {dag.py:3096} INFO - Sync 1 DAGs
[2024-05-15T12:40:53.868+0000] {logging_mixin.py:188} INFO - [2024-05-15T12:40:53.867+0000] {dag.py:3954} INFO - Setting next_dagrun for example_bash_decorator to None, run_after=None
[2024-05-15T12:40:53.886+0000] {processor.py:183} INFO - Processing /home/airflow/.local/lib/python3.12/site-packages/airflow/example_dags/example_bash_decorator.py took 0.070 seconds
