[2024-05-15T12:39:52.784+0000] {processor.py:161} INFO - Started process (PID=57) to work on /home/airflow/.local/lib/python3.12/site-packages/airflow/example_dags/example_complex.py
[2024-05-15T12:39:52.786+0000] {processor.py:830} INFO - Processing file /home/airflow/.local/lib/python3.12/site-packages/airflow/example_dags/example_complex.py for tasks to queue
[2024-05-15T12:39:52.789+0000] {logging_mixin.py:188} INFO - [2024-05-15T12:39:52.789+0000] {dagbag.py:545} INFO - Filling up the DagBag from /home/airflow/.local/lib/python3.12/site-packages/airflow/example_dags/example_complex.py
[2024-05-15T12:39:52.818+0000] {processor.py:840} INFO - DAG(s) 'example_complex' retrieved from /home/airflow/.local/lib/python3.12/site-packages/airflow/example_dags/example_complex.py
[2024-05-15T12:39:52.992+0000] {logging_mixin.py:188} INFO - [2024-05-15T12:39:52.991+0000] {override.py:1829} INFO - Created Permission View: can delete on DAG:example_complex
[2024-05-15T12:39:53.006+0000] {logging_mixin.py:188} INFO - [2024-05-15T12:39:53.005+0000] {override.py:1829} INFO - Created Permission View: can read on DAG:example_complex
[2024-05-15T12:39:53.013+0000] {logging_mixin.py:188} INFO - [2024-05-15T12:39:53.013+0000] {override.py:1829} INFO - Created Permission View: can edit on DAG:example_complex
[2024-05-15T12:39:53.015+0000] {logging_mixin.py:188} INFO - [2024-05-15T12:39:53.014+0000] {dag.py:3096} INFO - Sync 1 DAGs
[2024-05-15T12:39:53.030+0000] {logging_mixin.py:188} INFO - [2024-05-15T12:39:53.030+0000] {dag.py:3118} INFO - Creating ORM DAG for example_complex
[2024-05-15T12:39:53.032+0000] {logging_mixin.py:188} INFO - [2024-05-15T12:39:53.032+0000] {dag.py:3954} INFO - Setting next_dagrun for example_complex to None, run_after=None
[2024-05-15T12:39:53.062+0000] {processor.py:183} INFO - Processing /home/airflow/.local/lib/python3.12/site-packages/airflow/example_dags/example_complex.py took 0.284 seconds
[2024-05-15T12:40:23.867+0000] {processor.py:161} INFO - Started process (PID=115) to work on /home/airflow/.local/lib/python3.12/site-packages/airflow/example_dags/example_complex.py
[2024-05-15T12:40:23.869+0000] {processor.py:830} INFO - Processing file /home/airflow/.local/lib/python3.12/site-packages/airflow/example_dags/example_complex.py for tasks to queue
[2024-05-15T12:40:23.872+0000] {logging_mixin.py:188} INFO - [2024-05-15T12:40:23.872+0000] {dagbag.py:545} INFO - Filling up the DagBag from /home/airflow/.local/lib/python3.12/site-packages/airflow/example_dags/example_complex.py
[2024-05-15T12:40:23.882+0000] {processor.py:840} INFO - DAG(s) 'example_complex' retrieved from /home/airflow/.local/lib/python3.12/site-packages/airflow/example_dags/example_complex.py
[2024-05-15T12:40:23.916+0000] {logging_mixin.py:188} INFO - [2024-05-15T12:40:23.916+0000] {dag.py:3096} INFO - Sync 1 DAGs
[2024-05-15T12:40:23.934+0000] {logging_mixin.py:188} INFO - [2024-05-15T12:40:23.934+0000] {dag.py:3954} INFO - Setting next_dagrun for example_complex to None, run_after=None
[2024-05-15T12:40:23.964+0000] {processor.py:183} INFO - Processing /home/airflow/.local/lib/python3.12/site-packages/airflow/example_dags/example_complex.py took 0.103 seconds
[2024-05-15T12:40:54.196+0000] {processor.py:161} INFO - Started process (PID=173) to work on /home/airflow/.local/lib/python3.12/site-packages/airflow/example_dags/example_complex.py
[2024-05-15T12:40:54.198+0000] {processor.py:830} INFO - Processing file /home/airflow/.local/lib/python3.12/site-packages/airflow/example_dags/example_complex.py for tasks to queue
[2024-05-15T12:40:54.200+0000] {logging_mixin.py:188} INFO - [2024-05-15T12:40:54.200+0000] {dagbag.py:545} INFO - Filling up the DagBag from /home/airflow/.local/lib/python3.12/site-packages/airflow/example_dags/example_complex.py
[2024-05-15T12:40:54.210+0000] {processor.py:840} INFO - DAG(s) 'example_complex' retrieved from /home/airflow/.local/lib/python3.12/site-packages/airflow/example_dags/example_complex.py
[2024-05-15T12:40:54.240+0000] {logging_mixin.py:188} INFO - [2024-05-15T12:40:54.240+0000] {dag.py:3096} INFO - Sync 1 DAGs
[2024-05-15T12:40:54.252+0000] {logging_mixin.py:188} INFO - [2024-05-15T12:40:54.252+0000] {dag.py:3954} INFO - Setting next_dagrun for example_complex to None, run_after=None
[2024-05-15T12:40:54.272+0000] {processor.py:183} INFO - Processing /home/airflow/.local/lib/python3.12/site-packages/airflow/example_dags/example_complex.py took 0.082 seconds
