[2024-05-15T12:39:54.490+0000] {processor.py:161} INFO - Started process (PID=62) to work on /home/airflow/.local/lib/python3.12/site-packages/airflow/example_dags/example_sensor_decorator.py
[2024-05-15T12:39:54.492+0000] {processor.py:830} INFO - Processing file /home/airflow/.local/lib/python3.12/site-packages/airflow/example_dags/example_sensor_decorator.py for tasks to queue
[2024-05-15T12:39:54.494+0000] {logging_mixin.py:188} INFO - [2024-05-15T12:39:54.494+0000] {dagbag.py:545} INFO - Filling up the DagBag from /home/airflow/.local/lib/python3.12/site-packages/airflow/example_dags/example_sensor_decorator.py
[2024-05-15T12:39:54.526+0000] {processor.py:840} INFO - DAG(s) 'example_sensor_decorator' retrieved from /home/airflow/.local/lib/python3.12/site-packages/airflow/example_dags/example_sensor_decorator.py
[2024-05-15T12:39:54.723+0000] {logging_mixin.py:188} INFO - [2024-05-15T12:39:54.721+0000] {override.py:1829} INFO - Created Permission View: can delete on DAG:example_sensor_decorator
[2024-05-15T12:39:54.735+0000] {logging_mixin.py:188} INFO - [2024-05-15T12:39:54.735+0000] {override.py:1829} INFO - Created Permission View: can read on DAG:example_sensor_decorator
[2024-05-15T12:39:54.743+0000] {logging_mixin.py:188} INFO - [2024-05-15T12:39:54.742+0000] {override.py:1829} INFO - Created Permission View: can edit on DAG:example_sensor_decorator
[2024-05-15T12:39:54.744+0000] {logging_mixin.py:188} INFO - [2024-05-15T12:39:54.744+0000] {dag.py:3096} INFO - Sync 1 DAGs
[2024-05-15T12:39:54.764+0000] {logging_mixin.py:188} INFO - [2024-05-15T12:39:54.764+0000] {dag.py:3118} INFO - Creating ORM DAG for example_sensor_decorator
[2024-05-15T12:39:54.767+0000] {logging_mixin.py:188} INFO - [2024-05-15T12:39:54.767+0000] {dag.py:3954} INFO - Setting next_dagrun for example_sensor_decorator to None, run_after=None
[2024-05-15T12:39:54.795+0000] {processor.py:183} INFO - Processing /home/airflow/.local/lib/python3.12/site-packages/airflow/example_dags/example_sensor_decorator.py took 0.312 seconds
[2024-05-15T12:40:25.153+0000] {processor.py:161} INFO - Started process (PID=120) to work on /home/airflow/.local/lib/python3.12/site-packages/airflow/example_dags/example_sensor_decorator.py
[2024-05-15T12:40:25.154+0000] {processor.py:830} INFO - Processing file /home/airflow/.local/lib/python3.12/site-packages/airflow/example_dags/example_sensor_decorator.py for tasks to queue
[2024-05-15T12:40:25.156+0000] {logging_mixin.py:188} INFO - [2024-05-15T12:40:25.156+0000] {dagbag.py:545} INFO - Filling up the DagBag from /home/airflow/.local/lib/python3.12/site-packages/airflow/example_dags/example_sensor_decorator.py
[2024-05-15T12:40:25.162+0000] {processor.py:840} INFO - DAG(s) 'example_sensor_decorator' retrieved from /home/airflow/.local/lib/python3.12/site-packages/airflow/example_dags/example_sensor_decorator.py
[2024-05-15T12:40:25.181+0000] {logging_mixin.py:188} INFO - [2024-05-15T12:40:25.181+0000] {dag.py:3096} INFO - Sync 1 DAGs
[2024-05-15T12:40:25.193+0000] {logging_mixin.py:188} INFO - [2024-05-15T12:40:25.193+0000] {dag.py:3954} INFO - Setting next_dagrun for example_sensor_decorator to None, run_after=None
[2024-05-15T12:40:25.212+0000] {processor.py:183} INFO - Processing /home/airflow/.local/lib/python3.12/site-packages/airflow/example_dags/example_sensor_decorator.py took 0.065 seconds
[2024-05-15T12:40:55.349+0000] {processor.py:161} INFO - Started process (PID=178) to work on /home/airflow/.local/lib/python3.12/site-packages/airflow/example_dags/example_sensor_decorator.py
[2024-05-15T12:40:55.350+0000] {processor.py:830} INFO - Processing file /home/airflow/.local/lib/python3.12/site-packages/airflow/example_dags/example_sensor_decorator.py for tasks to queue
[2024-05-15T12:40:55.353+0000] {logging_mixin.py:188} INFO - [2024-05-15T12:40:55.352+0000] {dagbag.py:545} INFO - Filling up the DagBag from /home/airflow/.local/lib/python3.12/site-packages/airflow/example_dags/example_sensor_decorator.py
[2024-05-15T12:40:55.359+0000] {processor.py:840} INFO - DAG(s) 'example_sensor_decorator' retrieved from /home/airflow/.local/lib/python3.12/site-packages/airflow/example_dags/example_sensor_decorator.py
[2024-05-15T12:40:55.380+0000] {logging_mixin.py:188} INFO - [2024-05-15T12:40:55.380+0000] {dag.py:3096} INFO - Sync 1 DAGs
[2024-05-15T12:40:55.394+0000] {logging_mixin.py:188} INFO - [2024-05-15T12:40:55.393+0000] {dag.py:3954} INFO - Setting next_dagrun for example_sensor_decorator to None, run_after=None
[2024-05-15T12:40:55.415+0000] {processor.py:183} INFO - Processing /home/airflow/.local/lib/python3.12/site-packages/airflow/example_dags/example_sensor_decorator.py took 0.072 seconds
